[2025-12-02T21:45:06.737+0000] {local_task_job_runner.py:123} INFO - ::group::Pre task execution logs
[2025-12-02T21:45:06.743+0000] {taskinstance.py:2612} INFO - Dependencies all met for dep_context=non-requeueable deps ti=<TaskInstance: elt_dbt_downstream.wait_for_TrainPredict manual__2025-12-02T21:45:06.228398+00:00 [queued]>
[2025-12-02T21:45:06.745+0000] {taskinstance.py:2612} INFO - Dependencies all met for dep_context=requeueable deps ti=<TaskInstance: elt_dbt_downstream.wait_for_TrainPredict manual__2025-12-02T21:45:06.228398+00:00 [queued]>
[2025-12-02T21:45:06.745+0000] {taskinstance.py:2865} INFO - Starting attempt 1 of 2
[2025-12-02T21:45:06.749+0000] {taskinstance.py:2888} INFO - Executing <Task(ExternalTaskSensor): wait_for_TrainPredict> on 2025-12-02 21:45:06.228398+00:00
[2025-12-02T21:45:06.752+0000] {standard_task_runner.py:104} INFO - Running: ['***', 'tasks', 'run', 'elt_dbt_downstream', 'wait_for_TrainPredict', 'manual__2025-12-02T21:45:06.228398+00:00', '--job-id', '110', '--raw', '--subdir', 'DAGS_FOLDER/elt_dbt_downstream.py', '--cfg-path', '/tmp/tmpeoumkf2j']
[2025-12-02T21:45:06.753+0000] {standard_task_runner.py:105} INFO - Job 110: Subtask wait_for_TrainPredict
[2025-12-02T21:45:06.753+0000] {logging_mixin.py:190} WARNING - /home/***/.local/lib/python3.12/site-packages/***/task/task_runner/standard_task_runner.py:70 DeprecationWarning: This process (pid=518) is multi-threaded, use of fork() may lead to deadlocks in the child.
[2025-12-02T21:45:06.754+0000] {standard_task_runner.py:72} INFO - Started process 519 to run task
[2025-12-02T21:45:06.767+0000] {task_command.py:467} INFO - Running <TaskInstance: elt_dbt_downstream.wait_for_TrainPredict manual__2025-12-02T21:45:06.228398+00:00 [running]> on host 0178cd4bc9d5
[2025-12-02T21:45:06.793+0000] {taskinstance.py:3131} INFO - Exporting env vars: AIRFLOW_CTX_DAG_OWNER='***' AIRFLOW_CTX_DAG_ID='elt_dbt_downstream' AIRFLOW_CTX_TASK_ID='wait_for_TrainPredict' AIRFLOW_CTX_EXECUTION_DATE='2025-12-02T21:45:06.228398+00:00' AIRFLOW_CTX_TRY_NUMBER='1' AIRFLOW_CTX_DAG_RUN_ID='manual__2025-12-02T21:45:06.228398+00:00'
[2025-12-02T21:45:06.793+0000] {taskinstance.py:731} INFO - ::endgroup::
[2025-12-02T21:45:06.798+0000] {baseoperator.py:405} WARNING - ExternalTaskSensor.execute cannot be called outside TaskInstance!
[2025-12-02T21:45:06.798+0000] {external_task.py:274} INFO - Poking for DAG 'TrainPredict' on 2025-12-02T21:15:06.228398+00:00 ... 
[2025-12-02T21:45:06.800+0000] {logging_mixin.py:190} WARNING - /home/***/.local/lib/python3.12/site-packages/***/utils/session.py:97 DeprecationWarning: This method is deprecated and will be removed in future.
[2025-12-02T21:46:06.806+0000] {external_task.py:274} INFO - Poking for DAG 'TrainPredict' on 2025-12-02T21:15:06.228398+00:00 ... 
[2025-12-02T21:47:06.825+0000] {external_task.py:274} INFO - Poking for DAG 'TrainPredict' on 2025-12-02T21:15:06.228398+00:00 ... 
[2025-12-02T21:48:06.844+0000] {external_task.py:274} INFO - Poking for DAG 'TrainPredict' on 2025-12-02T21:15:06.228398+00:00 ... 
[2025-12-02T21:48:23.349+0000] {local_task_job_runner.py:346} WARNING - State of this instance has been externally set to success. Terminating instance.
[2025-12-02T21:48:23.351+0000] {local_task_job_runner.py:245} INFO - ::endgroup::
[2025-12-02T21:48:23.352+0000] {process_utils.py:132} INFO - Sending 15 to group 519. PIDs of all processes in the group: [519]
[2025-12-02T21:48:23.353+0000] {process_utils.py:87} INFO - Sending the signal 15 to group 519
[2025-12-02T21:48:23.354+0000] {taskinstance.py:3092} ERROR - Received SIGTERM. Terminating subprocesses.
[2025-12-02T21:48:23.375+0000] {taskinstance.py:340} INFO - ::group::Post task execution logs
[2025-12-02T21:48:23.384+0000] {process_utils.py:80} INFO - Process psutil.Process(pid=519, status='terminated', exitcode=0, started='21:45:06') (519) terminated with exit code 0
