[2025-11-23T03:10:18.435+0000] {local_task_job_runner.py:123} INFO - ::group::Pre task execution logs
[2025-11-23T03:10:18.439+0000] {taskinstance.py:2612} INFO - Dependencies all met for dep_context=non-requeueable deps ti=<TaskInstance: market_data_ingest.load_stage_full scheduled__2025-11-22T02:30:00+00:00 [queued]>
[2025-11-23T03:10:18.442+0000] {taskinstance.py:2612} INFO - Dependencies all met for dep_context=requeueable deps ti=<TaskInstance: market_data_ingest.load_stage_full scheduled__2025-11-22T02:30:00+00:00 [queued]>
[2025-11-23T03:10:18.442+0000] {taskinstance.py:2865} INFO - Starting attempt 1 of 2
[2025-11-23T03:10:18.445+0000] {taskinstance.py:2888} INFO - Executing <Task(PythonOperator): load_stage_full> on 2025-11-22 02:30:00+00:00
[2025-11-23T03:10:18.449+0000] {logging_mixin.py:190} WARNING - /home/***/.local/lib/python3.12/site-packages/***/task/task_runner/standard_task_runner.py:70 DeprecationWarning: This process (pid=4406) is multi-threaded, use of fork() may lead to deadlocks in the child.
[2025-11-23T03:10:18.449+0000] {standard_task_runner.py:72} INFO - Started process 4409 to run task
[2025-11-23T03:10:18.449+0000] {standard_task_runner.py:104} INFO - Running: ['***', 'tasks', 'run', 'market_data_ingest', 'load_stage_full', 'scheduled__2025-11-22T02:30:00+00:00', '--job-id', '27', '--raw', '--subdir', 'DAGS_FOLDER/market_data_ingest.py', '--cfg-path', '/tmp/tmp1oi9cvkh']
[2025-11-23T03:10:18.451+0000] {standard_task_runner.py:105} INFO - Job 27: Subtask load_stage_full
[2025-11-23T03:10:18.467+0000] {task_command.py:467} INFO - Running <TaskInstance: market_data_ingest.load_stage_full scheduled__2025-11-22T02:30:00+00:00 [running]> on host fdac057bd921
[2025-11-23T03:10:18.490+0000] {taskinstance.py:3131} INFO - Exporting env vars: AIRFLOW_CTX_DAG_OWNER='data' AIRFLOW_CTX_DAG_ID='market_data_ingest' AIRFLOW_CTX_TASK_ID='load_stage_full' AIRFLOW_CTX_EXECUTION_DATE='2025-11-22T02:30:00+00:00' AIRFLOW_CTX_TRY_NUMBER='1' AIRFLOW_CTX_DAG_RUN_ID='scheduled__2025-11-22T02:30:00+00:00'
[2025-11-23T03:10:18.491+0000] {taskinstance.py:731} INFO - ::endgroup::
[2025-11-23T03:10:29.315+0000] {multi.py:185} ERROR - 
1 Failed download:
[2025-11-23T03:10:29.317+0000] {multi.py:198} ERROR - ['SPY']: Timeout('Failed to perform, curl: (28) Operation timed out after 10008 milliseconds with 0 bytes received. See https://curl.se/libcurl/c/libcurl-errors.html first for more details.')
[2025-11-23T04:11:18.317+0000] {multi.py:185} ERROR - 
1 Failed download:
[2025-11-23T04:11:18.318+0000] {multi.py:198} ERROR - ['XLK']: Timeout('Failed to perform, curl: (28) Operation timed out after 10003 milliseconds with 0 bytes received. See https://curl.se/libcurl/c/libcurl-errors.html first for more details.')
[2025-11-23T04:11:22.096+0000] {job.py:229} INFO - Heartbeat recovered after 3643.44 seconds
[2025-11-23T04:11:22.180+0000] {base.py:84} INFO - Retrieving connection 'snowflake_conn'
[2025-11-23T04:11:22.182+0000] {connection.py:413} INFO - Snowflake Connector for Python Version: 3.12.1, Python Version: 3.12.5, Platform: Linux-6.10.14-linuxkit-aarch64-with-glibc2.36
[2025-11-23T04:11:22.183+0000] {connection.py:1196} INFO - Connecting to GLOBAL Snowflake domain
[2025-11-23T04:11:22.184+0000] {connection.py:1277} INFO - This connection is in OCSP Fail Open Mode. TLS Certificates would be checked for validity and revocation status. Any other Certificate Revocation related exceptions or OCSP Responder failures would be disregarded in favor of connectivity.
[2025-11-23T04:11:22.978+0000] {cursor.py:1156} INFO - Number of results in first chunk: 1
[2025-11-23T04:11:26.134+0000] {cursor.py:1156} INFO - Number of results in first chunk: 1
[2025-11-23T04:11:26.136+0000] {connection.py:788} INFO - closed
[2025-11-23T04:11:26.216+0000] {connection.py:794} INFO - No async queries seem to be running, deleting session
[2025-11-23T04:11:26.441+0000] {python.py:240} INFO - Done. Returned value was: None
[2025-11-23T04:11:26.452+0000] {taskinstance.py:340} INFO - ::group::Post task execution logs
[2025-11-23T04:11:26.452+0000] {taskinstance.py:352} INFO - Marking task as SUCCESS. dag_id=market_data_ingest, task_id=load_stage_full, run_id=scheduled__2025-11-22T02:30:00+00:00, execution_date=20251122T023000, start_date=20251123T031018, end_date=20251123T041126
[2025-11-23T04:11:26.481+0000] {local_task_job_runner.py:266} INFO - Task exited with return code 0
[2025-11-23T04:11:26.488+0000] {logging_mixin.py:190} WARNING - /home/***/.local/lib/python3.12/site-packages/***/models/baseoperator.py:1378 AirflowProviderDeprecationWarning: Call to deprecated class SnowflakeOperator. (This class is deprecated. Please use `***.providers.common.sql.operators.sql.SQLExecuteQueryOperator`. Also, you can provide `hook_params={'warehouse': <warehouse>, 'database': <database>, 'role': <role>, 'schema': <schema>, 'authenticator': <authenticator>,'session_parameters': <session_parameters>}`.)
[2025-11-23T04:11:26.500+0000] {taskinstance.py:3900} INFO - 1 downstream tasks scheduled from follow-on schedule check
[2025-11-23T04:11:26.501+0000] {local_task_job_runner.py:245} INFO - ::endgroup::
