[2025-12-05T03:30:00.804+0000] {local_task_job_runner.py:123} INFO - ::group::Pre task execution logs
[2025-12-05T03:30:00.813+0000] {taskinstance.py:2612} INFO - Dependencies all met for dep_context=non-requeueable deps ti=<TaskInstance: elt_dbt_upstream.dbt_seed scheduled__2025-12-04T03:00:00+00:00 [queued]>
[2025-12-05T03:30:00.817+0000] {taskinstance.py:2612} INFO - Dependencies all met for dep_context=requeueable deps ti=<TaskInstance: elt_dbt_upstream.dbt_seed scheduled__2025-12-04T03:00:00+00:00 [queued]>
[2025-12-05T03:30:00.817+0000] {taskinstance.py:2865} INFO - Starting attempt 1 of 2
[2025-12-05T03:30:00.821+0000] {taskinstance.py:2888} INFO - Executing <Task(BashOperator): dbt_seed> on 2025-12-04 03:00:00+00:00
[2025-12-05T03:30:00.825+0000] {standard_task_runner.py:104} INFO - Running: ['***', 'tasks', 'run', 'elt_dbt_upstream', 'dbt_seed', 'scheduled__2025-12-04T03:00:00+00:00', '--job-id', '200', '--raw', '--subdir', 'DAGS_FOLDER/elt_dbt_upstream.py', '--cfg-path', '/tmp/tmp4uwdt6_8']
[2025-12-05T03:30:00.826+0000] {logging_mixin.py:190} WARNING - /home/***/.local/lib/python3.12/site-packages/***/task/task_runner/standard_task_runner.py:70 DeprecationWarning: This process (pid=2687) is multi-threaded, use of fork() may lead to deadlocks in the child.
[2025-12-05T03:30:00.826+0000] {standard_task_runner.py:105} INFO - Job 200: Subtask dbt_seed
[2025-12-05T03:30:00.826+0000] {standard_task_runner.py:72} INFO - Started process 2689 to run task
[2025-12-05T03:30:00.842+0000] {task_command.py:467} INFO - Running <TaskInstance: elt_dbt_upstream.dbt_seed scheduled__2025-12-04T03:00:00+00:00 [running]> on host 3a991512098d
[2025-12-05T03:30:00.870+0000] {taskinstance.py:3131} INFO - Exporting env vars: AIRFLOW_CTX_DAG_OWNER='***' AIRFLOW_CTX_DAG_ID='elt_dbt_upstream' AIRFLOW_CTX_TASK_ID='dbt_seed' AIRFLOW_CTX_EXECUTION_DATE='2025-12-04T03:00:00+00:00' AIRFLOW_CTX_TRY_NUMBER='1' AIRFLOW_CTX_DAG_RUN_ID='scheduled__2025-12-04T03:00:00+00:00'
[2025-12-05T03:30:00.871+0000] {taskinstance.py:731} INFO - ::endgroup::
[2025-12-05T03:30:00.877+0000] {subprocess.py:63} INFO - Tmp dir root location: /tmp
[2025-12-05T03:30:00.877+0000] {subprocess.py:75} INFO - Running command: ['/usr/bin/bash', '-c', 'set -euo pipefail;cd /opt/***/dbt/stock_analytics && dbt seed --profiles-dir /opt/***/dbt']
[2025-12-05T03:30:00.881+0000] {subprocess.py:86} INFO - Output:
[2025-12-05T03:30:01.790+0000] {subprocess.py:93} INFO - [0m03:30:01  Running with dbt=1.11.0-rc1
[2025-12-05T03:30:01.957+0000] {subprocess.py:93} INFO - [0m03:30:01  Registered adapter: snowflake=1.10.3
[2025-12-05T03:30:02.169+0000] {subprocess.py:93} INFO - [0m03:30:02  Found 6 models, 30 data tests, 1 seed, 2 sources, 504 macros
[2025-12-05T03:30:02.170+0000] {subprocess.py:93} INFO - [0m03:30:02
[2025-12-05T03:30:02.171+0000] {subprocess.py:93} INFO - [0m03:30:02  Concurrency: 4 threads (target='dev')
[2025-12-05T03:30:02.171+0000] {subprocess.py:93} INFO - [0m03:30:02
[2025-12-05T03:30:04.398+0000] {subprocess.py:93} INFO - [0m03:30:04  1 of 1 START seed file PUBLIC_SEEDS.sector_metadata ............................ [RUN]
[2025-12-05T03:30:08.196+0000] {subprocess.py:93} INFO - [0m03:30:08  1 of 1 OK loaded seed file PUBLIC_SEEDS.sector_metadata ........................ [[32mINSERT 11[0m in 3.80s]
[2025-12-05T03:30:08.780+0000] {subprocess.py:93} INFO - [0m03:30:08
[2025-12-05T03:30:08.781+0000] {subprocess.py:93} INFO - [0m03:30:08  Finished running 1 seed in 0 hours 0 minutes and 6.61 seconds (6.61s).
[2025-12-05T03:30:08.814+0000] {subprocess.py:93} INFO - [0m03:30:08
[2025-12-05T03:30:08.815+0000] {subprocess.py:93} INFO - [0m03:30:08  [32mCompleted successfully[0m
[2025-12-05T03:30:08.815+0000] {subprocess.py:93} INFO - [0m03:30:08
[2025-12-05T03:30:08.815+0000] {subprocess.py:93} INFO - [0m03:30:08  Done. PASS=1 WARN=0 ERROR=0 SKIP=0 NO-OP=0 TOTAL=1
[2025-12-05T03:30:09.428+0000] {subprocess.py:97} INFO - Command exited with return code 0
[2025-12-05T03:30:09.446+0000] {taskinstance.py:340} INFO - ::group::Post task execution logs
[2025-12-05T03:30:09.446+0000] {taskinstance.py:352} INFO - Marking task as SUCCESS. dag_id=elt_dbt_upstream, task_id=dbt_seed, run_id=scheduled__2025-12-04T03:00:00+00:00, execution_date=20251204T030000, start_date=20251205T033000, end_date=20251205T033009
[2025-12-05T03:30:09.475+0000] {local_task_job_runner.py:266} INFO - Task exited with return code 0
[2025-12-05T03:30:09.493+0000] {taskinstance.py:3900} INFO - 1 downstream tasks scheduled from follow-on schedule check
[2025-12-05T03:30:09.493+0000] {local_task_job_runner.py:245} INFO - ::endgroup::
