[2025-12-02T20:48:28.600+0000] {local_task_job_runner.py:123} INFO - ::group::Pre task execution logs
[2025-12-02T20:48:28.605+0000] {taskinstance.py:2612} INFO - Dependencies all met for dep_context=non-requeueable deps ti=<TaskInstance: market_data_ingest.dq_no_dupes manual__2025-12-02T20:48:11.367750+00:00 [queued]>
[2025-12-02T20:48:28.608+0000] {taskinstance.py:2612} INFO - Dependencies all met for dep_context=requeueable deps ti=<TaskInstance: market_data_ingest.dq_no_dupes manual__2025-12-02T20:48:11.367750+00:00 [queued]>
[2025-12-02T20:48:28.610+0000] {taskinstance.py:2865} INFO - Starting attempt 1 of 2
[2025-12-02T20:48:28.616+0000] {taskinstance.py:2888} INFO - Executing <Task(SnowflakeOperator): dq_no_dupes> on 2025-12-02 20:48:11.367750+00:00
[2025-12-02T20:48:28.620+0000] {logging_mixin.py:190} WARNING - /home/***/.local/lib/python3.12/site-packages/***/task/task_runner/standard_task_runner.py:70 DeprecationWarning: This process (pid=543) is multi-threaded, use of fork() may lead to deadlocks in the child.
[2025-12-02T20:48:28.620+0000] {standard_task_runner.py:72} INFO - Started process 566 to run task
[2025-12-02T20:48:28.620+0000] {standard_task_runner.py:104} INFO - Running: ['***', 'tasks', 'run', 'market_data_ingest', 'dq_no_dupes', 'manual__2025-12-02T20:48:11.367750+00:00', '--job-id', '79', '--raw', '--subdir', 'DAGS_FOLDER/market_data_ingest.py', '--cfg-path', '/tmp/tmpfhuu0as3']
[2025-12-02T20:48:28.621+0000] {standard_task_runner.py:105} INFO - Job 79: Subtask dq_no_dupes
[2025-12-02T20:48:28.635+0000] {task_command.py:467} INFO - Running <TaskInstance: market_data_ingest.dq_no_dupes manual__2025-12-02T20:48:11.367750+00:00 [running]> on host 2e122a66e6c3
[2025-12-02T20:48:28.747+0000] {taskinstance.py:3131} INFO - Exporting env vars: AIRFLOW_CTX_DAG_OWNER='data' AIRFLOW_CTX_DAG_ID='market_data_ingest' AIRFLOW_CTX_TASK_ID='dq_no_dupes' AIRFLOW_CTX_EXECUTION_DATE='2025-12-02T20:48:11.367750+00:00' AIRFLOW_CTX_TRY_NUMBER='1' AIRFLOW_CTX_DAG_RUN_ID='manual__2025-12-02T20:48:11.367750+00:00'
[2025-12-02T20:48:28.748+0000] {taskinstance.py:731} INFO - ::endgroup::
[2025-12-02T20:48:28.752+0000] {sql.py:266} INFO - Executing: select count(*) from (select SYMBOL, DATE from "USER_DB_OSTRICH"."RAW"."MARKET_DATA" group by 1,2 having count(*) > 1) having count(*) = 0
[2025-12-02T20:48:28.755+0000] {base.py:84} INFO - Retrieving connection 'snowflake_conn'
[2025-12-02T20:48:28.758+0000] {base.py:84} INFO - Retrieving connection 'snowflake_conn'
[2025-12-02T20:48:28.758+0000] {connection.py:413} INFO - Snowflake Connector for Python Version: 3.12.1, Python Version: 3.12.5, Platform: Linux-6.10.14-linuxkit-aarch64-with-glibc2.36
[2025-12-02T20:48:28.758+0000] {connection.py:1196} INFO - Connecting to GLOBAL Snowflake domain
[2025-12-02T20:48:28.758+0000] {connection.py:1277} INFO - This connection is in OCSP Fail Open Mode. TLS Certificates would be checked for validity and revocation status. Any other Certificate Revocation related exceptions or OCSP Responder failures would be disregarded in favor of connectivity.
[2025-12-02T20:48:29.216+0000] {cursor.py:1156} INFO - Number of results in first chunk: 1
[2025-12-02T20:48:29.216+0000] {sql.py:509} INFO - Running statement: select count(*) from (select SYMBOL, DATE from "USER_DB_OSTRICH"."RAW"."MARKET_DATA" group by 1,2 having count(*) > 1) having count(*) = 0, parameters: None
[2025-12-02T20:48:29.524+0000] {cursor.py:1156} INFO - Number of results in first chunk: 1
[2025-12-02T20:48:29.525+0000] {sql.py:518} INFO - Rows affected: 1
[2025-12-02T20:48:29.525+0000] {snowflake.py:422} INFO - Rows affected: 1
[2025-12-02T20:48:29.525+0000] {snowflake.py:423} INFO - Snowflake query id: 01c0c9e0-0307-2a92-000f-c0df00a873b6
[2025-12-02T20:48:29.616+0000] {cursor.py:1156} INFO - Number of results in first chunk: 1
[2025-12-02T20:48:29.617+0000] {connection.py:788} INFO - closed
[2025-12-02T20:48:29.668+0000] {connection.py:794} INFO - No async queries seem to be running, deleting session
[2025-12-02T20:48:29.737+0000] {taskinstance.py:340} INFO - ::group::Post task execution logs
[2025-12-02T20:48:29.737+0000] {taskinstance.py:352} INFO - Marking task as SUCCESS. dag_id=market_data_ingest, task_id=dq_no_dupes, run_id=manual__2025-12-02T20:48:11.367750+00:00, execution_date=20251202T204811, start_date=20251202T204828, end_date=20251202T204829
[2025-12-02T20:48:29.769+0000] {local_task_job_runner.py:266} INFO - Task exited with return code 0
[2025-12-02T20:48:29.776+0000] {taskinstance.py:3900} INFO - 0 downstream tasks scheduled from follow-on schedule check
[2025-12-02T20:48:29.776+0000] {local_task_job_runner.py:245} INFO - ::endgroup::
