[2025-11-24T03:11:46.737+0000] {local_task_job_runner.py:123} INFO - ::group::Pre task execution logs
[2025-11-24T03:11:46.748+0000] {taskinstance.py:2612} INFO - Dependencies all met for dep_context=non-requeueable deps ti=<TaskInstance: elt_dbt_upstream.wait_for_market_data_ingest scheduled__2025-11-23T03:00:00+00:00 [queued]>
[2025-11-24T03:11:46.752+0000] {taskinstance.py:2612} INFO - Dependencies all met for dep_context=requeueable deps ti=<TaskInstance: elt_dbt_upstream.wait_for_market_data_ingest scheduled__2025-11-23T03:00:00+00:00 [queued]>
[2025-11-24T03:11:46.752+0000] {taskinstance.py:2865} INFO - Starting attempt 1 of 2
[2025-11-24T03:11:46.757+0000] {taskinstance.py:2888} INFO - Executing <Task(ExternalTaskSensor): wait_for_market_data_ingest> on 2025-11-23 03:00:00+00:00
[2025-11-24T03:11:46.762+0000] {standard_task_runner.py:104} INFO - Running: ['***', 'tasks', 'run', 'elt_dbt_upstream', 'wait_for_market_data_ingest', 'scheduled__2025-11-23T03:00:00+00:00', '--job-id', '38', '--raw', '--subdir', 'DAGS_FOLDER/elt_dbt_upstream.py', '--cfg-path', '/tmp/tmpj4z_7b19']
[2025-11-24T03:11:46.763+0000] {logging_mixin.py:190} WARNING - /home/***/.local/lib/python3.12/site-packages/***/task/task_runner/standard_task_runner.py:70 DeprecationWarning: This process (pid=16662) is multi-threaded, use of fork() may lead to deadlocks in the child.
[2025-11-24T03:11:46.764+0000] {standard_task_runner.py:105} INFO - Job 38: Subtask wait_for_market_data_ingest
[2025-11-24T03:11:46.764+0000] {standard_task_runner.py:72} INFO - Started process 16671 to run task
[2025-11-24T03:11:46.792+0000] {task_command.py:467} INFO - Running <TaskInstance: elt_dbt_upstream.wait_for_market_data_ingest scheduled__2025-11-23T03:00:00+00:00 [running]> on host fdac057bd921
[2025-11-24T03:11:46.848+0000] {taskinstance.py:3131} INFO - Exporting env vars: AIRFLOW_CTX_DAG_OWNER='***' AIRFLOW_CTX_DAG_ID='elt_dbt_upstream' AIRFLOW_CTX_TASK_ID='wait_for_market_data_ingest' AIRFLOW_CTX_EXECUTION_DATE='2025-11-23T03:00:00+00:00' AIRFLOW_CTX_TRY_NUMBER='1' AIRFLOW_CTX_DAG_RUN_ID='scheduled__2025-11-23T03:00:00+00:00'
[2025-11-24T03:11:46.850+0000] {taskinstance.py:731} INFO - ::endgroup::
[2025-11-24T03:11:46.865+0000] {baseoperator.py:405} WARNING - ExternalTaskSensor.execute cannot be called outside TaskInstance!
[2025-11-24T03:11:46.866+0000] {external_task.py:274} INFO - Poking for DAG 'market_data_ingest' on 2025-11-23T02:30:00+00:00 ... 
[2025-11-24T03:11:46.868+0000] {logging_mixin.py:190} WARNING - /home/***/.local/lib/python3.12/site-packages/***/utils/session.py:97 DeprecationWarning: This method is deprecated and will be removed in future.
[2025-11-24T03:39:53.136+0000] {external_task.py:274} INFO - Poking for DAG 'market_data_ingest' on 2025-11-23T02:30:00+00:00 ... 
[2025-11-24T03:39:53.153+0000] {base.py:336} INFO - Success criteria met. Exiting.
[2025-11-24T03:39:53.158+0000] {taskinstance.py:340} INFO - ::group::Post task execution logs
[2025-11-24T03:39:53.159+0000] {taskinstance.py:352} INFO - Marking task as SUCCESS. dag_id=elt_dbt_upstream, task_id=wait_for_market_data_ingest, run_id=scheduled__2025-11-23T03:00:00+00:00, execution_date=20251123T030000, start_date=20251124T031146, end_date=20251124T033953
[2025-11-24T03:39:53.195+0000] {local_task_job_runner.py:266} INFO - Task exited with return code 0
[2025-11-24T03:39:53.213+0000] {taskinstance.py:3900} INFO - 1 downstream tasks scheduled from follow-on schedule check
[2025-11-24T03:39:53.214+0000] {local_task_job_runner.py:245} INFO - ::endgroup::
