[2025-12-05T01:58:12.727+0000] {local_task_job_runner.py:123} INFO - ::group::Pre task execution logs
[2025-12-05T01:58:12.734+0000] {taskinstance.py:2612} INFO - Dependencies all met for dep_context=non-requeueable deps ti=<TaskInstance: elt_dbt_upstream.dbt_seed scheduled__2025-12-03T03:00:00+00:00 [queued]>
[2025-12-05T01:58:12.737+0000] {taskinstance.py:2612} INFO - Dependencies all met for dep_context=requeueable deps ti=<TaskInstance: elt_dbt_upstream.dbt_seed scheduled__2025-12-03T03:00:00+00:00 [queued]>
[2025-12-05T01:58:12.737+0000] {taskinstance.py:2865} INFO - Starting attempt 1 of 2
[2025-12-05T01:58:12.741+0000] {taskinstance.py:2888} INFO - Executing <Task(BashOperator): dbt_seed> on 2025-12-03 03:00:00+00:00
[2025-12-05T01:58:12.744+0000] {standard_task_runner.py:104} INFO - Running: ['***', 'tasks', 'run', 'elt_dbt_upstream', 'dbt_seed', 'scheduled__2025-12-03T03:00:00+00:00', '--job-id', '186', '--raw', '--subdir', 'DAGS_FOLDER/elt_dbt_upstream.py', '--cfg-path', '/tmp/tmpdxh_ckp9']
[2025-12-05T01:58:12.745+0000] {logging_mixin.py:190} WARNING - /home/***/.local/lib/python3.12/site-packages/***/task/task_runner/standard_task_runner.py:70 DeprecationWarning: This process (pid=314) is multi-threaded, use of fork() may lead to deadlocks in the child.
[2025-12-05T01:58:12.745+0000] {standard_task_runner.py:105} INFO - Job 186: Subtask dbt_seed
[2025-12-05T01:58:12.745+0000] {standard_task_runner.py:72} INFO - Started process 315 to run task
[2025-12-05T01:58:12.760+0000] {task_command.py:467} INFO - Running <TaskInstance: elt_dbt_upstream.dbt_seed scheduled__2025-12-03T03:00:00+00:00 [running]> on host 3a991512098d
[2025-12-05T01:58:12.786+0000] {taskinstance.py:3131} INFO - Exporting env vars: AIRFLOW_CTX_DAG_OWNER='***' AIRFLOW_CTX_DAG_ID='elt_dbt_upstream' AIRFLOW_CTX_TASK_ID='dbt_seed' AIRFLOW_CTX_EXECUTION_DATE='2025-12-03T03:00:00+00:00' AIRFLOW_CTX_TRY_NUMBER='1' AIRFLOW_CTX_DAG_RUN_ID='scheduled__2025-12-03T03:00:00+00:00'
[2025-12-05T01:58:12.787+0000] {taskinstance.py:731} INFO - ::endgroup::
[2025-12-05T01:58:12.793+0000] {subprocess.py:63} INFO - Tmp dir root location: /tmp
[2025-12-05T01:58:12.793+0000] {subprocess.py:75} INFO - Running command: ['/usr/bin/bash', '-c', 'set -euo pipefail;cd /opt/***/dbt/stock_analytics && dbt seed --profiles-dir /opt/***/dbt']
[2025-12-05T01:58:12.796+0000] {subprocess.py:86} INFO - Output:
[2025-12-05T01:58:13.959+0000] {subprocess.py:93} INFO - [0m01:58:13  Running with dbt=1.11.0-rc1
[2025-12-05T01:58:14.344+0000] {subprocess.py:93} INFO - [0m01:58:14  Registered adapter: snowflake=1.10.3
[2025-12-05T01:58:14.631+0000] {subprocess.py:93} INFO - [0m01:58:14  Found 6 models, 30 data tests, 1 seed, 2 sources, 504 macros
[2025-12-05T01:58:14.633+0000] {subprocess.py:93} INFO - [0m01:58:14
[2025-12-05T01:58:14.633+0000] {subprocess.py:93} INFO - [0m01:58:14  Concurrency: 4 threads (target='dev')
[2025-12-05T01:58:14.633+0000] {subprocess.py:93} INFO - [0m01:58:14
[2025-12-05T01:58:15.832+0000] {subprocess.py:93} INFO - [0m01:58:15  1 of 1 START seed file PUBLIC_SEEDS.sector_metadata ............................ [RUN]
[2025-12-05T01:58:17.801+0000] {subprocess.py:93} INFO - [0m01:58:17  1 of 1 OK loaded seed file PUBLIC_SEEDS.sector_metadata ........................ [[32mINSERT 11[0m in 1.97s]
[2025-12-05T01:58:18.264+0000] {subprocess.py:93} INFO - [0m01:58:18
[2025-12-05T01:58:18.267+0000] {subprocess.py:93} INFO - [0m01:58:18  Finished running 1 seed in 0 hours 0 minutes and 3.63 seconds (3.63s).
[2025-12-05T01:58:18.311+0000] {subprocess.py:93} INFO - [0m01:58:18
[2025-12-05T01:58:18.311+0000] {subprocess.py:93} INFO - [0m01:58:18  [32mCompleted successfully[0m
[2025-12-05T01:58:18.312+0000] {subprocess.py:93} INFO - [0m01:58:18
[2025-12-05T01:58:18.312+0000] {subprocess.py:93} INFO - [0m01:58:18  Done. PASS=1 WARN=0 ERROR=0 SKIP=0 NO-OP=0 TOTAL=1
[2025-12-05T01:58:18.929+0000] {subprocess.py:97} INFO - Command exited with return code 0
[2025-12-05T01:58:18.939+0000] {taskinstance.py:340} INFO - ::group::Post task execution logs
[2025-12-05T01:58:18.939+0000] {taskinstance.py:352} INFO - Marking task as SUCCESS. dag_id=elt_dbt_upstream, task_id=dbt_seed, run_id=scheduled__2025-12-03T03:00:00+00:00, execution_date=20251203T030000, start_date=20251205T015812, end_date=20251205T015818
[2025-12-05T01:58:18.948+0000] {local_task_job_runner.py:266} INFO - Task exited with return code 0
[2025-12-05T01:58:18.958+0000] {taskinstance.py:3900} INFO - 1 downstream tasks scheduled from follow-on schedule check
[2025-12-05T01:58:18.958+0000] {local_task_job_runner.py:245} INFO - ::endgroup::
