[2025-12-09T16:54:47.290+0000] {local_task_job_runner.py:123} INFO - ::group::Pre task execution logs
[2025-12-09T16:54:47.296+0000] {taskinstance.py:2612} INFO - Dependencies all met for dep_context=non-requeueable deps ti=<TaskInstance: TrainPredict.dbt_run_downstream_dashboards scheduled__2025-12-07T03:30:00+00:00 [queued]>
[2025-12-09T16:54:47.298+0000] {taskinstance.py:2612} INFO - Dependencies all met for dep_context=requeueable deps ti=<TaskInstance: TrainPredict.dbt_run_downstream_dashboards scheduled__2025-12-07T03:30:00+00:00 [queued]>
[2025-12-09T16:54:47.298+0000] {taskinstance.py:2865} INFO - Starting attempt 1 of 1
[2025-12-09T16:54:47.302+0000] {taskinstance.py:2888} INFO - Executing <Task(BashOperator): dbt_run_downstream_dashboards> on 2025-12-07 03:30:00+00:00
[2025-12-09T16:54:47.305+0000] {logging_mixin.py:190} WARNING - /home/***/.local/lib/python3.12/site-packages/***/task/task_runner/standard_task_runner.py:70 DeprecationWarning: This process (pid=96402) is multi-threaded, use of fork() may lead to deadlocks in the child.
[2025-12-09T16:54:47.306+0000] {standard_task_runner.py:72} INFO - Started process 96405 to run task
[2025-12-09T16:54:47.305+0000] {standard_task_runner.py:104} INFO - Running: ['***', 'tasks', 'run', 'TrainPredict', 'dbt_run_downstream_dashboards', 'scheduled__2025-12-07T03:30:00+00:00', '--job-id', '413', '--raw', '--subdir', 'DAGS_FOLDER/train_predict.py', '--cfg-path', '/tmp/tmpjlqjoqfv']
[2025-12-09T16:54:47.307+0000] {standard_task_runner.py:105} INFO - Job 413: Subtask dbt_run_downstream_dashboards
[2025-12-09T16:54:47.322+0000] {task_command.py:467} INFO - Running <TaskInstance: TrainPredict.dbt_run_downstream_dashboards scheduled__2025-12-07T03:30:00+00:00 [running]> on host 7c17d7f5e8b7
[2025-12-09T16:54:47.348+0000] {taskinstance.py:3131} INFO - Exporting env vars: AIRFLOW_CTX_DAG_OWNER='***' AIRFLOW_CTX_DAG_ID='TrainPredict' AIRFLOW_CTX_TASK_ID='dbt_run_downstream_dashboards' AIRFLOW_CTX_EXECUTION_DATE='2025-12-07T03:30:00+00:00' AIRFLOW_CTX_TRY_NUMBER='1' AIRFLOW_CTX_DAG_RUN_ID='scheduled__2025-12-07T03:30:00+00:00'
[2025-12-09T16:54:47.348+0000] {taskinstance.py:731} INFO - ::endgroup::
[2025-12-09T16:54:47.349+0000] {subprocess.py:63} INFO - Tmp dir root location: /tmp
[2025-12-09T16:54:47.350+0000] {subprocess.py:75} INFO - Running command: ['/usr/bin/bash', '-c', 'set -euo pipefail;cd /opt/***/dbt/stock_analytics && dbt run --select mart_forecast_combined mart_risk_reward_scatter mart_market_regime --profiles-dir /opt/***/dbt && dbt test --select mart_forecast_combined mart_risk_reward_scatter mart_market_regime --profiles-dir /opt/***/dbt']
[2025-12-09T16:54:47.353+0000] {subprocess.py:86} INFO - Output:
[2025-12-09T16:54:48.195+0000] {subprocess.py:93} INFO - [0m16:54:48  Running with dbt=1.11.0-rc1
[2025-12-09T16:54:48.375+0000] {subprocess.py:93} INFO - [0m16:54:48  Registered adapter: snowflake=1.10.3
[2025-12-09T16:54:48.590+0000] {subprocess.py:93} INFO - [0m16:54:48  Found 6 models, 30 data tests, 1 seed, 2 sources, 504 macros
[2025-12-09T16:54:48.591+0000] {subprocess.py:93} INFO - [0m16:54:48
[2025-12-09T16:54:48.592+0000] {subprocess.py:93} INFO - [0m16:54:48  Concurrency: 4 threads (target='dev')
[2025-12-09T16:54:48.592+0000] {subprocess.py:93} INFO - [0m16:54:48
[2025-12-09T16:54:50.312+0000] {subprocess.py:93} INFO - [0m16:54:50  1 of 3 START sql table model PUBLIC_ANALYTICS.mart_forecast_combined ........... [RUN]
[2025-12-09T16:54:50.313+0000] {subprocess.py:93} INFO - [0m16:54:50  2 of 3 START sql table model PUBLIC_ANALYTICS.mart_market_regime ............... [RUN]
[2025-12-09T16:54:50.314+0000] {subprocess.py:93} INFO - [0m16:54:50  3 of 3 START sql table model PUBLIC_ANALYTICS.mart_risk_reward_scatter ......... [RUN]
[2025-12-09T16:54:51.593+0000] {subprocess.py:93} INFO - [0m16:54:51  1 of 3 OK created sql table model PUBLIC_ANALYTICS.mart_forecast_combined ...... [[32mSUCCESS 1[0m in 1.28s]
[2025-12-09T16:54:51.604+0000] {subprocess.py:93} INFO - [0m16:54:51  2 of 3 OK created sql table model PUBLIC_ANALYTICS.mart_market_regime .......... [[32mSUCCESS 1[0m in 1.29s]
[2025-12-09T16:54:52.288+0000] {subprocess.py:93} INFO - [0m16:54:52  3 of 3 OK created sql table model PUBLIC_ANALYTICS.mart_risk_reward_scatter .... [[32mSUCCESS 1[0m in 1.97s]
[2025-12-09T16:54:53.494+0000] {subprocess.py:93} INFO - [0m16:54:53
[2025-12-09T16:54:53.496+0000] {subprocess.py:93} INFO - [0m16:54:53  Finished running 3 table models in 0 hours 0 minutes and 4.90 seconds (4.90s).
[2025-12-09T16:54:53.540+0000] {subprocess.py:93} INFO - [0m16:54:53
[2025-12-09T16:54:53.541+0000] {subprocess.py:93} INFO - [0m16:54:53  [32mCompleted successfully[0m
[2025-12-09T16:54:53.541+0000] {subprocess.py:93} INFO - [0m16:54:53
[2025-12-09T16:54:53.541+0000] {subprocess.py:93} INFO - [0m16:54:53  Done. PASS=3 WARN=0 ERROR=0 SKIP=0 NO-OP=0 TOTAL=3
[2025-12-09T16:54:54.962+0000] {subprocess.py:93} INFO - [0m16:54:54  Running with dbt=1.11.0-rc1
[2025-12-09T16:54:55.119+0000] {subprocess.py:93} INFO - [0m16:54:55  Registered adapter: snowflake=1.10.3
[2025-12-09T16:54:55.345+0000] {subprocess.py:93} INFO - [0m16:54:55  Found 6 models, 30 data tests, 1 seed, 2 sources, 504 macros
[2025-12-09T16:54:55.347+0000] {subprocess.py:93} INFO - [0m16:54:55
[2025-12-09T16:54:55.347+0000] {subprocess.py:93} INFO - [0m16:54:55  Concurrency: 4 threads (target='dev')
[2025-12-09T16:54:55.347+0000] {subprocess.py:93} INFO - [0m16:54:55
[2025-12-09T16:54:56.456+0000] {subprocess.py:93} INFO - [0m16:54:56  1 of 16 START test accepted_values_mart_forecast_combined_type__history__forecast  [RUN]
[2025-12-09T16:54:56.457+0000] {subprocess.py:93} INFO - [0m16:54:56  2 of 16 START test accepted_values_mart_risk_reward_scatter_investment_type__Safety_Buy___Momentum_Ride___Toxic_Sell___Stagnant_Avoid___Benchmark  [RUN]
[2025-12-09T16:54:56.458+0000] {subprocess.py:93} INFO - [0m16:54:56  3 of 16 START test not_null_mart_forecast_combined_date ........................ [RUN]
[2025-12-09T16:54:56.459+0000] {subprocess.py:93} INFO - [0m16:54:56  4 of 16 START test not_null_mart_forecast_combined_sector_name ................. [RUN]
[2025-12-09T16:54:56.718+0000] {subprocess.py:93} INFO - [0m16:54:56  3 of 16 PASS not_null_mart_forecast_combined_date .............................. [[32mPASS[0m in 0.26s]
[2025-12-09T16:54:56.720+0000] {subprocess.py:93} INFO - [0m16:54:56  1 of 16 PASS accepted_values_mart_forecast_combined_type__history__forecast .... [[32mPASS[0m in 0.26s]
[2025-12-09T16:54:56.725+0000] {subprocess.py:93} INFO - [0m16:54:56  2 of 16 PASS accepted_values_mart_risk_reward_scatter_investment_type__Safety_Buy___Momentum_Ride___Toxic_Sell___Stagnant_Avoid___Benchmark  [[32mPASS[0m in 0.27s]
[2025-12-09T16:54:56.726+0000] {subprocess.py:93} INFO - [0m16:54:56  5 of 16 START test not_null_mart_forecast_combined_symbol ...................... [RUN]
[2025-12-09T16:54:56.726+0000] {subprocess.py:93} INFO - [0m16:54:56  6 of 16 START test not_null_mart_forecast_combined_type ........................ [RUN]
[2025-12-09T16:54:56.729+0000] {subprocess.py:93} INFO - [0m16:54:56  7 of 16 START test not_null_mart_market_regime_date ............................ [RUN]
[2025-12-09T16:54:56.753+0000] {subprocess.py:93} INFO - [0m16:54:56  4 of 16 PASS not_null_mart_forecast_combined_sector_name ....................... [[32mPASS[0m in 0.29s]
[2025-12-09T16:54:56.754+0000] {subprocess.py:93} INFO - [0m16:54:56  8 of 16 START test not_null_mart_market_regime_tech_bubble_ratio ............... [RUN]
[2025-12-09T16:54:56.935+0000] {subprocess.py:93} INFO - [0m16:54:56  8 of 16 PASS not_null_mart_market_regime_tech_bubble_ratio ..................... [[32mPASS[0m in 0.18s]
[2025-12-09T16:54:56.938+0000] {subprocess.py:93} INFO - [0m16:54:56  9 of 16 START test not_null_mart_risk_reward_scatter_avg_risk_beta ............. [RUN]
[2025-12-09T16:54:56.967+0000] {subprocess.py:93} INFO - [0m16:54:56  6 of 16 PASS not_null_mart_forecast_combined_type .............................. [[32mPASS[0m in 0.24s]
[2025-12-09T16:54:56.968+0000] {subprocess.py:93} INFO - [0m16:54:56  10 of 16 START test not_null_mart_risk_reward_scatter_date ..................... [RUN]
[2025-12-09T16:54:56.991+0000] {subprocess.py:93} INFO - [0m16:54:56  5 of 16 PASS not_null_mart_forecast_combined_symbol ............................ [[32mPASS[0m in 0.26s]
[2025-12-09T16:54:56.992+0000] {subprocess.py:93} INFO - [0m16:54:56  11 of 16 START test not_null_mart_risk_reward_scatter_investment_type .......... [RUN]
[2025-12-09T16:54:57.138+0000] {subprocess.py:93} INFO - [0m16:54:57  10 of 16 PASS not_null_mart_risk_reward_scatter_date ........................... [[32mPASS[0m in 0.17s]
[2025-12-09T16:54:57.139+0000] {subprocess.py:93} INFO - [0m16:54:57  12 of 16 START test not_null_mart_risk_reward_scatter_sector_name .............. [RUN]
[2025-12-09T16:54:57.145+0000] {subprocess.py:93} INFO - [0m16:54:57  7 of 16 PASS not_null_mart_market_regime_date .................................. [[32mPASS[0m in 0.41s]
[2025-12-09T16:54:57.147+0000] {subprocess.py:93} INFO - [0m16:54:57  13 of 16 START test not_null_mart_risk_reward_scatter_symbol ................... [RUN]
[2025-12-09T16:54:57.157+0000] {subprocess.py:93} INFO - [0m16:54:57  9 of 16 PASS not_null_mart_risk_reward_scatter_avg_risk_beta ................... [[32mPASS[0m in 0.22s]
[2025-12-09T16:54:57.158+0000] {subprocess.py:93} INFO - [0m16:54:57  14 of 16 START test not_null_mart_risk_reward_scatter_total_return_pct ......... [RUN]
[2025-12-09T16:54:57.168+0000] {subprocess.py:93} INFO - [0m16:54:57  11 of 16 PASS not_null_mart_risk_reward_scatter_investment_type ................ [[32mPASS[0m in 0.18s]
[2025-12-09T16:54:57.169+0000] {subprocess.py:93} INFO - [0m16:54:57  15 of 16 START test unique_mart_forecast_combined__symbol_date_ ................ [RUN]
[2025-12-09T16:54:57.243+0000] {subprocess.py:93} INFO - [0m16:54:57  12 of 16 PASS not_null_mart_risk_reward_scatter_sector_name .................... [[32mPASS[0m in 0.10s]
[2025-12-09T16:54:57.244+0000] {subprocess.py:93} INFO - [0m16:54:57  16 of 16 START test unique_mart_market_regime_date ............................. [RUN]
[2025-12-09T16:54:57.270+0000] {subprocess.py:93} INFO - [0m16:54:57  13 of 16 PASS not_null_mart_risk_reward_scatter_symbol ......................... [[32mPASS[0m in 0.12s]
[2025-12-09T16:54:57.288+0000] {subprocess.py:93} INFO - [0m16:54:57  14 of 16 PASS not_null_mart_risk_reward_scatter_total_return_pct ............... [[32mPASS[0m in 0.13s]
[2025-12-09T16:54:57.367+0000] {subprocess.py:93} INFO - [0m16:54:57  15 of 16 PASS unique_mart_forecast_combined__symbol_date_ ...................... [[32mPASS[0m in 0.20s]
[2025-12-09T16:54:57.501+0000] {subprocess.py:93} INFO - [0m16:54:57  16 of 16 PASS unique_mart_market_regime_date ................................... [[32mPASS[0m in 0.26s]
[2025-12-09T16:54:58.037+0000] {subprocess.py:93} INFO - [0m16:54:58
[2025-12-09T16:54:58.038+0000] {subprocess.py:93} INFO - [0m16:54:58  Finished running 16 data tests in 0 hours 0 minutes and 2.69 seconds (2.69s).
[2025-12-09T16:54:58.083+0000] {subprocess.py:93} INFO - [0m16:54:58
[2025-12-09T16:54:58.084+0000] {subprocess.py:93} INFO - [0m16:54:58  [32mCompleted successfully[0m
[2025-12-09T16:54:58.085+0000] {subprocess.py:93} INFO - [0m16:54:58
[2025-12-09T16:54:58.085+0000] {subprocess.py:93} INFO - [0m16:54:58  Done. PASS=16 WARN=0 ERROR=0 SKIP=0 NO-OP=0 TOTAL=16
[2025-12-09T16:54:58.652+0000] {subprocess.py:97} INFO - Command exited with return code 0
[2025-12-09T16:54:58.665+0000] {taskinstance.py:340} INFO - ::group::Post task execution logs
[2025-12-09T16:54:58.665+0000] {taskinstance.py:352} INFO - Marking task as SUCCESS. dag_id=TrainPredict, task_id=dbt_run_downstream_dashboards, run_id=scheduled__2025-12-07T03:30:00+00:00, execution_date=20251207T033000, start_date=20251209T165447, end_date=20251209T165458
[2025-12-09T16:54:58.691+0000] {local_task_job_runner.py:266} INFO - Task exited with return code 0
[2025-12-09T16:54:58.700+0000] {taskinstance.py:3900} INFO - 0 downstream tasks scheduled from follow-on schedule check
[2025-12-09T16:54:58.701+0000] {local_task_job_runner.py:245} INFO - ::endgroup::
