[2025-12-06T05:22:28.870+0000] {local_task_job_runner.py:123} INFO - ::group::Pre task execution logs
[2025-12-06T05:22:28.876+0000] {taskinstance.py:2612} INFO - Dependencies all met for dep_context=non-requeueable deps ti=<TaskInstance: elt_dbt_downstream.wait_for_TrainPredict manual__2025-12-06T05:22:28.638313+00:00 [queued]>
[2025-12-06T05:22:28.879+0000] {taskinstance.py:2612} INFO - Dependencies all met for dep_context=requeueable deps ti=<TaskInstance: elt_dbt_downstream.wait_for_TrainPredict manual__2025-12-06T05:22:28.638313+00:00 [queued]>
[2025-12-06T05:22:28.882+0000] {taskinstance.py:2865} INFO - Starting attempt 1 of 2
[2025-12-06T05:22:28.887+0000] {taskinstance.py:2888} INFO - Executing <Task(ExternalTaskSensor): wait_for_TrainPredict> on 2025-12-06 05:22:28.638313+00:00
[2025-12-06T05:22:28.894+0000] {standard_task_runner.py:104} INFO - Running: ['***', 'tasks', 'run', 'elt_dbt_downstream', 'wait_for_TrainPredict', 'manual__2025-12-06T05:22:28.638313+00:00', '--job-id', '324', '--raw', '--subdir', 'DAGS_FOLDER/elt_dbt_downstream.py', '--cfg-path', '/tmp/tmpouzjc5zf']
[2025-12-06T05:22:28.895+0000] {standard_task_runner.py:105} INFO - Job 324: Subtask wait_for_TrainPredict
[2025-12-06T05:22:28.898+0000] {logging_mixin.py:190} WARNING - /home/***/.local/lib/python3.12/site-packages/***/task/task_runner/standard_task_runner.py:70 DeprecationWarning: This process (pid=20944) is multi-threaded, use of fork() may lead to deadlocks in the child.
[2025-12-06T05:22:28.898+0000] {standard_task_runner.py:72} INFO - Started process 20947 to run task
[2025-12-06T05:22:28.912+0000] {task_command.py:467} INFO - Running <TaskInstance: elt_dbt_downstream.wait_for_TrainPredict manual__2025-12-06T05:22:28.638313+00:00 [running]> on host 7c17d7f5e8b7
[2025-12-06T05:22:28.963+0000] {taskinstance.py:3131} INFO - Exporting env vars: AIRFLOW_CTX_DAG_OWNER='***' AIRFLOW_CTX_DAG_ID='elt_dbt_downstream' AIRFLOW_CTX_TASK_ID='wait_for_TrainPredict' AIRFLOW_CTX_EXECUTION_DATE='2025-12-06T05:22:28.638313+00:00' AIRFLOW_CTX_TRY_NUMBER='1' AIRFLOW_CTX_DAG_RUN_ID='manual__2025-12-06T05:22:28.638313+00:00'
[2025-12-06T05:22:28.964+0000] {taskinstance.py:731} INFO - ::endgroup::
[2025-12-06T05:22:28.983+0000] {baseoperator.py:405} WARNING - ExternalTaskSensor.execute cannot be called outside TaskInstance!
[2025-12-06T05:22:28.984+0000] {external_task.py:274} INFO - Poking for DAG 'TrainPredict' on 2025-12-06T04:52:28.638313+00:00 ... 
[2025-12-06T05:22:28.987+0000] {logging_mixin.py:190} WARNING - /home/***/.local/lib/python3.12/site-packages/***/utils/session.py:97 DeprecationWarning: This method is deprecated and will be removed in future.
[2025-12-06T05:23:29.007+0000] {external_task.py:274} INFO - Poking for DAG 'TrainPredict' on 2025-12-06T04:52:28.638313+00:00 ... 
[2025-12-06T05:24:29.038+0000] {external_task.py:274} INFO - Poking for DAG 'TrainPredict' on 2025-12-06T04:52:28.638313+00:00 ... 
[2025-12-06T05:25:29.093+0000] {external_task.py:274} INFO - Poking for DAG 'TrainPredict' on 2025-12-06T04:52:28.638313+00:00 ... 
[2025-12-06T05:26:29.120+0000] {external_task.py:274} INFO - Poking for DAG 'TrainPredict' on 2025-12-06T04:52:28.638313+00:00 ... 
[2025-12-06T05:27:29.137+0000] {external_task.py:274} INFO - Poking for DAG 'TrainPredict' on 2025-12-06T04:52:28.638313+00:00 ... 
[2025-12-06T05:28:29.160+0000] {external_task.py:274} INFO - Poking for DAG 'TrainPredict' on 2025-12-06T04:52:28.638313+00:00 ... 
[2025-12-06T05:29:29.173+0000] {external_task.py:274} INFO - Poking for DAG 'TrainPredict' on 2025-12-06T04:52:28.638313+00:00 ... 
[2025-12-06T05:30:29.188+0000] {external_task.py:274} INFO - Poking for DAG 'TrainPredict' on 2025-12-06T04:52:28.638313+00:00 ... 
[2025-12-06T05:30:52.819+0000] {local_task_job_runner.py:346} WARNING - State of this instance has been externally set to success. Terminating instance.
[2025-12-06T05:30:52.821+0000] {local_task_job_runner.py:245} INFO - ::endgroup::
[2025-12-06T05:30:52.823+0000] {process_utils.py:132} INFO - Sending 15 to group 20947. PIDs of all processes in the group: [20947]
[2025-12-06T05:30:52.823+0000] {process_utils.py:87} INFO - Sending the signal 15 to group 20947
[2025-12-06T05:30:52.824+0000] {taskinstance.py:3092} ERROR - Received SIGTERM. Terminating subprocesses.
[2025-12-06T05:30:52.841+0000] {taskinstance.py:340} INFO - ::group::Post task execution logs
[2025-12-06T05:30:52.854+0000] {process_utils.py:80} INFO - Process psutil.Process(pid=20947, status='terminated', exitcode=0, started='05:22:28') (20947) terminated with exit code 0
