[2025-12-02T20:48:03.094+0000] {local_task_job_runner.py:123} INFO - ::group::Pre task execution logs
[2025-12-02T20:48:03.104+0000] {taskinstance.py:2612} INFO - Dependencies all met for dep_context=non-requeueable deps ti=<TaskInstance: elt_dbt_upstream.dbt_run_upstream scheduled__2025-11-24T03:00:00+00:00 [queued]>
[2025-12-02T20:48:03.107+0000] {taskinstance.py:2612} INFO - Dependencies all met for dep_context=requeueable deps ti=<TaskInstance: elt_dbt_upstream.dbt_run_upstream scheduled__2025-11-24T03:00:00+00:00 [queued]>
[2025-12-02T20:48:03.107+0000] {taskinstance.py:2865} INFO - Starting attempt 1 of 2
[2025-12-02T20:48:03.111+0000] {taskinstance.py:2888} INFO - Executing <Task(BashOperator): dbt_run_upstream> on 2025-11-24 03:00:00+00:00
[2025-12-02T20:48:03.115+0000] {standard_task_runner.py:104} INFO - Running: ['***', 'tasks', 'run', 'elt_dbt_upstream', 'dbt_run_upstream', 'scheduled__2025-11-24T03:00:00+00:00', '--job-id', '69', '--raw', '--subdir', 'DAGS_FOLDER/elt_dbt_upstream.py', '--cfg-path', '/tmp/tmpv_0siek4']
[2025-12-02T20:48:03.116+0000] {logging_mixin.py:190} WARNING - /home/***/.local/lib/python3.12/site-packages/***/task/task_runner/standard_task_runner.py:70 DeprecationWarning: This process (pid=417) is multi-threaded, use of fork() may lead to deadlocks in the child.
[2025-12-02T20:48:03.117+0000] {standard_task_runner.py:105} INFO - Job 69: Subtask dbt_run_upstream
[2025-12-02T20:48:03.117+0000] {standard_task_runner.py:72} INFO - Started process 418 to run task
[2025-12-02T20:48:03.138+0000] {task_command.py:467} INFO - Running <TaskInstance: elt_dbt_upstream.dbt_run_upstream scheduled__2025-11-24T03:00:00+00:00 [running]> on host 2e122a66e6c3
[2025-12-02T20:48:03.167+0000] {taskinstance.py:3131} INFO - Exporting env vars: AIRFLOW_CTX_DAG_OWNER='***' AIRFLOW_CTX_DAG_ID='elt_dbt_upstream' AIRFLOW_CTX_TASK_ID='dbt_run_upstream' AIRFLOW_CTX_EXECUTION_DATE='2025-11-24T03:00:00+00:00' AIRFLOW_CTX_TRY_NUMBER='1' AIRFLOW_CTX_DAG_RUN_ID='scheduled__2025-11-24T03:00:00+00:00'
[2025-12-02T20:48:03.167+0000] {taskinstance.py:731} INFO - ::endgroup::
[2025-12-02T20:48:03.174+0000] {subprocess.py:63} INFO - Tmp dir root location: /tmp
[2025-12-02T20:48:03.174+0000] {subprocess.py:75} INFO - Running command: ['/usr/bin/bash', '-c', 'set -euo pipefail;cd /opt/***/dbt/stock_analytics && dbt run --select +mart_sector_volatility --profiles-dir /opt/***/dbt']
[2025-12-02T20:48:03.178+0000] {subprocess.py:86} INFO - Output:
[2025-12-02T20:48:04.083+0000] {subprocess.py:93} INFO - [0m20:48:04  Running with dbt=1.11.0-rc1
[2025-12-02T20:48:04.254+0000] {subprocess.py:93} INFO - [0m20:48:04  Registered adapter: snowflake=1.10.3
[2025-12-02T20:48:04.462+0000] {subprocess.py:93} INFO - [0m20:48:04  Found 6 models, 27 data tests, 1 seed, 2 sources, 504 macros
[2025-12-02T20:48:04.464+0000] {subprocess.py:93} INFO - [0m20:48:04
[2025-12-02T20:48:04.464+0000] {subprocess.py:93} INFO - [0m20:48:04  Concurrency: 4 threads (target='dev')
[2025-12-02T20:48:04.464+0000] {subprocess.py:93} INFO - [0m20:48:04
[2025-12-02T20:48:05.418+0000] {subprocess.py:93} INFO - [0m20:48:05  1 of 3 START sql view model PUBLIC_STAGING.stg_market_data ..................... [RUN]
[2025-12-02T20:48:05.986+0000] {subprocess.py:93} INFO - [0m20:48:05  1 of 3 OK created sql view model PUBLIC_STAGING.stg_market_data ................ [[32mSUCCESS 1[0m in 0.57s]
[2025-12-02T20:48:05.987+0000] {subprocess.py:93} INFO - [0m20:48:05  2 of 3 START sql view model PUBLIC_INTERMEDIATE.int_daily_returns .............. [RUN]
[2025-12-02T20:48:06.393+0000] {subprocess.py:93} INFO - [0m20:48:06  2 of 3 OK created sql view model PUBLIC_INTERMEDIATE.int_daily_returns ......... [[32mSUCCESS 1[0m in 0.40s]
[2025-12-02T20:48:06.395+0000] {subprocess.py:93} INFO - [0m20:48:06  3 of 3 START sql table model PUBLIC_ANALYTICS.mart_sector_volatility ........... [RUN]
[2025-12-02T20:48:07.722+0000] {subprocess.py:93} INFO - [0m20:48:07  3 of 3 OK created sql table model PUBLIC_ANALYTICS.mart_sector_volatility ...... [[32mSUCCESS 1[0m in 1.33s]
[2025-12-02T20:48:08.349+0000] {subprocess.py:93} INFO - [0m20:48:08
[2025-12-02T20:48:08.350+0000] {subprocess.py:93} INFO - [0m20:48:08  Finished running 1 table model, 2 view models in 0 hours 0 minutes and 3.88 seconds (3.88s).
[2025-12-02T20:48:08.386+0000] {subprocess.py:93} INFO - [0m20:48:08
[2025-12-02T20:48:08.387+0000] {subprocess.py:93} INFO - [0m20:48:08  [32mCompleted successfully[0m
[2025-12-02T20:48:08.387+0000] {subprocess.py:93} INFO - [0m20:48:08
[2025-12-02T20:48:08.387+0000] {subprocess.py:93} INFO - [0m20:48:08  Done. PASS=3 WARN=0 ERROR=0 SKIP=0 NO-OP=0 TOTAL=3
[2025-12-02T20:48:08.965+0000] {subprocess.py:97} INFO - Command exited with return code 0
[2025-12-02T20:48:08.975+0000] {taskinstance.py:340} INFO - ::group::Post task execution logs
[2025-12-02T20:48:08.976+0000] {taskinstance.py:352} INFO - Marking task as SUCCESS. dag_id=elt_dbt_upstream, task_id=dbt_run_upstream, run_id=scheduled__2025-11-24T03:00:00+00:00, execution_date=20251124T030000, start_date=20251202T204803, end_date=20251202T204808
[2025-12-02T20:48:09.023+0000] {local_task_job_runner.py:266} INFO - Task exited with return code 0
[2025-12-02T20:48:09.031+0000] {taskinstance.py:3900} INFO - 1 downstream tasks scheduled from follow-on schedule check
[2025-12-02T20:48:09.031+0000] {local_task_job_runner.py:245} INFO - ::endgroup::
