[2025-12-06T01:27:38.416+0000] {local_task_job_runner.py:123} INFO - ::group::Pre task execution logs
[2025-12-06T01:27:38.425+0000] {taskinstance.py:2612} INFO - Dependencies all met for dep_context=non-requeueable deps ti=<TaskInstance: TrainPredict.wait_for_elt_dbt_upstream manual__2025-12-06T01:27:37.023416+00:00 [queued]>
[2025-12-06T01:27:38.428+0000] {taskinstance.py:2612} INFO - Dependencies all met for dep_context=requeueable deps ti=<TaskInstance: TrainPredict.wait_for_elt_dbt_upstream manual__2025-12-06T01:27:37.023416+00:00 [queued]>
[2025-12-06T01:27:38.428+0000] {taskinstance.py:2865} INFO - Starting attempt 1 of 1
[2025-12-06T01:27:38.433+0000] {taskinstance.py:2888} INFO - Executing <Task(ExternalTaskSensor): wait_for_elt_dbt_upstream> on 2025-12-06 01:27:37.023416+00:00
[2025-12-06T01:27:38.438+0000] {logging_mixin.py:190} WARNING - /home/***/.local/lib/python3.12/site-packages/***/task/task_runner/standard_task_runner.py:70 DeprecationWarning: This process (pid=15442) is multi-threaded, use of fork() may lead to deadlocks in the child.
[2025-12-06T01:27:38.439+0000] {standard_task_runner.py:72} INFO - Started process 15452 to run task
[2025-12-06T01:27:38.438+0000] {standard_task_runner.py:104} INFO - Running: ['***', 'tasks', 'run', 'TrainPredict', 'wait_for_elt_dbt_upstream', 'manual__2025-12-06T01:27:37.023416+00:00', '--job-id', '280', '--raw', '--subdir', 'DAGS_FOLDER/train_predict.py', '--cfg-path', '/tmp/tmp5bxf8una']
[2025-12-06T01:27:38.440+0000] {standard_task_runner.py:105} INFO - Job 280: Subtask wait_for_elt_dbt_upstream
[2025-12-06T01:27:38.466+0000] {task_command.py:467} INFO - Running <TaskInstance: TrainPredict.wait_for_elt_dbt_upstream manual__2025-12-06T01:27:37.023416+00:00 [running]> on host 7c17d7f5e8b7
[2025-12-06T01:27:38.526+0000] {taskinstance.py:3131} INFO - Exporting env vars: AIRFLOW_CTX_DAG_OWNER='***' AIRFLOW_CTX_DAG_ID='TrainPredict' AIRFLOW_CTX_TASK_ID='wait_for_elt_dbt_upstream' AIRFLOW_CTX_EXECUTION_DATE='2025-12-06T01:27:37.023416+00:00' AIRFLOW_CTX_TRY_NUMBER='1' AIRFLOW_CTX_DAG_RUN_ID='manual__2025-12-06T01:27:37.023416+00:00'
[2025-12-06T01:27:38.527+0000] {taskinstance.py:731} INFO - ::endgroup::
[2025-12-06T01:27:38.528+0000] {baseoperator.py:405} WARNING - ExternalTaskSensor.execute cannot be called outside TaskInstance!
[2025-12-06T01:27:38.528+0000] {external_task.py:274} INFO - Poking for DAG 'elt_dbt_upstream' on 2025-12-06T00:57:37.023416+00:00 ... 
[2025-12-06T01:27:38.529+0000] {logging_mixin.py:190} WARNING - /home/***/.local/lib/python3.12/site-packages/***/utils/session.py:97 DeprecationWarning: This method is deprecated and will be removed in future.
[2025-12-06T01:28:38.548+0000] {external_task.py:274} INFO - Poking for DAG 'elt_dbt_upstream' on 2025-12-06T00:57:37.023416+00:00 ... 
[2025-12-06T01:29:38.598+0000] {external_task.py:274} INFO - Poking for DAG 'elt_dbt_upstream' on 2025-12-06T00:57:37.023416+00:00 ... 
[2025-12-06T01:29:54.724+0000] {local_task_job_runner.py:346} WARNING - State of this instance has been externally set to success. Terminating instance.
[2025-12-06T01:29:54.733+0000] {local_task_job_runner.py:245} INFO - ::endgroup::
[2025-12-06T01:29:54.735+0000] {process_utils.py:132} INFO - Sending 15 to group 15452. PIDs of all processes in the group: [15452]
[2025-12-06T01:29:54.735+0000] {process_utils.py:87} INFO - Sending the signal 15 to group 15452
[2025-12-06T01:29:54.736+0000] {taskinstance.py:3092} ERROR - Received SIGTERM. Terminating subprocesses.
[2025-12-06T01:29:54.763+0000] {taskinstance.py:340} INFO - ::group::Post task execution logs
[2025-12-06T01:29:54.792+0000] {process_utils.py:80} INFO - Process psutil.Process(pid=15452, status='terminated', exitcode=0, started='01:27:38') (15452) terminated with exit code 0
