[2025-11-22T18:46:23.812+0000] {local_task_job_runner.py:123} INFO - ::group::Pre task execution logs
[2025-11-22T18:46:23.819+0000] {taskinstance.py:2612} INFO - Dependencies all met for dep_context=non-requeueable deps ti=<TaskInstance: TrainPredict.train scheduled__2025-11-21T03:30:00+00:00 [queued]>
[2025-11-22T18:46:23.822+0000] {taskinstance.py:2612} INFO - Dependencies all met for dep_context=requeueable deps ti=<TaskInstance: TrainPredict.train scheduled__2025-11-21T03:30:00+00:00 [queued]>
[2025-11-22T18:46:23.822+0000] {taskinstance.py:2865} INFO - Starting attempt 2 of 2
[2025-11-22T18:46:23.826+0000] {taskinstance.py:2888} INFO - Executing <Task(_PythonDecoratedOperator): train> on 2025-11-21 03:30:00+00:00
[2025-11-22T18:46:23.830+0000] {logging_mixin.py:190} WARNING - /home/***/.local/lib/python3.12/site-packages/***/task/task_runner/standard_task_runner.py:70 DeprecationWarning: This process (pid=1074) is multi-threaded, use of fork() may lead to deadlocks in the child.
[2025-11-22T18:46:23.830+0000] {standard_task_runner.py:72} INFO - Started process 1077 to run task
[2025-11-22T18:46:23.830+0000] {standard_task_runner.py:104} INFO - Running: ['***', 'tasks', 'run', 'TrainPredict', 'train', 'scheduled__2025-11-21T03:30:00+00:00', '--job-id', '15', '--raw', '--subdir', 'DAGS_FOLDER/train_predict.py', '--cfg-path', '/tmp/tmpxnszef0q']
[2025-11-22T18:46:23.831+0000] {standard_task_runner.py:105} INFO - Job 15: Subtask train
[2025-11-22T18:46:23.849+0000] {task_command.py:467} INFO - Running <TaskInstance: TrainPredict.train scheduled__2025-11-21T03:30:00+00:00 [running]> on host 599ab64e91dc
[2025-11-22T18:46:23.875+0000] {taskinstance.py:3131} INFO - Exporting env vars: AIRFLOW_CTX_DAG_OWNER='***' AIRFLOW_CTX_DAG_ID='TrainPredict' AIRFLOW_CTX_TASK_ID='train' AIRFLOW_CTX_EXECUTION_DATE='2025-11-21T03:30:00+00:00' AIRFLOW_CTX_TRY_NUMBER='2' AIRFLOW_CTX_DAG_RUN_ID='scheduled__2025-11-21T03:30:00+00:00'
[2025-11-22T18:46:23.876+0000] {taskinstance.py:731} INFO - ::endgroup::
[2025-11-22T18:46:23.880+0000] {base.py:84} INFO - Retrieving connection 'snowflake_conn'
[2025-11-22T18:46:23.881+0000] {connection.py:413} INFO - Snowflake Connector for Python Version: 3.12.1, Python Version: 3.12.5, Platform: Linux-6.10.14-linuxkit-aarch64-with-glibc2.36
[2025-11-22T18:46:23.881+0000] {connection.py:1196} INFO - Connecting to GLOBAL Snowflake domain
[2025-11-22T18:46:23.881+0000] {connection.py:1277} INFO - This connection is in OCSP Fail Open Mode. TLS Certificates would be checked for validity and revocation status. Any other Certificate Revocation related exceptions or OCSP Responder failures would be disregarded in favor of connectivity.
[2025-11-22T18:46:24.674+0000] {cursor.py:1156} INFO - Number of results in first chunk: 1
[2025-11-22T18:49:57.384+0000] {cursor.py:1156} INFO - Number of results in first chunk: 1
[2025-11-22T18:50:00.140+0000] {cursor.py:1156} INFO - Number of results in first chunk: 77
[2025-11-22T18:50:00.142+0000] {connection.py:788} INFO - closed
[2025-11-22T18:50:00.196+0000] {connection.py:794} INFO - No async queries seem to be running, deleting session
[2025-11-22T18:50:00.305+0000] {python.py:240} INFO - Done. Returned value was: None
[2025-11-22T18:50:00.326+0000] {taskinstance.py:340} INFO - ::group::Post task execution logs
[2025-11-22T18:50:00.327+0000] {taskinstance.py:352} INFO - Marking task as SUCCESS. dag_id=TrainPredict, task_id=train, run_id=scheduled__2025-11-21T03:30:00+00:00, execution_date=20251121T033000, start_date=20251122T184623, end_date=20251122T185000
[2025-11-22T18:50:00.369+0000] {local_task_job_runner.py:266} INFO - Task exited with return code 0
[2025-11-22T18:50:00.385+0000] {taskinstance.py:3900} INFO - 1 downstream tasks scheduled from follow-on schedule check
[2025-11-22T18:50:00.386+0000] {local_task_job_runner.py:245} INFO - ::endgroup::
[2025-11-22T22:38:54.687+0000] {local_task_job_runner.py:123} INFO - ::group::Pre task execution logs
[2025-11-22T22:38:54.701+0000] {taskinstance.py:2612} INFO - Dependencies all met for dep_context=non-requeueable deps ti=<TaskInstance: TrainPredict.train scheduled__2025-11-21T03:30:00+00:00 [queued]>
[2025-11-22T22:38:54.707+0000] {taskinstance.py:2612} INFO - Dependencies all met for dep_context=requeueable deps ti=<TaskInstance: TrainPredict.train scheduled__2025-11-21T03:30:00+00:00 [queued]>
[2025-11-22T22:38:54.708+0000] {taskinstance.py:2865} INFO - Starting attempt 2 of 1
[2025-11-22T22:38:54.714+0000] {taskinstance.py:2888} INFO - Executing <Task(_PythonDecoratedOperator): train> on 2025-11-21 03:30:00+00:00
[2025-11-22T22:38:54.720+0000] {logging_mixin.py:190} WARNING - /home/***/.local/lib/python3.12/site-packages/***/task/task_runner/standard_task_runner.py:70 DeprecationWarning: This process (pid=189) is multi-threaded, use of fork() may lead to deadlocks in the child.
[2025-11-22T22:38:54.725+0000] {standard_task_runner.py:72} INFO - Started process 206 to run task
[2025-11-22T22:38:54.720+0000] {standard_task_runner.py:104} INFO - Running: ['***', 'tasks', 'run', 'TrainPredict', 'train', 'scheduled__2025-11-21T03:30:00+00:00', '--job-id', '18', '--raw', '--subdir', 'DAGS_FOLDER/train_predict.py', '--cfg-path', '/tmp/tmp66a2olpd']
[2025-11-22T22:38:54.727+0000] {standard_task_runner.py:105} INFO - Job 18: Subtask train
[2025-11-22T22:38:54.789+0000] {task_command.py:467} INFO - Running <TaskInstance: TrainPredict.train scheduled__2025-11-21T03:30:00+00:00 [running]> on host fdac057bd921
[2025-11-22T22:38:54.856+0000] {taskinstance.py:3131} INFO - Exporting env vars: AIRFLOW_CTX_DAG_OWNER='***' AIRFLOW_CTX_DAG_ID='TrainPredict' AIRFLOW_CTX_TASK_ID='train' AIRFLOW_CTX_EXECUTION_DATE='2025-11-21T03:30:00+00:00' AIRFLOW_CTX_TRY_NUMBER='2' AIRFLOW_CTX_DAG_RUN_ID='scheduled__2025-11-21T03:30:00+00:00'
[2025-11-22T22:38:54.857+0000] {taskinstance.py:731} INFO - ::endgroup::
[2025-11-22T22:38:54.863+0000] {base.py:84} INFO - Retrieving connection 'snowflake_conn'
[2025-11-22T22:38:54.863+0000] {connection.py:413} INFO - Snowflake Connector for Python Version: 3.12.1, Python Version: 3.12.5, Platform: Linux-6.10.14-linuxkit-aarch64-with-glibc2.36
[2025-11-22T22:38:54.864+0000] {connection.py:1196} INFO - Connecting to GLOBAL Snowflake domain
[2025-11-22T22:38:54.864+0000] {connection.py:1277} INFO - This connection is in OCSP Fail Open Mode. TLS Certificates would be checked for validity and revocation status. Any other Certificate Revocation related exceptions or OCSP Responder failures would be disregarded in favor of connectivity.
[2025-11-22T22:38:56.245+0000] {cursor.py:1156} INFO - Number of results in first chunk: 1
[2025-11-22T22:39:55.301+0000] {local_task_job_runner.py:346} WARNING - State of this instance has been externally set to restarting. Terminating instance.
[2025-11-22T22:39:55.306+0000] {local_task_job_runner.py:245} INFO - ::endgroup::
[2025-11-22T22:39:55.308+0000] {process_utils.py:132} INFO - Sending 15 to group 206. PIDs of all processes in the group: [206]
[2025-11-22T22:39:55.309+0000] {process_utils.py:87} INFO - Sending the signal 15 to group 206
[2025-11-22T22:39:55.309+0000] {taskinstance.py:3092} ERROR - Received SIGTERM. Terminating subprocesses.
[2025-11-22T22:39:55.312+0000] {connection.py:788} INFO - closed
[2025-11-22T22:39:55.577+0000] {connection.py:794} INFO - No async queries seem to be running, deleting session
[2025-11-22T22:39:55.679+0000] {taskinstance.py:3310} ERROR - Task failed with exception
Traceback (most recent call last):
  File "/home/airflow/.local/lib/python3.12/site-packages/airflow/models/taskinstance.py", line 767, in _execute_task
    result = _execute_callable(context=context, **execute_callable_kwargs)
             ^^^^^^^^^^^^^^^^^^^^^^^^^^^^^^^^^^^^^^^^^^^^^^^^^^^^^^^^^^^^^
  File "/home/airflow/.local/lib/python3.12/site-packages/airflow/models/taskinstance.py", line 733, in _execute_callable
    return ExecutionCallableRunner(
           ^^^^^^^^^^^^^^^^^^^^^^^^
  File "/home/airflow/.local/lib/python3.12/site-packages/airflow/utils/operator_helpers.py", line 252, in run
    return self.func(*args, **kwargs)
           ^^^^^^^^^^^^^^^^^^^^^^^^^^
  File "/home/airflow/.local/lib/python3.12/site-packages/airflow/models/baseoperator.py", line 406, in wrapper
    return func(self, *args, **kwargs)
           ^^^^^^^^^^^^^^^^^^^^^^^^^^^
  File "/home/airflow/.local/lib/python3.12/site-packages/airflow/decorators/base.py", line 266, in execute
    return_value = super().execute(context)
                   ^^^^^^^^^^^^^^^^^^^^^^^^
  File "/home/airflow/.local/lib/python3.12/site-packages/airflow/models/baseoperator.py", line 406, in wrapper
    return func(self, *args, **kwargs)
           ^^^^^^^^^^^^^^^^^^^^^^^^^^^
  File "/home/airflow/.local/lib/python3.12/site-packages/airflow/operators/python.py", line 238, in execute
    return_value = self.execute_callable()
                   ^^^^^^^^^^^^^^^^^^^^^^^
  File "/home/airflow/.local/lib/python3.12/site-packages/airflow/operators/python.py", line 256, in execute_callable
    return runner.run(*self.op_args, **self.op_kwargs)
           ^^^^^^^^^^^^^^^^^^^^^^^^^^^^^^^^^^^^^^^^^^^
  File "/home/airflow/.local/lib/python3.12/site-packages/airflow/utils/operator_helpers.py", line 252, in run
    return self.func(*args, **kwargs)
           ^^^^^^^^^^^^^^^^^^^^^^^^^^
  File "/opt/airflow/dags/train_predict.py", line 27, in train
    cur.execute(create_model_sql)
  File "/home/airflow/.local/lib/python3.12/site-packages/snowflake/connector/cursor.py", line 984, in execute
    ret = self._execute_helper(query, **kwargs)
          ^^^^^^^^^^^^^^^^^^^^^^^^^^^^^^^^^^^^^
  File "/home/airflow/.local/lib/python3.12/site-packages/snowflake/connector/cursor.py", line 695, in _execute_helper
    ret = self._connection.cmd_query(
          ^^^^^^^^^^^^^^^^^^^^^^^^^^^
  File "/home/airflow/.local/lib/python3.12/site-packages/snowflake/connector/connection.py", line 1350, in cmd_query
    ret = self.rest.request(
          ^^^^^^^^^^^^^^^^^^
  File "/home/airflow/.local/lib/python3.12/site-packages/snowflake/connector/network.py", line 491, in request
    return self._post_request(
           ^^^^^^^^^^^^^^^^^^^
  File "/home/airflow/.local/lib/python3.12/site-packages/snowflake/connector/network.py", line 788, in _post_request
    ret = self._get_request(
          ^^^^^^^^^^^^^^^^^^
  File "/home/airflow/.local/lib/python3.12/site-packages/snowflake/connector/network.py", line 690, in _get_request
    ret = self.fetch(
          ^^^^^^^^^^^
  File "/home/airflow/.local/lib/python3.12/site-packages/snowflake/connector/network.py", line 854, in fetch
    ret = self._request_exec_wrapper(
          ^^^^^^^^^^^^^^^^^^^^^^^^^^^
  File "/home/airflow/.local/lib/python3.12/site-packages/snowflake/connector/network.py", line 896, in _request_exec_wrapper
    return_object = self._request_exec(
                    ^^^^^^^^^^^^^^^^^^^
  File "/home/airflow/.local/lib/python3.12/site-packages/snowflake/connector/network.py", line 1059, in _request_exec
    raw_ret = session.request(
              ^^^^^^^^^^^^^^^^
  File "/home/airflow/.local/lib/python3.12/site-packages/snowflake/connector/vendored/requests/sessions.py", line 589, in request
    resp = self.send(prep, **send_kwargs)
           ^^^^^^^^^^^^^^^^^^^^^^^^^^^^^^
  File "/home/airflow/.local/lib/python3.12/site-packages/snowflake/connector/vendored/requests/sessions.py", line 703, in send
    r = adapter.send(request, **kwargs)
        ^^^^^^^^^^^^^^^^^^^^^^^^^^^^^^^
  File "/home/airflow/.local/lib/python3.12/site-packages/snowflake/connector/vendored/requests/adapters.py", line 486, in send
    resp = conn.urlopen(
           ^^^^^^^^^^^^^
  File "/home/airflow/.local/lib/python3.12/site-packages/snowflake/connector/vendored/urllib3/connectionpool.py", line 715, in urlopen
    httplib_response = self._make_request(
                       ^^^^^^^^^^^^^^^^^^^
  File "/home/airflow/.local/lib/python3.12/site-packages/snowflake/connector/vendored/urllib3/connectionpool.py", line 467, in _make_request
    six.raise_from(e, None)
  File "<string>", line 3, in raise_from
  File "/home/airflow/.local/lib/python3.12/site-packages/snowflake/connector/vendored/urllib3/connectionpool.py", line 462, in _make_request
    httplib_response = conn.getresponse()
                       ^^^^^^^^^^^^^^^^^^
  File "/usr/local/lib/python3.12/http/client.py", line 1428, in getresponse
    response.begin()
  File "/usr/local/lib/python3.12/http/client.py", line 331, in begin
    version, status, reason = self._read_status()
                              ^^^^^^^^^^^^^^^^^^^
  File "/usr/local/lib/python3.12/http/client.py", line 292, in _read_status
    line = str(self.fp.readline(_MAXLINE + 1), "iso-8859-1")
               ^^^^^^^^^^^^^^^^^^^^^^^^^^^^^^
  File "/usr/local/lib/python3.12/socket.py", line 720, in readinto
    return self._sock.recv_into(b)
           ^^^^^^^^^^^^^^^^^^^^^^^
  File "/home/airflow/.local/lib/python3.12/site-packages/snowflake/connector/vendored/urllib3/contrib/pyopenssl.py", line 330, in recv_into
    if not util.wait_for_read(self.socket, self.socket.gettimeout()):
           ^^^^^^^^^^^^^^^^^^^^^^^^^^^^^^^^^^^^^^^^^^^^^^^^^^^^^^^^^
  File "/home/airflow/.local/lib/python3.12/site-packages/snowflake/connector/vendored/urllib3/util/wait.py", line 145, in wait_for_read
    return wait_for_socket(sock, read=True, timeout=timeout)
           ^^^^^^^^^^^^^^^^^^^^^^^^^^^^^^^^^^^^^^^^^^^^^^^^^
  File "/home/airflow/.local/lib/python3.12/site-packages/snowflake/connector/vendored/urllib3/util/wait.py", line 106, in poll_wait_for_socket
    return bool(_retry_on_intr(do_poll, timeout))
                ^^^^^^^^^^^^^^^^^^^^^^^^^^^^^^^^
  File "/home/airflow/.local/lib/python3.12/site-packages/snowflake/connector/vendored/urllib3/util/wait.py", line 43, in _retry_on_intr
    return fn(timeout)
           ^^^^^^^^^^^
  File "/home/airflow/.local/lib/python3.12/site-packages/snowflake/connector/vendored/urllib3/util/wait.py", line 104, in do_poll
    return poll_obj.poll(t)
           ^^^^^^^^^^^^^^^^
  File "/home/airflow/.local/lib/python3.12/site-packages/airflow/models/taskinstance.py", line 3094, in signal_handler
    raise AirflowTaskTerminated("Task received SIGTERM signal")
airflow.exceptions.AirflowTaskTerminated: Task received SIGTERM signal
[2025-11-22T22:39:55.683+0000] {taskinstance.py:1225} INFO - Marking task as UP_FOR_RETRY. dag_id=TrainPredict, task_id=train, run_id=scheduled__2025-11-21T03:30:00+00:00, execution_date=20251121T033000, start_date=20251122T223854, end_date=20251122T223955
[2025-11-22T22:39:55.689+0000] {taskinstance.py:340} INFO - ::group::Post task execution logs
[2025-11-22T22:39:55.717+0000] {process_utils.py:80} INFO - Process psutil.Process(pid=206, status='terminated', exitcode=2, started='22:38:54') (206) terminated with exit code 2
