[2025-11-22T22:39:57.423+0000] {local_task_job_runner.py:123} INFO - ::group::Pre task execution logs
[2025-11-22T22:39:57.430+0000] {taskinstance.py:2612} INFO - Dependencies all met for dep_context=non-requeueable deps ti=<TaskInstance: TrainPredict.train scheduled__2025-11-21T03:30:00+00:00 [queued]>
[2025-11-22T22:39:57.433+0000] {taskinstance.py:2612} INFO - Dependencies all met for dep_context=requeueable deps ti=<TaskInstance: TrainPredict.train scheduled__2025-11-21T03:30:00+00:00 [queued]>
[2025-11-22T22:39:57.433+0000] {taskinstance.py:2865} INFO - Starting attempt 3 of 3
[2025-11-22T22:39:57.437+0000] {taskinstance.py:2888} INFO - Executing <Task(_PythonDecoratedOperator): train> on 2025-11-21 03:30:00+00:00
[2025-11-22T22:39:57.440+0000] {logging_mixin.py:190} WARNING - /home/***/.local/lib/python3.12/site-packages/***/task/task_runner/standard_task_runner.py:70 DeprecationWarning: This process (pid=291) is multi-threaded, use of fork() may lead to deadlocks in the child.
[2025-11-22T22:39:57.441+0000] {standard_task_runner.py:72} INFO - Started process 294 to run task
[2025-11-22T22:39:57.440+0000] {standard_task_runner.py:104} INFO - Running: ['***', 'tasks', 'run', 'TrainPredict', 'train', 'scheduled__2025-11-21T03:30:00+00:00', '--job-id', '19', '--raw', '--subdir', 'DAGS_FOLDER/train_predict.py', '--cfg-path', '/tmp/tmpcl28j1uo']
[2025-11-22T22:39:57.441+0000] {standard_task_runner.py:105} INFO - Job 19: Subtask train
[2025-11-22T22:39:57.459+0000] {task_command.py:467} INFO - Running <TaskInstance: TrainPredict.train scheduled__2025-11-21T03:30:00+00:00 [running]> on host fdac057bd921
[2025-11-22T22:39:57.483+0000] {taskinstance.py:3131} INFO - Exporting env vars: AIRFLOW_CTX_DAG_OWNER='***' AIRFLOW_CTX_DAG_ID='TrainPredict' AIRFLOW_CTX_TASK_ID='train' AIRFLOW_CTX_EXECUTION_DATE='2025-11-21T03:30:00+00:00' AIRFLOW_CTX_TRY_NUMBER='3' AIRFLOW_CTX_DAG_RUN_ID='scheduled__2025-11-21T03:30:00+00:00'
[2025-11-22T22:39:57.484+0000] {taskinstance.py:731} INFO - ::endgroup::
[2025-11-22T22:39:57.488+0000] {base.py:84} INFO - Retrieving connection 'snowflake_conn'
[2025-11-22T22:39:57.488+0000] {connection.py:413} INFO - Snowflake Connector for Python Version: 3.12.1, Python Version: 3.12.5, Platform: Linux-6.10.14-linuxkit-aarch64-with-glibc2.36
[2025-11-22T22:39:57.489+0000] {connection.py:1196} INFO - Connecting to GLOBAL Snowflake domain
[2025-11-22T22:39:57.489+0000] {connection.py:1277} INFO - This connection is in OCSP Fail Open Mode. TLS Certificates would be checked for validity and revocation status. Any other Certificate Revocation related exceptions or OCSP Responder failures would be disregarded in favor of connectivity.
[2025-11-22T22:39:58.312+0000] {cursor.py:1156} INFO - Number of results in first chunk: 1
[2025-11-22T22:44:43.085+0000] {cursor.py:1156} INFO - Number of results in first chunk: 1
[2025-11-22T22:44:43.087+0000] {connection.py:788} INFO - closed
[2025-11-22T22:44:43.182+0000] {connection.py:794} INFO - No async queries seem to be running, deleting session
[2025-11-22T22:44:43.256+0000] {python.py:240} INFO - Done. Returned value was: None
[2025-11-22T22:44:43.278+0000] {taskinstance.py:340} INFO - ::group::Post task execution logs
[2025-11-22T22:44:43.279+0000] {taskinstance.py:352} INFO - Marking task as SUCCESS. dag_id=TrainPredict, task_id=train, run_id=scheduled__2025-11-21T03:30:00+00:00, execution_date=20251121T033000, start_date=20251122T223957, end_date=20251122T224443
[2025-11-22T22:44:43.343+0000] {local_task_job_runner.py:266} INFO - Task exited with return code 0
[2025-11-22T22:44:43.363+0000] {taskinstance.py:3900} INFO - 1 downstream tasks scheduled from follow-on schedule check
[2025-11-22T22:44:43.364+0000] {local_task_job_runner.py:245} INFO - ::endgroup::
