[2025-12-05T04:46:52.529+0000] {local_task_job_runner.py:123} INFO - ::group::Pre task execution logs
[2025-12-05T04:46:52.534+0000] {taskinstance.py:2612} INFO - Dependencies all met for dep_context=non-requeueable deps ti=<TaskInstance: market_data_ingest.truncate_stage manual__2025-12-05T04:46:48.792710+00:00 [queued]>
[2025-12-05T04:46:52.537+0000] {taskinstance.py:2612} INFO - Dependencies all met for dep_context=requeueable deps ti=<TaskInstance: market_data_ingest.truncate_stage manual__2025-12-05T04:46:48.792710+00:00 [queued]>
[2025-12-05T04:46:52.537+0000] {taskinstance.py:2865} INFO - Starting attempt 1 of 2
[2025-12-05T04:46:52.594+0000] {taskinstance.py:2888} INFO - Executing <Task(SnowflakeOperator): truncate_stage> on 2025-12-05 04:46:48.792710+00:00
[2025-12-05T04:46:52.598+0000] {logging_mixin.py:190} WARNING - /home/***/.local/lib/python3.12/site-packages/***/task/task_runner/standard_task_runner.py:70 DeprecationWarning: This process (pid=5190) is multi-threaded, use of fork() may lead to deadlocks in the child.
[2025-12-05T04:46:52.598+0000] {standard_task_runner.py:72} INFO - Started process 5193 to run task
[2025-12-05T04:46:52.598+0000] {standard_task_runner.py:104} INFO - Running: ['***', 'tasks', 'run', 'market_data_ingest', 'truncate_stage', 'manual__2025-12-05T04:46:48.792710+00:00', '--job-id', '212', '--raw', '--subdir', 'DAGS_FOLDER/market_data_ingest.py', '--cfg-path', '/tmp/tmpls_sdwca']
[2025-12-05T04:46:52.600+0000] {standard_task_runner.py:105} INFO - Job 212: Subtask truncate_stage
[2025-12-05T04:46:52.614+0000] {task_command.py:467} INFO - Running <TaskInstance: market_data_ingest.truncate_stage manual__2025-12-05T04:46:48.792710+00:00 [running]> on host 3a991512098d
[2025-12-05T04:46:52.637+0000] {taskinstance.py:3131} INFO - Exporting env vars: AIRFLOW_CTX_DAG_OWNER='data' AIRFLOW_CTX_DAG_ID='market_data_ingest' AIRFLOW_CTX_TASK_ID='truncate_stage' AIRFLOW_CTX_EXECUTION_DATE='2025-12-05T04:46:48.792710+00:00' AIRFLOW_CTX_TRY_NUMBER='1' AIRFLOW_CTX_DAG_RUN_ID='manual__2025-12-05T04:46:48.792710+00:00'
[2025-12-05T04:46:52.637+0000] {taskinstance.py:731} INFO - ::endgroup::
[2025-12-05T04:46:52.642+0000] {sql.py:266} INFO - Executing: truncate table if exists "USER_DB_OSTRICH"."RAW"."MARKET_DATA_STAGE"
[2025-12-05T04:46:52.646+0000] {base.py:84} INFO - Retrieving connection 'snowflake_conn'
[2025-12-05T04:46:52.648+0000] {base.py:84} INFO - Retrieving connection 'snowflake_conn'
[2025-12-05T04:46:52.649+0000] {connection.py:413} INFO - Snowflake Connector for Python Version: 3.12.1, Python Version: 3.12.5, Platform: Linux-6.10.14-linuxkit-aarch64-with-glibc2.36
[2025-12-05T04:46:52.649+0000] {connection.py:1196} INFO - Connecting to GLOBAL Snowflake domain
[2025-12-05T04:46:52.649+0000] {connection.py:1277} INFO - This connection is in OCSP Fail Open Mode. TLS Certificates would be checked for validity and revocation status. Any other Certificate Revocation related exceptions or OCSP Responder failures would be disregarded in favor of connectivity.
[2025-12-05T04:46:53.413+0000] {cursor.py:1156} INFO - Number of results in first chunk: 1
[2025-12-05T04:46:53.413+0000] {sql.py:509} INFO - Running statement: truncate table if exists "USER_DB_OSTRICH"."RAW"."MARKET_DATA_STAGE", parameters: None
[2025-12-05T04:46:53.880+0000] {cursor.py:1156} INFO - Number of results in first chunk: 1
[2025-12-05T04:46:53.881+0000] {sql.py:518} INFO - Rows affected: 1
[2025-12-05T04:46:53.882+0000] {snowflake.py:422} INFO - Rows affected: 1
[2025-12-05T04:46:53.883+0000] {snowflake.py:423} INFO - Snowflake query id: 01c0d6fe-0307-3287-000f-c0df00adf30a
[2025-12-05T04:46:54.265+0000] {cursor.py:1156} INFO - Number of results in first chunk: 1
[2025-12-05T04:46:54.266+0000] {connection.py:788} INFO - closed
[2025-12-05T04:46:54.311+0000] {connection.py:794} INFO - No async queries seem to be running, deleting session
[2025-12-05T04:46:54.384+0000] {taskinstance.py:340} INFO - ::group::Post task execution logs
[2025-12-05T04:46:54.384+0000] {taskinstance.py:352} INFO - Marking task as SUCCESS. dag_id=market_data_ingest, task_id=truncate_stage, run_id=manual__2025-12-05T04:46:48.792710+00:00, execution_date=20251205T044648, start_date=20251205T044652, end_date=20251205T044654
[2025-12-05T04:46:54.408+0000] {local_task_job_runner.py:266} INFO - Task exited with return code 0
[2025-12-05T04:46:54.415+0000] {logging_mixin.py:190} WARNING - /home/***/.local/lib/python3.12/site-packages/***/models/baseoperator.py:1378 AirflowProviderDeprecationWarning: Call to deprecated class SnowflakeOperator. (This class is deprecated. Please use `***.providers.common.sql.operators.sql.SQLExecuteQueryOperator`. Also, you can provide `hook_params={'warehouse': <warehouse>, 'database': <database>, 'role': <role>, 'schema': <schema>, 'authenticator': <authenticator>,'session_parameters': <session_parameters>}`.)
[2025-12-05T04:46:54.422+0000] {taskinstance.py:3900} INFO - 1 downstream tasks scheduled from follow-on schedule check
[2025-12-05T04:46:54.423+0000] {local_task_job_runner.py:245} INFO - ::endgroup::
