[2025-12-04T00:06:07.850+0000] {processor.py:186} INFO - Started process (PID=10538) to work on /opt/airflow/dags/elt_dbt_downstream.py
[2025-12-04T00:06:07.850+0000] {processor.py:914} INFO - Processing file /opt/airflow/dags/elt_dbt_downstream.py for tasks to queue
[2025-12-04T00:06:07.851+0000] {logging_mixin.py:190} INFO - [2025-12-04T00:06:07.851+0000] {dagbag.py:587} INFO - Filling up the DagBag from /opt/airflow/dags/elt_dbt_downstream.py
[2025-12-04T00:06:07.855+0000] {processor.py:925} INFO - DAG(s) 'elt_dbt_downstream' retrieved from /opt/airflow/dags/elt_dbt_downstream.py
[2025-12-04T00:06:07.863+0000] {logging_mixin.py:190} INFO - [2025-12-04T00:06:07.863+0000] {dag.py:3229} INFO - Sync 1 DAGs
[2025-12-04T00:06:07.871+0000] {logging_mixin.py:190} INFO - [2025-12-04T00:06:07.871+0000] {dag.py:4156} INFO - Setting next_dagrun for elt_dbt_downstream to 2025-12-03 04:00:00+00:00, run_after=2025-12-04 04:00:00+00:00
[2025-12-04T00:06:07.876+0000] {processor.py:208} INFO - Processing /opt/airflow/dags/elt_dbt_downstream.py took 0.028 seconds
[2025-12-04T00:06:38.476+0000] {processor.py:186} INFO - Started process (PID=10564) to work on /opt/airflow/dags/elt_dbt_downstream.py
[2025-12-04T00:06:38.476+0000] {processor.py:914} INFO - Processing file /opt/airflow/dags/elt_dbt_downstream.py for tasks to queue
[2025-12-04T00:06:38.477+0000] {logging_mixin.py:190} INFO - [2025-12-04T00:06:38.477+0000] {dagbag.py:587} INFO - Filling up the DagBag from /opt/airflow/dags/elt_dbt_downstream.py
[2025-12-04T00:06:38.481+0000] {processor.py:925} INFO - DAG(s) 'elt_dbt_downstream' retrieved from /opt/airflow/dags/elt_dbt_downstream.py
[2025-12-04T00:06:38.490+0000] {logging_mixin.py:190} INFO - [2025-12-04T00:06:38.489+0000] {dag.py:3229} INFO - Sync 1 DAGs
[2025-12-04T00:06:38.498+0000] {logging_mixin.py:190} INFO - [2025-12-04T00:06:38.498+0000] {dag.py:4156} INFO - Setting next_dagrun for elt_dbt_downstream to 2025-12-03 04:00:00+00:00, run_after=2025-12-04 04:00:00+00:00
[2025-12-04T00:06:38.503+0000] {processor.py:208} INFO - Processing /opt/airflow/dags/elt_dbt_downstream.py took 0.030 seconds
[2025-12-04T00:12:24.786+0000] {processor.py:186} INFO - Started process (PID=10588) to work on /opt/airflow/dags/elt_dbt_downstream.py
[2025-12-04T00:12:24.791+0000] {processor.py:914} INFO - Processing file /opt/airflow/dags/elt_dbt_downstream.py for tasks to queue
[2025-12-04T00:12:24.795+0000] {logging_mixin.py:190} INFO - [2025-12-04T00:12:24.795+0000] {dagbag.py:587} INFO - Filling up the DagBag from /opt/airflow/dags/elt_dbt_downstream.py
[2025-12-04T00:12:24.807+0000] {processor.py:925} INFO - DAG(s) 'elt_dbt_downstream' retrieved from /opt/airflow/dags/elt_dbt_downstream.py
[2025-12-04T00:12:24.816+0000] {logging_mixin.py:190} INFO - [2025-12-04T00:12:24.816+0000] {dag.py:3229} INFO - Sync 1 DAGs
[2025-12-04T00:12:24.826+0000] {logging_mixin.py:190} INFO - [2025-12-04T00:12:24.826+0000] {dag.py:4156} INFO - Setting next_dagrun for elt_dbt_downstream to 2025-12-03 04:00:00+00:00, run_after=2025-12-04 04:00:00+00:00
[2025-12-04T00:12:24.834+0000] {processor.py:208} INFO - Processing /opt/airflow/dags/elt_dbt_downstream.py took 0.051 seconds
[2025-12-04T00:12:55.275+0000] {processor.py:186} INFO - Started process (PID=10614) to work on /opt/airflow/dags/elt_dbt_downstream.py
[2025-12-04T00:12:55.277+0000] {processor.py:914} INFO - Processing file /opt/airflow/dags/elt_dbt_downstream.py for tasks to queue
[2025-12-04T00:12:55.279+0000] {logging_mixin.py:190} INFO - [2025-12-04T00:12:55.279+0000] {dagbag.py:587} INFO - Filling up the DagBag from /opt/airflow/dags/elt_dbt_downstream.py
[2025-12-04T00:12:55.294+0000] {processor.py:925} INFO - DAG(s) 'elt_dbt_downstream' retrieved from /opt/airflow/dags/elt_dbt_downstream.py
[2025-12-04T00:12:55.303+0000] {logging_mixin.py:190} INFO - [2025-12-04T00:12:55.303+0000] {dag.py:3229} INFO - Sync 1 DAGs
[2025-12-04T00:12:55.315+0000] {logging_mixin.py:190} INFO - [2025-12-04T00:12:55.315+0000] {dag.py:4156} INFO - Setting next_dagrun for elt_dbt_downstream to 2025-12-03 04:00:00+00:00, run_after=2025-12-04 04:00:00+00:00
[2025-12-04T00:12:55.323+0000] {processor.py:208} INFO - Processing /opt/airflow/dags/elt_dbt_downstream.py took 0.050 seconds
[2025-12-04T00:13:25.974+0000] {processor.py:186} INFO - Started process (PID=10642) to work on /opt/airflow/dags/elt_dbt_downstream.py
[2025-12-04T00:13:25.974+0000] {processor.py:914} INFO - Processing file /opt/airflow/dags/elt_dbt_downstream.py for tasks to queue
[2025-12-04T00:13:25.975+0000] {logging_mixin.py:190} INFO - [2025-12-04T00:13:25.975+0000] {dagbag.py:587} INFO - Filling up the DagBag from /opt/airflow/dags/elt_dbt_downstream.py
[2025-12-04T00:13:25.979+0000] {processor.py:925} INFO - DAG(s) 'elt_dbt_downstream' retrieved from /opt/airflow/dags/elt_dbt_downstream.py
[2025-12-04T00:13:25.987+0000] {logging_mixin.py:190} INFO - [2025-12-04T00:13:25.987+0000] {dag.py:3229} INFO - Sync 1 DAGs
[2025-12-04T00:13:25.994+0000] {logging_mixin.py:190} INFO - [2025-12-04T00:13:25.994+0000] {dag.py:4156} INFO - Setting next_dagrun for elt_dbt_downstream to 2025-12-03 04:00:00+00:00, run_after=2025-12-04 04:00:00+00:00
[2025-12-04T00:13:25.999+0000] {processor.py:208} INFO - Processing /opt/airflow/dags/elt_dbt_downstream.py took 0.028 seconds
[2025-12-04T00:13:56.641+0000] {processor.py:186} INFO - Started process (PID=10668) to work on /opt/airflow/dags/elt_dbt_downstream.py
[2025-12-04T00:13:56.641+0000] {processor.py:914} INFO - Processing file /opt/airflow/dags/elt_dbt_downstream.py for tasks to queue
[2025-12-04T00:13:56.642+0000] {logging_mixin.py:190} INFO - [2025-12-04T00:13:56.642+0000] {dagbag.py:587} INFO - Filling up the DagBag from /opt/airflow/dags/elt_dbt_downstream.py
[2025-12-04T00:13:56.646+0000] {processor.py:925} INFO - DAG(s) 'elt_dbt_downstream' retrieved from /opt/airflow/dags/elt_dbt_downstream.py
[2025-12-04T00:13:56.654+0000] {logging_mixin.py:190} INFO - [2025-12-04T00:13:56.654+0000] {dag.py:3229} INFO - Sync 1 DAGs
[2025-12-04T00:13:56.662+0000] {logging_mixin.py:190} INFO - [2025-12-04T00:13:56.662+0000] {dag.py:4156} INFO - Setting next_dagrun for elt_dbt_downstream to 2025-12-03 04:00:00+00:00, run_after=2025-12-04 04:00:00+00:00
[2025-12-04T00:13:56.667+0000] {processor.py:208} INFO - Processing /opt/airflow/dags/elt_dbt_downstream.py took 0.028 seconds
[2025-12-04T00:14:27.287+0000] {processor.py:186} INFO - Started process (PID=10694) to work on /opt/airflow/dags/elt_dbt_downstream.py
[2025-12-04T00:14:27.287+0000] {processor.py:914} INFO - Processing file /opt/airflow/dags/elt_dbt_downstream.py for tasks to queue
[2025-12-04T00:14:27.288+0000] {logging_mixin.py:190} INFO - [2025-12-04T00:14:27.288+0000] {dagbag.py:587} INFO - Filling up the DagBag from /opt/airflow/dags/elt_dbt_downstream.py
[2025-12-04T00:14:27.292+0000] {processor.py:925} INFO - DAG(s) 'elt_dbt_downstream' retrieved from /opt/airflow/dags/elt_dbt_downstream.py
[2025-12-04T00:14:27.299+0000] {logging_mixin.py:190} INFO - [2025-12-04T00:14:27.299+0000] {dag.py:3229} INFO - Sync 1 DAGs
[2025-12-04T00:14:27.307+0000] {logging_mixin.py:190} INFO - [2025-12-04T00:14:27.307+0000] {dag.py:4156} INFO - Setting next_dagrun for elt_dbt_downstream to 2025-12-03 04:00:00+00:00, run_after=2025-12-04 04:00:00+00:00
[2025-12-04T00:14:27.312+0000] {processor.py:208} INFO - Processing /opt/airflow/dags/elt_dbt_downstream.py took 0.027 seconds
[2025-12-04T00:14:58.042+0000] {processor.py:186} INFO - Started process (PID=10720) to work on /opt/airflow/dags/elt_dbt_downstream.py
[2025-12-04T00:14:58.043+0000] {processor.py:914} INFO - Processing file /opt/airflow/dags/elt_dbt_downstream.py for tasks to queue
[2025-12-04T00:14:58.044+0000] {logging_mixin.py:190} INFO - [2025-12-04T00:14:58.043+0000] {dagbag.py:587} INFO - Filling up the DagBag from /opt/airflow/dags/elt_dbt_downstream.py
[2025-12-04T00:14:58.048+0000] {processor.py:925} INFO - DAG(s) 'elt_dbt_downstream' retrieved from /opt/airflow/dags/elt_dbt_downstream.py
[2025-12-04T00:14:58.056+0000] {logging_mixin.py:190} INFO - [2025-12-04T00:14:58.056+0000] {dag.py:3229} INFO - Sync 1 DAGs
[2025-12-04T00:14:58.063+0000] {logging_mixin.py:190} INFO - [2025-12-04T00:14:58.063+0000] {dag.py:4156} INFO - Setting next_dagrun for elt_dbt_downstream to 2025-12-03 04:00:00+00:00, run_after=2025-12-04 04:00:00+00:00
[2025-12-04T00:14:58.068+0000] {processor.py:208} INFO - Processing /opt/airflow/dags/elt_dbt_downstream.py took 0.028 seconds
[2025-12-04T00:15:28.681+0000] {processor.py:186} INFO - Started process (PID=10746) to work on /opt/airflow/dags/elt_dbt_downstream.py
[2025-12-04T00:15:28.681+0000] {processor.py:914} INFO - Processing file /opt/airflow/dags/elt_dbt_downstream.py for tasks to queue
[2025-12-04T00:15:28.682+0000] {logging_mixin.py:190} INFO - [2025-12-04T00:15:28.682+0000] {dagbag.py:587} INFO - Filling up the DagBag from /opt/airflow/dags/elt_dbt_downstream.py
[2025-12-04T00:15:28.686+0000] {processor.py:925} INFO - DAG(s) 'elt_dbt_downstream' retrieved from /opt/airflow/dags/elt_dbt_downstream.py
[2025-12-04T00:15:28.694+0000] {logging_mixin.py:190} INFO - [2025-12-04T00:15:28.694+0000] {dag.py:3229} INFO - Sync 1 DAGs
[2025-12-04T00:15:28.702+0000] {logging_mixin.py:190} INFO - [2025-12-04T00:15:28.701+0000] {dag.py:4156} INFO - Setting next_dagrun for elt_dbt_downstream to 2025-12-03 04:00:00+00:00, run_after=2025-12-04 04:00:00+00:00
[2025-12-04T00:15:28.706+0000] {processor.py:208} INFO - Processing /opt/airflow/dags/elt_dbt_downstream.py took 0.028 seconds
[2025-12-04T00:15:59.311+0000] {processor.py:186} INFO - Started process (PID=10772) to work on /opt/airflow/dags/elt_dbt_downstream.py
[2025-12-04T00:15:59.312+0000] {processor.py:914} INFO - Processing file /opt/airflow/dags/elt_dbt_downstream.py for tasks to queue
[2025-12-04T00:15:59.313+0000] {logging_mixin.py:190} INFO - [2025-12-04T00:15:59.312+0000] {dagbag.py:587} INFO - Filling up the DagBag from /opt/airflow/dags/elt_dbt_downstream.py
[2025-12-04T00:15:59.317+0000] {processor.py:925} INFO - DAG(s) 'elt_dbt_downstream' retrieved from /opt/airflow/dags/elt_dbt_downstream.py
[2025-12-04T00:15:59.324+0000] {logging_mixin.py:190} INFO - [2025-12-04T00:15:59.324+0000] {dag.py:3229} INFO - Sync 1 DAGs
[2025-12-04T00:15:59.332+0000] {logging_mixin.py:190} INFO - [2025-12-04T00:15:59.332+0000] {dag.py:4156} INFO - Setting next_dagrun for elt_dbt_downstream to 2025-12-03 04:00:00+00:00, run_after=2025-12-04 04:00:00+00:00
[2025-12-04T00:15:59.337+0000] {processor.py:208} INFO - Processing /opt/airflow/dags/elt_dbt_downstream.py took 0.028 seconds
[2025-12-04T00:16:29.902+0000] {processor.py:186} INFO - Started process (PID=10798) to work on /opt/airflow/dags/elt_dbt_downstream.py
[2025-12-04T00:16:29.903+0000] {processor.py:914} INFO - Processing file /opt/airflow/dags/elt_dbt_downstream.py for tasks to queue
[2025-12-04T00:16:29.903+0000] {logging_mixin.py:190} INFO - [2025-12-04T00:16:29.903+0000] {dagbag.py:587} INFO - Filling up the DagBag from /opt/airflow/dags/elt_dbt_downstream.py
[2025-12-04T00:16:29.907+0000] {processor.py:925} INFO - DAG(s) 'elt_dbt_downstream' retrieved from /opt/airflow/dags/elt_dbt_downstream.py
[2025-12-04T00:16:29.915+0000] {logging_mixin.py:190} INFO - [2025-12-04T00:16:29.915+0000] {dag.py:3229} INFO - Sync 1 DAGs
[2025-12-04T00:16:29.923+0000] {logging_mixin.py:190} INFO - [2025-12-04T00:16:29.923+0000] {dag.py:4156} INFO - Setting next_dagrun for elt_dbt_downstream to 2025-12-03 04:00:00+00:00, run_after=2025-12-04 04:00:00+00:00
[2025-12-04T00:16:29.928+0000] {processor.py:208} INFO - Processing /opt/airflow/dags/elt_dbt_downstream.py took 0.028 seconds
[2025-12-04T00:17:00.530+0000] {processor.py:186} INFO - Started process (PID=10824) to work on /opt/airflow/dags/elt_dbt_downstream.py
[2025-12-04T00:17:00.530+0000] {processor.py:914} INFO - Processing file /opt/airflow/dags/elt_dbt_downstream.py for tasks to queue
[2025-12-04T00:17:00.531+0000] {logging_mixin.py:190} INFO - [2025-12-04T00:17:00.531+0000] {dagbag.py:587} INFO - Filling up the DagBag from /opt/airflow/dags/elt_dbt_downstream.py
[2025-12-04T00:17:00.536+0000] {processor.py:925} INFO - DAG(s) 'elt_dbt_downstream' retrieved from /opt/airflow/dags/elt_dbt_downstream.py
[2025-12-04T00:17:00.543+0000] {logging_mixin.py:190} INFO - [2025-12-04T00:17:00.543+0000] {dag.py:3229} INFO - Sync 1 DAGs
[2025-12-04T00:17:00.551+0000] {logging_mixin.py:190} INFO - [2025-12-04T00:17:00.551+0000] {dag.py:4156} INFO - Setting next_dagrun for elt_dbt_downstream to 2025-12-03 04:00:00+00:00, run_after=2025-12-04 04:00:00+00:00
[2025-12-04T00:17:00.556+0000] {processor.py:208} INFO - Processing /opt/airflow/dags/elt_dbt_downstream.py took 0.028 seconds
[2025-12-04T00:17:31.148+0000] {processor.py:186} INFO - Started process (PID=10850) to work on /opt/airflow/dags/elt_dbt_downstream.py
[2025-12-04T00:17:31.148+0000] {processor.py:914} INFO - Processing file /opt/airflow/dags/elt_dbt_downstream.py for tasks to queue
[2025-12-04T00:17:31.149+0000] {logging_mixin.py:190} INFO - [2025-12-04T00:17:31.149+0000] {dagbag.py:587} INFO - Filling up the DagBag from /opt/airflow/dags/elt_dbt_downstream.py
[2025-12-04T00:17:31.153+0000] {processor.py:925} INFO - DAG(s) 'elt_dbt_downstream' retrieved from /opt/airflow/dags/elt_dbt_downstream.py
[2025-12-04T00:17:31.161+0000] {logging_mixin.py:190} INFO - [2025-12-04T00:17:31.161+0000] {dag.py:3229} INFO - Sync 1 DAGs
[2025-12-04T00:17:31.168+0000] {logging_mixin.py:190} INFO - [2025-12-04T00:17:31.168+0000] {dag.py:4156} INFO - Setting next_dagrun for elt_dbt_downstream to 2025-12-03 04:00:00+00:00, run_after=2025-12-04 04:00:00+00:00
[2025-12-04T00:17:31.173+0000] {processor.py:208} INFO - Processing /opt/airflow/dags/elt_dbt_downstream.py took 0.027 seconds
[2025-12-04T00:18:01.566+0000] {processor.py:186} INFO - Started process (PID=10874) to work on /opt/airflow/dags/elt_dbt_downstream.py
[2025-12-04T00:18:01.568+0000] {processor.py:914} INFO - Processing file /opt/airflow/dags/elt_dbt_downstream.py for tasks to queue
[2025-12-04T00:18:01.571+0000] {logging_mixin.py:190} INFO - [2025-12-04T00:18:01.571+0000] {dagbag.py:587} INFO - Filling up the DagBag from /opt/airflow/dags/elt_dbt_downstream.py
[2025-12-04T00:18:01.575+0000] {processor.py:925} INFO - DAG(s) 'elt_dbt_downstream' retrieved from /opt/airflow/dags/elt_dbt_downstream.py
[2025-12-04T00:18:01.584+0000] {logging_mixin.py:190} INFO - [2025-12-04T00:18:01.584+0000] {dag.py:3229} INFO - Sync 1 DAGs
[2025-12-04T00:18:01.595+0000] {logging_mixin.py:190} INFO - [2025-12-04T00:18:01.595+0000] {dag.py:4156} INFO - Setting next_dagrun for elt_dbt_downstream to 2025-12-03 04:00:00+00:00, run_after=2025-12-04 04:00:00+00:00
[2025-12-04T00:18:01.601+0000] {processor.py:208} INFO - Processing /opt/airflow/dags/elt_dbt_downstream.py took 0.038 seconds
[2025-12-04T00:18:32.226+0000] {processor.py:186} INFO - Started process (PID=10902) to work on /opt/airflow/dags/elt_dbt_downstream.py
[2025-12-04T00:18:32.226+0000] {processor.py:914} INFO - Processing file /opt/airflow/dags/elt_dbt_downstream.py for tasks to queue
[2025-12-04T00:18:32.227+0000] {logging_mixin.py:190} INFO - [2025-12-04T00:18:32.227+0000] {dagbag.py:587} INFO - Filling up the DagBag from /opt/airflow/dags/elt_dbt_downstream.py
[2025-12-04T00:18:32.231+0000] {processor.py:925} INFO - DAG(s) 'elt_dbt_downstream' retrieved from /opt/airflow/dags/elt_dbt_downstream.py
[2025-12-04T00:18:32.239+0000] {logging_mixin.py:190} INFO - [2025-12-04T00:18:32.239+0000] {dag.py:3229} INFO - Sync 1 DAGs
[2025-12-04T00:18:32.246+0000] {logging_mixin.py:190} INFO - [2025-12-04T00:18:32.246+0000] {dag.py:4156} INFO - Setting next_dagrun for elt_dbt_downstream to 2025-12-03 04:00:00+00:00, run_after=2025-12-04 04:00:00+00:00
[2025-12-04T00:18:32.251+0000] {processor.py:208} INFO - Processing /opt/airflow/dags/elt_dbt_downstream.py took 0.028 seconds
[2025-12-04T00:19:02.863+0000] {processor.py:186} INFO - Started process (PID=10934) to work on /opt/airflow/dags/elt_dbt_downstream.py
[2025-12-04T00:19:02.864+0000] {processor.py:914} INFO - Processing file /opt/airflow/dags/elt_dbt_downstream.py for tasks to queue
[2025-12-04T00:19:02.865+0000] {logging_mixin.py:190} INFO - [2025-12-04T00:19:02.865+0000] {dagbag.py:587} INFO - Filling up the DagBag from /opt/airflow/dags/elt_dbt_downstream.py
[2025-12-04T00:19:02.869+0000] {processor.py:925} INFO - DAG(s) 'elt_dbt_downstream' retrieved from /opt/airflow/dags/elt_dbt_downstream.py
[2025-12-04T00:19:02.877+0000] {logging_mixin.py:190} INFO - [2025-12-04T00:19:02.877+0000] {dag.py:3229} INFO - Sync 1 DAGs
[2025-12-04T00:19:02.885+0000] {logging_mixin.py:190} INFO - [2025-12-04T00:19:02.885+0000] {dag.py:4156} INFO - Setting next_dagrun for elt_dbt_downstream to 2025-12-03 04:00:00+00:00, run_after=2025-12-04 04:00:00+00:00
[2025-12-04T00:19:02.890+0000] {processor.py:208} INFO - Processing /opt/airflow/dags/elt_dbt_downstream.py took 0.029 seconds
[2025-12-04T00:19:33.648+0000] {processor.py:186} INFO - Started process (PID=10960) to work on /opt/airflow/dags/elt_dbt_downstream.py
[2025-12-04T00:19:33.648+0000] {processor.py:914} INFO - Processing file /opt/airflow/dags/elt_dbt_downstream.py for tasks to queue
[2025-12-04T00:19:33.649+0000] {logging_mixin.py:190} INFO - [2025-12-04T00:19:33.649+0000] {dagbag.py:587} INFO - Filling up the DagBag from /opt/airflow/dags/elt_dbt_downstream.py
[2025-12-04T00:19:33.653+0000] {processor.py:925} INFO - DAG(s) 'elt_dbt_downstream' retrieved from /opt/airflow/dags/elt_dbt_downstream.py
[2025-12-04T00:19:33.661+0000] {logging_mixin.py:190} INFO - [2025-12-04T00:19:33.661+0000] {dag.py:3229} INFO - Sync 1 DAGs
[2025-12-04T00:19:33.668+0000] {logging_mixin.py:190} INFO - [2025-12-04T00:19:33.668+0000] {dag.py:4156} INFO - Setting next_dagrun for elt_dbt_downstream to 2025-12-03 04:00:00+00:00, run_after=2025-12-04 04:00:00+00:00
[2025-12-04T00:19:33.673+0000] {processor.py:208} INFO - Processing /opt/airflow/dags/elt_dbt_downstream.py took 0.028 seconds
[2025-12-04T00:20:04.278+0000] {processor.py:186} INFO - Started process (PID=10987) to work on /opt/airflow/dags/elt_dbt_downstream.py
[2025-12-04T00:20:04.279+0000] {processor.py:914} INFO - Processing file /opt/airflow/dags/elt_dbt_downstream.py for tasks to queue
[2025-12-04T00:20:04.280+0000] {logging_mixin.py:190} INFO - [2025-12-04T00:20:04.279+0000] {dagbag.py:587} INFO - Filling up the DagBag from /opt/airflow/dags/elt_dbt_downstream.py
[2025-12-04T00:20:04.284+0000] {processor.py:925} INFO - DAG(s) 'elt_dbt_downstream' retrieved from /opt/airflow/dags/elt_dbt_downstream.py
[2025-12-04T00:20:04.291+0000] {logging_mixin.py:190} INFO - [2025-12-04T00:20:04.291+0000] {dag.py:3229} INFO - Sync 1 DAGs
[2025-12-04T00:20:04.299+0000] {logging_mixin.py:190} INFO - [2025-12-04T00:20:04.299+0000] {dag.py:4156} INFO - Setting next_dagrun for elt_dbt_downstream to 2025-12-03 04:00:00+00:00, run_after=2025-12-04 04:00:00+00:00
[2025-12-04T00:20:04.304+0000] {processor.py:208} INFO - Processing /opt/airflow/dags/elt_dbt_downstream.py took 0.028 seconds
[2025-12-04T00:20:34.888+0000] {processor.py:186} INFO - Started process (PID=11013) to work on /opt/airflow/dags/elt_dbt_downstream.py
[2025-12-04T00:20:34.888+0000] {processor.py:914} INFO - Processing file /opt/airflow/dags/elt_dbt_downstream.py for tasks to queue
[2025-12-04T00:20:34.889+0000] {logging_mixin.py:190} INFO - [2025-12-04T00:20:34.889+0000] {dagbag.py:587} INFO - Filling up the DagBag from /opt/airflow/dags/elt_dbt_downstream.py
[2025-12-04T00:20:34.893+0000] {processor.py:925} INFO - DAG(s) 'elt_dbt_downstream' retrieved from /opt/airflow/dags/elt_dbt_downstream.py
[2025-12-04T00:20:34.901+0000] {logging_mixin.py:190} INFO - [2025-12-04T00:20:34.901+0000] {dag.py:3229} INFO - Sync 1 DAGs
[2025-12-04T00:20:34.908+0000] {logging_mixin.py:190} INFO - [2025-12-04T00:20:34.908+0000] {dag.py:4156} INFO - Setting next_dagrun for elt_dbt_downstream to 2025-12-03 04:00:00+00:00, run_after=2025-12-04 04:00:00+00:00
[2025-12-04T00:20:34.913+0000] {processor.py:208} INFO - Processing /opt/airflow/dags/elt_dbt_downstream.py took 0.027 seconds
[2025-12-04T00:21:05.551+0000] {processor.py:186} INFO - Started process (PID=11039) to work on /opt/airflow/dags/elt_dbt_downstream.py
[2025-12-04T00:21:05.551+0000] {processor.py:914} INFO - Processing file /opt/airflow/dags/elt_dbt_downstream.py for tasks to queue
[2025-12-04T00:21:05.552+0000] {logging_mixin.py:190} INFO - [2025-12-04T00:21:05.552+0000] {dagbag.py:587} INFO - Filling up the DagBag from /opt/airflow/dags/elt_dbt_downstream.py
[2025-12-04T00:21:05.556+0000] {processor.py:925} INFO - DAG(s) 'elt_dbt_downstream' retrieved from /opt/airflow/dags/elt_dbt_downstream.py
[2025-12-04T00:21:05.564+0000] {logging_mixin.py:190} INFO - [2025-12-04T00:21:05.564+0000] {dag.py:3229} INFO - Sync 1 DAGs
[2025-12-04T00:21:05.572+0000] {logging_mixin.py:190} INFO - [2025-12-04T00:21:05.571+0000] {dag.py:4156} INFO - Setting next_dagrun for elt_dbt_downstream to 2025-12-03 04:00:00+00:00, run_after=2025-12-04 04:00:00+00:00
[2025-12-04T00:21:05.576+0000] {processor.py:208} INFO - Processing /opt/airflow/dags/elt_dbt_downstream.py took 0.028 seconds
[2025-12-04T00:21:36.177+0000] {processor.py:186} INFO - Started process (PID=11065) to work on /opt/airflow/dags/elt_dbt_downstream.py
[2025-12-04T00:21:36.177+0000] {processor.py:914} INFO - Processing file /opt/airflow/dags/elt_dbt_downstream.py for tasks to queue
[2025-12-04T00:21:36.178+0000] {logging_mixin.py:190} INFO - [2025-12-04T00:21:36.178+0000] {dagbag.py:587} INFO - Filling up the DagBag from /opt/airflow/dags/elt_dbt_downstream.py
[2025-12-04T00:21:36.182+0000] {processor.py:925} INFO - DAG(s) 'elt_dbt_downstream' retrieved from /opt/airflow/dags/elt_dbt_downstream.py
[2025-12-04T00:21:36.190+0000] {logging_mixin.py:190} INFO - [2025-12-04T00:21:36.190+0000] {dag.py:3229} INFO - Sync 1 DAGs
[2025-12-04T00:21:36.197+0000] {logging_mixin.py:190} INFO - [2025-12-04T00:21:36.197+0000] {dag.py:4156} INFO - Setting next_dagrun for elt_dbt_downstream to 2025-12-03 04:00:00+00:00, run_after=2025-12-04 04:00:00+00:00
[2025-12-04T00:21:36.202+0000] {processor.py:208} INFO - Processing /opt/airflow/dags/elt_dbt_downstream.py took 0.028 seconds
[2025-12-04T00:24:56.056+0000] {processor.py:186} INFO - Started process (PID=11085) to work on /opt/airflow/dags/elt_dbt_downstream.py
[2025-12-04T00:24:56.057+0000] {processor.py:914} INFO - Processing file /opt/airflow/dags/elt_dbt_downstream.py for tasks to queue
[2025-12-04T00:24:56.058+0000] {logging_mixin.py:190} INFO - [2025-12-04T00:24:56.057+0000] {dagbag.py:587} INFO - Filling up the DagBag from /opt/airflow/dags/elt_dbt_downstream.py
[2025-12-04T00:24:56.062+0000] {processor.py:925} INFO - DAG(s) 'elt_dbt_downstream' retrieved from /opt/airflow/dags/elt_dbt_downstream.py
[2025-12-04T00:24:56.070+0000] {logging_mixin.py:190} INFO - [2025-12-04T00:24:56.070+0000] {dag.py:3229} INFO - Sync 1 DAGs
[2025-12-04T00:24:56.077+0000] {logging_mixin.py:190} INFO - [2025-12-04T00:24:56.077+0000] {dag.py:4156} INFO - Setting next_dagrun for elt_dbt_downstream to 2025-12-03 04:00:00+00:00, run_after=2025-12-04 04:00:00+00:00
[2025-12-04T00:24:56.083+0000] {processor.py:208} INFO - Processing /opt/airflow/dags/elt_dbt_downstream.py took 0.029 seconds
[2025-12-04T00:25:26.769+0000] {processor.py:186} INFO - Started process (PID=11111) to work on /opt/airflow/dags/elt_dbt_downstream.py
[2025-12-04T00:25:26.770+0000] {processor.py:914} INFO - Processing file /opt/airflow/dags/elt_dbt_downstream.py for tasks to queue
[2025-12-04T00:25:26.771+0000] {logging_mixin.py:190} INFO - [2025-12-04T00:25:26.770+0000] {dagbag.py:587} INFO - Filling up the DagBag from /opt/airflow/dags/elt_dbt_downstream.py
[2025-12-04T00:25:26.775+0000] {processor.py:925} INFO - DAG(s) 'elt_dbt_downstream' retrieved from /opt/airflow/dags/elt_dbt_downstream.py
[2025-12-04T00:25:26.783+0000] {logging_mixin.py:190} INFO - [2025-12-04T00:25:26.783+0000] {dag.py:3229} INFO - Sync 1 DAGs
[2025-12-04T00:25:26.792+0000] {logging_mixin.py:190} INFO - [2025-12-04T00:25:26.792+0000] {dag.py:4156} INFO - Setting next_dagrun for elt_dbt_downstream to 2025-12-03 04:00:00+00:00, run_after=2025-12-04 04:00:00+00:00
[2025-12-04T00:25:26.797+0000] {processor.py:208} INFO - Processing /opt/airflow/dags/elt_dbt_downstream.py took 0.030 seconds
[2025-12-04T00:25:57.447+0000] {processor.py:186} INFO - Started process (PID=11137) to work on /opt/airflow/dags/elt_dbt_downstream.py
[2025-12-04T00:25:57.447+0000] {processor.py:914} INFO - Processing file /opt/airflow/dags/elt_dbt_downstream.py for tasks to queue
[2025-12-04T00:25:57.448+0000] {logging_mixin.py:190} INFO - [2025-12-04T00:25:57.448+0000] {dagbag.py:587} INFO - Filling up the DagBag from /opt/airflow/dags/elt_dbt_downstream.py
[2025-12-04T00:25:57.452+0000] {processor.py:925} INFO - DAG(s) 'elt_dbt_downstream' retrieved from /opt/airflow/dags/elt_dbt_downstream.py
[2025-12-04T00:25:57.459+0000] {logging_mixin.py:190} INFO - [2025-12-04T00:25:57.459+0000] {dag.py:3229} INFO - Sync 1 DAGs
[2025-12-04T00:25:57.467+0000] {logging_mixin.py:190} INFO - [2025-12-04T00:25:57.467+0000] {dag.py:4156} INFO - Setting next_dagrun for elt_dbt_downstream to 2025-12-03 04:00:00+00:00, run_after=2025-12-04 04:00:00+00:00
[2025-12-04T00:25:57.472+0000] {processor.py:208} INFO - Processing /opt/airflow/dags/elt_dbt_downstream.py took 0.027 seconds
[2025-12-04T00:26:28.047+0000] {processor.py:186} INFO - Started process (PID=11163) to work on /opt/airflow/dags/elt_dbt_downstream.py
[2025-12-04T00:26:28.048+0000] {processor.py:914} INFO - Processing file /opt/airflow/dags/elt_dbt_downstream.py for tasks to queue
[2025-12-04T00:26:28.048+0000] {logging_mixin.py:190} INFO - [2025-12-04T00:26:28.048+0000] {dagbag.py:587} INFO - Filling up the DagBag from /opt/airflow/dags/elt_dbt_downstream.py
[2025-12-04T00:26:28.052+0000] {processor.py:925} INFO - DAG(s) 'elt_dbt_downstream' retrieved from /opt/airflow/dags/elt_dbt_downstream.py
[2025-12-04T00:26:28.060+0000] {logging_mixin.py:190} INFO - [2025-12-04T00:26:28.060+0000] {dag.py:3229} INFO - Sync 1 DAGs
[2025-12-04T00:26:28.067+0000] {logging_mixin.py:190} INFO - [2025-12-04T00:26:28.067+0000] {dag.py:4156} INFO - Setting next_dagrun for elt_dbt_downstream to 2025-12-03 04:00:00+00:00, run_after=2025-12-04 04:00:00+00:00
[2025-12-04T00:26:28.072+0000] {processor.py:208} INFO - Processing /opt/airflow/dags/elt_dbt_downstream.py took 0.027 seconds
[2025-12-04T00:26:58.660+0000] {processor.py:186} INFO - Started process (PID=11189) to work on /opt/airflow/dags/elt_dbt_downstream.py
[2025-12-04T00:26:58.661+0000] {processor.py:914} INFO - Processing file /opt/airflow/dags/elt_dbt_downstream.py for tasks to queue
[2025-12-04T00:26:58.662+0000] {logging_mixin.py:190} INFO - [2025-12-04T00:26:58.662+0000] {dagbag.py:587} INFO - Filling up the DagBag from /opt/airflow/dags/elt_dbt_downstream.py
[2025-12-04T00:26:58.666+0000] {processor.py:925} INFO - DAG(s) 'elt_dbt_downstream' retrieved from /opt/airflow/dags/elt_dbt_downstream.py
[2025-12-04T00:26:58.674+0000] {logging_mixin.py:190} INFO - [2025-12-04T00:26:58.674+0000] {dag.py:3229} INFO - Sync 1 DAGs
[2025-12-04T00:26:58.681+0000] {logging_mixin.py:190} INFO - [2025-12-04T00:26:58.681+0000] {dag.py:4156} INFO - Setting next_dagrun for elt_dbt_downstream to 2025-12-03 04:00:00+00:00, run_after=2025-12-04 04:00:00+00:00
[2025-12-04T00:26:58.687+0000] {processor.py:208} INFO - Processing /opt/airflow/dags/elt_dbt_downstream.py took 0.029 seconds
[2025-12-04T00:27:29.324+0000] {processor.py:186} INFO - Started process (PID=11215) to work on /opt/airflow/dags/elt_dbt_downstream.py
[2025-12-04T00:27:29.325+0000] {processor.py:914} INFO - Processing file /opt/airflow/dags/elt_dbt_downstream.py for tasks to queue
[2025-12-04T00:27:29.325+0000] {logging_mixin.py:190} INFO - [2025-12-04T00:27:29.325+0000] {dagbag.py:587} INFO - Filling up the DagBag from /opt/airflow/dags/elt_dbt_downstream.py
[2025-12-04T00:27:29.329+0000] {processor.py:925} INFO - DAG(s) 'elt_dbt_downstream' retrieved from /opt/airflow/dags/elt_dbt_downstream.py
[2025-12-04T00:27:29.337+0000] {logging_mixin.py:190} INFO - [2025-12-04T00:27:29.337+0000] {dag.py:3229} INFO - Sync 1 DAGs
[2025-12-04T00:27:29.345+0000] {logging_mixin.py:190} INFO - [2025-12-04T00:27:29.345+0000] {dag.py:4156} INFO - Setting next_dagrun for elt_dbt_downstream to 2025-12-03 04:00:00+00:00, run_after=2025-12-04 04:00:00+00:00
[2025-12-04T00:27:29.350+0000] {processor.py:208} INFO - Processing /opt/airflow/dags/elt_dbt_downstream.py took 0.028 seconds
[2025-12-04T00:27:59.966+0000] {processor.py:186} INFO - Started process (PID=11241) to work on /opt/airflow/dags/elt_dbt_downstream.py
[2025-12-04T00:27:59.966+0000] {processor.py:914} INFO - Processing file /opt/airflow/dags/elt_dbt_downstream.py for tasks to queue
[2025-12-04T00:27:59.967+0000] {logging_mixin.py:190} INFO - [2025-12-04T00:27:59.967+0000] {dagbag.py:587} INFO - Filling up the DagBag from /opt/airflow/dags/elt_dbt_downstream.py
[2025-12-04T00:27:59.971+0000] {processor.py:925} INFO - DAG(s) 'elt_dbt_downstream' retrieved from /opt/airflow/dags/elt_dbt_downstream.py
[2025-12-04T00:27:59.979+0000] {logging_mixin.py:190} INFO - [2025-12-04T00:27:59.979+0000] {dag.py:3229} INFO - Sync 1 DAGs
[2025-12-04T00:27:59.987+0000] {logging_mixin.py:190} INFO - [2025-12-04T00:27:59.987+0000] {dag.py:4156} INFO - Setting next_dagrun for elt_dbt_downstream to 2025-12-03 04:00:00+00:00, run_after=2025-12-04 04:00:00+00:00
[2025-12-04T00:27:59.992+0000] {processor.py:208} INFO - Processing /opt/airflow/dags/elt_dbt_downstream.py took 0.028 seconds
[2025-12-04T00:28:30.392+0000] {processor.py:186} INFO - Started process (PID=11265) to work on /opt/airflow/dags/elt_dbt_downstream.py
[2025-12-04T00:28:30.397+0000] {processor.py:914} INFO - Processing file /opt/airflow/dags/elt_dbt_downstream.py for tasks to queue
[2025-12-04T00:28:30.398+0000] {logging_mixin.py:190} INFO - [2025-12-04T00:28:30.398+0000] {dagbag.py:587} INFO - Filling up the DagBag from /opt/airflow/dags/elt_dbt_downstream.py
[2025-12-04T00:28:30.404+0000] {processor.py:925} INFO - DAG(s) 'elt_dbt_downstream' retrieved from /opt/airflow/dags/elt_dbt_downstream.py
[2025-12-04T00:28:30.412+0000] {logging_mixin.py:190} INFO - [2025-12-04T00:28:30.412+0000] {dag.py:3229} INFO - Sync 1 DAGs
[2025-12-04T00:28:30.420+0000] {logging_mixin.py:190} INFO - [2025-12-04T00:28:30.420+0000] {dag.py:4156} INFO - Setting next_dagrun for elt_dbt_downstream to 2025-12-03 04:00:00+00:00, run_after=2025-12-04 04:00:00+00:00
[2025-12-04T00:28:30.426+0000] {processor.py:208} INFO - Processing /opt/airflow/dags/elt_dbt_downstream.py took 0.037 seconds
[2025-12-04T00:29:00.828+0000] {processor.py:186} INFO - Started process (PID=11291) to work on /opt/airflow/dags/elt_dbt_downstream.py
[2025-12-04T00:29:00.829+0000] {processor.py:914} INFO - Processing file /opt/airflow/dags/elt_dbt_downstream.py for tasks to queue
[2025-12-04T00:29:00.830+0000] {logging_mixin.py:190} INFO - [2025-12-04T00:29:00.830+0000] {dagbag.py:587} INFO - Filling up the DagBag from /opt/airflow/dags/elt_dbt_downstream.py
[2025-12-04T00:29:00.835+0000] {processor.py:925} INFO - DAG(s) 'elt_dbt_downstream' retrieved from /opt/airflow/dags/elt_dbt_downstream.py
[2025-12-04T00:29:00.844+0000] {logging_mixin.py:190} INFO - [2025-12-04T00:29:00.844+0000] {dag.py:3229} INFO - Sync 1 DAGs
[2025-12-04T00:29:00.852+0000] {logging_mixin.py:190} INFO - [2025-12-04T00:29:00.852+0000] {dag.py:4156} INFO - Setting next_dagrun for elt_dbt_downstream to 2025-12-03 04:00:00+00:00, run_after=2025-12-04 04:00:00+00:00
[2025-12-04T00:29:00.858+0000] {processor.py:208} INFO - Processing /opt/airflow/dags/elt_dbt_downstream.py took 0.033 seconds
[2025-12-04T00:29:31.493+0000] {processor.py:186} INFO - Started process (PID=11319) to work on /opt/airflow/dags/elt_dbt_downstream.py
[2025-12-04T00:29:31.493+0000] {processor.py:914} INFO - Processing file /opt/airflow/dags/elt_dbt_downstream.py for tasks to queue
[2025-12-04T00:29:31.494+0000] {logging_mixin.py:190} INFO - [2025-12-04T00:29:31.494+0000] {dagbag.py:587} INFO - Filling up the DagBag from /opt/airflow/dags/elt_dbt_downstream.py
[2025-12-04T00:29:31.498+0000] {processor.py:925} INFO - DAG(s) 'elt_dbt_downstream' retrieved from /opt/airflow/dags/elt_dbt_downstream.py
[2025-12-04T00:29:31.505+0000] {logging_mixin.py:190} INFO - [2025-12-04T00:29:31.505+0000] {dag.py:3229} INFO - Sync 1 DAGs
[2025-12-04T00:29:31.513+0000] {logging_mixin.py:190} INFO - [2025-12-04T00:29:31.513+0000] {dag.py:4156} INFO - Setting next_dagrun for elt_dbt_downstream to 2025-12-03 04:00:00+00:00, run_after=2025-12-04 04:00:00+00:00
[2025-12-04T00:29:31.518+0000] {processor.py:208} INFO - Processing /opt/airflow/dags/elt_dbt_downstream.py took 0.028 seconds
[2025-12-04T00:30:01.862+0000] {processor.py:186} INFO - Started process (PID=11343) to work on /opt/airflow/dags/elt_dbt_downstream.py
[2025-12-04T00:30:01.863+0000] {processor.py:914} INFO - Processing file /opt/airflow/dags/elt_dbt_downstream.py for tasks to queue
[2025-12-04T00:30:01.865+0000] {logging_mixin.py:190} INFO - [2025-12-04T00:30:01.865+0000] {dagbag.py:587} INFO - Filling up the DagBag from /opt/airflow/dags/elt_dbt_downstream.py
[2025-12-04T00:30:01.871+0000] {processor.py:925} INFO - DAG(s) 'elt_dbt_downstream' retrieved from /opt/airflow/dags/elt_dbt_downstream.py
[2025-12-04T00:30:01.880+0000] {logging_mixin.py:190} INFO - [2025-12-04T00:30:01.880+0000] {dag.py:3229} INFO - Sync 1 DAGs
[2025-12-04T00:30:01.889+0000] {logging_mixin.py:190} INFO - [2025-12-04T00:30:01.889+0000] {dag.py:4156} INFO - Setting next_dagrun for elt_dbt_downstream to 2025-12-03 04:00:00+00:00, run_after=2025-12-04 04:00:00+00:00
[2025-12-04T00:30:01.895+0000] {processor.py:208} INFO - Processing /opt/airflow/dags/elt_dbt_downstream.py took 0.036 seconds
[2025-12-04T00:30:32.534+0000] {processor.py:186} INFO - Started process (PID=11371) to work on /opt/airflow/dags/elt_dbt_downstream.py
[2025-12-04T00:30:32.535+0000] {processor.py:914} INFO - Processing file /opt/airflow/dags/elt_dbt_downstream.py for tasks to queue
[2025-12-04T00:30:32.536+0000] {logging_mixin.py:190} INFO - [2025-12-04T00:30:32.535+0000] {dagbag.py:587} INFO - Filling up the DagBag from /opt/airflow/dags/elt_dbt_downstream.py
[2025-12-04T00:30:32.540+0000] {processor.py:925} INFO - DAG(s) 'elt_dbt_downstream' retrieved from /opt/airflow/dags/elt_dbt_downstream.py
[2025-12-04T00:30:32.547+0000] {logging_mixin.py:190} INFO - [2025-12-04T00:30:32.547+0000] {dag.py:3229} INFO - Sync 1 DAGs
[2025-12-04T00:30:32.555+0000] {logging_mixin.py:190} INFO - [2025-12-04T00:30:32.555+0000] {dag.py:4156} INFO - Setting next_dagrun for elt_dbt_downstream to 2025-12-03 04:00:00+00:00, run_after=2025-12-04 04:00:00+00:00
[2025-12-04T00:30:32.560+0000] {processor.py:208} INFO - Processing /opt/airflow/dags/elt_dbt_downstream.py took 0.028 seconds
[2025-12-04T00:31:56.556+0000] {processor.py:186} INFO - Started process (PID=11397) to work on /opt/airflow/dags/elt_dbt_downstream.py
[2025-12-04T00:31:56.557+0000] {processor.py:914} INFO - Processing file /opt/airflow/dags/elt_dbt_downstream.py for tasks to queue
[2025-12-04T00:31:56.558+0000] {logging_mixin.py:190} INFO - [2025-12-04T00:31:56.557+0000] {dagbag.py:587} INFO - Filling up the DagBag from /opt/airflow/dags/elt_dbt_downstream.py
[2025-12-04T00:31:56.561+0000] {processor.py:925} INFO - DAG(s) 'elt_dbt_downstream' retrieved from /opt/airflow/dags/elt_dbt_downstream.py
[2025-12-04T00:31:56.570+0000] {logging_mixin.py:190} INFO - [2025-12-04T00:31:56.569+0000] {dag.py:3229} INFO - Sync 1 DAGs
[2025-12-04T00:31:56.577+0000] {logging_mixin.py:190} INFO - [2025-12-04T00:31:56.577+0000] {dag.py:4156} INFO - Setting next_dagrun for elt_dbt_downstream to 2025-12-03 04:00:00+00:00, run_after=2025-12-04 04:00:00+00:00
[2025-12-04T00:31:56.582+0000] {processor.py:208} INFO - Processing /opt/airflow/dags/elt_dbt_downstream.py took 0.028 seconds
[2025-12-04T00:32:27.275+0000] {processor.py:186} INFO - Started process (PID=11423) to work on /opt/airflow/dags/elt_dbt_downstream.py
[2025-12-04T00:32:27.275+0000] {processor.py:914} INFO - Processing file /opt/airflow/dags/elt_dbt_downstream.py for tasks to queue
[2025-12-04T00:32:27.276+0000] {logging_mixin.py:190} INFO - [2025-12-04T00:32:27.276+0000] {dagbag.py:587} INFO - Filling up the DagBag from /opt/airflow/dags/elt_dbt_downstream.py
[2025-12-04T00:32:27.280+0000] {processor.py:925} INFO - DAG(s) 'elt_dbt_downstream' retrieved from /opt/airflow/dags/elt_dbt_downstream.py
[2025-12-04T00:32:27.287+0000] {logging_mixin.py:190} INFO - [2025-12-04T00:32:27.287+0000] {dag.py:3229} INFO - Sync 1 DAGs
[2025-12-04T00:32:27.295+0000] {logging_mixin.py:190} INFO - [2025-12-04T00:32:27.295+0000] {dag.py:4156} INFO - Setting next_dagrun for elt_dbt_downstream to 2025-12-03 04:00:00+00:00, run_after=2025-12-04 04:00:00+00:00
[2025-12-04T00:32:27.300+0000] {processor.py:208} INFO - Processing /opt/airflow/dags/elt_dbt_downstream.py took 0.027 seconds
[2025-12-04T00:33:21.836+0000] {processor.py:186} INFO - Started process (PID=11449) to work on /opt/airflow/dags/elt_dbt_downstream.py
[2025-12-04T00:33:21.837+0000] {processor.py:914} INFO - Processing file /opt/airflow/dags/elt_dbt_downstream.py for tasks to queue
[2025-12-04T00:33:21.837+0000] {logging_mixin.py:190} INFO - [2025-12-04T00:33:21.837+0000] {dagbag.py:587} INFO - Filling up the DagBag from /opt/airflow/dags/elt_dbt_downstream.py
[2025-12-04T00:33:21.842+0000] {processor.py:925} INFO - DAG(s) 'elt_dbt_downstream' retrieved from /opt/airflow/dags/elt_dbt_downstream.py
[2025-12-04T00:33:21.849+0000] {logging_mixin.py:190} INFO - [2025-12-04T00:33:21.849+0000] {dag.py:3229} INFO - Sync 1 DAGs
[2025-12-04T00:33:21.857+0000] {logging_mixin.py:190} INFO - [2025-12-04T00:33:21.857+0000] {dag.py:4156} INFO - Setting next_dagrun for elt_dbt_downstream to 2025-12-03 04:00:00+00:00, run_after=2025-12-04 04:00:00+00:00
[2025-12-04T00:33:21.862+0000] {processor.py:208} INFO - Processing /opt/airflow/dags/elt_dbt_downstream.py took 0.028 seconds
[2025-12-04T00:36:34.102+0000] {processor.py:186} INFO - Started process (PID=11473) to work on /opt/airflow/dags/elt_dbt_downstream.py
[2025-12-04T00:36:34.102+0000] {processor.py:914} INFO - Processing file /opt/airflow/dags/elt_dbt_downstream.py for tasks to queue
[2025-12-04T00:36:34.104+0000] {logging_mixin.py:190} INFO - [2025-12-04T00:36:34.104+0000] {dagbag.py:587} INFO - Filling up the DagBag from /opt/airflow/dags/elt_dbt_downstream.py
[2025-12-04T00:36:34.115+0000] {processor.py:925} INFO - DAG(s) 'elt_dbt_downstream' retrieved from /opt/airflow/dags/elt_dbt_downstream.py
[2025-12-04T00:36:34.132+0000] {logging_mixin.py:190} INFO - [2025-12-04T00:36:34.131+0000] {dag.py:3229} INFO - Sync 1 DAGs
[2025-12-04T00:36:34.142+0000] {logging_mixin.py:190} INFO - [2025-12-04T00:36:34.142+0000] {dag.py:4156} INFO - Setting next_dagrun for elt_dbt_downstream to 2025-12-03 04:00:00+00:00, run_after=2025-12-04 04:00:00+00:00
[2025-12-04T00:36:34.150+0000] {processor.py:208} INFO - Processing /opt/airflow/dags/elt_dbt_downstream.py took 0.052 seconds
[2025-12-04T00:37:04.544+0000] {processor.py:186} INFO - Started process (PID=11496) to work on /opt/airflow/dags/elt_dbt_downstream.py
[2025-12-04T00:37:04.545+0000] {processor.py:914} INFO - Processing file /opt/airflow/dags/elt_dbt_downstream.py for tasks to queue
[2025-12-04T00:37:04.546+0000] {logging_mixin.py:190} INFO - [2025-12-04T00:37:04.546+0000] {dagbag.py:587} INFO - Filling up the DagBag from /opt/airflow/dags/elt_dbt_downstream.py
[2025-12-04T00:37:04.551+0000] {processor.py:925} INFO - DAG(s) 'elt_dbt_downstream' retrieved from /opt/airflow/dags/elt_dbt_downstream.py
[2025-12-04T00:37:04.559+0000] {logging_mixin.py:190} INFO - [2025-12-04T00:37:04.559+0000] {dag.py:3229} INFO - Sync 1 DAGs
[2025-12-04T00:37:04.568+0000] {logging_mixin.py:190} INFO - [2025-12-04T00:37:04.568+0000] {dag.py:4156} INFO - Setting next_dagrun for elt_dbt_downstream to 2025-12-03 04:00:00+00:00, run_after=2025-12-04 04:00:00+00:00
[2025-12-04T00:37:04.573+0000] {processor.py:208} INFO - Processing /opt/airflow/dags/elt_dbt_downstream.py took 0.032 seconds
[2025-12-04T00:37:35.284+0000] {processor.py:186} INFO - Started process (PID=11527) to work on /opt/airflow/dags/elt_dbt_downstream.py
[2025-12-04T00:37:35.285+0000] {processor.py:914} INFO - Processing file /opt/airflow/dags/elt_dbt_downstream.py for tasks to queue
[2025-12-04T00:37:35.285+0000] {logging_mixin.py:190} INFO - [2025-12-04T00:37:35.285+0000] {dagbag.py:587} INFO - Filling up the DagBag from /opt/airflow/dags/elt_dbt_downstream.py
[2025-12-04T00:37:35.290+0000] {processor.py:925} INFO - DAG(s) 'elt_dbt_downstream' retrieved from /opt/airflow/dags/elt_dbt_downstream.py
[2025-12-04T00:37:35.297+0000] {logging_mixin.py:190} INFO - [2025-12-04T00:37:35.297+0000] {dag.py:3229} INFO - Sync 1 DAGs
[2025-12-04T00:37:35.374+0000] {logging_mixin.py:190} INFO - [2025-12-04T00:37:35.373+0000] {dag.py:4156} INFO - Setting next_dagrun for elt_dbt_downstream to 2025-12-03 04:00:00+00:00, run_after=2025-12-04 04:00:00+00:00
[2025-12-04T00:37:35.379+0000] {processor.py:208} INFO - Processing /opt/airflow/dags/elt_dbt_downstream.py took 0.097 seconds
[2025-12-04T00:38:05.901+0000] {processor.py:186} INFO - Started process (PID=11553) to work on /opt/airflow/dags/elt_dbt_downstream.py
[2025-12-04T00:38:05.901+0000] {processor.py:914} INFO - Processing file /opt/airflow/dags/elt_dbt_downstream.py for tasks to queue
[2025-12-04T00:38:05.902+0000] {logging_mixin.py:190} INFO - [2025-12-04T00:38:05.902+0000] {dagbag.py:587} INFO - Filling up the DagBag from /opt/airflow/dags/elt_dbt_downstream.py
[2025-12-04T00:38:05.906+0000] {processor.py:925} INFO - DAG(s) 'elt_dbt_downstream' retrieved from /opt/airflow/dags/elt_dbt_downstream.py
[2025-12-04T00:38:05.914+0000] {logging_mixin.py:190} INFO - [2025-12-04T00:38:05.914+0000] {dag.py:3229} INFO - Sync 1 DAGs
[2025-12-04T00:38:05.922+0000] {logging_mixin.py:190} INFO - [2025-12-04T00:38:05.922+0000] {dag.py:4156} INFO - Setting next_dagrun for elt_dbt_downstream to 2025-12-03 04:00:00+00:00, run_after=2025-12-04 04:00:00+00:00
[2025-12-04T00:38:05.927+0000] {processor.py:208} INFO - Processing /opt/airflow/dags/elt_dbt_downstream.py took 0.029 seconds
[2025-12-04T00:38:36.523+0000] {processor.py:186} INFO - Started process (PID=11579) to work on /opt/airflow/dags/elt_dbt_downstream.py
[2025-12-04T00:38:36.523+0000] {processor.py:914} INFO - Processing file /opt/airflow/dags/elt_dbt_downstream.py for tasks to queue
[2025-12-04T00:38:36.524+0000] {logging_mixin.py:190} INFO - [2025-12-04T00:38:36.524+0000] {dagbag.py:587} INFO - Filling up the DagBag from /opt/airflow/dags/elt_dbt_downstream.py
[2025-12-04T00:38:36.528+0000] {processor.py:925} INFO - DAG(s) 'elt_dbt_downstream' retrieved from /opt/airflow/dags/elt_dbt_downstream.py
[2025-12-04T00:38:36.536+0000] {logging_mixin.py:190} INFO - [2025-12-04T00:38:36.536+0000] {dag.py:3229} INFO - Sync 1 DAGs
[2025-12-04T00:38:36.543+0000] {logging_mixin.py:190} INFO - [2025-12-04T00:38:36.543+0000] {dag.py:4156} INFO - Setting next_dagrun for elt_dbt_downstream to 2025-12-03 04:00:00+00:00, run_after=2025-12-04 04:00:00+00:00
[2025-12-04T00:38:36.548+0000] {processor.py:208} INFO - Processing /opt/airflow/dags/elt_dbt_downstream.py took 0.028 seconds
