[2025-12-04T00:06:07.553+0000] {processor.py:186} INFO - Started process (PID=10523) to work on /opt/airflow/dags/elt_dbt_upstream.py
[2025-12-04T00:06:07.554+0000] {processor.py:914} INFO - Processing file /opt/airflow/dags/elt_dbt_upstream.py for tasks to queue
[2025-12-04T00:06:07.555+0000] {logging_mixin.py:190} INFO - [2025-12-04T00:06:07.555+0000] {dagbag.py:587} INFO - Filling up the DagBag from /opt/airflow/dags/elt_dbt_upstream.py
[2025-12-04T00:06:07.563+0000] {processor.py:925} INFO - DAG(s) 'elt_dbt_upstream' retrieved from /opt/airflow/dags/elt_dbt_upstream.py
[2025-12-04T00:06:07.575+0000] {logging_mixin.py:190} INFO - [2025-12-04T00:06:07.575+0000] {dag.py:3229} INFO - Sync 1 DAGs
[2025-12-04T00:06:07.588+0000] {logging_mixin.py:190} INFO - [2025-12-04T00:06:07.588+0000] {dag.py:4156} INFO - Setting next_dagrun for elt_dbt_upstream to 2025-12-03 03:00:00+00:00, run_after=2025-12-04 03:00:00+00:00
[2025-12-04T00:06:07.597+0000] {processor.py:208} INFO - Processing /opt/airflow/dags/elt_dbt_upstream.py took 0.047 seconds
[2025-12-04T00:06:38.180+0000] {processor.py:186} INFO - Started process (PID=10549) to work on /opt/airflow/dags/elt_dbt_upstream.py
[2025-12-04T00:06:38.181+0000] {processor.py:914} INFO - Processing file /opt/airflow/dags/elt_dbt_upstream.py for tasks to queue
[2025-12-04T00:06:38.183+0000] {logging_mixin.py:190} INFO - [2025-12-04T00:06:38.182+0000] {dagbag.py:587} INFO - Filling up the DagBag from /opt/airflow/dags/elt_dbt_upstream.py
[2025-12-04T00:06:38.195+0000] {processor.py:925} INFO - DAG(s) 'elt_dbt_upstream' retrieved from /opt/airflow/dags/elt_dbt_upstream.py
[2025-12-04T00:06:38.207+0000] {logging_mixin.py:190} INFO - [2025-12-04T00:06:38.207+0000] {dag.py:3229} INFO - Sync 1 DAGs
[2025-12-04T00:06:38.217+0000] {logging_mixin.py:190} INFO - [2025-12-04T00:06:38.217+0000] {dag.py:4156} INFO - Setting next_dagrun for elt_dbt_upstream to 2025-12-03 03:00:00+00:00, run_after=2025-12-04 03:00:00+00:00
[2025-12-04T00:06:38.228+0000] {processor.py:208} INFO - Processing /opt/airflow/dags/elt_dbt_upstream.py took 0.054 seconds
[2025-12-04T00:12:24.675+0000] {processor.py:186} INFO - Started process (PID=10575) to work on /opt/airflow/dags/elt_dbt_upstream.py
[2025-12-04T00:12:24.677+0000] {processor.py:914} INFO - Processing file /opt/airflow/dags/elt_dbt_upstream.py for tasks to queue
[2025-12-04T00:12:24.682+0000] {logging_mixin.py:190} INFO - [2025-12-04T00:12:24.681+0000] {dagbag.py:587} INFO - Filling up the DagBag from /opt/airflow/dags/elt_dbt_upstream.py
[2025-12-04T00:12:24.701+0000] {processor.py:925} INFO - DAG(s) 'elt_dbt_upstream' retrieved from /opt/airflow/dags/elt_dbt_upstream.py
[2025-12-04T00:12:24.724+0000] {logging_mixin.py:190} INFO - [2025-12-04T00:12:24.724+0000] {dag.py:3229} INFO - Sync 1 DAGs
[2025-12-04T00:12:24.746+0000] {logging_mixin.py:190} INFO - [2025-12-04T00:12:24.746+0000] {dag.py:4156} INFO - Setting next_dagrun for elt_dbt_upstream to 2025-12-03 03:00:00+00:00, run_after=2025-12-04 03:00:00+00:00
[2025-12-04T00:12:24.760+0000] {processor.py:208} INFO - Processing /opt/airflow/dags/elt_dbt_upstream.py took 0.095 seconds
[2025-12-04T00:12:55.204+0000] {processor.py:186} INFO - Started process (PID=10601) to work on /opt/airflow/dags/elt_dbt_upstream.py
[2025-12-04T00:12:55.205+0000] {processor.py:914} INFO - Processing file /opt/airflow/dags/elt_dbt_upstream.py for tasks to queue
[2025-12-04T00:12:55.208+0000] {logging_mixin.py:190} INFO - [2025-12-04T00:12:55.208+0000] {dagbag.py:587} INFO - Filling up the DagBag from /opt/airflow/dags/elt_dbt_upstream.py
[2025-12-04T00:12:55.218+0000] {processor.py:925} INFO - DAG(s) 'elt_dbt_upstream' retrieved from /opt/airflow/dags/elt_dbt_upstream.py
[2025-12-04T00:12:55.234+0000] {logging_mixin.py:190} INFO - [2025-12-04T00:12:55.234+0000] {dag.py:3229} INFO - Sync 1 DAGs
[2025-12-04T00:12:55.247+0000] {logging_mixin.py:190} INFO - [2025-12-04T00:12:55.247+0000] {dag.py:4156} INFO - Setting next_dagrun for elt_dbt_upstream to 2025-12-03 03:00:00+00:00, run_after=2025-12-04 03:00:00+00:00
[2025-12-04T00:12:55.258+0000] {processor.py:208} INFO - Processing /opt/airflow/dags/elt_dbt_upstream.py took 0.059 seconds
[2025-12-04T00:13:25.683+0000] {processor.py:186} INFO - Started process (PID=10627) to work on /opt/airflow/dags/elt_dbt_upstream.py
[2025-12-04T00:13:25.685+0000] {processor.py:914} INFO - Processing file /opt/airflow/dags/elt_dbt_upstream.py for tasks to queue
[2025-12-04T00:13:25.686+0000] {logging_mixin.py:190} INFO - [2025-12-04T00:13:25.686+0000] {dagbag.py:587} INFO - Filling up the DagBag from /opt/airflow/dags/elt_dbt_upstream.py
[2025-12-04T00:13:25.692+0000] {processor.py:925} INFO - DAG(s) 'elt_dbt_upstream' retrieved from /opt/airflow/dags/elt_dbt_upstream.py
[2025-12-04T00:13:25.703+0000] {logging_mixin.py:190} INFO - [2025-12-04T00:13:25.703+0000] {dag.py:3229} INFO - Sync 1 DAGs
[2025-12-04T00:13:25.713+0000] {logging_mixin.py:190} INFO - [2025-12-04T00:13:25.713+0000] {dag.py:4156} INFO - Setting next_dagrun for elt_dbt_upstream to 2025-12-03 03:00:00+00:00, run_after=2025-12-04 03:00:00+00:00
[2025-12-04T00:13:25.724+0000] {processor.py:208} INFO - Processing /opt/airflow/dags/elt_dbt_upstream.py took 0.045 seconds
[2025-12-04T00:13:56.328+0000] {processor.py:186} INFO - Started process (PID=10653) to work on /opt/airflow/dags/elt_dbt_upstream.py
[2025-12-04T00:13:56.328+0000] {processor.py:914} INFO - Processing file /opt/airflow/dags/elt_dbt_upstream.py for tasks to queue
[2025-12-04T00:13:56.330+0000] {logging_mixin.py:190} INFO - [2025-12-04T00:13:56.330+0000] {dagbag.py:587} INFO - Filling up the DagBag from /opt/airflow/dags/elt_dbt_upstream.py
[2025-12-04T00:13:56.341+0000] {processor.py:925} INFO - DAG(s) 'elt_dbt_upstream' retrieved from /opt/airflow/dags/elt_dbt_upstream.py
[2025-12-04T00:13:56.355+0000] {logging_mixin.py:190} INFO - [2025-12-04T00:13:56.355+0000] {dag.py:3229} INFO - Sync 1 DAGs
[2025-12-04T00:13:56.365+0000] {logging_mixin.py:190} INFO - [2025-12-04T00:13:56.365+0000] {dag.py:4156} INFO - Setting next_dagrun for elt_dbt_upstream to 2025-12-03 03:00:00+00:00, run_after=2025-12-04 03:00:00+00:00
[2025-12-04T00:13:56.375+0000] {processor.py:208} INFO - Processing /opt/airflow/dags/elt_dbt_upstream.py took 0.053 seconds
[2025-12-04T00:14:26.982+0000] {processor.py:186} INFO - Started process (PID=10679) to work on /opt/airflow/dags/elt_dbt_upstream.py
[2025-12-04T00:14:26.983+0000] {processor.py:914} INFO - Processing file /opt/airflow/dags/elt_dbt_upstream.py for tasks to queue
[2025-12-04T00:14:26.986+0000] {logging_mixin.py:190} INFO - [2025-12-04T00:14:26.986+0000] {dagbag.py:587} INFO - Filling up the DagBag from /opt/airflow/dags/elt_dbt_upstream.py
[2025-12-04T00:14:26.997+0000] {processor.py:925} INFO - DAG(s) 'elt_dbt_upstream' retrieved from /opt/airflow/dags/elt_dbt_upstream.py
[2025-12-04T00:14:27.012+0000] {logging_mixin.py:190} INFO - [2025-12-04T00:14:27.012+0000] {dag.py:3229} INFO - Sync 1 DAGs
[2025-12-04T00:14:27.025+0000] {logging_mixin.py:190} INFO - [2025-12-04T00:14:27.025+0000] {dag.py:4156} INFO - Setting next_dagrun for elt_dbt_upstream to 2025-12-03 03:00:00+00:00, run_after=2025-12-04 03:00:00+00:00
[2025-12-04T00:14:27.034+0000] {processor.py:208} INFO - Processing /opt/airflow/dags/elt_dbt_upstream.py took 0.058 seconds
[2025-12-04T00:14:57.607+0000] {processor.py:186} INFO - Started process (PID=10705) to work on /opt/airflow/dags/elt_dbt_upstream.py
[2025-12-04T00:14:57.608+0000] {processor.py:914} INFO - Processing file /opt/airflow/dags/elt_dbt_upstream.py for tasks to queue
[2025-12-04T00:14:57.611+0000] {logging_mixin.py:190} INFO - [2025-12-04T00:14:57.610+0000] {dagbag.py:587} INFO - Filling up the DagBag from /opt/airflow/dags/elt_dbt_upstream.py
[2025-12-04T00:14:57.625+0000] {processor.py:925} INFO - DAG(s) 'elt_dbt_upstream' retrieved from /opt/airflow/dags/elt_dbt_upstream.py
[2025-12-04T00:14:57.644+0000] {logging_mixin.py:190} INFO - [2025-12-04T00:14:57.644+0000] {dag.py:3229} INFO - Sync 1 DAGs
[2025-12-04T00:14:57.664+0000] {logging_mixin.py:190} INFO - [2025-12-04T00:14:57.664+0000] {dag.py:4156} INFO - Setting next_dagrun for elt_dbt_upstream to 2025-12-03 03:00:00+00:00, run_after=2025-12-04 03:00:00+00:00
[2025-12-04T00:14:57.676+0000] {processor.py:208} INFO - Processing /opt/airflow/dags/elt_dbt_upstream.py took 0.077 seconds
[2025-12-04T00:15:28.374+0000] {processor.py:186} INFO - Started process (PID=10731) to work on /opt/airflow/dags/elt_dbt_upstream.py
[2025-12-04T00:15:28.377+0000] {processor.py:914} INFO - Processing file /opt/airflow/dags/elt_dbt_upstream.py for tasks to queue
[2025-12-04T00:15:28.379+0000] {logging_mixin.py:190} INFO - [2025-12-04T00:15:28.379+0000] {dagbag.py:587} INFO - Filling up the DagBag from /opt/airflow/dags/elt_dbt_upstream.py
[2025-12-04T00:15:28.389+0000] {processor.py:925} INFO - DAG(s) 'elt_dbt_upstream' retrieved from /opt/airflow/dags/elt_dbt_upstream.py
[2025-12-04T00:15:28.402+0000] {logging_mixin.py:190} INFO - [2025-12-04T00:15:28.402+0000] {dag.py:3229} INFO - Sync 1 DAGs
[2025-12-04T00:15:28.416+0000] {logging_mixin.py:190} INFO - [2025-12-04T00:15:28.415+0000] {dag.py:4156} INFO - Setting next_dagrun for elt_dbt_upstream to 2025-12-03 03:00:00+00:00, run_after=2025-12-04 03:00:00+00:00
[2025-12-04T00:15:28.424+0000] {processor.py:208} INFO - Processing /opt/airflow/dags/elt_dbt_upstream.py took 0.056 seconds
[2025-12-04T00:15:59.015+0000] {processor.py:186} INFO - Started process (PID=10757) to work on /opt/airflow/dags/elt_dbt_upstream.py
[2025-12-04T00:15:59.016+0000] {processor.py:914} INFO - Processing file /opt/airflow/dags/elt_dbt_upstream.py for tasks to queue
[2025-12-04T00:15:59.018+0000] {logging_mixin.py:190} INFO - [2025-12-04T00:15:59.018+0000] {dagbag.py:587} INFO - Filling up the DagBag from /opt/airflow/dags/elt_dbt_upstream.py
[2025-12-04T00:15:59.026+0000] {processor.py:925} INFO - DAG(s) 'elt_dbt_upstream' retrieved from /opt/airflow/dags/elt_dbt_upstream.py
[2025-12-04T00:15:59.038+0000] {logging_mixin.py:190} INFO - [2025-12-04T00:15:59.038+0000] {dag.py:3229} INFO - Sync 1 DAGs
[2025-12-04T00:15:59.049+0000] {logging_mixin.py:190} INFO - [2025-12-04T00:15:59.049+0000] {dag.py:4156} INFO - Setting next_dagrun for elt_dbt_upstream to 2025-12-03 03:00:00+00:00, run_after=2025-12-04 03:00:00+00:00
[2025-12-04T00:15:59.060+0000] {processor.py:208} INFO - Processing /opt/airflow/dags/elt_dbt_upstream.py took 0.049 seconds
[2025-12-04T00:16:29.593+0000] {processor.py:186} INFO - Started process (PID=10783) to work on /opt/airflow/dags/elt_dbt_upstream.py
[2025-12-04T00:16:29.594+0000] {processor.py:914} INFO - Processing file /opt/airflow/dags/elt_dbt_upstream.py for tasks to queue
[2025-12-04T00:16:29.596+0000] {logging_mixin.py:190} INFO - [2025-12-04T00:16:29.596+0000] {dagbag.py:587} INFO - Filling up the DagBag from /opt/airflow/dags/elt_dbt_upstream.py
[2025-12-04T00:16:29.606+0000] {processor.py:925} INFO - DAG(s) 'elt_dbt_upstream' retrieved from /opt/airflow/dags/elt_dbt_upstream.py
[2025-12-04T00:16:29.620+0000] {logging_mixin.py:190} INFO - [2025-12-04T00:16:29.620+0000] {dag.py:3229} INFO - Sync 1 DAGs
[2025-12-04T00:16:29.635+0000] {logging_mixin.py:190} INFO - [2025-12-04T00:16:29.635+0000] {dag.py:4156} INFO - Setting next_dagrun for elt_dbt_upstream to 2025-12-03 03:00:00+00:00, run_after=2025-12-04 03:00:00+00:00
[2025-12-04T00:16:29.645+0000] {processor.py:208} INFO - Processing /opt/airflow/dags/elt_dbt_upstream.py took 0.057 seconds
[2025-12-04T00:17:00.213+0000] {processor.py:186} INFO - Started process (PID=10809) to work on /opt/airflow/dags/elt_dbt_upstream.py
[2025-12-04T00:17:00.214+0000] {processor.py:914} INFO - Processing file /opt/airflow/dags/elt_dbt_upstream.py for tasks to queue
[2025-12-04T00:17:00.216+0000] {logging_mixin.py:190} INFO - [2025-12-04T00:17:00.216+0000] {dagbag.py:587} INFO - Filling up the DagBag from /opt/airflow/dags/elt_dbt_upstream.py
[2025-12-04T00:17:00.227+0000] {processor.py:925} INFO - DAG(s) 'elt_dbt_upstream' retrieved from /opt/airflow/dags/elt_dbt_upstream.py
[2025-12-04T00:17:00.243+0000] {logging_mixin.py:190} INFO - [2025-12-04T00:17:00.242+0000] {dag.py:3229} INFO - Sync 1 DAGs
[2025-12-04T00:17:00.255+0000] {logging_mixin.py:190} INFO - [2025-12-04T00:17:00.255+0000] {dag.py:4156} INFO - Setting next_dagrun for elt_dbt_upstream to 2025-12-03 03:00:00+00:00, run_after=2025-12-04 03:00:00+00:00
[2025-12-04T00:17:00.266+0000] {processor.py:208} INFO - Processing /opt/airflow/dags/elt_dbt_upstream.py took 0.060 seconds
[2025-12-04T00:17:30.848+0000] {processor.py:186} INFO - Started process (PID=10835) to work on /opt/airflow/dags/elt_dbt_upstream.py
[2025-12-04T00:17:30.849+0000] {processor.py:914} INFO - Processing file /opt/airflow/dags/elt_dbt_upstream.py for tasks to queue
[2025-12-04T00:17:30.850+0000] {logging_mixin.py:190} INFO - [2025-12-04T00:17:30.850+0000] {dagbag.py:587} INFO - Filling up the DagBag from /opt/airflow/dags/elt_dbt_upstream.py
[2025-12-04T00:17:30.858+0000] {processor.py:925} INFO - DAG(s) 'elt_dbt_upstream' retrieved from /opt/airflow/dags/elt_dbt_upstream.py
[2025-12-04T00:17:30.871+0000] {logging_mixin.py:190} INFO - [2025-12-04T00:17:30.871+0000] {dag.py:3229} INFO - Sync 1 DAGs
[2025-12-04T00:17:30.886+0000] {logging_mixin.py:190} INFO - [2025-12-04T00:17:30.886+0000] {dag.py:4156} INFO - Setting next_dagrun for elt_dbt_upstream to 2025-12-03 03:00:00+00:00, run_after=2025-12-04 03:00:00+00:00
[2025-12-04T00:17:30.893+0000] {processor.py:208} INFO - Processing /opt/airflow/dags/elt_dbt_upstream.py took 0.052 seconds
[2025-12-04T00:18:01.503+0000] {processor.py:186} INFO - Started process (PID=10861) to work on /opt/airflow/dags/elt_dbt_upstream.py
[2025-12-04T00:18:01.503+0000] {processor.py:914} INFO - Processing file /opt/airflow/dags/elt_dbt_upstream.py for tasks to queue
[2025-12-04T00:18:01.505+0000] {logging_mixin.py:190} INFO - [2025-12-04T00:18:01.505+0000] {dagbag.py:587} INFO - Filling up the DagBag from /opt/airflow/dags/elt_dbt_upstream.py
[2025-12-04T00:18:01.514+0000] {processor.py:925} INFO - DAG(s) 'elt_dbt_upstream' retrieved from /opt/airflow/dags/elt_dbt_upstream.py
[2025-12-04T00:18:01.525+0000] {logging_mixin.py:190} INFO - [2025-12-04T00:18:01.525+0000] {dag.py:3229} INFO - Sync 1 DAGs
[2025-12-04T00:18:01.536+0000] {logging_mixin.py:190} INFO - [2025-12-04T00:18:01.536+0000] {dag.py:4156} INFO - Setting next_dagrun for elt_dbt_upstream to 2025-12-03 03:00:00+00:00, run_after=2025-12-04 03:00:00+00:00
[2025-12-04T00:18:01.546+0000] {processor.py:208} INFO - Processing /opt/airflow/dags/elt_dbt_upstream.py took 0.049 seconds
[2025-12-04T00:18:31.930+0000] {processor.py:186} INFO - Started process (PID=10887) to work on /opt/airflow/dags/elt_dbt_upstream.py
[2025-12-04T00:18:31.931+0000] {processor.py:914} INFO - Processing file /opt/airflow/dags/elt_dbt_upstream.py for tasks to queue
[2025-12-04T00:18:31.933+0000] {logging_mixin.py:190} INFO - [2025-12-04T00:18:31.933+0000] {dagbag.py:587} INFO - Filling up the DagBag from /opt/airflow/dags/elt_dbt_upstream.py
[2025-12-04T00:18:31.940+0000] {processor.py:925} INFO - DAG(s) 'elt_dbt_upstream' retrieved from /opt/airflow/dags/elt_dbt_upstream.py
[2025-12-04T00:18:31.953+0000] {logging_mixin.py:190} INFO - [2025-12-04T00:18:31.953+0000] {dag.py:3229} INFO - Sync 1 DAGs
[2025-12-04T00:18:31.964+0000] {logging_mixin.py:190} INFO - [2025-12-04T00:18:31.964+0000] {dag.py:4156} INFO - Setting next_dagrun for elt_dbt_upstream to 2025-12-03 03:00:00+00:00, run_after=2025-12-04 03:00:00+00:00
[2025-12-04T00:18:31.976+0000] {processor.py:208} INFO - Processing /opt/airflow/dags/elt_dbt_upstream.py took 0.052 seconds
[2025-12-04T00:19:02.557+0000] {processor.py:186} INFO - Started process (PID=10913) to work on /opt/airflow/dags/elt_dbt_upstream.py
[2025-12-04T00:19:02.558+0000] {processor.py:914} INFO - Processing file /opt/airflow/dags/elt_dbt_upstream.py for tasks to queue
[2025-12-04T00:19:02.559+0000] {logging_mixin.py:190} INFO - [2025-12-04T00:19:02.559+0000] {dagbag.py:587} INFO - Filling up the DagBag from /opt/airflow/dags/elt_dbt_upstream.py
[2025-12-04T00:19:02.568+0000] {processor.py:925} INFO - DAG(s) 'elt_dbt_upstream' retrieved from /opt/airflow/dags/elt_dbt_upstream.py
[2025-12-04T00:19:02.581+0000] {logging_mixin.py:190} INFO - [2025-12-04T00:19:02.580+0000] {dag.py:3229} INFO - Sync 1 DAGs
[2025-12-04T00:19:02.592+0000] {logging_mixin.py:190} INFO - [2025-12-04T00:19:02.592+0000] {dag.py:4156} INFO - Setting next_dagrun for elt_dbt_upstream to 2025-12-03 03:00:00+00:00, run_after=2025-12-04 03:00:00+00:00
[2025-12-04T00:19:02.600+0000] {processor.py:208} INFO - Processing /opt/airflow/dags/elt_dbt_upstream.py took 0.048 seconds
[2025-12-04T00:19:33.223+0000] {processor.py:186} INFO - Started process (PID=10945) to work on /opt/airflow/dags/elt_dbt_upstream.py
[2025-12-04T00:19:33.224+0000] {processor.py:914} INFO - Processing file /opt/airflow/dags/elt_dbt_upstream.py for tasks to queue
[2025-12-04T00:19:33.229+0000] {logging_mixin.py:190} INFO - [2025-12-04T00:19:33.229+0000] {dagbag.py:587} INFO - Filling up the DagBag from /opt/airflow/dags/elt_dbt_upstream.py
[2025-12-04T00:19:33.244+0000] {processor.py:925} INFO - DAG(s) 'elt_dbt_upstream' retrieved from /opt/airflow/dags/elt_dbt_upstream.py
[2025-12-04T00:19:33.271+0000] {logging_mixin.py:190} INFO - [2025-12-04T00:19:33.270+0000] {dag.py:3229} INFO - Sync 1 DAGs
[2025-12-04T00:19:33.287+0000] {logging_mixin.py:190} INFO - [2025-12-04T00:19:33.286+0000] {dag.py:4156} INFO - Setting next_dagrun for elt_dbt_upstream to 2025-12-03 03:00:00+00:00, run_after=2025-12-04 03:00:00+00:00
[2025-12-04T00:19:33.298+0000] {processor.py:208} INFO - Processing /opt/airflow/dags/elt_dbt_upstream.py took 0.089 seconds
[2025-12-04T00:20:03.990+0000] {processor.py:186} INFO - Started process (PID=10972) to work on /opt/airflow/dags/elt_dbt_upstream.py
[2025-12-04T00:20:03.991+0000] {processor.py:914} INFO - Processing file /opt/airflow/dags/elt_dbt_upstream.py for tasks to queue
[2025-12-04T00:20:03.993+0000] {logging_mixin.py:190} INFO - [2025-12-04T00:20:03.993+0000] {dagbag.py:587} INFO - Filling up the DagBag from /opt/airflow/dags/elt_dbt_upstream.py
[2025-12-04T00:20:04.000+0000] {processor.py:925} INFO - DAG(s) 'elt_dbt_upstream' retrieved from /opt/airflow/dags/elt_dbt_upstream.py
[2025-12-04T00:20:04.012+0000] {logging_mixin.py:190} INFO - [2025-12-04T00:20:04.012+0000] {dag.py:3229} INFO - Sync 1 DAGs
[2025-12-04T00:20:04.022+0000] {logging_mixin.py:190} INFO - [2025-12-04T00:20:04.022+0000] {dag.py:4156} INFO - Setting next_dagrun for elt_dbt_upstream to 2025-12-03 03:00:00+00:00, run_after=2025-12-04 03:00:00+00:00
[2025-12-04T00:20:04.032+0000] {processor.py:208} INFO - Processing /opt/airflow/dags/elt_dbt_upstream.py took 0.047 seconds
[2025-12-04T00:20:34.588+0000] {processor.py:186} INFO - Started process (PID=10998) to work on /opt/airflow/dags/elt_dbt_upstream.py
[2025-12-04T00:20:34.588+0000] {processor.py:914} INFO - Processing file /opt/airflow/dags/elt_dbt_upstream.py for tasks to queue
[2025-12-04T00:20:34.590+0000] {logging_mixin.py:190} INFO - [2025-12-04T00:20:34.590+0000] {dagbag.py:587} INFO - Filling up the DagBag from /opt/airflow/dags/elt_dbt_upstream.py
[2025-12-04T00:20:34.599+0000] {processor.py:925} INFO - DAG(s) 'elt_dbt_upstream' retrieved from /opt/airflow/dags/elt_dbt_upstream.py
[2025-12-04T00:20:34.612+0000] {logging_mixin.py:190} INFO - [2025-12-04T00:20:34.612+0000] {dag.py:3229} INFO - Sync 1 DAGs
[2025-12-04T00:20:34.623+0000] {logging_mixin.py:190} INFO - [2025-12-04T00:20:34.623+0000] {dag.py:4156} INFO - Setting next_dagrun for elt_dbt_upstream to 2025-12-03 03:00:00+00:00, run_after=2025-12-04 03:00:00+00:00
[2025-12-04T00:20:34.632+0000] {processor.py:208} INFO - Processing /opt/airflow/dags/elt_dbt_upstream.py took 0.049 seconds
[2025-12-04T00:21:05.211+0000] {processor.py:186} INFO - Started process (PID=11024) to work on /opt/airflow/dags/elt_dbt_upstream.py
[2025-12-04T00:21:05.212+0000] {processor.py:914} INFO - Processing file /opt/airflow/dags/elt_dbt_upstream.py for tasks to queue
[2025-12-04T00:21:05.213+0000] {logging_mixin.py:190} INFO - [2025-12-04T00:21:05.213+0000] {dagbag.py:587} INFO - Filling up the DagBag from /opt/airflow/dags/elt_dbt_upstream.py
[2025-12-04T00:21:05.228+0000] {processor.py:925} INFO - DAG(s) 'elt_dbt_upstream' retrieved from /opt/airflow/dags/elt_dbt_upstream.py
[2025-12-04T00:21:05.242+0000] {logging_mixin.py:190} INFO - [2025-12-04T00:21:05.242+0000] {dag.py:3229} INFO - Sync 1 DAGs
[2025-12-04T00:21:05.257+0000] {logging_mixin.py:190} INFO - [2025-12-04T00:21:05.257+0000] {dag.py:4156} INFO - Setting next_dagrun for elt_dbt_upstream to 2025-12-03 03:00:00+00:00, run_after=2025-12-04 03:00:00+00:00
[2025-12-04T00:21:05.265+0000] {processor.py:208} INFO - Processing /opt/airflow/dags/elt_dbt_upstream.py took 0.060 seconds
[2025-12-04T00:21:35.875+0000] {processor.py:186} INFO - Started process (PID=11050) to work on /opt/airflow/dags/elt_dbt_upstream.py
[2025-12-04T00:21:35.876+0000] {processor.py:914} INFO - Processing file /opt/airflow/dags/elt_dbt_upstream.py for tasks to queue
[2025-12-04T00:21:35.879+0000] {logging_mixin.py:190} INFO - [2025-12-04T00:21:35.878+0000] {dagbag.py:587} INFO - Filling up the DagBag from /opt/airflow/dags/elt_dbt_upstream.py
[2025-12-04T00:21:35.888+0000] {processor.py:925} INFO - DAG(s) 'elt_dbt_upstream' retrieved from /opt/airflow/dags/elt_dbt_upstream.py
[2025-12-04T00:21:35.901+0000] {logging_mixin.py:190} INFO - [2025-12-04T00:21:35.901+0000] {dag.py:3229} INFO - Sync 1 DAGs
[2025-12-04T00:21:35.913+0000] {logging_mixin.py:190} INFO - [2025-12-04T00:21:35.912+0000] {dag.py:4156} INFO - Setting next_dagrun for elt_dbt_upstream to 2025-12-03 03:00:00+00:00, run_after=2025-12-04 03:00:00+00:00
[2025-12-04T00:21:35.923+0000] {processor.py:208} INFO - Processing /opt/airflow/dags/elt_dbt_upstream.py took 0.054 seconds
[2025-12-04T00:24:55.600+0000] {processor.py:186} INFO - Started process (PID=11070) to work on /opt/airflow/dags/elt_dbt_upstream.py
[2025-12-04T00:24:55.601+0000] {processor.py:914} INFO - Processing file /opt/airflow/dags/elt_dbt_upstream.py for tasks to queue
[2025-12-04T00:24:55.604+0000] {logging_mixin.py:190} INFO - [2025-12-04T00:24:55.604+0000] {dagbag.py:587} INFO - Filling up the DagBag from /opt/airflow/dags/elt_dbt_upstream.py
[2025-12-04T00:24:55.618+0000] {processor.py:925} INFO - DAG(s) 'elt_dbt_upstream' retrieved from /opt/airflow/dags/elt_dbt_upstream.py
[2025-12-04T00:24:55.640+0000] {logging_mixin.py:190} INFO - [2025-12-04T00:24:55.639+0000] {dag.py:3229} INFO - Sync 1 DAGs
[2025-12-04T00:24:55.654+0000] {logging_mixin.py:190} INFO - [2025-12-04T00:24:55.654+0000] {dag.py:4156} INFO - Setting next_dagrun for elt_dbt_upstream to 2025-12-03 03:00:00+00:00, run_after=2025-12-04 03:00:00+00:00
[2025-12-04T00:24:55.667+0000] {processor.py:208} INFO - Processing /opt/airflow/dags/elt_dbt_upstream.py took 0.073 seconds
[2025-12-04T00:25:26.408+0000] {processor.py:186} INFO - Started process (PID=11096) to work on /opt/airflow/dags/elt_dbt_upstream.py
[2025-12-04T00:25:26.409+0000] {processor.py:914} INFO - Processing file /opt/airflow/dags/elt_dbt_upstream.py for tasks to queue
[2025-12-04T00:25:26.413+0000] {logging_mixin.py:190} INFO - [2025-12-04T00:25:26.412+0000] {dagbag.py:587} INFO - Filling up the DagBag from /opt/airflow/dags/elt_dbt_upstream.py
[2025-12-04T00:25:26.428+0000] {processor.py:925} INFO - DAG(s) 'elt_dbt_upstream' retrieved from /opt/airflow/dags/elt_dbt_upstream.py
[2025-12-04T00:25:26.447+0000] {logging_mixin.py:190} INFO - [2025-12-04T00:25:26.447+0000] {dag.py:3229} INFO - Sync 1 DAGs
[2025-12-04T00:25:26.462+0000] {logging_mixin.py:190} INFO - [2025-12-04T00:25:26.462+0000] {dag.py:4156} INFO - Setting next_dagrun for elt_dbt_upstream to 2025-12-03 03:00:00+00:00, run_after=2025-12-04 03:00:00+00:00
[2025-12-04T00:25:26.472+0000] {processor.py:208} INFO - Processing /opt/airflow/dags/elt_dbt_upstream.py took 0.072 seconds
[2025-12-04T00:25:57.114+0000] {processor.py:186} INFO - Started process (PID=11122) to work on /opt/airflow/dags/elt_dbt_upstream.py
[2025-12-04T00:25:57.115+0000] {processor.py:914} INFO - Processing file /opt/airflow/dags/elt_dbt_upstream.py for tasks to queue
[2025-12-04T00:25:57.118+0000] {logging_mixin.py:190} INFO - [2025-12-04T00:25:57.118+0000] {dagbag.py:587} INFO - Filling up the DagBag from /opt/airflow/dags/elt_dbt_upstream.py
[2025-12-04T00:25:57.128+0000] {processor.py:925} INFO - DAG(s) 'elt_dbt_upstream' retrieved from /opt/airflow/dags/elt_dbt_upstream.py
[2025-12-04T00:25:57.141+0000] {logging_mixin.py:190} INFO - [2025-12-04T00:25:57.141+0000] {dag.py:3229} INFO - Sync 1 DAGs
[2025-12-04T00:25:57.152+0000] {logging_mixin.py:190} INFO - [2025-12-04T00:25:57.152+0000] {dag.py:4156} INFO - Setting next_dagrun for elt_dbt_upstream to 2025-12-03 03:00:00+00:00, run_after=2025-12-04 03:00:00+00:00
[2025-12-04T00:25:57.160+0000] {processor.py:208} INFO - Processing /opt/airflow/dags/elt_dbt_upstream.py took 0.052 seconds
[2025-12-04T00:26:27.751+0000] {processor.py:186} INFO - Started process (PID=11148) to work on /opt/airflow/dags/elt_dbt_upstream.py
[2025-12-04T00:26:27.752+0000] {processor.py:914} INFO - Processing file /opt/airflow/dags/elt_dbt_upstream.py for tasks to queue
[2025-12-04T00:26:27.753+0000] {logging_mixin.py:190} INFO - [2025-12-04T00:26:27.753+0000] {dagbag.py:587} INFO - Filling up the DagBag from /opt/airflow/dags/elt_dbt_upstream.py
[2025-12-04T00:26:27.762+0000] {processor.py:925} INFO - DAG(s) 'elt_dbt_upstream' retrieved from /opt/airflow/dags/elt_dbt_upstream.py
[2025-12-04T00:26:27.774+0000] {logging_mixin.py:190} INFO - [2025-12-04T00:26:27.774+0000] {dag.py:3229} INFO - Sync 1 DAGs
[2025-12-04T00:26:27.784+0000] {logging_mixin.py:190} INFO - [2025-12-04T00:26:27.784+0000] {dag.py:4156} INFO - Setting next_dagrun for elt_dbt_upstream to 2025-12-03 03:00:00+00:00, run_after=2025-12-04 03:00:00+00:00
[2025-12-04T00:26:27.792+0000] {processor.py:208} INFO - Processing /opt/airflow/dags/elt_dbt_upstream.py took 0.045 seconds
[2025-12-04T00:26:58.367+0000] {processor.py:186} INFO - Started process (PID=11174) to work on /opt/airflow/dags/elt_dbt_upstream.py
[2025-12-04T00:26:58.368+0000] {processor.py:914} INFO - Processing file /opt/airflow/dags/elt_dbt_upstream.py for tasks to queue
[2025-12-04T00:26:58.369+0000] {logging_mixin.py:190} INFO - [2025-12-04T00:26:58.369+0000] {dagbag.py:587} INFO - Filling up the DagBag from /opt/airflow/dags/elt_dbt_upstream.py
[2025-12-04T00:26:58.377+0000] {processor.py:925} INFO - DAG(s) 'elt_dbt_upstream' retrieved from /opt/airflow/dags/elt_dbt_upstream.py
[2025-12-04T00:26:58.391+0000] {logging_mixin.py:190} INFO - [2025-12-04T00:26:58.391+0000] {dag.py:3229} INFO - Sync 1 DAGs
[2025-12-04T00:26:58.403+0000] {logging_mixin.py:190} INFO - [2025-12-04T00:26:58.403+0000] {dag.py:4156} INFO - Setting next_dagrun for elt_dbt_upstream to 2025-12-03 03:00:00+00:00, run_after=2025-12-04 03:00:00+00:00
[2025-12-04T00:26:58.413+0000] {processor.py:208} INFO - Processing /opt/airflow/dags/elt_dbt_upstream.py took 0.052 seconds
[2025-12-04T00:27:29.025+0000] {processor.py:186} INFO - Started process (PID=11200) to work on /opt/airflow/dags/elt_dbt_upstream.py
[2025-12-04T00:27:29.026+0000] {processor.py:914} INFO - Processing file /opt/airflow/dags/elt_dbt_upstream.py for tasks to queue
[2025-12-04T00:27:29.027+0000] {logging_mixin.py:190} INFO - [2025-12-04T00:27:29.027+0000] {dagbag.py:587} INFO - Filling up the DagBag from /opt/airflow/dags/elt_dbt_upstream.py
[2025-12-04T00:27:29.036+0000] {processor.py:925} INFO - DAG(s) 'elt_dbt_upstream' retrieved from /opt/airflow/dags/elt_dbt_upstream.py
[2025-12-04T00:27:29.049+0000] {logging_mixin.py:190} INFO - [2025-12-04T00:27:29.048+0000] {dag.py:3229} INFO - Sync 1 DAGs
[2025-12-04T00:27:29.060+0000] {logging_mixin.py:190} INFO - [2025-12-04T00:27:29.060+0000] {dag.py:4156} INFO - Setting next_dagrun for elt_dbt_upstream to 2025-12-03 03:00:00+00:00, run_after=2025-12-04 03:00:00+00:00
[2025-12-04T00:27:29.069+0000] {processor.py:208} INFO - Processing /opt/airflow/dags/elt_dbt_upstream.py took 0.049 seconds
[2025-12-04T00:27:59.656+0000] {processor.py:186} INFO - Started process (PID=11226) to work on /opt/airflow/dags/elt_dbt_upstream.py
[2025-12-04T00:27:59.656+0000] {processor.py:914} INFO - Processing file /opt/airflow/dags/elt_dbt_upstream.py for tasks to queue
[2025-12-04T00:27:59.658+0000] {logging_mixin.py:190} INFO - [2025-12-04T00:27:59.658+0000] {dagbag.py:587} INFO - Filling up the DagBag from /opt/airflow/dags/elt_dbt_upstream.py
[2025-12-04T00:27:59.668+0000] {processor.py:925} INFO - DAG(s) 'elt_dbt_upstream' retrieved from /opt/airflow/dags/elt_dbt_upstream.py
[2025-12-04T00:27:59.682+0000] {logging_mixin.py:190} INFO - [2025-12-04T00:27:59.682+0000] {dag.py:3229} INFO - Sync 1 DAGs
[2025-12-04T00:27:59.692+0000] {logging_mixin.py:190} INFO - [2025-12-04T00:27:59.692+0000] {dag.py:4156} INFO - Setting next_dagrun for elt_dbt_upstream to 2025-12-03 03:00:00+00:00, run_after=2025-12-04 03:00:00+00:00
[2025-12-04T00:27:59.702+0000] {processor.py:208} INFO - Processing /opt/airflow/dags/elt_dbt_upstream.py took 0.051 seconds
[2025-12-04T00:28:30.332+0000] {processor.py:186} INFO - Started process (PID=11252) to work on /opt/airflow/dags/elt_dbt_upstream.py
[2025-12-04T00:28:30.333+0000] {processor.py:914} INFO - Processing file /opt/airflow/dags/elt_dbt_upstream.py for tasks to queue
[2025-12-04T00:28:30.334+0000] {logging_mixin.py:190} INFO - [2025-12-04T00:28:30.334+0000] {dagbag.py:587} INFO - Filling up the DagBag from /opt/airflow/dags/elt_dbt_upstream.py
[2025-12-04T00:28:30.341+0000] {processor.py:925} INFO - DAG(s) 'elt_dbt_upstream' retrieved from /opt/airflow/dags/elt_dbt_upstream.py
[2025-12-04T00:28:30.353+0000] {logging_mixin.py:190} INFO - [2025-12-04T00:28:30.353+0000] {dag.py:3229} INFO - Sync 1 DAGs
[2025-12-04T00:28:30.364+0000] {logging_mixin.py:190} INFO - [2025-12-04T00:28:30.364+0000] {dag.py:4156} INFO - Setting next_dagrun for elt_dbt_upstream to 2025-12-03 03:00:00+00:00, run_after=2025-12-04 03:00:00+00:00
[2025-12-04T00:28:30.374+0000] {processor.py:208} INFO - Processing /opt/airflow/dags/elt_dbt_upstream.py took 0.048 seconds
[2025-12-04T00:29:00.757+0000] {processor.py:186} INFO - Started process (PID=11278) to work on /opt/airflow/dags/elt_dbt_upstream.py
[2025-12-04T00:29:00.757+0000] {processor.py:914} INFO - Processing file /opt/airflow/dags/elt_dbt_upstream.py for tasks to queue
[2025-12-04T00:29:00.759+0000] {logging_mixin.py:190} INFO - [2025-12-04T00:29:00.759+0000] {dagbag.py:587} INFO - Filling up the DagBag from /opt/airflow/dags/elt_dbt_upstream.py
[2025-12-04T00:29:00.766+0000] {processor.py:925} INFO - DAG(s) 'elt_dbt_upstream' retrieved from /opt/airflow/dags/elt_dbt_upstream.py
[2025-12-04T00:29:00.780+0000] {logging_mixin.py:190} INFO - [2025-12-04T00:29:00.780+0000] {dag.py:3229} INFO - Sync 1 DAGs
[2025-12-04T00:29:00.791+0000] {logging_mixin.py:190} INFO - [2025-12-04T00:29:00.791+0000] {dag.py:4156} INFO - Setting next_dagrun for elt_dbt_upstream to 2025-12-03 03:00:00+00:00, run_after=2025-12-04 03:00:00+00:00
[2025-12-04T00:29:00.801+0000] {processor.py:208} INFO - Processing /opt/airflow/dags/elt_dbt_upstream.py took 0.050 seconds
[2025-12-04T00:29:31.193+0000] {processor.py:186} INFO - Started process (PID=11304) to work on /opt/airflow/dags/elt_dbt_upstream.py
[2025-12-04T00:29:31.194+0000] {processor.py:914} INFO - Processing file /opt/airflow/dags/elt_dbt_upstream.py for tasks to queue
[2025-12-04T00:29:31.195+0000] {logging_mixin.py:190} INFO - [2025-12-04T00:29:31.195+0000] {dagbag.py:587} INFO - Filling up the DagBag from /opt/airflow/dags/elt_dbt_upstream.py
[2025-12-04T00:29:31.204+0000] {processor.py:925} INFO - DAG(s) 'elt_dbt_upstream' retrieved from /opt/airflow/dags/elt_dbt_upstream.py
[2025-12-04T00:29:31.217+0000] {logging_mixin.py:190} INFO - [2025-12-04T00:29:31.217+0000] {dag.py:3229} INFO - Sync 1 DAGs
[2025-12-04T00:29:31.228+0000] {logging_mixin.py:190} INFO - [2025-12-04T00:29:31.227+0000] {dag.py:4156} INFO - Setting next_dagrun for elt_dbt_upstream to 2025-12-03 03:00:00+00:00, run_after=2025-12-04 03:00:00+00:00
[2025-12-04T00:29:31.235+0000] {processor.py:208} INFO - Processing /opt/airflow/dags/elt_dbt_upstream.py took 0.047 seconds
[2025-12-04T00:30:01.801+0000] {processor.py:186} INFO - Started process (PID=11330) to work on /opt/airflow/dags/elt_dbt_upstream.py
[2025-12-04T00:30:01.802+0000] {processor.py:914} INFO - Processing file /opt/airflow/dags/elt_dbt_upstream.py for tasks to queue
[2025-12-04T00:30:01.804+0000] {logging_mixin.py:190} INFO - [2025-12-04T00:30:01.803+0000] {dagbag.py:587} INFO - Filling up the DagBag from /opt/airflow/dags/elt_dbt_upstream.py
[2025-12-04T00:30:01.810+0000] {processor.py:925} INFO - DAG(s) 'elt_dbt_upstream' retrieved from /opt/airflow/dags/elt_dbt_upstream.py
[2025-12-04T00:30:01.822+0000] {logging_mixin.py:190} INFO - [2025-12-04T00:30:01.822+0000] {dag.py:3229} INFO - Sync 1 DAGs
[2025-12-04T00:30:01.833+0000] {logging_mixin.py:190} INFO - [2025-12-04T00:30:01.833+0000] {dag.py:4156} INFO - Setting next_dagrun for elt_dbt_upstream to 2025-12-03 03:00:00+00:00, run_after=2025-12-04 03:00:00+00:00
[2025-12-04T00:30:01.842+0000] {processor.py:208} INFO - Processing /opt/airflow/dags/elt_dbt_upstream.py took 0.047 seconds
[2025-12-04T00:30:32.242+0000] {processor.py:186} INFO - Started process (PID=11356) to work on /opt/airflow/dags/elt_dbt_upstream.py
[2025-12-04T00:30:32.243+0000] {processor.py:914} INFO - Processing file /opt/airflow/dags/elt_dbt_upstream.py for tasks to queue
[2025-12-04T00:30:32.244+0000] {logging_mixin.py:190} INFO - [2025-12-04T00:30:32.244+0000] {dagbag.py:587} INFO - Filling up the DagBag from /opt/airflow/dags/elt_dbt_upstream.py
[2025-12-04T00:30:32.253+0000] {processor.py:925} INFO - DAG(s) 'elt_dbt_upstream' retrieved from /opt/airflow/dags/elt_dbt_upstream.py
[2025-12-04T00:30:32.265+0000] {logging_mixin.py:190} INFO - [2025-12-04T00:30:32.265+0000] {dag.py:3229} INFO - Sync 1 DAGs
[2025-12-04T00:30:32.276+0000] {logging_mixin.py:190} INFO - [2025-12-04T00:30:32.276+0000] {dag.py:4156} INFO - Setting next_dagrun for elt_dbt_upstream to 2025-12-03 03:00:00+00:00, run_after=2025-12-04 03:00:00+00:00
[2025-12-04T00:30:32.288+0000] {processor.py:208} INFO - Processing /opt/airflow/dags/elt_dbt_upstream.py took 0.051 seconds
[2025-12-04T00:31:56.247+0000] {processor.py:186} INFO - Started process (PID=11382) to work on /opt/airflow/dags/elt_dbt_upstream.py
[2025-12-04T00:31:56.248+0000] {processor.py:914} INFO - Processing file /opt/airflow/dags/elt_dbt_upstream.py for tasks to queue
[2025-12-04T00:31:56.252+0000] {logging_mixin.py:190} INFO - [2025-12-04T00:31:56.251+0000] {dagbag.py:587} INFO - Filling up the DagBag from /opt/airflow/dags/elt_dbt_upstream.py
[2025-12-04T00:31:56.261+0000] {processor.py:925} INFO - DAG(s) 'elt_dbt_upstream' retrieved from /opt/airflow/dags/elt_dbt_upstream.py
[2025-12-04T00:31:56.277+0000] {logging_mixin.py:190} INFO - [2025-12-04T00:31:56.277+0000] {dag.py:3229} INFO - Sync 1 DAGs
[2025-12-04T00:31:56.290+0000] {logging_mixin.py:190} INFO - [2025-12-04T00:31:56.290+0000] {dag.py:4156} INFO - Setting next_dagrun for elt_dbt_upstream to 2025-12-03 03:00:00+00:00, run_after=2025-12-04 03:00:00+00:00
[2025-12-04T00:31:56.299+0000] {processor.py:208} INFO - Processing /opt/airflow/dags/elt_dbt_upstream.py took 0.059 seconds
[2025-12-04T00:32:26.893+0000] {processor.py:186} INFO - Started process (PID=11408) to work on /opt/airflow/dags/elt_dbt_upstream.py
[2025-12-04T00:32:26.894+0000] {processor.py:914} INFO - Processing file /opt/airflow/dags/elt_dbt_upstream.py for tasks to queue
[2025-12-04T00:32:26.895+0000] {logging_mixin.py:190} INFO - [2025-12-04T00:32:26.895+0000] {dagbag.py:587} INFO - Filling up the DagBag from /opt/airflow/dags/elt_dbt_upstream.py
[2025-12-04T00:32:26.905+0000] {processor.py:925} INFO - DAG(s) 'elt_dbt_upstream' retrieved from /opt/airflow/dags/elt_dbt_upstream.py
[2025-12-04T00:32:26.917+0000] {logging_mixin.py:190} INFO - [2025-12-04T00:32:26.917+0000] {dag.py:3229} INFO - Sync 1 DAGs
[2025-12-04T00:32:26.928+0000] {logging_mixin.py:190} INFO - [2025-12-04T00:32:26.928+0000] {dag.py:4156} INFO - Setting next_dagrun for elt_dbt_upstream to 2025-12-03 03:00:00+00:00, run_after=2025-12-04 03:00:00+00:00
[2025-12-04T00:32:27.032+0000] {processor.py:208} INFO - Processing /opt/airflow/dags/elt_dbt_upstream.py took 0.144 seconds
[2025-12-04T00:33:21.536+0000] {processor.py:186} INFO - Started process (PID=11434) to work on /opt/airflow/dags/elt_dbt_upstream.py
[2025-12-04T00:33:21.537+0000] {processor.py:914} INFO - Processing file /opt/airflow/dags/elt_dbt_upstream.py for tasks to queue
[2025-12-04T00:33:21.538+0000] {logging_mixin.py:190} INFO - [2025-12-04T00:33:21.538+0000] {dagbag.py:587} INFO - Filling up the DagBag from /opt/airflow/dags/elt_dbt_upstream.py
[2025-12-04T00:33:21.546+0000] {processor.py:925} INFO - DAG(s) 'elt_dbt_upstream' retrieved from /opt/airflow/dags/elt_dbt_upstream.py
[2025-12-04T00:33:21.557+0000] {logging_mixin.py:190} INFO - [2025-12-04T00:33:21.557+0000] {dag.py:3229} INFO - Sync 1 DAGs
[2025-12-04T00:33:21.570+0000] {logging_mixin.py:190} INFO - [2025-12-04T00:33:21.570+0000] {dag.py:4156} INFO - Setting next_dagrun for elt_dbt_upstream to 2025-12-03 03:00:00+00:00, run_after=2025-12-04 03:00:00+00:00
[2025-12-04T00:33:21.582+0000] {processor.py:208} INFO - Processing /opt/airflow/dags/elt_dbt_upstream.py took 0.050 seconds
[2025-12-04T00:36:34.007+0000] {processor.py:186} INFO - Started process (PID=11460) to work on /opt/airflow/dags/elt_dbt_upstream.py
[2025-12-04T00:36:34.009+0000] {processor.py:914} INFO - Processing file /opt/airflow/dags/elt_dbt_upstream.py for tasks to queue
[2025-12-04T00:36:34.012+0000] {logging_mixin.py:190} INFO - [2025-12-04T00:36:34.011+0000] {dagbag.py:587} INFO - Filling up the DagBag from /opt/airflow/dags/elt_dbt_upstream.py
[2025-12-04T00:36:34.023+0000] {processor.py:925} INFO - DAG(s) 'elt_dbt_upstream' retrieved from /opt/airflow/dags/elt_dbt_upstream.py
[2025-12-04T00:36:34.046+0000] {logging_mixin.py:190} INFO - [2025-12-04T00:36:34.045+0000] {dag.py:3229} INFO - Sync 1 DAGs
[2025-12-04T00:36:34.065+0000] {logging_mixin.py:190} INFO - [2025-12-04T00:36:34.065+0000] {dag.py:4156} INFO - Setting next_dagrun for elt_dbt_upstream to 2025-12-03 03:00:00+00:00, run_after=2025-12-04 03:00:00+00:00
[2025-12-04T00:36:34.077+0000] {processor.py:208} INFO - Processing /opt/airflow/dags/elt_dbt_upstream.py took 0.076 seconds
[2025-12-04T00:37:04.476+0000] {processor.py:186} INFO - Started process (PID=11486) to work on /opt/airflow/dags/elt_dbt_upstream.py
[2025-12-04T00:37:04.477+0000] {processor.py:914} INFO - Processing file /opt/airflow/dags/elt_dbt_upstream.py for tasks to queue
[2025-12-04T00:37:04.479+0000] {logging_mixin.py:190} INFO - [2025-12-04T00:37:04.478+0000] {dagbag.py:587} INFO - Filling up the DagBag from /opt/airflow/dags/elt_dbt_upstream.py
[2025-12-04T00:37:04.488+0000] {processor.py:925} INFO - DAG(s) 'elt_dbt_upstream' retrieved from /opt/airflow/dags/elt_dbt_upstream.py
[2025-12-04T00:37:04.502+0000] {logging_mixin.py:190} INFO - [2025-12-04T00:37:04.502+0000] {dag.py:3229} INFO - Sync 1 DAGs
[2025-12-04T00:37:04.517+0000] {logging_mixin.py:190} INFO - [2025-12-04T00:37:04.516+0000] {dag.py:4156} INFO - Setting next_dagrun for elt_dbt_upstream to 2025-12-03 03:00:00+00:00, run_after=2025-12-04 03:00:00+00:00
[2025-12-04T00:37:04.530+0000] {processor.py:208} INFO - Processing /opt/airflow/dags/elt_dbt_upstream.py took 0.060 seconds
[2025-12-04T00:37:34.894+0000] {processor.py:186} INFO - Started process (PID=11512) to work on /opt/airflow/dags/elt_dbt_upstream.py
[2025-12-04T00:37:34.894+0000] {processor.py:914} INFO - Processing file /opt/airflow/dags/elt_dbt_upstream.py for tasks to queue
[2025-12-04T00:37:34.896+0000] {logging_mixin.py:190} INFO - [2025-12-04T00:37:34.895+0000] {dagbag.py:587} INFO - Filling up the DagBag from /opt/airflow/dags/elt_dbt_upstream.py
[2025-12-04T00:37:34.905+0000] {processor.py:925} INFO - DAG(s) 'elt_dbt_upstream' retrieved from /opt/airflow/dags/elt_dbt_upstream.py
[2025-12-04T00:37:34.919+0000] {logging_mixin.py:190} INFO - [2025-12-04T00:37:34.919+0000] {dag.py:3229} INFO - Sync 1 DAGs
[2025-12-04T00:37:34.933+0000] {logging_mixin.py:190} INFO - [2025-12-04T00:37:34.933+0000] {dag.py:4156} INFO - Setting next_dagrun for elt_dbt_upstream to 2025-12-03 03:00:00+00:00, run_after=2025-12-04 03:00:00+00:00
[2025-12-04T00:37:35.036+0000] {processor.py:208} INFO - Processing /opt/airflow/dags/elt_dbt_upstream.py took 0.148 seconds
[2025-12-04T00:38:05.607+0000] {processor.py:186} INFO - Started process (PID=11538) to work on /opt/airflow/dags/elt_dbt_upstream.py
[2025-12-04T00:38:05.608+0000] {processor.py:914} INFO - Processing file /opt/airflow/dags/elt_dbt_upstream.py for tasks to queue
[2025-12-04T00:38:05.609+0000] {logging_mixin.py:190} INFO - [2025-12-04T00:38:05.609+0000] {dagbag.py:587} INFO - Filling up the DagBag from /opt/airflow/dags/elt_dbt_upstream.py
[2025-12-04T00:38:05.618+0000] {processor.py:925} INFO - DAG(s) 'elt_dbt_upstream' retrieved from /opt/airflow/dags/elt_dbt_upstream.py
[2025-12-04T00:38:05.630+0000] {logging_mixin.py:190} INFO - [2025-12-04T00:38:05.630+0000] {dag.py:3229} INFO - Sync 1 DAGs
[2025-12-04T00:38:05.641+0000] {logging_mixin.py:190} INFO - [2025-12-04T00:38:05.640+0000] {dag.py:4156} INFO - Setting next_dagrun for elt_dbt_upstream to 2025-12-03 03:00:00+00:00, run_after=2025-12-04 03:00:00+00:00
[2025-12-04T00:38:05.649+0000] {processor.py:208} INFO - Processing /opt/airflow/dags/elt_dbt_upstream.py took 0.048 seconds
[2025-12-04T00:38:36.212+0000] {processor.py:186} INFO - Started process (PID=11564) to work on /opt/airflow/dags/elt_dbt_upstream.py
[2025-12-04T00:38:36.213+0000] {processor.py:914} INFO - Processing file /opt/airflow/dags/elt_dbt_upstream.py for tasks to queue
[2025-12-04T00:38:36.217+0000] {logging_mixin.py:190} INFO - [2025-12-04T00:38:36.216+0000] {dagbag.py:587} INFO - Filling up the DagBag from /opt/airflow/dags/elt_dbt_upstream.py
[2025-12-04T00:38:36.228+0000] {processor.py:925} INFO - DAG(s) 'elt_dbt_upstream' retrieved from /opt/airflow/dags/elt_dbt_upstream.py
[2025-12-04T00:38:36.243+0000] {logging_mixin.py:190} INFO - [2025-12-04T00:38:36.243+0000] {dag.py:3229} INFO - Sync 1 DAGs
[2025-12-04T00:38:36.257+0000] {logging_mixin.py:190} INFO - [2025-12-04T00:38:36.257+0000] {dag.py:4156} INFO - Setting next_dagrun for elt_dbt_upstream to 2025-12-03 03:00:00+00:00, run_after=2025-12-04 03:00:00+00:00
[2025-12-04T00:38:36.267+0000] {processor.py:208} INFO - Processing /opt/airflow/dags/elt_dbt_upstream.py took 0.062 seconds
