[2025-12-04T00:06:07.608+0000] {processor.py:186} INFO - Started process (PID=10533) to work on /opt/airflow/dags/market_data_ingest.py
[2025-12-04T00:06:07.608+0000] {processor.py:914} INFO - Processing file /opt/airflow/dags/market_data_ingest.py for tasks to queue
[2025-12-04T00:06:07.609+0000] {logging_mixin.py:190} INFO - [2025-12-04T00:06:07.609+0000] {dagbag.py:587} INFO - Filling up the DagBag from /opt/airflow/dags/market_data_ingest.py
[2025-12-04T00:06:07.820+0000] {processor.py:925} INFO - DAG(s) 'market_data_ingest' retrieved from /opt/airflow/dags/market_data_ingest.py
[2025-12-04T00:06:07.824+0000] {logging_mixin.py:190} INFO - [2025-12-04T00:06:07.824+0000] {dag.py:3229} INFO - Sync 1 DAGs
[2025-12-04T00:06:07.831+0000] {logging_mixin.py:190} INFO - [2025-12-04T00:06:07.831+0000] {dag.py:4156} INFO - Setting next_dagrun for market_data_ingest to 2025-12-03 02:30:00+00:00, run_after=2025-12-04 02:30:00+00:00
[2025-12-04T00:06:07.836+0000] {processor.py:208} INFO - Processing /opt/airflow/dags/market_data_ingest.py took 0.231 seconds
[2025-12-04T00:06:38.241+0000] {processor.py:186} INFO - Started process (PID=10559) to work on /opt/airflow/dags/market_data_ingest.py
[2025-12-04T00:06:38.241+0000] {processor.py:914} INFO - Processing file /opt/airflow/dags/market_data_ingest.py for tasks to queue
[2025-12-04T00:06:38.242+0000] {logging_mixin.py:190} INFO - [2025-12-04T00:06:38.242+0000] {dagbag.py:587} INFO - Filling up the DagBag from /opt/airflow/dags/market_data_ingest.py
[2025-12-04T00:06:38.447+0000] {processor.py:925} INFO - DAG(s) 'market_data_ingest' retrieved from /opt/airflow/dags/market_data_ingest.py
[2025-12-04T00:06:38.451+0000] {logging_mixin.py:190} INFO - [2025-12-04T00:06:38.450+0000] {dag.py:3229} INFO - Sync 1 DAGs
[2025-12-04T00:06:38.457+0000] {logging_mixin.py:190} INFO - [2025-12-04T00:06:38.457+0000] {dag.py:4156} INFO - Setting next_dagrun for market_data_ingest to 2025-12-03 02:30:00+00:00, run_after=2025-12-04 02:30:00+00:00
[2025-12-04T00:06:38.462+0000] {processor.py:208} INFO - Processing /opt/airflow/dags/market_data_ingest.py took 0.224 seconds
[2025-12-04T00:12:24.782+0000] {processor.py:186} INFO - Started process (PID=10585) to work on /opt/airflow/dags/market_data_ingest.py
[2025-12-04T00:12:24.783+0000] {processor.py:914} INFO - Processing file /opt/airflow/dags/market_data_ingest.py for tasks to queue
[2025-12-04T00:12:24.784+0000] {logging_mixin.py:190} INFO - [2025-12-04T00:12:24.784+0000] {dagbag.py:587} INFO - Filling up the DagBag from /opt/airflow/dags/market_data_ingest.py
[2025-12-04T00:12:25.125+0000] {processor.py:925} INFO - DAG(s) 'market_data_ingest' retrieved from /opt/airflow/dags/market_data_ingest.py
[2025-12-04T00:12:25.129+0000] {logging_mixin.py:190} INFO - [2025-12-04T00:12:25.129+0000] {dag.py:3229} INFO - Sync 1 DAGs
[2025-12-04T00:12:25.136+0000] {logging_mixin.py:190} INFO - [2025-12-04T00:12:25.136+0000] {dag.py:4156} INFO - Setting next_dagrun for market_data_ingest to 2025-12-03 02:30:00+00:00, run_after=2025-12-04 02:30:00+00:00
[2025-12-04T00:12:25.141+0000] {processor.py:208} INFO - Processing /opt/airflow/dags/market_data_ingest.py took 0.363 seconds
[2025-12-04T00:12:55.267+0000] {processor.py:186} INFO - Started process (PID=10611) to work on /opt/airflow/dags/market_data_ingest.py
[2025-12-04T00:12:55.267+0000] {processor.py:914} INFO - Processing file /opt/airflow/dags/market_data_ingest.py for tasks to queue
[2025-12-04T00:12:55.268+0000] {logging_mixin.py:190} INFO - [2025-12-04T00:12:55.268+0000] {dagbag.py:587} INFO - Filling up the DagBag from /opt/airflow/dags/market_data_ingest.py
[2025-12-04T00:12:55.498+0000] {processor.py:925} INFO - DAG(s) 'market_data_ingest' retrieved from /opt/airflow/dags/market_data_ingest.py
[2025-12-04T00:12:55.502+0000] {logging_mixin.py:190} INFO - [2025-12-04T00:12:55.501+0000] {dag.py:3229} INFO - Sync 1 DAGs
[2025-12-04T00:12:55.508+0000] {logging_mixin.py:190} INFO - [2025-12-04T00:12:55.508+0000] {dag.py:4156} INFO - Setting next_dagrun for market_data_ingest to 2025-12-03 02:30:00+00:00, run_after=2025-12-04 02:30:00+00:00
[2025-12-04T00:12:55.513+0000] {processor.py:208} INFO - Processing /opt/airflow/dags/market_data_ingest.py took 0.249 seconds
[2025-12-04T00:13:25.739+0000] {processor.py:186} INFO - Started process (PID=10637) to work on /opt/airflow/dags/market_data_ingest.py
[2025-12-04T00:13:25.739+0000] {processor.py:914} INFO - Processing file /opt/airflow/dags/market_data_ingest.py for tasks to queue
[2025-12-04T00:13:25.740+0000] {logging_mixin.py:190} INFO - [2025-12-04T00:13:25.740+0000] {dagbag.py:587} INFO - Filling up the DagBag from /opt/airflow/dags/market_data_ingest.py
[2025-12-04T00:13:25.945+0000] {processor.py:925} INFO - DAG(s) 'market_data_ingest' retrieved from /opt/airflow/dags/market_data_ingest.py
[2025-12-04T00:13:25.948+0000] {logging_mixin.py:190} INFO - [2025-12-04T00:13:25.948+0000] {dag.py:3229} INFO - Sync 1 DAGs
[2025-12-04T00:13:25.955+0000] {logging_mixin.py:190} INFO - [2025-12-04T00:13:25.955+0000] {dag.py:4156} INFO - Setting next_dagrun for market_data_ingest to 2025-12-03 02:30:00+00:00, run_after=2025-12-04 02:30:00+00:00
[2025-12-04T00:13:25.960+0000] {processor.py:208} INFO - Processing /opt/airflow/dags/market_data_ingest.py took 0.224 seconds
[2025-12-04T00:13:56.393+0000] {processor.py:186} INFO - Started process (PID=10663) to work on /opt/airflow/dags/market_data_ingest.py
[2025-12-04T00:13:56.393+0000] {processor.py:914} INFO - Processing file /opt/airflow/dags/market_data_ingest.py for tasks to queue
[2025-12-04T00:13:56.394+0000] {logging_mixin.py:190} INFO - [2025-12-04T00:13:56.394+0000] {dagbag.py:587} INFO - Filling up the DagBag from /opt/airflow/dags/market_data_ingest.py
[2025-12-04T00:13:56.612+0000] {processor.py:925} INFO - DAG(s) 'market_data_ingest' retrieved from /opt/airflow/dags/market_data_ingest.py
[2025-12-04T00:13:56.616+0000] {logging_mixin.py:190} INFO - [2025-12-04T00:13:56.616+0000] {dag.py:3229} INFO - Sync 1 DAGs
[2025-12-04T00:13:56.623+0000] {logging_mixin.py:190} INFO - [2025-12-04T00:13:56.623+0000] {dag.py:4156} INFO - Setting next_dagrun for market_data_ingest to 2025-12-03 02:30:00+00:00, run_after=2025-12-04 02:30:00+00:00
[2025-12-04T00:13:56.628+0000] {processor.py:208} INFO - Processing /opt/airflow/dags/market_data_ingest.py took 0.238 seconds
[2025-12-04T00:14:27.046+0000] {processor.py:186} INFO - Started process (PID=10689) to work on /opt/airflow/dags/market_data_ingest.py
[2025-12-04T00:14:27.046+0000] {processor.py:914} INFO - Processing file /opt/airflow/dags/market_data_ingest.py for tasks to queue
[2025-12-04T00:14:27.047+0000] {logging_mixin.py:190} INFO - [2025-12-04T00:14:27.047+0000] {dagbag.py:587} INFO - Filling up the DagBag from /opt/airflow/dags/market_data_ingest.py
[2025-12-04T00:14:27.257+0000] {processor.py:925} INFO - DAG(s) 'market_data_ingest' retrieved from /opt/airflow/dags/market_data_ingest.py
[2025-12-04T00:14:27.261+0000] {logging_mixin.py:190} INFO - [2025-12-04T00:14:27.260+0000] {dag.py:3229} INFO - Sync 1 DAGs
[2025-12-04T00:14:27.267+0000] {logging_mixin.py:190} INFO - [2025-12-04T00:14:27.267+0000] {dag.py:4156} INFO - Setting next_dagrun for market_data_ingest to 2025-12-03 02:30:00+00:00, run_after=2025-12-04 02:30:00+00:00
[2025-12-04T00:14:27.273+0000] {processor.py:208} INFO - Processing /opt/airflow/dags/market_data_ingest.py took 0.230 seconds
[2025-12-04T00:14:57.693+0000] {processor.py:186} INFO - Started process (PID=10715) to work on /opt/airflow/dags/market_data_ingest.py
[2025-12-04T00:14:57.693+0000] {processor.py:914} INFO - Processing file /opt/airflow/dags/market_data_ingest.py for tasks to queue
[2025-12-04T00:14:57.694+0000] {logging_mixin.py:190} INFO - [2025-12-04T00:14:57.694+0000] {dagbag.py:587} INFO - Filling up the DagBag from /opt/airflow/dags/market_data_ingest.py
[2025-12-04T00:14:58.012+0000] {processor.py:925} INFO - DAG(s) 'market_data_ingest' retrieved from /opt/airflow/dags/market_data_ingest.py
[2025-12-04T00:14:58.016+0000] {logging_mixin.py:190} INFO - [2025-12-04T00:14:58.015+0000] {dag.py:3229} INFO - Sync 1 DAGs
[2025-12-04T00:14:58.023+0000] {logging_mixin.py:190} INFO - [2025-12-04T00:14:58.023+0000] {dag.py:4156} INFO - Setting next_dagrun for market_data_ingest to 2025-12-03 02:30:00+00:00, run_after=2025-12-04 02:30:00+00:00
[2025-12-04T00:14:58.029+0000] {processor.py:208} INFO - Processing /opt/airflow/dags/market_data_ingest.py took 0.339 seconds
[2025-12-04T00:15:28.435+0000] {processor.py:186} INFO - Started process (PID=10741) to work on /opt/airflow/dags/market_data_ingest.py
[2025-12-04T00:15:28.436+0000] {processor.py:914} INFO - Processing file /opt/airflow/dags/market_data_ingest.py for tasks to queue
[2025-12-04T00:15:28.437+0000] {logging_mixin.py:190} INFO - [2025-12-04T00:15:28.437+0000] {dagbag.py:587} INFO - Filling up the DagBag from /opt/airflow/dags/market_data_ingest.py
[2025-12-04T00:15:28.651+0000] {processor.py:925} INFO - DAG(s) 'market_data_ingest' retrieved from /opt/airflow/dags/market_data_ingest.py
[2025-12-04T00:15:28.655+0000] {logging_mixin.py:190} INFO - [2025-12-04T00:15:28.655+0000] {dag.py:3229} INFO - Sync 1 DAGs
[2025-12-04T00:15:28.662+0000] {logging_mixin.py:190} INFO - [2025-12-04T00:15:28.662+0000] {dag.py:4156} INFO - Setting next_dagrun for market_data_ingest to 2025-12-03 02:30:00+00:00, run_after=2025-12-04 02:30:00+00:00
[2025-12-04T00:15:28.668+0000] {processor.py:208} INFO - Processing /opt/airflow/dags/market_data_ingest.py took 0.235 seconds
[2025-12-04T00:15:59.074+0000] {processor.py:186} INFO - Started process (PID=10767) to work on /opt/airflow/dags/market_data_ingest.py
[2025-12-04T00:15:59.075+0000] {processor.py:914} INFO - Processing file /opt/airflow/dags/market_data_ingest.py for tasks to queue
[2025-12-04T00:15:59.076+0000] {logging_mixin.py:190} INFO - [2025-12-04T00:15:59.076+0000] {dagbag.py:587} INFO - Filling up the DagBag from /opt/airflow/dags/market_data_ingest.py
[2025-12-04T00:15:59.283+0000] {processor.py:925} INFO - DAG(s) 'market_data_ingest' retrieved from /opt/airflow/dags/market_data_ingest.py
[2025-12-04T00:15:59.287+0000] {logging_mixin.py:190} INFO - [2025-12-04T00:15:59.286+0000] {dag.py:3229} INFO - Sync 1 DAGs
[2025-12-04T00:15:59.293+0000] {logging_mixin.py:190} INFO - [2025-12-04T00:15:59.293+0000] {dag.py:4156} INFO - Setting next_dagrun for market_data_ingest to 2025-12-03 02:30:00+00:00, run_after=2025-12-04 02:30:00+00:00
[2025-12-04T00:15:59.298+0000] {processor.py:208} INFO - Processing /opt/airflow/dags/market_data_ingest.py took 0.226 seconds
[2025-12-04T00:16:29.656+0000] {processor.py:186} INFO - Started process (PID=10793) to work on /opt/airflow/dags/market_data_ingest.py
[2025-12-04T00:16:29.656+0000] {processor.py:914} INFO - Processing file /opt/airflow/dags/market_data_ingest.py for tasks to queue
[2025-12-04T00:16:29.657+0000] {logging_mixin.py:190} INFO - [2025-12-04T00:16:29.657+0000] {dagbag.py:587} INFO - Filling up the DagBag from /opt/airflow/dags/market_data_ingest.py
[2025-12-04T00:16:29.874+0000] {processor.py:925} INFO - DAG(s) 'market_data_ingest' retrieved from /opt/airflow/dags/market_data_ingest.py
[2025-12-04T00:16:29.878+0000] {logging_mixin.py:190} INFO - [2025-12-04T00:16:29.877+0000] {dag.py:3229} INFO - Sync 1 DAGs
[2025-12-04T00:16:29.884+0000] {logging_mixin.py:190} INFO - [2025-12-04T00:16:29.884+0000] {dag.py:4156} INFO - Setting next_dagrun for market_data_ingest to 2025-12-03 02:30:00+00:00, run_after=2025-12-04 02:30:00+00:00
[2025-12-04T00:16:29.889+0000] {processor.py:208} INFO - Processing /opt/airflow/dags/market_data_ingest.py took 0.236 seconds
[2025-12-04T00:17:00.282+0000] {processor.py:186} INFO - Started process (PID=10819) to work on /opt/airflow/dags/market_data_ingest.py
[2025-12-04T00:17:00.283+0000] {processor.py:914} INFO - Processing file /opt/airflow/dags/market_data_ingest.py for tasks to queue
[2025-12-04T00:17:00.284+0000] {logging_mixin.py:190} INFO - [2025-12-04T00:17:00.284+0000] {dagbag.py:587} INFO - Filling up the DagBag from /opt/airflow/dags/market_data_ingest.py
[2025-12-04T00:17:00.500+0000] {processor.py:925} INFO - DAG(s) 'market_data_ingest' retrieved from /opt/airflow/dags/market_data_ingest.py
[2025-12-04T00:17:00.504+0000] {logging_mixin.py:190} INFO - [2025-12-04T00:17:00.504+0000] {dag.py:3229} INFO - Sync 1 DAGs
[2025-12-04T00:17:00.512+0000] {logging_mixin.py:190} INFO - [2025-12-04T00:17:00.512+0000] {dag.py:4156} INFO - Setting next_dagrun for market_data_ingest to 2025-12-03 02:30:00+00:00, run_after=2025-12-04 02:30:00+00:00
[2025-12-04T00:17:00.516+0000] {processor.py:208} INFO - Processing /opt/airflow/dags/market_data_ingest.py took 0.237 seconds
[2025-12-04T00:17:30.907+0000] {processor.py:186} INFO - Started process (PID=10845) to work on /opt/airflow/dags/market_data_ingest.py
[2025-12-04T00:17:30.907+0000] {processor.py:914} INFO - Processing file /opt/airflow/dags/market_data_ingest.py for tasks to queue
[2025-12-04T00:17:30.908+0000] {logging_mixin.py:190} INFO - [2025-12-04T00:17:30.908+0000] {dagbag.py:587} INFO - Filling up the DagBag from /opt/airflow/dags/market_data_ingest.py
[2025-12-04T00:17:31.119+0000] {processor.py:925} INFO - DAG(s) 'market_data_ingest' retrieved from /opt/airflow/dags/market_data_ingest.py
[2025-12-04T00:17:31.123+0000] {logging_mixin.py:190} INFO - [2025-12-04T00:17:31.122+0000] {dag.py:3229} INFO - Sync 1 DAGs
[2025-12-04T00:17:31.130+0000] {logging_mixin.py:190} INFO - [2025-12-04T00:17:31.129+0000] {dag.py:4156} INFO - Setting next_dagrun for market_data_ingest to 2025-12-03 02:30:00+00:00, run_after=2025-12-04 02:30:00+00:00
[2025-12-04T00:17:31.134+0000] {processor.py:208} INFO - Processing /opt/airflow/dags/market_data_ingest.py took 0.230 seconds
[2025-12-04T00:18:01.561+0000] {processor.py:186} INFO - Started process (PID=10871) to work on /opt/airflow/dags/market_data_ingest.py
[2025-12-04T00:18:01.561+0000] {processor.py:914} INFO - Processing file /opt/airflow/dags/market_data_ingest.py for tasks to queue
[2025-12-04T00:18:01.563+0000] {logging_mixin.py:190} INFO - [2025-12-04T00:18:01.562+0000] {dagbag.py:587} INFO - Filling up the DagBag from /opt/airflow/dags/market_data_ingest.py
[2025-12-04T00:18:01.776+0000] {processor.py:925} INFO - DAG(s) 'market_data_ingest' retrieved from /opt/airflow/dags/market_data_ingest.py
[2025-12-04T00:18:01.781+0000] {logging_mixin.py:190} INFO - [2025-12-04T00:18:01.780+0000] {dag.py:3229} INFO - Sync 1 DAGs
[2025-12-04T00:18:01.787+0000] {logging_mixin.py:190} INFO - [2025-12-04T00:18:01.787+0000] {dag.py:4156} INFO - Setting next_dagrun for market_data_ingest to 2025-12-03 02:30:00+00:00, run_after=2025-12-04 02:30:00+00:00
[2025-12-04T00:18:01.792+0000] {processor.py:208} INFO - Processing /opt/airflow/dags/market_data_ingest.py took 0.234 seconds
[2025-12-04T00:18:31.990+0000] {processor.py:186} INFO - Started process (PID=10897) to work on /opt/airflow/dags/market_data_ingest.py
[2025-12-04T00:18:31.990+0000] {processor.py:914} INFO - Processing file /opt/airflow/dags/market_data_ingest.py for tasks to queue
[2025-12-04T00:18:31.991+0000] {logging_mixin.py:190} INFO - [2025-12-04T00:18:31.991+0000] {dagbag.py:587} INFO - Filling up the DagBag from /opt/airflow/dags/market_data_ingest.py
[2025-12-04T00:18:32.197+0000] {processor.py:925} INFO - DAG(s) 'market_data_ingest' retrieved from /opt/airflow/dags/market_data_ingest.py
[2025-12-04T00:18:32.201+0000] {logging_mixin.py:190} INFO - [2025-12-04T00:18:32.200+0000] {dag.py:3229} INFO - Sync 1 DAGs
[2025-12-04T00:18:32.208+0000] {logging_mixin.py:190} INFO - [2025-12-04T00:18:32.207+0000] {dag.py:4156} INFO - Setting next_dagrun for market_data_ingest to 2025-12-03 02:30:00+00:00, run_after=2025-12-04 02:30:00+00:00
[2025-12-04T00:18:32.213+0000] {processor.py:208} INFO - Processing /opt/airflow/dags/market_data_ingest.py took 0.225 seconds
[2025-12-04T00:19:02.613+0000] {processor.py:186} INFO - Started process (PID=10923) to work on /opt/airflow/dags/market_data_ingest.py
[2025-12-04T00:19:02.613+0000] {processor.py:914} INFO - Processing file /opt/airflow/dags/market_data_ingest.py for tasks to queue
[2025-12-04T00:19:02.614+0000] {logging_mixin.py:190} INFO - [2025-12-04T00:19:02.614+0000] {dagbag.py:587} INFO - Filling up the DagBag from /opt/airflow/dags/market_data_ingest.py
[2025-12-04T00:19:02.833+0000] {processor.py:925} INFO - DAG(s) 'market_data_ingest' retrieved from /opt/airflow/dags/market_data_ingest.py
[2025-12-04T00:19:02.837+0000] {logging_mixin.py:190} INFO - [2025-12-04T00:19:02.837+0000] {dag.py:3229} INFO - Sync 1 DAGs
[2025-12-04T00:19:02.844+0000] {logging_mixin.py:190} INFO - [2025-12-04T00:19:02.844+0000] {dag.py:4156} INFO - Setting next_dagrun for market_data_ingest to 2025-12-03 02:30:00+00:00, run_after=2025-12-04 02:30:00+00:00
[2025-12-04T00:19:02.849+0000] {processor.py:208} INFO - Processing /opt/airflow/dags/market_data_ingest.py took 0.239 seconds
[2025-12-04T00:19:33.320+0000] {processor.py:186} INFO - Started process (PID=10955) to work on /opt/airflow/dags/market_data_ingest.py
[2025-12-04T00:19:33.321+0000] {processor.py:914} INFO - Processing file /opt/airflow/dags/market_data_ingest.py for tasks to queue
[2025-12-04T00:19:33.322+0000] {logging_mixin.py:190} INFO - [2025-12-04T00:19:33.322+0000] {dagbag.py:587} INFO - Filling up the DagBag from /opt/airflow/dags/market_data_ingest.py
[2025-12-04T00:19:33.617+0000] {processor.py:925} INFO - DAG(s) 'market_data_ingest' retrieved from /opt/airflow/dags/market_data_ingest.py
[2025-12-04T00:19:33.621+0000] {logging_mixin.py:190} INFO - [2025-12-04T00:19:33.621+0000] {dag.py:3229} INFO - Sync 1 DAGs
[2025-12-04T00:19:33.629+0000] {logging_mixin.py:190} INFO - [2025-12-04T00:19:33.629+0000] {dag.py:4156} INFO - Setting next_dagrun for market_data_ingest to 2025-12-03 02:30:00+00:00, run_after=2025-12-04 02:30:00+00:00
[2025-12-04T00:19:33.634+0000] {processor.py:208} INFO - Processing /opt/airflow/dags/market_data_ingest.py took 0.323 seconds
[2025-12-04T00:20:04.045+0000] {processor.py:186} INFO - Started process (PID=10982) to work on /opt/airflow/dags/market_data_ingest.py
[2025-12-04T00:20:04.045+0000] {processor.py:914} INFO - Processing file /opt/airflow/dags/market_data_ingest.py for tasks to queue
[2025-12-04T00:20:04.046+0000] {logging_mixin.py:190} INFO - [2025-12-04T00:20:04.046+0000] {dagbag.py:587} INFO - Filling up the DagBag from /opt/airflow/dags/market_data_ingest.py
[2025-12-04T00:20:04.250+0000] {processor.py:925} INFO - DAG(s) 'market_data_ingest' retrieved from /opt/airflow/dags/market_data_ingest.py
[2025-12-04T00:20:04.254+0000] {logging_mixin.py:190} INFO - [2025-12-04T00:20:04.253+0000] {dag.py:3229} INFO - Sync 1 DAGs
[2025-12-04T00:20:04.260+0000] {logging_mixin.py:190} INFO - [2025-12-04T00:20:04.260+0000] {dag.py:4156} INFO - Setting next_dagrun for market_data_ingest to 2025-12-03 02:30:00+00:00, run_after=2025-12-04 02:30:00+00:00
[2025-12-04T00:20:04.265+0000] {processor.py:208} INFO - Processing /opt/airflow/dags/market_data_ingest.py took 0.223 seconds
[2025-12-04T00:20:34.645+0000] {processor.py:186} INFO - Started process (PID=11008) to work on /opt/airflow/dags/market_data_ingest.py
[2025-12-04T00:20:34.646+0000] {processor.py:914} INFO - Processing file /opt/airflow/dags/market_data_ingest.py for tasks to queue
[2025-12-04T00:20:34.647+0000] {logging_mixin.py:190} INFO - [2025-12-04T00:20:34.647+0000] {dagbag.py:587} INFO - Filling up the DagBag from /opt/airflow/dags/market_data_ingest.py
[2025-12-04T00:20:34.860+0000] {processor.py:925} INFO - DAG(s) 'market_data_ingest' retrieved from /opt/airflow/dags/market_data_ingest.py
[2025-12-04T00:20:34.863+0000] {logging_mixin.py:190} INFO - [2025-12-04T00:20:34.863+0000] {dag.py:3229} INFO - Sync 1 DAGs
[2025-12-04T00:20:34.870+0000] {logging_mixin.py:190} INFO - [2025-12-04T00:20:34.870+0000] {dag.py:4156} INFO - Setting next_dagrun for market_data_ingest to 2025-12-03 02:30:00+00:00, run_after=2025-12-04 02:30:00+00:00
[2025-12-04T00:20:34.875+0000] {processor.py:208} INFO - Processing /opt/airflow/dags/market_data_ingest.py took 0.232 seconds
[2025-12-04T00:21:05.277+0000] {processor.py:186} INFO - Started process (PID=11034) to work on /opt/airflow/dags/market_data_ingest.py
[2025-12-04T00:21:05.277+0000] {processor.py:914} INFO - Processing file /opt/airflow/dags/market_data_ingest.py for tasks to queue
[2025-12-04T00:21:05.279+0000] {logging_mixin.py:190} INFO - [2025-12-04T00:21:05.278+0000] {dagbag.py:587} INFO - Filling up the DagBag from /opt/airflow/dags/market_data_ingest.py
[2025-12-04T00:21:05.522+0000] {processor.py:925} INFO - DAG(s) 'market_data_ingest' retrieved from /opt/airflow/dags/market_data_ingest.py
[2025-12-04T00:21:05.526+0000] {logging_mixin.py:190} INFO - [2025-12-04T00:21:05.526+0000] {dag.py:3229} INFO - Sync 1 DAGs
[2025-12-04T00:21:05.533+0000] {logging_mixin.py:190} INFO - [2025-12-04T00:21:05.533+0000] {dag.py:4156} INFO - Setting next_dagrun for market_data_ingest to 2025-12-03 02:30:00+00:00, run_after=2025-12-04 02:30:00+00:00
[2025-12-04T00:21:05.538+0000] {processor.py:208} INFO - Processing /opt/airflow/dags/market_data_ingest.py took 0.264 seconds
[2025-12-04T00:21:35.936+0000] {processor.py:186} INFO - Started process (PID=11060) to work on /opt/airflow/dags/market_data_ingest.py
[2025-12-04T00:21:35.936+0000] {processor.py:914} INFO - Processing file /opt/airflow/dags/market_data_ingest.py for tasks to queue
[2025-12-04T00:21:35.937+0000] {logging_mixin.py:190} INFO - [2025-12-04T00:21:35.937+0000] {dagbag.py:587} INFO - Filling up the DagBag from /opt/airflow/dags/market_data_ingest.py
[2025-12-04T00:21:36.148+0000] {processor.py:925} INFO - DAG(s) 'market_data_ingest' retrieved from /opt/airflow/dags/market_data_ingest.py
[2025-12-04T00:21:36.151+0000] {logging_mixin.py:190} INFO - [2025-12-04T00:21:36.151+0000] {dag.py:3229} INFO - Sync 1 DAGs
[2025-12-04T00:21:36.158+0000] {logging_mixin.py:190} INFO - [2025-12-04T00:21:36.158+0000] {dag.py:4156} INFO - Setting next_dagrun for market_data_ingest to 2025-12-03 02:30:00+00:00, run_after=2025-12-04 02:30:00+00:00
[2025-12-04T00:21:36.163+0000] {processor.py:208} INFO - Processing /opt/airflow/dags/market_data_ingest.py took 0.230 seconds
[2025-12-04T00:24:55.684+0000] {processor.py:186} INFO - Started process (PID=11080) to work on /opt/airflow/dags/market_data_ingest.py
[2025-12-04T00:24:55.684+0000] {processor.py:914} INFO - Processing file /opt/airflow/dags/market_data_ingest.py for tasks to queue
[2025-12-04T00:24:55.685+0000] {logging_mixin.py:190} INFO - [2025-12-04T00:24:55.685+0000] {dagbag.py:587} INFO - Filling up the DagBag from /opt/airflow/dags/market_data_ingest.py
[2025-12-04T00:24:56.025+0000] {processor.py:925} INFO - DAG(s) 'market_data_ingest' retrieved from /opt/airflow/dags/market_data_ingest.py
[2025-12-04T00:24:56.030+0000] {logging_mixin.py:190} INFO - [2025-12-04T00:24:56.029+0000] {dag.py:3229} INFO - Sync 1 DAGs
[2025-12-04T00:24:56.037+0000] {logging_mixin.py:190} INFO - [2025-12-04T00:24:56.037+0000] {dag.py:4156} INFO - Setting next_dagrun for market_data_ingest to 2025-12-03 02:30:00+00:00, run_after=2025-12-04 02:30:00+00:00
[2025-12-04T00:24:56.042+0000] {processor.py:208} INFO - Processing /opt/airflow/dags/market_data_ingest.py took 0.361 seconds
[2025-12-04T00:25:26.489+0000] {processor.py:186} INFO - Started process (PID=11106) to work on /opt/airflow/dags/market_data_ingest.py
[2025-12-04T00:25:26.489+0000] {processor.py:914} INFO - Processing file /opt/airflow/dags/market_data_ingest.py for tasks to queue
[2025-12-04T00:25:26.490+0000] {logging_mixin.py:190} INFO - [2025-12-04T00:25:26.490+0000] {dagbag.py:587} INFO - Filling up the DagBag from /opt/airflow/dags/market_data_ingest.py
[2025-12-04T00:25:26.738+0000] {processor.py:925} INFO - DAG(s) 'market_data_ingest' retrieved from /opt/airflow/dags/market_data_ingest.py
[2025-12-04T00:25:26.743+0000] {logging_mixin.py:190} INFO - [2025-12-04T00:25:26.743+0000] {dag.py:3229} INFO - Sync 1 DAGs
[2025-12-04T00:25:26.750+0000] {logging_mixin.py:190} INFO - [2025-12-04T00:25:26.750+0000] {dag.py:4156} INFO - Setting next_dagrun for market_data_ingest to 2025-12-03 02:30:00+00:00, run_after=2025-12-04 02:30:00+00:00
[2025-12-04T00:25:26.755+0000] {processor.py:208} INFO - Processing /opt/airflow/dags/market_data_ingest.py took 0.270 seconds
[2025-12-04T00:25:57.175+0000] {processor.py:186} INFO - Started process (PID=11132) to work on /opt/airflow/dags/market_data_ingest.py
[2025-12-04T00:25:57.176+0000] {processor.py:914} INFO - Processing file /opt/airflow/dags/market_data_ingest.py for tasks to queue
[2025-12-04T00:25:57.177+0000] {logging_mixin.py:190} INFO - [2025-12-04T00:25:57.176+0000] {dagbag.py:587} INFO - Filling up the DagBag from /opt/airflow/dags/market_data_ingest.py
[2025-12-04T00:25:57.417+0000] {processor.py:925} INFO - DAG(s) 'market_data_ingest' retrieved from /opt/airflow/dags/market_data_ingest.py
[2025-12-04T00:25:57.421+0000] {logging_mixin.py:190} INFO - [2025-12-04T00:25:57.421+0000] {dag.py:3229} INFO - Sync 1 DAGs
[2025-12-04T00:25:57.428+0000] {logging_mixin.py:190} INFO - [2025-12-04T00:25:57.428+0000] {dag.py:4156} INFO - Setting next_dagrun for market_data_ingest to 2025-12-03 02:30:00+00:00, run_after=2025-12-04 02:30:00+00:00
[2025-12-04T00:25:57.434+0000] {processor.py:208} INFO - Processing /opt/airflow/dags/market_data_ingest.py took 0.261 seconds
[2025-12-04T00:26:27.808+0000] {processor.py:186} INFO - Started process (PID=11158) to work on /opt/airflow/dags/market_data_ingest.py
[2025-12-04T00:26:27.809+0000] {processor.py:914} INFO - Processing file /opt/airflow/dags/market_data_ingest.py for tasks to queue
[2025-12-04T00:26:27.810+0000] {logging_mixin.py:190} INFO - [2025-12-04T00:26:27.810+0000] {dagbag.py:587} INFO - Filling up the DagBag from /opt/airflow/dags/market_data_ingest.py
[2025-12-04T00:26:28.019+0000] {processor.py:925} INFO - DAG(s) 'market_data_ingest' retrieved from /opt/airflow/dags/market_data_ingest.py
[2025-12-04T00:26:28.022+0000] {logging_mixin.py:190} INFO - [2025-12-04T00:26:28.022+0000] {dag.py:3229} INFO - Sync 1 DAGs
[2025-12-04T00:26:28.029+0000] {logging_mixin.py:190} INFO - [2025-12-04T00:26:28.029+0000] {dag.py:4156} INFO - Setting next_dagrun for market_data_ingest to 2025-12-03 02:30:00+00:00, run_after=2025-12-04 02:30:00+00:00
[2025-12-04T00:26:28.034+0000] {processor.py:208} INFO - Processing /opt/airflow/dags/market_data_ingest.py took 0.229 seconds
[2025-12-04T00:26:58.425+0000] {processor.py:186} INFO - Started process (PID=11184) to work on /opt/airflow/dags/market_data_ingest.py
[2025-12-04T00:26:58.426+0000] {processor.py:914} INFO - Processing file /opt/airflow/dags/market_data_ingest.py for tasks to queue
[2025-12-04T00:26:58.427+0000] {logging_mixin.py:190} INFO - [2025-12-04T00:26:58.427+0000] {dagbag.py:587} INFO - Filling up the DagBag from /opt/airflow/dags/market_data_ingest.py
[2025-12-04T00:26:58.632+0000] {processor.py:925} INFO - DAG(s) 'market_data_ingest' retrieved from /opt/airflow/dags/market_data_ingest.py
[2025-12-04T00:26:58.635+0000] {logging_mixin.py:190} INFO - [2025-12-04T00:26:58.635+0000] {dag.py:3229} INFO - Sync 1 DAGs
[2025-12-04T00:26:58.642+0000] {logging_mixin.py:190} INFO - [2025-12-04T00:26:58.642+0000] {dag.py:4156} INFO - Setting next_dagrun for market_data_ingest to 2025-12-03 02:30:00+00:00, run_after=2025-12-04 02:30:00+00:00
[2025-12-04T00:26:58.647+0000] {processor.py:208} INFO - Processing /opt/airflow/dags/market_data_ingest.py took 0.224 seconds
[2025-12-04T00:27:29.084+0000] {processor.py:186} INFO - Started process (PID=11210) to work on /opt/airflow/dags/market_data_ingest.py
[2025-12-04T00:27:29.085+0000] {processor.py:914} INFO - Processing file /opt/airflow/dags/market_data_ingest.py for tasks to queue
[2025-12-04T00:27:29.086+0000] {logging_mixin.py:190} INFO - [2025-12-04T00:27:29.085+0000] {dagbag.py:587} INFO - Filling up the DagBag from /opt/airflow/dags/market_data_ingest.py
[2025-12-04T00:27:29.296+0000] {processor.py:925} INFO - DAG(s) 'market_data_ingest' retrieved from /opt/airflow/dags/market_data_ingest.py
[2025-12-04T00:27:29.300+0000] {logging_mixin.py:190} INFO - [2025-12-04T00:27:29.300+0000] {dag.py:3229} INFO - Sync 1 DAGs
[2025-12-04T00:27:29.306+0000] {logging_mixin.py:190} INFO - [2025-12-04T00:27:29.306+0000] {dag.py:4156} INFO - Setting next_dagrun for market_data_ingest to 2025-12-03 02:30:00+00:00, run_after=2025-12-04 02:30:00+00:00
[2025-12-04T00:27:29.311+0000] {processor.py:208} INFO - Processing /opt/airflow/dags/market_data_ingest.py took 0.230 seconds
[2025-12-04T00:27:59.716+0000] {processor.py:186} INFO - Started process (PID=11236) to work on /opt/airflow/dags/market_data_ingest.py
[2025-12-04T00:27:59.716+0000] {processor.py:914} INFO - Processing file /opt/airflow/dags/market_data_ingest.py for tasks to queue
[2025-12-04T00:27:59.717+0000] {logging_mixin.py:190} INFO - [2025-12-04T00:27:59.717+0000] {dagbag.py:587} INFO - Filling up the DagBag from /opt/airflow/dags/market_data_ingest.py
[2025-12-04T00:27:59.936+0000] {processor.py:925} INFO - DAG(s) 'market_data_ingest' retrieved from /opt/airflow/dags/market_data_ingest.py
[2025-12-04T00:27:59.940+0000] {logging_mixin.py:190} INFO - [2025-12-04T00:27:59.939+0000] {dag.py:3229} INFO - Sync 1 DAGs
[2025-12-04T00:27:59.946+0000] {logging_mixin.py:190} INFO - [2025-12-04T00:27:59.946+0000] {dag.py:4156} INFO - Setting next_dagrun for market_data_ingest to 2025-12-03 02:30:00+00:00, run_after=2025-12-04 02:30:00+00:00
[2025-12-04T00:27:59.952+0000] {processor.py:208} INFO - Processing /opt/airflow/dags/market_data_ingest.py took 0.239 seconds
[2025-12-04T00:28:30.387+0000] {processor.py:186} INFO - Started process (PID=11262) to work on /opt/airflow/dags/market_data_ingest.py
[2025-12-04T00:28:30.387+0000] {processor.py:914} INFO - Processing file /opt/airflow/dags/market_data_ingest.py for tasks to queue
[2025-12-04T00:28:30.388+0000] {logging_mixin.py:190} INFO - [2025-12-04T00:28:30.388+0000] {dagbag.py:587} INFO - Filling up the DagBag from /opt/airflow/dags/market_data_ingest.py
[2025-12-04T00:28:30.613+0000] {processor.py:925} INFO - DAG(s) 'market_data_ingest' retrieved from /opt/airflow/dags/market_data_ingest.py
[2025-12-04T00:28:30.617+0000] {logging_mixin.py:190} INFO - [2025-12-04T00:28:30.616+0000] {dag.py:3229} INFO - Sync 1 DAGs
[2025-12-04T00:28:30.623+0000] {logging_mixin.py:190} INFO - [2025-12-04T00:28:30.623+0000] {dag.py:4156} INFO - Setting next_dagrun for market_data_ingest to 2025-12-03 02:30:00+00:00, run_after=2025-12-04 02:30:00+00:00
[2025-12-04T00:28:30.628+0000] {processor.py:208} INFO - Processing /opt/airflow/dags/market_data_ingest.py took 0.244 seconds
[2025-12-04T00:29:00.816+0000] {processor.py:186} INFO - Started process (PID=11286) to work on /opt/airflow/dags/market_data_ingest.py
[2025-12-04T00:29:00.817+0000] {processor.py:914} INFO - Processing file /opt/airflow/dags/market_data_ingest.py for tasks to queue
[2025-12-04T00:29:00.818+0000] {logging_mixin.py:190} INFO - [2025-12-04T00:29:00.818+0000] {dagbag.py:587} INFO - Filling up the DagBag from /opt/airflow/dags/market_data_ingest.py
[2025-12-04T00:29:01.030+0000] {processor.py:925} INFO - DAG(s) 'market_data_ingest' retrieved from /opt/airflow/dags/market_data_ingest.py
[2025-12-04T00:29:01.033+0000] {logging_mixin.py:190} INFO - [2025-12-04T00:29:01.033+0000] {dag.py:3229} INFO - Sync 1 DAGs
[2025-12-04T00:29:01.040+0000] {logging_mixin.py:190} INFO - [2025-12-04T00:29:01.040+0000] {dag.py:4156} INFO - Setting next_dagrun for market_data_ingest to 2025-12-03 02:30:00+00:00, run_after=2025-12-04 02:30:00+00:00
[2025-12-04T00:29:01.045+0000] {processor.py:208} INFO - Processing /opt/airflow/dags/market_data_ingest.py took 0.232 seconds
[2025-12-04T00:29:31.250+0000] {processor.py:186} INFO - Started process (PID=11314) to work on /opt/airflow/dags/market_data_ingest.py
[2025-12-04T00:29:31.251+0000] {processor.py:914} INFO - Processing file /opt/airflow/dags/market_data_ingest.py for tasks to queue
[2025-12-04T00:29:31.252+0000] {logging_mixin.py:190} INFO - [2025-12-04T00:29:31.252+0000] {dagbag.py:587} INFO - Filling up the DagBag from /opt/airflow/dags/market_data_ingest.py
[2025-12-04T00:29:31.465+0000] {processor.py:925} INFO - DAG(s) 'market_data_ingest' retrieved from /opt/airflow/dags/market_data_ingest.py
[2025-12-04T00:29:31.468+0000] {logging_mixin.py:190} INFO - [2025-12-04T00:29:31.468+0000] {dag.py:3229} INFO - Sync 1 DAGs
[2025-12-04T00:29:31.475+0000] {logging_mixin.py:190} INFO - [2025-12-04T00:29:31.475+0000] {dag.py:4156} INFO - Setting next_dagrun for market_data_ingest to 2025-12-03 02:30:00+00:00, run_after=2025-12-04 02:30:00+00:00
[2025-12-04T00:29:31.479+0000] {processor.py:208} INFO - Processing /opt/airflow/dags/market_data_ingest.py took 0.232 seconds
[2025-12-04T00:30:01.856+0000] {processor.py:186} INFO - Started process (PID=11340) to work on /opt/airflow/dags/market_data_ingest.py
[2025-12-04T00:30:01.857+0000] {processor.py:914} INFO - Processing file /opt/airflow/dags/market_data_ingest.py for tasks to queue
[2025-12-04T00:30:01.858+0000] {logging_mixin.py:190} INFO - [2025-12-04T00:30:01.858+0000] {dagbag.py:587} INFO - Filling up the DagBag from /opt/airflow/dags/market_data_ingest.py
[2025-12-04T00:30:02.084+0000] {processor.py:925} INFO - DAG(s) 'market_data_ingest' retrieved from /opt/airflow/dags/market_data_ingest.py
[2025-12-04T00:30:02.088+0000] {logging_mixin.py:190} INFO - [2025-12-04T00:30:02.088+0000] {dag.py:3229} INFO - Sync 1 DAGs
[2025-12-04T00:30:02.095+0000] {logging_mixin.py:190} INFO - [2025-12-04T00:30:02.094+0000] {dag.py:4156} INFO - Setting next_dagrun for market_data_ingest to 2025-12-03 02:30:00+00:00, run_after=2025-12-04 02:30:00+00:00
[2025-12-04T00:30:02.100+0000] {processor.py:208} INFO - Processing /opt/airflow/dags/market_data_ingest.py took 0.247 seconds
[2025-12-04T00:30:32.302+0000] {processor.py:186} INFO - Started process (PID=11366) to work on /opt/airflow/dags/market_data_ingest.py
[2025-12-04T00:30:32.302+0000] {processor.py:914} INFO - Processing file /opt/airflow/dags/market_data_ingest.py for tasks to queue
[2025-12-04T00:30:32.303+0000] {logging_mixin.py:190} INFO - [2025-12-04T00:30:32.303+0000] {dagbag.py:587} INFO - Filling up the DagBag from /opt/airflow/dags/market_data_ingest.py
[2025-12-04T00:30:32.506+0000] {processor.py:925} INFO - DAG(s) 'market_data_ingest' retrieved from /opt/airflow/dags/market_data_ingest.py
[2025-12-04T00:30:32.510+0000] {logging_mixin.py:190} INFO - [2025-12-04T00:30:32.510+0000] {dag.py:3229} INFO - Sync 1 DAGs
[2025-12-04T00:30:32.517+0000] {logging_mixin.py:190} INFO - [2025-12-04T00:30:32.517+0000] {dag.py:4156} INFO - Setting next_dagrun for market_data_ingest to 2025-12-03 02:30:00+00:00, run_after=2025-12-04 02:30:00+00:00
[2025-12-04T00:30:32.521+0000] {processor.py:208} INFO - Processing /opt/airflow/dags/market_data_ingest.py took 0.222 seconds
[2025-12-04T00:31:56.310+0000] {processor.py:186} INFO - Started process (PID=11392) to work on /opt/airflow/dags/market_data_ingest.py
[2025-12-04T00:31:56.311+0000] {processor.py:914} INFO - Processing file /opt/airflow/dags/market_data_ingest.py for tasks to queue
[2025-12-04T00:31:56.312+0000] {logging_mixin.py:190} INFO - [2025-12-04T00:31:56.312+0000] {dagbag.py:587} INFO - Filling up the DagBag from /opt/airflow/dags/market_data_ingest.py
[2025-12-04T00:31:56.527+0000] {processor.py:925} INFO - DAG(s) 'market_data_ingest' retrieved from /opt/airflow/dags/market_data_ingest.py
[2025-12-04T00:31:56.531+0000] {logging_mixin.py:190} INFO - [2025-12-04T00:31:56.531+0000] {dag.py:3229} INFO - Sync 1 DAGs
[2025-12-04T00:31:56.539+0000] {logging_mixin.py:190} INFO - [2025-12-04T00:31:56.538+0000] {dag.py:4156} INFO - Setting next_dagrun for market_data_ingest to 2025-12-03 02:30:00+00:00, run_after=2025-12-04 02:30:00+00:00
[2025-12-04T00:31:56.543+0000] {processor.py:208} INFO - Processing /opt/airflow/dags/market_data_ingest.py took 0.236 seconds
[2025-12-04T00:32:27.045+0000] {processor.py:186} INFO - Started process (PID=11418) to work on /opt/airflow/dags/market_data_ingest.py
[2025-12-04T00:32:27.046+0000] {processor.py:914} INFO - Processing file /opt/airflow/dags/market_data_ingest.py for tasks to queue
[2025-12-04T00:32:27.046+0000] {logging_mixin.py:190} INFO - [2025-12-04T00:32:27.046+0000] {dagbag.py:587} INFO - Filling up the DagBag from /opt/airflow/dags/market_data_ingest.py
[2025-12-04T00:32:27.246+0000] {processor.py:925} INFO - DAG(s) 'market_data_ingest' retrieved from /opt/airflow/dags/market_data_ingest.py
[2025-12-04T00:32:27.251+0000] {logging_mixin.py:190} INFO - [2025-12-04T00:32:27.250+0000] {dag.py:3229} INFO - Sync 1 DAGs
[2025-12-04T00:32:27.257+0000] {logging_mixin.py:190} INFO - [2025-12-04T00:32:27.257+0000] {dag.py:4156} INFO - Setting next_dagrun for market_data_ingest to 2025-12-03 02:30:00+00:00, run_after=2025-12-04 02:30:00+00:00
[2025-12-04T00:32:27.262+0000] {processor.py:208} INFO - Processing /opt/airflow/dags/market_data_ingest.py took 0.219 seconds
[2025-12-04T00:33:21.595+0000] {processor.py:186} INFO - Started process (PID=11444) to work on /opt/airflow/dags/market_data_ingest.py
[2025-12-04T00:33:21.596+0000] {processor.py:914} INFO - Processing file /opt/airflow/dags/market_data_ingest.py for tasks to queue
[2025-12-04T00:33:21.597+0000] {logging_mixin.py:190} INFO - [2025-12-04T00:33:21.597+0000] {dagbag.py:587} INFO - Filling up the DagBag from /opt/airflow/dags/market_data_ingest.py
[2025-12-04T00:33:21.807+0000] {processor.py:925} INFO - DAG(s) 'market_data_ingest' retrieved from /opt/airflow/dags/market_data_ingest.py
[2025-12-04T00:33:21.811+0000] {logging_mixin.py:190} INFO - [2025-12-04T00:33:21.811+0000] {dag.py:3229} INFO - Sync 1 DAGs
[2025-12-04T00:33:21.817+0000] {logging_mixin.py:190} INFO - [2025-12-04T00:33:21.817+0000] {dag.py:4156} INFO - Setting next_dagrun for market_data_ingest to 2025-12-03 02:30:00+00:00, run_after=2025-12-04 02:30:00+00:00
[2025-12-04T00:33:21.822+0000] {processor.py:208} INFO - Processing /opt/airflow/dags/market_data_ingest.py took 0.229 seconds
[2025-12-04T00:36:34.102+0000] {processor.py:186} INFO - Started process (PID=11470) to work on /opt/airflow/dags/market_data_ingest.py
[2025-12-04T00:36:34.103+0000] {processor.py:914} INFO - Processing file /opt/airflow/dags/market_data_ingest.py for tasks to queue
[2025-12-04T00:36:34.105+0000] {logging_mixin.py:190} INFO - [2025-12-04T00:36:34.104+0000] {dagbag.py:587} INFO - Filling up the DagBag from /opt/airflow/dags/market_data_ingest.py
[2025-12-04T00:36:34.437+0000] {processor.py:925} INFO - DAG(s) 'market_data_ingest' retrieved from /opt/airflow/dags/market_data_ingest.py
[2025-12-04T00:36:34.441+0000] {logging_mixin.py:190} INFO - [2025-12-04T00:36:34.440+0000] {dag.py:3229} INFO - Sync 1 DAGs
[2025-12-04T00:36:34.448+0000] {logging_mixin.py:190} INFO - [2025-12-04T00:36:34.448+0000] {dag.py:4156} INFO - Setting next_dagrun for market_data_ingest to 2025-12-03 02:30:00+00:00, run_after=2025-12-04 02:30:00+00:00
[2025-12-04T00:36:34.454+0000] {processor.py:208} INFO - Processing /opt/airflow/dags/market_data_ingest.py took 0.359 seconds
[2025-12-04T00:37:04.587+0000] {processor.py:186} INFO - Started process (PID=11501) to work on /opt/airflow/dags/market_data_ingest.py
[2025-12-04T00:37:04.587+0000] {processor.py:914} INFO - Processing file /opt/airflow/dags/market_data_ingest.py for tasks to queue
[2025-12-04T00:37:04.589+0000] {logging_mixin.py:190} INFO - [2025-12-04T00:37:04.588+0000] {dagbag.py:587} INFO - Filling up the DagBag from /opt/airflow/dags/market_data_ingest.py
[2025-12-04T00:37:04.817+0000] {processor.py:925} INFO - DAG(s) 'market_data_ingest' retrieved from /opt/airflow/dags/market_data_ingest.py
[2025-12-04T00:37:04.821+0000] {logging_mixin.py:190} INFO - [2025-12-04T00:37:04.821+0000] {dag.py:3229} INFO - Sync 1 DAGs
[2025-12-04T00:37:04.828+0000] {logging_mixin.py:190} INFO - [2025-12-04T00:37:04.828+0000] {dag.py:4156} INFO - Setting next_dagrun for market_data_ingest to 2025-12-03 02:30:00+00:00, run_after=2025-12-04 02:30:00+00:00
[2025-12-04T00:37:04.834+0000] {processor.py:208} INFO - Processing /opt/airflow/dags/market_data_ingest.py took 0.249 seconds
[2025-12-04T00:37:35.050+0000] {processor.py:186} INFO - Started process (PID=11522) to work on /opt/airflow/dags/market_data_ingest.py
[2025-12-04T00:37:35.050+0000] {processor.py:914} INFO - Processing file /opt/airflow/dags/market_data_ingest.py for tasks to queue
[2025-12-04T00:37:35.051+0000] {logging_mixin.py:190} INFO - [2025-12-04T00:37:35.051+0000] {dagbag.py:587} INFO - Filling up the DagBag from /opt/airflow/dags/market_data_ingest.py
[2025-12-04T00:37:35.255+0000] {processor.py:925} INFO - DAG(s) 'market_data_ingest' retrieved from /opt/airflow/dags/market_data_ingest.py
[2025-12-04T00:37:35.259+0000] {logging_mixin.py:190} INFO - [2025-12-04T00:37:35.259+0000] {dag.py:3229} INFO - Sync 1 DAGs
[2025-12-04T00:37:35.265+0000] {logging_mixin.py:190} INFO - [2025-12-04T00:37:35.265+0000] {dag.py:4156} INFO - Setting next_dagrun for market_data_ingest to 2025-12-03 02:30:00+00:00, run_after=2025-12-04 02:30:00+00:00
[2025-12-04T00:37:35.271+0000] {processor.py:208} INFO - Processing /opt/airflow/dags/market_data_ingest.py took 0.223 seconds
[2025-12-04T00:38:05.665+0000] {processor.py:186} INFO - Started process (PID=11548) to work on /opt/airflow/dags/market_data_ingest.py
[2025-12-04T00:38:05.665+0000] {processor.py:914} INFO - Processing file /opt/airflow/dags/market_data_ingest.py for tasks to queue
[2025-12-04T00:38:05.666+0000] {logging_mixin.py:190} INFO - [2025-12-04T00:38:05.666+0000] {dagbag.py:587} INFO - Filling up the DagBag from /opt/airflow/dags/market_data_ingest.py
[2025-12-04T00:38:05.873+0000] {processor.py:925} INFO - DAG(s) 'market_data_ingest' retrieved from /opt/airflow/dags/market_data_ingest.py
[2025-12-04T00:38:05.877+0000] {logging_mixin.py:190} INFO - [2025-12-04T00:38:05.876+0000] {dag.py:3229} INFO - Sync 1 DAGs
[2025-12-04T00:38:05.883+0000] {logging_mixin.py:190} INFO - [2025-12-04T00:38:05.883+0000] {dag.py:4156} INFO - Setting next_dagrun for market_data_ingest to 2025-12-03 02:30:00+00:00, run_after=2025-12-04 02:30:00+00:00
[2025-12-04T00:38:05.887+0000] {processor.py:208} INFO - Processing /opt/airflow/dags/market_data_ingest.py took 0.225 seconds
[2025-12-04T00:38:36.279+0000] {processor.py:186} INFO - Started process (PID=11574) to work on /opt/airflow/dags/market_data_ingest.py
[2025-12-04T00:38:36.279+0000] {processor.py:914} INFO - Processing file /opt/airflow/dags/market_data_ingest.py for tasks to queue
[2025-12-04T00:38:36.280+0000] {logging_mixin.py:190} INFO - [2025-12-04T00:38:36.280+0000] {dagbag.py:587} INFO - Filling up the DagBag from /opt/airflow/dags/market_data_ingest.py
[2025-12-04T00:38:36.493+0000] {processor.py:925} INFO - DAG(s) 'market_data_ingest' retrieved from /opt/airflow/dags/market_data_ingest.py
[2025-12-04T00:38:36.497+0000] {logging_mixin.py:190} INFO - [2025-12-04T00:38:36.497+0000] {dag.py:3229} INFO - Sync 1 DAGs
[2025-12-04T00:38:36.504+0000] {logging_mixin.py:190} INFO - [2025-12-04T00:38:36.504+0000] {dag.py:4156} INFO - Setting next_dagrun for market_data_ingest to 2025-12-03 02:30:00+00:00, run_after=2025-12-04 02:30:00+00:00
[2025-12-04T00:38:36.509+0000] {processor.py:208} INFO - Processing /opt/airflow/dags/market_data_ingest.py took 0.234 seconds
