[2025-12-04T00:06:07.553+0000] {processor.py:186} INFO - Started process (PID=10526) to work on /opt/airflow/dags/train_predict.py
[2025-12-04T00:06:07.553+0000] {processor.py:914} INFO - Processing file /opt/airflow/dags/train_predict.py for tasks to queue
[2025-12-04T00:06:07.555+0000] {logging_mixin.py:190} INFO - [2025-12-04T00:06:07.555+0000] {dagbag.py:587} INFO - Filling up the DagBag from /opt/airflow/dags/train_predict.py
[2025-12-04T00:06:07.562+0000] {processor.py:925} INFO - DAG(s) 'TrainPredict' retrieved from /opt/airflow/dags/train_predict.py
[2025-12-04T00:06:07.574+0000] {logging_mixin.py:190} INFO - [2025-12-04T00:06:07.574+0000] {dag.py:3229} INFO - Sync 1 DAGs
[2025-12-04T00:06:07.584+0000] {logging_mixin.py:190} INFO - [2025-12-04T00:06:07.584+0000] {dag.py:4156} INFO - Setting next_dagrun for TrainPredict to 2025-12-03 03:30:00+00:00, run_after=2025-12-04 03:30:00+00:00
[2025-12-04T00:06:07.593+0000] {processor.py:208} INFO - Processing /opt/airflow/dags/train_predict.py took 0.044 seconds
[2025-12-04T00:06:38.184+0000] {processor.py:186} INFO - Started process (PID=10552) to work on /opt/airflow/dags/train_predict.py
[2025-12-04T00:06:38.185+0000] {processor.py:914} INFO - Processing file /opt/airflow/dags/train_predict.py for tasks to queue
[2025-12-04T00:06:38.190+0000] {logging_mixin.py:190} INFO - [2025-12-04T00:06:38.190+0000] {dagbag.py:587} INFO - Filling up the DagBag from /opt/airflow/dags/train_predict.py
[2025-12-04T00:06:38.195+0000] {processor.py:925} INFO - DAG(s) 'TrainPredict' retrieved from /opt/airflow/dags/train_predict.py
[2025-12-04T00:06:38.207+0000] {logging_mixin.py:190} INFO - [2025-12-04T00:06:38.207+0000] {dag.py:3229} INFO - Sync 1 DAGs
[2025-12-04T00:06:38.218+0000] {logging_mixin.py:190} INFO - [2025-12-04T00:06:38.218+0000] {dag.py:4156} INFO - Setting next_dagrun for TrainPredict to 2025-12-03 03:30:00+00:00, run_after=2025-12-04 03:30:00+00:00
[2025-12-04T00:06:38.228+0000] {processor.py:208} INFO - Processing /opt/airflow/dags/train_predict.py took 0.048 seconds
[2025-12-04T00:12:24.675+0000] {processor.py:186} INFO - Started process (PID=10578) to work on /opt/airflow/dags/train_predict.py
[2025-12-04T00:12:24.677+0000] {processor.py:914} INFO - Processing file /opt/airflow/dags/train_predict.py for tasks to queue
[2025-12-04T00:12:24.682+0000] {logging_mixin.py:190} INFO - [2025-12-04T00:12:24.682+0000] {dagbag.py:587} INFO - Filling up the DagBag from /opt/airflow/dags/train_predict.py
[2025-12-04T00:12:24.700+0000] {processor.py:925} INFO - DAG(s) 'TrainPredict' retrieved from /opt/airflow/dags/train_predict.py
[2025-12-04T00:12:24.724+0000] {logging_mixin.py:190} INFO - [2025-12-04T00:12:24.723+0000] {dag.py:3229} INFO - Sync 1 DAGs
[2025-12-04T00:12:24.745+0000] {logging_mixin.py:190} INFO - [2025-12-04T00:12:24.745+0000] {dag.py:4156} INFO - Setting next_dagrun for TrainPredict to 2025-12-03 03:30:00+00:00, run_after=2025-12-04 03:30:00+00:00
[2025-12-04T00:12:24.759+0000] {processor.py:208} INFO - Processing /opt/airflow/dags/train_predict.py took 0.094 seconds
[2025-12-04T00:12:55.208+0000] {processor.py:186} INFO - Started process (PID=10604) to work on /opt/airflow/dags/train_predict.py
[2025-12-04T00:12:55.209+0000] {processor.py:914} INFO - Processing file /opt/airflow/dags/train_predict.py for tasks to queue
[2025-12-04T00:12:55.212+0000] {logging_mixin.py:190} INFO - [2025-12-04T00:12:55.212+0000] {dagbag.py:587} INFO - Filling up the DagBag from /opt/airflow/dags/train_predict.py
[2025-12-04T00:12:55.219+0000] {processor.py:925} INFO - DAG(s) 'TrainPredict' retrieved from /opt/airflow/dags/train_predict.py
[2025-12-04T00:12:55.232+0000] {logging_mixin.py:190} INFO - [2025-12-04T00:12:55.231+0000] {dag.py:3229} INFO - Sync 1 DAGs
[2025-12-04T00:12:55.243+0000] {logging_mixin.py:190} INFO - [2025-12-04T00:12:55.243+0000] {dag.py:4156} INFO - Setting next_dagrun for TrainPredict to 2025-12-03 03:30:00+00:00, run_after=2025-12-04 03:30:00+00:00
[2025-12-04T00:12:55.252+0000] {processor.py:208} INFO - Processing /opt/airflow/dags/train_predict.py took 0.049 seconds
[2025-12-04T00:13:25.683+0000] {processor.py:186} INFO - Started process (PID=10630) to work on /opt/airflow/dags/train_predict.py
[2025-12-04T00:13:25.684+0000] {processor.py:914} INFO - Processing file /opt/airflow/dags/train_predict.py for tasks to queue
[2025-12-04T00:13:25.686+0000] {logging_mixin.py:190} INFO - [2025-12-04T00:13:25.686+0000] {dagbag.py:587} INFO - Filling up the DagBag from /opt/airflow/dags/train_predict.py
[2025-12-04T00:13:25.694+0000] {processor.py:925} INFO - DAG(s) 'TrainPredict' retrieved from /opt/airflow/dags/train_predict.py
[2025-12-04T00:13:25.709+0000] {logging_mixin.py:190} INFO - [2025-12-04T00:13:25.709+0000] {dag.py:3229} INFO - Sync 1 DAGs
[2025-12-04T00:13:25.720+0000] {logging_mixin.py:190} INFO - [2025-12-04T00:13:25.719+0000] {dag.py:4156} INFO - Setting next_dagrun for TrainPredict to 2025-12-03 03:30:00+00:00, run_after=2025-12-04 03:30:00+00:00
[2025-12-04T00:13:25.729+0000] {processor.py:208} INFO - Processing /opt/airflow/dags/train_predict.py took 0.049 seconds
[2025-12-04T00:13:56.330+0000] {processor.py:186} INFO - Started process (PID=10656) to work on /opt/airflow/dags/train_predict.py
[2025-12-04T00:13:56.331+0000] {processor.py:914} INFO - Processing file /opt/airflow/dags/train_predict.py for tasks to queue
[2025-12-04T00:13:56.333+0000] {logging_mixin.py:190} INFO - [2025-12-04T00:13:56.333+0000] {dagbag.py:587} INFO - Filling up the DagBag from /opt/airflow/dags/train_predict.py
[2025-12-04T00:13:56.344+0000] {processor.py:925} INFO - DAG(s) 'TrainPredict' retrieved from /opt/airflow/dags/train_predict.py
[2025-12-04T00:13:56.356+0000] {logging_mixin.py:190} INFO - [2025-12-04T00:13:56.356+0000] {dag.py:3229} INFO - Sync 1 DAGs
[2025-12-04T00:13:56.369+0000] {logging_mixin.py:190} INFO - [2025-12-04T00:13:56.369+0000] {dag.py:4156} INFO - Setting next_dagrun for TrainPredict to 2025-12-03 03:30:00+00:00, run_after=2025-12-04 03:30:00+00:00
[2025-12-04T00:13:56.380+0000] {processor.py:208} INFO - Processing /opt/airflow/dags/train_predict.py took 0.054 seconds
[2025-12-04T00:14:26.983+0000] {processor.py:186} INFO - Started process (PID=10682) to work on /opt/airflow/dags/train_predict.py
[2025-12-04T00:14:26.985+0000] {processor.py:914} INFO - Processing file /opt/airflow/dags/train_predict.py for tasks to queue
[2025-12-04T00:14:26.987+0000] {logging_mixin.py:190} INFO - [2025-12-04T00:14:26.987+0000] {dagbag.py:587} INFO - Filling up the DagBag from /opt/airflow/dags/train_predict.py
[2025-12-04T00:14:26.997+0000] {processor.py:925} INFO - DAG(s) 'TrainPredict' retrieved from /opt/airflow/dags/train_predict.py
[2025-12-04T00:14:27.012+0000] {logging_mixin.py:190} INFO - [2025-12-04T00:14:27.011+0000] {dag.py:3229} INFO - Sync 1 DAGs
[2025-12-04T00:14:27.022+0000] {logging_mixin.py:190} INFO - [2025-12-04T00:14:27.022+0000] {dag.py:4156} INFO - Setting next_dagrun for TrainPredict to 2025-12-03 03:30:00+00:00, run_after=2025-12-04 03:30:00+00:00
[2025-12-04T00:14:27.031+0000] {processor.py:208} INFO - Processing /opt/airflow/dags/train_predict.py took 0.052 seconds
[2025-12-04T00:14:57.612+0000] {processor.py:186} INFO - Started process (PID=10708) to work on /opt/airflow/dags/train_predict.py
[2025-12-04T00:14:57.614+0000] {processor.py:914} INFO - Processing file /opt/airflow/dags/train_predict.py for tasks to queue
[2025-12-04T00:14:57.616+0000] {logging_mixin.py:190} INFO - [2025-12-04T00:14:57.616+0000] {dagbag.py:587} INFO - Filling up the DagBag from /opt/airflow/dags/train_predict.py
[2025-12-04T00:14:57.627+0000] {processor.py:925} INFO - DAG(s) 'TrainPredict' retrieved from /opt/airflow/dags/train_predict.py
[2025-12-04T00:14:57.644+0000] {logging_mixin.py:190} INFO - [2025-12-04T00:14:57.644+0000] {dag.py:3229} INFO - Sync 1 DAGs
[2025-12-04T00:14:57.663+0000] {logging_mixin.py:190} INFO - [2025-12-04T00:14:57.663+0000] {dag.py:4156} INFO - Setting next_dagrun for TrainPredict to 2025-12-03 03:30:00+00:00, run_after=2025-12-04 03:30:00+00:00
[2025-12-04T00:14:57.675+0000] {processor.py:208} INFO - Processing /opt/airflow/dags/train_predict.py took 0.069 seconds
[2025-12-04T00:15:28.376+0000] {processor.py:186} INFO - Started process (PID=10734) to work on /opt/airflow/dags/train_predict.py
[2025-12-04T00:15:28.377+0000] {processor.py:914} INFO - Processing file /opt/airflow/dags/train_predict.py for tasks to queue
[2025-12-04T00:15:28.379+0000] {logging_mixin.py:190} INFO - [2025-12-04T00:15:28.379+0000] {dagbag.py:587} INFO - Filling up the DagBag from /opt/airflow/dags/train_predict.py
[2025-12-04T00:15:28.388+0000] {processor.py:925} INFO - DAG(s) 'TrainPredict' retrieved from /opt/airflow/dags/train_predict.py
[2025-12-04T00:15:28.401+0000] {logging_mixin.py:190} INFO - [2025-12-04T00:15:28.400+0000] {dag.py:3229} INFO - Sync 1 DAGs
[2025-12-04T00:15:28.411+0000] {logging_mixin.py:190} INFO - [2025-12-04T00:15:28.411+0000] {dag.py:4156} INFO - Setting next_dagrun for TrainPredict to 2025-12-03 03:30:00+00:00, run_after=2025-12-04 03:30:00+00:00
[2025-12-04T00:15:28.421+0000] {processor.py:208} INFO - Processing /opt/airflow/dags/train_predict.py took 0.049 seconds
[2025-12-04T00:15:59.017+0000] {processor.py:186} INFO - Started process (PID=10760) to work on /opt/airflow/dags/train_predict.py
[2025-12-04T00:15:59.017+0000] {processor.py:914} INFO - Processing file /opt/airflow/dags/train_predict.py for tasks to queue
[2025-12-04T00:15:59.020+0000] {logging_mixin.py:190} INFO - [2025-12-04T00:15:59.019+0000] {dagbag.py:587} INFO - Filling up the DagBag from /opt/airflow/dags/train_predict.py
[2025-12-04T00:15:59.032+0000] {processor.py:925} INFO - DAG(s) 'TrainPredict' retrieved from /opt/airflow/dags/train_predict.py
[2025-12-04T00:15:59.042+0000] {logging_mixin.py:190} INFO - [2025-12-04T00:15:59.041+0000] {dag.py:3229} INFO - Sync 1 DAGs
[2025-12-04T00:15:59.054+0000] {logging_mixin.py:190} INFO - [2025-12-04T00:15:59.054+0000] {dag.py:4156} INFO - Setting next_dagrun for TrainPredict to 2025-12-03 03:30:00+00:00, run_after=2025-12-04 03:30:00+00:00
[2025-12-04T00:15:59.063+0000] {processor.py:208} INFO - Processing /opt/airflow/dags/train_predict.py took 0.050 seconds
[2025-12-04T00:16:29.595+0000] {processor.py:186} INFO - Started process (PID=10786) to work on /opt/airflow/dags/train_predict.py
[2025-12-04T00:16:29.596+0000] {processor.py:914} INFO - Processing file /opt/airflow/dags/train_predict.py for tasks to queue
[2025-12-04T00:16:29.598+0000] {logging_mixin.py:190} INFO - [2025-12-04T00:16:29.598+0000] {dagbag.py:587} INFO - Filling up the DagBag from /opt/airflow/dags/train_predict.py
[2025-12-04T00:16:29.608+0000] {processor.py:925} INFO - DAG(s) 'TrainPredict' retrieved from /opt/airflow/dags/train_predict.py
[2025-12-04T00:16:29.620+0000] {logging_mixin.py:190} INFO - [2025-12-04T00:16:29.619+0000] {dag.py:3229} INFO - Sync 1 DAGs
[2025-12-04T00:16:29.631+0000] {logging_mixin.py:190} INFO - [2025-12-04T00:16:29.631+0000] {dag.py:4156} INFO - Setting next_dagrun for TrainPredict to 2025-12-03 03:30:00+00:00, run_after=2025-12-04 03:30:00+00:00
[2025-12-04T00:16:29.641+0000] {processor.py:208} INFO - Processing /opt/airflow/dags/train_predict.py took 0.051 seconds
[2025-12-04T00:17:00.215+0000] {processor.py:186} INFO - Started process (PID=10812) to work on /opt/airflow/dags/train_predict.py
[2025-12-04T00:17:00.216+0000] {processor.py:914} INFO - Processing file /opt/airflow/dags/train_predict.py for tasks to queue
[2025-12-04T00:17:00.219+0000] {logging_mixin.py:190} INFO - [2025-12-04T00:17:00.219+0000] {dagbag.py:587} INFO - Filling up the DagBag from /opt/airflow/dags/train_predict.py
[2025-12-04T00:17:00.233+0000] {processor.py:925} INFO - DAG(s) 'TrainPredict' retrieved from /opt/airflow/dags/train_predict.py
[2025-12-04T00:17:00.246+0000] {logging_mixin.py:190} INFO - [2025-12-04T00:17:00.246+0000] {dag.py:3229} INFO - Sync 1 DAGs
[2025-12-04T00:17:00.261+0000] {logging_mixin.py:190} INFO - [2025-12-04T00:17:00.260+0000] {dag.py:4156} INFO - Setting next_dagrun for TrainPredict to 2025-12-03 03:30:00+00:00, run_after=2025-12-04 03:30:00+00:00
[2025-12-04T00:17:00.270+0000] {processor.py:208} INFO - Processing /opt/airflow/dags/train_predict.py took 0.061 seconds
[2025-12-04T00:17:30.853+0000] {processor.py:186} INFO - Started process (PID=10838) to work on /opt/airflow/dags/train_predict.py
[2025-12-04T00:17:30.856+0000] {processor.py:914} INFO - Processing file /opt/airflow/dags/train_predict.py for tasks to queue
[2025-12-04T00:17:30.858+0000] {logging_mixin.py:190} INFO - [2025-12-04T00:17:30.858+0000] {dagbag.py:587} INFO - Filling up the DagBag from /opt/airflow/dags/train_predict.py
[2025-12-04T00:17:30.866+0000] {processor.py:925} INFO - DAG(s) 'TrainPredict' retrieved from /opt/airflow/dags/train_predict.py
[2025-12-04T00:17:30.877+0000] {logging_mixin.py:190} INFO - [2025-12-04T00:17:30.877+0000] {dag.py:3229} INFO - Sync 1 DAGs
[2025-12-04T00:17:30.889+0000] {logging_mixin.py:190} INFO - [2025-12-04T00:17:30.889+0000] {dag.py:4156} INFO - Setting next_dagrun for TrainPredict to 2025-12-03 03:30:00+00:00, run_after=2025-12-04 03:30:00+00:00
[2025-12-04T00:17:30.895+0000] {processor.py:208} INFO - Processing /opt/airflow/dags/train_predict.py took 0.046 seconds
[2025-12-04T00:18:01.506+0000] {processor.py:186} INFO - Started process (PID=10864) to work on /opt/airflow/dags/train_predict.py
[2025-12-04T00:18:01.507+0000] {processor.py:914} INFO - Processing file /opt/airflow/dags/train_predict.py for tasks to queue
[2025-12-04T00:18:01.508+0000] {logging_mixin.py:190} INFO - [2025-12-04T00:18:01.508+0000] {dagbag.py:587} INFO - Filling up the DagBag from /opt/airflow/dags/train_predict.py
[2025-12-04T00:18:01.521+0000] {processor.py:925} INFO - DAG(s) 'TrainPredict' retrieved from /opt/airflow/dags/train_predict.py
[2025-12-04T00:18:01.532+0000] {logging_mixin.py:190} INFO - [2025-12-04T00:18:01.532+0000] {dag.py:3229} INFO - Sync 1 DAGs
[2025-12-04T00:18:01.542+0000] {logging_mixin.py:190} INFO - [2025-12-04T00:18:01.542+0000] {dag.py:4156} INFO - Setting next_dagrun for TrainPredict to 2025-12-03 03:30:00+00:00, run_after=2025-12-04 03:30:00+00:00
[2025-12-04T00:18:01.552+0000] {processor.py:208} INFO - Processing /opt/airflow/dags/train_predict.py took 0.050 seconds
[2025-12-04T00:18:31.935+0000] {processor.py:186} INFO - Started process (PID=10890) to work on /opt/airflow/dags/train_predict.py
[2025-12-04T00:18:31.935+0000] {processor.py:914} INFO - Processing file /opt/airflow/dags/train_predict.py for tasks to queue
[2025-12-04T00:18:31.941+0000] {logging_mixin.py:190} INFO - [2025-12-04T00:18:31.940+0000] {dagbag.py:587} INFO - Filling up the DagBag from /opt/airflow/dags/train_predict.py
[2025-12-04T00:18:31.948+0000] {processor.py:925} INFO - DAG(s) 'TrainPredict' retrieved from /opt/airflow/dags/train_predict.py
[2025-12-04T00:18:31.959+0000] {logging_mixin.py:190} INFO - [2025-12-04T00:18:31.959+0000] {dag.py:3229} INFO - Sync 1 DAGs
[2025-12-04T00:18:31.969+0000] {logging_mixin.py:190} INFO - [2025-12-04T00:18:31.969+0000] {dag.py:4156} INFO - Setting next_dagrun for TrainPredict to 2025-12-03 03:30:00+00:00, run_after=2025-12-04 03:30:00+00:00
[2025-12-04T00:18:31.978+0000] {processor.py:208} INFO - Processing /opt/airflow/dags/train_predict.py took 0.047 seconds
[2025-12-04T00:19:02.559+0000] {processor.py:186} INFO - Started process (PID=10916) to work on /opt/airflow/dags/train_predict.py
[2025-12-04T00:19:02.560+0000] {processor.py:914} INFO - Processing file /opt/airflow/dags/train_predict.py for tasks to queue
[2025-12-04T00:19:02.561+0000] {logging_mixin.py:190} INFO - [2025-12-04T00:19:02.561+0000] {dagbag.py:587} INFO - Filling up the DagBag from /opt/airflow/dags/train_predict.py
[2025-12-04T00:19:02.569+0000] {processor.py:925} INFO - DAG(s) 'TrainPredict' retrieved from /opt/airflow/dags/train_predict.py
[2025-12-04T00:19:02.581+0000] {logging_mixin.py:190} INFO - [2025-12-04T00:19:02.580+0000] {dag.py:3229} INFO - Sync 1 DAGs
[2025-12-04T00:19:02.592+0000] {logging_mixin.py:190} INFO - [2025-12-04T00:19:02.591+0000] {dag.py:4156} INFO - Setting next_dagrun for TrainPredict to 2025-12-03 03:30:00+00:00, run_after=2025-12-04 03:30:00+00:00
[2025-12-04T00:19:02.600+0000] {processor.py:208} INFO - Processing /opt/airflow/dags/train_predict.py took 0.045 seconds
[2025-12-04T00:19:33.224+0000] {processor.py:186} INFO - Started process (PID=10948) to work on /opt/airflow/dags/train_predict.py
[2025-12-04T00:19:33.225+0000] {processor.py:914} INFO - Processing file /opt/airflow/dags/train_predict.py for tasks to queue
[2025-12-04T00:19:33.228+0000] {logging_mixin.py:190} INFO - [2025-12-04T00:19:33.228+0000] {dagbag.py:587} INFO - Filling up the DagBag from /opt/airflow/dags/train_predict.py
[2025-12-04T00:19:33.245+0000] {processor.py:925} INFO - DAG(s) 'TrainPredict' retrieved from /opt/airflow/dags/train_predict.py
[2025-12-04T00:19:33.270+0000] {logging_mixin.py:190} INFO - [2025-12-04T00:19:33.270+0000] {dag.py:3229} INFO - Sync 1 DAGs
[2025-12-04T00:19:33.286+0000] {logging_mixin.py:190} INFO - [2025-12-04T00:19:33.286+0000] {dag.py:4156} INFO - Setting next_dagrun for TrainPredict to 2025-12-03 03:30:00+00:00, run_after=2025-12-04 03:30:00+00:00
[2025-12-04T00:19:33.298+0000] {processor.py:208} INFO - Processing /opt/airflow/dags/train_predict.py took 0.084 seconds
[2025-12-04T00:20:03.991+0000] {processor.py:186} INFO - Started process (PID=10975) to work on /opt/airflow/dags/train_predict.py
[2025-12-04T00:20:03.992+0000] {processor.py:914} INFO - Processing file /opt/airflow/dags/train_predict.py for tasks to queue
[2025-12-04T00:20:03.993+0000] {logging_mixin.py:190} INFO - [2025-12-04T00:20:03.993+0000] {dagbag.py:587} INFO - Filling up the DagBag from /opt/airflow/dags/train_predict.py
[2025-12-04T00:20:04.002+0000] {processor.py:925} INFO - DAG(s) 'TrainPredict' retrieved from /opt/airflow/dags/train_predict.py
[2025-12-04T00:20:04.012+0000] {logging_mixin.py:190} INFO - [2025-12-04T00:20:04.012+0000] {dag.py:3229} INFO - Sync 1 DAGs
[2025-12-04T00:20:04.025+0000] {logging_mixin.py:190} INFO - [2025-12-04T00:20:04.025+0000] {dag.py:4156} INFO - Setting next_dagrun for TrainPredict to 2025-12-03 03:30:00+00:00, run_after=2025-12-04 03:30:00+00:00
[2025-12-04T00:20:04.032+0000] {processor.py:208} INFO - Processing /opt/airflow/dags/train_predict.py took 0.045 seconds
[2025-12-04T00:20:34.590+0000] {processor.py:186} INFO - Started process (PID=11001) to work on /opt/airflow/dags/train_predict.py
[2025-12-04T00:20:34.590+0000] {processor.py:914} INFO - Processing file /opt/airflow/dags/train_predict.py for tasks to queue
[2025-12-04T00:20:34.592+0000] {logging_mixin.py:190} INFO - [2025-12-04T00:20:34.592+0000] {dagbag.py:587} INFO - Filling up the DagBag from /opt/airflow/dags/train_predict.py
[2025-12-04T00:20:34.602+0000] {processor.py:925} INFO - DAG(s) 'TrainPredict' retrieved from /opt/airflow/dags/train_predict.py
[2025-12-04T00:20:34.614+0000] {logging_mixin.py:190} INFO - [2025-12-04T00:20:34.614+0000] {dag.py:3229} INFO - Sync 1 DAGs
[2025-12-04T00:20:34.627+0000] {logging_mixin.py:190} INFO - [2025-12-04T00:20:34.627+0000] {dag.py:4156} INFO - Setting next_dagrun for TrainPredict to 2025-12-03 03:30:00+00:00, run_after=2025-12-04 03:30:00+00:00
[2025-12-04T00:20:34.634+0000] {processor.py:208} INFO - Processing /opt/airflow/dags/train_predict.py took 0.049 seconds
[2025-12-04T00:21:05.215+0000] {processor.py:186} INFO - Started process (PID=11027) to work on /opt/airflow/dags/train_predict.py
[2025-12-04T00:21:05.216+0000] {processor.py:914} INFO - Processing file /opt/airflow/dags/train_predict.py for tasks to queue
[2025-12-04T00:21:05.220+0000] {logging_mixin.py:190} INFO - [2025-12-04T00:21:05.220+0000] {dagbag.py:587} INFO - Filling up the DagBag from /opt/airflow/dags/train_predict.py
[2025-12-04T00:21:05.230+0000] {processor.py:925} INFO - DAG(s) 'TrainPredict' retrieved from /opt/airflow/dags/train_predict.py
[2025-12-04T00:21:05.242+0000] {logging_mixin.py:190} INFO - [2025-12-04T00:21:05.242+0000] {dag.py:3229} INFO - Sync 1 DAGs
[2025-12-04T00:21:05.253+0000] {logging_mixin.py:190} INFO - [2025-12-04T00:21:05.253+0000] {dag.py:4156} INFO - Setting next_dagrun for TrainPredict to 2025-12-03 03:30:00+00:00, run_after=2025-12-04 03:30:00+00:00
[2025-12-04T00:21:05.262+0000] {processor.py:208} INFO - Processing /opt/airflow/dags/train_predict.py took 0.050 seconds
[2025-12-04T00:21:35.875+0000] {processor.py:186} INFO - Started process (PID=11053) to work on /opt/airflow/dags/train_predict.py
[2025-12-04T00:21:35.876+0000] {processor.py:914} INFO - Processing file /opt/airflow/dags/train_predict.py for tasks to queue
[2025-12-04T00:21:35.878+0000] {logging_mixin.py:190} INFO - [2025-12-04T00:21:35.878+0000] {dagbag.py:587} INFO - Filling up the DagBag from /opt/airflow/dags/train_predict.py
[2025-12-04T00:21:35.893+0000] {processor.py:925} INFO - DAG(s) 'TrainPredict' retrieved from /opt/airflow/dags/train_predict.py
[2025-12-04T00:21:35.905+0000] {logging_mixin.py:190} INFO - [2025-12-04T00:21:35.905+0000] {dag.py:3229} INFO - Sync 1 DAGs
[2025-12-04T00:21:35.917+0000] {logging_mixin.py:190} INFO - [2025-12-04T00:21:35.917+0000] {dag.py:4156} INFO - Setting next_dagrun for TrainPredict to 2025-12-03 03:30:00+00:00, run_after=2025-12-04 03:30:00+00:00
[2025-12-04T00:21:35.926+0000] {processor.py:208} INFO - Processing /opt/airflow/dags/train_predict.py took 0.056 seconds
[2025-12-04T00:24:55.603+0000] {processor.py:186} INFO - Started process (PID=11073) to work on /opt/airflow/dags/train_predict.py
[2025-12-04T00:24:55.605+0000] {processor.py:914} INFO - Processing file /opt/airflow/dags/train_predict.py for tasks to queue
[2025-12-04T00:24:55.607+0000] {logging_mixin.py:190} INFO - [2025-12-04T00:24:55.607+0000] {dagbag.py:587} INFO - Filling up the DagBag from /opt/airflow/dags/train_predict.py
[2025-12-04T00:24:55.619+0000] {processor.py:925} INFO - DAG(s) 'TrainPredict' retrieved from /opt/airflow/dags/train_predict.py
[2025-12-04T00:24:55.640+0000] {logging_mixin.py:190} INFO - [2025-12-04T00:24:55.639+0000] {dag.py:3229} INFO - Sync 1 DAGs
[2025-12-04T00:24:55.656+0000] {logging_mixin.py:190} INFO - [2025-12-04T00:24:55.655+0000] {dag.py:4156} INFO - Setting next_dagrun for TrainPredict to 2025-12-03 03:30:00+00:00, run_after=2025-12-04 03:30:00+00:00
[2025-12-04T00:24:55.667+0000] {processor.py:208} INFO - Processing /opt/airflow/dags/train_predict.py took 0.068 seconds
[2025-12-04T00:25:26.408+0000] {processor.py:186} INFO - Started process (PID=11099) to work on /opt/airflow/dags/train_predict.py
[2025-12-04T00:25:26.410+0000] {processor.py:914} INFO - Processing file /opt/airflow/dags/train_predict.py for tasks to queue
[2025-12-04T00:25:26.414+0000] {logging_mixin.py:190} INFO - [2025-12-04T00:25:26.413+0000] {dagbag.py:587} INFO - Filling up the DagBag from /opt/airflow/dags/train_predict.py
[2025-12-04T00:25:26.429+0000] {processor.py:925} INFO - DAG(s) 'TrainPredict' retrieved from /opt/airflow/dags/train_predict.py
[2025-12-04T00:25:26.447+0000] {logging_mixin.py:190} INFO - [2025-12-04T00:25:26.447+0000] {dag.py:3229} INFO - Sync 1 DAGs
[2025-12-04T00:25:26.462+0000] {logging_mixin.py:190} INFO - [2025-12-04T00:25:26.462+0000] {dag.py:4156} INFO - Setting next_dagrun for TrainPredict to 2025-12-03 03:30:00+00:00, run_after=2025-12-04 03:30:00+00:00
[2025-12-04T00:25:26.472+0000] {processor.py:208} INFO - Processing /opt/airflow/dags/train_predict.py took 0.071 seconds
[2025-12-04T00:25:57.116+0000] {processor.py:186} INFO - Started process (PID=11125) to work on /opt/airflow/dags/train_predict.py
[2025-12-04T00:25:57.116+0000] {processor.py:914} INFO - Processing file /opt/airflow/dags/train_predict.py for tasks to queue
[2025-12-04T00:25:57.119+0000] {logging_mixin.py:190} INFO - [2025-12-04T00:25:57.119+0000] {dagbag.py:587} INFO - Filling up the DagBag from /opt/airflow/dags/train_predict.py
[2025-12-04T00:25:57.130+0000] {processor.py:925} INFO - DAG(s) 'TrainPredict' retrieved from /opt/airflow/dags/train_predict.py
[2025-12-04T00:25:57.142+0000] {logging_mixin.py:190} INFO - [2025-12-04T00:25:57.142+0000] {dag.py:3229} INFO - Sync 1 DAGs
[2025-12-04T00:25:57.155+0000] {logging_mixin.py:190} INFO - [2025-12-04T00:25:57.155+0000] {dag.py:4156} INFO - Setting next_dagrun for TrainPredict to 2025-12-03 03:30:00+00:00, run_after=2025-12-04 03:30:00+00:00
[2025-12-04T00:25:57.164+0000] {processor.py:208} INFO - Processing /opt/airflow/dags/train_predict.py took 0.053 seconds
[2025-12-04T00:26:27.753+0000] {processor.py:186} INFO - Started process (PID=11151) to work on /opt/airflow/dags/train_predict.py
[2025-12-04T00:26:27.754+0000] {processor.py:914} INFO - Processing file /opt/airflow/dags/train_predict.py for tasks to queue
[2025-12-04T00:26:27.756+0000] {logging_mixin.py:190} INFO - [2025-12-04T00:26:27.756+0000] {dagbag.py:587} INFO - Filling up the DagBag from /opt/airflow/dags/train_predict.py
[2025-12-04T00:26:27.764+0000] {processor.py:925} INFO - DAG(s) 'TrainPredict' retrieved from /opt/airflow/dags/train_predict.py
[2025-12-04T00:26:27.774+0000] {logging_mixin.py:190} INFO - [2025-12-04T00:26:27.774+0000] {dag.py:3229} INFO - Sync 1 DAGs
[2025-12-04T00:26:27.787+0000] {logging_mixin.py:190} INFO - [2025-12-04T00:26:27.787+0000] {dag.py:4156} INFO - Setting next_dagrun for TrainPredict to 2025-12-03 03:30:00+00:00, run_after=2025-12-04 03:30:00+00:00
[2025-12-04T00:26:27.796+0000] {processor.py:208} INFO - Processing /opt/airflow/dags/train_predict.py took 0.047 seconds
[2025-12-04T00:26:58.371+0000] {processor.py:186} INFO - Started process (PID=11177) to work on /opt/airflow/dags/train_predict.py
[2025-12-04T00:26:58.375+0000] {processor.py:914} INFO - Processing file /opt/airflow/dags/train_predict.py for tasks to queue
[2025-12-04T00:26:58.376+0000] {logging_mixin.py:190} INFO - [2025-12-04T00:26:58.376+0000] {dagbag.py:587} INFO - Filling up the DagBag from /opt/airflow/dags/train_predict.py
[2025-12-04T00:26:58.384+0000] {processor.py:925} INFO - DAG(s) 'TrainPredict' retrieved from /opt/airflow/dags/train_predict.py
[2025-12-04T00:26:58.393+0000] {logging_mixin.py:190} INFO - [2025-12-04T00:26:58.393+0000] {dag.py:3229} INFO - Sync 1 DAGs
[2025-12-04T00:26:58.403+0000] {logging_mixin.py:190} INFO - [2025-12-04T00:26:58.403+0000] {dag.py:4156} INFO - Setting next_dagrun for TrainPredict to 2025-12-03 03:30:00+00:00, run_after=2025-12-04 03:30:00+00:00
[2025-12-04T00:26:58.413+0000] {processor.py:208} INFO - Processing /opt/airflow/dags/train_predict.py took 0.046 seconds
[2025-12-04T00:27:29.027+0000] {processor.py:186} INFO - Started process (PID=11203) to work on /opt/airflow/dags/train_predict.py
[2025-12-04T00:27:29.028+0000] {processor.py:914} INFO - Processing file /opt/airflow/dags/train_predict.py for tasks to queue
[2025-12-04T00:27:29.029+0000] {logging_mixin.py:190} INFO - [2025-12-04T00:27:29.029+0000] {dagbag.py:587} INFO - Filling up the DagBag from /opt/airflow/dags/train_predict.py
[2025-12-04T00:27:29.036+0000] {processor.py:925} INFO - DAG(s) 'TrainPredict' retrieved from /opt/airflow/dags/train_predict.py
[2025-12-04T00:27:29.050+0000] {logging_mixin.py:190} INFO - [2025-12-04T00:27:29.050+0000] {dag.py:3229} INFO - Sync 1 DAGs
[2025-12-04T00:27:29.063+0000] {logging_mixin.py:190} INFO - [2025-12-04T00:27:29.063+0000] {dag.py:4156} INFO - Setting next_dagrun for TrainPredict to 2025-12-03 03:30:00+00:00, run_after=2025-12-04 03:30:00+00:00
[2025-12-04T00:27:29.073+0000] {processor.py:208} INFO - Processing /opt/airflow/dags/train_predict.py took 0.050 seconds
[2025-12-04T00:27:59.657+0000] {processor.py:186} INFO - Started process (PID=11229) to work on /opt/airflow/dags/train_predict.py
[2025-12-04T00:27:59.658+0000] {processor.py:914} INFO - Processing file /opt/airflow/dags/train_predict.py for tasks to queue
[2025-12-04T00:27:59.660+0000] {logging_mixin.py:190} INFO - [2025-12-04T00:27:59.660+0000] {dagbag.py:587} INFO - Filling up the DagBag from /opt/airflow/dags/train_predict.py
[2025-12-04T00:27:59.669+0000] {processor.py:925} INFO - DAG(s) 'TrainPredict' retrieved from /opt/airflow/dags/train_predict.py
[2025-12-04T00:27:59.682+0000] {logging_mixin.py:190} INFO - [2025-12-04T00:27:59.681+0000] {dag.py:3229} INFO - Sync 1 DAGs
[2025-12-04T00:27:59.693+0000] {logging_mixin.py:190} INFO - [2025-12-04T00:27:59.693+0000] {dag.py:4156} INFO - Setting next_dagrun for TrainPredict to 2025-12-03 03:30:00+00:00, run_after=2025-12-04 03:30:00+00:00
[2025-12-04T00:27:59.702+0000] {processor.py:208} INFO - Processing /opt/airflow/dags/train_predict.py took 0.049 seconds
[2025-12-04T00:28:30.336+0000] {processor.py:186} INFO - Started process (PID=11255) to work on /opt/airflow/dags/train_predict.py
[2025-12-04T00:28:30.341+0000] {processor.py:914} INFO - Processing file /opt/airflow/dags/train_predict.py for tasks to queue
[2025-12-04T00:28:30.343+0000] {logging_mixin.py:190} INFO - [2025-12-04T00:28:30.343+0000] {dagbag.py:587} INFO - Filling up the DagBag from /opt/airflow/dags/train_predict.py
[2025-12-04T00:28:30.349+0000] {processor.py:925} INFO - DAG(s) 'TrainPredict' retrieved from /opt/airflow/dags/train_predict.py
[2025-12-04T00:28:30.359+0000] {logging_mixin.py:190} INFO - [2025-12-04T00:28:30.359+0000] {dag.py:3229} INFO - Sync 1 DAGs
[2025-12-04T00:28:30.370+0000] {logging_mixin.py:190} INFO - [2025-12-04T00:28:30.370+0000] {dag.py:4156} INFO - Setting next_dagrun for TrainPredict to 2025-12-03 03:30:00+00:00, run_after=2025-12-04 03:30:00+00:00
[2025-12-04T00:28:30.378+0000] {processor.py:208} INFO - Processing /opt/airflow/dags/train_predict.py took 0.046 seconds
[2025-12-04T00:29:00.761+0000] {processor.py:186} INFO - Started process (PID=11281) to work on /opt/airflow/dags/train_predict.py
[2025-12-04T00:29:00.766+0000] {processor.py:914} INFO - Processing file /opt/airflow/dags/train_predict.py for tasks to queue
[2025-12-04T00:29:00.768+0000] {logging_mixin.py:190} INFO - [2025-12-04T00:29:00.767+0000] {dagbag.py:587} INFO - Filling up the DagBag from /opt/airflow/dags/train_predict.py
[2025-12-04T00:29:00.775+0000] {processor.py:925} INFO - DAG(s) 'TrainPredict' retrieved from /opt/airflow/dags/train_predict.py
[2025-12-04T00:29:00.788+0000] {logging_mixin.py:190} INFO - [2025-12-04T00:29:00.788+0000] {dag.py:3229} INFO - Sync 1 DAGs
[2025-12-04T00:29:00.801+0000] {logging_mixin.py:190} INFO - [2025-12-04T00:29:00.801+0000] {dag.py:4156} INFO - Setting next_dagrun for TrainPredict to 2025-12-03 03:30:00+00:00, run_after=2025-12-04 03:30:00+00:00
[2025-12-04T00:29:00.809+0000] {processor.py:208} INFO - Processing /opt/airflow/dags/train_predict.py took 0.052 seconds
[2025-12-04T00:29:31.195+0000] {processor.py:186} INFO - Started process (PID=11307) to work on /opt/airflow/dags/train_predict.py
[2025-12-04T00:29:31.195+0000] {processor.py:914} INFO - Processing file /opt/airflow/dags/train_predict.py for tasks to queue
[2025-12-04T00:29:31.198+0000] {logging_mixin.py:190} INFO - [2025-12-04T00:29:31.197+0000] {dagbag.py:587} INFO - Filling up the DagBag from /opt/airflow/dags/train_predict.py
[2025-12-04T00:29:31.208+0000] {processor.py:925} INFO - DAG(s) 'TrainPredict' retrieved from /opt/airflow/dags/train_predict.py
[2025-12-04T00:29:31.219+0000] {logging_mixin.py:190} INFO - [2025-12-04T00:29:31.219+0000] {dag.py:3229} INFO - Sync 1 DAGs
[2025-12-04T00:29:31.231+0000] {logging_mixin.py:190} INFO - [2025-12-04T00:29:31.231+0000] {dag.py:4156} INFO - Setting next_dagrun for TrainPredict to 2025-12-03 03:30:00+00:00, run_after=2025-12-04 03:30:00+00:00
[2025-12-04T00:29:31.239+0000] {processor.py:208} INFO - Processing /opt/airflow/dags/train_predict.py took 0.048 seconds
[2025-12-04T00:30:01.805+0000] {processor.py:186} INFO - Started process (PID=11333) to work on /opt/airflow/dags/train_predict.py
[2025-12-04T00:30:01.809+0000] {processor.py:914} INFO - Processing file /opt/airflow/dags/train_predict.py for tasks to queue
[2025-12-04T00:30:01.810+0000] {logging_mixin.py:190} INFO - [2025-12-04T00:30:01.810+0000] {dagbag.py:587} INFO - Filling up the DagBag from /opt/airflow/dags/train_predict.py
[2025-12-04T00:30:01.819+0000] {processor.py:925} INFO - DAG(s) 'TrainPredict' retrieved from /opt/airflow/dags/train_predict.py
[2025-12-04T00:30:01.830+0000] {logging_mixin.py:190} INFO - [2025-12-04T00:30:01.830+0000] {dag.py:3229} INFO - Sync 1 DAGs
[2025-12-04T00:30:01.839+0000] {logging_mixin.py:190} INFO - [2025-12-04T00:30:01.839+0000] {dag.py:4156} INFO - Setting next_dagrun for TrainPredict to 2025-12-03 03:30:00+00:00, run_after=2025-12-04 03:30:00+00:00
[2025-12-04T00:30:01.848+0000] {processor.py:208} INFO - Processing /opt/airflow/dags/train_predict.py took 0.046 seconds
[2025-12-04T00:30:32.245+0000] {processor.py:186} INFO - Started process (PID=11359) to work on /opt/airflow/dags/train_predict.py
[2025-12-04T00:30:32.246+0000] {processor.py:914} INFO - Processing file /opt/airflow/dags/train_predict.py for tasks to queue
[2025-12-04T00:30:32.248+0000] {logging_mixin.py:190} INFO - [2025-12-04T00:30:32.248+0000] {dagbag.py:587} INFO - Filling up the DagBag from /opt/airflow/dags/train_predict.py
[2025-12-04T00:30:32.260+0000] {processor.py:925} INFO - DAG(s) 'TrainPredict' retrieved from /opt/airflow/dags/train_predict.py
[2025-12-04T00:30:32.271+0000] {logging_mixin.py:190} INFO - [2025-12-04T00:30:32.271+0000] {dag.py:3229} INFO - Sync 1 DAGs
[2025-12-04T00:30:32.282+0000] {logging_mixin.py:190} INFO - [2025-12-04T00:30:32.281+0000] {dag.py:4156} INFO - Setting next_dagrun for TrainPredict to 2025-12-03 03:30:00+00:00, run_after=2025-12-04 03:30:00+00:00
[2025-12-04T00:30:32.291+0000] {processor.py:208} INFO - Processing /opt/airflow/dags/train_predict.py took 0.050 seconds
[2025-12-04T00:31:56.247+0000] {processor.py:186} INFO - Started process (PID=11385) to work on /opt/airflow/dags/train_predict.py
[2025-12-04T00:31:56.248+0000] {processor.py:914} INFO - Processing file /opt/airflow/dags/train_predict.py for tasks to queue
[2025-12-04T00:31:56.252+0000] {logging_mixin.py:190} INFO - [2025-12-04T00:31:56.251+0000] {dagbag.py:587} INFO - Filling up the DagBag from /opt/airflow/dags/train_predict.py
[2025-12-04T00:31:56.262+0000] {processor.py:925} INFO - DAG(s) 'TrainPredict' retrieved from /opt/airflow/dags/train_predict.py
[2025-12-04T00:31:56.275+0000] {logging_mixin.py:190} INFO - [2025-12-04T00:31:56.275+0000] {dag.py:3229} INFO - Sync 1 DAGs
[2025-12-04T00:31:56.288+0000] {logging_mixin.py:190} INFO - [2025-12-04T00:31:56.288+0000] {dag.py:4156} INFO - Setting next_dagrun for TrainPredict to 2025-12-03 03:30:00+00:00, run_after=2025-12-04 03:30:00+00:00
[2025-12-04T00:31:56.297+0000] {processor.py:208} INFO - Processing /opt/airflow/dags/train_predict.py took 0.055 seconds
[2025-12-04T00:32:26.895+0000] {processor.py:186} INFO - Started process (PID=11411) to work on /opt/airflow/dags/train_predict.py
[2025-12-04T00:32:26.895+0000] {processor.py:914} INFO - Processing file /opt/airflow/dags/train_predict.py for tasks to queue
[2025-12-04T00:32:26.897+0000] {logging_mixin.py:190} INFO - [2025-12-04T00:32:26.897+0000] {dagbag.py:587} INFO - Filling up the DagBag from /opt/airflow/dags/train_predict.py
[2025-12-04T00:32:26.907+0000] {processor.py:925} INFO - DAG(s) 'TrainPredict' retrieved from /opt/airflow/dags/train_predict.py
[2025-12-04T00:32:26.917+0000] {logging_mixin.py:190} INFO - [2025-12-04T00:32:26.917+0000] {dag.py:3229} INFO - Sync 1 DAGs
[2025-12-04T00:32:26.931+0000] {logging_mixin.py:190} INFO - [2025-12-04T00:32:26.931+0000] {dag.py:4156} INFO - Setting next_dagrun for TrainPredict to 2025-12-03 03:30:00+00:00, run_after=2025-12-04 03:30:00+00:00
[2025-12-04T00:32:27.031+0000] {processor.py:208} INFO - Processing /opt/airflow/dags/train_predict.py took 0.140 seconds
[2025-12-04T00:33:21.539+0000] {processor.py:186} INFO - Started process (PID=11437) to work on /opt/airflow/dags/train_predict.py
[2025-12-04T00:33:21.540+0000] {processor.py:914} INFO - Processing file /opt/airflow/dags/train_predict.py for tasks to queue
[2025-12-04T00:33:21.541+0000] {logging_mixin.py:190} INFO - [2025-12-04T00:33:21.541+0000] {dagbag.py:587} INFO - Filling up the DagBag from /opt/airflow/dags/train_predict.py
[2025-12-04T00:33:21.553+0000] {processor.py:925} INFO - DAG(s) 'TrainPredict' retrieved from /opt/airflow/dags/train_predict.py
[2025-12-04T00:33:21.565+0000] {logging_mixin.py:190} INFO - [2025-12-04T00:33:21.565+0000] {dag.py:3229} INFO - Sync 1 DAGs
[2025-12-04T00:33:21.576+0000] {logging_mixin.py:190} INFO - [2025-12-04T00:33:21.576+0000] {dag.py:4156} INFO - Setting next_dagrun for TrainPredict to 2025-12-03 03:30:00+00:00, run_after=2025-12-04 03:30:00+00:00
[2025-12-04T00:33:21.584+0000] {processor.py:208} INFO - Processing /opt/airflow/dags/train_predict.py took 0.048 seconds
[2025-12-04T00:36:34.014+0000] {processor.py:186} INFO - Started process (PID=11463) to work on /opt/airflow/dags/train_predict.py
[2025-12-04T00:36:34.021+0000] {processor.py:914} INFO - Processing file /opt/airflow/dags/train_predict.py for tasks to queue
[2025-12-04T00:36:34.023+0000] {logging_mixin.py:190} INFO - [2025-12-04T00:36:34.023+0000] {dagbag.py:587} INFO - Filling up the DagBag from /opt/airflow/dags/train_predict.py
[2025-12-04T00:36:34.035+0000] {processor.py:925} INFO - DAG(s) 'TrainPredict' retrieved from /opt/airflow/dags/train_predict.py
[2025-12-04T00:36:34.052+0000] {logging_mixin.py:190} INFO - [2025-12-04T00:36:34.052+0000] {dag.py:3229} INFO - Sync 1 DAGs
[2025-12-04T00:36:34.065+0000] {logging_mixin.py:190} INFO - [2025-12-04T00:36:34.065+0000] {dag.py:4156} INFO - Setting next_dagrun for TrainPredict to 2025-12-03 03:30:00+00:00, run_after=2025-12-04 03:30:00+00:00
[2025-12-04T00:36:34.078+0000] {processor.py:208} INFO - Processing /opt/airflow/dags/train_predict.py took 0.068 seconds
[2025-12-04T00:37:04.479+0000] {processor.py:186} INFO - Started process (PID=11489) to work on /opt/airflow/dags/train_predict.py
[2025-12-04T00:37:04.480+0000] {processor.py:914} INFO - Processing file /opt/airflow/dags/train_predict.py for tasks to queue
[2025-12-04T00:37:04.486+0000] {logging_mixin.py:190} INFO - [2025-12-04T00:37:04.485+0000] {dagbag.py:587} INFO - Filling up the DagBag from /opt/airflow/dags/train_predict.py
[2025-12-04T00:37:04.495+0000] {processor.py:925} INFO - DAG(s) 'TrainPredict' retrieved from /opt/airflow/dags/train_predict.py
[2025-12-04T00:37:04.507+0000] {logging_mixin.py:190} INFO - [2025-12-04T00:37:04.507+0000] {dag.py:3229} INFO - Sync 1 DAGs
[2025-12-04T00:37:04.517+0000] {logging_mixin.py:190} INFO - [2025-12-04T00:37:04.517+0000] {dag.py:4156} INFO - Setting next_dagrun for TrainPredict to 2025-12-03 03:30:00+00:00, run_after=2025-12-04 03:30:00+00:00
[2025-12-04T00:37:04.530+0000] {processor.py:208} INFO - Processing /opt/airflow/dags/train_predict.py took 0.056 seconds
[2025-12-04T00:37:34.894+0000] {processor.py:186} INFO - Started process (PID=11515) to work on /opt/airflow/dags/train_predict.py
[2025-12-04T00:37:34.895+0000] {processor.py:914} INFO - Processing file /opt/airflow/dags/train_predict.py for tasks to queue
[2025-12-04T00:37:34.897+0000] {logging_mixin.py:190} INFO - [2025-12-04T00:37:34.897+0000] {dagbag.py:587} INFO - Filling up the DagBag from /opt/airflow/dags/train_predict.py
[2025-12-04T00:37:34.909+0000] {processor.py:925} INFO - DAG(s) 'TrainPredict' retrieved from /opt/airflow/dags/train_predict.py
[2025-12-04T00:37:34.919+0000] {logging_mixin.py:190} INFO - [2025-12-04T00:37:34.918+0000] {dag.py:3229} INFO - Sync 1 DAGs
[2025-12-04T00:37:34.930+0000] {logging_mixin.py:190} INFO - [2025-12-04T00:37:34.929+0000] {dag.py:4156} INFO - Setting next_dagrun for TrainPredict to 2025-12-03 03:30:00+00:00, run_after=2025-12-04 03:30:00+00:00
[2025-12-04T00:37:35.036+0000] {processor.py:208} INFO - Processing /opt/airflow/dags/train_predict.py took 0.145 seconds
[2025-12-04T00:38:05.609+0000] {processor.py:186} INFO - Started process (PID=11541) to work on /opt/airflow/dags/train_predict.py
[2025-12-04T00:38:05.610+0000] {processor.py:914} INFO - Processing file /opt/airflow/dags/train_predict.py for tasks to queue
[2025-12-04T00:38:05.611+0000] {logging_mixin.py:190} INFO - [2025-12-04T00:38:05.611+0000] {dagbag.py:587} INFO - Filling up the DagBag from /opt/airflow/dags/train_predict.py
[2025-12-04T00:38:05.619+0000] {processor.py:925} INFO - DAG(s) 'TrainPredict' retrieved from /opt/airflow/dags/train_predict.py
[2025-12-04T00:38:05.631+0000] {logging_mixin.py:190} INFO - [2025-12-04T00:38:05.631+0000] {dag.py:3229} INFO - Sync 1 DAGs
[2025-12-04T00:38:05.644+0000] {logging_mixin.py:190} INFO - [2025-12-04T00:38:05.643+0000] {dag.py:4156} INFO - Setting next_dagrun for TrainPredict to 2025-12-03 03:30:00+00:00, run_after=2025-12-04 03:30:00+00:00
[2025-12-04T00:38:05.653+0000] {processor.py:208} INFO - Processing /opt/airflow/dags/train_predict.py took 0.047 seconds
[2025-12-04T00:38:36.217+0000] {processor.py:186} INFO - Started process (PID=11567) to work on /opt/airflow/dags/train_predict.py
[2025-12-04T00:38:36.218+0000] {processor.py:914} INFO - Processing file /opt/airflow/dags/train_predict.py for tasks to queue
[2025-12-04T00:38:36.219+0000] {logging_mixin.py:190} INFO - [2025-12-04T00:38:36.219+0000] {dagbag.py:587} INFO - Filling up the DagBag from /opt/airflow/dags/train_predict.py
[2025-12-04T00:38:36.230+0000] {processor.py:925} INFO - DAG(s) 'TrainPredict' retrieved from /opt/airflow/dags/train_predict.py
[2025-12-04T00:38:36.243+0000] {logging_mixin.py:190} INFO - [2025-12-04T00:38:36.242+0000] {dag.py:3229} INFO - Sync 1 DAGs
[2025-12-04T00:38:36.254+0000] {logging_mixin.py:190} INFO - [2025-12-04T00:38:36.254+0000] {dag.py:4156} INFO - Setting next_dagrun for TrainPredict to 2025-12-03 03:30:00+00:00, run_after=2025-12-04 03:30:00+00:00
[2025-12-04T00:38:36.263+0000] {processor.py:208} INFO - Processing /opt/airflow/dags/train_predict.py took 0.051 seconds
