[2025-12-05T20:03:11.835+0000] {local_task_job_runner.py:123} INFO - ::group::Pre task execution logs
[2025-12-05T20:03:11.844+0000] {taskinstance.py:2612} INFO - Dependencies all met for dep_context=non-requeueable deps ti=<TaskInstance: TrainPredict.train manual__2025-12-05T20:01:09.872513+00:00 [queued]>
[2025-12-05T20:03:11.847+0000] {taskinstance.py:2612} INFO - Dependencies all met for dep_context=requeueable deps ti=<TaskInstance: TrainPredict.train manual__2025-12-05T20:01:09.872513+00:00 [queued]>
[2025-12-05T20:03:11.848+0000] {taskinstance.py:2865} INFO - Starting attempt 1 of 1
[2025-12-05T20:03:11.852+0000] {taskinstance.py:2888} INFO - Executing <Task(_PythonDecoratedOperator): train> on 2025-12-05 20:01:09.872513+00:00
[2025-12-05T20:03:11.856+0000] {logging_mixin.py:190} WARNING - /home/***/.local/lib/python3.12/site-packages/***/task/task_runner/standard_task_runner.py:70 DeprecationWarning: This process (pid=492) is multi-threaded, use of fork() may lead to deadlocks in the child.
[2025-12-05T20:03:11.856+0000] {standard_task_runner.py:72} INFO - Started process 495 to run task
[2025-12-05T20:03:11.856+0000] {standard_task_runner.py:104} INFO - Running: ['***', 'tasks', 'run', 'TrainPredict', 'train', 'manual__2025-12-05T20:01:09.872513+00:00', '--job-id', '258', '--raw', '--subdir', 'DAGS_FOLDER/train_predict.py', '--cfg-path', '/tmp/tmpu7eulp75']
[2025-12-05T20:03:11.857+0000] {standard_task_runner.py:105} INFO - Job 258: Subtask train
[2025-12-05T20:03:11.873+0000] {task_command.py:467} INFO - Running <TaskInstance: TrainPredict.train manual__2025-12-05T20:01:09.872513+00:00 [running]> on host 7c17d7f5e8b7
[2025-12-05T20:03:11.905+0000] {taskinstance.py:3131} INFO - Exporting env vars: AIRFLOW_CTX_DAG_OWNER='***' AIRFLOW_CTX_DAG_ID='TrainPredict' AIRFLOW_CTX_TASK_ID='train' AIRFLOW_CTX_EXECUTION_DATE='2025-12-05T20:01:09.872513+00:00' AIRFLOW_CTX_TRY_NUMBER='1' AIRFLOW_CTX_DAG_RUN_ID='manual__2025-12-05T20:01:09.872513+00:00'
[2025-12-05T20:03:11.906+0000] {taskinstance.py:731} INFO - ::endgroup::
[2025-12-05T20:03:11.910+0000] {base.py:84} INFO - Retrieving connection 'snowflake_conn'
[2025-12-05T20:03:11.911+0000] {connection.py:413} INFO - Snowflake Connector for Python Version: 3.12.1, Python Version: 3.12.5, Platform: Linux-6.10.14-linuxkit-aarch64-with-glibc2.36
[2025-12-05T20:03:11.911+0000] {connection.py:1196} INFO - Connecting to GLOBAL Snowflake domain
[2025-12-05T20:03:11.911+0000] {connection.py:1277} INFO - This connection is in OCSP Fail Open Mode. TLS Certificates would be checked for validity and revocation status. Any other Certificate Revocation related exceptions or OCSP Responder failures would be disregarded in favor of connectivity.
[2025-12-05T20:03:12.811+0000] {cursor.py:1156} INFO - Number of results in first chunk: 1
[2025-12-05T20:08:15.847+0000] {cursor.py:1156} INFO - Number of results in first chunk: 1
[2025-12-05T20:08:15.850+0000] {connection.py:788} INFO - closed
[2025-12-05T20:08:15.953+0000] {connection.py:794} INFO - No async queries seem to be running, deleting session
[2025-12-05T20:08:16.021+0000] {python.py:240} INFO - Done. Returned value was: None
[2025-12-05T20:08:16.039+0000] {taskinstance.py:340} INFO - ::group::Post task execution logs
[2025-12-05T20:08:16.040+0000] {taskinstance.py:352} INFO - Marking task as SUCCESS. dag_id=TrainPredict, task_id=train, run_id=manual__2025-12-05T20:01:09.872513+00:00, execution_date=20251205T200109, start_date=20251205T200311, end_date=20251205T200816
[2025-12-05T20:08:16.086+0000] {local_task_job_runner.py:266} INFO - Task exited with return code 0
[2025-12-05T20:08:16.106+0000] {taskinstance.py:3900} INFO - 1 downstream tasks scheduled from follow-on schedule check
[2025-12-05T20:08:16.106+0000] {local_task_job_runner.py:245} INFO - ::endgroup::
