[2025-12-02T20:48:15.556+0000] {local_task_job_runner.py:123} INFO - ::group::Pre task execution logs
[2025-12-02T20:48:15.562+0000] {taskinstance.py:2612} INFO - Dependencies all met for dep_context=non-requeueable deps ti=<TaskInstance: elt_dbt_upstream.wait_for_market_data_ingest scheduled__2025-12-01T03:00:00+00:00 [queued]>
[2025-12-02T20:48:15.564+0000] {taskinstance.py:2612} INFO - Dependencies all met for dep_context=requeueable deps ti=<TaskInstance: elt_dbt_upstream.wait_for_market_data_ingest scheduled__2025-12-01T03:00:00+00:00 [queued]>
[2025-12-02T20:48:15.564+0000] {taskinstance.py:2865} INFO - Starting attempt 1 of 2
[2025-12-02T20:48:15.568+0000] {taskinstance.py:2888} INFO - Executing <Task(ExternalTaskSensor): wait_for_market_data_ingest> on 2025-12-01 03:00:00+00:00
[2025-12-02T20:48:15.571+0000] {standard_task_runner.py:104} INFO - Running: ['***', 'tasks', 'run', 'elt_dbt_upstream', 'wait_for_market_data_ingest', 'scheduled__2025-12-01T03:00:00+00:00', '--job-id', '73', '--raw', '--subdir', 'DAGS_FOLDER/elt_dbt_upstream.py', '--cfg-path', '/tmp/tmpdoegwe_u']
[2025-12-02T20:48:15.572+0000] {standard_task_runner.py:105} INFO - Job 73: Subtask wait_for_market_data_ingest
[2025-12-02T20:48:15.572+0000] {logging_mixin.py:190} WARNING - /home/***/.local/lib/python3.12/site-packages/***/task/task_runner/standard_task_runner.py:70 DeprecationWarning: This process (pid=472) is multi-threaded, use of fork() may lead to deadlocks in the child.
[2025-12-02T20:48:15.573+0000] {standard_task_runner.py:72} INFO - Started process 473 to run task
[2025-12-02T20:48:15.587+0000] {task_command.py:467} INFO - Running <TaskInstance: elt_dbt_upstream.wait_for_market_data_ingest scheduled__2025-12-01T03:00:00+00:00 [running]> on host 2e122a66e6c3
[2025-12-02T20:48:15.613+0000] {taskinstance.py:3131} INFO - Exporting env vars: AIRFLOW_CTX_DAG_OWNER='***' AIRFLOW_CTX_DAG_ID='elt_dbt_upstream' AIRFLOW_CTX_TASK_ID='wait_for_market_data_ingest' AIRFLOW_CTX_EXECUTION_DATE='2025-12-01T03:00:00+00:00' AIRFLOW_CTX_TRY_NUMBER='1' AIRFLOW_CTX_DAG_RUN_ID='scheduled__2025-12-01T03:00:00+00:00'
[2025-12-02T20:48:15.614+0000] {taskinstance.py:731} INFO - ::endgroup::
[2025-12-02T20:48:15.619+0000] {baseoperator.py:405} WARNING - ExternalTaskSensor.execute cannot be called outside TaskInstance!
[2025-12-02T20:48:15.620+0000] {external_task.py:274} INFO - Poking for DAG 'market_data_ingest' on 2025-12-01T02:30:00+00:00 ... 
[2025-12-02T20:48:15.621+0000] {logging_mixin.py:190} WARNING - /home/***/.local/lib/python3.12/site-packages/***/utils/session.py:97 DeprecationWarning: This method is deprecated and will be removed in future.
[2025-12-02T20:48:15.624+0000] {base.py:336} INFO - Success criteria met. Exiting.
[2025-12-02T20:48:15.627+0000] {taskinstance.py:340} INFO - ::group::Post task execution logs
[2025-12-02T20:48:15.627+0000] {taskinstance.py:352} INFO - Marking task as SUCCESS. dag_id=elt_dbt_upstream, task_id=wait_for_market_data_ingest, run_id=scheduled__2025-12-01T03:00:00+00:00, execution_date=20251201T030000, start_date=20251202T204815, end_date=20251202T204815
[2025-12-02T20:48:15.631+0000] {local_task_job_runner.py:266} INFO - Task exited with return code 0
[2025-12-02T20:48:15.641+0000] {taskinstance.py:3900} INFO - 1 downstream tasks scheduled from follow-on schedule check
[2025-12-02T20:48:15.641+0000] {local_task_job_runner.py:245} INFO - ::endgroup::
