[2025-11-21T02:24:01.141+0000] {processor.py:186} INFO - Started process (PID=1437) to work on /opt/airflow/dags/train_predit.py
[2025-11-21T02:24:01.142+0000] {processor.py:914} INFO - Processing file /opt/airflow/dags/train_predit.py for tasks to queue
[2025-11-21T02:24:01.143+0000] {logging_mixin.py:190} INFO - [2025-11-21T02:24:01.142+0000] {dagbag.py:587} INFO - Filling up the DagBag from /opt/airflow/dags/train_predit.py
[2025-11-21T02:24:01.155+0000] {logging_mixin.py:190} INFO - [2025-11-21T02:24:01.155+0000] {base.py:84} INFO - Retrieving connection 'snowflake_conn'
[2025-11-21T02:24:01.156+0000] {logging_mixin.py:190} INFO - [2025-11-21T02:24:01.156+0000] {connection.py:413} INFO - Snowflake Connector for Python Version: 3.12.1, Python Version: 3.12.5, Platform: Linux-6.10.14-linuxkit-aarch64-with-glibc2.36
[2025-11-21T02:24:01.156+0000] {logging_mixin.py:190} INFO - [2025-11-21T02:24:01.156+0000] {connection.py:1196} INFO - Connecting to GLOBAL Snowflake domain
[2025-11-21T02:24:01.156+0000] {logging_mixin.py:190} INFO - [2025-11-21T02:24:01.156+0000] {connection.py:1277} INFO - This connection is in OCSP Fail Open Mode. TLS Certificates would be checked for validity and revocation status. Any other Certificate Revocation related exceptions or OCSP Responder failures would be disregarded in favor of connectivity.
[2025-11-21T02:24:01.718+0000] {processor.py:925} INFO - DAG(s) 'TrainPredict' retrieved from /opt/airflow/dags/train_predit.py
[2025-11-21T02:24:01.777+0000] {logging_mixin.py:190} INFO - [2025-11-21T02:24:01.776+0000] {override.py:1900} INFO - Created Permission View: can delete on DAG:TrainPredict
[2025-11-21T02:24:01.780+0000] {logging_mixin.py:190} INFO - [2025-11-21T02:24:01.780+0000] {override.py:1900} INFO - Created Permission View: can edit on DAG:TrainPredict
[2025-11-21T02:24:01.781+0000] {logging_mixin.py:190} INFO - [2025-11-21T02:24:01.781+0000] {override.py:1900} INFO - Created Permission View: can read on DAG:TrainPredict
[2025-11-21T02:24:01.783+0000] {logging_mixin.py:190} INFO - [2025-11-21T02:24:01.783+0000] {override.py:1900} INFO - Created Permission View: menu access on DAG Run:TrainPredict
[2025-11-21T02:24:01.784+0000] {logging_mixin.py:190} INFO - [2025-11-21T02:24:01.784+0000] {override.py:1900} INFO - Created Permission View: can delete on DAG Run:TrainPredict
[2025-11-21T02:24:01.785+0000] {logging_mixin.py:190} INFO - [2025-11-21T02:24:01.785+0000] {override.py:1900} INFO - Created Permission View: can create on DAG Run:TrainPredict
[2025-11-21T02:24:01.786+0000] {logging_mixin.py:190} INFO - [2025-11-21T02:24:01.786+0000] {override.py:1900} INFO - Created Permission View: can read on DAG Run:TrainPredict
[2025-11-21T02:24:01.787+0000] {logging_mixin.py:190} INFO - [2025-11-21T02:24:01.787+0000] {dag.py:3229} INFO - Sync 1 DAGs
[2025-11-21T02:24:01.792+0000] {logging_mixin.py:190} INFO - [2025-11-21T02:24:01.792+0000] {dag.py:3252} INFO - Creating ORM DAG for TrainPredict
[2025-11-21T02:24:01.796+0000] {logging_mixin.py:190} INFO - [2025-11-21T02:24:01.796+0000] {dag.py:4156} INFO - Setting next_dagrun for TrainPredict to 2025-11-19 02:45:00+00:00, run_after=2025-11-20 02:45:00+00:00
[2025-11-21T02:24:01.802+0000] {processor.py:208} INFO - Processing /opt/airflow/dags/train_predit.py took 0.664 seconds
[2025-11-21T02:24:31.857+0000] {processor.py:186} INFO - Started process (PID=1463) to work on /opt/airflow/dags/train_predit.py
[2025-11-21T02:24:31.858+0000] {processor.py:914} INFO - Processing file /opt/airflow/dags/train_predit.py for tasks to queue
[2025-11-21T02:24:31.859+0000] {logging_mixin.py:190} INFO - [2025-11-21T02:24:31.858+0000] {dagbag.py:587} INFO - Filling up the DagBag from /opt/airflow/dags/train_predit.py
[2025-11-21T02:24:31.878+0000] {logging_mixin.py:190} INFO - [2025-11-21T02:24:31.878+0000] {base.py:84} INFO - Retrieving connection 'snowflake_conn'
[2025-11-21T02:24:31.881+0000] {logging_mixin.py:190} INFO - [2025-11-21T02:24:31.881+0000] {connection.py:413} INFO - Snowflake Connector for Python Version: 3.12.1, Python Version: 3.12.5, Platform: Linux-6.10.14-linuxkit-aarch64-with-glibc2.36
[2025-11-21T02:24:31.882+0000] {logging_mixin.py:190} INFO - [2025-11-21T02:24:31.882+0000] {connection.py:1196} INFO - Connecting to GLOBAL Snowflake domain
[2025-11-21T02:24:31.882+0000] {logging_mixin.py:190} INFO - [2025-11-21T02:24:31.882+0000] {connection.py:1277} INFO - This connection is in OCSP Fail Open Mode. TLS Certificates would be checked for validity and revocation status. Any other Certificate Revocation related exceptions or OCSP Responder failures would be disregarded in favor of connectivity.
[2025-11-21T02:24:32.270+0000] {processor.py:925} INFO - DAG(s) 'TrainPredict' retrieved from /opt/airflow/dags/train_predit.py
[2025-11-21T02:24:32.286+0000] {logging_mixin.py:190} INFO - [2025-11-21T02:24:32.286+0000] {dag.py:3229} INFO - Sync 1 DAGs
[2025-11-21T02:24:32.303+0000] {logging_mixin.py:190} INFO - [2025-11-21T02:24:32.303+0000] {dag.py:4156} INFO - Setting next_dagrun for TrainPredict to 2025-11-20 02:45:00+00:00, run_after=2025-11-21 02:45:00+00:00
[2025-11-21T02:24:32.312+0000] {processor.py:208} INFO - Processing /opt/airflow/dags/train_predit.py took 0.460 seconds
[2025-11-21T02:25:02.453+0000] {processor.py:186} INFO - Started process (PID=1479) to work on /opt/airflow/dags/train_predit.py
[2025-11-21T02:25:02.453+0000] {processor.py:914} INFO - Processing file /opt/airflow/dags/train_predit.py for tasks to queue
[2025-11-21T02:25:02.454+0000] {logging_mixin.py:190} INFO - [2025-11-21T02:25:02.454+0000] {dagbag.py:587} INFO - Filling up the DagBag from /opt/airflow/dags/train_predit.py
[2025-11-21T02:25:02.469+0000] {logging_mixin.py:190} INFO - [2025-11-21T02:25:02.469+0000] {base.py:84} INFO - Retrieving connection 'snowflake_conn'
[2025-11-21T02:25:02.470+0000] {logging_mixin.py:190} INFO - [2025-11-21T02:25:02.469+0000] {connection.py:413} INFO - Snowflake Connector for Python Version: 3.12.1, Python Version: 3.12.5, Platform: Linux-6.10.14-linuxkit-aarch64-with-glibc2.36
[2025-11-21T02:25:02.470+0000] {logging_mixin.py:190} INFO - [2025-11-21T02:25:02.470+0000] {connection.py:1196} INFO - Connecting to GLOBAL Snowflake domain
[2025-11-21T02:25:02.470+0000] {logging_mixin.py:190} INFO - [2025-11-21T02:25:02.470+0000] {connection.py:1277} INFO - This connection is in OCSP Fail Open Mode. TLS Certificates would be checked for validity and revocation status. Any other Certificate Revocation related exceptions or OCSP Responder failures would be disregarded in favor of connectivity.
[2025-11-21T02:25:02.843+0000] {processor.py:925} INFO - DAG(s) 'TrainPredict' retrieved from /opt/airflow/dags/train_predit.py
[2025-11-21T02:25:02.895+0000] {logging_mixin.py:190} INFO - [2025-11-21T02:25:02.895+0000] {dag.py:3229} INFO - Sync 1 DAGs
[2025-11-21T02:25:02.902+0000] {logging_mixin.py:190} INFO - [2025-11-21T02:25:02.902+0000] {dag.py:4156} INFO - Setting next_dagrun for TrainPredict to 2025-11-20 02:45:00+00:00, run_after=2025-11-21 02:45:00+00:00
[2025-11-21T02:25:02.908+0000] {processor.py:208} INFO - Processing /opt/airflow/dags/train_predit.py took 0.460 seconds
[2025-11-21T02:25:33.009+0000] {processor.py:186} INFO - Started process (PID=1495) to work on /opt/airflow/dags/train_predit.py
[2025-11-21T02:25:33.009+0000] {processor.py:914} INFO - Processing file /opt/airflow/dags/train_predit.py for tasks to queue
[2025-11-21T02:25:33.010+0000] {logging_mixin.py:190} INFO - [2025-11-21T02:25:33.010+0000] {dagbag.py:587} INFO - Filling up the DagBag from /opt/airflow/dags/train_predit.py
[2025-11-21T02:25:33.020+0000] {logging_mixin.py:190} INFO - [2025-11-21T02:25:33.020+0000] {base.py:84} INFO - Retrieving connection 'snowflake_conn'
[2025-11-21T02:25:33.021+0000] {logging_mixin.py:190} INFO - [2025-11-21T02:25:33.020+0000] {connection.py:413} INFO - Snowflake Connector for Python Version: 3.12.1, Python Version: 3.12.5, Platform: Linux-6.10.14-linuxkit-aarch64-with-glibc2.36
[2025-11-21T02:25:33.021+0000] {logging_mixin.py:190} INFO - [2025-11-21T02:25:33.021+0000] {connection.py:1196} INFO - Connecting to GLOBAL Snowflake domain
[2025-11-21T02:25:33.021+0000] {logging_mixin.py:190} INFO - [2025-11-21T02:25:33.021+0000] {connection.py:1277} INFO - This connection is in OCSP Fail Open Mode. TLS Certificates would be checked for validity and revocation status. Any other Certificate Revocation related exceptions or OCSP Responder failures would be disregarded in favor of connectivity.
[2025-11-21T02:25:33.562+0000] {processor.py:925} INFO - DAG(s) 'TrainPredict' retrieved from /opt/airflow/dags/train_predit.py
[2025-11-21T02:25:33.617+0000] {logging_mixin.py:190} INFO - [2025-11-21T02:25:33.617+0000] {dag.py:3229} INFO - Sync 1 DAGs
[2025-11-21T02:25:33.625+0000] {logging_mixin.py:190} INFO - [2025-11-21T02:25:33.625+0000] {dag.py:4156} INFO - Setting next_dagrun for TrainPredict to 2025-11-20 02:45:00+00:00, run_after=2025-11-21 02:45:00+00:00
[2025-11-21T02:25:33.631+0000] {processor.py:208} INFO - Processing /opt/airflow/dags/train_predit.py took 0.626 seconds
[2025-11-21T02:26:04.354+0000] {processor.py:186} INFO - Started process (PID=1516) to work on /opt/airflow/dags/train_predit.py
[2025-11-21T02:26:04.355+0000] {processor.py:914} INFO - Processing file /opt/airflow/dags/train_predit.py for tasks to queue
[2025-11-21T02:26:04.358+0000] {logging_mixin.py:190} INFO - [2025-11-21T02:26:04.357+0000] {dagbag.py:587} INFO - Filling up the DagBag from /opt/airflow/dags/train_predit.py
[2025-11-21T02:26:04.421+0000] {logging_mixin.py:190} INFO - [2025-11-21T02:26:04.421+0000] {base.py:84} INFO - Retrieving connection 'snowflake_conn'
[2025-11-21T02:26:04.423+0000] {logging_mixin.py:190} INFO - [2025-11-21T02:26:04.423+0000] {connection.py:413} INFO - Snowflake Connector for Python Version: 3.12.1, Python Version: 3.12.5, Platform: Linux-6.10.14-linuxkit-aarch64-with-glibc2.36
[2025-11-21T02:26:04.426+0000] {logging_mixin.py:190} INFO - [2025-11-21T02:26:04.426+0000] {connection.py:1196} INFO - Connecting to GLOBAL Snowflake domain
[2025-11-21T02:26:04.426+0000] {logging_mixin.py:190} INFO - [2025-11-21T02:26:04.426+0000] {connection.py:1277} INFO - This connection is in OCSP Fail Open Mode. TLS Certificates would be checked for validity and revocation status. Any other Certificate Revocation related exceptions or OCSP Responder failures would be disregarded in favor of connectivity.
[2025-11-21T02:26:04.809+0000] {processor.py:925} INFO - DAG(s) 'TrainPredict' retrieved from /opt/airflow/dags/train_predit.py
[2025-11-21T02:26:04.859+0000] {logging_mixin.py:190} INFO - [2025-11-21T02:26:04.859+0000] {dag.py:3229} INFO - Sync 1 DAGs
[2025-11-21T02:26:04.868+0000] {logging_mixin.py:190} INFO - [2025-11-21T02:26:04.867+0000] {dag.py:4156} INFO - Setting next_dagrun for TrainPredict to 2025-11-20 02:45:00+00:00, run_after=2025-11-21 02:45:00+00:00
[2025-11-21T02:26:04.874+0000] {processor.py:208} INFO - Processing /opt/airflow/dags/train_predit.py took 0.527 seconds
[2025-11-21T02:26:35.177+0000] {processor.py:186} INFO - Started process (PID=1532) to work on /opt/airflow/dags/train_predit.py
[2025-11-21T02:26:35.178+0000] {processor.py:914} INFO - Processing file /opt/airflow/dags/train_predit.py for tasks to queue
[2025-11-21T02:26:35.179+0000] {logging_mixin.py:190} INFO - [2025-11-21T02:26:35.179+0000] {dagbag.py:587} INFO - Filling up the DagBag from /opt/airflow/dags/train_predit.py
[2025-11-21T02:26:35.193+0000] {logging_mixin.py:190} INFO - [2025-11-21T02:26:35.192+0000] {base.py:84} INFO - Retrieving connection 'snowflake_conn'
[2025-11-21T02:26:35.193+0000] {logging_mixin.py:190} INFO - [2025-11-21T02:26:35.193+0000] {connection.py:413} INFO - Snowflake Connector for Python Version: 3.12.1, Python Version: 3.12.5, Platform: Linux-6.10.14-linuxkit-aarch64-with-glibc2.36
[2025-11-21T02:26:35.194+0000] {logging_mixin.py:190} INFO - [2025-11-21T02:26:35.194+0000] {connection.py:1196} INFO - Connecting to GLOBAL Snowflake domain
[2025-11-21T02:26:35.194+0000] {logging_mixin.py:190} INFO - [2025-11-21T02:26:35.194+0000] {connection.py:1277} INFO - This connection is in OCSP Fail Open Mode. TLS Certificates would be checked for validity and revocation status. Any other Certificate Revocation related exceptions or OCSP Responder failures would be disregarded in favor of connectivity.
[2025-11-21T02:26:35.694+0000] {processor.py:925} INFO - DAG(s) 'TrainPredict' retrieved from /opt/airflow/dags/train_predit.py
[2025-11-21T02:26:35.754+0000] {logging_mixin.py:190} INFO - [2025-11-21T02:26:35.753+0000] {dag.py:3229} INFO - Sync 1 DAGs
[2025-11-21T02:26:35.762+0000] {logging_mixin.py:190} INFO - [2025-11-21T02:26:35.762+0000] {dag.py:4156} INFO - Setting next_dagrun for TrainPredict to 2025-11-20 02:45:00+00:00, run_after=2025-11-21 02:45:00+00:00
[2025-11-21T02:26:35.768+0000] {processor.py:208} INFO - Processing /opt/airflow/dags/train_predit.py took 0.596 seconds
[2025-11-21T02:27:06.592+0000] {processor.py:186} INFO - Started process (PID=1548) to work on /opt/airflow/dags/train_predit.py
[2025-11-21T02:27:06.593+0000] {processor.py:914} INFO - Processing file /opt/airflow/dags/train_predit.py for tasks to queue
[2025-11-21T02:27:06.594+0000] {logging_mixin.py:190} INFO - [2025-11-21T02:27:06.593+0000] {dagbag.py:587} INFO - Filling up the DagBag from /opt/airflow/dags/train_predit.py
[2025-11-21T02:27:06.608+0000] {logging_mixin.py:190} INFO - [2025-11-21T02:27:06.608+0000] {base.py:84} INFO - Retrieving connection 'snowflake_conn'
[2025-11-21T02:27:06.608+0000] {logging_mixin.py:190} INFO - [2025-11-21T02:27:06.608+0000] {connection.py:413} INFO - Snowflake Connector for Python Version: 3.12.1, Python Version: 3.12.5, Platform: Linux-6.10.14-linuxkit-aarch64-with-glibc2.36
[2025-11-21T02:27:06.609+0000] {logging_mixin.py:190} INFO - [2025-11-21T02:27:06.609+0000] {connection.py:1196} INFO - Connecting to GLOBAL Snowflake domain
[2025-11-21T02:27:06.609+0000] {logging_mixin.py:190} INFO - [2025-11-21T02:27:06.609+0000] {connection.py:1277} INFO - This connection is in OCSP Fail Open Mode. TLS Certificates would be checked for validity and revocation status. Any other Certificate Revocation related exceptions or OCSP Responder failures would be disregarded in favor of connectivity.
[2025-11-21T02:27:06.982+0000] {processor.py:925} INFO - DAG(s) 'TrainPredict' retrieved from /opt/airflow/dags/train_predit.py
[2025-11-21T02:27:07.034+0000] {logging_mixin.py:190} INFO - [2025-11-21T02:27:07.034+0000] {dag.py:3229} INFO - Sync 1 DAGs
[2025-11-21T02:27:07.043+0000] {logging_mixin.py:190} INFO - [2025-11-21T02:27:07.043+0000] {dag.py:4156} INFO - Setting next_dagrun for TrainPredict to 2025-11-20 02:45:00+00:00, run_after=2025-11-21 02:45:00+00:00
[2025-11-21T02:27:07.049+0000] {processor.py:208} INFO - Processing /opt/airflow/dags/train_predit.py took 0.462 seconds
[2025-11-21T02:27:37.377+0000] {processor.py:186} INFO - Started process (PID=1564) to work on /opt/airflow/dags/train_predit.py
[2025-11-21T02:27:37.378+0000] {processor.py:914} INFO - Processing file /opt/airflow/dags/train_predit.py for tasks to queue
[2025-11-21T02:27:37.379+0000] {logging_mixin.py:190} INFO - [2025-11-21T02:27:37.378+0000] {dagbag.py:587} INFO - Filling up the DagBag from /opt/airflow/dags/train_predit.py
[2025-11-21T02:27:37.394+0000] {logging_mixin.py:190} INFO - [2025-11-21T02:27:37.394+0000] {base.py:84} INFO - Retrieving connection 'snowflake_conn'
[2025-11-21T02:27:37.395+0000] {logging_mixin.py:190} INFO - [2025-11-21T02:27:37.395+0000] {connection.py:413} INFO - Snowflake Connector for Python Version: 3.12.1, Python Version: 3.12.5, Platform: Linux-6.10.14-linuxkit-aarch64-with-glibc2.36
[2025-11-21T02:27:37.395+0000] {logging_mixin.py:190} INFO - [2025-11-21T02:27:37.395+0000] {connection.py:1196} INFO - Connecting to GLOBAL Snowflake domain
[2025-11-21T02:27:37.395+0000] {logging_mixin.py:190} INFO - [2025-11-21T02:27:37.395+0000] {connection.py:1277} INFO - This connection is in OCSP Fail Open Mode. TLS Certificates would be checked for validity and revocation status. Any other Certificate Revocation related exceptions or OCSP Responder failures would be disregarded in favor of connectivity.
[2025-11-21T02:27:37.808+0000] {processor.py:925} INFO - DAG(s) 'TrainPredict' retrieved from /opt/airflow/dags/train_predit.py
[2025-11-21T02:27:37.863+0000] {logging_mixin.py:190} INFO - [2025-11-21T02:27:37.863+0000] {dag.py:3229} INFO - Sync 1 DAGs
[2025-11-21T02:27:37.871+0000] {logging_mixin.py:190} INFO - [2025-11-21T02:27:37.871+0000] {dag.py:4156} INFO - Setting next_dagrun for TrainPredict to 2025-11-20 02:45:00+00:00, run_after=2025-11-21 02:45:00+00:00
[2025-11-21T02:27:37.877+0000] {processor.py:208} INFO - Processing /opt/airflow/dags/train_predit.py took 0.505 seconds
[2025-11-21T02:28:07.945+0000] {processor.py:186} INFO - Started process (PID=1580) to work on /opt/airflow/dags/train_predit.py
[2025-11-21T02:28:07.946+0000] {processor.py:914} INFO - Processing file /opt/airflow/dags/train_predit.py for tasks to queue
[2025-11-21T02:28:07.947+0000] {logging_mixin.py:190} INFO - [2025-11-21T02:28:07.947+0000] {dagbag.py:587} INFO - Filling up the DagBag from /opt/airflow/dags/train_predit.py
[2025-11-21T02:28:07.962+0000] {logging_mixin.py:190} INFO - [2025-11-21T02:28:07.962+0000] {base.py:84} INFO - Retrieving connection 'snowflake_conn'
[2025-11-21T02:28:07.962+0000] {logging_mixin.py:190} INFO - [2025-11-21T02:28:07.962+0000] {connection.py:413} INFO - Snowflake Connector for Python Version: 3.12.1, Python Version: 3.12.5, Platform: Linux-6.10.14-linuxkit-aarch64-with-glibc2.36
[2025-11-21T02:28:07.963+0000] {logging_mixin.py:190} INFO - [2025-11-21T02:28:07.963+0000] {connection.py:1196} INFO - Connecting to GLOBAL Snowflake domain
[2025-11-21T02:28:07.963+0000] {logging_mixin.py:190} INFO - [2025-11-21T02:28:07.963+0000] {connection.py:1277} INFO - This connection is in OCSP Fail Open Mode. TLS Certificates would be checked for validity and revocation status. Any other Certificate Revocation related exceptions or OCSP Responder failures would be disregarded in favor of connectivity.
[2025-11-21T02:28:08.353+0000] {processor.py:925} INFO - DAG(s) 'TrainPredict' retrieved from /opt/airflow/dags/train_predit.py
[2025-11-21T02:28:08.405+0000] {logging_mixin.py:190} INFO - [2025-11-21T02:28:08.405+0000] {dag.py:3229} INFO - Sync 1 DAGs
[2025-11-21T02:28:08.413+0000] {logging_mixin.py:190} INFO - [2025-11-21T02:28:08.413+0000] {dag.py:4156} INFO - Setting next_dagrun for TrainPredict to 2025-11-20 02:45:00+00:00, run_after=2025-11-21 02:45:00+00:00
[2025-11-21T02:28:08.420+0000] {processor.py:208} INFO - Processing /opt/airflow/dags/train_predit.py took 0.479 seconds
[2025-11-21T02:28:38.535+0000] {processor.py:186} INFO - Started process (PID=1596) to work on /opt/airflow/dags/train_predit.py
[2025-11-21T02:28:38.536+0000] {processor.py:914} INFO - Processing file /opt/airflow/dags/train_predit.py for tasks to queue
[2025-11-21T02:28:38.537+0000] {logging_mixin.py:190} INFO - [2025-11-21T02:28:38.537+0000] {dagbag.py:587} INFO - Filling up the DagBag from /opt/airflow/dags/train_predit.py
[2025-11-21T02:28:38.556+0000] {logging_mixin.py:190} INFO - [2025-11-21T02:28:38.556+0000] {base.py:84} INFO - Retrieving connection 'snowflake_conn'
[2025-11-21T02:28:38.557+0000] {logging_mixin.py:190} INFO - [2025-11-21T02:28:38.557+0000] {connection.py:413} INFO - Snowflake Connector for Python Version: 3.12.1, Python Version: 3.12.5, Platform: Linux-6.10.14-linuxkit-aarch64-with-glibc2.36
[2025-11-21T02:28:38.557+0000] {logging_mixin.py:190} INFO - [2025-11-21T02:28:38.557+0000] {connection.py:1196} INFO - Connecting to GLOBAL Snowflake domain
[2025-11-21T02:28:38.558+0000] {logging_mixin.py:190} INFO - [2025-11-21T02:28:38.558+0000] {connection.py:1277} INFO - This connection is in OCSP Fail Open Mode. TLS Certificates would be checked for validity and revocation status. Any other Certificate Revocation related exceptions or OCSP Responder failures would be disregarded in favor of connectivity.
[2025-11-21T02:28:38.978+0000] {processor.py:925} INFO - DAG(s) 'TrainPredict' retrieved from /opt/airflow/dags/train_predit.py
[2025-11-21T02:28:39.035+0000] {logging_mixin.py:190} INFO - [2025-11-21T02:28:39.034+0000] {dag.py:3229} INFO - Sync 1 DAGs
[2025-11-21T02:28:39.044+0000] {logging_mixin.py:190} INFO - [2025-11-21T02:28:39.044+0000] {dag.py:4156} INFO - Setting next_dagrun for TrainPredict to 2025-11-20 02:45:00+00:00, run_after=2025-11-21 02:45:00+00:00
[2025-11-21T02:28:39.051+0000] {processor.py:208} INFO - Processing /opt/airflow/dags/train_predit.py took 0.521 seconds
[2025-11-21T02:29:09.193+0000] {processor.py:186} INFO - Started process (PID=1612) to work on /opt/airflow/dags/train_predit.py
[2025-11-21T02:29:09.193+0000] {processor.py:914} INFO - Processing file /opt/airflow/dags/train_predit.py for tasks to queue
[2025-11-21T02:29:09.194+0000] {logging_mixin.py:190} INFO - [2025-11-21T02:29:09.194+0000] {dagbag.py:587} INFO - Filling up the DagBag from /opt/airflow/dags/train_predit.py
[2025-11-21T02:29:09.210+0000] {logging_mixin.py:190} INFO - [2025-11-21T02:29:09.210+0000] {base.py:84} INFO - Retrieving connection 'snowflake_conn'
[2025-11-21T02:29:09.210+0000] {logging_mixin.py:190} INFO - [2025-11-21T02:29:09.210+0000] {connection.py:413} INFO - Snowflake Connector for Python Version: 3.12.1, Python Version: 3.12.5, Platform: Linux-6.10.14-linuxkit-aarch64-with-glibc2.36
[2025-11-21T02:29:09.211+0000] {logging_mixin.py:190} INFO - [2025-11-21T02:29:09.211+0000] {connection.py:1196} INFO - Connecting to GLOBAL Snowflake domain
[2025-11-21T02:29:09.211+0000] {logging_mixin.py:190} INFO - [2025-11-21T02:29:09.211+0000] {connection.py:1277} INFO - This connection is in OCSP Fail Open Mode. TLS Certificates would be checked for validity and revocation status. Any other Certificate Revocation related exceptions or OCSP Responder failures would be disregarded in favor of connectivity.
[2025-11-21T02:29:09.621+0000] {processor.py:925} INFO - DAG(s) 'TrainPredict' retrieved from /opt/airflow/dags/train_predit.py
[2025-11-21T02:29:09.670+0000] {logging_mixin.py:190} INFO - [2025-11-21T02:29:09.670+0000] {dag.py:3229} INFO - Sync 1 DAGs
[2025-11-21T02:29:09.678+0000] {logging_mixin.py:190} INFO - [2025-11-21T02:29:09.677+0000] {dag.py:4156} INFO - Setting next_dagrun for TrainPredict to 2025-11-20 02:45:00+00:00, run_after=2025-11-21 02:45:00+00:00
[2025-11-21T02:29:09.683+0000] {processor.py:208} INFO - Processing /opt/airflow/dags/train_predit.py took 0.497 seconds
[2025-11-21T02:29:39.719+0000] {processor.py:186} INFO - Started process (PID=1628) to work on /opt/airflow/dags/train_predit.py
[2025-11-21T02:29:39.720+0000] {processor.py:914} INFO - Processing file /opt/airflow/dags/train_predit.py for tasks to queue
[2025-11-21T02:29:39.721+0000] {logging_mixin.py:190} INFO - [2025-11-21T02:29:39.721+0000] {dagbag.py:587} INFO - Filling up the DagBag from /opt/airflow/dags/train_predit.py
[2025-11-21T02:29:39.737+0000] {logging_mixin.py:190} INFO - [2025-11-21T02:29:39.736+0000] {base.py:84} INFO - Retrieving connection 'snowflake_conn'
[2025-11-21T02:29:39.737+0000] {logging_mixin.py:190} INFO - [2025-11-21T02:29:39.737+0000] {connection.py:413} INFO - Snowflake Connector for Python Version: 3.12.1, Python Version: 3.12.5, Platform: Linux-6.10.14-linuxkit-aarch64-with-glibc2.36
[2025-11-21T02:29:39.738+0000] {logging_mixin.py:190} INFO - [2025-11-21T02:29:39.738+0000] {connection.py:1196} INFO - Connecting to GLOBAL Snowflake domain
[2025-11-21T02:29:39.738+0000] {logging_mixin.py:190} INFO - [2025-11-21T02:29:39.738+0000] {connection.py:1277} INFO - This connection is in OCSP Fail Open Mode. TLS Certificates would be checked for validity and revocation status. Any other Certificate Revocation related exceptions or OCSP Responder failures would be disregarded in favor of connectivity.
[2025-11-21T02:29:40.068+0000] {processor.py:925} INFO - DAG(s) 'TrainPredict' retrieved from /opt/airflow/dags/train_predit.py
[2025-11-21T02:29:40.087+0000] {logging_mixin.py:190} INFO - [2025-11-21T02:29:40.087+0000] {dag.py:3229} INFO - Sync 1 DAGs
[2025-11-21T02:29:40.104+0000] {logging_mixin.py:190} INFO - [2025-11-21T02:29:40.104+0000] {dag.py:4156} INFO - Setting next_dagrun for TrainPredict to 2025-11-20 02:45:00+00:00, run_after=2025-11-21 02:45:00+00:00
[2025-11-21T02:29:40.113+0000] {processor.py:208} INFO - Processing /opt/airflow/dags/train_predit.py took 0.401 seconds
[2025-11-21T02:30:10.295+0000] {processor.py:186} INFO - Started process (PID=1669) to work on /opt/airflow/dags/train_predit.py
[2025-11-21T02:30:10.296+0000] {processor.py:914} INFO - Processing file /opt/airflow/dags/train_predit.py for tasks to queue
[2025-11-21T02:30:10.296+0000] {logging_mixin.py:190} INFO - [2025-11-21T02:30:10.296+0000] {dagbag.py:587} INFO - Filling up the DagBag from /opt/airflow/dags/train_predit.py
[2025-11-21T02:30:10.309+0000] {logging_mixin.py:190} INFO - [2025-11-21T02:30:10.308+0000] {base.py:84} INFO - Retrieving connection 'snowflake_conn'
[2025-11-21T02:30:10.309+0000] {logging_mixin.py:190} INFO - [2025-11-21T02:30:10.309+0000] {connection.py:413} INFO - Snowflake Connector for Python Version: 3.12.1, Python Version: 3.12.5, Platform: Linux-6.10.14-linuxkit-aarch64-with-glibc2.36
[2025-11-21T02:30:10.310+0000] {logging_mixin.py:190} INFO - [2025-11-21T02:30:10.310+0000] {connection.py:1196} INFO - Connecting to GLOBAL Snowflake domain
[2025-11-21T02:30:10.310+0000] {logging_mixin.py:190} INFO - [2025-11-21T02:30:10.310+0000] {connection.py:1277} INFO - This connection is in OCSP Fail Open Mode. TLS Certificates would be checked for validity and revocation status. Any other Certificate Revocation related exceptions or OCSP Responder failures would be disregarded in favor of connectivity.
[2025-11-21T02:30:10.575+0000] {processor.py:925} INFO - DAG(s) 'TrainPredict' retrieved from /opt/airflow/dags/train_predit.py
[2025-11-21T02:30:10.624+0000] {logging_mixin.py:190} INFO - [2025-11-21T02:30:10.624+0000] {dag.py:3229} INFO - Sync 1 DAGs
[2025-11-21T02:30:10.632+0000] {logging_mixin.py:190} INFO - [2025-11-21T02:30:10.632+0000] {dag.py:4156} INFO - Setting next_dagrun for TrainPredict to 2025-11-20 02:45:00+00:00, run_after=2025-11-21 02:45:00+00:00
[2025-11-21T02:30:10.641+0000] {processor.py:208} INFO - Processing /opt/airflow/dags/train_predit.py took 0.349 seconds
