[2025-11-21T01:38:58.572+0000] {processor.py:186} INFO - Started process (PID=331) to work on /opt/airflow/dags/yahoo_finance_transactional.py
[2025-11-21T01:38:58.572+0000] {processor.py:914} INFO - Processing file /opt/airflow/dags/yahoo_finance_transactional.py for tasks to queue
[2025-11-21T01:38:58.573+0000] {logging_mixin.py:190} INFO - [2025-11-21T01:38:58.573+0000] {dagbag.py:587} INFO - Filling up the DagBag from /opt/airflow/dags/yahoo_finance_transactional.py
[2025-11-21T01:38:58.889+0000] {processor.py:925} INFO - DAG(s) 'yahoo_finance_transactional' retrieved from /opt/airflow/dags/yahoo_finance_transactional.py
[2025-11-21T01:38:59.017+0000] {logging_mixin.py:190} INFO - [2025-11-21T01:38:59.017+0000] {override.py:1900} INFO - Created Permission View: can delete on DAG:yahoo_finance_transactional
[2025-11-21T01:38:59.020+0000] {logging_mixin.py:190} INFO - [2025-11-21T01:38:59.020+0000] {override.py:1900} INFO - Created Permission View: can edit on DAG:yahoo_finance_transactional
[2025-11-21T01:38:59.022+0000] {logging_mixin.py:190} INFO - [2025-11-21T01:38:59.022+0000] {override.py:1900} INFO - Created Permission View: can read on DAG:yahoo_finance_transactional
[2025-11-21T01:38:59.023+0000] {logging_mixin.py:190} INFO - [2025-11-21T01:38:59.023+0000] {override.py:1900} INFO - Created Permission View: menu access on DAG Run:yahoo_finance_transactional
[2025-11-21T01:38:59.024+0000] {logging_mixin.py:190} INFO - [2025-11-21T01:38:59.024+0000] {override.py:1900} INFO - Created Permission View: can delete on DAG Run:yahoo_finance_transactional
[2025-11-21T01:38:59.025+0000] {logging_mixin.py:190} INFO - [2025-11-21T01:38:59.025+0000] {override.py:1900} INFO - Created Permission View: can create on DAG Run:yahoo_finance_transactional
[2025-11-21T01:38:59.026+0000] {logging_mixin.py:190} INFO - [2025-11-21T01:38:59.026+0000] {override.py:1900} INFO - Created Permission View: can read on DAG Run:yahoo_finance_transactional
[2025-11-21T01:38:59.027+0000] {logging_mixin.py:190} INFO - [2025-11-21T01:38:59.026+0000] {dag.py:3229} INFO - Sync 1 DAGs
[2025-11-21T01:38:59.031+0000] {logging_mixin.py:190} INFO - [2025-11-21T01:38:59.031+0000] {dag.py:3252} INFO - Creating ORM DAG for yahoo_finance_transactional
[2025-11-21T01:38:59.034+0000] {logging_mixin.py:190} INFO - [2025-11-21T01:38:59.034+0000] {dag.py:4156} INFO - Setting next_dagrun for yahoo_finance_transactional to 2025-11-19 02:00:00+00:00, run_after=2025-11-20 02:00:00+00:00
[2025-11-21T01:38:59.040+0000] {processor.py:208} INFO - Processing /opt/airflow/dags/yahoo_finance_transactional.py took 0.470 seconds
[2025-11-21T01:39:29.371+0000] {processor.py:186} INFO - Started process (PID=347) to work on /opt/airflow/dags/yahoo_finance_transactional.py
[2025-11-21T01:39:29.372+0000] {processor.py:914} INFO - Processing file /opt/airflow/dags/yahoo_finance_transactional.py for tasks to queue
[2025-11-21T01:39:29.374+0000] {logging_mixin.py:190} INFO - [2025-11-21T01:39:29.373+0000] {dagbag.py:587} INFO - Filling up the DagBag from /opt/airflow/dags/yahoo_finance_transactional.py
[2025-11-21T01:39:29.604+0000] {processor.py:925} INFO - DAG(s) 'yahoo_finance_transactional' retrieved from /opt/airflow/dags/yahoo_finance_transactional.py
[2025-11-21T01:39:29.609+0000] {logging_mixin.py:190} INFO - [2025-11-21T01:39:29.609+0000] {dag.py:3229} INFO - Sync 1 DAGs
[2025-11-21T01:39:29.615+0000] {logging_mixin.py:190} INFO - [2025-11-21T01:39:29.615+0000] {dag.py:4156} INFO - Setting next_dagrun for yahoo_finance_transactional to 2025-11-20 02:00:00+00:00, run_after=2025-11-21 02:00:00+00:00
[2025-11-21T01:39:29.621+0000] {processor.py:208} INFO - Processing /opt/airflow/dags/yahoo_finance_transactional.py took 0.255 seconds
[2025-11-21T01:39:59.713+0000] {processor.py:186} INFO - Started process (PID=358) to work on /opt/airflow/dags/yahoo_finance_transactional.py
[2025-11-21T01:39:59.714+0000] {processor.py:914} INFO - Processing file /opt/airflow/dags/yahoo_finance_transactional.py for tasks to queue
[2025-11-21T01:39:59.716+0000] {logging_mixin.py:190} INFO - [2025-11-21T01:39:59.716+0000] {dagbag.py:587} INFO - Filling up the DagBag from /opt/airflow/dags/yahoo_finance_transactional.py
[2025-11-21T01:39:59.947+0000] {processor.py:925} INFO - DAG(s) 'yahoo_finance_transactional' retrieved from /opt/airflow/dags/yahoo_finance_transactional.py
[2025-11-21T01:39:59.952+0000] {logging_mixin.py:190} INFO - [2025-11-21T01:39:59.952+0000] {dag.py:3229} INFO - Sync 1 DAGs
[2025-11-21T01:39:59.959+0000] {logging_mixin.py:190} INFO - [2025-11-21T01:39:59.959+0000] {dag.py:4156} INFO - Setting next_dagrun for yahoo_finance_transactional to 2025-11-20 02:00:00+00:00, run_after=2025-11-21 02:00:00+00:00
[2025-11-21T01:39:59.964+0000] {processor.py:208} INFO - Processing /opt/airflow/dags/yahoo_finance_transactional.py took 0.258 seconds
[2025-11-21T01:40:30.300+0000] {processor.py:186} INFO - Started process (PID=374) to work on /opt/airflow/dags/yahoo_finance_transactional.py
[2025-11-21T01:40:30.301+0000] {processor.py:914} INFO - Processing file /opt/airflow/dags/yahoo_finance_transactional.py for tasks to queue
[2025-11-21T01:40:30.304+0000] {logging_mixin.py:190} INFO - [2025-11-21T01:40:30.303+0000] {dagbag.py:587} INFO - Filling up the DagBag from /opt/airflow/dags/yahoo_finance_transactional.py
[2025-11-21T01:40:30.575+0000] {processor.py:925} INFO - DAG(s) 'yahoo_finance_transactional' retrieved from /opt/airflow/dags/yahoo_finance_transactional.py
[2025-11-21T01:40:30.580+0000] {logging_mixin.py:190} INFO - [2025-11-21T01:40:30.580+0000] {dag.py:3229} INFO - Sync 1 DAGs
[2025-11-21T01:40:30.588+0000] {logging_mixin.py:190} INFO - [2025-11-21T01:40:30.588+0000] {dag.py:4156} INFO - Setting next_dagrun for yahoo_finance_transactional to 2025-11-20 02:00:00+00:00, run_after=2025-11-21 02:00:00+00:00
[2025-11-21T01:40:30.593+0000] {processor.py:208} INFO - Processing /opt/airflow/dags/yahoo_finance_transactional.py took 0.300 seconds
[2025-11-21T01:41:00.641+0000] {processor.py:186} INFO - Started process (PID=385) to work on /opt/airflow/dags/yahoo_finance_transactional.py
[2025-11-21T01:41:00.642+0000] {processor.py:914} INFO - Processing file /opt/airflow/dags/yahoo_finance_transactional.py for tasks to queue
[2025-11-21T01:41:00.644+0000] {logging_mixin.py:190} INFO - [2025-11-21T01:41:00.644+0000] {dagbag.py:587} INFO - Filling up the DagBag from /opt/airflow/dags/yahoo_finance_transactional.py
[2025-11-21T01:41:00.802+0000] {processor.py:925} INFO - DAG(s) 'yahoo_finance_transactional' retrieved from /opt/airflow/dags/yahoo_finance_transactional.py
[2025-11-21T01:41:00.808+0000] {logging_mixin.py:190} INFO - [2025-11-21T01:41:00.808+0000] {dag.py:3229} INFO - Sync 1 DAGs
[2025-11-21T01:41:00.894+0000] {logging_mixin.py:190} INFO - [2025-11-21T01:41:00.894+0000] {dag.py:4156} INFO - Setting next_dagrun for yahoo_finance_transactional to 2025-11-20 02:00:00+00:00, run_after=2025-11-21 02:00:00+00:00
[2025-11-21T01:41:00.899+0000] {processor.py:208} INFO - Processing /opt/airflow/dags/yahoo_finance_transactional.py took 0.264 seconds
[2025-11-21T01:41:31.201+0000] {processor.py:186} INFO - Started process (PID=396) to work on /opt/airflow/dags/yahoo_finance_transactional.py
[2025-11-21T01:41:31.202+0000] {processor.py:914} INFO - Processing file /opt/airflow/dags/yahoo_finance_transactional.py for tasks to queue
[2025-11-21T01:41:31.205+0000] {logging_mixin.py:190} INFO - [2025-11-21T01:41:31.205+0000] {dagbag.py:587} INFO - Filling up the DagBag from /opt/airflow/dags/yahoo_finance_transactional.py
[2025-11-21T01:41:31.542+0000] {processor.py:925} INFO - DAG(s) 'yahoo_finance_transactional' retrieved from /opt/airflow/dags/yahoo_finance_transactional.py
[2025-11-21T01:41:31.551+0000] {logging_mixin.py:190} INFO - [2025-11-21T01:41:31.551+0000] {dag.py:3229} INFO - Sync 1 DAGs
[2025-11-21T01:41:31.559+0000] {logging_mixin.py:190} INFO - [2025-11-21T01:41:31.558+0000] {dag.py:4156} INFO - Setting next_dagrun for yahoo_finance_transactional to 2025-11-20 02:00:00+00:00, run_after=2025-11-21 02:00:00+00:00
[2025-11-21T01:41:31.564+0000] {processor.py:208} INFO - Processing /opt/airflow/dags/yahoo_finance_transactional.py took 0.369 seconds
[2025-11-21T01:42:01.888+0000] {processor.py:186} INFO - Started process (PID=407) to work on /opt/airflow/dags/yahoo_finance_transactional.py
[2025-11-21T01:42:01.889+0000] {processor.py:914} INFO - Processing file /opt/airflow/dags/yahoo_finance_transactional.py for tasks to queue
[2025-11-21T01:42:01.892+0000] {logging_mixin.py:190} INFO - [2025-11-21T01:42:01.892+0000] {dagbag.py:587} INFO - Filling up the DagBag from /opt/airflow/dags/yahoo_finance_transactional.py
[2025-11-21T01:42:02.127+0000] {processor.py:925} INFO - DAG(s) 'yahoo_finance_transactional' retrieved from /opt/airflow/dags/yahoo_finance_transactional.py
[2025-11-21T01:42:02.132+0000] {logging_mixin.py:190} INFO - [2025-11-21T01:42:02.132+0000] {dag.py:3229} INFO - Sync 1 DAGs
[2025-11-21T01:42:02.139+0000] {logging_mixin.py:190} INFO - [2025-11-21T01:42:02.139+0000] {dag.py:4156} INFO - Setting next_dagrun for yahoo_finance_transactional to 2025-11-20 02:00:00+00:00, run_after=2025-11-21 02:00:00+00:00
[2025-11-21T01:42:02.145+0000] {processor.py:208} INFO - Processing /opt/airflow/dags/yahoo_finance_transactional.py took 0.262 seconds
[2025-11-21T01:42:32.253+0000] {processor.py:186} INFO - Started process (PID=418) to work on /opt/airflow/dags/yahoo_finance_transactional.py
[2025-11-21T01:42:32.254+0000] {processor.py:914} INFO - Processing file /opt/airflow/dags/yahoo_finance_transactional.py for tasks to queue
[2025-11-21T01:42:32.257+0000] {logging_mixin.py:190} INFO - [2025-11-21T01:42:32.256+0000] {dagbag.py:587} INFO - Filling up the DagBag from /opt/airflow/dags/yahoo_finance_transactional.py
[2025-11-21T01:42:32.563+0000] {processor.py:925} INFO - DAG(s) 'yahoo_finance_transactional' retrieved from /opt/airflow/dags/yahoo_finance_transactional.py
[2025-11-21T01:42:32.568+0000] {logging_mixin.py:190} INFO - [2025-11-21T01:42:32.568+0000] {dag.py:3229} INFO - Sync 1 DAGs
[2025-11-21T01:42:32.576+0000] {logging_mixin.py:190} INFO - [2025-11-21T01:42:32.576+0000] {dag.py:4156} INFO - Setting next_dagrun for yahoo_finance_transactional to 2025-11-20 02:00:00+00:00, run_after=2025-11-21 02:00:00+00:00
[2025-11-21T01:42:32.581+0000] {processor.py:208} INFO - Processing /opt/airflow/dags/yahoo_finance_transactional.py took 0.339 seconds
[2025-11-21T01:43:02.816+0000] {processor.py:186} INFO - Started process (PID=429) to work on /opt/airflow/dags/yahoo_finance_transactional.py
[2025-11-21T01:43:02.817+0000] {processor.py:914} INFO - Processing file /opt/airflow/dags/yahoo_finance_transactional.py for tasks to queue
[2025-11-21T01:43:02.820+0000] {logging_mixin.py:190} INFO - [2025-11-21T01:43:02.819+0000] {dagbag.py:587} INFO - Filling up the DagBag from /opt/airflow/dags/yahoo_finance_transactional.py
[2025-11-21T01:43:02.974+0000] {processor.py:925} INFO - DAG(s) 'yahoo_finance_transactional' retrieved from /opt/airflow/dags/yahoo_finance_transactional.py
[2025-11-21T01:43:02.980+0000] {logging_mixin.py:190} INFO - [2025-11-21T01:43:02.979+0000] {dag.py:3229} INFO - Sync 1 DAGs
[2025-11-21T01:43:03.061+0000] {logging_mixin.py:190} INFO - [2025-11-21T01:43:03.061+0000] {dag.py:4156} INFO - Setting next_dagrun for yahoo_finance_transactional to 2025-11-20 02:00:00+00:00, run_after=2025-11-21 02:00:00+00:00
[2025-11-21T01:43:03.066+0000] {processor.py:208} INFO - Processing /opt/airflow/dags/yahoo_finance_transactional.py took 0.257 seconds
[2025-11-21T01:43:33.160+0000] {processor.py:186} INFO - Started process (PID=440) to work on /opt/airflow/dags/yahoo_finance_transactional.py
[2025-11-21T01:43:33.161+0000] {processor.py:914} INFO - Processing file /opt/airflow/dags/yahoo_finance_transactional.py for tasks to queue
[2025-11-21T01:43:33.163+0000] {logging_mixin.py:190} INFO - [2025-11-21T01:43:33.163+0000] {dagbag.py:587} INFO - Filling up the DagBag from /opt/airflow/dags/yahoo_finance_transactional.py
[2025-11-21T01:43:33.535+0000] {processor.py:925} INFO - DAG(s) 'yahoo_finance_transactional' retrieved from /opt/airflow/dags/yahoo_finance_transactional.py
[2025-11-21T01:43:33.542+0000] {logging_mixin.py:190} INFO - [2025-11-21T01:43:33.542+0000] {dag.py:3229} INFO - Sync 1 DAGs
[2025-11-21T01:43:33.551+0000] {logging_mixin.py:190} INFO - [2025-11-21T01:43:33.551+0000] {dag.py:4156} INFO - Setting next_dagrun for yahoo_finance_transactional to 2025-11-20 02:00:00+00:00, run_after=2025-11-21 02:00:00+00:00
[2025-11-21T01:43:33.557+0000] {processor.py:208} INFO - Processing /opt/airflow/dags/yahoo_finance_transactional.py took 0.404 seconds
[2025-11-21T01:44:03.665+0000] {processor.py:186} INFO - Started process (PID=451) to work on /opt/airflow/dags/yahoo_finance_transactional.py
[2025-11-21T01:44:03.665+0000] {processor.py:914} INFO - Processing file /opt/airflow/dags/yahoo_finance_transactional.py for tasks to queue
[2025-11-21T01:44:03.667+0000] {logging_mixin.py:190} INFO - [2025-11-21T01:44:03.667+0000] {dagbag.py:587} INFO - Filling up the DagBag from /opt/airflow/dags/yahoo_finance_transactional.py
[2025-11-21T01:44:03.907+0000] {processor.py:925} INFO - DAG(s) 'yahoo_finance_transactional' retrieved from /opt/airflow/dags/yahoo_finance_transactional.py
[2025-11-21T01:44:03.912+0000] {logging_mixin.py:190} INFO - [2025-11-21T01:44:03.912+0000] {dag.py:3229} INFO - Sync 1 DAGs
[2025-11-21T01:44:03.919+0000] {logging_mixin.py:190} INFO - [2025-11-21T01:44:03.919+0000] {dag.py:4156} INFO - Setting next_dagrun for yahoo_finance_transactional to 2025-11-20 02:00:00+00:00, run_after=2025-11-21 02:00:00+00:00
[2025-11-21T01:44:03.924+0000] {processor.py:208} INFO - Processing /opt/airflow/dags/yahoo_finance_transactional.py took 0.262 seconds
[2025-11-21T01:44:34.142+0000] {processor.py:186} INFO - Started process (PID=462) to work on /opt/airflow/dags/yahoo_finance_transactional.py
[2025-11-21T01:44:34.144+0000] {processor.py:914} INFO - Processing file /opt/airflow/dags/yahoo_finance_transactional.py for tasks to queue
[2025-11-21T01:44:34.147+0000] {logging_mixin.py:190} INFO - [2025-11-21T01:44:34.146+0000] {dagbag.py:587} INFO - Filling up the DagBag from /opt/airflow/dags/yahoo_finance_transactional.py
[2025-11-21T01:44:34.403+0000] {processor.py:925} INFO - DAG(s) 'yahoo_finance_transactional' retrieved from /opt/airflow/dags/yahoo_finance_transactional.py
[2025-11-21T01:44:34.408+0000] {logging_mixin.py:190} INFO - [2025-11-21T01:44:34.408+0000] {dag.py:3229} INFO - Sync 1 DAGs
[2025-11-21T01:44:34.415+0000] {logging_mixin.py:190} INFO - [2025-11-21T01:44:34.415+0000] {dag.py:4156} INFO - Setting next_dagrun for yahoo_finance_transactional to 2025-11-20 02:00:00+00:00, run_after=2025-11-21 02:00:00+00:00
[2025-11-21T01:44:34.420+0000] {processor.py:208} INFO - Processing /opt/airflow/dags/yahoo_finance_transactional.py took 0.284 seconds
[2025-11-21T01:45:04.574+0000] {processor.py:186} INFO - Started process (PID=473) to work on /opt/airflow/dags/yahoo_finance_transactional.py
[2025-11-21T01:45:04.576+0000] {processor.py:914} INFO - Processing file /opt/airflow/dags/yahoo_finance_transactional.py for tasks to queue
[2025-11-21T01:45:04.579+0000] {logging_mixin.py:190} INFO - [2025-11-21T01:45:04.579+0000] {dagbag.py:587} INFO - Filling up the DagBag from /opt/airflow/dags/yahoo_finance_transactional.py
[2025-11-21T01:45:04.764+0000] {processor.py:925} INFO - DAG(s) 'yahoo_finance_transactional' retrieved from /opt/airflow/dags/yahoo_finance_transactional.py
[2025-11-21T01:45:04.772+0000] {logging_mixin.py:190} INFO - [2025-11-21T01:45:04.772+0000] {dag.py:3229} INFO - Sync 1 DAGs
[2025-11-21T01:45:04.882+0000] {logging_mixin.py:190} INFO - [2025-11-21T01:45:04.882+0000] {dag.py:4156} INFO - Setting next_dagrun for yahoo_finance_transactional to 2025-11-20 02:00:00+00:00, run_after=2025-11-21 02:00:00+00:00
[2025-11-21T01:45:04.888+0000] {processor.py:208} INFO - Processing /opt/airflow/dags/yahoo_finance_transactional.py took 0.324 seconds
[2025-11-21T01:45:35.051+0000] {processor.py:186} INFO - Started process (PID=484) to work on /opt/airflow/dags/yahoo_finance_transactional.py
[2025-11-21T01:45:35.052+0000] {processor.py:914} INFO - Processing file /opt/airflow/dags/yahoo_finance_transactional.py for tasks to queue
[2025-11-21T01:45:35.054+0000] {logging_mixin.py:190} INFO - [2025-11-21T01:45:35.054+0000] {dagbag.py:587} INFO - Filling up the DagBag from /opt/airflow/dags/yahoo_finance_transactional.py
[2025-11-21T01:45:35.324+0000] {processor.py:925} INFO - DAG(s) 'yahoo_finance_transactional' retrieved from /opt/airflow/dags/yahoo_finance_transactional.py
[2025-11-21T01:45:35.329+0000] {logging_mixin.py:190} INFO - [2025-11-21T01:45:35.329+0000] {dag.py:3229} INFO - Sync 1 DAGs
[2025-11-21T01:45:35.336+0000] {logging_mixin.py:190} INFO - [2025-11-21T01:45:35.335+0000] {dag.py:4156} INFO - Setting next_dagrun for yahoo_finance_transactional to 2025-11-20 02:00:00+00:00, run_after=2025-11-21 02:00:00+00:00
[2025-11-21T01:45:35.340+0000] {processor.py:208} INFO - Processing /opt/airflow/dags/yahoo_finance_transactional.py took 0.295 seconds
[2025-11-21T01:46:05.606+0000] {processor.py:186} INFO - Started process (PID=495) to work on /opt/airflow/dags/yahoo_finance_transactional.py
[2025-11-21T01:46:05.607+0000] {processor.py:914} INFO - Processing file /opt/airflow/dags/yahoo_finance_transactional.py for tasks to queue
[2025-11-21T01:46:05.610+0000] {logging_mixin.py:190} INFO - [2025-11-21T01:46:05.610+0000] {dagbag.py:587} INFO - Filling up the DagBag from /opt/airflow/dags/yahoo_finance_transactional.py
[2025-11-21T01:46:05.886+0000] {processor.py:925} INFO - DAG(s) 'yahoo_finance_transactional' retrieved from /opt/airflow/dags/yahoo_finance_transactional.py
[2025-11-21T01:46:05.891+0000] {logging_mixin.py:190} INFO - [2025-11-21T01:46:05.891+0000] {dag.py:3229} INFO - Sync 1 DAGs
[2025-11-21T01:46:05.898+0000] {logging_mixin.py:190} INFO - [2025-11-21T01:46:05.898+0000] {dag.py:4156} INFO - Setting next_dagrun for yahoo_finance_transactional to 2025-11-20 02:00:00+00:00, run_after=2025-11-21 02:00:00+00:00
[2025-11-21T01:46:05.903+0000] {processor.py:208} INFO - Processing /opt/airflow/dags/yahoo_finance_transactional.py took 0.305 seconds
[2025-11-21T01:46:35.943+0000] {processor.py:186} INFO - Started process (PID=506) to work on /opt/airflow/dags/yahoo_finance_transactional.py
[2025-11-21T01:46:35.944+0000] {processor.py:914} INFO - Processing file /opt/airflow/dags/yahoo_finance_transactional.py for tasks to queue
[2025-11-21T01:46:35.946+0000] {logging_mixin.py:190} INFO - [2025-11-21T01:46:35.945+0000] {dagbag.py:587} INFO - Filling up the DagBag from /opt/airflow/dags/yahoo_finance_transactional.py
[2025-11-21T01:46:36.193+0000] {processor.py:925} INFO - DAG(s) 'yahoo_finance_transactional' retrieved from /opt/airflow/dags/yahoo_finance_transactional.py
[2025-11-21T01:46:36.198+0000] {logging_mixin.py:190} INFO - [2025-11-21T01:46:36.198+0000] {dag.py:3229} INFO - Sync 1 DAGs
[2025-11-21T01:46:36.206+0000] {logging_mixin.py:190} INFO - [2025-11-21T01:46:36.206+0000] {dag.py:4156} INFO - Setting next_dagrun for yahoo_finance_transactional to 2025-11-20 02:00:00+00:00, run_after=2025-11-21 02:00:00+00:00
[2025-11-21T01:46:36.211+0000] {processor.py:208} INFO - Processing /opt/airflow/dags/yahoo_finance_transactional.py took 0.274 seconds
[2025-11-21T01:47:06.267+0000] {processor.py:186} INFO - Started process (PID=531) to work on /opt/airflow/dags/yahoo_finance_transactional.py
[2025-11-21T01:47:06.268+0000] {processor.py:914} INFO - Processing file /opt/airflow/dags/yahoo_finance_transactional.py for tasks to queue
[2025-11-21T01:47:06.271+0000] {logging_mixin.py:190} INFO - [2025-11-21T01:47:06.270+0000] {dagbag.py:587} INFO - Filling up the DagBag from /opt/airflow/dags/yahoo_finance_transactional.py
[2025-11-21T01:47:06.505+0000] {processor.py:925} INFO - DAG(s) 'yahoo_finance_transactional' retrieved from /opt/airflow/dags/yahoo_finance_transactional.py
[2025-11-21T01:47:06.510+0000] {logging_mixin.py:190} INFO - [2025-11-21T01:47:06.510+0000] {dag.py:3229} INFO - Sync 1 DAGs
[2025-11-21T01:47:06.517+0000] {logging_mixin.py:190} INFO - [2025-11-21T01:47:06.517+0000] {dag.py:4156} INFO - Setting next_dagrun for yahoo_finance_transactional to 2025-11-20 02:00:00+00:00, run_after=2025-11-21 02:00:00+00:00
[2025-11-21T01:47:06.522+0000] {processor.py:208} INFO - Processing /opt/airflow/dags/yahoo_finance_transactional.py took 0.259 seconds
[2025-11-21T01:47:36.607+0000] {processor.py:186} INFO - Started process (PID=542) to work on /opt/airflow/dags/yahoo_finance_transactional.py
[2025-11-21T01:47:36.607+0000] {processor.py:914} INFO - Processing file /opt/airflow/dags/yahoo_finance_transactional.py for tasks to queue
[2025-11-21T01:47:36.609+0000] {logging_mixin.py:190} INFO - [2025-11-21T01:47:36.609+0000] {dagbag.py:587} INFO - Filling up the DagBag from /opt/airflow/dags/yahoo_finance_transactional.py
[2025-11-21T01:47:36.844+0000] {processor.py:925} INFO - DAG(s) 'yahoo_finance_transactional' retrieved from /opt/airflow/dags/yahoo_finance_transactional.py
[2025-11-21T01:47:36.850+0000] {logging_mixin.py:190} INFO - [2025-11-21T01:47:36.849+0000] {dag.py:3229} INFO - Sync 1 DAGs
[2025-11-21T01:47:36.858+0000] {logging_mixin.py:190} INFO - [2025-11-21T01:47:36.857+0000] {dag.py:4156} INFO - Setting next_dagrun for yahoo_finance_transactional to 2025-11-20 02:00:00+00:00, run_after=2025-11-21 02:00:00+00:00
[2025-11-21T01:47:36.863+0000] {processor.py:208} INFO - Processing /opt/airflow/dags/yahoo_finance_transactional.py took 0.261 seconds
[2025-11-21T01:48:07.254+0000] {processor.py:186} INFO - Started process (PID=561) to work on /opt/airflow/dags/yahoo_finance_transactional.py
[2025-11-21T01:48:07.255+0000] {processor.py:914} INFO - Processing file /opt/airflow/dags/yahoo_finance_transactional.py for tasks to queue
[2025-11-21T01:48:07.257+0000] {logging_mixin.py:190} INFO - [2025-11-21T01:48:07.257+0000] {dagbag.py:587} INFO - Filling up the DagBag from /opt/airflow/dags/yahoo_finance_transactional.py
[2025-11-21T01:48:07.493+0000] {processor.py:925} INFO - DAG(s) 'yahoo_finance_transactional' retrieved from /opt/airflow/dags/yahoo_finance_transactional.py
[2025-11-21T01:48:07.498+0000] {logging_mixin.py:190} INFO - [2025-11-21T01:48:07.498+0000] {dag.py:3229} INFO - Sync 1 DAGs
[2025-11-21T01:48:07.504+0000] {logging_mixin.py:190} INFO - [2025-11-21T01:48:07.504+0000] {dag.py:4156} INFO - Setting next_dagrun for yahoo_finance_transactional to 2025-11-20 02:00:00+00:00, run_after=2025-11-21 02:00:00+00:00
[2025-11-21T01:48:07.522+0000] {processor.py:208} INFO - Processing /opt/airflow/dags/yahoo_finance_transactional.py took 0.275 seconds
[2025-11-21T01:48:37.623+0000] {processor.py:186} INFO - Started process (PID=572) to work on /opt/airflow/dags/yahoo_finance_transactional.py
[2025-11-21T01:48:37.624+0000] {processor.py:914} INFO - Processing file /opt/airflow/dags/yahoo_finance_transactional.py for tasks to queue
[2025-11-21T01:48:37.627+0000] {logging_mixin.py:190} INFO - [2025-11-21T01:48:37.626+0000] {dagbag.py:587} INFO - Filling up the DagBag from /opt/airflow/dags/yahoo_finance_transactional.py
[2025-11-21T01:48:37.919+0000] {processor.py:925} INFO - DAG(s) 'yahoo_finance_transactional' retrieved from /opt/airflow/dags/yahoo_finance_transactional.py
[2025-11-21T01:48:37.925+0000] {logging_mixin.py:190} INFO - [2025-11-21T01:48:37.925+0000] {dag.py:3229} INFO - Sync 1 DAGs
[2025-11-21T01:48:37.932+0000] {logging_mixin.py:190} INFO - [2025-11-21T01:48:37.932+0000] {dag.py:4156} INFO - Setting next_dagrun for yahoo_finance_transactional to 2025-11-20 02:00:00+00:00, run_after=2025-11-21 02:00:00+00:00
[2025-11-21T01:48:37.938+0000] {processor.py:208} INFO - Processing /opt/airflow/dags/yahoo_finance_transactional.py took 0.322 seconds
[2025-11-21T01:49:08.069+0000] {processor.py:186} INFO - Started process (PID=589) to work on /opt/airflow/dags/yahoo_finance_transactional.py
[2025-11-21T01:49:08.069+0000] {processor.py:914} INFO - Processing file /opt/airflow/dags/yahoo_finance_transactional.py for tasks to queue
[2025-11-21T01:49:08.071+0000] {logging_mixin.py:190} INFO - [2025-11-21T01:49:08.070+0000] {dagbag.py:587} INFO - Filling up the DagBag from /opt/airflow/dags/yahoo_finance_transactional.py
[2025-11-21T01:49:08.282+0000] {processor.py:925} INFO - DAG(s) 'yahoo_finance_transactional' retrieved from /opt/airflow/dags/yahoo_finance_transactional.py
[2025-11-21T01:49:08.286+0000] {logging_mixin.py:190} INFO - [2025-11-21T01:49:08.286+0000] {dag.py:3229} INFO - Sync 1 DAGs
[2025-11-21T01:49:08.294+0000] {logging_mixin.py:190} INFO - [2025-11-21T01:49:08.293+0000] {dag.py:4156} INFO - Setting next_dagrun for yahoo_finance_transactional to 2025-11-20 02:00:00+00:00, run_after=2025-11-21 02:00:00+00:00
[2025-11-21T01:49:08.298+0000] {processor.py:208} INFO - Processing /opt/airflow/dags/yahoo_finance_transactional.py took 0.233 seconds
[2025-11-21T01:49:38.598+0000] {processor.py:186} INFO - Started process (PID=600) to work on /opt/airflow/dags/yahoo_finance_transactional.py
[2025-11-21T01:49:38.599+0000] {processor.py:914} INFO - Processing file /opt/airflow/dags/yahoo_finance_transactional.py for tasks to queue
[2025-11-21T01:49:38.601+0000] {logging_mixin.py:190} INFO - [2025-11-21T01:49:38.600+0000] {dagbag.py:587} INFO - Filling up the DagBag from /opt/airflow/dags/yahoo_finance_transactional.py
[2025-11-21T01:49:38.816+0000] {processor.py:925} INFO - DAG(s) 'yahoo_finance_transactional' retrieved from /opt/airflow/dags/yahoo_finance_transactional.py
[2025-11-21T01:49:38.821+0000] {logging_mixin.py:190} INFO - [2025-11-21T01:49:38.821+0000] {dag.py:3229} INFO - Sync 1 DAGs
[2025-11-21T01:49:38.828+0000] {logging_mixin.py:190} INFO - [2025-11-21T01:49:38.828+0000] {dag.py:4156} INFO - Setting next_dagrun for yahoo_finance_transactional to 2025-11-20 02:00:00+00:00, run_after=2025-11-21 02:00:00+00:00
[2025-11-21T01:49:38.833+0000] {processor.py:208} INFO - Processing /opt/airflow/dags/yahoo_finance_transactional.py took 0.239 seconds
[2025-11-21T01:50:08.942+0000] {processor.py:186} INFO - Started process (PID=611) to work on /opt/airflow/dags/yahoo_finance_transactional.py
[2025-11-21T01:50:08.943+0000] {processor.py:914} INFO - Processing file /opt/airflow/dags/yahoo_finance_transactional.py for tasks to queue
[2025-11-21T01:50:08.945+0000] {logging_mixin.py:190} INFO - [2025-11-21T01:50:08.945+0000] {dagbag.py:587} INFO - Filling up the DagBag from /opt/airflow/dags/yahoo_finance_transactional.py
[2025-11-21T01:50:09.161+0000] {processor.py:925} INFO - DAG(s) 'yahoo_finance_transactional' retrieved from /opt/airflow/dags/yahoo_finance_transactional.py
[2025-11-21T01:50:09.166+0000] {logging_mixin.py:190} INFO - [2025-11-21T01:50:09.165+0000] {dag.py:3229} INFO - Sync 1 DAGs
[2025-11-21T01:50:09.172+0000] {logging_mixin.py:190} INFO - [2025-11-21T01:50:09.172+0000] {dag.py:4156} INFO - Setting next_dagrun for yahoo_finance_transactional to 2025-11-20 02:00:00+00:00, run_after=2025-11-21 02:00:00+00:00
[2025-11-21T01:50:09.178+0000] {processor.py:208} INFO - Processing /opt/airflow/dags/yahoo_finance_transactional.py took 0.240 seconds
[2025-11-21T01:50:39.462+0000] {processor.py:186} INFO - Started process (PID=622) to work on /opt/airflow/dags/yahoo_finance_transactional.py
[2025-11-21T01:50:39.463+0000] {processor.py:914} INFO - Processing file /opt/airflow/dags/yahoo_finance_transactional.py for tasks to queue
[2025-11-21T01:50:39.465+0000] {logging_mixin.py:190} INFO - [2025-11-21T01:50:39.465+0000] {dagbag.py:587} INFO - Filling up the DagBag from /opt/airflow/dags/yahoo_finance_transactional.py
[2025-11-21T01:50:39.711+0000] {processor.py:925} INFO - DAG(s) 'yahoo_finance_transactional' retrieved from /opt/airflow/dags/yahoo_finance_transactional.py
[2025-11-21T01:50:39.716+0000] {logging_mixin.py:190} INFO - [2025-11-21T01:50:39.716+0000] {dag.py:3229} INFO - Sync 1 DAGs
[2025-11-21T01:50:39.724+0000] {logging_mixin.py:190} INFO - [2025-11-21T01:50:39.724+0000] {dag.py:4156} INFO - Setting next_dagrun for yahoo_finance_transactional to 2025-11-20 02:00:00+00:00, run_after=2025-11-21 02:00:00+00:00
[2025-11-21T01:50:39.729+0000] {processor.py:208} INFO - Processing /opt/airflow/dags/yahoo_finance_transactional.py took 0.272 seconds
[2025-11-21T01:51:09.815+0000] {processor.py:186} INFO - Started process (PID=633) to work on /opt/airflow/dags/yahoo_finance_transactional.py
[2025-11-21T01:51:09.816+0000] {processor.py:914} INFO - Processing file /opt/airflow/dags/yahoo_finance_transactional.py for tasks to queue
[2025-11-21T01:51:09.818+0000] {logging_mixin.py:190} INFO - [2025-11-21T01:51:09.817+0000] {dagbag.py:587} INFO - Filling up the DagBag from /opt/airflow/dags/yahoo_finance_transactional.py
[2025-11-21T01:51:10.057+0000] {processor.py:925} INFO - DAG(s) 'yahoo_finance_transactional' retrieved from /opt/airflow/dags/yahoo_finance_transactional.py
[2025-11-21T01:51:10.062+0000] {logging_mixin.py:190} INFO - [2025-11-21T01:51:10.062+0000] {dag.py:3229} INFO - Sync 1 DAGs
[2025-11-21T01:51:10.069+0000] {logging_mixin.py:190} INFO - [2025-11-21T01:51:10.069+0000] {dag.py:4156} INFO - Setting next_dagrun for yahoo_finance_transactional to 2025-11-20 02:00:00+00:00, run_after=2025-11-21 02:00:00+00:00
[2025-11-21T01:51:10.075+0000] {processor.py:208} INFO - Processing /opt/airflow/dags/yahoo_finance_transactional.py took 0.265 seconds
[2025-11-21T01:51:40.160+0000] {processor.py:186} INFO - Started process (PID=644) to work on /opt/airflow/dags/yahoo_finance_transactional.py
[2025-11-21T01:51:40.161+0000] {processor.py:914} INFO - Processing file /opt/airflow/dags/yahoo_finance_transactional.py for tasks to queue
[2025-11-21T01:51:40.163+0000] {logging_mixin.py:190} INFO - [2025-11-21T01:51:40.163+0000] {dagbag.py:587} INFO - Filling up the DagBag from /opt/airflow/dags/yahoo_finance_transactional.py
[2025-11-21T01:51:40.409+0000] {processor.py:925} INFO - DAG(s) 'yahoo_finance_transactional' retrieved from /opt/airflow/dags/yahoo_finance_transactional.py
[2025-11-21T01:51:40.414+0000] {logging_mixin.py:190} INFO - [2025-11-21T01:51:40.414+0000] {dag.py:3229} INFO - Sync 1 DAGs
[2025-11-21T01:51:40.421+0000] {logging_mixin.py:190} INFO - [2025-11-21T01:51:40.421+0000] {dag.py:4156} INFO - Setting next_dagrun for yahoo_finance_transactional to 2025-11-20 02:00:00+00:00, run_after=2025-11-21 02:00:00+00:00
[2025-11-21T01:51:40.426+0000] {processor.py:208} INFO - Processing /opt/airflow/dags/yahoo_finance_transactional.py took 0.273 seconds
[2025-11-21T01:52:10.788+0000] {processor.py:186} INFO - Started process (PID=655) to work on /opt/airflow/dags/yahoo_finance_transactional.py
[2025-11-21T01:52:10.789+0000] {processor.py:914} INFO - Processing file /opt/airflow/dags/yahoo_finance_transactional.py for tasks to queue
[2025-11-21T01:52:10.791+0000] {logging_mixin.py:190} INFO - [2025-11-21T01:52:10.791+0000] {dagbag.py:587} INFO - Filling up the DagBag from /opt/airflow/dags/yahoo_finance_transactional.py
[2025-11-21T01:52:11.008+0000] {processor.py:925} INFO - DAG(s) 'yahoo_finance_transactional' retrieved from /opt/airflow/dags/yahoo_finance_transactional.py
[2025-11-21T01:52:11.013+0000] {logging_mixin.py:190} INFO - [2025-11-21T01:52:11.013+0000] {dag.py:3229} INFO - Sync 1 DAGs
[2025-11-21T01:52:11.020+0000] {logging_mixin.py:190} INFO - [2025-11-21T01:52:11.019+0000] {dag.py:4156} INFO - Setting next_dagrun for yahoo_finance_transactional to 2025-11-20 02:00:00+00:00, run_after=2025-11-21 02:00:00+00:00
[2025-11-21T01:52:11.025+0000] {processor.py:208} INFO - Processing /opt/airflow/dags/yahoo_finance_transactional.py took 0.241 seconds
[2025-11-21T01:52:41.143+0000] {processor.py:186} INFO - Started process (PID=666) to work on /opt/airflow/dags/yahoo_finance_transactional.py
[2025-11-21T01:52:41.144+0000] {processor.py:914} INFO - Processing file /opt/airflow/dags/yahoo_finance_transactional.py for tasks to queue
[2025-11-21T01:52:41.146+0000] {logging_mixin.py:190} INFO - [2025-11-21T01:52:41.146+0000] {dagbag.py:587} INFO - Filling up the DagBag from /opt/airflow/dags/yahoo_finance_transactional.py
[2025-11-21T01:52:41.379+0000] {processor.py:925} INFO - DAG(s) 'yahoo_finance_transactional' retrieved from /opt/airflow/dags/yahoo_finance_transactional.py
[2025-11-21T01:52:41.385+0000] {logging_mixin.py:190} INFO - [2025-11-21T01:52:41.385+0000] {dag.py:3229} INFO - Sync 1 DAGs
[2025-11-21T01:52:41.393+0000] {logging_mixin.py:190} INFO - [2025-11-21T01:52:41.393+0000] {dag.py:4156} INFO - Setting next_dagrun for yahoo_finance_transactional to 2025-11-20 02:00:00+00:00, run_after=2025-11-21 02:00:00+00:00
[2025-11-21T01:52:41.398+0000] {processor.py:208} INFO - Processing /opt/airflow/dags/yahoo_finance_transactional.py took 0.261 seconds
[2025-11-21T01:53:11.668+0000] {processor.py:186} INFO - Started process (PID=677) to work on /opt/airflow/dags/yahoo_finance_transactional.py
[2025-11-21T01:53:11.669+0000] {processor.py:914} INFO - Processing file /opt/airflow/dags/yahoo_finance_transactional.py for tasks to queue
[2025-11-21T01:53:11.670+0000] {logging_mixin.py:190} INFO - [2025-11-21T01:53:11.670+0000] {dagbag.py:587} INFO - Filling up the DagBag from /opt/airflow/dags/yahoo_finance_transactional.py
[2025-11-21T01:53:11.887+0000] {processor.py:925} INFO - DAG(s) 'yahoo_finance_transactional' retrieved from /opt/airflow/dags/yahoo_finance_transactional.py
[2025-11-21T01:53:11.891+0000] {logging_mixin.py:190} INFO - [2025-11-21T01:53:11.891+0000] {dag.py:3229} INFO - Sync 1 DAGs
[2025-11-21T01:53:11.898+0000] {logging_mixin.py:190} INFO - [2025-11-21T01:53:11.898+0000] {dag.py:4156} INFO - Setting next_dagrun for yahoo_finance_transactional to 2025-11-20 02:00:00+00:00, run_after=2025-11-21 02:00:00+00:00
[2025-11-21T01:53:11.904+0000] {processor.py:208} INFO - Processing /opt/airflow/dags/yahoo_finance_transactional.py took 0.239 seconds
[2025-11-21T01:53:41.960+0000] {processor.py:186} INFO - Started process (PID=688) to work on /opt/airflow/dags/yahoo_finance_transactional.py
[2025-11-21T01:53:41.961+0000] {processor.py:914} INFO - Processing file /opt/airflow/dags/yahoo_finance_transactional.py for tasks to queue
[2025-11-21T01:53:41.964+0000] {logging_mixin.py:190} INFO - [2025-11-21T01:53:41.963+0000] {dagbag.py:587} INFO - Filling up the DagBag from /opt/airflow/dags/yahoo_finance_transactional.py
[2025-11-21T01:53:42.211+0000] {processor.py:925} INFO - DAG(s) 'yahoo_finance_transactional' retrieved from /opt/airflow/dags/yahoo_finance_transactional.py
[2025-11-21T01:53:42.216+0000] {logging_mixin.py:190} INFO - [2025-11-21T01:53:42.216+0000] {dag.py:3229} INFO - Sync 1 DAGs
[2025-11-21T01:53:42.223+0000] {logging_mixin.py:190} INFO - [2025-11-21T01:53:42.223+0000] {dag.py:4156} INFO - Setting next_dagrun for yahoo_finance_transactional to 2025-11-20 02:00:00+00:00, run_after=2025-11-21 02:00:00+00:00
[2025-11-21T01:53:42.228+0000] {processor.py:208} INFO - Processing /opt/airflow/dags/yahoo_finance_transactional.py took 0.273 seconds
[2025-11-21T01:54:12.610+0000] {processor.py:186} INFO - Started process (PID=699) to work on /opt/airflow/dags/yahoo_finance_transactional.py
[2025-11-21T01:54:12.611+0000] {processor.py:914} INFO - Processing file /opt/airflow/dags/yahoo_finance_transactional.py for tasks to queue
[2025-11-21T01:54:12.614+0000] {logging_mixin.py:190} INFO - [2025-11-21T01:54:12.613+0000] {dagbag.py:587} INFO - Filling up the DagBag from /opt/airflow/dags/yahoo_finance_transactional.py
[2025-11-21T01:54:12.860+0000] {processor.py:925} INFO - DAG(s) 'yahoo_finance_transactional' retrieved from /opt/airflow/dags/yahoo_finance_transactional.py
[2025-11-21T01:54:12.865+0000] {logging_mixin.py:190} INFO - [2025-11-21T01:54:12.865+0000] {dag.py:3229} INFO - Sync 1 DAGs
[2025-11-21T01:54:12.872+0000] {logging_mixin.py:190} INFO - [2025-11-21T01:54:12.872+0000] {dag.py:4156} INFO - Setting next_dagrun for yahoo_finance_transactional to 2025-11-20 02:00:00+00:00, run_after=2025-11-21 02:00:00+00:00
[2025-11-21T01:54:12.877+0000] {processor.py:208} INFO - Processing /opt/airflow/dags/yahoo_finance_transactional.py took 0.272 seconds
[2025-11-21T01:54:42.969+0000] {processor.py:186} INFO - Started process (PID=710) to work on /opt/airflow/dags/yahoo_finance_transactional.py
[2025-11-21T01:54:42.969+0000] {processor.py:914} INFO - Processing file /opt/airflow/dags/yahoo_finance_transactional.py for tasks to queue
[2025-11-21T01:54:42.971+0000] {logging_mixin.py:190} INFO - [2025-11-21T01:54:42.971+0000] {dagbag.py:587} INFO - Filling up the DagBag from /opt/airflow/dags/yahoo_finance_transactional.py
[2025-11-21T01:54:43.212+0000] {processor.py:925} INFO - DAG(s) 'yahoo_finance_transactional' retrieved from /opt/airflow/dags/yahoo_finance_transactional.py
[2025-11-21T01:54:43.216+0000] {logging_mixin.py:190} INFO - [2025-11-21T01:54:43.216+0000] {dag.py:3229} INFO - Sync 1 DAGs
[2025-11-21T01:54:43.223+0000] {logging_mixin.py:190} INFO - [2025-11-21T01:54:43.223+0000] {dag.py:4156} INFO - Setting next_dagrun for yahoo_finance_transactional to 2025-11-20 02:00:00+00:00, run_after=2025-11-21 02:00:00+00:00
[2025-11-21T01:54:43.228+0000] {processor.py:208} INFO - Processing /opt/airflow/dags/yahoo_finance_transactional.py took 0.266 seconds
[2025-11-21T01:55:13.522+0000] {processor.py:186} INFO - Started process (PID=721) to work on /opt/airflow/dags/yahoo_finance_transactional.py
[2025-11-21T01:55:13.523+0000] {processor.py:914} INFO - Processing file /opt/airflow/dags/yahoo_finance_transactional.py for tasks to queue
[2025-11-21T01:55:13.526+0000] {logging_mixin.py:190} INFO - [2025-11-21T01:55:13.525+0000] {dagbag.py:587} INFO - Filling up the DagBag from /opt/airflow/dags/yahoo_finance_transactional.py
[2025-11-21T01:55:13.941+0000] {processor.py:925} INFO - DAG(s) 'yahoo_finance_transactional' retrieved from /opt/airflow/dags/yahoo_finance_transactional.py
[2025-11-21T01:55:13.947+0000] {logging_mixin.py:190} INFO - [2025-11-21T01:55:13.946+0000] {dag.py:3229} INFO - Sync 1 DAGs
[2025-11-21T01:55:13.956+0000] {logging_mixin.py:190} INFO - [2025-11-21T01:55:13.956+0000] {dag.py:4156} INFO - Setting next_dagrun for yahoo_finance_transactional to 2025-11-20 02:00:00+00:00, run_after=2025-11-21 02:00:00+00:00
[2025-11-21T01:55:13.961+0000] {processor.py:208} INFO - Processing /opt/airflow/dags/yahoo_finance_transactional.py took 0.445 seconds
[2025-11-21T01:55:23.639+0000] {processor.py:186} INFO - Started process (PID=726) to work on /opt/airflow/dags/yahoo_finance_transactional.py
[2025-11-21T01:55:23.641+0000] {processor.py:914} INFO - Processing file /opt/airflow/dags/yahoo_finance_transactional.py for tasks to queue
[2025-11-21T01:55:23.643+0000] {logging_mixin.py:190} INFO - [2025-11-21T01:55:23.642+0000] {dagbag.py:587} INFO - Filling up the DagBag from /opt/airflow/dags/yahoo_finance_transactional.py
[2025-11-21T01:55:24.065+0000] {processor.py:925} INFO - DAG(s) 'yahoo_finance_transactional' retrieved from /opt/airflow/dags/yahoo_finance_transactional.py
[2025-11-21T01:55:24.099+0000] {logging_mixin.py:190} INFO - [2025-11-21T01:55:24.099+0000] {dag.py:3229} INFO - Sync 1 DAGs
[2025-11-21T01:55:24.107+0000] {logging_mixin.py:190} INFO - [2025-11-21T01:55:24.107+0000] {dag.py:4156} INFO - Setting next_dagrun for yahoo_finance_transactional to 2025-11-19 08:00:00+00:00, run_after=2025-11-20 08:00:00+00:00
[2025-11-21T01:55:24.114+0000] {processor.py:208} INFO - Processing /opt/airflow/dags/yahoo_finance_transactional.py took 0.483 seconds
[2025-11-21T01:55:54.483+0000] {processor.py:186} INFO - Started process (PID=742) to work on /opt/airflow/dags/yahoo_finance_transactional.py
[2025-11-21T01:55:54.484+0000] {processor.py:914} INFO - Processing file /opt/airflow/dags/yahoo_finance_transactional.py for tasks to queue
[2025-11-21T01:55:54.486+0000] {logging_mixin.py:190} INFO - [2025-11-21T01:55:54.486+0000] {dagbag.py:587} INFO - Filling up the DagBag from /opt/airflow/dags/yahoo_finance_transactional.py
[2025-11-21T01:55:54.807+0000] {processor.py:925} INFO - DAG(s) 'yahoo_finance_transactional' retrieved from /opt/airflow/dags/yahoo_finance_transactional.py
[2025-11-21T01:55:54.813+0000] {logging_mixin.py:190} INFO - [2025-11-21T01:55:54.813+0000] {dag.py:3229} INFO - Sync 1 DAGs
[2025-11-21T01:55:54.830+0000] {processor.py:208} INFO - Processing /opt/airflow/dags/yahoo_finance_transactional.py took 0.351 seconds
[2025-11-21T01:56:25.111+0000] {processor.py:186} INFO - Started process (PID=753) to work on /opt/airflow/dags/yahoo_finance_transactional.py
[2025-11-21T01:56:25.112+0000] {processor.py:914} INFO - Processing file /opt/airflow/dags/yahoo_finance_transactional.py for tasks to queue
[2025-11-21T01:56:25.114+0000] {logging_mixin.py:190} INFO - [2025-11-21T01:56:25.113+0000] {dagbag.py:587} INFO - Filling up the DagBag from /opt/airflow/dags/yahoo_finance_transactional.py
[2025-11-21T01:56:25.331+0000] {processor.py:925} INFO - DAG(s) 'yahoo_finance_transactional' retrieved from /opt/airflow/dags/yahoo_finance_transactional.py
[2025-11-21T01:56:25.335+0000] {logging_mixin.py:190} INFO - [2025-11-21T01:56:25.335+0000] {dag.py:3229} INFO - Sync 1 DAGs
[2025-11-21T01:56:25.346+0000] {processor.py:208} INFO - Processing /opt/airflow/dags/yahoo_finance_transactional.py took 0.239 seconds
[2025-11-21T01:56:55.448+0000] {processor.py:186} INFO - Started process (PID=764) to work on /opt/airflow/dags/yahoo_finance_transactional.py
[2025-11-21T01:56:55.448+0000] {processor.py:914} INFO - Processing file /opt/airflow/dags/yahoo_finance_transactional.py for tasks to queue
[2025-11-21T01:56:55.450+0000] {logging_mixin.py:190} INFO - [2025-11-21T01:56:55.450+0000] {dagbag.py:587} INFO - Filling up the DagBag from /opt/airflow/dags/yahoo_finance_transactional.py
[2025-11-21T01:56:55.668+0000] {processor.py:925} INFO - DAG(s) 'yahoo_finance_transactional' retrieved from /opt/airflow/dags/yahoo_finance_transactional.py
[2025-11-21T01:56:55.673+0000] {logging_mixin.py:190} INFO - [2025-11-21T01:56:55.673+0000] {dag.py:3229} INFO - Sync 1 DAGs
[2025-11-21T01:56:55.684+0000] {processor.py:208} INFO - Processing /opt/airflow/dags/yahoo_finance_transactional.py took 0.241 seconds
[2025-11-21T01:57:26.060+0000] {processor.py:186} INFO - Started process (PID=775) to work on /opt/airflow/dags/yahoo_finance_transactional.py
[2025-11-21T01:57:26.061+0000] {processor.py:914} INFO - Processing file /opt/airflow/dags/yahoo_finance_transactional.py for tasks to queue
[2025-11-21T01:57:26.064+0000] {logging_mixin.py:190} INFO - [2025-11-21T01:57:26.064+0000] {dagbag.py:587} INFO - Filling up the DagBag from /opt/airflow/dags/yahoo_finance_transactional.py
[2025-11-21T01:57:26.311+0000] {processor.py:925} INFO - DAG(s) 'yahoo_finance_transactional' retrieved from /opt/airflow/dags/yahoo_finance_transactional.py
[2025-11-21T01:57:26.315+0000] {logging_mixin.py:190} INFO - [2025-11-21T01:57:26.315+0000] {dag.py:3229} INFO - Sync 1 DAGs
[2025-11-21T01:57:26.327+0000] {processor.py:208} INFO - Processing /opt/airflow/dags/yahoo_finance_transactional.py took 0.273 seconds
[2025-11-21T01:57:56.455+0000] {processor.py:186} INFO - Started process (PID=786) to work on /opt/airflow/dags/yahoo_finance_transactional.py
[2025-11-21T01:57:56.455+0000] {processor.py:914} INFO - Processing file /opt/airflow/dags/yahoo_finance_transactional.py for tasks to queue
[2025-11-21T01:57:56.470+0000] {logging_mixin.py:190} INFO - [2025-11-21T01:57:56.469+0000] {dagbag.py:587} INFO - Filling up the DagBag from /opt/airflow/dags/yahoo_finance_transactional.py
[2025-11-21T01:57:56.786+0000] {processor.py:925} INFO - DAG(s) 'yahoo_finance_transactional' retrieved from /opt/airflow/dags/yahoo_finance_transactional.py
[2025-11-21T01:57:56.792+0000] {logging_mixin.py:190} INFO - [2025-11-21T01:57:56.792+0000] {dag.py:3229} INFO - Sync 1 DAGs
[2025-11-21T01:57:56.803+0000] {processor.py:208} INFO - Processing /opt/airflow/dags/yahoo_finance_transactional.py took 0.357 seconds
[2025-11-21T01:58:26.977+0000] {processor.py:186} INFO - Started process (PID=797) to work on /opt/airflow/dags/yahoo_finance_transactional.py
[2025-11-21T01:58:26.978+0000] {processor.py:914} INFO - Processing file /opt/airflow/dags/yahoo_finance_transactional.py for tasks to queue
[2025-11-21T01:58:26.980+0000] {logging_mixin.py:190} INFO - [2025-11-21T01:58:26.980+0000] {dagbag.py:587} INFO - Filling up the DagBag from /opt/airflow/dags/yahoo_finance_transactional.py
[2025-11-21T01:58:27.197+0000] {processor.py:925} INFO - DAG(s) 'yahoo_finance_transactional' retrieved from /opt/airflow/dags/yahoo_finance_transactional.py
[2025-11-21T01:58:27.202+0000] {logging_mixin.py:190} INFO - [2025-11-21T01:58:27.202+0000] {dag.py:3229} INFO - Sync 1 DAGs
[2025-11-21T01:58:27.213+0000] {processor.py:208} INFO - Processing /opt/airflow/dags/yahoo_finance_transactional.py took 0.240 seconds
[2025-11-21T01:58:57.436+0000] {processor.py:186} INFO - Started process (PID=808) to work on /opt/airflow/dags/yahoo_finance_transactional.py
[2025-11-21T01:58:57.437+0000] {processor.py:914} INFO - Processing file /opt/airflow/dags/yahoo_finance_transactional.py for tasks to queue
[2025-11-21T01:58:57.439+0000] {logging_mixin.py:190} INFO - [2025-11-21T01:58:57.439+0000] {dagbag.py:587} INFO - Filling up the DagBag from /opt/airflow/dags/yahoo_finance_transactional.py
[2025-11-21T01:58:57.657+0000] {processor.py:925} INFO - DAG(s) 'yahoo_finance_transactional' retrieved from /opt/airflow/dags/yahoo_finance_transactional.py
[2025-11-21T01:58:57.662+0000] {logging_mixin.py:190} INFO - [2025-11-21T01:58:57.662+0000] {dag.py:3229} INFO - Sync 1 DAGs
[2025-11-21T01:58:57.673+0000] {processor.py:208} INFO - Processing /opt/airflow/dags/yahoo_finance_transactional.py took 0.241 seconds
[2025-11-21T01:59:27.804+0000] {processor.py:186} INFO - Started process (PID=819) to work on /opt/airflow/dags/yahoo_finance_transactional.py
[2025-11-21T01:59:27.805+0000] {processor.py:914} INFO - Processing file /opt/airflow/dags/yahoo_finance_transactional.py for tasks to queue
[2025-11-21T01:59:27.809+0000] {logging_mixin.py:190} INFO - [2025-11-21T01:59:27.808+0000] {dagbag.py:587} INFO - Filling up the DagBag from /opt/airflow/dags/yahoo_finance_transactional.py
[2025-11-21T01:59:28.074+0000] {processor.py:925} INFO - DAG(s) 'yahoo_finance_transactional' retrieved from /opt/airflow/dags/yahoo_finance_transactional.py
[2025-11-21T01:59:28.079+0000] {logging_mixin.py:190} INFO - [2025-11-21T01:59:28.079+0000] {dag.py:3229} INFO - Sync 1 DAGs
[2025-11-21T01:59:28.091+0000] {processor.py:208} INFO - Processing /opt/airflow/dags/yahoo_finance_transactional.py took 0.294 seconds
[2025-11-21T01:59:58.296+0000] {processor.py:186} INFO - Started process (PID=830) to work on /opt/airflow/dags/yahoo_finance_transactional.py
[2025-11-21T01:59:58.297+0000] {processor.py:914} INFO - Processing file /opt/airflow/dags/yahoo_finance_transactional.py for tasks to queue
[2025-11-21T01:59:58.299+0000] {logging_mixin.py:190} INFO - [2025-11-21T01:59:58.298+0000] {dagbag.py:587} INFO - Filling up the DagBag from /opt/airflow/dags/yahoo_finance_transactional.py
[2025-11-21T01:59:58.514+0000] {processor.py:925} INFO - DAG(s) 'yahoo_finance_transactional' retrieved from /opt/airflow/dags/yahoo_finance_transactional.py
[2025-11-21T01:59:58.520+0000] {logging_mixin.py:190} INFO - [2025-11-21T01:59:58.519+0000] {dag.py:3229} INFO - Sync 1 DAGs
[2025-11-21T01:59:58.530+0000] {processor.py:208} INFO - Processing /opt/airflow/dags/yahoo_finance_transactional.py took 0.240 seconds
[2025-11-21T02:00:28.757+0000] {processor.py:186} INFO - Started process (PID=848) to work on /opt/airflow/dags/yahoo_finance_transactional.py
[2025-11-21T02:00:28.757+0000] {processor.py:914} INFO - Processing file /opt/airflow/dags/yahoo_finance_transactional.py for tasks to queue
[2025-11-21T02:00:28.760+0000] {logging_mixin.py:190} INFO - [2025-11-21T02:00:28.759+0000] {dagbag.py:587} INFO - Filling up the DagBag from /opt/airflow/dags/yahoo_finance_transactional.py
[2025-11-21T02:00:29.006+0000] {processor.py:925} INFO - DAG(s) 'yahoo_finance_transactional' retrieved from /opt/airflow/dags/yahoo_finance_transactional.py
[2025-11-21T02:00:29.015+0000] {logging_mixin.py:190} INFO - [2025-11-21T02:00:29.015+0000] {dag.py:3229} INFO - Sync 1 DAGs
[2025-11-21T02:00:29.029+0000] {processor.py:208} INFO - Processing /opt/airflow/dags/yahoo_finance_transactional.py took 0.275 seconds
[2025-11-21T02:00:59.132+0000] {processor.py:186} INFO - Started process (PID=862) to work on /opt/airflow/dags/yahoo_finance_transactional.py
[2025-11-21T02:00:59.133+0000] {processor.py:914} INFO - Processing file /opt/airflow/dags/yahoo_finance_transactional.py for tasks to queue
[2025-11-21T02:00:59.136+0000] {logging_mixin.py:190} INFO - [2025-11-21T02:00:59.136+0000] {dagbag.py:587} INFO - Filling up the DagBag from /opt/airflow/dags/yahoo_finance_transactional.py
[2025-11-21T02:00:59.392+0000] {processor.py:925} INFO - DAG(s) 'yahoo_finance_transactional' retrieved from /opt/airflow/dags/yahoo_finance_transactional.py
[2025-11-21T02:00:59.397+0000] {logging_mixin.py:190} INFO - [2025-11-21T02:00:59.397+0000] {dag.py:3229} INFO - Sync 1 DAGs
[2025-11-21T02:00:59.409+0000] {processor.py:208} INFO - Processing /opt/airflow/dags/yahoo_finance_transactional.py took 0.284 seconds
[2025-11-21T02:01:29.719+0000] {processor.py:186} INFO - Started process (PID=873) to work on /opt/airflow/dags/yahoo_finance_transactional.py
[2025-11-21T02:01:29.720+0000] {processor.py:914} INFO - Processing file /opt/airflow/dags/yahoo_finance_transactional.py for tasks to queue
[2025-11-21T02:01:29.722+0000] {logging_mixin.py:190} INFO - [2025-11-21T02:01:29.721+0000] {dagbag.py:587} INFO - Filling up the DagBag from /opt/airflow/dags/yahoo_finance_transactional.py
[2025-11-21T02:01:29.942+0000] {processor.py:925} INFO - DAG(s) 'yahoo_finance_transactional' retrieved from /opt/airflow/dags/yahoo_finance_transactional.py
[2025-11-21T02:01:29.947+0000] {logging_mixin.py:190} INFO - [2025-11-21T02:01:29.947+0000] {dag.py:3229} INFO - Sync 1 DAGs
[2025-11-21T02:01:29.958+0000] {processor.py:208} INFO - Processing /opt/airflow/dags/yahoo_finance_transactional.py took 0.243 seconds
[2025-11-21T02:02:00.018+0000] {processor.py:186} INFO - Started process (PID=884) to work on /opt/airflow/dags/yahoo_finance_transactional.py
[2025-11-21T02:02:00.018+0000] {processor.py:914} INFO - Processing file /opt/airflow/dags/yahoo_finance_transactional.py for tasks to queue
[2025-11-21T02:02:00.020+0000] {logging_mixin.py:190} INFO - [2025-11-21T02:02:00.020+0000] {dagbag.py:587} INFO - Filling up the DagBag from /opt/airflow/dags/yahoo_finance_transactional.py
[2025-11-21T02:02:00.247+0000] {processor.py:925} INFO - DAG(s) 'yahoo_finance_transactional' retrieved from /opt/airflow/dags/yahoo_finance_transactional.py
[2025-11-21T02:02:00.253+0000] {logging_mixin.py:190} INFO - [2025-11-21T02:02:00.253+0000] {dag.py:3229} INFO - Sync 1 DAGs
[2025-11-21T02:02:00.264+0000] {processor.py:208} INFO - Processing /opt/airflow/dags/yahoo_finance_transactional.py took 0.252 seconds
[2025-11-21T02:02:30.551+0000] {processor.py:186} INFO - Started process (PID=895) to work on /opt/airflow/dags/yahoo_finance_transactional.py
[2025-11-21T02:02:30.552+0000] {processor.py:914} INFO - Processing file /opt/airflow/dags/yahoo_finance_transactional.py for tasks to queue
[2025-11-21T02:02:30.554+0000] {logging_mixin.py:190} INFO - [2025-11-21T02:02:30.554+0000] {dagbag.py:587} INFO - Filling up the DagBag from /opt/airflow/dags/yahoo_finance_transactional.py
[2025-11-21T02:02:30.859+0000] {processor.py:925} INFO - DAG(s) 'yahoo_finance_transactional' retrieved from /opt/airflow/dags/yahoo_finance_transactional.py
[2025-11-21T02:02:30.866+0000] {logging_mixin.py:190} INFO - [2025-11-21T02:02:30.865+0000] {dag.py:3229} INFO - Sync 1 DAGs
[2025-11-21T02:02:30.878+0000] {processor.py:208} INFO - Processing /opt/airflow/dags/yahoo_finance_transactional.py took 0.332 seconds
[2025-11-21T02:02:35.623+0000] {processor.py:186} INFO - Started process (PID=900) to work on /opt/airflow/dags/yahoo_finance_transactional.py
[2025-11-21T02:02:35.624+0000] {processor.py:914} INFO - Processing file /opt/airflow/dags/yahoo_finance_transactional.py for tasks to queue
[2025-11-21T02:02:35.626+0000] {logging_mixin.py:190} INFO - [2025-11-21T02:02:35.626+0000] {dagbag.py:587} INFO - Filling up the DagBag from /opt/airflow/dags/yahoo_finance_transactional.py
[2025-11-21T02:02:35.844+0000] {processor.py:925} INFO - DAG(s) 'yahoo_finance_simple_dag' retrieved from /opt/airflow/dags/yahoo_finance_transactional.py
[2025-11-21T02:02:35.876+0000] {logging_mixin.py:190} INFO - [2025-11-21T02:02:35.876+0000] {override.py:1900} INFO - Created Permission View: can delete on DAG:yahoo_finance_simple_dag
[2025-11-21T02:02:35.879+0000] {logging_mixin.py:190} INFO - [2025-11-21T02:02:35.878+0000] {override.py:1900} INFO - Created Permission View: can edit on DAG:yahoo_finance_simple_dag
[2025-11-21T02:02:35.880+0000] {logging_mixin.py:190} INFO - [2025-11-21T02:02:35.880+0000] {override.py:1900} INFO - Created Permission View: can read on DAG:yahoo_finance_simple_dag
[2025-11-21T02:02:35.881+0000] {logging_mixin.py:190} INFO - [2025-11-21T02:02:35.881+0000] {override.py:1900} INFO - Created Permission View: menu access on DAG Run:yahoo_finance_simple_dag
[2025-11-21T02:02:35.882+0000] {logging_mixin.py:190} INFO - [2025-11-21T02:02:35.882+0000] {override.py:1900} INFO - Created Permission View: can delete on DAG Run:yahoo_finance_simple_dag
[2025-11-21T02:02:35.884+0000] {logging_mixin.py:190} INFO - [2025-11-21T02:02:35.884+0000] {override.py:1900} INFO - Created Permission View: can create on DAG Run:yahoo_finance_simple_dag
[2025-11-21T02:02:35.885+0000] {logging_mixin.py:190} INFO - [2025-11-21T02:02:35.885+0000] {override.py:1900} INFO - Created Permission View: can read on DAG Run:yahoo_finance_simple_dag
[2025-11-21T02:02:35.885+0000] {logging_mixin.py:190} INFO - [2025-11-21T02:02:35.885+0000] {dag.py:3229} INFO - Sync 1 DAGs
[2025-11-21T02:02:35.889+0000] {logging_mixin.py:190} INFO - [2025-11-21T02:02:35.888+0000] {dag.py:3252} INFO - Creating ORM DAG for yahoo_finance_simple_dag
[2025-11-21T02:02:35.889+0000] {logging_mixin.py:190} INFO - [2025-11-21T02:02:35.889+0000] {dag.py:4156} INFO - Setting next_dagrun for yahoo_finance_simple_dag to None, run_after=None
[2025-11-21T02:02:35.893+0000] {processor.py:208} INFO - Processing /opt/airflow/dags/yahoo_finance_transactional.py took 0.274 seconds
[2025-11-21T02:03:05.966+0000] {processor.py:186} INFO - Started process (PID=917) to work on /opt/airflow/dags/yahoo_finance_transactional.py
[2025-11-21T02:03:05.967+0000] {processor.py:914} INFO - Processing file /opt/airflow/dags/yahoo_finance_transactional.py for tasks to queue
[2025-11-21T02:03:05.970+0000] {logging_mixin.py:190} INFO - [2025-11-21T02:03:05.970+0000] {dagbag.py:587} INFO - Filling up the DagBag from /opt/airflow/dags/yahoo_finance_transactional.py
[2025-11-21T02:03:06.258+0000] {processor.py:925} INFO - DAG(s) 'yahoo_finance_simple_dag' retrieved from /opt/airflow/dags/yahoo_finance_transactional.py
[2025-11-21T02:03:06.268+0000] {logging_mixin.py:190} INFO - [2025-11-21T02:03:06.267+0000] {dag.py:3229} INFO - Sync 1 DAGs
[2025-11-21T02:03:06.272+0000] {logging_mixin.py:190} INFO - [2025-11-21T02:03:06.272+0000] {dag.py:4156} INFO - Setting next_dagrun for yahoo_finance_simple_dag to None, run_after=None
[2025-11-21T02:03:06.277+0000] {processor.py:208} INFO - Processing /opt/airflow/dags/yahoo_finance_transactional.py took 0.318 seconds
[2025-11-21T02:03:36.495+0000] {processor.py:186} INFO - Started process (PID=931) to work on /opt/airflow/dags/yahoo_finance_transactional.py
[2025-11-21T02:03:36.496+0000] {processor.py:914} INFO - Processing file /opt/airflow/dags/yahoo_finance_transactional.py for tasks to queue
[2025-11-21T02:03:36.498+0000] {logging_mixin.py:190} INFO - [2025-11-21T02:03:36.498+0000] {dagbag.py:587} INFO - Filling up the DagBag from /opt/airflow/dags/yahoo_finance_transactional.py
[2025-11-21T02:03:36.713+0000] {processor.py:925} INFO - DAG(s) 'yahoo_finance_simple_dag' retrieved from /opt/airflow/dags/yahoo_finance_transactional.py
[2025-11-21T02:03:36.721+0000] {logging_mixin.py:190} INFO - [2025-11-21T02:03:36.720+0000] {dag.py:3229} INFO - Sync 1 DAGs
[2025-11-21T02:03:36.725+0000] {logging_mixin.py:190} INFO - [2025-11-21T02:03:36.725+0000] {dag.py:4156} INFO - Setting next_dagrun for yahoo_finance_simple_dag to None, run_after=None
[2025-11-21T02:03:36.730+0000] {processor.py:208} INFO - Processing /opt/airflow/dags/yahoo_finance_transactional.py took 0.239 seconds
[2025-11-21T02:04:06.992+0000] {processor.py:186} INFO - Started process (PID=947) to work on /opt/airflow/dags/yahoo_finance_transactional.py
[2025-11-21T02:04:06.994+0000] {processor.py:914} INFO - Processing file /opt/airflow/dags/yahoo_finance_transactional.py for tasks to queue
[2025-11-21T02:04:06.996+0000] {logging_mixin.py:190} INFO - [2025-11-21T02:04:06.995+0000] {dagbag.py:587} INFO - Filling up the DagBag from /opt/airflow/dags/yahoo_finance_transactional.py
[2025-11-21T02:04:07.218+0000] {processor.py:925} INFO - DAG(s) 'yahoo_finance_simple_dag' retrieved from /opt/airflow/dags/yahoo_finance_transactional.py
[2025-11-21T02:04:07.226+0000] {logging_mixin.py:190} INFO - [2025-11-21T02:04:07.226+0000] {dag.py:3229} INFO - Sync 1 DAGs
[2025-11-21T02:04:07.231+0000] {logging_mixin.py:190} INFO - [2025-11-21T02:04:07.231+0000] {dag.py:4156} INFO - Setting next_dagrun for yahoo_finance_simple_dag to None, run_after=None
[2025-11-21T02:04:07.236+0000] {processor.py:208} INFO - Processing /opt/airflow/dags/yahoo_finance_transactional.py took 0.250 seconds
[2025-11-21T02:04:37.418+0000] {processor.py:186} INFO - Started process (PID=958) to work on /opt/airflow/dags/yahoo_finance_transactional.py
[2025-11-21T02:04:37.419+0000] {processor.py:914} INFO - Processing file /opt/airflow/dags/yahoo_finance_transactional.py for tasks to queue
[2025-11-21T02:04:37.420+0000] {logging_mixin.py:190} INFO - [2025-11-21T02:04:37.420+0000] {dagbag.py:587} INFO - Filling up the DagBag from /opt/airflow/dags/yahoo_finance_transactional.py
[2025-11-21T02:04:37.804+0000] {processor.py:925} INFO - DAG(s) 'yahoo_finance_simple_dag' retrieved from /opt/airflow/dags/yahoo_finance_transactional.py
[2025-11-21T02:04:37.814+0000] {logging_mixin.py:190} INFO - [2025-11-21T02:04:37.814+0000] {dag.py:3229} INFO - Sync 1 DAGs
[2025-11-21T02:04:37.818+0000] {logging_mixin.py:190} INFO - [2025-11-21T02:04:37.818+0000] {dag.py:4156} INFO - Setting next_dagrun for yahoo_finance_simple_dag to None, run_after=None
[2025-11-21T02:04:37.824+0000] {processor.py:208} INFO - Processing /opt/airflow/dags/yahoo_finance_transactional.py took 0.413 seconds
[2025-11-21T02:05:07.876+0000] {processor.py:186} INFO - Started process (PID=969) to work on /opt/airflow/dags/yahoo_finance_transactional.py
[2025-11-21T02:05:07.877+0000] {processor.py:914} INFO - Processing file /opt/airflow/dags/yahoo_finance_transactional.py for tasks to queue
[2025-11-21T02:05:07.878+0000] {logging_mixin.py:190} INFO - [2025-11-21T02:05:07.878+0000] {dagbag.py:587} INFO - Filling up the DagBag from /opt/airflow/dags/yahoo_finance_transactional.py
[2025-11-21T02:05:08.102+0000] {processor.py:925} INFO - DAG(s) 'yahoo_finance_simple_dag' retrieved from /opt/airflow/dags/yahoo_finance_transactional.py
[2025-11-21T02:05:08.110+0000] {logging_mixin.py:190} INFO - [2025-11-21T02:05:08.110+0000] {dag.py:3229} INFO - Sync 1 DAGs
[2025-11-21T02:05:08.114+0000] {logging_mixin.py:190} INFO - [2025-11-21T02:05:08.114+0000] {dag.py:4156} INFO - Setting next_dagrun for yahoo_finance_simple_dag to None, run_after=None
[2025-11-21T02:05:08.120+0000] {processor.py:208} INFO - Processing /opt/airflow/dags/yahoo_finance_transactional.py took 0.250 seconds
[2025-11-21T02:05:38.479+0000] {processor.py:186} INFO - Started process (PID=980) to work on /opt/airflow/dags/yahoo_finance_transactional.py
[2025-11-21T02:05:38.480+0000] {processor.py:914} INFO - Processing file /opt/airflow/dags/yahoo_finance_transactional.py for tasks to queue
[2025-11-21T02:05:38.481+0000] {logging_mixin.py:190} INFO - [2025-11-21T02:05:38.481+0000] {dagbag.py:587} INFO - Filling up the DagBag from /opt/airflow/dags/yahoo_finance_transactional.py
[2025-11-21T02:05:38.709+0000] {processor.py:925} INFO - DAG(s) 'yahoo_finance_simple_dag' retrieved from /opt/airflow/dags/yahoo_finance_transactional.py
[2025-11-21T02:05:38.717+0000] {logging_mixin.py:190} INFO - [2025-11-21T02:05:38.717+0000] {dag.py:3229} INFO - Sync 1 DAGs
[2025-11-21T02:05:38.721+0000] {logging_mixin.py:190} INFO - [2025-11-21T02:05:38.720+0000] {dag.py:4156} INFO - Setting next_dagrun for yahoo_finance_simple_dag to None, run_after=None
[2025-11-21T02:05:38.725+0000] {processor.py:208} INFO - Processing /opt/airflow/dags/yahoo_finance_transactional.py took 0.254 seconds
[2025-11-21T02:06:08.820+0000] {processor.py:186} INFO - Started process (PID=991) to work on /opt/airflow/dags/yahoo_finance_transactional.py
[2025-11-21T02:06:08.821+0000] {processor.py:914} INFO - Processing file /opt/airflow/dags/yahoo_finance_transactional.py for tasks to queue
[2025-11-21T02:06:08.823+0000] {logging_mixin.py:190} INFO - [2025-11-21T02:06:08.822+0000] {dagbag.py:587} INFO - Filling up the DagBag from /opt/airflow/dags/yahoo_finance_transactional.py
[2025-11-21T02:06:09.115+0000] {processor.py:925} INFO - DAG(s) 'yahoo_finance_simple_dag' retrieved from /opt/airflow/dags/yahoo_finance_transactional.py
[2025-11-21T02:06:09.124+0000] {logging_mixin.py:190} INFO - [2025-11-21T02:06:09.124+0000] {dag.py:3229} INFO - Sync 1 DAGs
[2025-11-21T02:06:09.129+0000] {logging_mixin.py:190} INFO - [2025-11-21T02:06:09.129+0000] {dag.py:4156} INFO - Setting next_dagrun for yahoo_finance_simple_dag to None, run_after=None
[2025-11-21T02:06:09.134+0000] {processor.py:208} INFO - Processing /opt/airflow/dags/yahoo_finance_transactional.py took 0.321 seconds
[2025-11-21T02:06:39.414+0000] {processor.py:186} INFO - Started process (PID=1002) to work on /opt/airflow/dags/yahoo_finance_transactional.py
[2025-11-21T02:06:39.414+0000] {processor.py:914} INFO - Processing file /opt/airflow/dags/yahoo_finance_transactional.py for tasks to queue
[2025-11-21T02:06:39.415+0000] {logging_mixin.py:190} INFO - [2025-11-21T02:06:39.415+0000] {dagbag.py:587} INFO - Filling up the DagBag from /opt/airflow/dags/yahoo_finance_transactional.py
[2025-11-21T02:06:39.643+0000] {processor.py:925} INFO - DAG(s) 'yahoo_finance_simple_dag' retrieved from /opt/airflow/dags/yahoo_finance_transactional.py
[2025-11-21T02:06:39.651+0000] {logging_mixin.py:190} INFO - [2025-11-21T02:06:39.650+0000] {dag.py:3229} INFO - Sync 1 DAGs
[2025-11-21T02:06:39.655+0000] {logging_mixin.py:190} INFO - [2025-11-21T02:06:39.655+0000] {dag.py:4156} INFO - Setting next_dagrun for yahoo_finance_simple_dag to None, run_after=None
[2025-11-21T02:06:39.660+0000] {processor.py:208} INFO - Processing /opt/airflow/dags/yahoo_finance_transactional.py took 0.251 seconds
[2025-11-21T02:07:09.758+0000] {processor.py:186} INFO - Started process (PID=1013) to work on /opt/airflow/dags/yahoo_finance_transactional.py
[2025-11-21T02:07:09.759+0000] {processor.py:914} INFO - Processing file /opt/airflow/dags/yahoo_finance_transactional.py for tasks to queue
[2025-11-21T02:07:09.760+0000] {logging_mixin.py:190} INFO - [2025-11-21T02:07:09.759+0000] {dagbag.py:587} INFO - Filling up the DagBag from /opt/airflow/dags/yahoo_finance_transactional.py
[2025-11-21T02:07:09.976+0000] {processor.py:925} INFO - DAG(s) 'yahoo_finance_simple_dag' retrieved from /opt/airflow/dags/yahoo_finance_transactional.py
[2025-11-21T02:07:09.984+0000] {logging_mixin.py:190} INFO - [2025-11-21T02:07:09.984+0000] {dag.py:3229} INFO - Sync 1 DAGs
[2025-11-21T02:07:09.988+0000] {logging_mixin.py:190} INFO - [2025-11-21T02:07:09.988+0000] {dag.py:4156} INFO - Setting next_dagrun for yahoo_finance_simple_dag to None, run_after=None
[2025-11-21T02:07:09.993+0000] {processor.py:208} INFO - Processing /opt/airflow/dags/yahoo_finance_transactional.py took 0.241 seconds
[2025-11-21T02:07:40.257+0000] {processor.py:186} INFO - Started process (PID=1024) to work on /opt/airflow/dags/yahoo_finance_transactional.py
[2025-11-21T02:07:40.258+0000] {processor.py:914} INFO - Processing file /opt/airflow/dags/yahoo_finance_transactional.py for tasks to queue
[2025-11-21T02:07:40.259+0000] {logging_mixin.py:190} INFO - [2025-11-21T02:07:40.258+0000] {dagbag.py:587} INFO - Filling up the DagBag from /opt/airflow/dags/yahoo_finance_transactional.py
[2025-11-21T02:07:40.528+0000] {processor.py:925} INFO - DAG(s) 'yahoo_finance_simple_dag' retrieved from /opt/airflow/dags/yahoo_finance_transactional.py
[2025-11-21T02:07:40.537+0000] {logging_mixin.py:190} INFO - [2025-11-21T02:07:40.537+0000] {dag.py:3229} INFO - Sync 1 DAGs
[2025-11-21T02:07:40.542+0000] {logging_mixin.py:190} INFO - [2025-11-21T02:07:40.541+0000] {dag.py:4156} INFO - Setting next_dagrun for yahoo_finance_simple_dag to None, run_after=None
[2025-11-21T02:07:40.547+0000] {processor.py:208} INFO - Processing /opt/airflow/dags/yahoo_finance_transactional.py took 0.295 seconds
[2025-11-21T02:07:52.405+0000] {processor.py:186} INFO - Started process (PID=1035) to work on /opt/airflow/dags/yahoo_finance_transactional.py
[2025-11-21T02:07:52.406+0000] {processor.py:914} INFO - Processing file /opt/airflow/dags/yahoo_finance_transactional.py for tasks to queue
[2025-11-21T02:07:52.407+0000] {logging_mixin.py:190} INFO - [2025-11-21T02:07:52.406+0000] {dagbag.py:587} INFO - Filling up the DagBag from /opt/airflow/dags/yahoo_finance_transactional.py
[2025-11-21T02:07:52.673+0000] {processor.py:925} INFO - DAG(s) 'yahoo_finance_simple_dag' retrieved from /opt/airflow/dags/yahoo_finance_transactional.py
[2025-11-21T02:07:52.712+0000] {logging_mixin.py:190} INFO - [2025-11-21T02:07:52.712+0000] {dag.py:3229} INFO - Sync 1 DAGs
[2025-11-21T02:07:52.716+0000] {logging_mixin.py:190} INFO - [2025-11-21T02:07:52.716+0000] {dag.py:4156} INFO - Setting next_dagrun for yahoo_finance_simple_dag to None, run_after=None
[2025-11-21T02:07:52.723+0000] {processor.py:208} INFO - Processing /opt/airflow/dags/yahoo_finance_transactional.py took 0.324 seconds
[2025-11-21T02:08:23.039+0000] {processor.py:186} INFO - Started process (PID=1051) to work on /opt/airflow/dags/yahoo_finance_transactional.py
[2025-11-21T02:08:23.040+0000] {processor.py:914} INFO - Processing file /opt/airflow/dags/yahoo_finance_transactional.py for tasks to queue
[2025-11-21T02:08:23.041+0000] {logging_mixin.py:190} INFO - [2025-11-21T02:08:23.041+0000] {dagbag.py:587} INFO - Filling up the DagBag from /opt/airflow/dags/yahoo_finance_transactional.py
[2025-11-21T02:08:23.286+0000] {processor.py:925} INFO - DAG(s) 'yahoo_finance_simple_dag' retrieved from /opt/airflow/dags/yahoo_finance_transactional.py
[2025-11-21T02:08:23.294+0000] {logging_mixin.py:190} INFO - [2025-11-21T02:08:23.294+0000] {dag.py:3229} INFO - Sync 1 DAGs
[2025-11-21T02:08:23.298+0000] {logging_mixin.py:190} INFO - [2025-11-21T02:08:23.298+0000] {dag.py:4156} INFO - Setting next_dagrun for yahoo_finance_simple_dag to None, run_after=None
[2025-11-21T02:08:23.303+0000] {processor.py:208} INFO - Processing /opt/airflow/dags/yahoo_finance_transactional.py took 0.271 seconds
[2025-11-21T02:08:53.422+0000] {processor.py:186} INFO - Started process (PID=1062) to work on /opt/airflow/dags/yahoo_finance_transactional.py
[2025-11-21T02:08:53.424+0000] {processor.py:914} INFO - Processing file /opt/airflow/dags/yahoo_finance_transactional.py for tasks to queue
[2025-11-21T02:08:53.425+0000] {logging_mixin.py:190} INFO - [2025-11-21T02:08:53.425+0000] {dagbag.py:587} INFO - Filling up the DagBag from /opt/airflow/dags/yahoo_finance_transactional.py
[2025-11-21T02:08:53.692+0000] {processor.py:925} INFO - DAG(s) 'yahoo_finance_simple_dag' retrieved from /opt/airflow/dags/yahoo_finance_transactional.py
[2025-11-21T02:08:53.735+0000] {logging_mixin.py:190} INFO - [2025-11-21T02:08:53.735+0000] {dag.py:3229} INFO - Sync 1 DAGs
[2025-11-21T02:08:53.739+0000] {logging_mixin.py:190} INFO - [2025-11-21T02:08:53.739+0000] {dag.py:3252} INFO - Creating ORM DAG for yahoo_finance_simple_dag
[2025-11-21T02:08:53.740+0000] {logging_mixin.py:190} INFO - [2025-11-21T02:08:53.739+0000] {dag.py:4156} INFO - Setting next_dagrun for yahoo_finance_simple_dag to None, run_after=None
[2025-11-21T02:08:53.746+0000] {processor.py:208} INFO - Processing /opt/airflow/dags/yahoo_finance_transactional.py took 0.329 seconds
[2025-11-21T02:09:24.038+0000] {processor.py:186} INFO - Started process (PID=1078) to work on /opt/airflow/dags/yahoo_finance_transactional.py
[2025-11-21T02:09:24.043+0000] {processor.py:914} INFO - Processing file /opt/airflow/dags/yahoo_finance_transactional.py for tasks to queue
[2025-11-21T02:09:24.052+0000] {logging_mixin.py:190} INFO - [2025-11-21T02:09:24.050+0000] {dagbag.py:587} INFO - Filling up the DagBag from /opt/airflow/dags/yahoo_finance_transactional.py
[2025-11-21T02:09:24.397+0000] {processor.py:925} INFO - DAG(s) 'yahoo_finance_simple_dag' retrieved from /opt/airflow/dags/yahoo_finance_transactional.py
[2025-11-21T02:09:24.405+0000] {logging_mixin.py:190} INFO - [2025-11-21T02:09:24.405+0000] {dag.py:3229} INFO - Sync 1 DAGs
[2025-11-21T02:09:24.410+0000] {logging_mixin.py:190} INFO - [2025-11-21T02:09:24.410+0000] {dag.py:4156} INFO - Setting next_dagrun for yahoo_finance_simple_dag to None, run_after=None
[2025-11-21T02:09:24.415+0000] {processor.py:208} INFO - Processing /opt/airflow/dags/yahoo_finance_transactional.py took 0.390 seconds
[2025-11-21T02:09:54.776+0000] {processor.py:186} INFO - Started process (PID=1089) to work on /opt/airflow/dags/yahoo_finance_transactional.py
[2025-11-21T02:09:54.776+0000] {processor.py:914} INFO - Processing file /opt/airflow/dags/yahoo_finance_transactional.py for tasks to queue
[2025-11-21T02:09:54.777+0000] {logging_mixin.py:190} INFO - [2025-11-21T02:09:54.777+0000] {dagbag.py:587} INFO - Filling up the DagBag from /opt/airflow/dags/yahoo_finance_transactional.py
[2025-11-21T02:09:55.030+0000] {processor.py:925} INFO - DAG(s) 'yahoo_finance_simple_dag' retrieved from /opt/airflow/dags/yahoo_finance_transactional.py
[2025-11-21T02:09:55.039+0000] {logging_mixin.py:190} INFO - [2025-11-21T02:09:55.039+0000] {dag.py:3229} INFO - Sync 1 DAGs
[2025-11-21T02:09:55.044+0000] {logging_mixin.py:190} INFO - [2025-11-21T02:09:55.044+0000] {dag.py:4156} INFO - Setting next_dagrun for yahoo_finance_simple_dag to None, run_after=None
[2025-11-21T02:09:55.049+0000] {processor.py:208} INFO - Processing /opt/airflow/dags/yahoo_finance_transactional.py took 0.280 seconds
[2025-11-21T02:10:25.193+0000] {processor.py:186} INFO - Started process (PID=1100) to work on /opt/airflow/dags/yahoo_finance_transactional.py
[2025-11-21T02:10:25.194+0000] {processor.py:914} INFO - Processing file /opt/airflow/dags/yahoo_finance_transactional.py for tasks to queue
[2025-11-21T02:10:25.195+0000] {logging_mixin.py:190} INFO - [2025-11-21T02:10:25.195+0000] {dagbag.py:587} INFO - Filling up the DagBag from /opt/airflow/dags/yahoo_finance_transactional.py
[2025-11-21T02:10:25.482+0000] {processor.py:925} INFO - DAG(s) 'yahoo_finance_simple_dag' retrieved from /opt/airflow/dags/yahoo_finance_transactional.py
[2025-11-21T02:10:25.518+0000] {logging_mixin.py:190} INFO - [2025-11-21T02:10:25.518+0000] {dag.py:3229} INFO - Sync 1 DAGs
[2025-11-21T02:10:25.521+0000] {logging_mixin.py:190} INFO - [2025-11-21T02:10:25.521+0000] {dag.py:3252} INFO - Creating ORM DAG for yahoo_finance_simple_dag
[2025-11-21T02:10:25.522+0000] {logging_mixin.py:190} INFO - [2025-11-21T02:10:25.522+0000] {dag.py:4156} INFO - Setting next_dagrun for yahoo_finance_simple_dag to None, run_after=None
[2025-11-21T02:10:25.528+0000] {processor.py:208} INFO - Processing /opt/airflow/dags/yahoo_finance_transactional.py took 0.343 seconds
[2025-11-21T02:10:55.676+0000] {processor.py:186} INFO - Started process (PID=1111) to work on /opt/airflow/dags/yahoo_finance_transactional.py
[2025-11-21T02:10:55.677+0000] {processor.py:914} INFO - Processing file /opt/airflow/dags/yahoo_finance_transactional.py for tasks to queue
[2025-11-21T02:10:55.678+0000] {logging_mixin.py:190} INFO - [2025-11-21T02:10:55.678+0000] {dagbag.py:587} INFO - Filling up the DagBag from /opt/airflow/dags/yahoo_finance_transactional.py
[2025-11-21T02:10:55.996+0000] {processor.py:925} INFO - DAG(s) 'yahoo_finance_simple_dag' retrieved from /opt/airflow/dags/yahoo_finance_transactional.py
[2025-11-21T02:10:56.005+0000] {logging_mixin.py:190} INFO - [2025-11-21T02:10:56.004+0000] {dag.py:3229} INFO - Sync 1 DAGs
[2025-11-21T02:10:56.009+0000] {logging_mixin.py:190} INFO - [2025-11-21T02:10:56.009+0000] {dag.py:4156} INFO - Setting next_dagrun for yahoo_finance_simple_dag to None, run_after=None
[2025-11-21T02:10:56.015+0000] {processor.py:208} INFO - Processing /opt/airflow/dags/yahoo_finance_transactional.py took 0.345 seconds
[2025-11-21T02:11:26.239+0000] {processor.py:186} INFO - Started process (PID=1122) to work on /opt/airflow/dags/yahoo_finance_transactional.py
[2025-11-21T02:11:26.240+0000] {processor.py:914} INFO - Processing file /opt/airflow/dags/yahoo_finance_transactional.py for tasks to queue
[2025-11-21T02:11:26.241+0000] {logging_mixin.py:190} INFO - [2025-11-21T02:11:26.241+0000] {dagbag.py:587} INFO - Filling up the DagBag from /opt/airflow/dags/yahoo_finance_transactional.py
[2025-11-21T02:11:26.531+0000] {processor.py:925} INFO - DAG(s) 'yahoo_finance_simple_dag' retrieved from /opt/airflow/dags/yahoo_finance_transactional.py
[2025-11-21T02:11:26.539+0000] {logging_mixin.py:190} INFO - [2025-11-21T02:11:26.539+0000] {dag.py:3229} INFO - Sync 1 DAGs
[2025-11-21T02:11:26.544+0000] {logging_mixin.py:190} INFO - [2025-11-21T02:11:26.543+0000] {dag.py:4156} INFO - Setting next_dagrun for yahoo_finance_simple_dag to None, run_after=None
[2025-11-21T02:11:26.549+0000] {processor.py:208} INFO - Processing /opt/airflow/dags/yahoo_finance_transactional.py took 0.318 seconds
[2025-11-21T02:11:56.609+0000] {processor.py:186} INFO - Started process (PID=1133) to work on /opt/airflow/dags/yahoo_finance_transactional.py
[2025-11-21T02:11:56.610+0000] {processor.py:914} INFO - Processing file /opt/airflow/dags/yahoo_finance_transactional.py for tasks to queue
[2025-11-21T02:11:56.611+0000] {logging_mixin.py:190} INFO - [2025-11-21T02:11:56.611+0000] {dagbag.py:587} INFO - Filling up the DagBag from /opt/airflow/dags/yahoo_finance_transactional.py
[2025-11-21T02:11:56.868+0000] {processor.py:925} INFO - DAG(s) 'yahoo_finance_simple_dag' retrieved from /opt/airflow/dags/yahoo_finance_transactional.py
[2025-11-21T02:11:56.876+0000] {logging_mixin.py:190} INFO - [2025-11-21T02:11:56.876+0000] {dag.py:3229} INFO - Sync 1 DAGs
[2025-11-21T02:11:56.881+0000] {logging_mixin.py:190} INFO - [2025-11-21T02:11:56.881+0000] {dag.py:4156} INFO - Setting next_dagrun for yahoo_finance_simple_dag to None, run_after=None
[2025-11-21T02:11:56.886+0000] {processor.py:208} INFO - Processing /opt/airflow/dags/yahoo_finance_transactional.py took 0.283 seconds
[2025-11-21T02:12:27.241+0000] {processor.py:186} INFO - Started process (PID=1144) to work on /opt/airflow/dags/yahoo_finance_transactional.py
[2025-11-21T02:12:27.242+0000] {processor.py:914} INFO - Processing file /opt/airflow/dags/yahoo_finance_transactional.py for tasks to queue
[2025-11-21T02:12:27.244+0000] {logging_mixin.py:190} INFO - [2025-11-21T02:12:27.244+0000] {dagbag.py:587} INFO - Filling up the DagBag from /opt/airflow/dags/yahoo_finance_transactional.py
[2025-11-21T02:12:27.525+0000] {processor.py:925} INFO - DAG(s) 'yahoo_finance_simple_dag' retrieved from /opt/airflow/dags/yahoo_finance_transactional.py
[2025-11-21T02:12:27.534+0000] {logging_mixin.py:190} INFO - [2025-11-21T02:12:27.534+0000] {dag.py:3229} INFO - Sync 1 DAGs
[2025-11-21T02:12:27.538+0000] {logging_mixin.py:190} INFO - [2025-11-21T02:12:27.538+0000] {dag.py:4156} INFO - Setting next_dagrun for yahoo_finance_simple_dag to None, run_after=None
[2025-11-21T02:12:27.544+0000] {processor.py:208} INFO - Processing /opt/airflow/dags/yahoo_finance_transactional.py took 0.309 seconds
[2025-11-21T02:12:57.865+0000] {processor.py:186} INFO - Started process (PID=1155) to work on /opt/airflow/dags/yahoo_finance_transactional.py
[2025-11-21T02:12:57.866+0000] {processor.py:914} INFO - Processing file /opt/airflow/dags/yahoo_finance_transactional.py for tasks to queue
[2025-11-21T02:12:57.867+0000] {logging_mixin.py:190} INFO - [2025-11-21T02:12:57.867+0000] {dagbag.py:587} INFO - Filling up the DagBag from /opt/airflow/dags/yahoo_finance_transactional.py
[2025-11-21T02:12:58.127+0000] {processor.py:925} INFO - DAG(s) 'yahoo_finance_simple_dag' retrieved from /opt/airflow/dags/yahoo_finance_transactional.py
[2025-11-21T02:12:58.136+0000] {logging_mixin.py:190} INFO - [2025-11-21T02:12:58.136+0000] {dag.py:3229} INFO - Sync 1 DAGs
[2025-11-21T02:12:58.140+0000] {logging_mixin.py:190} INFO - [2025-11-21T02:12:58.140+0000] {dag.py:4156} INFO - Setting next_dagrun for yahoo_finance_simple_dag to None, run_after=None
[2025-11-21T02:12:58.146+0000] {processor.py:208} INFO - Processing /opt/airflow/dags/yahoo_finance_transactional.py took 0.289 seconds
[2025-11-21T02:13:25.189+0000] {processor.py:186} INFO - Started process (PID=1166) to work on /opt/airflow/dags/yahoo_finance_transactional.py
[2025-11-21T02:13:25.190+0000] {processor.py:914} INFO - Processing file /opt/airflow/dags/yahoo_finance_transactional.py for tasks to queue
[2025-11-21T02:13:25.191+0000] {logging_mixin.py:190} INFO - [2025-11-21T02:13:25.191+0000] {dagbag.py:587} INFO - Filling up the DagBag from /opt/airflow/dags/yahoo_finance_transactional.py
[2025-11-21T02:13:25.459+0000] {processor.py:925} INFO - DAG(s) 'market_data_ingest' retrieved from /opt/airflow/dags/yahoo_finance_transactional.py
[2025-11-21T02:13:25.490+0000] {logging_mixin.py:190} INFO - [2025-11-21T02:13:25.489+0000] {override.py:1900} INFO - Created Permission View: can delete on DAG:market_data_ingest
[2025-11-21T02:13:25.492+0000] {logging_mixin.py:190} INFO - [2025-11-21T02:13:25.492+0000] {override.py:1900} INFO - Created Permission View: can edit on DAG:market_data_ingest
[2025-11-21T02:13:25.493+0000] {logging_mixin.py:190} INFO - [2025-11-21T02:13:25.493+0000] {override.py:1900} INFO - Created Permission View: can read on DAG:market_data_ingest
[2025-11-21T02:13:25.495+0000] {logging_mixin.py:190} INFO - [2025-11-21T02:13:25.495+0000] {override.py:1900} INFO - Created Permission View: menu access on DAG Run:market_data_ingest
[2025-11-21T02:13:25.496+0000] {logging_mixin.py:190} INFO - [2025-11-21T02:13:25.496+0000] {override.py:1900} INFO - Created Permission View: can delete on DAG Run:market_data_ingest
[2025-11-21T02:13:25.497+0000] {logging_mixin.py:190} INFO - [2025-11-21T02:13:25.497+0000] {override.py:1900} INFO - Created Permission View: can create on DAG Run:market_data_ingest
[2025-11-21T02:13:25.498+0000] {logging_mixin.py:190} INFO - [2025-11-21T02:13:25.498+0000] {override.py:1900} INFO - Created Permission View: can read on DAG Run:market_data_ingest
[2025-11-21T02:13:25.498+0000] {logging_mixin.py:190} INFO - [2025-11-21T02:13:25.498+0000] {dag.py:3229} INFO - Sync 1 DAGs
[2025-11-21T02:13:25.502+0000] {logging_mixin.py:190} INFO - [2025-11-21T02:13:25.502+0000] {dag.py:3252} INFO - Creating ORM DAG for market_data_ingest
[2025-11-21T02:13:25.506+0000] {logging_mixin.py:190} INFO - [2025-11-21T02:13:25.506+0000] {dag.py:4156} INFO - Setting next_dagrun for market_data_ingest to 2025-11-20 00:00:00+00:00, run_after=2025-11-21 00:00:00+00:00
[2025-11-21T02:13:25.512+0000] {processor.py:208} INFO - Processing /opt/airflow/dags/yahoo_finance_transactional.py took 0.328 seconds
[2025-11-21T02:13:55.706+0000] {processor.py:186} INFO - Started process (PID=1177) to work on /opt/airflow/dags/yahoo_finance_transactional.py
[2025-11-21T02:13:55.708+0000] {processor.py:914} INFO - Processing file /opt/airflow/dags/yahoo_finance_transactional.py for tasks to queue
[2025-11-21T02:13:55.709+0000] {logging_mixin.py:190} INFO - [2025-11-21T02:13:55.708+0000] {dagbag.py:587} INFO - Filling up the DagBag from /opt/airflow/dags/yahoo_finance_transactional.py
[2025-11-21T02:13:56.022+0000] {processor.py:925} INFO - DAG(s) 'market_data_ingest' retrieved from /opt/airflow/dags/yahoo_finance_transactional.py
[2025-11-21T02:13:56.029+0000] {logging_mixin.py:190} INFO - [2025-11-21T02:13:56.029+0000] {dag.py:3229} INFO - Sync 1 DAGs
[2025-11-21T02:13:56.038+0000] {logging_mixin.py:190} INFO - [2025-11-21T02:13:56.038+0000] {dag.py:4156} INFO - Setting next_dagrun for market_data_ingest to 2025-11-20 00:00:00+00:00, run_after=2025-11-21 00:00:00+00:00
[2025-11-21T02:13:56.046+0000] {processor.py:208} INFO - Processing /opt/airflow/dags/yahoo_finance_transactional.py took 0.345 seconds
[2025-11-21T02:14:19.129+0000] {processor.py:186} INFO - Started process (PID=1188) to work on /opt/airflow/dags/yahoo_finance_transactional.py
[2025-11-21T02:14:19.130+0000] {processor.py:914} INFO - Processing file /opt/airflow/dags/yahoo_finance_transactional.py for tasks to queue
[2025-11-21T02:14:19.131+0000] {logging_mixin.py:190} INFO - [2025-11-21T02:14:19.131+0000] {dagbag.py:587} INFO - Filling up the DagBag from /opt/airflow/dags/yahoo_finance_transactional.py
[2025-11-21T02:14:19.136+0000] {logging_mixin.py:190} INFO - [2025-11-21T02:14:19.135+0000] {dagbag.py:386} ERROR - Failed to import: /opt/airflow/dags/yahoo_finance_transactional.py
Traceback (most recent call last):
  File "/home/airflow/.local/lib/python3.12/site-packages/airflow/models/dagbag.py", line 382, in parse
    loader.exec_module(new_module)
  File "<frozen importlib._bootstrap_external>", line 991, in exec_module
  File "<frozen importlib._bootstrap_external>", line 1129, in get_code
  File "<frozen importlib._bootstrap_external>", line 1059, in source_to_code
  File "<frozen importlib._bootstrap>", line 488, in _call_with_frames_removed
  File "/opt/airflow/dags/yahoo_finance_transactional.py", line 53
    catchup=False,
           ^
SyntaxError: invalid syntax
[2025-11-21T02:14:19.136+0000] {processor.py:927} WARNING - No viable dags retrieved from /opt/airflow/dags/yahoo_finance_transactional.py
[2025-11-21T02:14:19.154+0000] {processor.py:208} INFO - Processing /opt/airflow/dags/yahoo_finance_transactional.py took 0.033 seconds
[2025-11-21T02:14:33.311+0000] {processor.py:186} INFO - Started process (PID=1193) to work on /opt/airflow/dags/yahoo_finance_transactional.py
[2025-11-21T02:14:33.312+0000] {processor.py:914} INFO - Processing file /opt/airflow/dags/yahoo_finance_transactional.py for tasks to queue
[2025-11-21T02:14:33.313+0000] {logging_mixin.py:190} INFO - [2025-11-21T02:14:33.313+0000] {dagbag.py:587} INFO - Filling up the DagBag from /opt/airflow/dags/yahoo_finance_transactional.py
[2025-11-21T02:14:33.317+0000] {logging_mixin.py:190} INFO - [2025-11-21T02:14:33.316+0000] {dagbag.py:386} ERROR - Failed to import: /opt/airflow/dags/yahoo_finance_transactional.py
Traceback (most recent call last):
  File "/home/airflow/.local/lib/python3.12/site-packages/airflow/models/dagbag.py", line 382, in parse
    loader.exec_module(new_module)
  File "<frozen importlib._bootstrap_external>", line 991, in exec_module
  File "<frozen importlib._bootstrap_external>", line 1129, in get_code
  File "<frozen importlib._bootstrap_external>", line 1059, in source_to_code
  File "<frozen importlib._bootstrap>", line 488, in _call_with_frames_removed
  File "/opt/airflow/dags/yahoo_finance_transactional.py", line 52
    schedule='30 2 * * *'
             
SyntaxError: invalid syntax. Perhaps you forgot a comma?
[2025-11-21T02:14:33.317+0000] {processor.py:927} WARNING - No viable dags retrieved from /opt/airflow/dags/yahoo_finance_transactional.py
[2025-11-21T02:14:33.330+0000] {processor.py:208} INFO - Processing /opt/airflow/dags/yahoo_finance_transactional.py took 0.024 seconds
[2025-11-21T02:15:03.628+0000] {processor.py:186} INFO - Started process (PID=1204) to work on /opt/airflow/dags/yahoo_finance_transactional.py
[2025-11-21T02:15:03.628+0000] {processor.py:914} INFO - Processing file /opt/airflow/dags/yahoo_finance_transactional.py for tasks to queue
[2025-11-21T02:15:03.629+0000] {logging_mixin.py:190} INFO - [2025-11-21T02:15:03.629+0000] {dagbag.py:587} INFO - Filling up the DagBag from /opt/airflow/dags/yahoo_finance_transactional.py
[2025-11-21T02:15:03.633+0000] {logging_mixin.py:190} INFO - [2025-11-21T02:15:03.632+0000] {dagbag.py:386} ERROR - Failed to import: /opt/airflow/dags/yahoo_finance_transactional.py
Traceback (most recent call last):
  File "/home/airflow/.local/lib/python3.12/site-packages/airflow/models/dagbag.py", line 382, in parse
    loader.exec_module(new_module)
  File "<frozen importlib._bootstrap_external>", line 991, in exec_module
  File "<frozen importlib._bootstrap_external>", line 1129, in get_code
  File "<frozen importlib._bootstrap_external>", line 1059, in source_to_code
  File "<frozen importlib._bootstrap>", line 488, in _call_with_frames_removed
  File "/opt/airflow/dags/yahoo_finance_transactional.py", line 52
    schedule='30 2 * * *'
             
SyntaxError: invalid syntax. Perhaps you forgot a comma?
[2025-11-21T02:15:03.633+0000] {processor.py:927} WARNING - No viable dags retrieved from /opt/airflow/dags/yahoo_finance_transactional.py
[2025-11-21T02:15:03.646+0000] {processor.py:208} INFO - Processing /opt/airflow/dags/yahoo_finance_transactional.py took 0.023 seconds
[2025-11-21T02:15:34.001+0000] {processor.py:186} INFO - Started process (PID=1215) to work on /opt/airflow/dags/yahoo_finance_transactional.py
[2025-11-21T02:15:34.002+0000] {processor.py:914} INFO - Processing file /opt/airflow/dags/yahoo_finance_transactional.py for tasks to queue
[2025-11-21T02:15:34.003+0000] {logging_mixin.py:190} INFO - [2025-11-21T02:15:34.003+0000] {dagbag.py:587} INFO - Filling up the DagBag from /opt/airflow/dags/yahoo_finance_transactional.py
[2025-11-21T02:15:34.007+0000] {logging_mixin.py:190} INFO - [2025-11-21T02:15:34.006+0000] {dagbag.py:386} ERROR - Failed to import: /opt/airflow/dags/yahoo_finance_transactional.py
Traceback (most recent call last):
  File "/home/airflow/.local/lib/python3.12/site-packages/airflow/models/dagbag.py", line 382, in parse
    loader.exec_module(new_module)
  File "<frozen importlib._bootstrap_external>", line 991, in exec_module
  File "<frozen importlib._bootstrap_external>", line 1129, in get_code
  File "<frozen importlib._bootstrap_external>", line 1059, in source_to_code
  File "<frozen importlib._bootstrap>", line 488, in _call_with_frames_removed
  File "/opt/airflow/dags/yahoo_finance_transactional.py", line 52
    schedule='30 2 * * *'
             
SyntaxError: invalid syntax. Perhaps you forgot a comma?
[2025-11-21T02:15:34.007+0000] {processor.py:927} WARNING - No viable dags retrieved from /opt/airflow/dags/yahoo_finance_transactional.py
[2025-11-21T02:15:34.020+0000] {processor.py:208} INFO - Processing /opt/airflow/dags/yahoo_finance_transactional.py took 0.023 seconds
[2025-11-21T02:16:04.337+0000] {processor.py:186} INFO - Started process (PID=1226) to work on /opt/airflow/dags/yahoo_finance_transactional.py
[2025-11-21T02:16:04.337+0000] {processor.py:914} INFO - Processing file /opt/airflow/dags/yahoo_finance_transactional.py for tasks to queue
[2025-11-21T02:16:04.339+0000] {logging_mixin.py:190} INFO - [2025-11-21T02:16:04.339+0000] {dagbag.py:587} INFO - Filling up the DagBag from /opt/airflow/dags/yahoo_finance_transactional.py
[2025-11-21T02:16:04.341+0000] {logging_mixin.py:190} INFO - [2025-11-21T02:16:04.341+0000] {dagbag.py:386} ERROR - Failed to import: /opt/airflow/dags/yahoo_finance_transactional.py
Traceback (most recent call last):
  File "/home/airflow/.local/lib/python3.12/site-packages/airflow/models/dagbag.py", line 382, in parse
    loader.exec_module(new_module)
  File "<frozen importlib._bootstrap_external>", line 991, in exec_module
  File "<frozen importlib._bootstrap_external>", line 1129, in get_code
  File "<frozen importlib._bootstrap_external>", line 1059, in source_to_code
  File "<frozen importlib._bootstrap>", line 488, in _call_with_frames_removed
  File "/opt/airflow/dags/yahoo_finance_transactional.py", line 52
    schedule='30 2 * * *'
             
SyntaxError: invalid syntax. Perhaps you forgot a comma?
[2025-11-21T02:16:04.342+0000] {processor.py:927} WARNING - No viable dags retrieved from /opt/airflow/dags/yahoo_finance_transactional.py
[2025-11-21T02:16:04.348+0000] {processor.py:208} INFO - Processing /opt/airflow/dags/yahoo_finance_transactional.py took 0.014 seconds
[2025-11-21T02:16:34.687+0000] {processor.py:186} INFO - Started process (PID=1237) to work on /opt/airflow/dags/yahoo_finance_transactional.py
[2025-11-21T02:16:34.687+0000] {processor.py:914} INFO - Processing file /opt/airflow/dags/yahoo_finance_transactional.py for tasks to queue
[2025-11-21T02:16:34.688+0000] {logging_mixin.py:190} INFO - [2025-11-21T02:16:34.688+0000] {dagbag.py:587} INFO - Filling up the DagBag from /opt/airflow/dags/yahoo_finance_transactional.py
[2025-11-21T02:16:34.691+0000] {logging_mixin.py:190} INFO - [2025-11-21T02:16:34.691+0000] {dagbag.py:386} ERROR - Failed to import: /opt/airflow/dags/yahoo_finance_transactional.py
Traceback (most recent call last):
  File "/home/airflow/.local/lib/python3.12/site-packages/airflow/models/dagbag.py", line 382, in parse
    loader.exec_module(new_module)
  File "<frozen importlib._bootstrap_external>", line 991, in exec_module
  File "<frozen importlib._bootstrap_external>", line 1129, in get_code
  File "<frozen importlib._bootstrap_external>", line 1059, in source_to_code
  File "<frozen importlib._bootstrap>", line 488, in _call_with_frames_removed
  File "/opt/airflow/dags/yahoo_finance_transactional.py", line 52
    schedule='30 2 * * *'
             
SyntaxError: invalid syntax. Perhaps you forgot a comma?
[2025-11-21T02:16:34.692+0000] {processor.py:927} WARNING - No viable dags retrieved from /opt/airflow/dags/yahoo_finance_transactional.py
[2025-11-21T02:16:34.702+0000] {processor.py:208} INFO - Processing /opt/airflow/dags/yahoo_finance_transactional.py took 0.020 seconds
[2025-11-21T02:17:05.062+0000] {processor.py:186} INFO - Started process (PID=1248) to work on /opt/airflow/dags/yahoo_finance_transactional.py
[2025-11-21T02:17:05.063+0000] {processor.py:914} INFO - Processing file /opt/airflow/dags/yahoo_finance_transactional.py for tasks to queue
[2025-11-21T02:17:05.064+0000] {logging_mixin.py:190} INFO - [2025-11-21T02:17:05.064+0000] {dagbag.py:587} INFO - Filling up the DagBag from /opt/airflow/dags/yahoo_finance_transactional.py
[2025-11-21T02:17:05.069+0000] {logging_mixin.py:190} INFO - [2025-11-21T02:17:05.068+0000] {dagbag.py:386} ERROR - Failed to import: /opt/airflow/dags/yahoo_finance_transactional.py
Traceback (most recent call last):
  File "/home/airflow/.local/lib/python3.12/site-packages/airflow/models/dagbag.py", line 382, in parse
    loader.exec_module(new_module)
  File "<frozen importlib._bootstrap_external>", line 991, in exec_module
  File "<frozen importlib._bootstrap_external>", line 1129, in get_code
  File "<frozen importlib._bootstrap_external>", line 1059, in source_to_code
  File "<frozen importlib._bootstrap>", line 488, in _call_with_frames_removed
  File "/opt/airflow/dags/yahoo_finance_transactional.py", line 52
    schedule='30 2 * * *'
             
SyntaxError: invalid syntax. Perhaps you forgot a comma?
[2025-11-21T02:17:05.069+0000] {processor.py:927} WARNING - No viable dags retrieved from /opt/airflow/dags/yahoo_finance_transactional.py
[2025-11-21T02:17:05.084+0000] {processor.py:208} INFO - Processing /opt/airflow/dags/yahoo_finance_transactional.py took 0.028 seconds
[2025-11-21T02:17:35.404+0000] {processor.py:186} INFO - Started process (PID=1259) to work on /opt/airflow/dags/yahoo_finance_transactional.py
[2025-11-21T02:17:35.405+0000] {processor.py:914} INFO - Processing file /opt/airflow/dags/yahoo_finance_transactional.py for tasks to queue
[2025-11-21T02:17:35.406+0000] {logging_mixin.py:190} INFO - [2025-11-21T02:17:35.405+0000] {dagbag.py:587} INFO - Filling up the DagBag from /opt/airflow/dags/yahoo_finance_transactional.py
[2025-11-21T02:17:35.409+0000] {logging_mixin.py:190} INFO - [2025-11-21T02:17:35.409+0000] {dagbag.py:386} ERROR - Failed to import: /opt/airflow/dags/yahoo_finance_transactional.py
Traceback (most recent call last):
  File "/home/airflow/.local/lib/python3.12/site-packages/airflow/models/dagbag.py", line 382, in parse
    loader.exec_module(new_module)
  File "<frozen importlib._bootstrap_external>", line 991, in exec_module
  File "<frozen importlib._bootstrap_external>", line 1129, in get_code
  File "<frozen importlib._bootstrap_external>", line 1059, in source_to_code
  File "<frozen importlib._bootstrap>", line 488, in _call_with_frames_removed
  File "/opt/airflow/dags/yahoo_finance_transactional.py", line 52
    schedule='30 2 * * *'
             
SyntaxError: invalid syntax. Perhaps you forgot a comma?
[2025-11-21T02:17:35.410+0000] {processor.py:927} WARNING - No viable dags retrieved from /opt/airflow/dags/yahoo_finance_transactional.py
[2025-11-21T02:17:35.420+0000] {processor.py:208} INFO - Processing /opt/airflow/dags/yahoo_finance_transactional.py took 0.020 seconds
[2025-11-21T02:17:39.457+0000] {processor.py:186} INFO - Started process (PID=1264) to work on /opt/airflow/dags/yahoo_finance_transactional.py
[2025-11-21T02:17:39.457+0000] {processor.py:914} INFO - Processing file /opt/airflow/dags/yahoo_finance_transactional.py for tasks to queue
[2025-11-21T02:17:39.458+0000] {logging_mixin.py:190} INFO - [2025-11-21T02:17:39.458+0000] {dagbag.py:587} INFO - Filling up the DagBag from /opt/airflow/dags/yahoo_finance_transactional.py
[2025-11-21T02:17:39.736+0000] {processor.py:925} INFO - DAG(s) 'market_data_ingest' retrieved from /opt/airflow/dags/yahoo_finance_transactional.py
[2025-11-21T02:17:39.768+0000] {logging_mixin.py:190} INFO - [2025-11-21T02:17:39.768+0000] {dag.py:3229} INFO - Sync 1 DAGs
[2025-11-21T02:17:39.775+0000] {logging_mixin.py:190} INFO - [2025-11-21T02:17:39.775+0000] {dag.py:4156} INFO - Setting next_dagrun for market_data_ingest to 2025-11-19 02:30:00+00:00, run_after=2025-11-20 02:30:00+00:00
[2025-11-21T02:17:39.782+0000] {processor.py:208} INFO - Processing /opt/airflow/dags/yahoo_finance_transactional.py took 0.329 seconds
[2025-11-21T02:18:10.059+0000] {processor.py:186} INFO - Started process (PID=1305) to work on /opt/airflow/dags/yahoo_finance_transactional.py
[2025-11-21T02:18:10.060+0000] {processor.py:914} INFO - Processing file /opt/airflow/dags/yahoo_finance_transactional.py for tasks to queue
[2025-11-21T02:18:10.060+0000] {logging_mixin.py:190} INFO - [2025-11-21T02:18:10.060+0000] {dagbag.py:587} INFO - Filling up the DagBag from /opt/airflow/dags/yahoo_finance_transactional.py
[2025-11-21T02:18:10.296+0000] {processor.py:925} INFO - DAG(s) 'market_data_ingest' retrieved from /opt/airflow/dags/yahoo_finance_transactional.py
[2025-11-21T02:18:10.301+0000] {logging_mixin.py:190} INFO - [2025-11-21T02:18:10.301+0000] {dag.py:3229} INFO - Sync 1 DAGs
[2025-11-21T02:18:10.308+0000] {logging_mixin.py:190} INFO - [2025-11-21T02:18:10.308+0000] {dag.py:4156} INFO - Setting next_dagrun for market_data_ingest to 2025-11-20 02:30:00+00:00, run_after=2025-11-21 02:30:00+00:00
[2025-11-21T02:18:10.313+0000] {processor.py:208} INFO - Processing /opt/airflow/dags/yahoo_finance_transactional.py took 0.259 seconds
[2025-11-21T02:18:40.432+0000] {processor.py:186} INFO - Started process (PID=1316) to work on /opt/airflow/dags/yahoo_finance_transactional.py
[2025-11-21T02:18:40.433+0000] {processor.py:914} INFO - Processing file /opt/airflow/dags/yahoo_finance_transactional.py for tasks to queue
[2025-11-21T02:18:40.434+0000] {logging_mixin.py:190} INFO - [2025-11-21T02:18:40.433+0000] {dagbag.py:587} INFO - Filling up the DagBag from /opt/airflow/dags/yahoo_finance_transactional.py
[2025-11-21T02:18:40.663+0000] {processor.py:925} INFO - DAG(s) 'market_data_ingest' retrieved from /opt/airflow/dags/yahoo_finance_transactional.py
[2025-11-21T02:18:40.669+0000] {logging_mixin.py:190} INFO - [2025-11-21T02:18:40.668+0000] {dag.py:3229} INFO - Sync 1 DAGs
[2025-11-21T02:18:40.676+0000] {logging_mixin.py:190} INFO - [2025-11-21T02:18:40.676+0000] {dag.py:4156} INFO - Setting next_dagrun for market_data_ingest to 2025-11-20 02:30:00+00:00, run_after=2025-11-21 02:30:00+00:00
[2025-11-21T02:18:40.681+0000] {processor.py:208} INFO - Processing /opt/airflow/dags/yahoo_finance_transactional.py took 0.255 seconds
