[2025-12-06T01:58:15.359+0000] {local_task_job_runner.py:123} INFO - ::group::Pre task execution logs
[2025-12-06T01:58:15.371+0000] {taskinstance.py:2612} INFO - Dependencies all met for dep_context=non-requeueable deps ti=<TaskInstance: elt_dbt_downstream.wait_for_TrainPredict manual__2025-12-06T01:58:14.880457+00:00 [queued]>
[2025-12-06T01:58:15.375+0000] {taskinstance.py:2612} INFO - Dependencies all met for dep_context=requeueable deps ti=<TaskInstance: elt_dbt_downstream.wait_for_TrainPredict manual__2025-12-06T01:58:14.880457+00:00 [queued]>
[2025-12-06T01:58:15.375+0000] {taskinstance.py:2865} INFO - Starting attempt 1 of 2
[2025-12-06T01:58:15.380+0000] {taskinstance.py:2888} INFO - Executing <Task(ExternalTaskSensor): wait_for_TrainPredict> on 2025-12-06 01:58:14.880457+00:00
[2025-12-06T01:58:15.386+0000] {logging_mixin.py:190} WARNING - /home/***/.local/lib/python3.12/site-packages/***/task/task_runner/standard_task_runner.py:70 DeprecationWarning: This process (pid=16347) is multi-threaded, use of fork() may lead to deadlocks in the child.
[2025-12-06T01:58:15.385+0000] {standard_task_runner.py:104} INFO - Running: ['***', 'tasks', 'run', 'elt_dbt_downstream', 'wait_for_TrainPredict', 'manual__2025-12-06T01:58:14.880457+00:00', '--job-id', '295', '--raw', '--subdir', 'DAGS_FOLDER/elt_dbt_downstream.py', '--cfg-path', '/tmp/tmpkcxplym0']
[2025-12-06T01:58:15.387+0000] {standard_task_runner.py:105} INFO - Job 295: Subtask wait_for_TrainPredict
[2025-12-06T01:58:15.387+0000] {standard_task_runner.py:72} INFO - Started process 16348 to run task
[2025-12-06T01:58:15.415+0000] {task_command.py:467} INFO - Running <TaskInstance: elt_dbt_downstream.wait_for_TrainPredict manual__2025-12-06T01:58:14.880457+00:00 [running]> on host 7c17d7f5e8b7
[2025-12-06T01:58:15.464+0000] {taskinstance.py:3131} INFO - Exporting env vars: AIRFLOW_CTX_DAG_OWNER='***' AIRFLOW_CTX_DAG_ID='elt_dbt_downstream' AIRFLOW_CTX_TASK_ID='wait_for_TrainPredict' AIRFLOW_CTX_EXECUTION_DATE='2025-12-06T01:58:14.880457+00:00' AIRFLOW_CTX_TRY_NUMBER='1' AIRFLOW_CTX_DAG_RUN_ID='manual__2025-12-06T01:58:14.880457+00:00'
[2025-12-06T01:58:15.465+0000] {taskinstance.py:731} INFO - ::endgroup::
[2025-12-06T01:58:15.472+0000] {baseoperator.py:405} WARNING - ExternalTaskSensor.execute cannot be called outside TaskInstance!
[2025-12-06T01:58:15.473+0000] {external_task.py:274} INFO - Poking for DAG 'TrainPredict' on 2025-12-06T01:28:14.880457+00:00 ... 
[2025-12-06T01:58:15.474+0000] {logging_mixin.py:190} WARNING - /home/***/.local/lib/python3.12/site-packages/***/utils/session.py:97 DeprecationWarning: This method is deprecated and will be removed in future.
[2025-12-06T01:59:00.750+0000] {local_task_job_runner.py:346} WARNING - State of this instance has been externally set to success. Terminating instance.
[2025-12-06T01:59:00.752+0000] {local_task_job_runner.py:245} INFO - ::endgroup::
[2025-12-06T01:59:00.754+0000] {process_utils.py:132} INFO - Sending 15 to group 16348. PIDs of all processes in the group: [16348]
[2025-12-06T01:59:00.754+0000] {process_utils.py:87} INFO - Sending the signal 15 to group 16348
[2025-12-06T01:59:00.761+0000] {taskinstance.py:3092} ERROR - Received SIGTERM. Terminating subprocesses.
[2025-12-06T01:59:00.798+0000] {taskinstance.py:340} INFO - ::group::Post task execution logs
[2025-12-06T01:59:00.814+0000] {process_utils.py:80} INFO - Process psutil.Process(pid=16348, status='terminated', exitcode=0, started='01:58:15') (16348) terminated with exit code 0
