[2025-12-05T23:42:26.717+0000] {local_task_job_runner.py:123} INFO - ::group::Pre task execution logs
[2025-12-05T23:42:26.722+0000] {taskinstance.py:2612} INFO - Dependencies all met for dep_context=non-requeueable deps ti=<TaskInstance: market_data_ingest.load_stage_full manual__2025-12-05T23:42:18.889778+00:00 [queued]>
[2025-12-05T23:42:26.725+0000] {taskinstance.py:2612} INFO - Dependencies all met for dep_context=requeueable deps ti=<TaskInstance: market_data_ingest.load_stage_full manual__2025-12-05T23:42:18.889778+00:00 [queued]>
[2025-12-05T23:42:26.725+0000] {taskinstance.py:2865} INFO - Starting attempt 1 of 2
[2025-12-05T23:42:26.729+0000] {taskinstance.py:2888} INFO - Executing <Task(PythonOperator): load_stage_full> on 2025-12-05 23:42:18.889778+00:00
[2025-12-05T23:42:26.732+0000] {logging_mixin.py:190} WARNING - /home/***/.local/lib/python3.12/site-packages/***/task/task_runner/standard_task_runner.py:70 DeprecationWarning: This process (pid=9885) is multi-threaded, use of fork() may lead to deadlocks in the child.
[2025-12-05T23:42:26.733+0000] {standard_task_runner.py:72} INFO - Started process 9888 to run task
[2025-12-05T23:42:26.733+0000] {standard_task_runner.py:104} INFO - Running: ['***', 'tasks', 'run', 'market_data_ingest', 'load_stage_full', 'manual__2025-12-05T23:42:18.889778+00:00', '--job-id', '265', '--raw', '--subdir', 'DAGS_FOLDER/market_data_ingest.py', '--cfg-path', '/tmp/tmpviku0cpw']
[2025-12-05T23:42:26.734+0000] {standard_task_runner.py:105} INFO - Job 265: Subtask load_stage_full
[2025-12-05T23:42:26.751+0000] {task_command.py:467} INFO - Running <TaskInstance: market_data_ingest.load_stage_full manual__2025-12-05T23:42:18.889778+00:00 [running]> on host 7c17d7f5e8b7
[2025-12-05T23:42:26.776+0000] {taskinstance.py:3131} INFO - Exporting env vars: AIRFLOW_CTX_DAG_OWNER='data' AIRFLOW_CTX_DAG_ID='market_data_ingest' AIRFLOW_CTX_TASK_ID='load_stage_full' AIRFLOW_CTX_EXECUTION_DATE='2025-12-05T23:42:18.889778+00:00' AIRFLOW_CTX_TRY_NUMBER='1' AIRFLOW_CTX_DAG_RUN_ID='manual__2025-12-05T23:42:18.889778+00:00'
[2025-12-05T23:42:26.777+0000] {taskinstance.py:731} INFO - ::endgroup::
[2025-12-05T23:42:26.783+0000] {market_data_ingest.py:119} INFO - [load_all] symbols=['SPY', 'XLK', 'XLF', 'XLY', 'XLI', 'XLE', 'XLB', 'XLV', 'XLU', 'XLC', 'XLP', 'XLRE'] train_days=2200
[2025-12-05T23:42:29.797+0000] {base.py:84} INFO - Retrieving connection 'snowflake_conn'
[2025-12-05T23:42:29.799+0000] {connection.py:413} INFO - Snowflake Connector for Python Version: 3.12.1, Python Version: 3.12.5, Platform: Linux-6.10.14-linuxkit-aarch64-with-glibc2.36
[2025-12-05T23:42:29.799+0000] {connection.py:1196} INFO - Connecting to GLOBAL Snowflake domain
[2025-12-05T23:42:29.800+0000] {connection.py:1277} INFO - This connection is in OCSP Fail Open Mode. TLS Certificates would be checked for validity and revocation status. Any other Certificate Revocation related exceptions or OCSP Responder failures would be disregarded in favor of connectivity.
[2025-12-05T23:42:30.381+0000] {cursor.py:1156} INFO - Number of results in first chunk: 1
[2025-12-05T23:42:33.248+0000] {cursor.py:1156} INFO - Number of results in first chunk: 1
[2025-12-05T23:42:33.250+0000] {market_data_ingest.py:191} INFO - Loaded 26078 rows to stage.
[2025-12-05T23:42:33.250+0000] {connection.py:788} INFO - closed
[2025-12-05T23:42:33.296+0000] {connection.py:794} INFO - No async queries seem to be running, deleting session
[2025-12-05T23:42:33.436+0000] {python.py:240} INFO - Done. Returned value was: None
[2025-12-05T23:42:33.445+0000] {taskinstance.py:340} INFO - ::group::Post task execution logs
[2025-12-05T23:42:33.445+0000] {taskinstance.py:352} INFO - Marking task as SUCCESS. dag_id=market_data_ingest, task_id=load_stage_full, run_id=manual__2025-12-05T23:42:18.889778+00:00, execution_date=20251205T234218, start_date=20251205T234226, end_date=20251205T234233
[2025-12-05T23:42:33.462+0000] {local_task_job_runner.py:266} INFO - Task exited with return code 0
[2025-12-05T23:42:33.469+0000] {logging_mixin.py:190} WARNING - /home/***/.local/lib/python3.12/site-packages/***/models/baseoperator.py:1378 AirflowProviderDeprecationWarning: Call to deprecated class SnowflakeOperator. (This class is deprecated. Please use `***.providers.common.sql.operators.sql.SQLExecuteQueryOperator`. Also, you can provide `hook_params={'warehouse': <warehouse>, 'database': <database>, 'role': <role>, 'schema': <schema>, 'authenticator': <authenticator>,'session_parameters': <session_parameters>}`.)
[2025-12-05T23:42:33.477+0000] {taskinstance.py:3900} INFO - 1 downstream tasks scheduled from follow-on schedule check
[2025-12-05T23:42:33.477+0000] {local_task_job_runner.py:245} INFO - ::endgroup::
