[2025-12-03T04:00:04.082+0000] {local_task_job_runner.py:123} INFO - ::group::Pre task execution logs
[2025-12-03T04:00:04.093+0000] {taskinstance.py:2612} INFO - Dependencies all met for dep_context=non-requeueable deps ti=<TaskInstance: elt_dbt_downstream.wait_for_TrainPredict scheduled__2025-12-02T04:00:00+00:00 [queued]>
[2025-12-03T04:00:04.097+0000] {taskinstance.py:2612} INFO - Dependencies all met for dep_context=requeueable deps ti=<TaskInstance: elt_dbt_downstream.wait_for_TrainPredict scheduled__2025-12-02T04:00:00+00:00 [queued]>
[2025-12-03T04:00:04.097+0000] {taskinstance.py:2865} INFO - Starting attempt 1 of 2
[2025-12-03T04:00:04.104+0000] {taskinstance.py:2888} INFO - Executing <Task(ExternalTaskSensor): wait_for_TrainPredict> on 2025-12-02 04:00:00+00:00
[2025-12-03T04:00:04.111+0000] {logging_mixin.py:190} WARNING - /home/***/.local/lib/python3.12/site-packages/***/task/task_runner/standard_task_runner.py:70 DeprecationWarning: This process (pid=8403) is multi-threaded, use of fork() may lead to deadlocks in the child.
[2025-12-03T04:00:04.111+0000] {standard_task_runner.py:72} INFO - Started process 8410 to run task
[2025-12-03T04:00:04.111+0000] {standard_task_runner.py:104} INFO - Running: ['***', 'tasks', 'run', 'elt_dbt_downstream', 'wait_for_TrainPredict', 'scheduled__2025-12-02T04:00:00+00:00', '--job-id', '173', '--raw', '--subdir', 'DAGS_FOLDER/elt_dbt_downstream.py', '--cfg-path', '/tmp/tmpf9jj2w9d']
[2025-12-03T04:00:04.114+0000] {standard_task_runner.py:105} INFO - Job 173: Subtask wait_for_TrainPredict
[2025-12-03T04:00:04.138+0000] {task_command.py:467} INFO - Running <TaskInstance: elt_dbt_downstream.wait_for_TrainPredict scheduled__2025-12-02T04:00:00+00:00 [running]> on host 3a991512098d
[2025-12-03T04:00:04.176+0000] {taskinstance.py:3131} INFO - Exporting env vars: AIRFLOW_CTX_DAG_OWNER='***' AIRFLOW_CTX_DAG_ID='elt_dbt_downstream' AIRFLOW_CTX_TASK_ID='wait_for_TrainPredict' AIRFLOW_CTX_EXECUTION_DATE='2025-12-02T04:00:00+00:00' AIRFLOW_CTX_TRY_NUMBER='1' AIRFLOW_CTX_DAG_RUN_ID='scheduled__2025-12-02T04:00:00+00:00'
[2025-12-03T04:00:04.176+0000] {taskinstance.py:731} INFO - ::endgroup::
[2025-12-03T04:00:04.184+0000] {baseoperator.py:405} WARNING - ExternalTaskSensor.execute cannot be called outside TaskInstance!
[2025-12-03T04:00:04.184+0000] {external_task.py:274} INFO - Poking for DAG 'TrainPredict' on 2025-12-02T03:30:00+00:00 ... 
[2025-12-03T04:00:04.186+0000] {logging_mixin.py:190} WARNING - /home/***/.local/lib/python3.12/site-packages/***/utils/session.py:97 DeprecationWarning: This method is deprecated and will be removed in future.
[2025-12-03T04:00:04.190+0000] {base.py:336} INFO - Success criteria met. Exiting.
[2025-12-03T04:00:04.193+0000] {taskinstance.py:340} INFO - ::group::Post task execution logs
[2025-12-03T04:00:04.193+0000] {taskinstance.py:352} INFO - Marking task as SUCCESS. dag_id=elt_dbt_downstream, task_id=wait_for_TrainPredict, run_id=scheduled__2025-12-02T04:00:00+00:00, execution_date=20251202T040000, start_date=20251203T040004, end_date=20251203T040004
[2025-12-03T04:00:04.211+0000] {local_task_job_runner.py:266} INFO - Task exited with return code 0
[2025-12-03T04:00:04.221+0000] {taskinstance.py:3900} INFO - 1 downstream tasks scheduled from follow-on schedule check
[2025-12-03T04:00:04.222+0000] {local_task_job_runner.py:245} INFO - ::endgroup::
