[2025-11-21T23:50:57.918+0000] {local_task_job_runner.py:123} INFO - ::group::Pre task execution logs
[2025-11-21T23:50:57.925+0000] {taskinstance.py:2612} INFO - Dependencies all met for dep_context=non-requeueable deps ti=<TaskInstance: elt_dbt_pipeline.wait_for_train_predict manual__2025-11-21T23:21:48.404456+00:00 [queued]>
[2025-11-21T23:50:57.930+0000] {taskinstance.py:2612} INFO - Dependencies all met for dep_context=requeueable deps ti=<TaskInstance: elt_dbt_pipeline.wait_for_train_predict manual__2025-11-21T23:21:48.404456+00:00 [queued]>
[2025-11-21T23:50:57.932+0000] {taskinstance.py:2865} INFO - Starting attempt 3 of 3
[2025-11-21T23:50:57.939+0000] {taskinstance.py:2888} INFO - Executing <Task(ExternalTaskSensor): wait_for_train_predict> on 2025-11-21 23:21:48.404456+00:00
[2025-11-21T23:50:57.944+0000] {standard_task_runner.py:104} INFO - Running: ['***', 'tasks', 'run', 'elt_dbt_pipeline', 'wait_for_train_predict', 'manual__2025-11-21T23:21:48.404456+00:00', '--job-id', '29', '--raw', '--subdir', 'DAGS_FOLDER/elt_dbt_pipeline.py', '--cfg-path', '/tmp/tmp18xz83jp']
[2025-11-21T23:50:57.945+0000] {logging_mixin.py:190} WARNING - /home/***/.local/lib/python3.12/site-packages/***/task/task_runner/standard_task_runner.py:70 DeprecationWarning: This process (pid=1220) is multi-threaded, use of fork() may lead to deadlocks in the child.
[2025-11-21T23:50:57.945+0000] {standard_task_runner.py:105} INFO - Job 29: Subtask wait_for_train_predict
[2025-11-21T23:50:57.945+0000] {standard_task_runner.py:72} INFO - Started process 1223 to run task
[2025-11-21T23:50:57.964+0000] {task_command.py:467} INFO - Running <TaskInstance: elt_dbt_pipeline.wait_for_train_predict manual__2025-11-21T23:21:48.404456+00:00 [running]> on host 663ef6e4cd5f
[2025-11-21T23:50:57.993+0000] {taskinstance.py:3131} INFO - Exporting env vars: AIRFLOW_CTX_DAG_OWNER='***' AIRFLOW_CTX_DAG_ID='elt_dbt_pipeline' AIRFLOW_CTX_TASK_ID='wait_for_train_predict' AIRFLOW_CTX_EXECUTION_DATE='2025-11-21T23:21:48.404456+00:00' AIRFLOW_CTX_TRY_NUMBER='3' AIRFLOW_CTX_DAG_RUN_ID='manual__2025-11-21T23:21:48.404456+00:00'
[2025-11-21T23:50:57.996+0000] {taskinstance.py:731} INFO - ::endgroup::
[2025-11-21T23:50:58.002+0000] {baseoperator.py:405} WARNING - ExternalTaskSensor.execute cannot be called outside TaskInstance!
[2025-11-21T23:50:58.003+0000] {external_task.py:274} INFO - Poking for DAG 'TrainPredict' on 2025-11-21T23:06:48.404456+00:00 ... 
[2025-11-21T23:50:58.004+0000] {logging_mixin.py:190} WARNING - /home/***/.local/lib/python3.12/site-packages/***/utils/session.py:97 DeprecationWarning: This method is deprecated and will be removed in future.
[2025-11-21T23:51:58.010+0000] {external_task.py:274} INFO - Poking for DAG 'TrainPredict' on 2025-11-21T23:06:48.404456+00:00 ... 
[2025-11-21T23:52:03.469+0000] {local_task_job_runner.py:346} WARNING - State of this instance has been externally set to restarting. Terminating instance.
[2025-11-21T23:52:03.470+0000] {local_task_job_runner.py:245} INFO - ::endgroup::
[2025-11-21T23:52:03.470+0000] {process_utils.py:132} INFO - Sending 15 to group 1223. PIDs of all processes in the group: [1223]
[2025-11-21T23:52:03.471+0000] {process_utils.py:87} INFO - Sending the signal 15 to group 1223
[2025-11-21T23:52:03.471+0000] {taskinstance.py:3092} ERROR - Received SIGTERM. Terminating subprocesses.
[2025-11-21T23:52:03.477+0000] {taskinstance.py:3310} ERROR - Task failed with exception
Traceback (most recent call last):
  File "/home/airflow/.local/lib/python3.12/site-packages/airflow/models/taskinstance.py", line 767, in _execute_task
    result = _execute_callable(context=context, **execute_callable_kwargs)
             ^^^^^^^^^^^^^^^^^^^^^^^^^^^^^^^^^^^^^^^^^^^^^^^^^^^^^^^^^^^^^
  File "/home/airflow/.local/lib/python3.12/site-packages/airflow/models/taskinstance.py", line 733, in _execute_callable
    return ExecutionCallableRunner(
           ^^^^^^^^^^^^^^^^^^^^^^^^
  File "/home/airflow/.local/lib/python3.12/site-packages/airflow/utils/operator_helpers.py", line 252, in run
    return self.func(*args, **kwargs)
           ^^^^^^^^^^^^^^^^^^^^^^^^^^
  File "/home/airflow/.local/lib/python3.12/site-packages/airflow/models/baseoperator.py", line 406, in wrapper
    return func(self, *args, **kwargs)
           ^^^^^^^^^^^^^^^^^^^^^^^^^^^
  File "/home/airflow/.local/lib/python3.12/site-packages/airflow/sensors/external_task.py", line 348, in execute
    super().execute(context)
  File "/home/airflow/.local/lib/python3.12/site-packages/airflow/models/baseoperator.py", line 406, in wrapper
    return func(self, *args, **kwargs)
           ^^^^^^^^^^^^^^^^^^^^^^^^^^^
  File "/home/airflow/.local/lib/python3.12/site-packages/airflow/sensors/base.py", line 334, in execute
    time.sleep(self._get_next_poke_interval(started_at, run_duration, poke_count))
  File "/home/airflow/.local/lib/python3.12/site-packages/airflow/models/taskinstance.py", line 3094, in signal_handler
    raise AirflowTaskTerminated("Task received SIGTERM signal")
airflow.exceptions.AirflowTaskTerminated: Task received SIGTERM signal
[2025-11-21T23:52:03.480+0000] {taskinstance.py:1225} INFO - Marking task as UP_FOR_RETRY. dag_id=elt_dbt_pipeline, task_id=wait_for_train_predict, run_id=manual__2025-11-21T23:21:48.404456+00:00, execution_date=20251121T232148, start_date=20251121T235057, end_date=20251121T235203
[2025-11-21T23:52:03.485+0000] {taskinstance.py:340} INFO - ::group::Post task execution logs
[2025-11-21T23:52:03.501+0000] {process_utils.py:80} INFO - Process psutil.Process(pid=1223, status='terminated', exitcode=2, started='23:50:57') (1223) terminated with exit code 2
