[2025-12-07T04:13:57.928+0000] {local_task_job_runner.py:123} INFO - ::group::Pre task execution logs
[2025-12-07T04:13:57.935+0000] {taskinstance.py:2612} INFO - Dependencies all met for dep_context=non-requeueable deps ti=<TaskInstance: elt_dbt_upstream.dbt_seed scheduled__2025-12-06T03:00:00+00:00 [queued]>
[2025-12-07T04:13:57.938+0000] {taskinstance.py:2612} INFO - Dependencies all met for dep_context=requeueable deps ti=<TaskInstance: elt_dbt_upstream.dbt_seed scheduled__2025-12-06T03:00:00+00:00 [queued]>
[2025-12-07T04:13:57.938+0000] {taskinstance.py:2865} INFO - Starting attempt 1 of 2
[2025-12-07T04:13:57.944+0000] {taskinstance.py:2888} INFO - Executing <Task(BashOperator): dbt_seed> on 2025-12-06 03:00:00+00:00
[2025-12-07T04:13:57.948+0000] {logging_mixin.py:190} WARNING - /home/***/.local/lib/python3.12/site-packages/***/task/task_runner/standard_task_runner.py:70 DeprecationWarning: This process (pid=48537) is multi-threaded, use of fork() may lead to deadlocks in the child.
[2025-12-07T04:13:57.947+0000] {standard_task_runner.py:104} INFO - Running: ['***', 'tasks', 'run', 'elt_dbt_upstream', 'dbt_seed', 'scheduled__2025-12-06T03:00:00+00:00', '--job-id', '370', '--raw', '--subdir', 'DAGS_FOLDER/elt_dbt_upstream.py', '--cfg-path', '/tmp/tmpzrhupwj1']
[2025-12-07T04:13:57.949+0000] {standard_task_runner.py:105} INFO - Job 370: Subtask dbt_seed
[2025-12-07T04:13:57.948+0000] {standard_task_runner.py:72} INFO - Started process 48538 to run task
[2025-12-07T04:13:57.966+0000] {task_command.py:467} INFO - Running <TaskInstance: elt_dbt_upstream.dbt_seed scheduled__2025-12-06T03:00:00+00:00 [running]> on host 7c17d7f5e8b7
[2025-12-07T04:13:57.996+0000] {taskinstance.py:3131} INFO - Exporting env vars: AIRFLOW_CTX_DAG_OWNER='***' AIRFLOW_CTX_DAG_ID='elt_dbt_upstream' AIRFLOW_CTX_TASK_ID='dbt_seed' AIRFLOW_CTX_EXECUTION_DATE='2025-12-06T03:00:00+00:00' AIRFLOW_CTX_TRY_NUMBER='1' AIRFLOW_CTX_DAG_RUN_ID='scheduled__2025-12-06T03:00:00+00:00'
[2025-12-07T04:13:57.996+0000] {taskinstance.py:731} INFO - ::endgroup::
[2025-12-07T04:13:58.004+0000] {subprocess.py:63} INFO - Tmp dir root location: /tmp
[2025-12-07T04:13:58.004+0000] {subprocess.py:75} INFO - Running command: ['/usr/bin/bash', '-c', 'set -euo pipefail;cd /opt/***/dbt/stock_analytics && dbt seed --profiles-dir /opt/***/dbt']
[2025-12-07T04:13:58.008+0000] {subprocess.py:86} INFO - Output:
[2025-12-07T04:13:58.910+0000] {subprocess.py:93} INFO - [0m04:13:58  Running with dbt=1.11.0-rc1
[2025-12-07T04:13:59.086+0000] {subprocess.py:93} INFO - [0m04:13:59  Registered adapter: snowflake=1.10.3
[2025-12-07T04:13:59.299+0000] {subprocess.py:93} INFO - [0m04:13:59  Found 6 models, 30 data tests, 1 seed, 2 sources, 504 macros
[2025-12-07T04:13:59.301+0000] {subprocess.py:93} INFO - [0m04:13:59
[2025-12-07T04:13:59.301+0000] {subprocess.py:93} INFO - [0m04:13:59  Concurrency: 4 threads (target='dev')
[2025-12-07T04:13:59.301+0000] {subprocess.py:93} INFO - [0m04:13:59
[2025-12-07T04:14:00.652+0000] {subprocess.py:93} INFO - [0m04:14:00  1 of 1 START seed file PUBLIC_SEEDS.sector_metadata ............................ [RUN]
[2025-12-07T04:14:03.301+0000] {subprocess.py:93} INFO - [0m04:14:03  1 of 1 OK loaded seed file PUBLIC_SEEDS.sector_metadata ........................ [[32mINSERT 11[0m in 2.65s]
[2025-12-07T04:14:03.887+0000] {subprocess.py:93} INFO - [0m04:14:03
[2025-12-07T04:14:03.888+0000] {subprocess.py:93} INFO - [0m04:14:03  Finished running 1 seed in 0 hours 0 minutes and 4.58 seconds (4.58s).
[2025-12-07T04:14:03.963+0000] {subprocess.py:93} INFO - [0m04:14:03
[2025-12-07T04:14:03.964+0000] {subprocess.py:93} INFO - [0m04:14:03  [32mCompleted successfully[0m
[2025-12-07T04:14:03.964+0000] {subprocess.py:93} INFO - [0m04:14:03
[2025-12-07T04:14:03.964+0000] {subprocess.py:93} INFO - [0m04:14:03  Done. PASS=1 WARN=0 ERROR=0 SKIP=0 NO-OP=0 TOTAL=1
[2025-12-07T04:14:05.008+0000] {subprocess.py:97} INFO - Command exited with return code 0
[2025-12-07T04:14:05.033+0000] {taskinstance.py:340} INFO - ::group::Post task execution logs
[2025-12-07T04:14:05.034+0000] {taskinstance.py:352} INFO - Marking task as SUCCESS. dag_id=elt_dbt_upstream, task_id=dbt_seed, run_id=scheduled__2025-12-06T03:00:00+00:00, execution_date=20251206T030000, start_date=20251207T041357, end_date=20251207T041405
[2025-12-07T04:14:05.076+0000] {local_task_job_runner.py:266} INFO - Task exited with return code 0
[2025-12-07T04:14:05.089+0000] {taskinstance.py:3900} INFO - 1 downstream tasks scheduled from follow-on schedule check
[2025-12-07T04:14:05.090+0000] {local_task_job_runner.py:245} INFO - ::endgroup::
