[2025-11-22T18:33:33.871+0000] {local_task_job_runner.py:123} INFO - ::group::Pre task execution logs
[2025-11-22T18:33:33.879+0000] {taskinstance.py:2612} INFO - Dependencies all met for dep_context=non-requeueable deps ti=<TaskInstance: TrainPredict.wait_for_elt_dbt_pipeline scheduled__2025-11-21T03:30:00+00:00 [queued]>
[2025-11-22T18:33:33.881+0000] {taskinstance.py:2612} INFO - Dependencies all met for dep_context=requeueable deps ti=<TaskInstance: TrainPredict.wait_for_elt_dbt_pipeline scheduled__2025-11-21T03:30:00+00:00 [queued]>
[2025-11-22T18:33:33.882+0000] {taskinstance.py:2865} INFO - Starting attempt 1 of 1
[2025-11-22T18:33:33.885+0000] {taskinstance.py:2888} INFO - Executing <Task(ExternalTaskSensor): wait_for_elt_dbt_pipeline> on 2025-11-21 03:30:00+00:00
[2025-11-22T18:33:33.890+0000] {logging_mixin.py:190} WARNING - /home/***/.local/lib/python3.12/site-packages/***/task/task_runner/standard_task_runner.py:70 DeprecationWarning: This process (pid=392) is multi-threaded, use of fork() may lead to deadlocks in the child.
[2025-11-22T18:33:33.891+0000] {standard_task_runner.py:72} INFO - Started process 395 to run task
[2025-11-22T18:33:33.890+0000] {standard_task_runner.py:104} INFO - Running: ['***', 'tasks', 'run', 'TrainPredict', 'wait_for_elt_dbt_pipeline', 'scheduled__2025-11-21T03:30:00+00:00', '--job-id', '5', '--raw', '--subdir', 'DAGS_FOLDER/train_predict.py', '--cfg-path', '/tmp/tmp9x2_syjs']
[2025-11-22T18:33:33.891+0000] {standard_task_runner.py:105} INFO - Job 5: Subtask wait_for_elt_dbt_pipeline
[2025-11-22T18:33:33.911+0000] {task_command.py:467} INFO - Running <TaskInstance: TrainPredict.wait_for_elt_dbt_pipeline scheduled__2025-11-21T03:30:00+00:00 [running]> on host 599ab64e91dc
[2025-11-22T18:33:33.944+0000] {taskinstance.py:3131} INFO - Exporting env vars: AIRFLOW_CTX_DAG_OWNER='***' AIRFLOW_CTX_DAG_ID='TrainPredict' AIRFLOW_CTX_TASK_ID='wait_for_elt_dbt_pipeline' AIRFLOW_CTX_EXECUTION_DATE='2025-11-21T03:30:00+00:00' AIRFLOW_CTX_TRY_NUMBER='1' AIRFLOW_CTX_DAG_RUN_ID='scheduled__2025-11-21T03:30:00+00:00'
[2025-11-22T18:33:33.945+0000] {taskinstance.py:731} INFO - ::endgroup::
[2025-11-22T18:33:33.946+0000] {baseoperator.py:405} WARNING - ExternalTaskSensor.execute cannot be called outside TaskInstance!
[2025-11-22T18:33:33.946+0000] {external_task.py:274} INFO - Poking for DAG 'elt_dbt_pipeline' on 2025-11-21T03:00:00+00:00 ... 
[2025-11-22T18:33:33.947+0000] {logging_mixin.py:190} WARNING - /home/***/.local/lib/python3.12/site-packages/***/utils/session.py:97 DeprecationWarning: This method is deprecated and will be removed in future.
[2025-11-22T18:34:33.957+0000] {external_task.py:274} INFO - Poking for DAG 'elt_dbt_pipeline' on 2025-11-21T03:00:00+00:00 ... 
[2025-11-22T18:35:33.978+0000] {external_task.py:274} INFO - Poking for DAG 'elt_dbt_pipeline' on 2025-11-21T03:00:00+00:00 ... 
[2025-11-22T18:36:33.991+0000] {external_task.py:274} INFO - Poking for DAG 'elt_dbt_pipeline' on 2025-11-21T03:00:00+00:00 ... 
[2025-11-22T18:37:34.004+0000] {external_task.py:274} INFO - Poking for DAG 'elt_dbt_pipeline' on 2025-11-21T03:00:00+00:00 ... 
[2025-11-22T18:38:34.026+0000] {external_task.py:274} INFO - Poking for DAG 'elt_dbt_pipeline' on 2025-11-21T03:00:00+00:00 ... 
[2025-11-22T18:39:34.061+0000] {external_task.py:274} INFO - Poking for DAG 'elt_dbt_pipeline' on 2025-11-21T03:00:00+00:00 ... 
[2025-11-22T18:40:34.081+0000] {external_task.py:274} INFO - Poking for DAG 'elt_dbt_pipeline' on 2025-11-21T03:00:00+00:00 ... 
[2025-11-22T18:41:34.100+0000] {external_task.py:274} INFO - Poking for DAG 'elt_dbt_pipeline' on 2025-11-21T03:00:00+00:00 ... 
[2025-11-22T18:41:34.113+0000] {base.py:336} INFO - Success criteria met. Exiting.
[2025-11-22T18:41:34.126+0000] {taskinstance.py:340} INFO - ::group::Post task execution logs
[2025-11-22T18:41:34.127+0000] {taskinstance.py:352} INFO - Marking task as SUCCESS. dag_id=TrainPredict, task_id=wait_for_elt_dbt_pipeline, run_id=scheduled__2025-11-21T03:30:00+00:00, execution_date=20251121T033000, start_date=20251122T183333, end_date=20251122T184134
[2025-11-22T18:41:34.158+0000] {local_task_job_runner.py:266} INFO - Task exited with return code 0
[2025-11-22T18:41:34.167+0000] {taskinstance.py:3925} ERROR - Error scheduling downstream tasks. Skipping it as this is entirely optional optimisation. There might be various reasons for it, please take a look at the stack trace to figure out if the root cause can be diagnosed and fixed. See the issue https://github.com/apache/***/issues/39717 for details and an example problem. If you would like to get help in solving root cause, open discussion with all details with your managed service support or in Airflow repository.
Traceback (most recent call last):
  File "/home/airflow/.local/lib/python3.12/site-packages/airflow/models/taskinstance.py", line 3921, in schedule_downstream_tasks
    return TaskInstance._schedule_downstream_tasks(
           ^^^^^^^^^^^^^^^^^^^^^^^^^^^^^^^^^^^^^^^^
  File "/home/airflow/.local/lib/python3.12/site-packages/airflow/utils/session.py", line 94, in wrapper
    return func(*args, **kwargs)
           ^^^^^^^^^^^^^^^^^^^^^
  File "/home/airflow/.local/lib/python3.12/site-packages/airflow/models/taskinstance.py", line 3870, in _schedule_downstream_tasks
    partial_dag = task.dag.partial_subset(
                  ^^^^^^^^^^^^^^^^^^^^^^^^
  File "/home/airflow/.local/lib/python3.12/site-packages/airflow/models/dag.py", line 2664, in partial_subset
    t.task_id: _deepcopy_task(t)
               ^^^^^^^^^^^^^^^^^
  File "/home/airflow/.local/lib/python3.12/site-packages/airflow/models/dag.py", line 2661, in _deepcopy_task
    return copy.deepcopy(t, memo)
           ^^^^^^^^^^^^^^^^^^^^^^
  File "/usr/local/lib/python3.12/copy.py", line 143, in deepcopy
    y = copier(memo)
        ^^^^^^^^^^^^
  File "/home/airflow/.local/lib/python3.12/site-packages/airflow/models/baseoperator.py", line 1388, in __deepcopy__
    setattr(result, k, copy.deepcopy(v, memo))
                       ^^^^^^^^^^^^^^^^^^^^^^
  File "/usr/local/lib/python3.12/copy.py", line 136, in deepcopy
    y = copier(x, memo)
        ^^^^^^^^^^^^^^^
  File "/usr/local/lib/python3.12/copy.py", line 221, in _deepcopy_dict
    y[deepcopy(key, memo)] = deepcopy(value, memo)
                             ^^^^^^^^^^^^^^^^^^^^^
  File "/usr/local/lib/python3.12/copy.py", line 136, in deepcopy
    y = copier(x, memo)
        ^^^^^^^^^^^^^^^
  File "/usr/local/lib/python3.12/copy.py", line 201, in _deepcopy_tuple
    y = [deepcopy(a, memo) for a in x]
         ^^^^^^^^^^^^^^^^^
  File "/usr/local/lib/python3.12/copy.py", line 162, in deepcopy
    y = _reconstruct(x, memo, *rv)
        ^^^^^^^^^^^^^^^^^^^^^^^^^^
  File "/usr/local/lib/python3.12/copy.py", line 259, in _reconstruct
    state = deepcopy(state, memo)
            ^^^^^^^^^^^^^^^^^^^^^
  File "/usr/local/lib/python3.12/copy.py", line 136, in deepcopy
    y = copier(x, memo)
        ^^^^^^^^^^^^^^^
  File "/usr/local/lib/python3.12/copy.py", line 221, in _deepcopy_dict
    y[deepcopy(key, memo)] = deepcopy(value, memo)
                             ^^^^^^^^^^^^^^^^^^^^^
  File "/usr/local/lib/python3.12/copy.py", line 162, in deepcopy
    y = _reconstruct(x, memo, *rv)
        ^^^^^^^^^^^^^^^^^^^^^^^^^^
  File "/usr/local/lib/python3.12/copy.py", line 259, in _reconstruct
    state = deepcopy(state, memo)
            ^^^^^^^^^^^^^^^^^^^^^
  File "/usr/local/lib/python3.12/copy.py", line 136, in deepcopy
    y = copier(x, memo)
        ^^^^^^^^^^^^^^^
  File "/usr/local/lib/python3.12/copy.py", line 221, in _deepcopy_dict
    y[deepcopy(key, memo)] = deepcopy(value, memo)
                             ^^^^^^^^^^^^^^^^^^^^^
  File "/usr/local/lib/python3.12/copy.py", line 151, in deepcopy
    rv = reductor(4)
         ^^^^^^^^^^^
TypeError: cannot pickle '_thread.lock' object
[2025-11-22T18:41:34.171+0000] {local_task_job_runner.py:245} INFO - ::endgroup::
