[2025-12-03T03:30:01.364+0000] {local_task_job_runner.py:123} INFO - ::group::Pre task execution logs
[2025-12-03T03:30:01.369+0000] {taskinstance.py:2612} INFO - Dependencies all met for dep_context=non-requeueable deps ti=<TaskInstance: TrainPredict.wait_for_elt_dbt_upstream scheduled__2025-12-02T03:30:00+00:00 [queued]>
[2025-12-03T03:30:01.371+0000] {taskinstance.py:2612} INFO - Dependencies all met for dep_context=requeueable deps ti=<TaskInstance: TrainPredict.wait_for_elt_dbt_upstream scheduled__2025-12-02T03:30:00+00:00 [queued]>
[2025-12-03T03:30:01.372+0000] {taskinstance.py:2865} INFO - Starting attempt 1 of 1
[2025-12-03T03:30:01.375+0000] {taskinstance.py:2888} INFO - Executing <Task(ExternalTaskSensor): wait_for_elt_dbt_upstream> on 2025-12-02 03:30:00+00:00
[2025-12-03T03:30:01.379+0000] {logging_mixin.py:190} WARNING - /home/***/.local/lib/python3.12/site-packages/***/task/task_runner/standard_task_runner.py:70 DeprecationWarning: This process (pid=7946) is multi-threaded, use of fork() may lead to deadlocks in the child.
[2025-12-03T03:30:01.379+0000] {standard_task_runner.py:72} INFO - Started process 7949 to run task
[2025-12-03T03:30:01.379+0000] {standard_task_runner.py:104} INFO - Running: ['***', 'tasks', 'run', 'TrainPredict', 'wait_for_elt_dbt_upstream', 'scheduled__2025-12-02T03:30:00+00:00', '--job-id', '170', '--raw', '--subdir', 'DAGS_FOLDER/train_predict.py', '--cfg-path', '/tmp/tmpvvezfnke']
[2025-12-03T03:30:01.380+0000] {standard_task_runner.py:105} INFO - Job 170: Subtask wait_for_elt_dbt_upstream
[2025-12-03T03:30:01.396+0000] {task_command.py:467} INFO - Running <TaskInstance: TrainPredict.wait_for_elt_dbt_upstream scheduled__2025-12-02T03:30:00+00:00 [running]> on host 3a991512098d
[2025-12-03T03:30:01.424+0000] {taskinstance.py:3131} INFO - Exporting env vars: AIRFLOW_CTX_DAG_OWNER='***' AIRFLOW_CTX_DAG_ID='TrainPredict' AIRFLOW_CTX_TASK_ID='wait_for_elt_dbt_upstream' AIRFLOW_CTX_EXECUTION_DATE='2025-12-02T03:30:00+00:00' AIRFLOW_CTX_TRY_NUMBER='1' AIRFLOW_CTX_DAG_RUN_ID='scheduled__2025-12-02T03:30:00+00:00'
[2025-12-03T03:30:01.424+0000] {taskinstance.py:731} INFO - ::endgroup::
[2025-12-03T03:30:01.425+0000] {baseoperator.py:405} WARNING - ExternalTaskSensor.execute cannot be called outside TaskInstance!
[2025-12-03T03:30:01.425+0000] {external_task.py:274} INFO - Poking for DAG 'elt_dbt_upstream' on 2025-12-02T03:00:00+00:00 ... 
[2025-12-03T03:30:01.426+0000] {logging_mixin.py:190} WARNING - /home/***/.local/lib/python3.12/site-packages/***/utils/session.py:97 DeprecationWarning: This method is deprecated and will be removed in future.
[2025-12-03T03:30:01.429+0000] {base.py:336} INFO - Success criteria met. Exiting.
[2025-12-03T03:30:01.432+0000] {taskinstance.py:340} INFO - ::group::Post task execution logs
[2025-12-03T03:30:01.432+0000] {taskinstance.py:352} INFO - Marking task as SUCCESS. dag_id=TrainPredict, task_id=wait_for_elt_dbt_upstream, run_id=scheduled__2025-12-02T03:30:00+00:00, execution_date=20251202T033000, start_date=20251203T033001, end_date=20251203T033001
[2025-12-03T03:30:01.440+0000] {local_task_job_runner.py:266} INFO - Task exited with return code 0
[2025-12-03T03:30:01.451+0000] {taskinstance.py:3900} INFO - 1 downstream tasks scheduled from follow-on schedule check
[2025-12-03T03:30:01.452+0000] {local_task_job_runner.py:245} INFO - ::endgroup::
