[2025-12-02T22:50:48.648+0000] {local_task_job_runner.py:123} INFO - ::group::Pre task execution logs
[2025-12-02T22:50:48.656+0000] {taskinstance.py:2612} INFO - Dependencies all met for dep_context=non-requeueable deps ti=<TaskInstance: elt_dbt_upstream.dbt_seed manual__2025-12-02T22:49:59.864315+00:00 [queued]>
[2025-12-02T22:50:48.659+0000] {taskinstance.py:2612} INFO - Dependencies all met for dep_context=requeueable deps ti=<TaskInstance: elt_dbt_upstream.dbt_seed manual__2025-12-02T22:49:59.864315+00:00 [queued]>
[2025-12-02T22:50:48.659+0000] {taskinstance.py:2865} INFO - Starting attempt 1 of 2
[2025-12-02T22:50:48.663+0000] {taskinstance.py:2888} INFO - Executing <Task(BashOperator): dbt_seed> on 2025-12-02 22:49:59.864315+00:00
[2025-12-02T22:50:48.666+0000] {standard_task_runner.py:104} INFO - Running: ['***', 'tasks', 'run', 'elt_dbt_upstream', 'dbt_seed', 'manual__2025-12-02T22:49:59.864315+00:00', '--job-id', '149', '--raw', '--subdir', 'DAGS_FOLDER/elt_dbt_upstream.py', '--cfg-path', '/tmp/tmp56fm27py']
[2025-12-02T22:50:48.668+0000] {standard_task_runner.py:105} INFO - Job 149: Subtask dbt_seed
[2025-12-02T22:50:48.667+0000] {logging_mixin.py:190} WARNING - /home/***/.local/lib/python3.12/site-packages/***/task/task_runner/standard_task_runner.py:70 DeprecationWarning: This process (pid=344) is multi-threaded, use of fork() may lead to deadlocks in the child.
[2025-12-02T22:50:48.669+0000] {standard_task_runner.py:72} INFO - Started process 345 to run task
[2025-12-02T22:50:48.683+0000] {task_command.py:467} INFO - Running <TaskInstance: elt_dbt_upstream.dbt_seed manual__2025-12-02T22:49:59.864315+00:00 [running]> on host 3a991512098d
[2025-12-02T22:50:48.710+0000] {taskinstance.py:3131} INFO - Exporting env vars: AIRFLOW_CTX_DAG_OWNER='***' AIRFLOW_CTX_DAG_ID='elt_dbt_upstream' AIRFLOW_CTX_TASK_ID='dbt_seed' AIRFLOW_CTX_EXECUTION_DATE='2025-12-02T22:49:59.864315+00:00' AIRFLOW_CTX_TRY_NUMBER='1' AIRFLOW_CTX_DAG_RUN_ID='manual__2025-12-02T22:49:59.864315+00:00'
[2025-12-02T22:50:48.710+0000] {taskinstance.py:731} INFO - ::endgroup::
[2025-12-02T22:50:48.716+0000] {subprocess.py:63} INFO - Tmp dir root location: /tmp
[2025-12-02T22:50:48.716+0000] {subprocess.py:75} INFO - Running command: ['/usr/bin/bash', '-c', 'set -euo pipefail;cd /opt/***/dbt/stock_analytics && dbt seed --profiles-dir /opt/***/dbt']
[2025-12-02T22:50:48.719+0000] {subprocess.py:86} INFO - Output:
[2025-12-02T22:50:49.607+0000] {subprocess.py:93} INFO - [0m22:50:49  Running with dbt=1.11.0-rc1
[2025-12-02T22:50:49.779+0000] {subprocess.py:93} INFO - [0m22:50:49  Registered adapter: snowflake=1.10.3
[2025-12-02T22:50:49.996+0000] {subprocess.py:93} INFO - [0m22:50:49  Found 6 models, 30 data tests, 1 seed, 2 sources, 504 macros
[2025-12-02T22:50:49.997+0000] {subprocess.py:93} INFO - [0m22:50:49
[2025-12-02T22:50:49.998+0000] {subprocess.py:93} INFO - [0m22:50:49  Concurrency: 4 threads (target='dev')
[2025-12-02T22:50:49.998+0000] {subprocess.py:93} INFO - [0m22:50:49
[2025-12-02T22:50:51.194+0000] {subprocess.py:93} INFO - [0m22:50:51  1 of 1 START seed file PUBLIC_SEEDS.sector_metadata ............................ [RUN]
[2025-12-02T22:50:53.085+0000] {subprocess.py:93} INFO - [0m22:50:53  1 of 1 OK loaded seed file PUBLIC_SEEDS.sector_metadata ........................ [[32mINSERT 12[0m in 1.89s]
[2025-12-02T22:50:53.657+0000] {subprocess.py:93} INFO - [0m22:50:53
[2025-12-02T22:50:53.657+0000] {subprocess.py:93} INFO - [0m22:50:53  Finished running 1 seed in 0 hours 0 minutes and 3.66 seconds (3.66s).
[2025-12-02T22:50:53.689+0000] {subprocess.py:93} INFO - [0m22:50:53
[2025-12-02T22:50:53.689+0000] {subprocess.py:93} INFO - [0m22:50:53  [32mCompleted successfully[0m
[2025-12-02T22:50:53.689+0000] {subprocess.py:93} INFO - [0m22:50:53
[2025-12-02T22:50:53.690+0000] {subprocess.py:93} INFO - [0m22:50:53  Done. PASS=1 WARN=0 ERROR=0 SKIP=0 NO-OP=0 TOTAL=1
[2025-12-02T22:50:54.282+0000] {subprocess.py:97} INFO - Command exited with return code 0
[2025-12-02T22:50:54.290+0000] {taskinstance.py:340} INFO - ::group::Post task execution logs
[2025-12-02T22:50:54.291+0000] {taskinstance.py:352} INFO - Marking task as SUCCESS. dag_id=elt_dbt_upstream, task_id=dbt_seed, run_id=manual__2025-12-02T22:49:59.864315+00:00, execution_date=20251202T224959, start_date=20251202T225048, end_date=20251202T225054
[2025-12-02T22:50:54.301+0000] {local_task_job_runner.py:266} INFO - Task exited with return code 0
[2025-12-02T22:50:54.310+0000] {taskinstance.py:3900} INFO - 1 downstream tasks scheduled from follow-on schedule check
[2025-12-02T22:50:54.310+0000] {local_task_job_runner.py:245} INFO - ::endgroup::
