[2025-12-06T06:27:48.178+0000] {local_task_job_runner.py:123} INFO - ::group::Pre task execution logs
[2025-12-06T06:27:48.187+0000] {taskinstance.py:2612} INFO - Dependencies all met for dep_context=non-requeueable deps ti=<TaskInstance: elt_dbt_downstream.dbt_run_downstream manual__2025-12-06T06:04:36.464424+00:00 [queued]>
[2025-12-06T06:27:48.190+0000] {taskinstance.py:2612} INFO - Dependencies all met for dep_context=requeueable deps ti=<TaskInstance: elt_dbt_downstream.dbt_run_downstream manual__2025-12-06T06:04:36.464424+00:00 [queued]>
[2025-12-06T06:27:48.190+0000] {taskinstance.py:2865} INFO - Starting attempt 3 of 4
[2025-12-06T06:27:48.194+0000] {taskinstance.py:2888} INFO - Executing <Task(BashOperator): dbt_run_downstream> on 2025-12-06 06:04:36.464424+00:00
[2025-12-06T06:27:48.198+0000] {standard_task_runner.py:104} INFO - Running: ['***', 'tasks', 'run', 'elt_dbt_downstream', 'dbt_run_downstream', 'manual__2025-12-06T06:04:36.464424+00:00', '--job-id', '354', '--raw', '--subdir', 'DAGS_FOLDER/elt_dbt_downstream.py', '--cfg-path', '/tmp/tmp9gu6i8vg']
[2025-12-06T06:27:48.198+0000] {logging_mixin.py:190} WARNING - /home/***/.local/lib/python3.12/site-packages/***/task/task_runner/standard_task_runner.py:70 DeprecationWarning: This process (pid=24690) is multi-threaded, use of fork() may lead to deadlocks in the child.
[2025-12-06T06:27:48.199+0000] {standard_task_runner.py:105} INFO - Job 354: Subtask dbt_run_downstream
[2025-12-06T06:27:48.199+0000] {standard_task_runner.py:72} INFO - Started process 24691 to run task
[2025-12-06T06:27:48.221+0000] {task_command.py:467} INFO - Running <TaskInstance: elt_dbt_downstream.dbt_run_downstream manual__2025-12-06T06:04:36.464424+00:00 [running]> on host 7c17d7f5e8b7
[2025-12-06T06:27:48.256+0000] {taskinstance.py:3131} INFO - Exporting env vars: AIRFLOW_CTX_DAG_OWNER='***' AIRFLOW_CTX_DAG_ID='elt_dbt_downstream' AIRFLOW_CTX_TASK_ID='dbt_run_downstream' AIRFLOW_CTX_EXECUTION_DATE='2025-12-06T06:04:36.464424+00:00' AIRFLOW_CTX_TRY_NUMBER='3' AIRFLOW_CTX_DAG_RUN_ID='manual__2025-12-06T06:04:36.464424+00:00'
[2025-12-06T06:27:48.256+0000] {taskinstance.py:731} INFO - ::endgroup::
[2025-12-06T06:27:48.264+0000] {subprocess.py:63} INFO - Tmp dir root location: /tmp
[2025-12-06T06:27:48.265+0000] {subprocess.py:75} INFO - Running command: ['/usr/bin/bash', '-c', 'set -euo pipefail;cd /opt/***/dbt/stock_analytics && dbt run --select mart_forecast_combined mart_risk_reward_scatter mart_market_regime --profiles-dir /opt/***/dbt']
[2025-12-06T06:27:48.268+0000] {subprocess.py:86} INFO - Output:
[2025-12-06T06:27:49.197+0000] {subprocess.py:93} INFO - [0m06:27:49  Running with dbt=1.11.0-rc1
[2025-12-06T06:27:49.372+0000] {subprocess.py:93} INFO - [0m06:27:49  Registered adapter: snowflake=1.10.3
[2025-12-06T06:27:49.598+0000] {subprocess.py:93} INFO - [0m06:27:49  Found 6 models, 30 data tests, 1 seed, 2 sources, 504 macros
[2025-12-06T06:27:49.599+0000] {subprocess.py:93} INFO - [0m06:27:49
[2025-12-06T06:27:49.599+0000] {subprocess.py:93} INFO - [0m06:27:49  Concurrency: 4 threads (target='dev')
[2025-12-06T06:27:49.599+0000] {subprocess.py:93} INFO - [0m06:27:49
[2025-12-06T06:27:51.187+0000] {subprocess.py:93} INFO - [0m06:27:51  1 of 3 START sql table model PUBLIC_ANALYTICS.mart_forecast_combined ........... [RUN]
[2025-12-06T06:27:51.188+0000] {subprocess.py:93} INFO - [0m06:27:51  2 of 3 START sql table model PUBLIC_ANALYTICS.mart_market_regime ............... [RUN]
[2025-12-06T06:27:51.189+0000] {subprocess.py:93} INFO - [0m06:27:51  3 of 3 START sql table model PUBLIC_ANALYTICS.mart_risk_reward_scatter ......... [RUN]
[2025-12-06T06:27:52.181+0000] {subprocess.py:93} INFO - [0m06:27:52  2 of 3 OK created sql table model PUBLIC_ANALYTICS.mart_market_regime .......... [[32mSUCCESS 1[0m in 0.99s]
[2025-12-06T06:27:52.569+0000] {subprocess.py:93} INFO - [0m06:27:52  3 of 3 OK created sql table model PUBLIC_ANALYTICS.mart_risk_reward_scatter .... [[32mSUCCESS 1[0m in 1.38s]
[2025-12-06T06:27:52.573+0000] {subprocess.py:93} INFO - [0m06:27:52  1 of 3 OK created sql table model PUBLIC_ANALYTICS.mart_forecast_combined ...... [[32mSUCCESS 1[0m in 1.38s]
[2025-12-06T06:27:53.112+0000] {subprocess.py:93} INFO - [0m06:27:53
[2025-12-06T06:27:53.112+0000] {subprocess.py:93} INFO - [0m06:27:53  Finished running 3 table models in 0 hours 0 minutes and 3.51 seconds (3.51s).
[2025-12-06T06:27:53.140+0000] {subprocess.py:93} INFO - [0m06:27:53
[2025-12-06T06:27:53.140+0000] {subprocess.py:93} INFO - [0m06:27:53  [32mCompleted successfully[0m
[2025-12-06T06:27:53.140+0000] {subprocess.py:93} INFO - [0m06:27:53
[2025-12-06T06:27:53.140+0000] {subprocess.py:93} INFO - [0m06:27:53  Done. PASS=3 WARN=0 ERROR=0 SKIP=0 NO-OP=0 TOTAL=3
[2025-12-06T06:27:53.730+0000] {subprocess.py:97} INFO - Command exited with return code 0
[2025-12-06T06:27:53.742+0000] {taskinstance.py:340} INFO - ::group::Post task execution logs
[2025-12-06T06:27:53.742+0000] {taskinstance.py:352} INFO - Marking task as SUCCESS. dag_id=elt_dbt_downstream, task_id=dbt_run_downstream, run_id=manual__2025-12-06T06:04:36.464424+00:00, execution_date=20251206T060436, start_date=20251206T062748, end_date=20251206T062753
[2025-12-06T06:27:53.758+0000] {local_task_job_runner.py:266} INFO - Task exited with return code 0
[2025-12-06T06:27:53.765+0000] {taskinstance.py:3900} INFO - 1 downstream tasks scheduled from follow-on schedule check
[2025-12-06T06:27:53.765+0000] {local_task_job_runner.py:245} INFO - ::endgroup::
