[2025-12-06T06:37:29.916+0000] {local_task_job_runner.py:123} INFO - ::group::Pre task execution logs
[2025-12-06T06:37:29.928+0000] {taskinstance.py:2612} INFO - Dependencies all met for dep_context=non-requeueable deps ti=<TaskInstance: elt_dbt_downstream.dbt_run_downstream manual__2025-12-06T06:04:36.464424+00:00 [queued]>
[2025-12-06T06:37:29.931+0000] {taskinstance.py:2612} INFO - Dependencies all met for dep_context=requeueable deps ti=<TaskInstance: elt_dbt_downstream.dbt_run_downstream manual__2025-12-06T06:04:36.464424+00:00 [queued]>
[2025-12-06T06:37:29.931+0000] {taskinstance.py:2865} INFO - Starting attempt 4 of 5
[2025-12-06T06:37:29.936+0000] {taskinstance.py:2888} INFO - Executing <Task(BashOperator): dbt_run_downstream> on 2025-12-06 06:04:36.464424+00:00
[2025-12-06T06:37:29.941+0000] {logging_mixin.py:190} WARNING - /home/***/.local/lib/python3.12/site-packages/***/task/task_runner/standard_task_runner.py:70 DeprecationWarning: This process (pid=25265) is multi-threaded, use of fork() may lead to deadlocks in the child.
[2025-12-06T06:37:29.942+0000] {standard_task_runner.py:72} INFO - Started process 25266 to run task
[2025-12-06T06:37:29.940+0000] {standard_task_runner.py:104} INFO - Running: ['***', 'tasks', 'run', 'elt_dbt_downstream', 'dbt_run_downstream', 'manual__2025-12-06T06:04:36.464424+00:00', '--job-id', '358', '--raw', '--subdir', 'DAGS_FOLDER/elt_dbt_downstream.py', '--cfg-path', '/tmp/tmpaavuinh1']
[2025-12-06T06:37:29.942+0000] {standard_task_runner.py:105} INFO - Job 358: Subtask dbt_run_downstream
[2025-12-06T06:37:29.973+0000] {task_command.py:467} INFO - Running <TaskInstance: elt_dbt_downstream.dbt_run_downstream manual__2025-12-06T06:04:36.464424+00:00 [running]> on host 7c17d7f5e8b7
[2025-12-06T06:37:30.007+0000] {taskinstance.py:3131} INFO - Exporting env vars: AIRFLOW_CTX_DAG_OWNER='***' AIRFLOW_CTX_DAG_ID='elt_dbt_downstream' AIRFLOW_CTX_TASK_ID='dbt_run_downstream' AIRFLOW_CTX_EXECUTION_DATE='2025-12-06T06:04:36.464424+00:00' AIRFLOW_CTX_TRY_NUMBER='4' AIRFLOW_CTX_DAG_RUN_ID='manual__2025-12-06T06:04:36.464424+00:00'
[2025-12-06T06:37:30.007+0000] {taskinstance.py:731} INFO - ::endgroup::
[2025-12-06T06:37:30.015+0000] {subprocess.py:63} INFO - Tmp dir root location: /tmp
[2025-12-06T06:37:30.015+0000] {subprocess.py:75} INFO - Running command: ['/usr/bin/bash', '-c', 'set -euo pipefail;cd /opt/***/dbt/stock_analytics && dbt run --select mart_forecast_combined mart_risk_reward_scatter mart_market_regime --profiles-dir /opt/***/dbt']
[2025-12-06T06:37:30.019+0000] {subprocess.py:86} INFO - Output:
[2025-12-06T06:37:31.125+0000] {subprocess.py:93} INFO - [0m06:37:31  Running with dbt=1.11.0-rc1
[2025-12-06T06:37:31.323+0000] {subprocess.py:93} INFO - [0m06:37:31  Registered adapter: snowflake=1.10.3
[2025-12-06T06:37:31.543+0000] {subprocess.py:93} INFO - [0m06:37:31  Found 6 models, 30 data tests, 1 seed, 2 sources, 504 macros
[2025-12-06T06:37:31.544+0000] {subprocess.py:93} INFO - [0m06:37:31
[2025-12-06T06:37:31.545+0000] {subprocess.py:93} INFO - [0m06:37:31  Concurrency: 4 threads (target='dev')
[2025-12-06T06:37:31.545+0000] {subprocess.py:93} INFO - [0m06:37:31
[2025-12-06T06:37:33.009+0000] {subprocess.py:93} INFO - [0m06:37:33  1 of 3 START sql table model PUBLIC_ANALYTICS.mart_forecast_combined ........... [RUN]
[2025-12-06T06:37:33.010+0000] {subprocess.py:93} INFO - [0m06:37:33  2 of 3 START sql table model PUBLIC_ANALYTICS.mart_market_regime ............... [RUN]
[2025-12-06T06:37:33.011+0000] {subprocess.py:93} INFO - [0m06:37:33  3 of 3 START sql table model PUBLIC_ANALYTICS.mart_risk_reward_scatter ......... [RUN]
[2025-12-06T06:37:34.536+0000] {subprocess.py:93} INFO - [0m06:37:34  2 of 3 OK created sql table model PUBLIC_ANALYTICS.mart_market_regime .......... [[32mSUCCESS 1[0m in 1.52s]
[2025-12-06T06:37:34.687+0000] {subprocess.py:93} INFO - [0m06:37:34  1 of 3 OK created sql table model PUBLIC_ANALYTICS.mart_forecast_combined ...... [[32mSUCCESS 1[0m in 1.67s]
[2025-12-06T06:37:34.746+0000] {subprocess.py:93} INFO - [0m06:37:34  3 of 3 OK created sql table model PUBLIC_ANALYTICS.mart_risk_reward_scatter .... [[32mSUCCESS 1[0m in 1.73s]
[2025-12-06T06:37:35.209+0000] {subprocess.py:93} INFO - [0m06:37:35
[2025-12-06T06:37:35.211+0000] {subprocess.py:93} INFO - [0m06:37:35  Finished running 3 table models in 0 hours 0 minutes and 3.66 seconds (3.66s).
[2025-12-06T06:37:35.258+0000] {subprocess.py:93} INFO - [0m06:37:35
[2025-12-06T06:37:35.259+0000] {subprocess.py:93} INFO - [0m06:37:35  [32mCompleted successfully[0m
[2025-12-06T06:37:35.259+0000] {subprocess.py:93} INFO - [0m06:37:35
[2025-12-06T06:37:35.259+0000] {subprocess.py:93} INFO - [0m06:37:35  Done. PASS=3 WARN=0 ERROR=0 SKIP=0 NO-OP=0 TOTAL=3
[2025-12-06T06:37:35.786+0000] {subprocess.py:97} INFO - Command exited with return code 0
[2025-12-06T06:37:35.798+0000] {taskinstance.py:340} INFO - ::group::Post task execution logs
[2025-12-06T06:37:35.798+0000] {taskinstance.py:352} INFO - Marking task as SUCCESS. dag_id=elt_dbt_downstream, task_id=dbt_run_downstream, run_id=manual__2025-12-06T06:04:36.464424+00:00, execution_date=20251206T060436, start_date=20251206T063729, end_date=20251206T063735
[2025-12-06T06:37:35.838+0000] {local_task_job_runner.py:266} INFO - Task exited with return code 0
[2025-12-06T06:37:35.845+0000] {taskinstance.py:3900} INFO - 1 downstream tasks scheduled from follow-on schedule check
[2025-12-06T06:37:35.846+0000] {local_task_job_runner.py:245} INFO - ::endgroup::
