[2025-12-10T04:00:13.017+0000] {local_task_job_runner.py:123} INFO - ::group::Pre task execution logs
[2025-12-10T04:00:13.023+0000] {taskinstance.py:2612} INFO - Dependencies all met for dep_context=non-requeueable deps ti=<TaskInstance: TrainPredict.predict scheduled__2025-12-09T03:30:00+00:00 [queued]>
[2025-12-10T04:00:13.025+0000] {taskinstance.py:2612} INFO - Dependencies all met for dep_context=requeueable deps ti=<TaskInstance: TrainPredict.predict scheduled__2025-12-09T03:30:00+00:00 [queued]>
[2025-12-10T04:00:13.025+0000] {taskinstance.py:2865} INFO - Starting attempt 1 of 1
[2025-12-10T04:00:13.029+0000] {taskinstance.py:2888} INFO - Executing <Task(_PythonDecoratedOperator): predict> on 2025-12-09 03:30:00+00:00
[2025-12-10T04:00:13.032+0000] {logging_mixin.py:190} WARNING - /home/***/.local/lib/python3.12/site-packages/***/task/task_runner/standard_task_runner.py:70 DeprecationWarning: This process (pid=12418) is multi-threaded, use of fork() may lead to deadlocks in the child.
[2025-12-10T04:00:13.033+0000] {standard_task_runner.py:72} INFO - Started process 12421 to run task
[2025-12-10T04:00:13.032+0000] {standard_task_runner.py:104} INFO - Running: ['***', 'tasks', 'run', 'TrainPredict', 'predict', 'scheduled__2025-12-09T03:30:00+00:00', '--job-id', '431', '--raw', '--subdir', 'DAGS_FOLDER/train_predict.py', '--cfg-path', '/tmp/tmpdvsjusqe']
[2025-12-10T04:00:13.034+0000] {standard_task_runner.py:105} INFO - Job 431: Subtask predict
[2025-12-10T04:00:13.050+0000] {task_command.py:467} INFO - Running <TaskInstance: TrainPredict.predict scheduled__2025-12-09T03:30:00+00:00 [running]> on host 7c17d7f5e8b7
[2025-12-10T04:00:13.077+0000] {taskinstance.py:3131} INFO - Exporting env vars: AIRFLOW_CTX_DAG_OWNER='***' AIRFLOW_CTX_DAG_ID='TrainPredict' AIRFLOW_CTX_TASK_ID='predict' AIRFLOW_CTX_EXECUTION_DATE='2025-12-09T03:30:00+00:00' AIRFLOW_CTX_TRY_NUMBER='1' AIRFLOW_CTX_DAG_RUN_ID='scheduled__2025-12-09T03:30:00+00:00'
[2025-12-10T04:00:13.077+0000] {taskinstance.py:731} INFO - ::endgroup::
[2025-12-10T04:00:13.081+0000] {base.py:84} INFO - Retrieving connection 'snowflake_conn'
[2025-12-10T04:00:13.082+0000] {connection.py:413} INFO - Snowflake Connector for Python Version: 3.12.1, Python Version: 3.12.5, Platform: Linux-6.10.14-linuxkit-aarch64-with-glibc2.36
[2025-12-10T04:00:13.082+0000] {connection.py:1196} INFO - Connecting to GLOBAL Snowflake domain
[2025-12-10T04:00:13.082+0000] {connection.py:1277} INFO - This connection is in OCSP Fail Open Mode. TLS Certificates would be checked for validity and revocation status. Any other Certificate Revocation related exceptions or OCSP Responder failures would be disregarded in favor of connectivity.
[2025-12-10T04:00:58.749+0000] {cursor.py:1156} INFO - Number of results in first chunk: 1
[2025-12-10T04:00:59.721+0000] {cursor.py:1156} INFO - Number of results in first chunk: 1
[2025-12-10T04:00:59.722+0000] {connection.py:788} INFO - closed
[2025-12-10T04:00:59.903+0000] {connection.py:794} INFO - No async queries seem to be running, deleting session
[2025-12-10T04:01:00.085+0000] {python.py:240} INFO - Done. Returned value was: None
[2025-12-10T04:01:00.094+0000] {taskinstance.py:340} INFO - ::group::Post task execution logs
[2025-12-10T04:01:00.095+0000] {taskinstance.py:352} INFO - Marking task as SUCCESS. dag_id=TrainPredict, task_id=predict, run_id=scheduled__2025-12-09T03:30:00+00:00, execution_date=20251209T033000, start_date=20251210T040013, end_date=20251210T040100
[2025-12-10T04:01:00.134+0000] {local_task_job_runner.py:266} INFO - Task exited with return code 0
[2025-12-10T04:01:00.144+0000] {taskinstance.py:3900} INFO - 1 downstream tasks scheduled from follow-on schedule check
[2025-12-10T04:01:00.145+0000] {local_task_job_runner.py:245} INFO - ::endgroup::
