[2025-11-21T02:35:39.095+0000] {local_task_job_runner.py:123} INFO - ::group::Pre task execution logs
[2025-11-21T02:35:39.101+0000] {taskinstance.py:2612} INFO - Dependencies all met for dep_context=non-requeueable deps ti=<TaskInstance: TrainPredict.predict scheduled__2025-11-19T02:45:00+00:00 [queued]>
[2025-11-21T02:35:39.103+0000] {taskinstance.py:2612} INFO - Dependencies all met for dep_context=requeueable deps ti=<TaskInstance: TrainPredict.predict scheduled__2025-11-19T02:45:00+00:00 [queued]>
[2025-11-21T02:35:39.103+0000] {taskinstance.py:2865} INFO - Starting attempt 1 of 1
[2025-11-21T02:35:39.107+0000] {taskinstance.py:2888} INFO - Executing <Task(_PythonDecoratedOperator): predict> on 2025-11-19 02:45:00+00:00
[2025-11-21T02:35:39.111+0000] {logging_mixin.py:190} WARNING - /home/***/.local/lib/python3.12/site-packages/***/task/task_runner/standard_task_runner.py:70 DeprecationWarning: This process (pid=1830) is multi-threaded, use of fork() may lead to deadlocks in the child.
[2025-11-21T02:35:39.111+0000] {standard_task_runner.py:104} INFO - Running: ['***', 'tasks', 'run', 'TrainPredict', 'predict', 'scheduled__2025-11-19T02:45:00+00:00', '--job-id', '28', '--raw', '--subdir', 'DAGS_FOLDER/train_predict.py', '--cfg-path', '/tmp/tmpwz20yi8a']
[2025-11-21T02:35:39.111+0000] {standard_task_runner.py:105} INFO - Job 28: Subtask predict
[2025-11-21T02:35:39.111+0000] {standard_task_runner.py:72} INFO - Started process 1833 to run task
[2025-11-21T02:35:39.129+0000] {task_command.py:467} INFO - Running <TaskInstance: TrainPredict.predict scheduled__2025-11-19T02:45:00+00:00 [running]> on host 1b75444ae0b9
[2025-11-21T02:35:39.152+0000] {taskinstance.py:3131} INFO - Exporting env vars: AIRFLOW_CTX_DAG_OWNER='***' AIRFLOW_CTX_DAG_ID='TrainPredict' AIRFLOW_CTX_TASK_ID='predict' AIRFLOW_CTX_EXECUTION_DATE='2025-11-19T02:45:00+00:00' AIRFLOW_CTX_TRY_NUMBER='1' AIRFLOW_CTX_DAG_RUN_ID='scheduled__2025-11-19T02:45:00+00:00'
[2025-11-21T02:35:39.153+0000] {taskinstance.py:731} INFO - ::endgroup::
[2025-11-21T02:35:58.102+0000] {cursor.py:1156} INFO - Number of results in first chunk: 1
[2025-11-21T02:35:59.286+0000] {cursor.py:1156} INFO - Number of results in first chunk: 1
[2025-11-21T02:35:59.288+0000] {python.py:240} INFO - Done. Returned value was: None
[2025-11-21T02:35:59.323+0000] {taskinstance.py:340} INFO - ::group::Post task execution logs
[2025-11-21T02:35:59.323+0000] {taskinstance.py:352} INFO - Marking task as SUCCESS. dag_id=TrainPredict, task_id=predict, run_id=scheduled__2025-11-19T02:45:00+00:00, execution_date=20251119T024500, start_date=20251121T023539, end_date=20251121T023559
[2025-11-21T02:35:59.389+0000] {local_task_job_runner.py:266} INFO - Task exited with return code 0
[2025-11-21T02:35:59.407+0000] {taskinstance.py:3900} INFO - 0 downstream tasks scheduled from follow-on schedule check
[2025-11-21T02:35:59.408+0000] {local_task_job_runner.py:245} INFO - ::endgroup::
