[2025-12-06T05:30:28.661+0000] {local_task_job_runner.py:123} INFO - ::group::Pre task execution logs
[2025-12-06T05:30:28.672+0000] {taskinstance.py:2612} INFO - Dependencies all met for dep_context=non-requeueable deps ti=<TaskInstance: elt_dbt_downstream.dbt_run_downstream manual__2025-12-06T05:22:28.638313+00:00 [queued]>
[2025-12-06T05:30:28.675+0000] {taskinstance.py:2612} INFO - Dependencies all met for dep_context=requeueable deps ti=<TaskInstance: elt_dbt_downstream.dbt_run_downstream manual__2025-12-06T05:22:28.638313+00:00 [queued]>
[2025-12-06T05:30:28.676+0000] {taskinstance.py:2865} INFO - Starting attempt 1 of 2
[2025-12-06T05:30:28.681+0000] {taskinstance.py:2888} INFO - Executing <Task(BashOperator): dbt_run_downstream> on 2025-12-06 05:22:28.638313+00:00
[2025-12-06T05:30:28.685+0000] {logging_mixin.py:190} WARNING - /home/***/.local/lib/python3.12/site-packages/***/task/task_runner/standard_task_runner.py:70 DeprecationWarning: This process (pid=21501) is multi-threaded, use of fork() may lead to deadlocks in the child.
[2025-12-06T05:30:28.686+0000] {standard_task_runner.py:72} INFO - Started process 21502 to run task
[2025-12-06T05:30:28.685+0000] {standard_task_runner.py:104} INFO - Running: ['***', 'tasks', 'run', 'elt_dbt_downstream', 'dbt_run_downstream', 'manual__2025-12-06T05:22:28.638313+00:00', '--job-id', '333', '--raw', '--subdir', 'DAGS_FOLDER/elt_dbt_downstream.py', '--cfg-path', '/tmp/tmpjffgjv_4']
[2025-12-06T05:30:28.687+0000] {standard_task_runner.py:105} INFO - Job 333: Subtask dbt_run_downstream
[2025-12-06T05:30:28.703+0000] {task_command.py:467} INFO - Running <TaskInstance: elt_dbt_downstream.dbt_run_downstream manual__2025-12-06T05:22:28.638313+00:00 [running]> on host 7c17d7f5e8b7
[2025-12-06T05:30:28.735+0000] {taskinstance.py:3131} INFO - Exporting env vars: AIRFLOW_CTX_DAG_OWNER='***' AIRFLOW_CTX_DAG_ID='elt_dbt_downstream' AIRFLOW_CTX_TASK_ID='dbt_run_downstream' AIRFLOW_CTX_EXECUTION_DATE='2025-12-06T05:22:28.638313+00:00' AIRFLOW_CTX_TRY_NUMBER='1' AIRFLOW_CTX_DAG_RUN_ID='manual__2025-12-06T05:22:28.638313+00:00'
[2025-12-06T05:30:28.736+0000] {taskinstance.py:731} INFO - ::endgroup::
[2025-12-06T05:30:28.742+0000] {subprocess.py:63} INFO - Tmp dir root location: /tmp
[2025-12-06T05:30:28.743+0000] {subprocess.py:75} INFO - Running command: ['/usr/bin/bash', '-c', 'set -euo pipefail;cd /opt/***/dbt/stock_analytics && dbt run --select mart_forecast_combined mart_risk_reward_scatter mart_market_regime --profiles-dir /opt/***/dbt']
[2025-12-06T05:30:28.746+0000] {subprocess.py:86} INFO - Output:
[2025-12-06T05:30:29.880+0000] {subprocess.py:93} INFO - [0m05:30:29  Running with dbt=1.11.0-rc1
[2025-12-06T05:30:30.055+0000] {subprocess.py:93} INFO - [0m05:30:30  Registered adapter: snowflake=1.10.3
[2025-12-06T05:30:30.271+0000] {subprocess.py:93} INFO - [0m05:30:30  Found 6 models, 26 data tests, 1 seed, 2 sources, 504 macros
[2025-12-06T05:30:30.273+0000] {subprocess.py:93} INFO - [0m05:30:30
[2025-12-06T05:30:30.273+0000] {subprocess.py:93} INFO - [0m05:30:30  Concurrency: 4 threads (target='dev')
[2025-12-06T05:30:30.273+0000] {subprocess.py:93} INFO - [0m05:30:30
[2025-12-06T05:30:31.374+0000] {subprocess.py:93} INFO - [0m05:30:31  1 of 3 START sql table model PUBLIC_ANALYTICS.mart_forecast_combined ........... [RUN]
[2025-12-06T05:30:31.375+0000] {subprocess.py:93} INFO - [0m05:30:31  2 of 3 START sql table model PUBLIC_ANALYTICS.mart_market_regime ............... [RUN]
[2025-12-06T05:30:31.376+0000] {subprocess.py:93} INFO - [0m05:30:31  3 of 3 START sql table model PUBLIC_ANALYTICS.mart_risk_reward_scatter ......... [RUN]
[2025-12-06T05:30:32.289+0000] {subprocess.py:93} INFO - [0m05:30:32  2 of 3 OK created sql table model PUBLIC_ANALYTICS.mart_market_regime .......... [[32mSUCCESS 1[0m in 0.91s]
[2025-12-06T05:30:32.512+0000] {subprocess.py:93} INFO - [0m05:30:32  1 of 3 OK created sql table model PUBLIC_ANALYTICS.mart_forecast_combined ...... [[32mSUCCESS 1[0m in 1.13s]
[2025-12-06T05:30:33.292+0000] {subprocess.py:93} INFO - [0m05:30:33  3 of 3 OK created sql table model PUBLIC_ANALYTICS.mart_risk_reward_scatter .... [[32mSUCCESS 1[0m in 1.91s]
[2025-12-06T05:30:34.247+0000] {subprocess.py:93} INFO - [0m05:30:34
[2025-12-06T05:30:34.248+0000] {subprocess.py:93} INFO - [0m05:30:34  Finished running 3 table models in 0 hours 0 minutes and 3.97 seconds (3.97s).
[2025-12-06T05:30:34.293+0000] {subprocess.py:93} INFO - [0m05:30:34
[2025-12-06T05:30:34.293+0000] {subprocess.py:93} INFO - [0m05:30:34  [32mCompleted successfully[0m
[2025-12-06T05:30:34.293+0000] {subprocess.py:93} INFO - [0m05:30:34
[2025-12-06T05:30:34.294+0000] {subprocess.py:93} INFO - [0m05:30:34  Done. PASS=3 WARN=0 ERROR=0 SKIP=0 NO-OP=0 TOTAL=3
[2025-12-06T05:30:34.836+0000] {subprocess.py:97} INFO - Command exited with return code 0
[2025-12-06T05:30:34.846+0000] {taskinstance.py:340} INFO - ::group::Post task execution logs
[2025-12-06T05:30:34.847+0000] {taskinstance.py:352} INFO - Marking task as SUCCESS. dag_id=elt_dbt_downstream, task_id=dbt_run_downstream, run_id=manual__2025-12-06T05:22:28.638313+00:00, execution_date=20251206T052228, start_date=20251206T053028, end_date=20251206T053034
[2025-12-06T05:30:34.871+0000] {local_task_job_runner.py:266} INFO - Task exited with return code 0
[2025-12-06T05:30:34.879+0000] {taskinstance.py:3900} INFO - 1 downstream tasks scheduled from follow-on schedule check
[2025-12-06T05:30:34.879+0000] {local_task_job_runner.py:245} INFO - ::endgroup::
