[2025-12-05T04:49:59.779+0000] {local_task_job_runner.py:123} INFO - ::group::Pre task execution logs
[2025-12-05T04:49:59.786+0000] {taskinstance.py:2612} INFO - Dependencies all met for dep_context=non-requeueable deps ti=<TaskInstance: elt_dbt_downstream.dbt_run_downstream manual__2025-12-05T04:49:49.682718+00:00 [queued]>
[2025-12-05T04:49:59.789+0000] {taskinstance.py:2612} INFO - Dependencies all met for dep_context=requeueable deps ti=<TaskInstance: elt_dbt_downstream.dbt_run_downstream manual__2025-12-05T04:49:49.682718+00:00 [queued]>
[2025-12-05T04:49:59.789+0000] {taskinstance.py:2865} INFO - Starting attempt 1 of 2
[2025-12-05T04:49:59.793+0000] {taskinstance.py:2888} INFO - Executing <Task(BashOperator): dbt_run_downstream> on 2025-12-05 04:49:49.682718+00:00
[2025-12-05T04:49:59.796+0000] {logging_mixin.py:190} WARNING - /home/***/.local/lib/python3.12/site-packages/***/task/task_runner/standard_task_runner.py:70 DeprecationWarning: This process (pid=5469) is multi-threaded, use of fork() may lead to deadlocks in the child.
[2025-12-05T04:49:59.797+0000] {standard_task_runner.py:72} INFO - Started process 5470 to run task
[2025-12-05T04:49:59.797+0000] {standard_task_runner.py:104} INFO - Running: ['***', 'tasks', 'run', 'elt_dbt_downstream', 'dbt_run_downstream', 'manual__2025-12-05T04:49:49.682718+00:00', '--job-id', '224', '--raw', '--subdir', 'DAGS_FOLDER/elt_dbt_downstream.py', '--cfg-path', '/tmp/tmpghnh4dht']
[2025-12-05T04:49:59.798+0000] {standard_task_runner.py:105} INFO - Job 224: Subtask dbt_run_downstream
[2025-12-05T04:49:59.814+0000] {task_command.py:467} INFO - Running <TaskInstance: elt_dbt_downstream.dbt_run_downstream manual__2025-12-05T04:49:49.682718+00:00 [running]> on host 3a991512098d
[2025-12-05T04:49:59.842+0000] {taskinstance.py:3131} INFO - Exporting env vars: AIRFLOW_CTX_DAG_OWNER='***' AIRFLOW_CTX_DAG_ID='elt_dbt_downstream' AIRFLOW_CTX_TASK_ID='dbt_run_downstream' AIRFLOW_CTX_EXECUTION_DATE='2025-12-05T04:49:49.682718+00:00' AIRFLOW_CTX_TRY_NUMBER='1' AIRFLOW_CTX_DAG_RUN_ID='manual__2025-12-05T04:49:49.682718+00:00'
[2025-12-05T04:49:59.843+0000] {taskinstance.py:731} INFO - ::endgroup::
[2025-12-05T04:49:59.848+0000] {subprocess.py:63} INFO - Tmp dir root location: /tmp
[2025-12-05T04:49:59.849+0000] {subprocess.py:75} INFO - Running command: ['/usr/bin/bash', '-c', 'set -euo pipefail;cd /opt/***/dbt/stock_analytics && dbt run --select mart_forecast_combined mart_risk_reward_scatter mart_market_regime --profiles-dir /opt/***/dbt']
[2025-12-05T04:49:59.852+0000] {subprocess.py:86} INFO - Output:
[2025-12-05T04:50:00.733+0000] {subprocess.py:93} INFO - [0m04:50:00  Running with dbt=1.11.0-rc1
[2025-12-05T04:50:00.914+0000] {subprocess.py:93} INFO - [0m04:50:00  Registered adapter: snowflake=1.10.3
[2025-12-05T04:50:01.128+0000] {subprocess.py:93} INFO - [0m04:50:01  Found 6 models, 30 data tests, 1 seed, 2 sources, 504 macros
[2025-12-05T04:50:01.129+0000] {subprocess.py:93} INFO - [0m04:50:01
[2025-12-05T04:50:01.129+0000] {subprocess.py:93} INFO - [0m04:50:01  Concurrency: 4 threads (target='dev')
[2025-12-05T04:50:01.129+0000] {subprocess.py:93} INFO - [0m04:50:01
[2025-12-05T04:50:02.485+0000] {subprocess.py:93} INFO - [0m04:50:02  1 of 3 START sql table model PUBLIC_ANALYTICS.mart_forecast_combined ........... [RUN]
[2025-12-05T04:50:02.486+0000] {subprocess.py:93} INFO - [0m04:50:02  2 of 3 START sql table model PUBLIC_ANALYTICS.mart_market_regime ............... [RUN]
[2025-12-05T04:50:02.487+0000] {subprocess.py:93} INFO - [0m04:50:02  3 of 3 START sql table model PUBLIC_ANALYTICS.mart_risk_reward_scatter ......... [RUN]
[2025-12-05T04:50:03.733+0000] {subprocess.py:93} INFO - [0m04:50:03  1 of 3 OK created sql table model PUBLIC_ANALYTICS.mart_forecast_combined ...... [[32mSUCCESS 1[0m in 1.24s]
[2025-12-05T04:50:03.963+0000] {subprocess.py:93} INFO - [0m04:50:03  2 of 3 OK created sql table model PUBLIC_ANALYTICS.mart_market_regime .......... [[32mSUCCESS 1[0m in 1.47s]
[2025-12-05T04:50:05.373+0000] {subprocess.py:93} INFO - [0m04:50:05  3 of 3 OK created sql table model PUBLIC_ANALYTICS.mart_risk_reward_scatter .... [[32mSUCCESS 1[0m in 2.88s]
[2025-12-05T04:50:05.891+0000] {subprocess.py:93} INFO - [0m04:50:05
[2025-12-05T04:50:05.892+0000] {subprocess.py:93} INFO - [0m04:50:05  Finished running 3 table models in 0 hours 0 minutes and 4.76 seconds (4.76s).
[2025-12-05T04:50:05.922+0000] {subprocess.py:93} INFO - [0m04:50:05
[2025-12-05T04:50:05.922+0000] {subprocess.py:93} INFO - [0m04:50:05  [32mCompleted successfully[0m
[2025-12-05T04:50:05.922+0000] {subprocess.py:93} INFO - [0m04:50:05
[2025-12-05T04:50:05.922+0000] {subprocess.py:93} INFO - [0m04:50:05  Done. PASS=3 WARN=0 ERROR=0 SKIP=0 NO-OP=0 TOTAL=3
[2025-12-05T04:50:06.524+0000] {subprocess.py:97} INFO - Command exited with return code 0
[2025-12-05T04:50:06.533+0000] {taskinstance.py:340} INFO - ::group::Post task execution logs
[2025-12-05T04:50:06.533+0000] {taskinstance.py:352} INFO - Marking task as SUCCESS. dag_id=elt_dbt_downstream, task_id=dbt_run_downstream, run_id=manual__2025-12-05T04:49:49.682718+00:00, execution_date=20251205T044949, start_date=20251205T044959, end_date=20251205T045006
[2025-12-05T04:50:06.548+0000] {local_task_job_runner.py:266} INFO - Task exited with return code 0
[2025-12-05T04:50:06.555+0000] {taskinstance.py:3900} INFO - 1 downstream tasks scheduled from follow-on schedule check
[2025-12-05T04:50:06.556+0000] {local_task_job_runner.py:245} INFO - ::endgroup::
