[2025-12-10T03:52:02.479+0000] {local_task_job_runner.py:123} INFO - ::group::Pre task execution logs
[2025-12-10T03:52:02.488+0000] {taskinstance.py:2612} INFO - Dependencies all met for dep_context=non-requeueable deps ti=<TaskInstance: TrainPredict.wait_for_elt_dbt_upstream scheduled__2025-12-09T03:30:00+00:00 [queued]>
[2025-12-10T03:52:02.491+0000] {taskinstance.py:2612} INFO - Dependencies all met for dep_context=requeueable deps ti=<TaskInstance: TrainPredict.wait_for_elt_dbt_upstream scheduled__2025-12-09T03:30:00+00:00 [queued]>
[2025-12-10T03:52:02.491+0000] {taskinstance.py:2865} INFO - Starting attempt 1 of 1
[2025-12-10T03:52:02.495+0000] {taskinstance.py:2888} INFO - Executing <Task(ExternalTaskSensor): wait_for_elt_dbt_upstream> on 2025-12-09 03:30:00+00:00
[2025-12-10T03:52:02.499+0000] {logging_mixin.py:190} WARNING - /home/***/.local/lib/python3.12/site-packages/***/task/task_runner/standard_task_runner.py:70 DeprecationWarning: This process (pid=12198) is multi-threaded, use of fork() may lead to deadlocks in the child.
[2025-12-10T03:52:02.499+0000] {standard_task_runner.py:72} INFO - Started process 12219 to run task
[2025-12-10T03:52:02.499+0000] {standard_task_runner.py:104} INFO - Running: ['***', 'tasks', 'run', 'TrainPredict', 'wait_for_elt_dbt_upstream', 'scheduled__2025-12-09T03:30:00+00:00', '--job-id', '428', '--raw', '--subdir', 'DAGS_FOLDER/train_predict.py', '--cfg-path', '/tmp/tmpw53jdjhj']
[2025-12-10T03:52:02.501+0000] {standard_task_runner.py:105} INFO - Job 428: Subtask wait_for_elt_dbt_upstream
[2025-12-10T03:52:02.519+0000] {task_command.py:467} INFO - Running <TaskInstance: TrainPredict.wait_for_elt_dbt_upstream scheduled__2025-12-09T03:30:00+00:00 [running]> on host 7c17d7f5e8b7
[2025-12-10T03:52:02.550+0000] {taskinstance.py:3131} INFO - Exporting env vars: AIRFLOW_CTX_DAG_OWNER='***' AIRFLOW_CTX_DAG_ID='TrainPredict' AIRFLOW_CTX_TASK_ID='wait_for_elt_dbt_upstream' AIRFLOW_CTX_EXECUTION_DATE='2025-12-09T03:30:00+00:00' AIRFLOW_CTX_TRY_NUMBER='1' AIRFLOW_CTX_DAG_RUN_ID='scheduled__2025-12-09T03:30:00+00:00'
[2025-12-10T03:52:02.551+0000] {taskinstance.py:731} INFO - ::endgroup::
[2025-12-10T03:52:02.552+0000] {baseoperator.py:405} WARNING - ExternalTaskSensor.execute cannot be called outside TaskInstance!
[2025-12-10T03:52:02.553+0000] {external_task.py:274} INFO - Poking for DAG 'elt_dbt_upstream' on 2025-12-09T03:00:00+00:00 ... 
[2025-12-10T03:52:02.553+0000] {logging_mixin.py:190} WARNING - /home/***/.local/lib/python3.12/site-packages/***/utils/session.py:97 DeprecationWarning: This method is deprecated and will be removed in future.
[2025-12-10T03:52:02.560+0000] {base.py:336} INFO - Success criteria met. Exiting.
[2025-12-10T03:52:02.564+0000] {taskinstance.py:340} INFO - ::group::Post task execution logs
[2025-12-10T03:52:02.564+0000] {taskinstance.py:352} INFO - Marking task as SUCCESS. dag_id=TrainPredict, task_id=wait_for_elt_dbt_upstream, run_id=scheduled__2025-12-09T03:30:00+00:00, execution_date=20251209T033000, start_date=20251210T035202, end_date=20251210T035202
[2025-12-10T03:52:02.600+0000] {local_task_job_runner.py:266} INFO - Task exited with return code 0
[2025-12-10T03:52:02.610+0000] {taskinstance.py:3900} INFO - 1 downstream tasks scheduled from follow-on schedule check
[2025-12-10T03:52:02.611+0000] {local_task_job_runner.py:245} INFO - ::endgroup::
