[2025-12-06T05:22:26.353+0000] {local_task_job_runner.py:123} INFO - ::group::Pre task execution logs
[2025-12-06T05:22:26.361+0000] {taskinstance.py:2612} INFO - Dependencies all met for dep_context=non-requeueable deps ti=<TaskInstance: elt_dbt_upstream.wait_for_market_data_ingest manual__2025-12-06T05:22:25.651260+00:00 [queued]>
[2025-12-06T05:22:26.364+0000] {taskinstance.py:2612} INFO - Dependencies all met for dep_context=requeueable deps ti=<TaskInstance: elt_dbt_upstream.wait_for_market_data_ingest manual__2025-12-06T05:22:25.651260+00:00 [queued]>
[2025-12-06T05:22:26.364+0000] {taskinstance.py:2865} INFO - Starting attempt 1 of 2
[2025-12-06T05:22:26.371+0000] {taskinstance.py:2888} INFO - Executing <Task(ExternalTaskSensor): wait_for_market_data_ingest> on 2025-12-06 05:22:25.651260+00:00
[2025-12-06T05:22:26.377+0000] {standard_task_runner.py:104} INFO - Running: ['***', 'tasks', 'run', 'elt_dbt_upstream', 'wait_for_market_data_ingest', 'manual__2025-12-06T05:22:25.651260+00:00', '--job-id', '321', '--raw', '--subdir', 'DAGS_FOLDER/elt_dbt_upstream.py', '--cfg-path', '/tmp/tmpt4dda3fw']
[2025-12-06T05:22:26.378+0000] {standard_task_runner.py:105} INFO - Job 321: Subtask wait_for_market_data_ingest
[2025-12-06T05:22:26.382+0000] {logging_mixin.py:190} WARNING - /home/***/.local/lib/python3.12/site-packages/***/task/task_runner/standard_task_runner.py:70 DeprecationWarning: This process (pid=20929) is multi-threaded, use of fork() may lead to deadlocks in the child.
[2025-12-06T05:22:26.383+0000] {standard_task_runner.py:72} INFO - Started process 20930 to run task
[2025-12-06T05:22:26.401+0000] {task_command.py:467} INFO - Running <TaskInstance: elt_dbt_upstream.wait_for_market_data_ingest manual__2025-12-06T05:22:25.651260+00:00 [running]> on host 7c17d7f5e8b7
[2025-12-06T05:22:26.437+0000] {taskinstance.py:3131} INFO - Exporting env vars: AIRFLOW_CTX_DAG_OWNER='***' AIRFLOW_CTX_DAG_ID='elt_dbt_upstream' AIRFLOW_CTX_TASK_ID='wait_for_market_data_ingest' AIRFLOW_CTX_EXECUTION_DATE='2025-12-06T05:22:25.651260+00:00' AIRFLOW_CTX_TRY_NUMBER='1' AIRFLOW_CTX_DAG_RUN_ID='manual__2025-12-06T05:22:25.651260+00:00'
[2025-12-06T05:22:26.438+0000] {taskinstance.py:731} INFO - ::endgroup::
[2025-12-06T05:22:26.443+0000] {baseoperator.py:405} WARNING - ExternalTaskSensor.execute cannot be called outside TaskInstance!
[2025-12-06T05:22:26.443+0000] {external_task.py:274} INFO - Poking for DAG 'market_data_ingest' on 2025-12-06T04:52:25.651260+00:00 ... 
[2025-12-06T05:22:26.444+0000] {logging_mixin.py:190} WARNING - /home/***/.local/lib/python3.12/site-packages/***/utils/session.py:97 DeprecationWarning: This method is deprecated and will be removed in future.
[2025-12-06T05:23:26.454+0000] {external_task.py:274} INFO - Poking for DAG 'market_data_ingest' on 2025-12-06T04:52:25.651260+00:00 ... 
[2025-12-06T05:23:26.850+0000] {local_task_job_runner.py:346} WARNING - State of this instance has been externally set to success. Terminating instance.
[2025-12-06T05:23:26.852+0000] {local_task_job_runner.py:245} INFO - ::endgroup::
[2025-12-06T05:23:26.854+0000] {process_utils.py:132} INFO - Sending 15 to group 20930. PIDs of all processes in the group: [20930]
[2025-12-06T05:23:26.854+0000] {process_utils.py:87} INFO - Sending the signal 15 to group 20930
[2025-12-06T05:23:26.854+0000] {taskinstance.py:3092} ERROR - Received SIGTERM. Terminating subprocesses.
[2025-12-06T05:23:26.871+0000] {taskinstance.py:340} INFO - ::group::Post task execution logs
[2025-12-06T05:23:26.888+0000] {process_utils.py:80} INFO - Process psutil.Process(pid=20930, status='terminated', exitcode=0, started='05:22:25') (20930) terminated with exit code 0
