[2025-11-21T23:39:29.456+0000] {local_task_job_runner.py:123} INFO - ::group::Pre task execution logs
[2025-11-21T23:39:29.464+0000] {taskinstance.py:2612} INFO - Dependencies all met for dep_context=non-requeueable deps ti=<TaskInstance: elt_dbt_pipeline.wait_for_market_data_ingest manual__2025-11-21T23:21:48.404456+00:00 [queued]>
[2025-11-21T23:39:29.470+0000] {taskinstance.py:2612} INFO - Dependencies all met for dep_context=requeueable deps ti=<TaskInstance: elt_dbt_pipeline.wait_for_market_data_ingest manual__2025-11-21T23:21:48.404456+00:00 [queued]>
[2025-11-21T23:39:29.470+0000] {taskinstance.py:2865} INFO - Starting attempt 2 of 3
[2025-11-21T23:39:29.476+0000] {taskinstance.py:2888} INFO - Executing <Task(ExternalTaskSensor): wait_for_market_data_ingest> on 2025-11-21 23:21:48.404456+00:00
[2025-11-21T23:39:29.481+0000] {logging_mixin.py:190} WARNING - /home/***/.local/lib/python3.12/site-packages/***/task/task_runner/standard_task_runner.py:70 DeprecationWarning: This process (pid=736) is multi-threaded, use of fork() may lead to deadlocks in the child.
[2025-11-21T23:39:29.480+0000] {standard_task_runner.py:104} INFO - Running: ['***', 'tasks', 'run', 'elt_dbt_pipeline', 'wait_for_market_data_ingest', 'manual__2025-11-21T23:21:48.404456+00:00', '--job-id', '26', '--raw', '--subdir', 'DAGS_FOLDER/elt_dbt_pipeline.py', '--cfg-path', '/tmp/tmpwnjjcvrq']
[2025-11-21T23:39:29.481+0000] {standard_task_runner.py:72} INFO - Started process 737 to run task
[2025-11-21T23:39:29.481+0000] {standard_task_runner.py:105} INFO - Job 26: Subtask wait_for_market_data_ingest
[2025-11-21T23:39:29.498+0000] {task_command.py:467} INFO - Running <TaskInstance: elt_dbt_pipeline.wait_for_market_data_ingest manual__2025-11-21T23:21:48.404456+00:00 [running]> on host 663ef6e4cd5f
[2025-11-21T23:39:29.523+0000] {taskinstance.py:3131} INFO - Exporting env vars: AIRFLOW_CTX_DAG_OWNER='***' AIRFLOW_CTX_DAG_ID='elt_dbt_pipeline' AIRFLOW_CTX_TASK_ID='wait_for_market_data_ingest' AIRFLOW_CTX_EXECUTION_DATE='2025-11-21T23:21:48.404456+00:00' AIRFLOW_CTX_TRY_NUMBER='2' AIRFLOW_CTX_DAG_RUN_ID='manual__2025-11-21T23:21:48.404456+00:00'
[2025-11-21T23:39:29.524+0000] {taskinstance.py:731} INFO - ::endgroup::
[2025-11-21T23:39:29.529+0000] {baseoperator.py:405} WARNING - ExternalTaskSensor.execute cannot be called outside TaskInstance!
[2025-11-21T23:39:29.530+0000] {external_task.py:274} INFO - Poking for DAG 'market_data_ingest' on 2025-11-21T22:51:48.404456+00:00 ... 
[2025-11-21T23:39:29.531+0000] {logging_mixin.py:190} WARNING - /home/***/.local/lib/python3.12/site-packages/***/utils/session.py:97 DeprecationWarning: This method is deprecated and will be removed in future.
[2025-11-21T23:40:29.537+0000] {external_task.py:274} INFO - Poking for DAG 'market_data_ingest' on 2025-11-21T22:51:48.404456+00:00 ... 
[2025-11-21T23:41:29.559+0000] {external_task.py:274} INFO - Poking for DAG 'market_data_ingest' on 2025-11-21T22:51:48.404456+00:00 ... 
[2025-11-21T23:42:29.581+0000] {external_task.py:274} INFO - Poking for DAG 'market_data_ingest' on 2025-11-21T22:51:48.404456+00:00 ... 
[2025-11-21T23:43:29.606+0000] {external_task.py:274} INFO - Poking for DAG 'market_data_ingest' on 2025-11-21T22:51:48.404456+00:00 ... 
[2025-11-21T23:44:29.616+0000] {external_task.py:274} INFO - Poking for DAG 'market_data_ingest' on 2025-11-21T22:51:48.404456+00:00 ... 
[2025-11-21T23:45:29.644+0000] {external_task.py:274} INFO - Poking for DAG 'market_data_ingest' on 2025-11-21T22:51:48.404456+00:00 ... 
[2025-11-21T23:45:57.798+0000] {local_task_job_runner.py:346} WARNING - State of this instance has been externally set to restarting. Terminating instance.
[2025-11-21T23:45:57.799+0000] {local_task_job_runner.py:245} INFO - ::endgroup::
[2025-11-21T23:45:57.802+0000] {process_utils.py:132} INFO - Sending 15 to group 737. PIDs of all processes in the group: [737]
[2025-11-21T23:45:57.802+0000] {process_utils.py:87} INFO - Sending the signal 15 to group 737
[2025-11-21T23:45:57.803+0000] {taskinstance.py:3092} ERROR - Received SIGTERM. Terminating subprocesses.
[2025-11-21T23:45:57.814+0000] {taskinstance.py:3310} ERROR - Task failed with exception
Traceback (most recent call last):
  File "/home/airflow/.local/lib/python3.12/site-packages/airflow/models/taskinstance.py", line 767, in _execute_task
    result = _execute_callable(context=context, **execute_callable_kwargs)
             ^^^^^^^^^^^^^^^^^^^^^^^^^^^^^^^^^^^^^^^^^^^^^^^^^^^^^^^^^^^^^
  File "/home/airflow/.local/lib/python3.12/site-packages/airflow/models/taskinstance.py", line 733, in _execute_callable
    return ExecutionCallableRunner(
           ^^^^^^^^^^^^^^^^^^^^^^^^
  File "/home/airflow/.local/lib/python3.12/site-packages/airflow/utils/operator_helpers.py", line 252, in run
    return self.func(*args, **kwargs)
           ^^^^^^^^^^^^^^^^^^^^^^^^^^
  File "/home/airflow/.local/lib/python3.12/site-packages/airflow/models/baseoperator.py", line 406, in wrapper
    return func(self, *args, **kwargs)
           ^^^^^^^^^^^^^^^^^^^^^^^^^^^
  File "/home/airflow/.local/lib/python3.12/site-packages/airflow/sensors/external_task.py", line 348, in execute
    super().execute(context)
  File "/home/airflow/.local/lib/python3.12/site-packages/airflow/models/baseoperator.py", line 406, in wrapper
    return func(self, *args, **kwargs)
           ^^^^^^^^^^^^^^^^^^^^^^^^^^^
  File "/home/airflow/.local/lib/python3.12/site-packages/airflow/sensors/base.py", line 334, in execute
    time.sleep(self._get_next_poke_interval(started_at, run_duration, poke_count))
  File "/home/airflow/.local/lib/python3.12/site-packages/airflow/models/taskinstance.py", line 3094, in signal_handler
    raise AirflowTaskTerminated("Task received SIGTERM signal")
airflow.exceptions.AirflowTaskTerminated: Task received SIGTERM signal
[2025-11-21T23:45:57.819+0000] {taskinstance.py:1225} INFO - Marking task as UP_FOR_RETRY. dag_id=elt_dbt_pipeline, task_id=wait_for_market_data_ingest, run_id=manual__2025-11-21T23:21:48.404456+00:00, execution_date=20251121T232148, start_date=20251121T233929, end_date=20251121T234557
[2025-11-21T23:45:57.832+0000] {taskinstance.py:340} INFO - ::group::Post task execution logs
[2025-11-21T23:45:57.859+0000] {process_utils.py:80} INFO - Process psutil.Process(pid=737, status='terminated', exitcode=2, started='23:39:29') (737) terminated with exit code 2
