[2025-11-21T23:57:04.388+0000] {local_task_job_runner.py:123} INFO - ::group::Pre task execution logs
[2025-11-21T23:57:04.394+0000] {taskinstance.py:2612} INFO - Dependencies all met for dep_context=non-requeueable deps ti=<TaskInstance: elt_dbt_pipeline.wait_for_market_data_ingest manual__2025-11-21T23:21:48.404456+00:00 [queued]>
[2025-11-21T23:57:04.399+0000] {taskinstance.py:2612} INFO - Dependencies all met for dep_context=requeueable deps ti=<TaskInstance: elt_dbt_pipeline.wait_for_market_data_ingest manual__2025-11-21T23:21:48.404456+00:00 [queued]>
[2025-11-21T23:57:04.399+0000] {taskinstance.py:2865} INFO - Starting attempt 4 of 3
[2025-11-21T23:57:04.403+0000] {taskinstance.py:2888} INFO - Executing <Task(ExternalTaskSensor): wait_for_market_data_ingest> on 2025-11-21 23:21:48.404456+00:00
[2025-11-21T23:57:04.410+0000] {standard_task_runner.py:104} INFO - Running: ['***', 'tasks', 'run', 'elt_dbt_pipeline', 'wait_for_market_data_ingest', 'manual__2025-11-21T23:21:48.404456+00:00', '--job-id', '43', '--raw', '--subdir', 'DAGS_FOLDER/elt_dbt_pipeline.py', '--cfg-path', '/tmp/tmpmar2251p']
[2025-11-21T23:57:04.411+0000] {logging_mixin.py:190} WARNING - /home/***/.local/lib/python3.12/site-packages/***/task/task_runner/standard_task_runner.py:70 DeprecationWarning: This process (pid=1567) is multi-threaded, use of fork() may lead to deadlocks in the child.
[2025-11-21T23:57:04.411+0000] {standard_task_runner.py:105} INFO - Job 43: Subtask wait_for_market_data_ingest
[2025-11-21T23:57:04.411+0000] {standard_task_runner.py:72} INFO - Started process 1570 to run task
[2025-11-21T23:57:04.428+0000] {task_command.py:467} INFO - Running <TaskInstance: elt_dbt_pipeline.wait_for_market_data_ingest manual__2025-11-21T23:21:48.404456+00:00 [running]> on host 663ef6e4cd5f
[2025-11-21T23:57:04.455+0000] {taskinstance.py:3131} INFO - Exporting env vars: AIRFLOW_CTX_DAG_OWNER='***' AIRFLOW_CTX_DAG_ID='elt_dbt_pipeline' AIRFLOW_CTX_TASK_ID='wait_for_market_data_ingest' AIRFLOW_CTX_EXECUTION_DATE='2025-11-21T23:21:48.404456+00:00' AIRFLOW_CTX_TRY_NUMBER='4' AIRFLOW_CTX_DAG_RUN_ID='manual__2025-11-21T23:21:48.404456+00:00'
[2025-11-21T23:57:04.456+0000] {taskinstance.py:731} INFO - ::endgroup::
[2025-11-21T23:57:04.462+0000] {baseoperator.py:405} WARNING - ExternalTaskSensor.execute cannot be called outside TaskInstance!
[2025-11-21T23:57:04.462+0000] {external_task.py:274} INFO - Poking for DAG 'market_data_ingest' on 2025-11-21T22:51:48.404456+00:00 ... 
[2025-11-21T23:57:04.464+0000] {logging_mixin.py:190} WARNING - /home/***/.local/lib/python3.12/site-packages/***/utils/session.py:97 DeprecationWarning: This method is deprecated and will be removed in future.
[2025-11-21T23:58:04.470+0000] {external_task.py:274} INFO - Poking for DAG 'market_data_ingest' on 2025-11-21T22:51:48.404456+00:00 ... 
[2025-11-21T23:59:04.493+0000] {external_task.py:274} INFO - Poking for DAG 'market_data_ingest' on 2025-11-21T22:51:48.404456+00:00 ... 
[2025-11-22T00:00:04.531+0000] {external_task.py:274} INFO - Poking for DAG 'market_data_ingest' on 2025-11-21T22:51:48.404456+00:00 ... 
[2025-11-22T00:01:04.553+0000] {external_task.py:274} INFO - Poking for DAG 'market_data_ingest' on 2025-11-21T22:51:48.404456+00:00 ... 
[2025-11-22T00:02:04.577+0000] {external_task.py:274} INFO - Poking for DAG 'market_data_ingest' on 2025-11-21T22:51:48.404456+00:00 ... 
[2025-11-22T00:03:04.595+0000] {external_task.py:274} INFO - Poking for DAG 'market_data_ingest' on 2025-11-21T22:51:48.404456+00:00 ... 
[2025-11-22T00:04:04.614+0000] {external_task.py:274} INFO - Poking for DAG 'market_data_ingest' on 2025-11-21T22:51:48.404456+00:00 ... 
[2025-11-22T00:05:04.624+0000] {external_task.py:274} INFO - Poking for DAG 'market_data_ingest' on 2025-11-21T22:51:48.404456+00:00 ... 
[2025-11-22T00:06:04.643+0000] {external_task.py:274} INFO - Poking for DAG 'market_data_ingest' on 2025-11-21T22:51:48.404456+00:00 ... 
[2025-11-22T00:07:04.657+0000] {external_task.py:274} INFO - Poking for DAG 'market_data_ingest' on 2025-11-21T22:51:48.404456+00:00 ... 
[2025-11-22T00:08:04.670+0000] {external_task.py:274} INFO - Poking for DAG 'market_data_ingest' on 2025-11-21T22:51:48.404456+00:00 ... 
[2025-11-22T00:09:04.688+0000] {external_task.py:274} INFO - Poking for DAG 'market_data_ingest' on 2025-11-21T22:51:48.404456+00:00 ... 
[2025-11-22T00:10:04.703+0000] {external_task.py:274} INFO - Poking for DAG 'market_data_ingest' on 2025-11-21T22:51:48.404456+00:00 ... 
[2025-11-22T00:11:04.718+0000] {external_task.py:274} INFO - Poking for DAG 'market_data_ingest' on 2025-11-21T22:51:48.404456+00:00 ... 
[2025-11-22T00:12:04.735+0000] {external_task.py:274} INFO - Poking for DAG 'market_data_ingest' on 2025-11-21T22:51:48.404456+00:00 ... 
[2025-11-22T00:13:04.754+0000] {external_task.py:274} INFO - Poking for DAG 'market_data_ingest' on 2025-11-21T22:51:48.404456+00:00 ... 
[2025-11-22T00:14:04.775+0000] {external_task.py:274} INFO - Poking for DAG 'market_data_ingest' on 2025-11-21T22:51:48.404456+00:00 ... 
[2025-11-22T00:15:04.791+0000] {external_task.py:274} INFO - Poking for DAG 'market_data_ingest' on 2025-11-21T22:51:48.404456+00:00 ... 
[2025-11-22T00:16:04.803+0000] {external_task.py:274} INFO - Poking for DAG 'market_data_ingest' on 2025-11-21T22:51:48.404456+00:00 ... 
[2025-11-22T00:17:04.818+0000] {external_task.py:274} INFO - Poking for DAG 'market_data_ingest' on 2025-11-21T22:51:48.404456+00:00 ... 
[2025-11-22T00:18:04.837+0000] {external_task.py:274} INFO - Poking for DAG 'market_data_ingest' on 2025-11-21T22:51:48.404456+00:00 ... 
[2025-11-22T00:19:04.859+0000] {external_task.py:274} INFO - Poking for DAG 'market_data_ingest' on 2025-11-21T22:51:48.404456+00:00 ... 
[2025-11-22T00:20:04.867+0000] {external_task.py:274} INFO - Poking for DAG 'market_data_ingest' on 2025-11-21T22:51:48.404456+00:00 ... 
[2025-11-22T00:21:04.882+0000] {external_task.py:274} INFO - Poking for DAG 'market_data_ingest' on 2025-11-21T22:51:48.404456+00:00 ... 
[2025-11-22T00:22:04.901+0000] {external_task.py:274} INFO - Poking for DAG 'market_data_ingest' on 2025-11-21T22:51:48.404456+00:00 ... 
[2025-11-22T00:23:04.915+0000] {external_task.py:274} INFO - Poking for DAG 'market_data_ingest' on 2025-11-21T22:51:48.404456+00:00 ... 
[2025-11-22T00:24:04.930+0000] {external_task.py:274} INFO - Poking for DAG 'market_data_ingest' on 2025-11-21T22:51:48.404456+00:00 ... 
[2025-11-22T00:25:04.942+0000] {external_task.py:274} INFO - Poking for DAG 'market_data_ingest' on 2025-11-21T22:51:48.404456+00:00 ... 
[2025-11-22T00:26:04.972+0000] {external_task.py:274} INFO - Poking for DAG 'market_data_ingest' on 2025-11-21T22:51:48.404456+00:00 ... 
[2025-11-22T00:27:04.984+0000] {external_task.py:274} INFO - Poking for DAG 'market_data_ingest' on 2025-11-21T22:51:48.404456+00:00 ... 
[2025-11-22T00:28:04.995+0000] {external_task.py:274} INFO - Poking for DAG 'market_data_ingest' on 2025-11-21T22:51:48.404456+00:00 ... 
[2025-11-22T00:29:05.056+0000] {external_task.py:274} INFO - Poking for DAG 'market_data_ingest' on 2025-11-21T22:51:48.404456+00:00 ... 
[2025-11-22T00:30:05.374+0000] {external_task.py:274} INFO - Poking for DAG 'market_data_ingest' on 2025-11-21T22:51:48.404456+00:00 ... 
[2025-11-22T00:31:05.395+0000] {external_task.py:274} INFO - Poking for DAG 'market_data_ingest' on 2025-11-21T22:51:48.404456+00:00 ... 
[2025-11-22T00:32:05.413+0000] {external_task.py:274} INFO - Poking for DAG 'market_data_ingest' on 2025-11-21T22:51:48.404456+00:00 ... 
[2025-11-22T00:33:05.438+0000] {external_task.py:274} INFO - Poking for DAG 'market_data_ingest' on 2025-11-21T22:51:48.404456+00:00 ... 
[2025-11-22T00:34:05.455+0000] {external_task.py:274} INFO - Poking for DAG 'market_data_ingest' on 2025-11-21T22:51:48.404456+00:00 ... 
[2025-11-22T00:35:05.471+0000] {external_task.py:274} INFO - Poking for DAG 'market_data_ingest' on 2025-11-21T22:51:48.404456+00:00 ... 
[2025-11-22T00:36:05.484+0000] {external_task.py:274} INFO - Poking for DAG 'market_data_ingest' on 2025-11-21T22:51:48.404456+00:00 ... 
[2025-11-22T00:37:05.495+0000] {external_task.py:274} INFO - Poking for DAG 'market_data_ingest' on 2025-11-21T22:51:48.404456+00:00 ... 
[2025-11-22T00:38:05.519+0000] {external_task.py:274} INFO - Poking for DAG 'market_data_ingest' on 2025-11-21T22:51:48.404456+00:00 ... 
[2025-11-22T00:55:43.920+0000] {job.py:229} INFO - Heartbeat recovered after 1014.34 seconds
[2025-11-22T00:55:54.854+0000] {external_task.py:274} INFO - Poking for DAG 'market_data_ingest' on 2025-11-21T22:51:48.404456+00:00 ... 
[2025-11-22T00:56:54.882+0000] {external_task.py:274} INFO - Poking for DAG 'market_data_ingest' on 2025-11-21T22:51:48.404456+00:00 ... 
[2025-11-22T00:57:54.897+0000] {external_task.py:274} INFO - Poking for DAG 'market_data_ingest' on 2025-11-21T22:51:48.404456+00:00 ... 
[2025-11-22T00:58:54.909+0000] {external_task.py:274} INFO - Poking for DAG 'market_data_ingest' on 2025-11-21T22:51:48.404456+00:00 ... 
[2025-11-22T01:16:57.747+0000] {job.py:229} INFO - Heartbeat recovered after 1037.25 seconds
[2025-11-22T01:17:07.145+0000] {external_task.py:274} INFO - Poking for DAG 'market_data_ingest' on 2025-11-21T22:51:48.404456+00:00 ... 
[2025-11-22T01:58:46.160+0000] {job.py:229} INFO - Heartbeat recovered after 2483.22 seconds
[2025-11-22T01:59:25.349+0000] {external_task.py:274} INFO - Poking for DAG 'market_data_ingest' on 2025-11-21T22:51:48.404456+00:00 ... 
[2025-11-22T02:14:08.314+0000] {job.py:229} INFO - Heartbeat recovered after 866.74 seconds
[2025-11-22T02:43:03.170+0000] {job.py:229} INFO - Heartbeat recovered after 1709.70 seconds
[2025-11-22T02:43:11.709+0000] {external_task.py:274} INFO - Poking for DAG 'market_data_ingest' on 2025-11-21T22:51:48.404456+00:00 ... 
[2025-11-22T02:44:11.718+0000] {external_task.py:274} INFO - Poking for DAG 'market_data_ingest' on 2025-11-21T22:51:48.404456+00:00 ... 
[2025-11-22T02:45:11.737+0000] {external_task.py:274} INFO - Poking for DAG 'market_data_ingest' on 2025-11-21T22:51:48.404456+00:00 ... 
[2025-11-22T02:46:11.759+0000] {external_task.py:274} INFO - Poking for DAG 'market_data_ingest' on 2025-11-21T22:51:48.404456+00:00 ... 
[2025-11-22T02:47:11.779+0000] {external_task.py:274} INFO - Poking for DAG 'market_data_ingest' on 2025-11-21T22:51:48.404456+00:00 ... 
[2025-11-22T02:48:11.799+0000] {external_task.py:274} INFO - Poking for DAG 'market_data_ingest' on 2025-11-21T22:51:48.404456+00:00 ... 
[2025-11-22T02:49:11.813+0000] {external_task.py:274} INFO - Poking for DAG 'market_data_ingest' on 2025-11-21T22:51:48.404456+00:00 ... 
[2025-11-22T02:50:11.822+0000] {external_task.py:274} INFO - Poking for DAG 'market_data_ingest' on 2025-11-21T22:51:48.404456+00:00 ... 
[2025-11-22T02:51:11.843+0000] {external_task.py:274} INFO - Poking for DAG 'market_data_ingest' on 2025-11-21T22:51:48.404456+00:00 ... 
[2025-11-22T02:52:11.861+0000] {external_task.py:274} INFO - Poking for DAG 'market_data_ingest' on 2025-11-21T22:51:48.404456+00:00 ... 
[2025-11-22T02:53:11.879+0000] {external_task.py:274} INFO - Poking for DAG 'market_data_ingest' on 2025-11-21T22:51:48.404456+00:00 ... 
[2025-11-22T02:54:18.286+0000] {job.py:229} INFO - Heartbeat recovered after 50.80 seconds
[2025-11-22T02:54:57.677+0000] {external_task.py:274} INFO - Poking for DAG 'market_data_ingest' on 2025-11-21T22:51:48.404456+00:00 ... 
[2025-11-22T02:55:57.701+0000] {external_task.py:274} INFO - Poking for DAG 'market_data_ingest' on 2025-11-21T22:51:48.404456+00:00 ... 
[2025-11-22T02:55:57.731+0000] {taskinstance.py:3310} ERROR - Task failed with exception
Traceback (most recent call last):
  File "/home/airflow/.local/lib/python3.12/site-packages/airflow/models/taskinstance.py", line 767, in _execute_task
    result = _execute_callable(context=context, **execute_callable_kwargs)
             ^^^^^^^^^^^^^^^^^^^^^^^^^^^^^^^^^^^^^^^^^^^^^^^^^^^^^^^^^^^^^
  File "/home/airflow/.local/lib/python3.12/site-packages/airflow/models/taskinstance.py", line 733, in _execute_callable
    return ExecutionCallableRunner(
           ^^^^^^^^^^^^^^^^^^^^^^^^
  File "/home/airflow/.local/lib/python3.12/site-packages/airflow/utils/operator_helpers.py", line 252, in run
    return self.func(*args, **kwargs)
           ^^^^^^^^^^^^^^^^^^^^^^^^^^
  File "/home/airflow/.local/lib/python3.12/site-packages/airflow/models/baseoperator.py", line 406, in wrapper
    return func(self, *args, **kwargs)
           ^^^^^^^^^^^^^^^^^^^^^^^^^^^
  File "/home/airflow/.local/lib/python3.12/site-packages/airflow/sensors/external_task.py", line 348, in execute
    super().execute(context)
  File "/home/airflow/.local/lib/python3.12/site-packages/airflow/models/baseoperator.py", line 406, in wrapper
    return func(self, *args, **kwargs)
           ^^^^^^^^^^^^^^^^^^^^^^^^^^^
  File "/home/airflow/.local/lib/python3.12/site-packages/airflow/sensors/base.py", line 323, in execute
    raise AirflowSensorTimeout(message)
airflow.exceptions.AirflowSensorTimeout: Sensor has timed out; run duration of 3601.4524723489994 seconds exceeds the specified timeout of 3600.0.
[2025-11-22T02:55:57.745+0000] {taskinstance.py:1225} INFO - Immediate failure requested. Marking task as FAILED. dag_id=elt_dbt_pipeline, task_id=wait_for_market_data_ingest, run_id=manual__2025-11-21T23:21:48.404456+00:00, execution_date=20251121T232148, start_date=20251121T235704, end_date=20251122T025557
[2025-11-22T02:55:57.760+0000] {taskinstance.py:340} INFO - ::group::Post task execution logs
[2025-11-22T02:55:57.761+0000] {standard_task_runner.py:124} ERROR - Failed to execute job 43 for task wait_for_market_data_ingest (Sensor has timed out; run duration of 3601.4524723489994 seconds exceeds the specified timeout of 3600.0.; 1570)
Traceback (most recent call last):
  File "/home/airflow/.local/lib/python3.12/site-packages/airflow/task/task_runner/standard_task_runner.py", line 117, in _start_by_fork
    ret = args.func(args, dag=self.dag)
          ^^^^^^^^^^^^^^^^^^^^^^^^^^^^^
  File "/home/airflow/.local/lib/python3.12/site-packages/airflow/cli/cli_config.py", line 49, in command
    return func(*args, **kwargs)
           ^^^^^^^^^^^^^^^^^^^^^
  File "/home/airflow/.local/lib/python3.12/site-packages/airflow/utils/cli.py", line 115, in wrapper
    return f(*args, **kwargs)
           ^^^^^^^^^^^^^^^^^^
  File "/home/airflow/.local/lib/python3.12/site-packages/airflow/cli/commands/task_command.py", line 483, in task_run
    task_return_code = _run_task_by_selected_method(args, _dag, ti)
                       ^^^^^^^^^^^^^^^^^^^^^^^^^^^^^^^^^^^^^^^^^^^^
  File "/home/airflow/.local/lib/python3.12/site-packages/airflow/cli/commands/task_command.py", line 256, in _run_task_by_selected_method
    return _run_raw_task(args, ti)
           ^^^^^^^^^^^^^^^^^^^^^^^
  File "/home/airflow/.local/lib/python3.12/site-packages/airflow/cli/commands/task_command.py", line 341, in _run_raw_task
    return ti._run_raw_task(
           ^^^^^^^^^^^^^^^^^
  File "/home/airflow/.local/lib/python3.12/site-packages/airflow/utils/session.py", line 97, in wrapper
    return func(*args, session=session, **kwargs)
           ^^^^^^^^^^^^^^^^^^^^^^^^^^^^^^^^^^^^^^
  File "/home/airflow/.local/lib/python3.12/site-packages/airflow/models/taskinstance.py", line 3004, in _run_raw_task
    return _run_raw_task(
           ^^^^^^^^^^^^^^
  File "/home/airflow/.local/lib/python3.12/site-packages/airflow/models/taskinstance.py", line 273, in _run_raw_task
    TaskInstance._execute_task_with_callbacks(
  File "/home/airflow/.local/lib/python3.12/site-packages/airflow/models/taskinstance.py", line 3158, in _execute_task_with_callbacks
    result = self._execute_task(context, task_orig)
             ^^^^^^^^^^^^^^^^^^^^^^^^^^^^^^^^^^^^^^
  File "/home/airflow/.local/lib/python3.12/site-packages/airflow/models/taskinstance.py", line 3182, in _execute_task
    return _execute_task(self, context, task_orig)
           ^^^^^^^^^^^^^^^^^^^^^^^^^^^^^^^^^^^^^^^
  File "/home/airflow/.local/lib/python3.12/site-packages/airflow/models/taskinstance.py", line 767, in _execute_task
    result = _execute_callable(context=context, **execute_callable_kwargs)
             ^^^^^^^^^^^^^^^^^^^^^^^^^^^^^^^^^^^^^^^^^^^^^^^^^^^^^^^^^^^^^
  File "/home/airflow/.local/lib/python3.12/site-packages/airflow/models/taskinstance.py", line 733, in _execute_callable
    return ExecutionCallableRunner(
           ^^^^^^^^^^^^^^^^^^^^^^^^
  File "/home/airflow/.local/lib/python3.12/site-packages/airflow/utils/operator_helpers.py", line 252, in run
    return self.func(*args, **kwargs)
           ^^^^^^^^^^^^^^^^^^^^^^^^^^
  File "/home/airflow/.local/lib/python3.12/site-packages/airflow/models/baseoperator.py", line 406, in wrapper
    return func(self, *args, **kwargs)
           ^^^^^^^^^^^^^^^^^^^^^^^^^^^
  File "/home/airflow/.local/lib/python3.12/site-packages/airflow/sensors/external_task.py", line 348, in execute
    super().execute(context)
  File "/home/airflow/.local/lib/python3.12/site-packages/airflow/models/baseoperator.py", line 406, in wrapper
    return func(self, *args, **kwargs)
           ^^^^^^^^^^^^^^^^^^^^^^^^^^^
  File "/home/airflow/.local/lib/python3.12/site-packages/airflow/sensors/base.py", line 323, in execute
    raise AirflowSensorTimeout(message)
airflow.exceptions.AirflowSensorTimeout: Sensor has timed out; run duration of 3601.4524723489994 seconds exceeds the specified timeout of 3600.0.
[2025-11-22T02:55:57.786+0000] {local_task_job_runner.py:266} INFO - Task exited with return code 1
[2025-11-22T02:55:57.810+0000] {taskinstance.py:3900} INFO - 0 downstream tasks scheduled from follow-on schedule check
[2025-11-22T02:55:57.812+0000] {local_task_job_runner.py:245} INFO - ::endgroup::
