[2025-12-10T04:01:01.365+0000] {local_task_job_runner.py:123} INFO - ::group::Pre task execution logs
[2025-12-10T04:01:01.371+0000] {taskinstance.py:2612} INFO - Dependencies all met for dep_context=non-requeueable deps ti=<TaskInstance: TrainPredict.dbt_run_downstream_dashboards scheduled__2025-12-09T03:30:00+00:00 [queued]>
[2025-12-10T04:01:01.373+0000] {taskinstance.py:2612} INFO - Dependencies all met for dep_context=requeueable deps ti=<TaskInstance: TrainPredict.dbt_run_downstream_dashboards scheduled__2025-12-09T03:30:00+00:00 [queued]>
[2025-12-10T04:01:01.373+0000] {taskinstance.py:2865} INFO - Starting attempt 1 of 1
[2025-12-10T04:01:01.377+0000] {taskinstance.py:2888} INFO - Executing <Task(BashOperator): dbt_run_downstream_dashboards> on 2025-12-09 03:30:00+00:00
[2025-12-10T04:01:01.380+0000] {logging_mixin.py:190} WARNING - /home/***/.local/lib/python3.12/site-packages/***/task/task_runner/standard_task_runner.py:70 DeprecationWarning: This process (pid=12469) is multi-threaded, use of fork() may lead to deadlocks in the child.
[2025-12-10T04:01:01.381+0000] {standard_task_runner.py:72} INFO - Started process 12472 to run task
[2025-12-10T04:01:01.380+0000] {standard_task_runner.py:104} INFO - Running: ['***', 'tasks', 'run', 'TrainPredict', 'dbt_run_downstream_dashboards', 'scheduled__2025-12-09T03:30:00+00:00', '--job-id', '432', '--raw', '--subdir', 'DAGS_FOLDER/train_predict.py', '--cfg-path', '/tmp/tmpsqcll2vp']
[2025-12-10T04:01:01.382+0000] {standard_task_runner.py:105} INFO - Job 432: Subtask dbt_run_downstream_dashboards
[2025-12-10T04:01:01.396+0000] {task_command.py:467} INFO - Running <TaskInstance: TrainPredict.dbt_run_downstream_dashboards scheduled__2025-12-09T03:30:00+00:00 [running]> on host 7c17d7f5e8b7
[2025-12-10T04:01:01.423+0000] {taskinstance.py:3131} INFO - Exporting env vars: AIRFLOW_CTX_DAG_OWNER='***' AIRFLOW_CTX_DAG_ID='TrainPredict' AIRFLOW_CTX_TASK_ID='dbt_run_downstream_dashboards' AIRFLOW_CTX_EXECUTION_DATE='2025-12-09T03:30:00+00:00' AIRFLOW_CTX_TRY_NUMBER='1' AIRFLOW_CTX_DAG_RUN_ID='scheduled__2025-12-09T03:30:00+00:00'
[2025-12-10T04:01:01.423+0000] {taskinstance.py:731} INFO - ::endgroup::
[2025-12-10T04:01:01.424+0000] {subprocess.py:63} INFO - Tmp dir root location: /tmp
[2025-12-10T04:01:01.425+0000] {subprocess.py:75} INFO - Running command: ['/usr/bin/bash', '-c', 'set -euo pipefail;cd /opt/***/dbt/stock_analytics && dbt run --select mart_forecast_combined mart_risk_reward_scatter mart_market_regime --profiles-dir /opt/***/dbt && dbt test --select mart_forecast_combined mart_risk_reward_scatter mart_market_regime --profiles-dir /opt/***/dbt']
[2025-12-10T04:01:01.429+0000] {subprocess.py:86} INFO - Output:
[2025-12-10T04:01:02.288+0000] {subprocess.py:93} INFO - [0m04:01:02  Running with dbt=1.11.0-rc1
[2025-12-10T04:01:02.459+0000] {subprocess.py:93} INFO - [0m04:01:02  Registered adapter: snowflake=1.10.3
[2025-12-10T04:01:02.686+0000] {subprocess.py:93} INFO - [0m04:01:02  Found 6 models, 30 data tests, 1 seed, 2 sources, 504 macros
[2025-12-10T04:01:02.688+0000] {subprocess.py:93} INFO - [0m04:01:02
[2025-12-10T04:01:02.688+0000] {subprocess.py:93} INFO - [0m04:01:02  Concurrency: 4 threads (target='dev')
[2025-12-10T04:01:02.689+0000] {subprocess.py:93} INFO - [0m04:01:02
[2025-12-10T04:01:04.550+0000] {subprocess.py:93} INFO - [0m04:01:04  1 of 3 START sql table model PUBLIC_ANALYTICS.mart_forecast_combined ........... [RUN]
[2025-12-10T04:01:04.552+0000] {subprocess.py:93} INFO - [0m04:01:04  2 of 3 START sql table model PUBLIC_ANALYTICS.mart_market_regime ............... [RUN]
[2025-12-10T04:01:04.553+0000] {subprocess.py:93} INFO - [0m04:01:04  3 of 3 START sql table model PUBLIC_ANALYTICS.mart_risk_reward_scatter ......... [RUN]
[2025-12-10T04:01:06.307+0000] {subprocess.py:93} INFO - [0m04:01:06  2 of 3 OK created sql table model PUBLIC_ANALYTICS.mart_market_regime .......... [[32mSUCCESS 1[0m in 1.75s]
[2025-12-10T04:01:06.924+0000] {subprocess.py:93} INFO - [0m04:01:06  1 of 3 OK created sql table model PUBLIC_ANALYTICS.mart_forecast_combined ...... [[32mSUCCESS 1[0m in 2.37s]
[2025-12-10T04:01:10.042+0000] {subprocess.py:93} INFO - [0m04:01:10  3 of 3 OK created sql table model PUBLIC_ANALYTICS.mart_risk_reward_scatter .... [[32mSUCCESS 1[0m in 5.49s]
[2025-12-10T04:01:10.782+0000] {subprocess.py:93} INFO - [0m04:01:10
[2025-12-10T04:01:10.783+0000] {subprocess.py:93} INFO - [0m04:01:10  Finished running 3 table models in 0 hours 0 minutes and 8.09 seconds (8.09s).
[2025-12-10T04:01:10.827+0000] {subprocess.py:93} INFO - [0m04:01:10
[2025-12-10T04:01:10.827+0000] {subprocess.py:93} INFO - [0m04:01:10  [32mCompleted successfully[0m
[2025-12-10T04:01:10.827+0000] {subprocess.py:93} INFO - [0m04:01:10
[2025-12-10T04:01:10.828+0000] {subprocess.py:93} INFO - [0m04:01:10  Done. PASS=3 WARN=0 ERROR=0 SKIP=0 NO-OP=0 TOTAL=3
[2025-12-10T04:01:12.277+0000] {subprocess.py:93} INFO - [0m04:01:12  Running with dbt=1.11.0-rc1
[2025-12-10T04:01:12.443+0000] {subprocess.py:93} INFO - [0m04:01:12  Registered adapter: snowflake=1.10.3
[2025-12-10T04:01:12.654+0000] {subprocess.py:93} INFO - [0m04:01:12  Found 6 models, 30 data tests, 1 seed, 2 sources, 504 macros
[2025-12-10T04:01:12.655+0000] {subprocess.py:93} INFO - [0m04:01:12
[2025-12-10T04:01:12.656+0000] {subprocess.py:93} INFO - [0m04:01:12  Concurrency: 4 threads (target='dev')
[2025-12-10T04:01:12.656+0000] {subprocess.py:93} INFO - [0m04:01:12
[2025-12-10T04:01:14.138+0000] {subprocess.py:93} INFO - [0m04:01:14  1 of 16 START test accepted_values_mart_forecast_combined_type__history__forecast  [RUN]
[2025-12-10T04:01:14.139+0000] {subprocess.py:93} INFO - [0m04:01:14  2 of 16 START test accepted_values_mart_risk_reward_scatter_investment_type__Safety_Buy___Momentum_Ride___Toxic_Sell___Stagnant_Avoid___Benchmark  [RUN]
[2025-12-10T04:01:14.142+0000] {subprocess.py:93} INFO - [0m04:01:14  3 of 16 START test not_null_mart_forecast_combined_date ........................ [RUN]
[2025-12-10T04:01:14.143+0000] {subprocess.py:93} INFO - [0m04:01:14  4 of 16 START test not_null_mart_forecast_combined_sector_name ................. [RUN]
[2025-12-10T04:01:14.561+0000] {subprocess.py:93} INFO - [0m04:01:14  1 of 16 PASS accepted_values_mart_forecast_combined_type__history__forecast .... [[32mPASS[0m in 0.41s]
[2025-12-10T04:01:14.566+0000] {subprocess.py:93} INFO - [0m04:01:14  2 of 16 PASS accepted_values_mart_risk_reward_scatter_investment_type__Safety_Buy___Momentum_Ride___Toxic_Sell___Stagnant_Avoid___Benchmark  [[32mPASS[0m in 0.42s]
[2025-12-10T04:01:14.572+0000] {subprocess.py:93} INFO - [0m04:01:14  4 of 16 PASS not_null_mart_forecast_combined_sector_name ....................... [[32mPASS[0m in 0.42s]
[2025-12-10T04:01:14.582+0000] {subprocess.py:93} INFO - [0m04:01:14  5 of 16 START test not_null_mart_forecast_combined_symbol ...................... [RUN]
[2025-12-10T04:01:14.584+0000] {subprocess.py:93} INFO - [0m04:01:14  6 of 16 START test not_null_mart_forecast_combined_type ........................ [RUN]
[2025-12-10T04:01:14.590+0000] {subprocess.py:93} INFO - [0m04:01:14  7 of 16 START test not_null_mart_market_regime_date ............................ [RUN]
[2025-12-10T04:01:14.612+0000] {subprocess.py:93} INFO - [0m04:01:14  3 of 16 PASS not_null_mart_forecast_combined_date .............................. [[32mPASS[0m in 0.46s]
[2025-12-10T04:01:14.623+0000] {subprocess.py:93} INFO - [0m04:01:14  8 of 16 START test not_null_mart_market_regime_tech_bubble_ratio ............... [RUN]
[2025-12-10T04:01:14.838+0000] {subprocess.py:93} INFO - [0m04:01:14  8 of 16 PASS not_null_mart_market_regime_tech_bubble_ratio ..................... [[32mPASS[0m in 0.21s]
[2025-12-10T04:01:14.839+0000] {subprocess.py:93} INFO - [0m04:01:14  9 of 16 START test not_null_mart_risk_reward_scatter_avg_risk_beta ............. [RUN]
[2025-12-10T04:01:15.029+0000] {subprocess.py:93} INFO - [0m04:01:15  7 of 16 PASS not_null_mart_market_regime_date .................................. [[32mPASS[0m in 0.44s]
[2025-12-10T04:01:15.032+0000] {subprocess.py:93} INFO - [0m04:01:15  10 of 16 START test not_null_mart_risk_reward_scatter_date ..................... [RUN]
[2025-12-10T04:01:15.045+0000] {subprocess.py:93} INFO - [0m04:01:15  5 of 16 PASS not_null_mart_forecast_combined_symbol ............................ [[32mPASS[0m in 0.46s]
[2025-12-10T04:01:15.050+0000] {subprocess.py:93} INFO - [0m04:01:15  11 of 16 START test not_null_mart_risk_reward_scatter_investment_type .......... [RUN]
[2025-12-10T04:01:15.064+0000] {subprocess.py:93} INFO - [0m04:01:15  6 of 16 PASS not_null_mart_forecast_combined_type .............................. [[32mPASS[0m in 0.48s]
[2025-12-10T04:01:15.065+0000] {subprocess.py:93} INFO - [0m04:01:15  12 of 16 START test not_null_mart_risk_reward_scatter_sector_name .............. [RUN]
[2025-12-10T04:01:15.099+0000] {subprocess.py:93} INFO - [0m04:01:15  9 of 16 PASS not_null_mart_risk_reward_scatter_avg_risk_beta ................... [[32mPASS[0m in 0.26s]
[2025-12-10T04:01:15.100+0000] {subprocess.py:93} INFO - [0m04:01:15  13 of 16 START test not_null_mart_risk_reward_scatter_symbol ................... [RUN]
[2025-12-10T04:01:15.168+0000] {subprocess.py:93} INFO - [0m04:01:15  10 of 16 PASS not_null_mart_risk_reward_scatter_date ........................... [[32mPASS[0m in 0.13s]
[2025-12-10T04:01:15.169+0000] {subprocess.py:93} INFO - [0m04:01:15  14 of 16 START test not_null_mart_risk_reward_scatter_total_return_pct ......... [RUN]
[2025-12-10T04:01:15.356+0000] {subprocess.py:93} INFO - [0m04:01:15  14 of 16 PASS not_null_mart_risk_reward_scatter_total_return_pct ............... [[32mPASS[0m in 0.19s]
[2025-12-10T04:01:15.358+0000] {subprocess.py:93} INFO - [0m04:01:15  15 of 16 START test unique_mart_forecast_combined__symbol_date_ ................ [RUN]
[2025-12-10T04:01:15.369+0000] {subprocess.py:93} INFO - [0m04:01:15  11 of 16 PASS not_null_mart_risk_reward_scatter_investment_type ................ [[32mPASS[0m in 0.32s]
[2025-12-10T04:01:15.371+0000] {subprocess.py:93} INFO - [0m04:01:15  16 of 16 START test unique_mart_market_regime_date ............................. [RUN]
[2025-12-10T04:01:15.377+0000] {subprocess.py:93} INFO - [0m04:01:15  12 of 16 PASS not_null_mart_risk_reward_scatter_sector_name .................... [[32mPASS[0m in 0.31s]
[2025-12-10T04:01:15.612+0000] {subprocess.py:93} INFO - [0m04:01:15  13 of 16 PASS not_null_mart_risk_reward_scatter_symbol ......................... [[32mPASS[0m in 0.51s]
[2025-12-10T04:01:15.702+0000] {subprocess.py:93} INFO - [0m04:01:15  16 of 16 PASS unique_mart_market_regime_date ................................... [[32mPASS[0m in 0.33s]
[2025-12-10T04:01:15.952+0000] {subprocess.py:93} INFO - [0m04:01:15  15 of 16 PASS unique_mart_forecast_combined__symbol_date_ ...................... [[32mPASS[0m in 0.59s]
[2025-12-10T04:01:17.261+0000] {subprocess.py:93} INFO - [0m04:01:17
[2025-12-10T04:01:17.262+0000] {subprocess.py:93} INFO - [0m04:01:17  Finished running 16 data tests in 0 hours 0 minutes and 4.60 seconds (4.60s).
[2025-12-10T04:01:17.307+0000] {subprocess.py:93} INFO - [0m04:01:17
[2025-12-10T04:01:17.308+0000] {subprocess.py:93} INFO - [0m04:01:17  [32mCompleted successfully[0m
[2025-12-10T04:01:17.308+0000] {subprocess.py:93} INFO - [0m04:01:17
[2025-12-10T04:01:17.308+0000] {subprocess.py:93} INFO - [0m04:01:17  Done. PASS=16 WARN=0 ERROR=0 SKIP=0 NO-OP=0 TOTAL=16
[2025-12-10T04:01:17.836+0000] {subprocess.py:97} INFO - Command exited with return code 0
[2025-12-10T04:01:17.846+0000] {taskinstance.py:340} INFO - ::group::Post task execution logs
[2025-12-10T04:01:17.846+0000] {taskinstance.py:352} INFO - Marking task as SUCCESS. dag_id=TrainPredict, task_id=dbt_run_downstream_dashboards, run_id=scheduled__2025-12-09T03:30:00+00:00, execution_date=20251209T033000, start_date=20251210T040101, end_date=20251210T040117
[2025-12-10T04:01:17.872+0000] {local_task_job_runner.py:266} INFO - Task exited with return code 0
[2025-12-10T04:01:17.878+0000] {taskinstance.py:3900} INFO - 0 downstream tasks scheduled from follow-on schedule check
[2025-12-10T04:01:17.878+0000] {local_task_job_runner.py:245} INFO - ::endgroup::
