[2025-11-22T03:00:00.332+0000] {local_task_job_runner.py:123} INFO - ::group::Pre task execution logs
[2025-11-22T03:00:00.338+0000] {taskinstance.py:2612} INFO - Dependencies all met for dep_context=non-requeueable deps ti=<TaskInstance: elt_dbt_pipeline.wait_for_train_predict scheduled__2025-11-21T03:00:00+00:00 [queued]>
[2025-11-22T03:00:00.341+0000] {taskinstance.py:2612} INFO - Dependencies all met for dep_context=requeueable deps ti=<TaskInstance: elt_dbt_pipeline.wait_for_train_predict scheduled__2025-11-21T03:00:00+00:00 [queued]>
[2025-11-22T03:00:00.343+0000] {taskinstance.py:2865} INFO - Starting attempt 1 of 2
[2025-11-22T03:00:00.347+0000] {taskinstance.py:2888} INFO - Executing <Task(ExternalTaskSensor): wait_for_train_predict> on 2025-11-21 03:00:00+00:00
[2025-11-22T03:00:00.351+0000] {logging_mixin.py:190} WARNING - /home/***/.local/lib/python3.12/site-packages/***/task/task_runner/standard_task_runner.py:70 DeprecationWarning: This process (pid=4278) is multi-threaded, use of fork() may lead to deadlocks in the child.
[2025-11-22T03:00:00.352+0000] {standard_task_runner.py:72} INFO - Started process 4280 to run task
[2025-11-22T03:00:00.352+0000] {standard_task_runner.py:104} INFO - Running: ['***', 'tasks', 'run', 'elt_dbt_pipeline', 'wait_for_train_predict', 'scheduled__2025-11-21T03:00:00+00:00', '--job-id', '53', '--raw', '--subdir', 'DAGS_FOLDER/elt_dbt_pipeline.py', '--cfg-path', '/tmp/tmpzemvs56_']
[2025-11-22T03:00:00.353+0000] {standard_task_runner.py:105} INFO - Job 53: Subtask wait_for_train_predict
[2025-11-22T03:00:00.370+0000] {task_command.py:467} INFO - Running <TaskInstance: elt_dbt_pipeline.wait_for_train_predict scheduled__2025-11-21T03:00:00+00:00 [running]> on host 663ef6e4cd5f
[2025-11-22T03:00:00.403+0000] {taskinstance.py:3131} INFO - Exporting env vars: AIRFLOW_CTX_DAG_OWNER='***' AIRFLOW_CTX_DAG_ID='elt_dbt_pipeline' AIRFLOW_CTX_TASK_ID='wait_for_train_predict' AIRFLOW_CTX_EXECUTION_DATE='2025-11-21T03:00:00+00:00' AIRFLOW_CTX_TRY_NUMBER='1' AIRFLOW_CTX_DAG_RUN_ID='scheduled__2025-11-21T03:00:00+00:00'
[2025-11-22T03:00:00.404+0000] {taskinstance.py:731} INFO - ::endgroup::
[2025-11-22T03:00:00.410+0000] {baseoperator.py:405} WARNING - ExternalTaskSensor.execute cannot be called outside TaskInstance!
[2025-11-22T03:00:00.410+0000] {external_task.py:274} INFO - Poking for DAG 'TrainPredict' on 2025-11-21T02:45:00+00:00 ... 
[2025-11-22T03:00:00.411+0000] {logging_mixin.py:190} WARNING - /home/***/.local/lib/python3.12/site-packages/***/utils/session.py:97 DeprecationWarning: This method is deprecated and will be removed in future.
[2025-11-22T03:00:00.414+0000] {base.py:336} INFO - Success criteria met. Exiting.
[2025-11-22T03:00:00.417+0000] {taskinstance.py:340} INFO - ::group::Post task execution logs
[2025-11-22T03:00:00.418+0000] {taskinstance.py:352} INFO - Marking task as SUCCESS. dag_id=elt_dbt_pipeline, task_id=wait_for_train_predict, run_id=scheduled__2025-11-21T03:00:00+00:00, execution_date=20251121T030000, start_date=20251122T030000, end_date=20251122T030000
[2025-11-22T03:00:00.449+0000] {local_task_job_runner.py:266} INFO - Task exited with return code 0
[2025-11-22T03:00:00.462+0000] {taskinstance.py:3900} INFO - 1 downstream tasks scheduled from follow-on schedule check
[2025-11-22T03:00:00.464+0000] {local_task_job_runner.py:245} INFO - ::endgroup::
