[2025-12-05T04:46:49.846+0000] {local_task_job_runner.py:123} INFO - ::group::Pre task execution logs
[2025-12-05T04:46:49.852+0000] {taskinstance.py:2612} INFO - Dependencies all met for dep_context=non-requeueable deps ti=<TaskInstance: market_data_ingest.create_seed_schema manual__2025-12-05T04:46:48.792710+00:00 [queued]>
[2025-12-05T04:46:49.855+0000] {taskinstance.py:2612} INFO - Dependencies all met for dep_context=requeueable deps ti=<TaskInstance: market_data_ingest.create_seed_schema manual__2025-12-05T04:46:48.792710+00:00 [queued]>
[2025-12-05T04:46:49.856+0000] {taskinstance.py:2865} INFO - Starting attempt 1 of 2
[2025-12-05T04:46:49.939+0000] {taskinstance.py:2888} INFO - Executing <Task(SnowflakeOperator): create_seed_schema> on 2025-12-05 04:46:48.792710+00:00
[2025-12-05T04:46:49.945+0000] {logging_mixin.py:190} WARNING - /home/***/.local/lib/python3.12/site-packages/***/task/task_runner/standard_task_runner.py:70 DeprecationWarning: This process (pid=5171) is multi-threaded, use of fork() may lead to deadlocks in the child.
[2025-12-05T04:46:49.946+0000] {standard_task_runner.py:72} INFO - Started process 5183 to run task
[2025-12-05T04:46:49.945+0000] {standard_task_runner.py:104} INFO - Running: ['***', 'tasks', 'run', 'market_data_ingest', 'create_seed_schema', 'manual__2025-12-05T04:46:48.792710+00:00', '--job-id', '210', '--raw', '--subdir', 'DAGS_FOLDER/market_data_ingest.py', '--cfg-path', '/tmp/tmpjs6hedka']
[2025-12-05T04:46:49.947+0000] {standard_task_runner.py:105} INFO - Job 210: Subtask create_seed_schema
[2025-12-05T04:46:49.975+0000] {task_command.py:467} INFO - Running <TaskInstance: market_data_ingest.create_seed_schema manual__2025-12-05T04:46:48.792710+00:00 [running]> on host 3a991512098d
[2025-12-05T04:46:50.012+0000] {taskinstance.py:3131} INFO - Exporting env vars: AIRFLOW_CTX_DAG_OWNER='data' AIRFLOW_CTX_DAG_ID='market_data_ingest' AIRFLOW_CTX_TASK_ID='create_seed_schema' AIRFLOW_CTX_EXECUTION_DATE='2025-12-05T04:46:48.792710+00:00' AIRFLOW_CTX_TRY_NUMBER='1' AIRFLOW_CTX_DAG_RUN_ID='manual__2025-12-05T04:46:48.792710+00:00'
[2025-12-05T04:46:50.013+0000] {taskinstance.py:731} INFO - ::endgroup::
[2025-12-05T04:46:50.023+0000] {sql.py:266} INFO - Executing: CREATE SCHEMA IF NOT EXISTS "USER_DB_OSTRICH"."PUBLIC_SEEDS"
[2025-12-05T04:46:50.029+0000] {base.py:84} INFO - Retrieving connection 'snowflake_conn'
[2025-12-05T04:46:50.033+0000] {base.py:84} INFO - Retrieving connection 'snowflake_conn'
[2025-12-05T04:46:50.034+0000] {connection.py:413} INFO - Snowflake Connector for Python Version: 3.12.1, Python Version: 3.12.5, Platform: Linux-6.10.14-linuxkit-aarch64-with-glibc2.36
[2025-12-05T04:46:50.034+0000] {connection.py:1196} INFO - Connecting to GLOBAL Snowflake domain
[2025-12-05T04:46:50.034+0000] {connection.py:1277} INFO - This connection is in OCSP Fail Open Mode. TLS Certificates would be checked for validity and revocation status. Any other Certificate Revocation related exceptions or OCSP Responder failures would be disregarded in favor of connectivity.
[2025-12-05T04:46:50.904+0000] {cursor.py:1156} INFO - Number of results in first chunk: 1
[2025-12-05T04:46:50.905+0000] {sql.py:509} INFO - Running statement: CREATE SCHEMA IF NOT EXISTS "USER_DB_OSTRICH"."PUBLIC_SEEDS", parameters: None
[2025-12-05T04:46:51.035+0000] {cursor.py:1156} INFO - Number of results in first chunk: 1
[2025-12-05T04:46:51.036+0000] {sql.py:518} INFO - Rows affected: 1
[2025-12-05T04:46:51.037+0000] {snowflake.py:422} INFO - Rows affected: 1
[2025-12-05T04:46:51.038+0000] {snowflake.py:423} INFO - Snowflake query id: 01c0d6fe-0307-3356-000f-c0df00adb9ea
[2025-12-05T04:46:51.119+0000] {cursor.py:1156} INFO - Number of results in first chunk: 1
[2025-12-05T04:46:51.120+0000] {connection.py:788} INFO - closed
[2025-12-05T04:46:51.194+0000] {connection.py:794} INFO - No async queries seem to be running, deleting session
[2025-12-05T04:46:51.288+0000] {taskinstance.py:340} INFO - ::group::Post task execution logs
[2025-12-05T04:46:51.288+0000] {taskinstance.py:352} INFO - Marking task as SUCCESS. dag_id=market_data_ingest, task_id=create_seed_schema, run_id=manual__2025-12-05T04:46:48.792710+00:00, execution_date=20251205T044648, start_date=20251205T044649, end_date=20251205T044651
[2025-12-05T04:46:51.329+0000] {local_task_job_runner.py:266} INFO - Task exited with return code 0
[2025-12-05T04:46:51.334+0000] {logging_mixin.py:190} WARNING - /home/***/.local/lib/python3.12/site-packages/***/models/baseoperator.py:1378 AirflowProviderDeprecationWarning: Call to deprecated class SnowflakeOperator. (This class is deprecated. Please use `***.providers.common.sql.operators.sql.SQLExecuteQueryOperator`. Also, you can provide `hook_params={'warehouse': <warehouse>, 'database': <database>, 'role': <role>, 'schema': <schema>, 'authenticator': <authenticator>,'session_parameters': <session_parameters>}`.)
[2025-12-05T04:46:51.338+0000] {taskinstance.py:3900} INFO - 0 downstream tasks scheduled from follow-on schedule check
[2025-12-05T04:46:51.339+0000] {local_task_job_runner.py:245} INFO - ::endgroup::
