[2025-11-23T04:11:48.816+0000] {local_task_job_runner.py:123} INFO - ::group::Pre task execution logs
[2025-11-23T04:11:48.883+0000] {taskinstance.py:2612} INFO - Dependencies all met for dep_context=non-requeueable deps ti=<TaskInstance: elt_dbt_upstream.dbt_run_upstream scheduled__2025-11-22T03:00:00+00:00 [queued]>
[2025-11-23T04:11:48.887+0000] {taskinstance.py:2612} INFO - Dependencies all met for dep_context=requeueable deps ti=<TaskInstance: elt_dbt_upstream.dbt_run_upstream scheduled__2025-11-22T03:00:00+00:00 [queued]>
[2025-11-23T04:11:48.887+0000] {taskinstance.py:2865} INFO - Starting attempt 1 of 2
[2025-11-23T04:11:48.892+0000] {taskinstance.py:2888} INFO - Executing <Task(BashOperator): dbt_run_upstream> on 2025-11-22 03:00:00+00:00
[2025-11-23T04:11:48.895+0000] {standard_task_runner.py:104} INFO - Running: ['***', 'tasks', 'run', 'elt_dbt_upstream', 'dbt_run_upstream', 'scheduled__2025-11-22T03:00:00+00:00', '--job-id', '32', '--raw', '--subdir', 'DAGS_FOLDER/elt_dbt_upstream.py', '--cfg-path', '/tmp/tmp2bsdsu54']
[2025-11-23T04:11:48.897+0000] {standard_task_runner.py:105} INFO - Job 32: Subtask dbt_run_upstream
[2025-11-23T04:11:48.897+0000] {logging_mixin.py:190} WARNING - /home/***/.local/lib/python3.12/site-packages/***/task/task_runner/standard_task_runner.py:70 DeprecationWarning: This process (pid=4501) is multi-threaded, use of fork() may lead to deadlocks in the child.
[2025-11-23T04:11:48.898+0000] {standard_task_runner.py:72} INFO - Started process 4502 to run task
[2025-11-23T04:11:48.918+0000] {task_command.py:467} INFO - Running <TaskInstance: elt_dbt_upstream.dbt_run_upstream scheduled__2025-11-22T03:00:00+00:00 [running]> on host fdac057bd921
[2025-11-23T04:11:48.950+0000] {taskinstance.py:3131} INFO - Exporting env vars: AIRFLOW_CTX_DAG_OWNER='***' AIRFLOW_CTX_DAG_ID='elt_dbt_upstream' AIRFLOW_CTX_TASK_ID='dbt_run_upstream' AIRFLOW_CTX_EXECUTION_DATE='2025-11-22T03:00:00+00:00' AIRFLOW_CTX_TRY_NUMBER='1' AIRFLOW_CTX_DAG_RUN_ID='scheduled__2025-11-22T03:00:00+00:00'
[2025-11-23T04:11:48.951+0000] {taskinstance.py:731} INFO - ::endgroup::
[2025-11-23T04:11:48.959+0000] {subprocess.py:63} INFO - Tmp dir root location: /tmp
[2025-11-23T04:11:48.959+0000] {subprocess.py:75} INFO - Running command: ['/usr/bin/bash', '-c', 'set -euo pipefail;cd /opt/***/dbt/stock_analytics && dbt run --select +mart_sector_volatility --profiles-dir /opt/***/dbt']
[2025-11-23T04:11:48.965+0000] {subprocess.py:86} INFO - Output:
[2025-11-23T04:11:49.864+0000] {subprocess.py:93} INFO - [0m04:11:49  Running with dbt=1.11.0-rc1
[2025-11-23T04:11:50.033+0000] {subprocess.py:93} INFO - [0m04:11:50  Registered adapter: snowflake=1.10.3
[2025-11-23T04:11:50.226+0000] {subprocess.py:93} INFO - [0m04:11:50  Found 6 models, 20 data tests, 2 sources, 504 macros
[2025-11-23T04:11:50.228+0000] {subprocess.py:93} INFO - [0m04:11:50
[2025-11-23T04:11:50.228+0000] {subprocess.py:93} INFO - [0m04:11:50  Concurrency: 4 threads (target='dev')
[2025-11-23T04:11:50.228+0000] {subprocess.py:93} INFO - [0m04:11:50
[2025-11-23T04:11:50.969+0000] {subprocess.py:93} INFO - [0m04:11:50  1 of 3 START sql view model PUBLIC_STAGING.stg_market_data ..................... [RUN]
[2025-11-23T04:11:51.548+0000] {subprocess.py:93} INFO - [0m04:11:51  1 of 3 OK created sql view model PUBLIC_STAGING.stg_market_data ................ [[32mSUCCESS 1[0m in 0.58s]
[2025-11-23T04:11:51.550+0000] {subprocess.py:93} INFO - [0m04:11:51  2 of 3 START sql view model PUBLIC_INTERMEDIATE.int_daily_returns .............. [RUN]
[2025-11-23T04:11:51.862+0000] {subprocess.py:93} INFO - [0m04:11:51  2 of 3 OK created sql view model PUBLIC_INTERMEDIATE.int_daily_returns ......... [[32mSUCCESS 1[0m in 0.31s]
[2025-11-23T04:11:51.866+0000] {subprocess.py:93} INFO - [0m04:11:51  3 of 3 START sql table model PUBLIC_ANALYTICS.mart_sector_volatility ........... [RUN]
[2025-11-23T04:11:53.117+0000] {subprocess.py:93} INFO - [0m04:11:53  3 of 3 OK created sql table model PUBLIC_ANALYTICS.mart_sector_volatility ...... [[32mSUCCESS 1[0m in 1.25s]
[2025-11-23T04:11:53.488+0000] {subprocess.py:93} INFO - [0m04:11:53
[2025-11-23T04:11:53.489+0000] {subprocess.py:93} INFO - [0m04:11:53  Finished running 1 table model, 2 view models in 0 hours 0 minutes and 3.26 seconds (3.26s).
[2025-11-23T04:11:53.533+0000] {subprocess.py:93} INFO - [0m04:11:53
[2025-11-23T04:11:53.533+0000] {subprocess.py:93} INFO - [0m04:11:53  [32mCompleted successfully[0m
[2025-11-23T04:11:53.534+0000] {subprocess.py:93} INFO - [0m04:11:53
[2025-11-23T04:11:53.534+0000] {subprocess.py:93} INFO - [0m04:11:53  Done. PASS=3 WARN=0 ERROR=0 SKIP=0 NO-OP=0 TOTAL=3
[2025-11-23T04:11:54.105+0000] {subprocess.py:97} INFO - Command exited with return code 0
[2025-11-23T04:11:54.114+0000] {taskinstance.py:340} INFO - ::group::Post task execution logs
[2025-11-23T04:11:54.115+0000] {taskinstance.py:352} INFO - Marking task as SUCCESS. dag_id=elt_dbt_upstream, task_id=dbt_run_upstream, run_id=scheduled__2025-11-22T03:00:00+00:00, execution_date=20251122T030000, start_date=20251123T041148, end_date=20251123T041154
[2025-11-23T04:11:54.150+0000] {local_task_job_runner.py:266} INFO - Task exited with return code 0
[2025-11-23T04:11:54.158+0000] {taskinstance.py:3900} INFO - 1 downstream tasks scheduled from follow-on schedule check
[2025-11-23T04:11:54.158+0000] {local_task_job_runner.py:245} INFO - ::endgroup::
