[2025-12-02T21:46:38.848+0000] {local_task_job_runner.py:123} INFO - ::group::Pre task execution logs
[2025-12-02T21:46:38.853+0000] {taskinstance.py:2612} INFO - Dependencies all met for dep_context=non-requeueable deps ti=<TaskInstance: elt_dbt_upstream.dbt_run_upstream manual__2025-12-02T21:42:35.641741+00:00 [queued]>
[2025-12-02T21:46:38.856+0000] {taskinstance.py:2612} INFO - Dependencies all met for dep_context=requeueable deps ti=<TaskInstance: elt_dbt_upstream.dbt_run_upstream manual__2025-12-02T21:42:35.641741+00:00 [queued]>
[2025-12-02T21:46:38.856+0000] {taskinstance.py:2865} INFO - Starting attempt 1 of 2
[2025-12-02T21:46:38.860+0000] {taskinstance.py:2888} INFO - Executing <Task(BashOperator): dbt_run_upstream> on 2025-12-02 21:42:35.641741+00:00
[2025-12-02T21:46:38.863+0000] {standard_task_runner.py:104} INFO - Running: ['***', 'tasks', 'run', 'elt_dbt_upstream', 'dbt_run_upstream', 'manual__2025-12-02T21:42:35.641741+00:00', '--job-id', '113', '--raw', '--subdir', 'DAGS_FOLDER/elt_dbt_upstream.py', '--cfg-path', '/tmp/tmpmolafttv']
[2025-12-02T21:46:38.864+0000] {standard_task_runner.py:105} INFO - Job 113: Subtask dbt_run_upstream
[2025-12-02T21:46:38.864+0000] {logging_mixin.py:190} WARNING - /home/***/.local/lib/python3.12/site-packages/***/task/task_runner/standard_task_runner.py:70 DeprecationWarning: This process (pid=629) is multi-threaded, use of fork() may lead to deadlocks in the child.
[2025-12-02T21:46:38.864+0000] {standard_task_runner.py:72} INFO - Started process 630 to run task
[2025-12-02T21:46:38.878+0000] {task_command.py:467} INFO - Running <TaskInstance: elt_dbt_upstream.dbt_run_upstream manual__2025-12-02T21:42:35.641741+00:00 [running]> on host 0178cd4bc9d5
[2025-12-02T21:46:38.903+0000] {taskinstance.py:3131} INFO - Exporting env vars: AIRFLOW_CTX_DAG_OWNER='***' AIRFLOW_CTX_DAG_ID='elt_dbt_upstream' AIRFLOW_CTX_TASK_ID='dbt_run_upstream' AIRFLOW_CTX_EXECUTION_DATE='2025-12-02T21:42:35.641741+00:00' AIRFLOW_CTX_TRY_NUMBER='1' AIRFLOW_CTX_DAG_RUN_ID='manual__2025-12-02T21:42:35.641741+00:00'
[2025-12-02T21:46:38.903+0000] {taskinstance.py:731} INFO - ::endgroup::
[2025-12-02T21:46:38.908+0000] {subprocess.py:63} INFO - Tmp dir root location: /tmp
[2025-12-02T21:46:38.909+0000] {subprocess.py:75} INFO - Running command: ['/usr/bin/bash', '-c', 'set -euo pipefail;cd /opt/***/dbt/stock_analytics && dbt run --select +mart_sector_volatility --profiles-dir /opt/***/dbt']
[2025-12-02T21:46:38.912+0000] {subprocess.py:86} INFO - Output:
[2025-12-02T21:46:39.756+0000] {subprocess.py:93} INFO - [0m21:46:39  Running with dbt=1.11.0-rc1
[2025-12-02T21:46:39.918+0000] {subprocess.py:93} INFO - [0m21:46:39  Registered adapter: snowflake=1.10.3
[2025-12-02T21:46:40.126+0000] {subprocess.py:93} INFO - [0m21:46:40  Found 6 models, 28 data tests, 1 seed, 2 sources, 504 macros
[2025-12-02T21:46:40.127+0000] {subprocess.py:93} INFO - [0m21:46:40
[2025-12-02T21:46:40.127+0000] {subprocess.py:93} INFO - [0m21:46:40  Concurrency: 4 threads (target='dev')
[2025-12-02T21:46:40.127+0000] {subprocess.py:93} INFO - [0m21:46:40
[2025-12-02T21:46:41.475+0000] {subprocess.py:93} INFO - [0m21:46:41  1 of 3 START sql view model PUBLIC_STAGING.stg_market_data ..................... [RUN]
[2025-12-02T21:46:42.531+0000] {subprocess.py:93} INFO - [0m21:46:42  1 of 3 OK created sql view model PUBLIC_STAGING.stg_market_data ................ [[32mSUCCESS 1[0m in 1.05s]
[2025-12-02T21:46:42.532+0000] {subprocess.py:93} INFO - [0m21:46:42  2 of 3 START sql view model PUBLIC_INTERMEDIATE.int_daily_returns .............. [RUN]
[2025-12-02T21:46:42.993+0000] {subprocess.py:93} INFO - [0m21:46:42  2 of 3 OK created sql view model PUBLIC_INTERMEDIATE.int_daily_returns ......... [[32mSUCCESS 1[0m in 0.46s]
[2025-12-02T21:46:42.995+0000] {subprocess.py:93} INFO - [0m21:46:42  3 of 3 START sql table model PUBLIC_ANALYTICS.mart_sector_volatility ........... [RUN]
[2025-12-02T21:46:44.472+0000] {subprocess.py:93} INFO - [0m21:46:44  3 of 3 OK created sql table model PUBLIC_ANALYTICS.mart_sector_volatility ...... [[32mSUCCESS 1[0m in 1.47s]
[2025-12-02T21:46:45.006+0000] {subprocess.py:93} INFO - [0m21:46:45
[2025-12-02T21:46:45.006+0000] {subprocess.py:93} INFO - [0m21:46:45  Finished running 1 table model, 2 view models in 0 hours 0 minutes and 4.88 seconds (4.88s).
[2025-12-02T21:46:45.043+0000] {subprocess.py:93} INFO - [0m21:46:45
[2025-12-02T21:46:45.043+0000] {subprocess.py:93} INFO - [0m21:46:45  [32mCompleted successfully[0m
[2025-12-02T21:46:45.043+0000] {subprocess.py:93} INFO - [0m21:46:45
[2025-12-02T21:46:45.043+0000] {subprocess.py:93} INFO - [0m21:46:45  Done. PASS=3 WARN=0 ERROR=0 SKIP=0 NO-OP=0 TOTAL=3
[2025-12-02T21:46:45.569+0000] {subprocess.py:97} INFO - Command exited with return code 0
[2025-12-02T21:46:45.578+0000] {taskinstance.py:340} INFO - ::group::Post task execution logs
[2025-12-02T21:46:45.578+0000] {taskinstance.py:352} INFO - Marking task as SUCCESS. dag_id=elt_dbt_upstream, task_id=dbt_run_upstream, run_id=manual__2025-12-02T21:42:35.641741+00:00, execution_date=20251202T214235, start_date=20251202T214638, end_date=20251202T214645
[2025-12-02T21:46:45.608+0000] {local_task_job_runner.py:266} INFO - Task exited with return code 0
[2025-12-02T21:46:45.615+0000] {taskinstance.py:3900} INFO - 1 downstream tasks scheduled from follow-on schedule check
[2025-12-02T21:46:45.615+0000] {local_task_job_runner.py:245} INFO - ::endgroup::
