[2025-12-07T04:23:45.199+0000] {local_task_job_runner.py:123} INFO - ::group::Pre task execution logs
[2025-12-07T04:23:45.205+0000] {taskinstance.py:2612} INFO - Dependencies all met for dep_context=non-requeueable deps ti=<TaskInstance: TrainPredict.dbt_run_downstream_dashboards scheduled__2025-12-06T03:30:00+00:00 [queued]>
[2025-12-07T04:23:45.207+0000] {taskinstance.py:2612} INFO - Dependencies all met for dep_context=requeueable deps ti=<TaskInstance: TrainPredict.dbt_run_downstream_dashboards scheduled__2025-12-06T03:30:00+00:00 [queued]>
[2025-12-07T04:23:45.207+0000] {taskinstance.py:2865} INFO - Starting attempt 1 of 1
[2025-12-07T04:23:45.211+0000] {taskinstance.py:2888} INFO - Executing <Task(BashOperator): dbt_run_downstream_dashboards> on 2025-12-06 03:30:00+00:00
[2025-12-07T04:23:45.215+0000] {logging_mixin.py:190} WARNING - /home/***/.local/lib/python3.12/site-packages/***/task/task_runner/standard_task_runner.py:70 DeprecationWarning: This process (pid=49099) is multi-threaded, use of fork() may lead to deadlocks in the child.
[2025-12-07T04:23:45.215+0000] {standard_task_runner.py:72} INFO - Started process 49102 to run task
[2025-12-07T04:23:45.215+0000] {standard_task_runner.py:104} INFO - Running: ['***', 'tasks', 'run', 'TrainPredict', 'dbt_run_downstream_dashboards', 'scheduled__2025-12-06T03:30:00+00:00', '--job-id', '375', '--raw', '--subdir', 'DAGS_FOLDER/train_predict.py', '--cfg-path', '/tmp/tmphk7gma2m']
[2025-12-07T04:23:45.216+0000] {standard_task_runner.py:105} INFO - Job 375: Subtask dbt_run_downstream_dashboards
[2025-12-07T04:23:45.232+0000] {task_command.py:467} INFO - Running <TaskInstance: TrainPredict.dbt_run_downstream_dashboards scheduled__2025-12-06T03:30:00+00:00 [running]> on host 7c17d7f5e8b7
[2025-12-07T04:23:45.259+0000] {taskinstance.py:3131} INFO - Exporting env vars: AIRFLOW_CTX_DAG_OWNER='***' AIRFLOW_CTX_DAG_ID='TrainPredict' AIRFLOW_CTX_TASK_ID='dbt_run_downstream_dashboards' AIRFLOW_CTX_EXECUTION_DATE='2025-12-06T03:30:00+00:00' AIRFLOW_CTX_TRY_NUMBER='1' AIRFLOW_CTX_DAG_RUN_ID='scheduled__2025-12-06T03:30:00+00:00'
[2025-12-07T04:23:45.259+0000] {taskinstance.py:731} INFO - ::endgroup::
[2025-12-07T04:23:45.260+0000] {subprocess.py:63} INFO - Tmp dir root location: /tmp
[2025-12-07T04:23:45.261+0000] {subprocess.py:75} INFO - Running command: ['/usr/bin/bash', '-c', 'set -euo pipefail;cd /opt/***/dbt/stock_analytics && dbt run --select mart_forecast_combined mart_risk_reward_scatter mart_market_regime --profiles-dir /opt/***/dbt && dbt test --select mart_forecast_combined mart_risk_reward_scatter mart_market_regime --profiles-dir /opt/***/dbt']
[2025-12-07T04:23:45.264+0000] {subprocess.py:86} INFO - Output:
[2025-12-07T04:23:46.115+0000] {subprocess.py:93} INFO - [0m04:23:46  Running with dbt=1.11.0-rc1
[2025-12-07T04:23:46.282+0000] {subprocess.py:93} INFO - [0m04:23:46  Registered adapter: snowflake=1.10.3
[2025-12-07T04:23:46.501+0000] {subprocess.py:93} INFO - [0m04:23:46  Found 6 models, 30 data tests, 1 seed, 2 sources, 504 macros
[2025-12-07T04:23:46.502+0000] {subprocess.py:93} INFO - [0m04:23:46
[2025-12-07T04:23:46.502+0000] {subprocess.py:93} INFO - [0m04:23:46  Concurrency: 4 threads (target='dev')
[2025-12-07T04:23:46.502+0000] {subprocess.py:93} INFO - [0m04:23:46
[2025-12-07T04:23:47.502+0000] {subprocess.py:93} INFO - [0m04:23:47  1 of 3 START sql table model PUBLIC_ANALYTICS.mart_forecast_combined ........... [RUN]
[2025-12-07T04:23:47.503+0000] {subprocess.py:93} INFO - [0m04:23:47  2 of 3 START sql table model PUBLIC_ANALYTICS.mart_market_regime ............... [RUN]
[2025-12-07T04:23:47.504+0000] {subprocess.py:93} INFO - [0m04:23:47  3 of 3 START sql table model PUBLIC_ANALYTICS.mart_risk_reward_scatter ......... [RUN]
[2025-12-07T04:23:48.341+0000] {subprocess.py:93} INFO - [0m04:23:48  2 of 3 OK created sql table model PUBLIC_ANALYTICS.mart_market_regime .......... [[32mSUCCESS 1[0m in 0.83s]
[2025-12-07T04:23:48.738+0000] {subprocess.py:93} INFO - [0m04:23:48  1 of 3 OK created sql table model PUBLIC_ANALYTICS.mart_forecast_combined ...... [[32mSUCCESS 1[0m in 1.23s]
[2025-12-07T04:23:48.752+0000] {subprocess.py:93} INFO - [0m04:23:48  3 of 3 OK created sql table model PUBLIC_ANALYTICS.mart_risk_reward_scatter .... [[32mSUCCESS 1[0m in 1.25s]
[2025-12-07T04:23:50.223+0000] {subprocess.py:93} INFO - [0m04:23:50
[2025-12-07T04:23:50.224+0000] {subprocess.py:93} INFO - [0m04:23:50  Finished running 3 table models in 0 hours 0 minutes and 3.72 seconds (3.72s).
[2025-12-07T04:23:50.262+0000] {subprocess.py:93} INFO - [0m04:23:50
[2025-12-07T04:23:50.262+0000] {subprocess.py:93} INFO - [0m04:23:50  [32mCompleted successfully[0m
[2025-12-07T04:23:50.263+0000] {subprocess.py:93} INFO - [0m04:23:50
[2025-12-07T04:23:50.263+0000] {subprocess.py:93} INFO - [0m04:23:50  Done. PASS=3 WARN=0 ERROR=0 SKIP=0 NO-OP=0 TOTAL=3
[2025-12-07T04:23:51.710+0000] {subprocess.py:93} INFO - [0m04:23:51  Running with dbt=1.11.0-rc1
[2025-12-07T04:23:51.869+0000] {subprocess.py:93} INFO - [0m04:23:51  Registered adapter: snowflake=1.10.3
[2025-12-07T04:23:52.079+0000] {subprocess.py:93} INFO - [0m04:23:52  Found 6 models, 30 data tests, 1 seed, 2 sources, 504 macros
[2025-12-07T04:23:52.080+0000] {subprocess.py:93} INFO - [0m04:23:52
[2025-12-07T04:23:52.081+0000] {subprocess.py:93} INFO - [0m04:23:52  Concurrency: 4 threads (target='dev')
[2025-12-07T04:23:52.081+0000] {subprocess.py:93} INFO - [0m04:23:52
[2025-12-07T04:23:52.702+0000] {subprocess.py:93} INFO - [0m04:23:52  1 of 16 START test accepted_values_mart_forecast_combined_type__history__forecast  [RUN]
[2025-12-07T04:23:52.704+0000] {subprocess.py:93} INFO - [0m04:23:52  2 of 16 START test accepted_values_mart_risk_reward_scatter_investment_type__Safety_Buy___Momentum_Ride___Toxic_Sell___Stagnant_Avoid___Benchmark  [RUN]
[2025-12-07T04:23:52.704+0000] {subprocess.py:93} INFO - [0m04:23:52  3 of 16 START test not_null_mart_forecast_combined_date ........................ [RUN]
[2025-12-07T04:23:52.706+0000] {subprocess.py:93} INFO - [0m04:23:52  4 of 16 START test not_null_mart_forecast_combined_sector_name ................. [RUN]
[2025-12-07T04:23:52.931+0000] {subprocess.py:93} INFO - [0m04:23:52  4 of 16 PASS not_null_mart_forecast_combined_sector_name ....................... [[32mPASS[0m in 0.22s]
[2025-12-07T04:23:52.933+0000] {subprocess.py:93} INFO - [0m04:23:52  5 of 16 START test not_null_mart_forecast_combined_symbol ...................... [RUN]
[2025-12-07T04:23:52.972+0000] {subprocess.py:93} INFO - [0m04:23:52  2 of 16 PASS accepted_values_mart_risk_reward_scatter_investment_type__Safety_Buy___Momentum_Ride___Toxic_Sell___Stagnant_Avoid___Benchmark  [[32mPASS[0m in 0.27s]
[2025-12-07T04:23:52.973+0000] {subprocess.py:93} INFO - [0m04:23:52  6 of 16 START test not_null_mart_forecast_combined_type ........................ [RUN]
[2025-12-07T04:23:53.006+0000] {subprocess.py:93} INFO - [0m04:23:53  1 of 16 PASS accepted_values_mart_forecast_combined_type__history__forecast .... [[32mPASS[0m in 0.30s]
[2025-12-07T04:23:53.007+0000] {subprocess.py:93} INFO - [0m04:23:53  7 of 16 START test not_null_mart_market_regime_date ............................ [RUN]
[2025-12-07T04:23:53.117+0000] {subprocess.py:93} INFO - [0m04:23:53  6 of 16 PASS not_null_mart_forecast_combined_type .............................. [[32mPASS[0m in 0.14s]
[2025-12-07T04:23:53.120+0000] {subprocess.py:93} INFO - [0m04:23:53  5 of 16 PASS not_null_mart_forecast_combined_symbol ............................ [[32mPASS[0m in 0.19s]
[2025-12-07T04:23:53.121+0000] {subprocess.py:93} INFO - [0m04:23:53  8 of 16 START test not_null_mart_market_regime_tech_bubble_ratio ............... [RUN]
[2025-12-07T04:23:53.123+0000] {subprocess.py:93} INFO - [0m04:23:53  9 of 16 START test not_null_mart_risk_reward_scatter_avg_risk_beta ............. [RUN]
[2025-12-07T04:23:53.236+0000] {subprocess.py:93} INFO - [0m04:23:53  7 of 16 PASS not_null_mart_market_regime_date .................................. [[32mPASS[0m in 0.23s]
[2025-12-07T04:23:53.238+0000] {subprocess.py:93} INFO - [0m04:23:53  10 of 16 START test not_null_mart_risk_reward_scatter_date ..................... [RUN]
[2025-12-07T04:23:53.302+0000] {subprocess.py:93} INFO - [0m04:23:53  8 of 16 PASS not_null_mart_market_regime_tech_bubble_ratio ..................... [[32mPASS[0m in 0.18s]
[2025-12-07T04:23:53.303+0000] {subprocess.py:93} INFO - [0m04:23:53  11 of 16 START test not_null_mart_risk_reward_scatter_investment_type .......... [RUN]
[2025-12-07T04:23:53.351+0000] {subprocess.py:93} INFO - [0m04:23:53  9 of 16 PASS not_null_mart_risk_reward_scatter_avg_risk_beta ................... [[32mPASS[0m in 0.22s]
[2025-12-07T04:23:53.353+0000] {subprocess.py:93} INFO - [0m04:23:53  12 of 16 START test not_null_mart_risk_reward_scatter_sector_name .............. [RUN]
[2025-12-07T04:23:53.471+0000] {subprocess.py:93} INFO - [0m04:23:53  12 of 16 PASS not_null_mart_risk_reward_scatter_sector_name .................... [[32mPASS[0m in 0.12s]
[2025-12-07T04:23:53.473+0000] {subprocess.py:93} INFO - [0m04:23:53  13 of 16 START test not_null_mart_risk_reward_scatter_symbol ................... [RUN]
[2025-12-07T04:23:53.475+0000] {subprocess.py:93} INFO - [0m04:23:53  11 of 16 PASS not_null_mart_risk_reward_scatter_investment_type ................ [[32mPASS[0m in 0.17s]
[2025-12-07T04:23:53.479+0000] {subprocess.py:93} INFO - [0m04:23:53  10 of 16 PASS not_null_mart_risk_reward_scatter_date ........................... [[32mPASS[0m in 0.24s]
[2025-12-07T04:23:53.483+0000] {subprocess.py:93} INFO - [0m04:23:53  14 of 16 START test not_null_mart_risk_reward_scatter_total_return_pct ......... [RUN]
[2025-12-07T04:23:53.484+0000] {subprocess.py:93} INFO - [0m04:23:53  15 of 16 START test unique_mart_forecast_combined__symbol_date_ ................ [RUN]
[2025-12-07T04:23:53.609+0000] {subprocess.py:93} INFO - [0m04:23:53  14 of 16 PASS not_null_mart_risk_reward_scatter_total_return_pct ............... [[32mPASS[0m in 0.12s]
[2025-12-07T04:23:53.613+0000] {subprocess.py:93} INFO - [0m04:23:53  3 of 16 PASS not_null_mart_forecast_combined_date .............................. [[32mPASS[0m in 0.91s]
[2025-12-07T04:23:53.613+0000] {subprocess.py:93} INFO - [0m04:23:53  16 of 16 START test unique_mart_market_regime_date ............................. [RUN]
[2025-12-07T04:23:53.621+0000] {subprocess.py:93} INFO - [0m04:23:53  13 of 16 PASS not_null_mart_risk_reward_scatter_symbol ......................... [[32mPASS[0m in 0.15s]
[2025-12-07T04:23:53.658+0000] {subprocess.py:93} INFO - [0m04:23:53  15 of 16 PASS unique_mart_forecast_combined__symbol_date_ ...................... [[32mPASS[0m in 0.17s]
[2025-12-07T04:23:53.792+0000] {subprocess.py:93} INFO - [0m04:23:53  16 of 16 PASS unique_mart_market_regime_date ................................... [[32mPASS[0m in 0.18s]
[2025-12-07T04:23:54.320+0000] {subprocess.py:93} INFO - [0m04:23:54
[2025-12-07T04:23:54.321+0000] {subprocess.py:93} INFO - [0m04:23:54  Finished running 16 data tests in 0 hours 0 minutes and 2.24 seconds (2.24s).
[2025-12-07T04:23:54.368+0000] {subprocess.py:93} INFO - [0m04:23:54
[2025-12-07T04:23:54.369+0000] {subprocess.py:93} INFO - [0m04:23:54  [32mCompleted successfully[0m
[2025-12-07T04:23:54.369+0000] {subprocess.py:93} INFO - [0m04:23:54
[2025-12-07T04:23:54.369+0000] {subprocess.py:93} INFO - [0m04:23:54  Done. PASS=16 WARN=0 ERROR=0 SKIP=0 NO-OP=0 TOTAL=16
[2025-12-07T04:23:54.901+0000] {subprocess.py:97} INFO - Command exited with return code 0
[2025-12-07T04:23:54.910+0000] {taskinstance.py:340} INFO - ::group::Post task execution logs
[2025-12-07T04:23:54.910+0000] {taskinstance.py:352} INFO - Marking task as SUCCESS. dag_id=TrainPredict, task_id=dbt_run_downstream_dashboards, run_id=scheduled__2025-12-06T03:30:00+00:00, execution_date=20251206T033000, start_date=20251207T042345, end_date=20251207T042354
[2025-12-07T04:23:54.955+0000] {local_task_job_runner.py:266} INFO - Task exited with return code 0
[2025-12-07T04:23:54.960+0000] {taskinstance.py:3900} INFO - 0 downstream tasks scheduled from follow-on schedule check
[2025-12-07T04:23:54.961+0000] {local_task_job_runner.py:245} INFO - ::endgroup::
