[2025-12-07T04:01:07.600+0000] {local_task_job_runner.py:123} INFO - ::group::Pre task execution logs
[2025-12-07T04:01:07.619+0000] {taskinstance.py:2612} INFO - Dependencies all met for dep_context=non-requeueable deps ti=<TaskInstance: elt_dbt_downstream.wait_for_TrainPredict scheduled__2025-12-06T04:00:00+00:00 [queued]>
[2025-12-07T04:01:07.625+0000] {taskinstance.py:2612} INFO - Dependencies all met for dep_context=requeueable deps ti=<TaskInstance: elt_dbt_downstream.wait_for_TrainPredict scheduled__2025-12-06T04:00:00+00:00 [queued]>
[2025-12-07T04:01:07.626+0000] {taskinstance.py:2865} INFO - Starting attempt 1 of 2
[2025-12-07T04:01:07.636+0000] {taskinstance.py:2888} INFO - Executing <Task(ExternalTaskSensor): wait_for_TrainPredict> on 2025-12-06 04:00:00+00:00
[2025-12-07T04:01:07.648+0000] {logging_mixin.py:190} WARNING - /home/***/.local/lib/python3.12/site-packages/***/task/task_runner/standard_task_runner.py:70 DeprecationWarning: This process (pid=48461) is multi-threaded, use of fork() may lead to deadlocks in the child.
[2025-12-07T04:01:07.649+0000] {standard_task_runner.py:72} INFO - Started process 48467 to run task
[2025-12-07T04:01:07.648+0000] {standard_task_runner.py:104} INFO - Running: ['***', 'tasks', 'run', 'elt_dbt_downstream', 'wait_for_TrainPredict', 'scheduled__2025-12-06T04:00:00+00:00', '--job-id', '366', '--raw', '--subdir', 'DAGS_FOLDER/elt_dbt_downstream.py', '--cfg-path', '/tmp/tmpvprllaln']
[2025-12-07T04:01:07.651+0000] {standard_task_runner.py:105} INFO - Job 366: Subtask wait_for_TrainPredict
[2025-12-07T04:01:07.702+0000] {task_command.py:467} INFO - Running <TaskInstance: elt_dbt_downstream.wait_for_TrainPredict scheduled__2025-12-06T04:00:00+00:00 [running]> on host 7c17d7f5e8b7
[2025-12-07T04:01:07.782+0000] {taskinstance.py:3131} INFO - Exporting env vars: AIRFLOW_CTX_DAG_OWNER='***' AIRFLOW_CTX_DAG_ID='elt_dbt_downstream' AIRFLOW_CTX_TASK_ID='wait_for_TrainPredict' AIRFLOW_CTX_EXECUTION_DATE='2025-12-06T04:00:00+00:00' AIRFLOW_CTX_TRY_NUMBER='1' AIRFLOW_CTX_DAG_RUN_ID='scheduled__2025-12-06T04:00:00+00:00'
[2025-12-07T04:01:07.783+0000] {taskinstance.py:731} INFO - ::endgroup::
[2025-12-07T04:01:07.799+0000] {baseoperator.py:405} WARNING - ExternalTaskSensor.execute cannot be called outside TaskInstance!
[2025-12-07T04:01:07.800+0000] {external_task.py:274} INFO - Poking for DAG 'TrainPredict' on 2025-12-06T03:30:00+00:00 ... 
[2025-12-07T04:01:07.802+0000] {logging_mixin.py:190} WARNING - /home/***/.local/lib/python3.12/site-packages/***/utils/session.py:97 DeprecationWarning: This method is deprecated and will be removed in future.
[2025-12-07T04:13:57.013+0000] {external_task.py:274} INFO - Poking for DAG 'TrainPredict' on 2025-12-06T03:30:00+00:00 ... 
[2025-12-07T04:13:57.255+0000] {job.py:229} INFO - Heartbeat recovered after 714.22 seconds
[2025-12-07T04:14:57.052+0000] {external_task.py:274} INFO - Poking for DAG 'TrainPredict' on 2025-12-06T03:30:00+00:00 ... 
[2025-12-07T04:15:57.073+0000] {external_task.py:274} INFO - Poking for DAG 'TrainPredict' on 2025-12-06T03:30:00+00:00 ... 
[2025-12-07T04:16:57.096+0000] {external_task.py:274} INFO - Poking for DAG 'TrainPredict' on 2025-12-06T03:30:00+00:00 ... 
[2025-12-07T04:17:57.112+0000] {external_task.py:274} INFO - Poking for DAG 'TrainPredict' on 2025-12-06T03:30:00+00:00 ... 
[2025-12-07T04:18:57.123+0000] {external_task.py:274} INFO - Poking for DAG 'TrainPredict' on 2025-12-06T03:30:00+00:00 ... 
[2025-12-07T04:19:57.143+0000] {external_task.py:274} INFO - Poking for DAG 'TrainPredict' on 2025-12-06T03:30:00+00:00 ... 
[2025-12-07T04:20:57.159+0000] {external_task.py:274} INFO - Poking for DAG 'TrainPredict' on 2025-12-06T03:30:00+00:00 ... 
[2025-12-07T04:21:57.179+0000] {external_task.py:274} INFO - Poking for DAG 'TrainPredict' on 2025-12-06T03:30:00+00:00 ... 
[2025-12-07T04:22:57.193+0000] {external_task.py:274} INFO - Poking for DAG 'TrainPredict' on 2025-12-06T03:30:00+00:00 ... 
[2025-12-07T04:23:57.216+0000] {external_task.py:274} INFO - Poking for DAG 'TrainPredict' on 2025-12-06T03:30:00+00:00 ... 
[2025-12-07T04:23:57.235+0000] {base.py:336} INFO - Success criteria met. Exiting.
[2025-12-07T04:23:57.247+0000] {taskinstance.py:340} INFO - ::group::Post task execution logs
[2025-12-07T04:23:57.248+0000] {taskinstance.py:352} INFO - Marking task as SUCCESS. dag_id=elt_dbt_downstream, task_id=wait_for_TrainPredict, run_id=scheduled__2025-12-06T04:00:00+00:00, execution_date=20251206T040000, start_date=20251207T040107, end_date=20251207T042357
[2025-12-07T04:23:57.295+0000] {local_task_job_runner.py:266} INFO - Task exited with return code 0
[2025-12-07T04:23:57.314+0000] {taskinstance.py:3900} INFO - 1 downstream tasks scheduled from follow-on schedule check
[2025-12-07T04:23:57.314+0000] {local_task_job_runner.py:245} INFO - ::endgroup::
