[2025-12-05T23:44:08.675+0000] {local_task_job_runner.py:123} INFO - ::group::Pre task execution logs
[2025-12-05T23:44:08.684+0000] {taskinstance.py:2612} INFO - Dependencies all met for dep_context=non-requeueable deps ti=<TaskInstance: elt_dbt_downstream.dbt_run_downstream manual__2025-12-05T23:43:16.169492+00:00 [queued]>
[2025-12-05T23:44:08.687+0000] {taskinstance.py:2612} INFO - Dependencies all met for dep_context=requeueable deps ti=<TaskInstance: elt_dbt_downstream.dbt_run_downstream manual__2025-12-05T23:43:16.169492+00:00 [queued]>
[2025-12-05T23:44:08.687+0000] {taskinstance.py:2865} INFO - Starting attempt 1 of 2
[2025-12-05T23:44:08.692+0000] {taskinstance.py:2888} INFO - Executing <Task(BashOperator): dbt_run_downstream> on 2025-12-05 23:43:16.169492+00:00
[2025-12-05T23:44:08.695+0000] {standard_task_runner.py:104} INFO - Running: ['***', 'tasks', 'run', 'elt_dbt_downstream', 'dbt_run_downstream', 'manual__2025-12-05T23:43:16.169492+00:00', '--job-id', '274', '--raw', '--subdir', 'DAGS_FOLDER/elt_dbt_downstream.py', '--cfg-path', '/tmp/tmpqfcq34xx']
[2025-12-05T23:44:08.697+0000] {logging_mixin.py:190} WARNING - /home/***/.local/lib/python3.12/site-packages/***/task/task_runner/standard_task_runner.py:70 DeprecationWarning: This process (pid=10074) is multi-threaded, use of fork() may lead to deadlocks in the child.
[2025-12-05T23:44:08.697+0000] {standard_task_runner.py:105} INFO - Job 274: Subtask dbt_run_downstream
[2025-12-05T23:44:08.697+0000] {standard_task_runner.py:72} INFO - Started process 10075 to run task
[2025-12-05T23:44:08.717+0000] {task_command.py:467} INFO - Running <TaskInstance: elt_dbt_downstream.dbt_run_downstream manual__2025-12-05T23:43:16.169492+00:00 [running]> on host 7c17d7f5e8b7
[2025-12-05T23:44:08.747+0000] {taskinstance.py:3131} INFO - Exporting env vars: AIRFLOW_CTX_DAG_OWNER='***' AIRFLOW_CTX_DAG_ID='elt_dbt_downstream' AIRFLOW_CTX_TASK_ID='dbt_run_downstream' AIRFLOW_CTX_EXECUTION_DATE='2025-12-05T23:43:16.169492+00:00' AIRFLOW_CTX_TRY_NUMBER='1' AIRFLOW_CTX_DAG_RUN_ID='manual__2025-12-05T23:43:16.169492+00:00'
[2025-12-05T23:44:08.748+0000] {taskinstance.py:731} INFO - ::endgroup::
[2025-12-05T23:44:08.755+0000] {subprocess.py:63} INFO - Tmp dir root location: /tmp
[2025-12-05T23:44:08.755+0000] {subprocess.py:75} INFO - Running command: ['/usr/bin/bash', '-c', 'set -euo pipefail;cd /opt/***/dbt/stock_analytics && dbt run --select mart_forecast_combined mart_risk_reward_scatter mart_market_regime --profiles-dir /opt/***/dbt']
[2025-12-05T23:44:08.759+0000] {subprocess.py:86} INFO - Output:
[2025-12-05T23:44:09.669+0000] {subprocess.py:93} INFO - [0m23:44:09  Running with dbt=1.11.0-rc1
[2025-12-05T23:44:09.848+0000] {subprocess.py:93} INFO - [0m23:44:09  Registered adapter: snowflake=1.10.3
[2025-12-05T23:44:10.061+0000] {subprocess.py:93} INFO - [0m23:44:10  Found 6 models, 29 data tests, 1 seed, 2 sources, 504 macros
[2025-12-05T23:44:10.062+0000] {subprocess.py:93} INFO - [0m23:44:10
[2025-12-05T23:44:10.062+0000] {subprocess.py:93} INFO - [0m23:44:10  Concurrency: 4 threads (target='dev')
[2025-12-05T23:44:10.062+0000] {subprocess.py:93} INFO - [0m23:44:10
[2025-12-05T23:44:11.110+0000] {subprocess.py:93} INFO - [0m23:44:11  1 of 3 START sql table model PUBLIC_ANALYTICS.mart_forecast_combined ........... [RUN]
[2025-12-05T23:44:11.111+0000] {subprocess.py:93} INFO - [0m23:44:11  2 of 3 START sql table model PUBLIC_ANALYTICS.mart_market_regime ............... [RUN]
[2025-12-05T23:44:11.112+0000] {subprocess.py:93} INFO - [0m23:44:11  3 of 3 START sql table model PUBLIC_ANALYTICS.mart_risk_reward_scatter ......... [RUN]
[2025-12-05T23:44:12.189+0000] {subprocess.py:93} INFO - [0m23:44:12  2 of 3 OK created sql table model PUBLIC_ANALYTICS.mart_market_regime .......... [[32mSUCCESS 1[0m in 1.08s]
[2025-12-05T23:44:12.485+0000] {subprocess.py:93} INFO - [0m23:44:12  1 of 3 OK created sql table model PUBLIC_ANALYTICS.mart_forecast_combined ...... [[32mSUCCESS 1[0m in 1.37s]
[2025-12-05T23:44:12.487+0000] {subprocess.py:93} INFO - [0m23:44:12  3 of 3 OK created sql table model PUBLIC_ANALYTICS.mart_risk_reward_scatter .... [[32mSUCCESS 1[0m in 1.37s]
[2025-12-05T23:44:13.031+0000] {subprocess.py:93} INFO - [0m23:44:13
[2025-12-05T23:44:13.032+0000] {subprocess.py:93} INFO - [0m23:44:13  Finished running 3 table models in 0 hours 0 minutes and 2.97 seconds (2.97s).
[2025-12-05T23:44:13.075+0000] {subprocess.py:93} INFO - [0m23:44:13
[2025-12-05T23:44:13.075+0000] {subprocess.py:93} INFO - [0m23:44:13  [32mCompleted successfully[0m
[2025-12-05T23:44:13.076+0000] {subprocess.py:93} INFO - [0m23:44:13
[2025-12-05T23:44:13.076+0000] {subprocess.py:93} INFO - [0m23:44:13  Done. PASS=3 WARN=0 ERROR=0 SKIP=0 NO-OP=0 TOTAL=3
[2025-12-05T23:44:13.594+0000] {subprocess.py:97} INFO - Command exited with return code 0
[2025-12-05T23:44:13.607+0000] {taskinstance.py:340} INFO - ::group::Post task execution logs
[2025-12-05T23:44:13.607+0000] {taskinstance.py:352} INFO - Marking task as SUCCESS. dag_id=elt_dbt_downstream, task_id=dbt_run_downstream, run_id=manual__2025-12-05T23:43:16.169492+00:00, execution_date=20251205T234316, start_date=20251205T234408, end_date=20251205T234413
[2025-12-05T23:44:13.632+0000] {local_task_job_runner.py:266} INFO - Task exited with return code 0
[2025-12-05T23:44:13.640+0000] {taskinstance.py:3900} INFO - 1 downstream tasks scheduled from follow-on schedule check
[2025-12-05T23:44:13.641+0000] {local_task_job_runner.py:245} INFO - ::endgroup::
