[2025-12-02T22:50:00.084+0000] {local_task_job_runner.py:123} INFO - ::group::Pre task execution logs
[2025-12-02T22:50:00.090+0000] {taskinstance.py:2612} INFO - Dependencies all met for dep_context=non-requeueable deps ti=<TaskInstance: elt_dbt_upstream.wait_for_market_data_ingest manual__2025-12-02T22:49:59.864315+00:00 [queued]>
[2025-12-02T22:50:00.092+0000] {taskinstance.py:2612} INFO - Dependencies all met for dep_context=requeueable deps ti=<TaskInstance: elt_dbt_upstream.wait_for_market_data_ingest manual__2025-12-02T22:49:59.864315+00:00 [queued]>
[2025-12-02T22:50:00.093+0000] {taskinstance.py:2865} INFO - Starting attempt 1 of 2
[2025-12-02T22:50:00.097+0000] {taskinstance.py:2888} INFO - Executing <Task(ExternalTaskSensor): wait_for_market_data_ingest> on 2025-12-02 22:49:59.864315+00:00
[2025-12-02T22:50:00.101+0000] {standard_task_runner.py:104} INFO - Running: ['***', 'tasks', 'run', 'elt_dbt_upstream', 'wait_for_market_data_ingest', 'manual__2025-12-02T22:49:59.864315+00:00', '--job-id', '143', '--raw', '--subdir', 'DAGS_FOLDER/elt_dbt_upstream.py', '--cfg-path', '/tmp/tmp03s3lxp0']
[2025-12-02T22:50:00.102+0000] {standard_task_runner.py:105} INFO - Job 143: Subtask wait_for_market_data_ingest
[2025-12-02T22:50:00.102+0000] {logging_mixin.py:190} WARNING - /home/***/.local/lib/python3.12/site-packages/***/task/task_runner/standard_task_runner.py:70 DeprecationWarning: This process (pid=245) is multi-threaded, use of fork() may lead to deadlocks in the child.
[2025-12-02T22:50:00.103+0000] {standard_task_runner.py:72} INFO - Started process 246 to run task
[2025-12-02T22:50:00.120+0000] {task_command.py:467} INFO - Running <TaskInstance: elt_dbt_upstream.wait_for_market_data_ingest manual__2025-12-02T22:49:59.864315+00:00 [running]> on host 3a991512098d
[2025-12-02T22:50:00.149+0000] {taskinstance.py:3131} INFO - Exporting env vars: AIRFLOW_CTX_DAG_OWNER='***' AIRFLOW_CTX_DAG_ID='elt_dbt_upstream' AIRFLOW_CTX_TASK_ID='wait_for_market_data_ingest' AIRFLOW_CTX_EXECUTION_DATE='2025-12-02T22:49:59.864315+00:00' AIRFLOW_CTX_TRY_NUMBER='1' AIRFLOW_CTX_DAG_RUN_ID='manual__2025-12-02T22:49:59.864315+00:00'
[2025-12-02T22:50:00.149+0000] {taskinstance.py:731} INFO - ::endgroup::
[2025-12-02T22:50:00.155+0000] {baseoperator.py:405} WARNING - ExternalTaskSensor.execute cannot be called outside TaskInstance!
[2025-12-02T22:50:00.155+0000] {external_task.py:274} INFO - Poking for DAG 'market_data_ingest' on 2025-12-02T22:19:59.864315+00:00 ... 
[2025-12-02T22:50:00.157+0000] {logging_mixin.py:190} WARNING - /home/***/.local/lib/python3.12/site-packages/***/utils/session.py:97 DeprecationWarning: This method is deprecated and will be removed in future.
[2025-12-02T22:51:00.166+0000] {external_task.py:274} INFO - Poking for DAG 'market_data_ingest' on 2025-12-02T22:19:59.864315+00:00 ... 
[2025-12-02T22:51:15.585+0000] {local_task_job_runner.py:346} WARNING - State of this instance has been externally set to success. Terminating instance.
[2025-12-02T22:51:15.586+0000] {local_task_job_runner.py:245} INFO - ::endgroup::
[2025-12-02T22:51:15.588+0000] {process_utils.py:132} INFO - Sending 15 to group 246. PIDs of all processes in the group: [246]
[2025-12-02T22:51:15.588+0000] {process_utils.py:87} INFO - Sending the signal 15 to group 246
[2025-12-02T22:51:15.589+0000] {taskinstance.py:3092} ERROR - Received SIGTERM. Terminating subprocesses.
[2025-12-02T22:51:15.603+0000] {taskinstance.py:340} INFO - ::group::Post task execution logs
[2025-12-02T22:51:15.620+0000] {process_utils.py:80} INFO - Process psutil.Process(pid=246, status='terminated', exitcode=0, started='22:49:59') (246) terminated with exit code 0
