[2025-11-22T02:43:12.988+0000] {local_task_job_runner.py:123} INFO - ::group::Pre task execution logs
[2025-11-22T02:43:12.993+0000] {taskinstance.py:2612} INFO - Dependencies all met for dep_context=non-requeueable deps ti=<TaskInstance: market_data_ingest.full_refresh scheduled__2025-11-21T02:30:00+00:00 [queued]>
[2025-11-22T02:43:12.996+0000] {taskinstance.py:2612} INFO - Dependencies all met for dep_context=requeueable deps ti=<TaskInstance: market_data_ingest.full_refresh scheduled__2025-11-21T02:30:00+00:00 [queued]>
[2025-11-22T02:43:12.996+0000] {taskinstance.py:2865} INFO - Starting attempt 1 of 2
[2025-11-22T02:43:12.999+0000] {taskinstance.py:2888} INFO - Executing <Task(SnowflakeOperator): full_refresh> on 2025-11-21 02:30:00+00:00
[2025-11-22T02:43:13.003+0000] {logging_mixin.py:190} WARNING - /home/***/.local/lib/python3.12/site-packages/***/task/task_runner/standard_task_runner.py:70 DeprecationWarning: This process (pid=3587) is multi-threaded, use of fork() may lead to deadlocks in the child.
[2025-11-22T02:43:13.003+0000] {standard_task_runner.py:72} INFO - Started process 3590 to run task
[2025-11-22T02:43:13.004+0000] {standard_task_runner.py:104} INFO - Running: ['***', 'tasks', 'run', 'market_data_ingest', 'full_refresh', 'scheduled__2025-11-21T02:30:00+00:00', '--job-id', '48', '--raw', '--subdir', 'DAGS_FOLDER/market_data_ingest.py', '--cfg-path', '/tmp/tmpsudg_mwu']
[2025-11-22T02:43:13.005+0000] {standard_task_runner.py:105} INFO - Job 48: Subtask full_refresh
[2025-11-22T02:43:13.019+0000] {task_command.py:467} INFO - Running <TaskInstance: market_data_ingest.full_refresh scheduled__2025-11-21T02:30:00+00:00 [running]> on host 663ef6e4cd5f
[2025-11-22T02:43:13.129+0000] {taskinstance.py:3131} INFO - Exporting env vars: AIRFLOW_CTX_DAG_OWNER='data' AIRFLOW_CTX_DAG_ID='market_data_ingest' AIRFLOW_CTX_TASK_ID='full_refresh' AIRFLOW_CTX_EXECUTION_DATE='2025-11-21T02:30:00+00:00' AIRFLOW_CTX_TRY_NUMBER='1' AIRFLOW_CTX_DAG_RUN_ID='scheduled__2025-11-21T02:30:00+00:00'
[2025-11-22T02:43:13.130+0000] {taskinstance.py:731} INFO - ::endgroup::
[2025-11-22T02:43:13.134+0000] {sql.py:266} INFO - Executing: ['truncate table "USER_DB_OSTRICH"."RAW"."MARKET_DATA"', '\n            insert into "USER_DB_OSTRICH"."RAW"."MARKET_DATA" (SYMBOL, DATE, OPEN, CLOSE, LOW, HIGH, VOLUME)\n            select SYMBOL, DATE, OPEN, CLOSE, LOW, HIGH, VOLUME\n            from "USER_DB_OSTRICH"."RAW"."MARKET_DATA_STAGE"\n            qualify row_number() over (partition by SYMBOL, DATE order by DATE) = 1\n            ']
[2025-11-22T02:43:13.137+0000] {base.py:84} INFO - Retrieving connection 'snowflake_conn'
[2025-11-22T02:43:13.139+0000] {base.py:84} INFO - Retrieving connection 'snowflake_conn'
[2025-11-22T02:43:13.139+0000] {connection.py:413} INFO - Snowflake Connector for Python Version: 3.12.1, Python Version: 3.12.5, Platform: Linux-6.10.14-linuxkit-aarch64-with-glibc2.36
[2025-11-22T02:43:13.140+0000] {connection.py:1196} INFO - Connecting to GLOBAL Snowflake domain
[2025-11-22T02:43:13.140+0000] {connection.py:1277} INFO - This connection is in OCSP Fail Open Mode. TLS Certificates would be checked for validity and revocation status. Any other Certificate Revocation related exceptions or OCSP Responder failures would be disregarded in favor of connectivity.
[2025-11-22T02:43:13.589+0000] {cursor.py:1156} INFO - Number of results in first chunk: 1
[2025-11-22T02:43:13.590+0000] {sql.py:509} INFO - Running statement: truncate table "USER_DB_OSTRICH"."RAW"."MARKET_DATA", parameters: None
[2025-11-22T02:43:14.015+0000] {cursor.py:1156} INFO - Number of results in first chunk: 1
[2025-11-22T02:43:14.016+0000] {sql.py:518} INFO - Rows affected: 1
[2025-11-22T02:43:14.017+0000] {snowflake.py:422} INFO - Rows affected: 1
[2025-11-22T02:43:14.017+0000] {snowflake.py:423} INFO - Snowflake query id: 01c08d63-0307-1975-000f-c0df0088f70a
[2025-11-22T02:43:14.018+0000] {sql.py:509} INFO - Running statement: 
            insert into "USER_DB_OSTRICH"."RAW"."MARKET_DATA" (SYMBOL, DATE, OPEN, CLOSE, LOW, HIGH, VOLUME)
            select SYMBOL, DATE, OPEN, CLOSE, LOW, HIGH, VOLUME
            from "USER_DB_OSTRICH"."RAW"."MARKET_DATA_STAGE"
            qualify row_number() over (partition by SYMBOL, DATE order by DATE) = 1
            , parameters: None
[2025-11-22T02:43:14.509+0000] {sql.py:518} INFO - Rows affected: 360
[2025-11-22T02:43:14.510+0000] {snowflake.py:422} INFO - Rows affected: 360
[2025-11-22T02:43:14.510+0000] {snowflake.py:423} INFO - Snowflake query id: 01c08d63-0307-181c-000f-c0df0088d8da
[2025-11-22T02:43:15.016+0000] {cursor.py:1156} INFO - Number of results in first chunk: 1
[2025-11-22T02:43:15.018+0000] {connection.py:788} INFO - closed
[2025-11-22T02:43:15.064+0000] {connection.py:794} INFO - No async queries seem to be running, deleting session
[2025-11-22T02:43:15.149+0000] {taskinstance.py:340} INFO - ::group::Post task execution logs
[2025-11-22T02:43:15.150+0000] {taskinstance.py:352} INFO - Marking task as SUCCESS. dag_id=market_data_ingest, task_id=full_refresh, run_id=scheduled__2025-11-21T02:30:00+00:00, execution_date=20251121T023000, start_date=20251122T024312, end_date=20251122T024315
[2025-11-22T02:43:15.180+0000] {local_task_job_runner.py:266} INFO - Task exited with return code 0
[2025-11-22T02:43:15.195+0000] {logging_mixin.py:190} WARNING - /home/***/.local/lib/python3.12/site-packages/***/models/baseoperator.py:1378 AirflowProviderDeprecationWarning: Call to deprecated class SnowflakeOperator. (This class is deprecated. Please use `***.providers.common.sql.operators.sql.SQLExecuteQueryOperator`. Also, you can provide `hook_params={'warehouse': <warehouse>, 'database': <database>, 'role': <role>, 'schema': <schema>, 'authenticator': <authenticator>,'session_parameters': <session_parameters>}`.)
[2025-11-22T02:43:15.204+0000] {taskinstance.py:3900} INFO - 1 downstream tasks scheduled from follow-on schedule check
[2025-11-22T02:43:15.205+0000] {local_task_job_runner.py:245} INFO - ::endgroup::
[2025-11-22T18:33:44.835+0000] {local_task_job_runner.py:123} INFO - ::group::Pre task execution logs
[2025-11-22T18:33:44.841+0000] {taskinstance.py:2612} INFO - Dependencies all met for dep_context=non-requeueable deps ti=<TaskInstance: market_data_ingest.full_refresh scheduled__2025-11-21T02:30:00+00:00 [queued]>
[2025-11-22T18:33:44.843+0000] {taskinstance.py:2612} INFO - Dependencies all met for dep_context=requeueable deps ti=<TaskInstance: market_data_ingest.full_refresh scheduled__2025-11-21T02:30:00+00:00 [queued]>
[2025-11-22T18:33:44.843+0000] {taskinstance.py:2865} INFO - Starting attempt 1 of 2
[2025-11-22T18:33:44.847+0000] {taskinstance.py:2888} INFO - Executing <Task(SnowflakeOperator): full_refresh> on 2025-11-21 02:30:00+00:00
[2025-11-22T18:33:44.850+0000] {logging_mixin.py:190} WARNING - /home/***/.local/lib/python3.12/site-packages/***/task/task_runner/standard_task_runner.py:70 DeprecationWarning: This process (pid=424) is multi-threaded, use of fork() may lead to deadlocks in the child.
[2025-11-22T18:33:44.850+0000] {standard_task_runner.py:72} INFO - Started process 427 to run task
[2025-11-22T18:33:44.851+0000] {standard_task_runner.py:104} INFO - Running: ['***', 'tasks', 'run', 'market_data_ingest', 'full_refresh', 'scheduled__2025-11-21T02:30:00+00:00', '--job-id', '8', '--raw', '--subdir', 'DAGS_FOLDER/market_data_ingest.py', '--cfg-path', '/tmp/tmpyhp9m6gg']
[2025-11-22T18:33:44.852+0000] {standard_task_runner.py:105} INFO - Job 8: Subtask full_refresh
[2025-11-22T18:33:44.944+0000] {task_command.py:467} INFO - Running <TaskInstance: market_data_ingest.full_refresh scheduled__2025-11-21T02:30:00+00:00 [running]> on host 599ab64e91dc
[2025-11-22T18:33:44.964+0000] {taskinstance.py:3131} INFO - Exporting env vars: AIRFLOW_CTX_DAG_OWNER='data' AIRFLOW_CTX_DAG_ID='market_data_ingest' AIRFLOW_CTX_TASK_ID='full_refresh' AIRFLOW_CTX_EXECUTION_DATE='2025-11-21T02:30:00+00:00' AIRFLOW_CTX_TRY_NUMBER='1' AIRFLOW_CTX_DAG_RUN_ID='scheduled__2025-11-21T02:30:00+00:00'
[2025-11-22T18:33:44.964+0000] {taskinstance.py:731} INFO - ::endgroup::
[2025-11-22T18:33:44.968+0000] {sql.py:266} INFO - Executing: ['truncate table "USER_DB_OSTRICH"."RAW"."MARKET_DATA"', '\n            insert into "USER_DB_OSTRICH"."RAW"."MARKET_DATA" (SYMBOL, DATE, OPEN, CLOSE, LOW, HIGH, VOLUME)\n            select SYMBOL, DATE, OPEN, CLOSE, LOW, HIGH, VOLUME\n            from "USER_DB_OSTRICH"."RAW"."MARKET_DATA_STAGE"\n            qualify row_number() over (partition by SYMBOL, DATE order by DATE) = 1\n            ']
[2025-11-22T18:33:44.971+0000] {base.py:84} INFO - Retrieving connection 'snowflake_conn'
[2025-11-22T18:33:44.973+0000] {base.py:84} INFO - Retrieving connection 'snowflake_conn'
[2025-11-22T18:33:44.974+0000] {connection.py:413} INFO - Snowflake Connector for Python Version: 3.12.1, Python Version: 3.12.5, Platform: Linux-6.10.14-linuxkit-aarch64-with-glibc2.36
[2025-11-22T18:33:44.974+0000] {connection.py:1196} INFO - Connecting to GLOBAL Snowflake domain
[2025-11-22T18:33:44.974+0000] {connection.py:1277} INFO - This connection is in OCSP Fail Open Mode. TLS Certificates would be checked for validity and revocation status. Any other Certificate Revocation related exceptions or OCSP Responder failures would be disregarded in favor of connectivity.
[2025-11-22T18:33:45.411+0000] {cursor.py:1156} INFO - Number of results in first chunk: 1
[2025-11-22T18:33:45.412+0000] {sql.py:509} INFO - Running statement: truncate table "USER_DB_OSTRICH"."RAW"."MARKET_DATA", parameters: None
[2025-11-22T18:33:45.916+0000] {cursor.py:1156} INFO - Number of results in first chunk: 1
[2025-11-22T18:33:45.917+0000] {sql.py:518} INFO - Rows affected: 1
[2025-11-22T18:33:45.917+0000] {snowflake.py:422} INFO - Rows affected: 1
[2025-11-22T18:33:45.917+0000] {snowflake.py:423} INFO - Snowflake query id: 01c09119-0307-1ab7-000f-c0df0089ef52
[2025-11-22T18:33:45.917+0000] {sql.py:509} INFO - Running statement: 
            insert into "USER_DB_OSTRICH"."RAW"."MARKET_DATA" (SYMBOL, DATE, OPEN, CLOSE, LOW, HIGH, VOLUME)
            select SYMBOL, DATE, OPEN, CLOSE, LOW, HIGH, VOLUME
            from "USER_DB_OSTRICH"."RAW"."MARKET_DATA_STAGE"
            qualify row_number() over (partition by SYMBOL, DATE order by DATE) = 1
            , parameters: None
[2025-11-22T18:33:46.841+0000] {sql.py:518} INFO - Rows affected: 2160
[2025-11-22T18:33:46.843+0000] {snowflake.py:422} INFO - Rows affected: 2160
[2025-11-22T18:33:46.844+0000] {snowflake.py:423} INFO - Snowflake query id: 01c09119-0307-1b22-000f-c0df008ae132
[2025-11-22T18:33:47.405+0000] {cursor.py:1156} INFO - Number of results in first chunk: 1
[2025-11-22T18:33:47.406+0000] {connection.py:788} INFO - closed
[2025-11-22T18:33:47.451+0000] {connection.py:794} INFO - No async queries seem to be running, deleting session
[2025-11-22T18:33:47.579+0000] {taskinstance.py:340} INFO - ::group::Post task execution logs
[2025-11-22T18:33:47.579+0000] {taskinstance.py:352} INFO - Marking task as SUCCESS. dag_id=market_data_ingest, task_id=full_refresh, run_id=scheduled__2025-11-21T02:30:00+00:00, execution_date=20251121T023000, start_date=20251122T183344, end_date=20251122T183347
[2025-11-22T18:33:47.600+0000] {local_task_job_runner.py:266} INFO - Task exited with return code 0
[2025-11-22T18:33:47.693+0000] {logging_mixin.py:190} WARNING - /home/***/.local/lib/python3.12/site-packages/***/models/baseoperator.py:1378 AirflowProviderDeprecationWarning: Call to deprecated class SnowflakeOperator. (This class is deprecated. Please use `***.providers.common.sql.operators.sql.SQLExecuteQueryOperator`. Also, you can provide `hook_params={'warehouse': <warehouse>, 'database': <database>, 'role': <role>, 'schema': <schema>, 'authenticator': <authenticator>,'session_parameters': <session_parameters>}`.)
[2025-11-22T18:33:47.697+0000] {taskinstance.py:3900} INFO - 1 downstream tasks scheduled from follow-on schedule check
[2025-11-22T18:33:47.697+0000] {local_task_job_runner.py:245} INFO - ::endgroup::
[2025-11-22T22:29:32.676+0000] {local_task_job_runner.py:123} INFO - ::group::Pre task execution logs
[2025-11-22T22:29:32.682+0000] {taskinstance.py:2612} INFO - Dependencies all met for dep_context=non-requeueable deps ti=<TaskInstance: market_data_ingest.full_refresh scheduled__2025-11-21T02:30:00+00:00 [queued]>
[2025-11-22T22:29:32.684+0000] {taskinstance.py:2612} INFO - Dependencies all met for dep_context=requeueable deps ti=<TaskInstance: market_data_ingest.full_refresh scheduled__2025-11-21T02:30:00+00:00 [queued]>
[2025-11-22T22:29:32.684+0000] {taskinstance.py:2865} INFO - Starting attempt 1 of 2
[2025-11-22T22:29:32.688+0000] {taskinstance.py:2888} INFO - Executing <Task(SnowflakeOperator): full_refresh> on 2025-11-21 02:30:00+00:00
[2025-11-22T22:29:32.691+0000] {logging_mixin.py:190} WARNING - /home/***/.local/lib/python3.12/site-packages/***/task/task_runner/standard_task_runner.py:70 DeprecationWarning: This process (pid=467) is multi-threaded, use of fork() may lead to deadlocks in the child.
[2025-11-22T22:29:32.692+0000] {standard_task_runner.py:72} INFO - Started process 470 to run task
[2025-11-22T22:29:32.692+0000] {standard_task_runner.py:104} INFO - Running: ['***', 'tasks', 'run', 'market_data_ingest', 'full_refresh', 'scheduled__2025-11-21T02:30:00+00:00', '--job-id', '8', '--raw', '--subdir', 'DAGS_FOLDER/market_data_ingest.py', '--cfg-path', '/tmp/tmputoeexmy']
[2025-11-22T22:29:32.693+0000] {standard_task_runner.py:105} INFO - Job 8: Subtask full_refresh
[2025-11-22T22:29:32.710+0000] {task_command.py:467} INFO - Running <TaskInstance: market_data_ingest.full_refresh scheduled__2025-11-21T02:30:00+00:00 [running]> on host 1d97c0704ad8
[2025-11-22T22:29:32.734+0000] {taskinstance.py:3131} INFO - Exporting env vars: AIRFLOW_CTX_DAG_OWNER='data' AIRFLOW_CTX_DAG_ID='market_data_ingest' AIRFLOW_CTX_TASK_ID='full_refresh' AIRFLOW_CTX_EXECUTION_DATE='2025-11-21T02:30:00+00:00' AIRFLOW_CTX_TRY_NUMBER='1' AIRFLOW_CTX_DAG_RUN_ID='scheduled__2025-11-21T02:30:00+00:00'
[2025-11-22T22:29:32.734+0000] {taskinstance.py:731} INFO - ::endgroup::
[2025-11-22T22:29:32.739+0000] {sql.py:266} INFO - Executing: ['truncate table "USER_DB_OSTRICH"."RAW"."MARKET_DATA"', 'insert into "USER_DB_OSTRICH"."RAW"."MARKET_DATA" (SYMBOL, DATE, OPEN, CLOSE, LOW, HIGH, VOLUME) select SYMBOL, DATE, OPEN, CLOSE, LOW, HIGH, VOLUME from "USER_DB_OSTRICH"."RAW"."MARKET_DATA_STAGE" qualify row_number() over (partition by SYMBOL, DATE order by DATE) = 1']
[2025-11-22T22:29:32.743+0000] {base.py:84} INFO - Retrieving connection 'snowflake_conn'
[2025-11-22T22:29:32.745+0000] {base.py:84} INFO - Retrieving connection 'snowflake_conn'
[2025-11-22T22:29:32.746+0000] {connection.py:413} INFO - Snowflake Connector for Python Version: 3.12.1, Python Version: 3.12.5, Platform: Linux-6.10.14-linuxkit-aarch64-with-glibc2.36
[2025-11-22T22:29:32.746+0000] {connection.py:1196} INFO - Connecting to GLOBAL Snowflake domain
[2025-11-22T22:29:32.746+0000] {connection.py:1277} INFO - This connection is in OCSP Fail Open Mode. TLS Certificates would be checked for validity and revocation status. Any other Certificate Revocation related exceptions or OCSP Responder failures would be disregarded in favor of connectivity.
[2025-11-22T22:29:33.288+0000] {cursor.py:1156} INFO - Number of results in first chunk: 1
[2025-11-22T22:29:33.288+0000] {sql.py:509} INFO - Running statement: truncate table "USER_DB_OSTRICH"."RAW"."MARKET_DATA", parameters: None
[2025-11-22T22:29:33.767+0000] {cursor.py:1156} INFO - Number of results in first chunk: 1
[2025-11-22T22:29:33.768+0000] {sql.py:518} INFO - Rows affected: 1
[2025-11-22T22:29:33.770+0000] {snowflake.py:422} INFO - Rows affected: 1
[2025-11-22T22:29:33.770+0000] {snowflake.py:423} INFO - Snowflake query id: 01c09205-0307-1be1-000f-c0df008b91ca
[2025-11-22T22:29:33.770+0000] {sql.py:509} INFO - Running statement: insert into "USER_DB_OSTRICH"."RAW"."MARKET_DATA" (SYMBOL, DATE, OPEN, CLOSE, LOW, HIGH, VOLUME) select SYMBOL, DATE, OPEN, CLOSE, LOW, HIGH, VOLUME from "USER_DB_OSTRICH"."RAW"."MARKET_DATA_STAGE" qualify row_number() over (partition by SYMBOL, DATE order by DATE) = 1, parameters: None
[2025-11-22T22:29:34.485+0000] {sql.py:518} INFO - Rows affected: 2160
[2025-11-22T22:29:34.486+0000] {snowflake.py:422} INFO - Rows affected: 2160
[2025-11-22T22:29:34.487+0000] {snowflake.py:423} INFO - Snowflake query id: 01c09205-0307-1b2e-000f-c0df008b08e2
[2025-11-22T22:29:34.895+0000] {cursor.py:1156} INFO - Number of results in first chunk: 1
[2025-11-22T22:29:34.897+0000] {connection.py:788} INFO - closed
[2025-11-22T22:29:34.949+0000] {connection.py:794} INFO - No async queries seem to be running, deleting session
[2025-11-22T22:29:35.011+0000] {taskinstance.py:340} INFO - ::group::Post task execution logs
[2025-11-22T22:29:35.011+0000] {taskinstance.py:352} INFO - Marking task as SUCCESS. dag_id=market_data_ingest, task_id=full_refresh, run_id=scheduled__2025-11-21T02:30:00+00:00, execution_date=20251121T023000, start_date=20251122T222932, end_date=20251122T222935
[2025-11-22T22:29:35.031+0000] {local_task_job_runner.py:266} INFO - Task exited with return code 0
[2025-11-22T22:29:35.035+0000] {logging_mixin.py:190} WARNING - /home/***/.local/lib/python3.12/site-packages/***/models/baseoperator.py:1378 AirflowProviderDeprecationWarning: Call to deprecated class SnowflakeOperator. (This class is deprecated. Please use `***.providers.common.sql.operators.sql.SQLExecuteQueryOperator`. Also, you can provide `hook_params={'warehouse': <warehouse>, 'database': <database>, 'role': <role>, 'schema': <schema>, 'authenticator': <authenticator>,'session_parameters': <session_parameters>}`.)
[2025-11-22T22:29:35.040+0000] {taskinstance.py:3900} INFO - 1 downstream tasks scheduled from follow-on schedule check
[2025-11-22T22:29:35.040+0000] {local_task_job_runner.py:245} INFO - ::endgroup::
