[2025-11-21T01:46:55.442+0000] {local_task_job_runner.py:123} INFO - ::group::Pre task execution logs
[2025-11-21T01:46:55.447+0000] {taskinstance.py:2612} INFO - Dependencies all met for dep_context=non-requeueable deps ti=<TaskInstance: yahoo_finance_transactional.create_table scheduled__2025-11-19T02:00:00+00:00 [queued]>
[2025-11-21T01:46:55.449+0000] {taskinstance.py:2612} INFO - Dependencies all met for dep_context=requeueable deps ti=<TaskInstance: yahoo_finance_transactional.create_table scheduled__2025-11-19T02:00:00+00:00 [queued]>
[2025-11-21T01:46:55.449+0000] {taskinstance.py:2865} INFO - Starting attempt 3 of 4
[2025-11-21T01:46:55.453+0000] {taskinstance.py:2888} INFO - Executing <Task(SnowflakeOperator): create_table> on 2025-11-19 02:00:00+00:00
[2025-11-21T01:46:55.456+0000] {logging_mixin.py:190} WARNING - /home/***/.local/lib/python3.12/site-packages/***/task/task_runner/standard_task_runner.py:70 DeprecationWarning: This process (pid=517) is multi-threaded, use of fork() may lead to deadlocks in the child.
[2025-11-21T01:46:55.457+0000] {standard_task_runner.py:72} INFO - Started process 520 to run task
[2025-11-21T01:46:55.456+0000] {standard_task_runner.py:104} INFO - Running: ['***', 'tasks', 'run', 'yahoo_finance_transactional', 'create_table', 'scheduled__2025-11-19T02:00:00+00:00', '--job-id', '4', '--raw', '--subdir', 'DAGS_FOLDER/yahoo_finance_transactional.py', '--cfg-path', '/tmp/tmp_vq0jkrk']
[2025-11-21T01:46:55.457+0000] {standard_task_runner.py:105} INFO - Job 4: Subtask create_table
[2025-11-21T01:46:55.475+0000] {task_command.py:467} INFO - Running <TaskInstance: yahoo_finance_transactional.create_table scheduled__2025-11-19T02:00:00+00:00 [running]> on host 1b75444ae0b9
[2025-11-21T01:46:55.500+0000] {taskinstance.py:3131} INFO - Exporting env vars: AIRFLOW_CTX_DAG_OWNER='***' AIRFLOW_CTX_DAG_ID='yahoo_finance_transactional' AIRFLOW_CTX_TASK_ID='create_table' AIRFLOW_CTX_EXECUTION_DATE='2025-11-19T02:00:00+00:00' AIRFLOW_CTX_TRY_NUMBER='3' AIRFLOW_CTX_DAG_RUN_ID='scheduled__2025-11-19T02:00:00+00:00'
[2025-11-21T01:46:55.501+0000] {taskinstance.py:731} INFO - ::endgroup::
[2025-11-21T01:46:55.507+0000] {sql.py:266} INFO - Executing: 
        CREATE TABLE IF NOT EXISTS "USER_DB_OSTRICH"."RAW"."MARKET_PRICES_TRANSACTIONAL" (
            SYMBOL STRING,
            DATE DATE,
            OPEN FLOAT,
            CLOSE FLOAT,
            HIGH FLOAT,
            LOW FLOAT,
            VOLUME NUMBER,
            PRIMARY KEY (SYMBOL, DATE)
        )
        
[2025-11-21T01:46:55.511+0000] {base.py:84} INFO - Retrieving connection 'snowflake_conn'
[2025-11-21T01:46:55.513+0000] {base.py:84} INFO - Retrieving connection 'snowflake_conn'
[2025-11-21T01:46:55.514+0000] {connection.py:413} INFO - Snowflake Connector for Python Version: 3.12.1, Python Version: 3.12.5, Platform: Linux-6.10.14-linuxkit-aarch64-with-glibc2.36
[2025-11-21T01:46:55.514+0000] {connection.py:1196} INFO - Connecting to GLOBAL Snowflake domain
[2025-11-21T01:46:55.514+0000] {connection.py:1277} INFO - This connection is in OCSP Fail Open Mode. TLS Certificates would be checked for validity and revocation status. Any other Certificate Revocation related exceptions or OCSP Responder failures would be disregarded in favor of connectivity.
[2025-11-21T01:46:56.570+0000] {cursor.py:1156} INFO - Number of results in first chunk: 1
[2025-11-21T01:46:56.571+0000] {sql.py:509} INFO - Running statement: CREATE TABLE IF NOT EXISTS "USER_DB_OSTRICH"."RAW"."MARKET_PRICES_TRANSACTIONAL" (
            SYMBOL STRING,
            DATE DATE,
            OPEN FLOAT,
            CLOSE FLOAT,
            HIGH FLOAT,
            LOW FLOAT,
            VOLUME NUMBER,
            PRIMARY KEY (SYMBOL, DATE)
        ), parameters: None
[2025-11-21T01:46:57.095+0000] {cursor.py:1156} INFO - Number of results in first chunk: 1
[2025-11-21T01:46:57.096+0000] {sql.py:518} INFO - Rows affected: 1
[2025-11-21T01:46:57.097+0000] {snowflake.py:422} INFO - Rows affected: 1
[2025-11-21T01:46:57.097+0000] {snowflake.py:423} INFO - Snowflake query id: 01c0878a-0307-1836-000f-c0df0086817a
[2025-11-21T01:46:57.194+0000] {cursor.py:1156} INFO - Number of results in first chunk: 1
[2025-11-21T01:46:57.195+0000] {connection.py:788} INFO - closed
[2025-11-21T01:46:57.246+0000] {connection.py:794} INFO - No async queries seem to be running, deleting session
[2025-11-21T01:46:57.349+0000] {taskinstance.py:340} INFO - ::group::Post task execution logs
[2025-11-21T01:46:57.350+0000] {taskinstance.py:352} INFO - Marking task as SUCCESS. dag_id=yahoo_finance_transactional, task_id=create_table, run_id=scheduled__2025-11-19T02:00:00+00:00, execution_date=20251119T020000, start_date=20251121T014655, end_date=20251121T014657
[2025-11-21T01:46:57.370+0000] {local_task_job_runner.py:266} INFO - Task exited with return code 0
[2025-11-21T01:46:57.376+0000] {logging_mixin.py:190} WARNING - /home/***/.local/lib/python3.12/site-packages/***/models/baseoperator.py:1378 AirflowProviderDeprecationWarning: Call to deprecated class SnowflakeOperator. (This class is deprecated. Please use `***.providers.common.sql.operators.sql.SQLExecuteQueryOperator`. Also, you can provide `hook_params={'warehouse': <warehouse>, 'database': <database>, 'role': <role>, 'schema': <schema>, 'authenticator': <authenticator>,'session_parameters': <session_parameters>}`.)
[2025-11-21T01:46:57.382+0000] {taskinstance.py:3900} INFO - 1 downstream tasks scheduled from follow-on schedule check
[2025-11-21T01:46:57.382+0000] {local_task_job_runner.py:245} INFO - ::endgroup::
