[2025-12-06T01:58:57.672+0000] {local_task_job_runner.py:123} INFO - ::group::Pre task execution logs
[2025-12-06T01:58:57.680+0000] {taskinstance.py:2612} INFO - Dependencies all met for dep_context=non-requeueable deps ti=<TaskInstance: elt_dbt_downstream.dbt_run_downstream manual__2025-12-06T01:58:45.747660+00:00 [queued]>
[2025-12-06T01:58:57.683+0000] {taskinstance.py:2612} INFO - Dependencies all met for dep_context=requeueable deps ti=<TaskInstance: elt_dbt_downstream.dbt_run_downstream manual__2025-12-06T01:58:45.747660+00:00 [queued]>
[2025-12-06T01:58:57.683+0000] {taskinstance.py:2865} INFO - Starting attempt 1 of 2
[2025-12-06T01:58:57.687+0000] {taskinstance.py:2888} INFO - Executing <Task(BashOperator): dbt_run_downstream> on 2025-12-06 01:58:45.747660+00:00
[2025-12-06T01:58:57.691+0000] {logging_mixin.py:190} WARNING - /home/***/.local/lib/python3.12/site-packages/***/task/task_runner/standard_task_runner.py:70 DeprecationWarning: This process (pid=16400) is multi-threaded, use of fork() may lead to deadlocks in the child.
[2025-12-06T01:58:57.692+0000] {standard_task_runner.py:72} INFO - Started process 16401 to run task
[2025-12-06T01:58:57.691+0000] {standard_task_runner.py:104} INFO - Running: ['***', 'tasks', 'run', 'elt_dbt_downstream', 'dbt_run_downstream', 'manual__2025-12-06T01:58:45.747660+00:00', '--job-id', '297', '--raw', '--subdir', 'DAGS_FOLDER/elt_dbt_downstream.py', '--cfg-path', '/tmp/tmpo2d5ybkg']
[2025-12-06T01:58:57.692+0000] {standard_task_runner.py:105} INFO - Job 297: Subtask dbt_run_downstream
[2025-12-06T01:58:57.707+0000] {task_command.py:467} INFO - Running <TaskInstance: elt_dbt_downstream.dbt_run_downstream manual__2025-12-06T01:58:45.747660+00:00 [running]> on host 7c17d7f5e8b7
[2025-12-06T01:58:57.735+0000] {taskinstance.py:3131} INFO - Exporting env vars: AIRFLOW_CTX_DAG_OWNER='***' AIRFLOW_CTX_DAG_ID='elt_dbt_downstream' AIRFLOW_CTX_TASK_ID='dbt_run_downstream' AIRFLOW_CTX_EXECUTION_DATE='2025-12-06T01:58:45.747660+00:00' AIRFLOW_CTX_TRY_NUMBER='1' AIRFLOW_CTX_DAG_RUN_ID='manual__2025-12-06T01:58:45.747660+00:00'
[2025-12-06T01:58:57.735+0000] {taskinstance.py:731} INFO - ::endgroup::
[2025-12-06T01:58:57.741+0000] {subprocess.py:63} INFO - Tmp dir root location: /tmp
[2025-12-06T01:58:57.742+0000] {subprocess.py:75} INFO - Running command: ['/usr/bin/bash', '-c', 'set -euo pipefail;cd /opt/***/dbt/stock_analytics && dbt run --select mart_forecast_combined mart_risk_reward_scatter mart_market_regime --profiles-dir /opt/***/dbt']
[2025-12-06T01:58:57.745+0000] {subprocess.py:86} INFO - Output:
[2025-12-06T01:58:58.852+0000] {subprocess.py:93} INFO - [0m01:58:58  Running with dbt=1.11.0-rc1
[2025-12-06T01:58:59.042+0000] {subprocess.py:93} INFO - [0m01:58:59  Registered adapter: snowflake=1.10.3
[2025-12-06T01:58:59.406+0000] {subprocess.py:93} INFO - [0m01:58:59  Found 6 models, 29 data tests, 1 seed, 2 sources, 504 macros
[2025-12-06T01:58:59.407+0000] {subprocess.py:93} INFO - [0m01:58:59
[2025-12-06T01:58:59.408+0000] {subprocess.py:93} INFO - [0m01:58:59  Concurrency: 4 threads (target='dev')
[2025-12-06T01:58:59.408+0000] {subprocess.py:93} INFO - [0m01:58:59
[2025-12-06T01:59:00.431+0000] {subprocess.py:93} INFO - [0m01:59:00  1 of 3 START sql table model PUBLIC_ANALYTICS.mart_forecast_combined ........... [RUN]
[2025-12-06T01:59:00.432+0000] {subprocess.py:93} INFO - [0m01:59:00  2 of 3 START sql table model PUBLIC_ANALYTICS.mart_market_regime ............... [RUN]
[2025-12-06T01:59:00.432+0000] {subprocess.py:93} INFO - [0m01:59:00  3 of 3 START sql table model PUBLIC_ANALYTICS.mart_risk_reward_scatter ......... [RUN]
[2025-12-06T01:59:01.324+0000] {subprocess.py:93} INFO - [0m01:59:01  2 of 3 OK created sql table model PUBLIC_ANALYTICS.mart_market_regime .......... [[32mSUCCESS 1[0m in 0.89s]
[2025-12-06T01:59:01.595+0000] {subprocess.py:93} INFO - [0m01:59:01  1 of 3 OK created sql table model PUBLIC_ANALYTICS.mart_forecast_combined ...... [[32mSUCCESS 1[0m in 1.16s]
[2025-12-06T01:59:01.940+0000] {subprocess.py:93} INFO - [0m01:59:01  3 of 3 OK created sql table model PUBLIC_ANALYTICS.mart_risk_reward_scatter .... [[32mSUCCESS 1[0m in 1.50s]
[2025-12-06T01:59:02.430+0000] {subprocess.py:93} INFO - [0m01:59:02
[2025-12-06T01:59:02.431+0000] {subprocess.py:93} INFO - [0m01:59:02  Finished running 3 table models in 0 hours 0 minutes and 3.02 seconds (3.02s).
[2025-12-06T01:59:02.477+0000] {subprocess.py:93} INFO - [0m01:59:02
[2025-12-06T01:59:02.477+0000] {subprocess.py:93} INFO - [0m01:59:02  [32mCompleted successfully[0m
[2025-12-06T01:59:02.478+0000] {subprocess.py:93} INFO - [0m01:59:02
[2025-12-06T01:59:02.478+0000] {subprocess.py:93} INFO - [0m01:59:02  Done. PASS=3 WARN=0 ERROR=0 SKIP=0 NO-OP=0 TOTAL=3
[2025-12-06T01:59:03.066+0000] {subprocess.py:97} INFO - Command exited with return code 0
[2025-12-06T01:59:03.077+0000] {taskinstance.py:340} INFO - ::group::Post task execution logs
[2025-12-06T01:59:03.077+0000] {taskinstance.py:352} INFO - Marking task as SUCCESS. dag_id=elt_dbt_downstream, task_id=dbt_run_downstream, run_id=manual__2025-12-06T01:58:45.747660+00:00, execution_date=20251206T015845, start_date=20251206T015857, end_date=20251206T015903
[2025-12-06T01:59:03.086+0000] {local_task_job_runner.py:266} INFO - Task exited with return code 0
[2025-12-06T01:59:03.094+0000] {taskinstance.py:3900} INFO - 1 downstream tasks scheduled from follow-on schedule check
[2025-12-06T01:59:03.094+0000] {local_task_job_runner.py:245} INFO - ::endgroup::
