[2025-12-02T21:45:27.420+0000] {local_task_job_runner.py:123} INFO - ::group::Pre task execution logs
[2025-12-02T21:45:27.427+0000] {taskinstance.py:2612} INFO - Dependencies all met for dep_context=non-requeueable deps ti=<TaskInstance: elt_dbt_upstream.wait_for_market_data_ingest manual__2025-12-02T21:42:35.641741+00:00 [queued]>
[2025-12-02T21:45:27.431+0000] {taskinstance.py:2612} INFO - Dependencies all met for dep_context=requeueable deps ti=<TaskInstance: elt_dbt_upstream.wait_for_market_data_ingest manual__2025-12-02T21:42:35.641741+00:00 [queued]>
[2025-12-02T21:45:27.431+0000] {taskinstance.py:2865} INFO - Starting attempt 2 of 3
[2025-12-02T21:45:27.436+0000] {taskinstance.py:2888} INFO - Executing <Task(ExternalTaskSensor): wait_for_market_data_ingest> on 2025-12-02 21:42:35.641741+00:00
[2025-12-02T21:45:27.439+0000] {standard_task_runner.py:104} INFO - Running: ['***', 'tasks', 'run', 'elt_dbt_upstream', 'wait_for_market_data_ingest', 'manual__2025-12-02T21:42:35.641741+00:00', '--job-id', '111', '--raw', '--subdir', 'DAGS_FOLDER/elt_dbt_upstream.py', '--cfg-path', '/tmp/tmpqu591ogf']
[2025-12-02T21:45:27.441+0000] {standard_task_runner.py:105} INFO - Job 111: Subtask wait_for_market_data_ingest
[2025-12-02T21:45:27.441+0000] {logging_mixin.py:190} WARNING - /home/***/.local/lib/python3.12/site-packages/***/task/task_runner/standard_task_runner.py:70 DeprecationWarning: This process (pid=536) is multi-threaded, use of fork() may lead to deadlocks in the child.
[2025-12-02T21:45:27.441+0000] {standard_task_runner.py:72} INFO - Started process 540 to run task
[2025-12-02T21:45:27.458+0000] {task_command.py:467} INFO - Running <TaskInstance: elt_dbt_upstream.wait_for_market_data_ingest manual__2025-12-02T21:42:35.641741+00:00 [running]> on host 0178cd4bc9d5
[2025-12-02T21:45:27.489+0000] {taskinstance.py:3131} INFO - Exporting env vars: AIRFLOW_CTX_DAG_OWNER='***' AIRFLOW_CTX_DAG_ID='elt_dbt_upstream' AIRFLOW_CTX_TASK_ID='wait_for_market_data_ingest' AIRFLOW_CTX_EXECUTION_DATE='2025-12-02T21:42:35.641741+00:00' AIRFLOW_CTX_TRY_NUMBER='2' AIRFLOW_CTX_DAG_RUN_ID='manual__2025-12-02T21:42:35.641741+00:00'
[2025-12-02T21:45:27.489+0000] {taskinstance.py:731} INFO - ::endgroup::
[2025-12-02T21:45:27.496+0000] {baseoperator.py:405} WARNING - ExternalTaskSensor.execute cannot be called outside TaskInstance!
[2025-12-02T21:45:27.496+0000] {external_task.py:274} INFO - Poking for DAG 'market_data_ingest' on 2025-12-02T21:12:35.641741+00:00 ... 
[2025-12-02T21:45:27.498+0000] {logging_mixin.py:190} WARNING - /home/***/.local/lib/python3.12/site-packages/***/utils/session.py:97 DeprecationWarning: This method is deprecated and will be removed in future.
[2025-12-02T21:46:27.504+0000] {external_task.py:274} INFO - Poking for DAG 'market_data_ingest' on 2025-12-02T21:12:35.641741+00:00 ... 
[2025-12-02T21:46:58.093+0000] {local_task_job_runner.py:346} WARNING - State of this instance has been externally set to success. Terminating instance.
[2025-12-02T21:46:58.095+0000] {local_task_job_runner.py:245} INFO - ::endgroup::
[2025-12-02T21:46:58.096+0000] {process_utils.py:132} INFO - Sending 15 to group 540. PIDs of all processes in the group: [540]
[2025-12-02T21:46:58.097+0000] {process_utils.py:87} INFO - Sending the signal 15 to group 540
[2025-12-02T21:46:58.097+0000] {taskinstance.py:3092} ERROR - Received SIGTERM. Terminating subprocesses.
[2025-12-02T21:46:58.113+0000] {taskinstance.py:340} INFO - ::group::Post task execution logs
[2025-12-02T21:46:58.131+0000] {process_utils.py:80} INFO - Process psutil.Process(pid=540, status='terminated', exitcode=0, started='21:45:26') (540) terminated with exit code 0
