[2025-12-06T01:53:28.922+0000] {local_task_job_runner.py:123} INFO - ::group::Pre task execution logs
[2025-12-06T01:53:28.934+0000] {taskinstance.py:2612} INFO - Dependencies all met for dep_context=non-requeueable deps ti=<TaskInstance: elt_dbt_downstream.wait_for_TrainPredict manual__2025-12-06T01:53:28.120871+00:00 [queued]>
[2025-12-06T01:53:28.941+0000] {taskinstance.py:2612} INFO - Dependencies all met for dep_context=requeueable deps ti=<TaskInstance: elt_dbt_downstream.wait_for_TrainPredict manual__2025-12-06T01:53:28.120871+00:00 [queued]>
[2025-12-06T01:53:28.941+0000] {taskinstance.py:2865} INFO - Starting attempt 1 of 2
[2025-12-06T01:53:28.950+0000] {taskinstance.py:2888} INFO - Executing <Task(ExternalTaskSensor): wait_for_TrainPredict> on 2025-12-06 01:53:28.120871+00:00
[2025-12-06T01:53:28.960+0000] {logging_mixin.py:190} WARNING - /home/***/.local/lib/python3.12/site-packages/***/task/task_runner/standard_task_runner.py:70 DeprecationWarning: This process (pid=16072) is multi-threaded, use of fork() may lead to deadlocks in the child.
[2025-12-06T01:53:28.961+0000] {standard_task_runner.py:72} INFO - Started process 16073 to run task
[2025-12-06T01:53:28.960+0000] {standard_task_runner.py:104} INFO - Running: ['***', 'tasks', 'run', 'elt_dbt_downstream', 'wait_for_TrainPredict', 'manual__2025-12-06T01:53:28.120871+00:00', '--job-id', '292', '--raw', '--subdir', 'DAGS_FOLDER/elt_dbt_downstream.py', '--cfg-path', '/tmp/tmpw36l0jgp']
[2025-12-06T01:53:28.963+0000] {standard_task_runner.py:105} INFO - Job 292: Subtask wait_for_TrainPredict
[2025-12-06T01:53:28.997+0000] {task_command.py:467} INFO - Running <TaskInstance: elt_dbt_downstream.wait_for_TrainPredict manual__2025-12-06T01:53:28.120871+00:00 [running]> on host 7c17d7f5e8b7
[2025-12-06T01:53:29.061+0000] {taskinstance.py:3131} INFO - Exporting env vars: AIRFLOW_CTX_DAG_OWNER='***' AIRFLOW_CTX_DAG_ID='elt_dbt_downstream' AIRFLOW_CTX_TASK_ID='wait_for_TrainPredict' AIRFLOW_CTX_EXECUTION_DATE='2025-12-06T01:53:28.120871+00:00' AIRFLOW_CTX_TRY_NUMBER='1' AIRFLOW_CTX_DAG_RUN_ID='manual__2025-12-06T01:53:28.120871+00:00'
[2025-12-06T01:53:29.062+0000] {taskinstance.py:731} INFO - ::endgroup::
[2025-12-06T01:53:29.073+0000] {baseoperator.py:405} WARNING - ExternalTaskSensor.execute cannot be called outside TaskInstance!
[2025-12-06T01:53:29.073+0000] {external_task.py:274} INFO - Poking for DAG 'TrainPredict' on 2025-12-06T01:23:28.120871+00:00 ... 
[2025-12-06T01:53:29.074+0000] {logging_mixin.py:190} WARNING - /home/***/.local/lib/python3.12/site-packages/***/utils/session.py:97 DeprecationWarning: This method is deprecated and will be removed in future.
[2025-12-06T01:54:09.394+0000] {local_task_job_runner.py:346} WARNING - State of this instance has been externally set to success. Terminating instance.
[2025-12-06T01:54:09.398+0000] {local_task_job_runner.py:245} INFO - ::endgroup::
[2025-12-06T01:54:09.400+0000] {process_utils.py:132} INFO - Sending 15 to group 16073. PIDs of all processes in the group: [16073]
[2025-12-06T01:54:09.401+0000] {process_utils.py:87} INFO - Sending the signal 15 to group 16073
[2025-12-06T01:54:09.402+0000] {taskinstance.py:3092} ERROR - Received SIGTERM. Terminating subprocesses.
[2025-12-06T01:54:09.438+0000] {taskinstance.py:340} INFO - ::group::Post task execution logs
[2025-12-06T01:54:09.460+0000] {process_utils.py:80} INFO - Process psutil.Process(pid=16073, status='terminated', exitcode=0, started='01:53:28') (16073) terminated with exit code 0
