[2025-12-05T03:30:09.868+0000] {local_task_job_runner.py:123} INFO - ::group::Pre task execution logs
[2025-12-05T03:30:09.878+0000] {taskinstance.py:2612} INFO - Dependencies all met for dep_context=non-requeueable deps ti=<TaskInstance: elt_dbt_upstream.dbt_run_upstream scheduled__2025-12-04T03:00:00+00:00 [queued]>
[2025-12-05T03:30:09.882+0000] {taskinstance.py:2612} INFO - Dependencies all met for dep_context=requeueable deps ti=<TaskInstance: elt_dbt_upstream.dbt_run_upstream scheduled__2025-12-04T03:00:00+00:00 [queued]>
[2025-12-05T03:30:09.882+0000] {taskinstance.py:2865} INFO - Starting attempt 1 of 2
[2025-12-05T03:30:09.887+0000] {taskinstance.py:2888} INFO - Executing <Task(BashOperator): dbt_run_upstream> on 2025-12-04 03:00:00+00:00
[2025-12-05T03:30:09.891+0000] {standard_task_runner.py:104} INFO - Running: ['***', 'tasks', 'run', 'elt_dbt_upstream', 'dbt_run_upstream', 'scheduled__2025-12-04T03:00:00+00:00', '--job-id', '202', '--raw', '--subdir', 'DAGS_FOLDER/elt_dbt_upstream.py', '--cfg-path', '/tmp/tmpu8otmnlx']
[2025-12-05T03:30:09.893+0000] {logging_mixin.py:190} WARNING - /home/***/.local/lib/python3.12/site-packages/***/task/task_runner/standard_task_runner.py:70 DeprecationWarning: This process (pid=2710) is multi-threaded, use of fork() may lead to deadlocks in the child.
[2025-12-05T03:30:09.893+0000] {standard_task_runner.py:105} INFO - Job 202: Subtask dbt_run_upstream
[2025-12-05T03:30:09.893+0000] {standard_task_runner.py:72} INFO - Started process 2711 to run task
[2025-12-05T03:30:09.918+0000] {task_command.py:467} INFO - Running <TaskInstance: elt_dbt_upstream.dbt_run_upstream scheduled__2025-12-04T03:00:00+00:00 [running]> on host 3a991512098d
[2025-12-05T03:30:09.953+0000] {taskinstance.py:3131} INFO - Exporting env vars: AIRFLOW_CTX_DAG_OWNER='***' AIRFLOW_CTX_DAG_ID='elt_dbt_upstream' AIRFLOW_CTX_TASK_ID='dbt_run_upstream' AIRFLOW_CTX_EXECUTION_DATE='2025-12-04T03:00:00+00:00' AIRFLOW_CTX_TRY_NUMBER='1' AIRFLOW_CTX_DAG_RUN_ID='scheduled__2025-12-04T03:00:00+00:00'
[2025-12-05T03:30:09.953+0000] {taskinstance.py:731} INFO - ::endgroup::
[2025-12-05T03:30:09.961+0000] {subprocess.py:63} INFO - Tmp dir root location: /tmp
[2025-12-05T03:30:09.961+0000] {subprocess.py:75} INFO - Running command: ['/usr/bin/bash', '-c', 'set -euo pipefail;cd /opt/***/dbt/stock_analytics && dbt run --select +mart_sector_volatility --profiles-dir /opt/***/dbt']
[2025-12-05T03:30:09.965+0000] {subprocess.py:86} INFO - Output:
[2025-12-05T03:30:10.973+0000] {subprocess.py:93} INFO - [0m03:30:10  Running with dbt=1.11.0-rc1
[2025-12-05T03:30:11.151+0000] {subprocess.py:93} INFO - [0m03:30:11  Registered adapter: snowflake=1.10.3
[2025-12-05T03:30:11.390+0000] {subprocess.py:93} INFO - [0m03:30:11  Found 6 models, 30 data tests, 1 seed, 2 sources, 504 macros
[2025-12-05T03:30:11.391+0000] {subprocess.py:93} INFO - [0m03:30:11
[2025-12-05T03:30:11.391+0000] {subprocess.py:93} INFO - [0m03:30:11  Concurrency: 4 threads (target='dev')
[2025-12-05T03:30:11.391+0000] {subprocess.py:93} INFO - [0m03:30:11
[2025-12-05T03:30:13.772+0000] {subprocess.py:93} INFO - [0m03:30:13  1 of 3 START sql view model PUBLIC_STAGING.stg_market_data ..................... [RUN]
[2025-12-05T03:30:14.554+0000] {subprocess.py:93} INFO - [0m03:30:14  1 of 3 OK created sql view model PUBLIC_STAGING.stg_market_data ................ [[32mSUCCESS 1[0m in 0.78s]
[2025-12-05T03:30:14.556+0000] {subprocess.py:93} INFO - [0m03:30:14  2 of 3 START sql view model PUBLIC_INTERMEDIATE.int_daily_returns .............. [RUN]
[2025-12-05T03:30:15.261+0000] {subprocess.py:93} INFO - [0m03:30:15  2 of 3 OK created sql view model PUBLIC_INTERMEDIATE.int_daily_returns ......... [[32mSUCCESS 1[0m in 0.70s]
[2025-12-05T03:30:15.264+0000] {subprocess.py:93} INFO - [0m03:30:15  3 of 3 START sql table model PUBLIC_ANALYTICS.mart_sector_volatility ........... [RUN]
[2025-12-05T03:30:17.482+0000] {subprocess.py:93} INFO - [0m03:30:17  3 of 3 OK created sql table model PUBLIC_ANALYTICS.mart_sector_volatility ...... [[32mSUCCESS 1[0m in 2.22s]
[2025-12-05T03:30:18.616+0000] {subprocess.py:93} INFO - [0m03:30:18
[2025-12-05T03:30:18.617+0000] {subprocess.py:93} INFO - [0m03:30:18  Finished running 1 table model, 2 view models in 0 hours 0 minutes and 7.22 seconds (7.22s).
[2025-12-05T03:30:18.663+0000] {subprocess.py:93} INFO - [0m03:30:18
[2025-12-05T03:30:18.663+0000] {subprocess.py:93} INFO - [0m03:30:18  [32mCompleted successfully[0m
[2025-12-05T03:30:18.663+0000] {subprocess.py:93} INFO - [0m03:30:18
[2025-12-05T03:30:18.664+0000] {subprocess.py:93} INFO - [0m03:30:18  Done. PASS=3 WARN=0 ERROR=0 SKIP=0 NO-OP=0 TOTAL=3
[2025-12-05T03:30:19.207+0000] {subprocess.py:97} INFO - Command exited with return code 0
[2025-12-05T03:30:19.217+0000] {taskinstance.py:340} INFO - ::group::Post task execution logs
[2025-12-05T03:30:19.217+0000] {taskinstance.py:352} INFO - Marking task as SUCCESS. dag_id=elt_dbt_upstream, task_id=dbt_run_upstream, run_id=scheduled__2025-12-04T03:00:00+00:00, execution_date=20251204T030000, start_date=20251205T033009, end_date=20251205T033019
[2025-12-05T03:30:19.233+0000] {local_task_job_runner.py:266} INFO - Task exited with return code 0
[2025-12-05T03:30:19.240+0000] {taskinstance.py:3900} INFO - 1 downstream tasks scheduled from follow-on schedule check
[2025-12-05T03:30:19.240+0000] {local_task_job_runner.py:245} INFO - ::endgroup::
