[2025-11-21T23:52:27.121+0000] {local_task_job_runner.py:123} INFO - ::group::Pre task execution logs
[2025-11-21T23:52:27.125+0000] {taskinstance.py:2612} INFO - Dependencies all met for dep_context=non-requeueable deps ti=<TaskInstance: market_data_ingest.dq_no_dupes manual__2025-11-21T23:52:11.932012+00:00 [queued]>
[2025-11-21T23:52:27.128+0000] {taskinstance.py:2612} INFO - Dependencies all met for dep_context=requeueable deps ti=<TaskInstance: market_data_ingest.dq_no_dupes manual__2025-11-21T23:52:11.932012+00:00 [queued]>
[2025-11-21T23:52:27.128+0000] {taskinstance.py:2865} INFO - Starting attempt 1 of 2
[2025-11-21T23:52:27.132+0000] {taskinstance.py:2888} INFO - Executing <Task(PythonOperator): dq_no_dupes> on 2025-11-21 23:52:11.932012+00:00
[2025-11-21T23:52:27.136+0000] {logging_mixin.py:190} WARNING - /home/***/.local/lib/python3.12/site-packages/***/task/task_runner/standard_task_runner.py:70 DeprecationWarning: This process (pid=1314) is multi-threaded, use of fork() may lead to deadlocks in the child.
[2025-11-21T23:52:27.136+0000] {standard_task_runner.py:72} INFO - Started process 1317 to run task
[2025-11-21T23:52:27.136+0000] {standard_task_runner.py:104} INFO - Running: ['***', 'tasks', 'run', 'market_data_ingest', 'dq_no_dupes', 'manual__2025-11-21T23:52:11.932012+00:00', '--job-id', '34', '--raw', '--subdir', 'DAGS_FOLDER/market_data_ingest.py', '--cfg-path', '/tmp/tmpjwauynt5']
[2025-11-21T23:52:27.137+0000] {standard_task_runner.py:105} INFO - Job 34: Subtask dq_no_dupes
[2025-11-21T23:52:27.152+0000] {task_command.py:467} INFO - Running <TaskInstance: market_data_ingest.dq_no_dupes manual__2025-11-21T23:52:11.932012+00:00 [running]> on host 663ef6e4cd5f
[2025-11-21T23:52:27.266+0000] {taskinstance.py:3131} INFO - Exporting env vars: AIRFLOW_CTX_DAG_OWNER='data' AIRFLOW_CTX_DAG_ID='market_data_ingest' AIRFLOW_CTX_TASK_ID='dq_no_dupes' AIRFLOW_CTX_EXECUTION_DATE='2025-11-21T23:52:11.932012+00:00' AIRFLOW_CTX_TRY_NUMBER='1' AIRFLOW_CTX_DAG_RUN_ID='manual__2025-11-21T23:52:11.932012+00:00'
[2025-11-21T23:52:27.266+0000] {taskinstance.py:731} INFO - ::endgroup::
[2025-11-21T23:52:27.273+0000] {base.py:84} INFO - Retrieving connection 'snowflake_conn'
[2025-11-21T23:52:27.273+0000] {connection.py:413} INFO - Snowflake Connector for Python Version: 3.12.1, Python Version: 3.12.5, Platform: Linux-6.10.14-linuxkit-aarch64-with-glibc2.36
[2025-11-21T23:52:27.274+0000] {connection.py:1196} INFO - Connecting to GLOBAL Snowflake domain
[2025-11-21T23:52:27.274+0000] {connection.py:1277} INFO - This connection is in OCSP Fail Open Mode. TLS Certificates would be checked for validity and revocation status. Any other Certificate Revocation related exceptions or OCSP Responder failures would be disregarded in favor of connectivity.
[2025-11-21T23:52:28.492+0000] {cursor.py:1156} INFO - Number of results in first chunk: 1
[2025-11-21T23:52:28.679+0000] {cursor.py:1156} INFO - Number of results in first chunk: 1
[2025-11-21T23:52:28.844+0000] {cursor.py:1156} INFO - Number of results in first chunk: 1
[2025-11-21T23:52:28.845+0000] {logging_mixin.py:190} INFO - [DQ] total_rows=360 distinct_pairs=360
[2025-11-21T23:52:28.845+0000] {connection.py:788} INFO - closed
[2025-11-21T23:52:28.894+0000] {connection.py:794} INFO - No async queries seem to be running, deleting session
[2025-11-21T23:52:28.989+0000] {python.py:240} INFO - Done. Returned value was: None
[2025-11-21T23:52:29.003+0000] {taskinstance.py:340} INFO - ::group::Post task execution logs
[2025-11-21T23:52:29.004+0000] {taskinstance.py:352} INFO - Marking task as SUCCESS. dag_id=market_data_ingest, task_id=dq_no_dupes, run_id=manual__2025-11-21T23:52:11.932012+00:00, execution_date=20251121T235211, start_date=20251121T235227, end_date=20251121T235229
[2025-11-21T23:52:29.047+0000] {local_task_job_runner.py:266} INFO - Task exited with return code 0
[2025-11-21T23:52:29.059+0000] {taskinstance.py:3900} INFO - 0 downstream tasks scheduled from follow-on schedule check
[2025-11-21T23:52:29.060+0000] {local_task_job_runner.py:245} INFO - ::endgroup::
