[2025-12-05T01:58:19.817+0000] {local_task_job_runner.py:123} INFO - ::group::Pre task execution logs
[2025-12-05T01:58:19.822+0000] {taskinstance.py:2612} INFO - Dependencies all met for dep_context=non-requeueable deps ti=<TaskInstance: elt_dbt_upstream.dbt_run_upstream scheduled__2025-12-03T03:00:00+00:00 [queued]>
[2025-12-05T01:58:19.824+0000] {taskinstance.py:2612} INFO - Dependencies all met for dep_context=requeueable deps ti=<TaskInstance: elt_dbt_upstream.dbt_run_upstream scheduled__2025-12-03T03:00:00+00:00 [queued]>
[2025-12-05T01:58:19.824+0000] {taskinstance.py:2865} INFO - Starting attempt 1 of 2
[2025-12-05T01:58:19.828+0000] {taskinstance.py:2888} INFO - Executing <Task(BashOperator): dbt_run_upstream> on 2025-12-03 03:00:00+00:00
[2025-12-05T01:58:19.831+0000] {standard_task_runner.py:104} INFO - Running: ['***', 'tasks', 'run', 'elt_dbt_upstream', 'dbt_run_upstream', 'scheduled__2025-12-03T03:00:00+00:00', '--job-id', '187', '--raw', '--subdir', 'DAGS_FOLDER/elt_dbt_upstream.py', '--cfg-path', '/tmp/tmppeg0j4jb']
[2025-12-05T01:58:19.832+0000] {standard_task_runner.py:105} INFO - Job 187: Subtask dbt_run_upstream
[2025-12-05T01:58:19.832+0000] {logging_mixin.py:190} WARNING - /home/***/.local/lib/python3.12/site-packages/***/task/task_runner/standard_task_runner.py:70 DeprecationWarning: This process (pid=359) is multi-threaded, use of fork() may lead to deadlocks in the child.
[2025-12-05T01:58:19.833+0000] {standard_task_runner.py:72} INFO - Started process 360 to run task
[2025-12-05T01:58:19.847+0000] {task_command.py:467} INFO - Running <TaskInstance: elt_dbt_upstream.dbt_run_upstream scheduled__2025-12-03T03:00:00+00:00 [running]> on host 3a991512098d
[2025-12-05T01:58:19.872+0000] {taskinstance.py:3131} INFO - Exporting env vars: AIRFLOW_CTX_DAG_OWNER='***' AIRFLOW_CTX_DAG_ID='elt_dbt_upstream' AIRFLOW_CTX_TASK_ID='dbt_run_upstream' AIRFLOW_CTX_EXECUTION_DATE='2025-12-03T03:00:00+00:00' AIRFLOW_CTX_TRY_NUMBER='1' AIRFLOW_CTX_DAG_RUN_ID='scheduled__2025-12-03T03:00:00+00:00'
[2025-12-05T01:58:19.872+0000] {taskinstance.py:731} INFO - ::endgroup::
[2025-12-05T01:58:19.877+0000] {subprocess.py:63} INFO - Tmp dir root location: /tmp
[2025-12-05T01:58:19.878+0000] {subprocess.py:75} INFO - Running command: ['/usr/bin/bash', '-c', 'set -euo pipefail;cd /opt/***/dbt/stock_analytics && dbt run --select +mart_sector_volatility --profiles-dir /opt/***/dbt']
[2025-12-05T01:58:19.880+0000] {subprocess.py:86} INFO - Output:
[2025-12-05T01:58:20.870+0000] {subprocess.py:93} INFO - [0m01:58:20  Running with dbt=1.11.0-rc1
[2025-12-05T01:58:21.058+0000] {subprocess.py:93} INFO - [0m01:58:21  Registered adapter: snowflake=1.10.3
[2025-12-05T01:58:21.275+0000] {subprocess.py:93} INFO - [0m01:58:21  Found 6 models, 30 data tests, 1 seed, 2 sources, 504 macros
[2025-12-05T01:58:21.277+0000] {subprocess.py:93} INFO - [0m01:58:21
[2025-12-05T01:58:21.277+0000] {subprocess.py:93} INFO - [0m01:58:21  Concurrency: 4 threads (target='dev')
[2025-12-05T01:58:21.277+0000] {subprocess.py:93} INFO - [0m01:58:21
[2025-12-05T01:58:22.269+0000] {subprocess.py:93} INFO - [0m01:58:22  1 of 3 START sql view model PUBLIC_STAGING.stg_market_data ..................... [RUN]
[2025-12-05T01:58:22.666+0000] {subprocess.py:93} INFO - [0m01:58:22  1 of 3 OK created sql view model PUBLIC_STAGING.stg_market_data ................ [[32mSUCCESS 1[0m in 0.40s]
[2025-12-05T01:58:22.668+0000] {subprocess.py:93} INFO - [0m01:58:22  2 of 3 START sql view model PUBLIC_INTERMEDIATE.int_daily_returns .............. [RUN]
[2025-12-05T01:58:23.062+0000] {subprocess.py:93} INFO - [0m01:58:23  2 of 3 OK created sql view model PUBLIC_INTERMEDIATE.int_daily_returns ......... [[32mSUCCESS 1[0m in 0.39s]
[2025-12-05T01:58:23.063+0000] {subprocess.py:93} INFO - [0m01:58:23  3 of 3 START sql table model PUBLIC_ANALYTICS.mart_sector_volatility ........... [RUN]
[2025-12-05T01:58:24.402+0000] {subprocess.py:93} INFO - [0m01:58:24  3 of 3 OK created sql table model PUBLIC_ANALYTICS.mart_sector_volatility ...... [[32mSUCCESS 1[0m in 1.34s]
[2025-12-05T01:58:24.955+0000] {subprocess.py:93} INFO - [0m01:58:24
[2025-12-05T01:58:24.956+0000] {subprocess.py:93} INFO - [0m01:58:24  Finished running 1 table model, 2 view models in 0 hours 0 minutes and 3.68 seconds (3.68s).
[2025-12-05T01:58:24.994+0000] {subprocess.py:93} INFO - [0m01:58:24
[2025-12-05T01:58:24.994+0000] {subprocess.py:93} INFO - [0m01:58:24  [32mCompleted successfully[0m
[2025-12-05T01:58:24.994+0000] {subprocess.py:93} INFO - [0m01:58:24
[2025-12-05T01:58:24.994+0000] {subprocess.py:93} INFO - [0m01:58:24  Done. PASS=3 WARN=0 ERROR=0 SKIP=0 NO-OP=0 TOTAL=3
[2025-12-05T01:58:25.533+0000] {subprocess.py:97} INFO - Command exited with return code 0
[2025-12-05T01:58:25.543+0000] {taskinstance.py:340} INFO - ::group::Post task execution logs
[2025-12-05T01:58:25.544+0000] {taskinstance.py:352} INFO - Marking task as SUCCESS. dag_id=elt_dbt_upstream, task_id=dbt_run_upstream, run_id=scheduled__2025-12-03T03:00:00+00:00, execution_date=20251203T030000, start_date=20251205T015819, end_date=20251205T015825
[2025-12-05T01:58:25.590+0000] {local_task_job_runner.py:266} INFO - Task exited with return code 0
[2025-12-05T01:58:25.598+0000] {taskinstance.py:3900} INFO - 1 downstream tasks scheduled from follow-on schedule check
[2025-12-05T01:58:25.601+0000] {local_task_job_runner.py:245} INFO - ::endgroup::
