[2025-11-22T18:50:01.640+0000] {local_task_job_runner.py:123} INFO - ::group::Pre task execution logs
[2025-11-22T18:50:01.645+0000] {taskinstance.py:2612} INFO - Dependencies all met for dep_context=non-requeueable deps ti=<TaskInstance: TrainPredict.predict scheduled__2025-11-21T03:30:00+00:00 [queued]>
[2025-11-22T18:50:01.647+0000] {taskinstance.py:2612} INFO - Dependencies all met for dep_context=requeueable deps ti=<TaskInstance: TrainPredict.predict scheduled__2025-11-21T03:30:00+00:00 [queued]>
[2025-11-22T18:50:01.647+0000] {taskinstance.py:2865} INFO - Starting attempt 1 of 1
[2025-11-22T18:50:01.651+0000] {taskinstance.py:2888} INFO - Executing <Task(_PythonDecoratedOperator): predict> on 2025-11-21 03:30:00+00:00
[2025-11-22T18:50:01.654+0000] {logging_mixin.py:190} WARNING - /home/***/.local/lib/python3.12/site-packages/***/task/task_runner/standard_task_runner.py:70 DeprecationWarning: This process (pid=1232) is multi-threaded, use of fork() may lead to deadlocks in the child.
[2025-11-22T18:50:01.655+0000] {standard_task_runner.py:72} INFO - Started process 1235 to run task
[2025-11-22T18:50:01.654+0000] {standard_task_runner.py:104} INFO - Running: ['***', 'tasks', 'run', 'TrainPredict', 'predict', 'scheduled__2025-11-21T03:30:00+00:00', '--job-id', '16', '--raw', '--subdir', 'DAGS_FOLDER/train_predict.py', '--cfg-path', '/tmp/tmph9sljzxu']
[2025-11-22T18:50:01.656+0000] {standard_task_runner.py:105} INFO - Job 16: Subtask predict
[2025-11-22T18:50:01.673+0000] {task_command.py:467} INFO - Running <TaskInstance: TrainPredict.predict scheduled__2025-11-21T03:30:00+00:00 [running]> on host 599ab64e91dc
[2025-11-22T18:50:01.697+0000] {taskinstance.py:3131} INFO - Exporting env vars: AIRFLOW_CTX_DAG_OWNER='***' AIRFLOW_CTX_DAG_ID='TrainPredict' AIRFLOW_CTX_TASK_ID='predict' AIRFLOW_CTX_EXECUTION_DATE='2025-11-21T03:30:00+00:00' AIRFLOW_CTX_TRY_NUMBER='1' AIRFLOW_CTX_DAG_RUN_ID='scheduled__2025-11-21T03:30:00+00:00'
[2025-11-22T18:50:01.698+0000] {taskinstance.py:731} INFO - ::endgroup::
[2025-11-22T18:50:01.702+0000] {base.py:84} INFO - Retrieving connection 'snowflake_conn'
[2025-11-22T18:50:01.702+0000] {connection.py:413} INFO - Snowflake Connector for Python Version: 3.12.1, Python Version: 3.12.5, Platform: Linux-6.10.14-linuxkit-aarch64-with-glibc2.36
[2025-11-22T18:50:01.703+0000] {connection.py:1196} INFO - Connecting to GLOBAL Snowflake domain
[2025-11-22T18:50:01.703+0000] {connection.py:1277} INFO - This connection is in OCSP Fail Open Mode. TLS Certificates would be checked for validity and revocation status. Any other Certificate Revocation related exceptions or OCSP Responder failures would be disregarded in favor of connectivity.
[2025-11-22T18:50:46.836+0000] {cursor.py:1156} INFO - Number of results in first chunk: 1
[2025-11-22T18:50:47.857+0000] {cursor.py:1156} INFO - Number of results in first chunk: 1
[2025-11-22T18:50:47.858+0000] {connection.py:788} INFO - closed
[2025-11-22T18:50:47.907+0000] {connection.py:794} INFO - No async queries seem to be running, deleting session
[2025-11-22T18:50:47.972+0000] {python.py:240} INFO - Done. Returned value was: None
[2025-11-22T18:50:47.991+0000] {taskinstance.py:340} INFO - ::group::Post task execution logs
[2025-11-22T18:50:47.991+0000] {taskinstance.py:352} INFO - Marking task as SUCCESS. dag_id=TrainPredict, task_id=predict, run_id=scheduled__2025-11-21T03:30:00+00:00, execution_date=20251121T033000, start_date=20251122T185001, end_date=20251122T185047
[2025-11-22T18:50:48.046+0000] {local_task_job_runner.py:266} INFO - Task exited with return code 0
[2025-11-22T18:50:48.056+0000] {taskinstance.py:3900} INFO - 0 downstream tasks scheduled from follow-on schedule check
[2025-11-22T18:50:48.057+0000] {local_task_job_runner.py:245} INFO - ::endgroup::
[2025-11-22T22:44:44.138+0000] {local_task_job_runner.py:123} INFO - ::group::Pre task execution logs
[2025-11-22T22:44:44.143+0000] {taskinstance.py:2612} INFO - Dependencies all met for dep_context=non-requeueable deps ti=<TaskInstance: TrainPredict.predict scheduled__2025-11-21T03:30:00+00:00 [queued]>
[2025-11-22T22:44:44.146+0000] {taskinstance.py:2612} INFO - Dependencies all met for dep_context=requeueable deps ti=<TaskInstance: TrainPredict.predict scheduled__2025-11-21T03:30:00+00:00 [queued]>
[2025-11-22T22:44:44.146+0000] {taskinstance.py:2865} INFO - Starting attempt 1 of 1
[2025-11-22T22:44:44.150+0000] {taskinstance.py:2888} INFO - Executing <Task(_PythonDecoratedOperator): predict> on 2025-11-21 03:30:00+00:00
[2025-11-22T22:44:44.154+0000] {logging_mixin.py:190} WARNING - /home/***/.local/lib/python3.12/site-packages/***/task/task_runner/standard_task_runner.py:70 DeprecationWarning: This process (pid=536) is multi-threaded, use of fork() may lead to deadlocks in the child.
[2025-11-22T22:44:44.154+0000] {standard_task_runner.py:72} INFO - Started process 539 to run task
[2025-11-22T22:44:44.154+0000] {standard_task_runner.py:104} INFO - Running: ['***', 'tasks', 'run', 'TrainPredict', 'predict', 'scheduled__2025-11-21T03:30:00+00:00', '--job-id', '20', '--raw', '--subdir', 'DAGS_FOLDER/train_predict.py', '--cfg-path', '/tmp/tmpokvy6us0']
[2025-11-22T22:44:44.155+0000] {standard_task_runner.py:105} INFO - Job 20: Subtask predict
[2025-11-22T22:44:44.172+0000] {task_command.py:467} INFO - Running <TaskInstance: TrainPredict.predict scheduled__2025-11-21T03:30:00+00:00 [running]> on host fdac057bd921
[2025-11-22T22:44:44.198+0000] {taskinstance.py:3131} INFO - Exporting env vars: AIRFLOW_CTX_DAG_OWNER='***' AIRFLOW_CTX_DAG_ID='TrainPredict' AIRFLOW_CTX_TASK_ID='predict' AIRFLOW_CTX_EXECUTION_DATE='2025-11-21T03:30:00+00:00' AIRFLOW_CTX_TRY_NUMBER='1' AIRFLOW_CTX_DAG_RUN_ID='scheduled__2025-11-21T03:30:00+00:00'
[2025-11-22T22:44:44.200+0000] {taskinstance.py:731} INFO - ::endgroup::
[2025-11-22T22:44:44.205+0000] {base.py:84} INFO - Retrieving connection 'snowflake_conn'
[2025-11-22T22:44:44.206+0000] {connection.py:413} INFO - Snowflake Connector for Python Version: 3.12.1, Python Version: 3.12.5, Platform: Linux-6.10.14-linuxkit-aarch64-with-glibc2.36
[2025-11-22T22:44:44.206+0000] {connection.py:1196} INFO - Connecting to GLOBAL Snowflake domain
[2025-11-22T22:44:44.206+0000] {connection.py:1277} INFO - This connection is in OCSP Fail Open Mode. TLS Certificates would be checked for validity and revocation status. Any other Certificate Revocation related exceptions or OCSP Responder failures would be disregarded in favor of connectivity.
[2025-11-22T22:45:27.787+0000] {cursor.py:1156} INFO - Number of results in first chunk: 1
[2025-11-22T22:45:28.571+0000] {cursor.py:1156} INFO - Number of results in first chunk: 1
[2025-11-22T22:45:28.572+0000] {connection.py:788} INFO - closed
[2025-11-22T22:45:28.623+0000] {connection.py:794} INFO - No async queries seem to be running, deleting session
[2025-11-22T22:45:28.721+0000] {python.py:240} INFO - Done. Returned value was: None
[2025-11-22T22:45:28.747+0000] {taskinstance.py:340} INFO - ::group::Post task execution logs
[2025-11-22T22:45:28.748+0000] {taskinstance.py:352} INFO - Marking task as SUCCESS. dag_id=TrainPredict, task_id=predict, run_id=scheduled__2025-11-21T03:30:00+00:00, execution_date=20251121T033000, start_date=20251122T224444, end_date=20251122T224528
[2025-11-22T22:45:28.813+0000] {local_task_job_runner.py:266} INFO - Task exited with return code 0
[2025-11-22T22:45:28.826+0000] {taskinstance.py:3900} INFO - 0 downstream tasks scheduled from follow-on schedule check
[2025-11-22T22:45:28.827+0000] {local_task_job_runner.py:245} INFO - ::endgroup::
