[2025-11-22T22:45:53.454+0000] {local_task_job_runner.py:123} INFO - ::group::Pre task execution logs
[2025-11-22T22:45:53.462+0000] {taskinstance.py:2612} INFO - Dependencies all met for dep_context=non-requeueable deps ti=<TaskInstance: elt_dbt_downstream.dbt_run_downstream scheduled__2025-11-21T04:00:00+00:00 [queued]>
[2025-11-22T22:45:53.465+0000] {taskinstance.py:2612} INFO - Dependencies all met for dep_context=requeueable deps ti=<TaskInstance: elt_dbt_downstream.dbt_run_downstream scheduled__2025-11-21T04:00:00+00:00 [queued]>
[2025-11-22T22:45:53.465+0000] {taskinstance.py:2865} INFO - Starting attempt 1 of 2
[2025-11-22T22:45:53.470+0000] {taskinstance.py:2888} INFO - Executing <Task(BashOperator): dbt_run_downstream> on 2025-11-21 04:00:00+00:00
[2025-11-22T22:45:53.478+0000] {standard_task_runner.py:104} INFO - Running: ['***', 'tasks', 'run', 'elt_dbt_downstream', 'dbt_run_downstream', 'scheduled__2025-11-21T04:00:00+00:00', '--job-id', '22', '--raw', '--subdir', 'DAGS_FOLDER/elt_dbt_downstream.py', '--cfg-path', '/tmp/tmpzot902sz']
[2025-11-22T22:45:53.480+0000] {standard_task_runner.py:105} INFO - Job 22: Subtask dbt_run_downstream
[2025-11-22T22:45:53.480+0000] {logging_mixin.py:190} WARNING - /home/***/.local/lib/python3.12/site-packages/***/task/task_runner/standard_task_runner.py:70 DeprecationWarning: This process (pid=596) is multi-threaded, use of fork() may lead to deadlocks in the child.
[2025-11-22T22:45:53.480+0000] {standard_task_runner.py:72} INFO - Started process 597 to run task
[2025-11-22T22:45:53.500+0000] {task_command.py:467} INFO - Running <TaskInstance: elt_dbt_downstream.dbt_run_downstream scheduled__2025-11-21T04:00:00+00:00 [running]> on host fdac057bd921
[2025-11-22T22:45:53.531+0000] {taskinstance.py:3131} INFO - Exporting env vars: AIRFLOW_CTX_DAG_OWNER='***' AIRFLOW_CTX_DAG_ID='elt_dbt_downstream' AIRFLOW_CTX_TASK_ID='dbt_run_downstream' AIRFLOW_CTX_EXECUTION_DATE='2025-11-21T04:00:00+00:00' AIRFLOW_CTX_TRY_NUMBER='1' AIRFLOW_CTX_DAG_RUN_ID='scheduled__2025-11-21T04:00:00+00:00'
[2025-11-22T22:45:53.532+0000] {taskinstance.py:731} INFO - ::endgroup::
[2025-11-22T22:45:53.538+0000] {subprocess.py:63} INFO - Tmp dir root location: /tmp
[2025-11-22T22:45:53.539+0000] {subprocess.py:75} INFO - Running command: ['/usr/bin/bash', '-c', 'set -euo pipefail;cd /opt/***/dbt/stock_analytics && dbt run --select mart_forecast_combined mart_risk_reward_scatter mart_market_regime --profiles-dir /opt/***/dbt']
[2025-11-22T22:45:53.543+0000] {subprocess.py:86} INFO - Output:
[2025-11-22T22:45:54.459+0000] {subprocess.py:93} INFO - [0m22:45:54  Running with dbt=1.11.0-rc1
[2025-11-22T22:45:54.644+0000] {subprocess.py:93} INFO - [0m22:45:54  Registered adapter: snowflake=1.10.3
[2025-11-22T22:45:54.849+0000] {subprocess.py:93} INFO - [0m22:45:54  Found 6 models, 20 data tests, 2 sources, 504 macros
[2025-11-22T22:45:54.850+0000] {subprocess.py:93} INFO - [0m22:45:54
[2025-11-22T22:45:54.850+0000] {subprocess.py:93} INFO - [0m22:45:54  Concurrency: 4 threads (target='dev')
[2025-11-22T22:45:54.850+0000] {subprocess.py:93} INFO - [0m22:45:54
[2025-11-22T22:45:56.178+0000] {subprocess.py:93} INFO - [0m22:45:56  1 of 3 START sql table model PUBLIC_ANALYTICS.mart_forecast_combined ........... [RUN]
[2025-11-22T22:45:56.179+0000] {subprocess.py:93} INFO - [0m22:45:56  2 of 3 START sql table model PUBLIC_ANALYTICS.mart_market_regime ............... [RUN]
[2025-11-22T22:45:56.179+0000] {subprocess.py:93} INFO - [0m22:45:56  3 of 3 START sql table model PUBLIC_ANALYTICS.mart_risk_reward_scatter ......... [RUN]
[2025-11-22T22:45:57.051+0000] {subprocess.py:93} INFO - [0m22:45:57  1 of 3 OK created sql table model PUBLIC_ANALYTICS.mart_forecast_combined ...... [[32mSUCCESS 1[0m in 0.87s]
[2025-11-22T22:45:57.146+0000] {subprocess.py:93} INFO - [0m22:45:57  2 of 3 OK created sql table model PUBLIC_ANALYTICS.mart_market_regime .......... [[32mSUCCESS 1[0m in 0.96s]
[2025-11-22T22:45:57.505+0000] {subprocess.py:93} INFO - [0m22:45:57  3 of 3 OK created sql table model PUBLIC_ANALYTICS.mart_risk_reward_scatter .... [[32mSUCCESS 1[0m in 1.32s]
[2025-11-22T22:45:57.906+0000] {subprocess.py:93} INFO - [0m22:45:57
[2025-11-22T22:45:57.907+0000] {subprocess.py:93} INFO - [0m22:45:57  Finished running 3 table models in 0 hours 0 minutes and 3.05 seconds (3.05s).
[2025-11-22T22:45:57.946+0000] {subprocess.py:93} INFO - [0m22:45:57
[2025-11-22T22:45:57.947+0000] {subprocess.py:93} INFO - [0m22:45:57  [32mCompleted successfully[0m
[2025-11-22T22:45:57.947+0000] {subprocess.py:93} INFO - [0m22:45:57
[2025-11-22T22:45:57.947+0000] {subprocess.py:93} INFO - [0m22:45:57  Done. PASS=3 WARN=0 ERROR=0 SKIP=0 NO-OP=0 TOTAL=3
[2025-11-22T22:45:58.575+0000] {subprocess.py:97} INFO - Command exited with return code 0
[2025-11-22T22:45:58.584+0000] {taskinstance.py:340} INFO - ::group::Post task execution logs
[2025-11-22T22:45:58.584+0000] {taskinstance.py:352} INFO - Marking task as SUCCESS. dag_id=elt_dbt_downstream, task_id=dbt_run_downstream, run_id=scheduled__2025-11-21T04:00:00+00:00, execution_date=20251121T040000, start_date=20251122T224553, end_date=20251122T224558
[2025-11-22T22:45:58.612+0000] {local_task_job_runner.py:266} INFO - Task exited with return code 0
[2025-11-22T22:45:58.619+0000] {taskinstance.py:3900} INFO - 1 downstream tasks scheduled from follow-on schedule check
[2025-11-22T22:45:58.620+0000] {local_task_job_runner.py:245} INFO - ::endgroup::
