[2025-12-02T20:47:55.819+0000] {local_task_job_runner.py:123} INFO - ::group::Pre task execution logs
[2025-12-02T20:47:55.827+0000] {taskinstance.py:2612} INFO - Dependencies all met for dep_context=non-requeueable deps ti=<TaskInstance: elt_dbt_upstream.dbt_seed scheduled__2025-11-24T03:00:00+00:00 [queued]>
[2025-12-02T20:47:55.830+0000] {taskinstance.py:2612} INFO - Dependencies all met for dep_context=requeueable deps ti=<TaskInstance: elt_dbt_upstream.dbt_seed scheduled__2025-11-24T03:00:00+00:00 [queued]>
[2025-12-02T20:47:55.830+0000] {taskinstance.py:2865} INFO - Starting attempt 1 of 2
[2025-12-02T20:47:55.834+0000] {taskinstance.py:2888} INFO - Executing <Task(BashOperator): dbt_seed> on 2025-11-24 03:00:00+00:00
[2025-12-02T20:47:55.841+0000] {logging_mixin.py:190} WARNING - /home/***/.local/lib/python3.12/site-packages/***/task/task_runner/standard_task_runner.py:70 DeprecationWarning: This process (pid=370) is multi-threaded, use of fork() may lead to deadlocks in the child.
[2025-12-02T20:47:55.839+0000] {standard_task_runner.py:104} INFO - Running: ['***', 'tasks', 'run', 'elt_dbt_upstream', 'dbt_seed', 'scheduled__2025-11-24T03:00:00+00:00', '--job-id', '68', '--raw', '--subdir', 'DAGS_FOLDER/elt_dbt_upstream.py', '--cfg-path', '/tmp/tmp9nvjquh1']
[2025-12-02T20:47:55.841+0000] {standard_task_runner.py:72} INFO - Started process 371 to run task
[2025-12-02T20:47:55.841+0000] {standard_task_runner.py:105} INFO - Job 68: Subtask dbt_seed
[2025-12-02T20:47:55.862+0000] {task_command.py:467} INFO - Running <TaskInstance: elt_dbt_upstream.dbt_seed scheduled__2025-11-24T03:00:00+00:00 [running]> on host 2e122a66e6c3
[2025-12-02T20:47:55.890+0000] {taskinstance.py:3131} INFO - Exporting env vars: AIRFLOW_CTX_DAG_OWNER='***' AIRFLOW_CTX_DAG_ID='elt_dbt_upstream' AIRFLOW_CTX_TASK_ID='dbt_seed' AIRFLOW_CTX_EXECUTION_DATE='2025-11-24T03:00:00+00:00' AIRFLOW_CTX_TRY_NUMBER='1' AIRFLOW_CTX_DAG_RUN_ID='scheduled__2025-11-24T03:00:00+00:00'
[2025-12-02T20:47:55.890+0000] {taskinstance.py:731} INFO - ::endgroup::
[2025-12-02T20:47:55.896+0000] {subprocess.py:63} INFO - Tmp dir root location: /tmp
[2025-12-02T20:47:55.897+0000] {subprocess.py:75} INFO - Running command: ['/usr/bin/bash', '-c', 'set -euo pipefail;cd /opt/***/dbt/stock_analytics && dbt seed --profiles-dir /opt/***/dbt']
[2025-12-02T20:47:55.900+0000] {subprocess.py:86} INFO - Output:
[2025-12-02T20:47:57.155+0000] {subprocess.py:93} INFO - [0m20:47:57  Running with dbt=1.11.0-rc1
[2025-12-02T20:47:57.422+0000] {subprocess.py:93} INFO - [0m20:47:57  Registered adapter: snowflake=1.10.3
[2025-12-02T20:47:57.885+0000] {subprocess.py:93} INFO - [0m20:47:57  Found 6 models, 27 data tests, 1 seed, 2 sources, 504 macros
[2025-12-02T20:47:57.887+0000] {subprocess.py:93} INFO - [0m20:47:57
[2025-12-02T20:47:57.887+0000] {subprocess.py:93} INFO - [0m20:47:57  Concurrency: 4 threads (target='dev')
[2025-12-02T20:47:57.887+0000] {subprocess.py:93} INFO - [0m20:47:57
[2025-12-02T20:47:59.190+0000] {subprocess.py:93} INFO - [0m20:47:59  1 of 1 START seed file PUBLIC_SEEDS.sector_metadata ............................ [RUN]
[2025-12-02T20:48:00.660+0000] {subprocess.py:93} INFO - [0m20:48:00  1 of 1 OK loaded seed file PUBLIC_SEEDS.sector_metadata ........................ [[32mINSERT 12[0m in 1.47s]
[2025-12-02T20:48:01.203+0000] {subprocess.py:93} INFO - [0m20:48:01
[2025-12-02T20:48:01.204+0000] {subprocess.py:93} INFO - [0m20:48:01  Finished running 1 seed in 0 hours 0 minutes and 3.31 seconds (3.31s).
[2025-12-02T20:48:01.242+0000] {subprocess.py:93} INFO - [0m20:48:01
[2025-12-02T20:48:01.242+0000] {subprocess.py:93} INFO - [0m20:48:01  [32mCompleted successfully[0m
[2025-12-02T20:48:01.242+0000] {subprocess.py:93} INFO - [0m20:48:01
[2025-12-02T20:48:01.243+0000] {subprocess.py:93} INFO - [0m20:48:01  Done. PASS=1 WARN=0 ERROR=0 SKIP=0 NO-OP=0 TOTAL=1
[2025-12-02T20:48:02.218+0000] {subprocess.py:97} INFO - Command exited with return code 0
[2025-12-02T20:48:02.242+0000] {taskinstance.py:340} INFO - ::group::Post task execution logs
[2025-12-02T20:48:02.242+0000] {taskinstance.py:352} INFO - Marking task as SUCCESS. dag_id=elt_dbt_upstream, task_id=dbt_seed, run_id=scheduled__2025-11-24T03:00:00+00:00, execution_date=20251124T030000, start_date=20251202T204755, end_date=20251202T204802
[2025-12-02T20:48:02.290+0000] {local_task_job_runner.py:266} INFO - Task exited with return code 0
[2025-12-02T20:48:02.305+0000] {taskinstance.py:3900} INFO - 1 downstream tasks scheduled from follow-on schedule check
[2025-12-02T20:48:02.306+0000] {local_task_job_runner.py:245} INFO - ::endgroup::
