[2025-12-06T01:28:47.637+0000] {local_task_job_runner.py:123} INFO - ::group::Pre task execution logs
[2025-12-06T01:28:47.645+0000] {taskinstance.py:2612} INFO - Dependencies all met for dep_context=non-requeueable deps ti=<TaskInstance: elt_dbt_upstream.dbt_seed manual__2025-12-06T01:27:34.762312+00:00 [queued]>
[2025-12-06T01:28:47.648+0000] {taskinstance.py:2612} INFO - Dependencies all met for dep_context=requeueable deps ti=<TaskInstance: elt_dbt_upstream.dbt_seed manual__2025-12-06T01:27:34.762312+00:00 [queued]>
[2025-12-06T01:28:47.648+0000] {taskinstance.py:2865} INFO - Starting attempt 1 of 2
[2025-12-06T01:28:47.652+0000] {taskinstance.py:2888} INFO - Executing <Task(BashOperator): dbt_seed> on 2025-12-06 01:27:34.762312+00:00
[2025-12-06T01:28:47.656+0000] {logging_mixin.py:190} WARNING - /home/***/.local/lib/python3.12/site-packages/***/task/task_runner/standard_task_runner.py:70 DeprecationWarning: This process (pid=15551) is multi-threaded, use of fork() may lead to deadlocks in the child.
[2025-12-06T01:28:47.656+0000] {standard_task_runner.py:72} INFO - Started process 15552 to run task
[2025-12-06T01:28:47.656+0000] {standard_task_runner.py:104} INFO - Running: ['***', 'tasks', 'run', 'elt_dbt_upstream', 'dbt_seed', 'manual__2025-12-06T01:27:34.762312+00:00', '--job-id', '286', '--raw', '--subdir', 'DAGS_FOLDER/elt_dbt_upstream.py', '--cfg-path', '/tmp/tmps07i6add']
[2025-12-06T01:28:47.657+0000] {standard_task_runner.py:105} INFO - Job 286: Subtask dbt_seed
[2025-12-06T01:28:47.676+0000] {task_command.py:467} INFO - Running <TaskInstance: elt_dbt_upstream.dbt_seed manual__2025-12-06T01:27:34.762312+00:00 [running]> on host 7c17d7f5e8b7
[2025-12-06T01:28:47.706+0000] {taskinstance.py:3131} INFO - Exporting env vars: AIRFLOW_CTX_DAG_OWNER='***' AIRFLOW_CTX_DAG_ID='elt_dbt_upstream' AIRFLOW_CTX_TASK_ID='dbt_seed' AIRFLOW_CTX_EXECUTION_DATE='2025-12-06T01:27:34.762312+00:00' AIRFLOW_CTX_TRY_NUMBER='1' AIRFLOW_CTX_DAG_RUN_ID='manual__2025-12-06T01:27:34.762312+00:00'
[2025-12-06T01:28:47.706+0000] {taskinstance.py:731} INFO - ::endgroup::
[2025-12-06T01:28:47.713+0000] {subprocess.py:63} INFO - Tmp dir root location: /tmp
[2025-12-06T01:28:47.713+0000] {subprocess.py:75} INFO - Running command: ['/usr/bin/bash', '-c', 'set -euo pipefail;cd /opt/***/dbt/stock_analytics && dbt seed --profiles-dir /opt/***/dbt']
[2025-12-06T01:28:47.717+0000] {subprocess.py:86} INFO - Output:
[2025-12-06T01:28:48.621+0000] {subprocess.py:93} INFO - [0m01:28:48  Running with dbt=1.11.0-rc1
[2025-12-06T01:28:48.802+0000] {subprocess.py:93} INFO - [0m01:28:48  Registered adapter: snowflake=1.10.3
[2025-12-06T01:28:49.164+0000] {subprocess.py:93} INFO - [0m01:28:49  Found 6 models, 29 data tests, 1 seed, 2 sources, 504 macros
[2025-12-06T01:28:49.165+0000] {subprocess.py:93} INFO - [0m01:28:49
[2025-12-06T01:28:49.166+0000] {subprocess.py:93} INFO - [0m01:28:49  Concurrency: 4 threads (target='dev')
[2025-12-06T01:28:49.166+0000] {subprocess.py:93} INFO - [0m01:28:49
[2025-12-06T01:28:50.242+0000] {subprocess.py:93} INFO - [0m01:28:50  1 of 1 START seed file PUBLIC_SEEDS.sector_metadata ............................ [RUN]
[2025-12-06T01:28:51.941+0000] {subprocess.py:93} INFO - [0m01:28:51  1 of 1 OK loaded seed file PUBLIC_SEEDS.sector_metadata ........................ [[32mINSERT 11[0m in 1.70s]
[2025-12-06T01:28:52.515+0000] {subprocess.py:93} INFO - [0m01:28:52
[2025-12-06T01:28:52.517+0000] {subprocess.py:93} INFO - [0m01:28:52  Finished running 1 seed in 0 hours 0 minutes and 3.35 seconds (3.35s).
[2025-12-06T01:28:52.560+0000] {subprocess.py:93} INFO - [0m01:28:52
[2025-12-06T01:28:52.561+0000] {subprocess.py:93} INFO - [0m01:28:52  [32mCompleted successfully[0m
[2025-12-06T01:28:52.561+0000] {subprocess.py:93} INFO - [0m01:28:52
[2025-12-06T01:28:52.561+0000] {subprocess.py:93} INFO - [0m01:28:52  Done. PASS=1 WARN=0 ERROR=0 SKIP=0 NO-OP=0 TOTAL=1
[2025-12-06T01:28:53.246+0000] {subprocess.py:97} INFO - Command exited with return code 0
[2025-12-06T01:28:53.258+0000] {taskinstance.py:340} INFO - ::group::Post task execution logs
[2025-12-06T01:28:53.258+0000] {taskinstance.py:352} INFO - Marking task as SUCCESS. dag_id=elt_dbt_upstream, task_id=dbt_seed, run_id=manual__2025-12-06T01:27:34.762312+00:00, execution_date=20251206T012734, start_date=20251206T012847, end_date=20251206T012853
[2025-12-06T01:28:53.294+0000] {local_task_job_runner.py:266} INFO - Task exited with return code 0
[2025-12-06T01:28:53.303+0000] {taskinstance.py:3900} INFO - 1 downstream tasks scheduled from follow-on schedule check
[2025-12-06T01:28:53.303+0000] {local_task_job_runner.py:245} INFO - ::endgroup::
