[2025-12-05T19:03:16.630+0000] {local_task_job_runner.py:123} INFO - ::group::Pre task execution logs
[2025-12-05T19:03:16.637+0000] {taskinstance.py:2612} INFO - Dependencies all met for dep_context=non-requeueable deps ti=<TaskInstance: elt_dbt_downstream.dbt_run_downstream manual__2025-12-05T19:03:02.898364+00:00 [queued]>
[2025-12-05T19:03:16.640+0000] {taskinstance.py:2612} INFO - Dependencies all met for dep_context=requeueable deps ti=<TaskInstance: elt_dbt_downstream.dbt_run_downstream manual__2025-12-05T19:03:02.898364+00:00 [queued]>
[2025-12-05T19:03:16.641+0000] {taskinstance.py:2865} INFO - Starting attempt 1 of 2
[2025-12-05T19:03:16.645+0000] {taskinstance.py:2888} INFO - Executing <Task(BashOperator): dbt_run_downstream> on 2025-12-05 19:03:02.898364+00:00
[2025-12-05T19:03:16.649+0000] {logging_mixin.py:190} WARNING - /home/***/.local/lib/python3.12/site-packages/***/task/task_runner/standard_task_runner.py:70 DeprecationWarning: This process (pid=17980) is multi-threaded, use of fork() may lead to deadlocks in the child.
[2025-12-05T19:03:16.650+0000] {standard_task_runner.py:72} INFO - Started process 17981 to run task
[2025-12-05T19:03:16.649+0000] {standard_task_runner.py:104} INFO - Running: ['***', 'tasks', 'run', 'elt_dbt_downstream', 'dbt_run_downstream', 'manual__2025-12-05T19:03:02.898364+00:00', '--job-id', '241', '--raw', '--subdir', 'DAGS_FOLDER/elt_dbt_downstream.py', '--cfg-path', '/tmp/tmp_yk0t8_f']
[2025-12-05T19:03:16.650+0000] {standard_task_runner.py:105} INFO - Job 241: Subtask dbt_run_downstream
[2025-12-05T19:03:16.667+0000] {task_command.py:467} INFO - Running <TaskInstance: elt_dbt_downstream.dbt_run_downstream manual__2025-12-05T19:03:02.898364+00:00 [running]> on host 3a991512098d
[2025-12-05T19:03:16.694+0000] {taskinstance.py:3131} INFO - Exporting env vars: AIRFLOW_CTX_DAG_OWNER='***' AIRFLOW_CTX_DAG_ID='elt_dbt_downstream' AIRFLOW_CTX_TASK_ID='dbt_run_downstream' AIRFLOW_CTX_EXECUTION_DATE='2025-12-05T19:03:02.898364+00:00' AIRFLOW_CTX_TRY_NUMBER='1' AIRFLOW_CTX_DAG_RUN_ID='manual__2025-12-05T19:03:02.898364+00:00'
[2025-12-05T19:03:16.694+0000] {taskinstance.py:731} INFO - ::endgroup::
[2025-12-05T19:03:16.699+0000] {subprocess.py:63} INFO - Tmp dir root location: /tmp
[2025-12-05T19:03:16.700+0000] {subprocess.py:75} INFO - Running command: ['/usr/bin/bash', '-c', 'set -euo pipefail;cd /opt/***/dbt/stock_analytics && dbt run --select mart_forecast_combined mart_risk_reward_scatter mart_market_regime --profiles-dir /opt/***/dbt']
[2025-12-05T19:03:16.703+0000] {subprocess.py:86} INFO - Output:
[2025-12-05T19:03:17.586+0000] {subprocess.py:93} INFO - [0m19:03:17  Running with dbt=1.11.0-rc1
[2025-12-05T19:03:17.790+0000] {subprocess.py:93} INFO - [0m19:03:17  Registered adapter: snowflake=1.10.3
[2025-12-05T19:03:18.012+0000] {subprocess.py:93} INFO - [0m19:03:18  Found 6 models, 29 data tests, 1 seed, 2 sources, 504 macros
[2025-12-05T19:03:18.013+0000] {subprocess.py:93} INFO - [0m19:03:18
[2025-12-05T19:03:18.014+0000] {subprocess.py:93} INFO - [0m19:03:18  Concurrency: 4 threads (target='dev')
[2025-12-05T19:03:18.014+0000] {subprocess.py:93} INFO - [0m19:03:18
[2025-12-05T19:03:19.910+0000] {subprocess.py:93} INFO - [0m19:03:19  1 of 3 START sql table model PUBLIC_ANALYTICS.mart_forecast_combined ........... [RUN]
[2025-12-05T19:03:19.912+0000] {subprocess.py:93} INFO - [0m19:03:19  2 of 3 START sql table model PUBLIC_ANALYTICS.mart_market_regime ............... [RUN]
[2025-12-05T19:03:19.913+0000] {subprocess.py:93} INFO - [0m19:03:19  3 of 3 START sql table model PUBLIC_ANALYTICS.mart_risk_reward_scatter ......... [RUN]
[2025-12-05T19:03:21.354+0000] {subprocess.py:93} INFO - [0m19:03:21  2 of 3 OK created sql table model PUBLIC_ANALYTICS.mart_market_regime .......... [[32mSUCCESS 1[0m in 1.44s]
[2025-12-05T19:03:21.717+0000] {subprocess.py:93} INFO - [0m19:03:21  1 of 3 OK created sql table model PUBLIC_ANALYTICS.mart_forecast_combined ...... [[32mSUCCESS 1[0m in 1.80s]
[2025-12-05T19:03:22.471+0000] {subprocess.py:93} INFO - [0m19:03:22  3 of 3 OK created sql table model PUBLIC_ANALYTICS.mart_risk_reward_scatter .... [[32mSUCCESS 1[0m in 2.56s]
[2025-12-05T19:03:23.173+0000] {subprocess.py:93} INFO - [0m19:03:23
[2025-12-05T19:03:23.175+0000] {subprocess.py:93} INFO - [0m19:03:23  Finished running 3 table models in 0 hours 0 minutes and 5.16 seconds (5.16s).
[2025-12-05T19:03:23.216+0000] {subprocess.py:93} INFO - [0m19:03:23
[2025-12-05T19:03:23.217+0000] {subprocess.py:93} INFO - [0m19:03:23  [32mCompleted successfully[0m
[2025-12-05T19:03:23.217+0000] {subprocess.py:93} INFO - [0m19:03:23
[2025-12-05T19:03:23.217+0000] {subprocess.py:93} INFO - [0m19:03:23  Done. PASS=3 WARN=0 ERROR=0 SKIP=0 NO-OP=0 TOTAL=3
[2025-12-05T19:03:23.824+0000] {subprocess.py:97} INFO - Command exited with return code 0
[2025-12-05T19:03:23.835+0000] {taskinstance.py:340} INFO - ::group::Post task execution logs
[2025-12-05T19:03:23.835+0000] {taskinstance.py:352} INFO - Marking task as SUCCESS. dag_id=elt_dbt_downstream, task_id=dbt_run_downstream, run_id=manual__2025-12-05T19:03:02.898364+00:00, execution_date=20251205T190302, start_date=20251205T190316, end_date=20251205T190323
[2025-12-05T19:03:23.867+0000] {local_task_job_runner.py:266} INFO - Task exited with return code 0
[2025-12-05T19:03:23.876+0000] {taskinstance.py:3900} INFO - 1 downstream tasks scheduled from follow-on schedule check
[2025-12-05T19:03:23.877+0000] {local_task_job_runner.py:245} INFO - ::endgroup::
