[2025-12-06T06:24:48.855+0000] {local_task_job_runner.py:123} INFO - ::group::Pre task execution logs
[2025-12-06T06:24:48.864+0000] {taskinstance.py:2612} INFO - Dependencies all met for dep_context=non-requeueable deps ti=<TaskInstance: elt_dbt_upstream.dbt_seed manual__2025-12-06T06:06:02.417741+00:00 [queued]>
[2025-12-06T06:24:48.867+0000] {taskinstance.py:2612} INFO - Dependencies all met for dep_context=requeueable deps ti=<TaskInstance: elt_dbt_upstream.dbt_seed manual__2025-12-06T06:06:02.417741+00:00 [queued]>
[2025-12-06T06:24:48.868+0000] {taskinstance.py:2865} INFO - Starting attempt 5 of 6
[2025-12-06T06:24:48.873+0000] {taskinstance.py:2888} INFO - Executing <Task(BashOperator): dbt_seed> on 2025-12-06 06:06:02.417741+00:00
[2025-12-06T06:24:48.877+0000] {standard_task_runner.py:104} INFO - Running: ['***', 'tasks', 'run', 'elt_dbt_upstream', 'dbt_seed', 'manual__2025-12-06T06:06:02.417741+00:00', '--job-id', '350', '--raw', '--subdir', 'DAGS_FOLDER/elt_dbt_upstream.py', '--cfg-path', '/tmp/tmpc09zh3tp']
[2025-12-06T06:24:48.879+0000] {standard_task_runner.py:105} INFO - Job 350: Subtask dbt_seed
[2025-12-06T06:24:48.879+0000] {logging_mixin.py:190} WARNING - /home/***/.local/lib/python3.12/site-packages/***/task/task_runner/standard_task_runner.py:70 DeprecationWarning: This process (pid=24463) is multi-threaded, use of fork() may lead to deadlocks in the child.
[2025-12-06T06:24:48.881+0000] {standard_task_runner.py:72} INFO - Started process 24464 to run task
[2025-12-06T06:24:48.903+0000] {task_command.py:467} INFO - Running <TaskInstance: elt_dbt_upstream.dbt_seed manual__2025-12-06T06:06:02.417741+00:00 [running]> on host 7c17d7f5e8b7
[2025-12-06T06:24:48.933+0000] {taskinstance.py:3131} INFO - Exporting env vars: AIRFLOW_CTX_DAG_OWNER='***' AIRFLOW_CTX_DAG_ID='elt_dbt_upstream' AIRFLOW_CTX_TASK_ID='dbt_seed' AIRFLOW_CTX_EXECUTION_DATE='2025-12-06T06:06:02.417741+00:00' AIRFLOW_CTX_TRY_NUMBER='5' AIRFLOW_CTX_DAG_RUN_ID='manual__2025-12-06T06:06:02.417741+00:00'
[2025-12-06T06:24:48.933+0000] {taskinstance.py:731} INFO - ::endgroup::
[2025-12-06T06:24:48.941+0000] {subprocess.py:63} INFO - Tmp dir root location: /tmp
[2025-12-06T06:24:48.942+0000] {subprocess.py:75} INFO - Running command: ['/usr/bin/bash', '-c', 'set -euo pipefail;cd /opt/***/dbt/stock_analytics && dbt seed --profiles-dir /opt/***/dbt']
[2025-12-06T06:24:48.945+0000] {subprocess.py:86} INFO - Output:
[2025-12-06T06:24:49.855+0000] {subprocess.py:93} INFO - [0m06:24:49  Running with dbt=1.11.0-rc1
[2025-12-06T06:24:50.033+0000] {subprocess.py:93} INFO - [0m06:24:50  Registered adapter: snowflake=1.10.3
[2025-12-06T06:24:50.300+0000] {subprocess.py:93} INFO - [0m06:24:50  [[33mWARNING[0m][MissingArgumentsPropertyInGenericTestDeprecation]: Deprecated
[2025-12-06T06:24:50.300+0000] {subprocess.py:93} INFO - functionality
[2025-12-06T06:24:50.301+0000] {subprocess.py:93} INFO - Found top-level arguments to test `accepted_values` defined on
[2025-12-06T06:24:50.301+0000] {subprocess.py:93} INFO - 'mart_risk_reward_scatter' in package 'stock_analytics'
[2025-12-06T06:24:50.301+0000] {subprocess.py:93} INFO - (models/marts/mart_risk_reward_scatter.yml). Arguments to generic tests should
[2025-12-06T06:24:50.301+0000] {subprocess.py:93} INFO - be nested under the `arguments` property.
[2025-12-06T06:24:50.515+0000] {subprocess.py:93} INFO - [0m06:24:50  Found 6 models, 30 data tests, 1 seed, 2 sources, 504 macros
[2025-12-06T06:24:50.519+0000] {subprocess.py:93} INFO - [0m06:24:50
[2025-12-06T06:24:50.521+0000] {subprocess.py:93} INFO - [0m06:24:50  Concurrency: 4 threads (target='dev')
[2025-12-06T06:24:50.521+0000] {subprocess.py:93} INFO - [0m06:24:50
[2025-12-06T06:24:53.625+0000] {subprocess.py:93} INFO - [0m06:24:53  1 of 1 START seed file PUBLIC_SEEDS.sector_metadata ............................ [RUN]
[2025-12-06T06:24:56.263+0000] {subprocess.py:93} INFO - [0m06:24:56  1 of 1 OK loaded seed file PUBLIC_SEEDS.sector_metadata ........................ [[32mINSERT 11[0m in 2.64s]
[2025-12-06T06:24:56.972+0000] {subprocess.py:93} INFO - [0m06:24:56
[2025-12-06T06:24:56.973+0000] {subprocess.py:93} INFO - [0m06:24:56  Finished running 1 seed in 0 hours 0 minutes and 6.45 seconds (6.45s).
[2025-12-06T06:24:57.011+0000] {subprocess.py:93} INFO - [0m06:24:57
[2025-12-06T06:24:57.012+0000] {subprocess.py:93} INFO - [0m06:24:57  [32mCompleted successfully[0m
[2025-12-06T06:24:57.012+0000] {subprocess.py:93} INFO - [0m06:24:57
[2025-12-06T06:24:57.012+0000] {subprocess.py:93} INFO - [0m06:24:57  Done. PASS=1 WARN=0 ERROR=0 SKIP=0 NO-OP=0 TOTAL=1
[2025-12-06T06:24:57.012+0000] {subprocess.py:93} INFO - [0m06:24:57  [[33mWARNING[0m][DeprecationsSummary]: Deprecated functionality
[2025-12-06T06:24:57.012+0000] {subprocess.py:93} INFO - Summary of encountered deprecations:
[2025-12-06T06:24:57.013+0000] {subprocess.py:93} INFO - - MissingArgumentsPropertyInGenericTestDeprecation: 1 occurrence
[2025-12-06T06:24:57.013+0000] {subprocess.py:93} INFO - To see all deprecation instances instead of just the first occurrence of each,
[2025-12-06T06:24:57.013+0000] {subprocess.py:93} INFO - run command again with the `--show-all-deprecations` flag. You may also need to
[2025-12-06T06:24:57.013+0000] {subprocess.py:93} INFO - run with `--no-partial-parse` as some deprecations are only encountered during
[2025-12-06T06:24:57.013+0000] {subprocess.py:93} INFO - parsing.
[2025-12-06T06:24:57.657+0000] {subprocess.py:97} INFO - Command exited with return code 0
[2025-12-06T06:24:57.666+0000] {taskinstance.py:340} INFO - ::group::Post task execution logs
[2025-12-06T06:24:57.666+0000] {taskinstance.py:352} INFO - Marking task as SUCCESS. dag_id=elt_dbt_upstream, task_id=dbt_seed, run_id=manual__2025-12-06T06:06:02.417741+00:00, execution_date=20251206T060602, start_date=20251206T062448, end_date=20251206T062457
[2025-12-06T06:24:57.700+0000] {local_task_job_runner.py:266} INFO - Task exited with return code 0
[2025-12-06T06:24:57.709+0000] {taskinstance.py:3900} INFO - 1 downstream tasks scheduled from follow-on schedule check
[2025-12-06T06:24:57.709+0000] {local_task_job_runner.py:245} INFO - ::endgroup::
