[2025-11-21T17:05:26.007+0000] {local_task_job_runner.py:123} INFO - ::group::Pre task execution logs
[2025-11-21T17:05:26.018+0000] {taskinstance.py:2612} INFO - Dependencies all met for dep_context=non-requeueable deps ti=<TaskInstance: elt_dbt_pipeline.wait_for_market_data_ingest scheduled__2025-11-20T03:00:00+00:00 [queued]>
[2025-11-21T17:05:26.023+0000] {taskinstance.py:2612} INFO - Dependencies all met for dep_context=requeueable deps ti=<TaskInstance: elt_dbt_pipeline.wait_for_market_data_ingest scheduled__2025-11-20T03:00:00+00:00 [queued]>
[2025-11-21T17:05:26.023+0000] {taskinstance.py:2865} INFO - Starting attempt 1 of 2
[2025-11-21T17:05:26.030+0000] {taskinstance.py:2888} INFO - Executing <Task(ExternalTaskSensor): wait_for_market_data_ingest> on 2025-11-20 03:00:00+00:00
[2025-11-21T17:05:26.035+0000] {logging_mixin.py:190} WARNING - /home/***/.local/lib/python3.12/site-packages/***/task/task_runner/standard_task_runner.py:70 DeprecationWarning: This process (pid=12920) is multi-threaded, use of fork() may lead to deadlocks in the child.
[2025-11-21T17:05:26.034+0000] {standard_task_runner.py:104} INFO - Running: ['***', 'tasks', 'run', 'elt_dbt_pipeline', 'wait_for_market_data_ingest', 'scheduled__2025-11-20T03:00:00+00:00', '--job-id', '31', '--raw', '--subdir', 'DAGS_FOLDER/elt_dbt_pipeline.py', '--cfg-path', '/tmp/tmpctifsfol']
[2025-11-21T17:05:26.035+0000] {standard_task_runner.py:72} INFO - Started process 12921 to run task
[2025-11-21T17:05:26.036+0000] {standard_task_runner.py:105} INFO - Job 31: Subtask wait_for_market_data_ingest
[2025-11-21T17:05:26.060+0000] {task_command.py:467} INFO - Running <TaskInstance: elt_dbt_pipeline.wait_for_market_data_ingest scheduled__2025-11-20T03:00:00+00:00 [running]> on host 1b75444ae0b9
[2025-11-21T17:05:26.090+0000] {taskinstance.py:3131} INFO - Exporting env vars: AIRFLOW_CTX_DAG_OWNER='***' AIRFLOW_CTX_DAG_ID='elt_dbt_pipeline' AIRFLOW_CTX_TASK_ID='wait_for_market_data_ingest' AIRFLOW_CTX_EXECUTION_DATE='2025-11-20T03:00:00+00:00' AIRFLOW_CTX_TRY_NUMBER='1' AIRFLOW_CTX_DAG_RUN_ID='scheduled__2025-11-20T03:00:00+00:00'
[2025-11-21T17:05:26.090+0000] {taskinstance.py:731} INFO - ::endgroup::
[2025-11-21T17:05:26.097+0000] {baseoperator.py:405} WARNING - ExternalTaskSensor.execute cannot be called outside TaskInstance!
[2025-11-21T17:05:26.098+0000] {external_task.py:274} INFO - Poking for DAG 'market_data_ingest' on 2025-11-20T03:00:00+00:00 ... 
[2025-11-21T17:05:26.098+0000] {logging_mixin.py:190} WARNING - /home/***/.local/lib/python3.12/site-packages/***/utils/session.py:97 DeprecationWarning: This method is deprecated and will be removed in future.
[2025-11-21T17:06:26.104+0000] {external_task.py:274} INFO - Poking for DAG 'market_data_ingest' on 2025-11-20T03:00:00+00:00 ... 
[2025-11-21T17:07:26.130+0000] {external_task.py:274} INFO - Poking for DAG 'market_data_ingest' on 2025-11-20T03:00:00+00:00 ... 
[2025-11-21T17:08:26.151+0000] {external_task.py:274} INFO - Poking for DAG 'market_data_ingest' on 2025-11-20T03:00:00+00:00 ... 
[2025-11-21T17:09:26.170+0000] {external_task.py:274} INFO - Poking for DAG 'market_data_ingest' on 2025-11-20T03:00:00+00:00 ... 
[2025-11-21T17:10:26.198+0000] {external_task.py:274} INFO - Poking for DAG 'market_data_ingest' on 2025-11-20T03:00:00+00:00 ... 
[2025-11-21T17:11:26.218+0000] {external_task.py:274} INFO - Poking for DAG 'market_data_ingest' on 2025-11-20T03:00:00+00:00 ... 
[2025-11-21T17:12:26.234+0000] {external_task.py:274} INFO - Poking for DAG 'market_data_ingest' on 2025-11-20T03:00:00+00:00 ... 
[2025-11-21T17:13:26.249+0000] {external_task.py:274} INFO - Poking for DAG 'market_data_ingest' on 2025-11-20T03:00:00+00:00 ... 
[2025-11-21T17:14:26.272+0000] {external_task.py:274} INFO - Poking for DAG 'market_data_ingest' on 2025-11-20T03:00:00+00:00 ... 
[2025-11-21T17:15:26.295+0000] {external_task.py:274} INFO - Poking for DAG 'market_data_ingest' on 2025-11-20T03:00:00+00:00 ... 
[2025-11-21T17:16:26.313+0000] {external_task.py:274} INFO - Poking for DAG 'market_data_ingest' on 2025-11-20T03:00:00+00:00 ... 
[2025-11-21T17:17:26.333+0000] {external_task.py:274} INFO - Poking for DAG 'market_data_ingest' on 2025-11-20T03:00:00+00:00 ... 
[2025-11-21T17:18:26.355+0000] {external_task.py:274} INFO - Poking for DAG 'market_data_ingest' on 2025-11-20T03:00:00+00:00 ... 
[2025-11-21T17:19:26.375+0000] {external_task.py:274} INFO - Poking for DAG 'market_data_ingest' on 2025-11-20T03:00:00+00:00 ... 
[2025-11-21T17:20:26.390+0000] {external_task.py:274} INFO - Poking for DAG 'market_data_ingest' on 2025-11-20T03:00:00+00:00 ... 
[2025-11-21T17:21:26.410+0000] {external_task.py:274} INFO - Poking for DAG 'market_data_ingest' on 2025-11-20T03:00:00+00:00 ... 
[2025-11-21T17:22:16.145+0000] {local_task_job_runner.py:127} ERROR - Received SIGTERM. Terminating subprocesses
[2025-11-21T17:22:16.159+0000] {process_utils.py:132} INFO - Sending 15 to group 12921. PIDs of all processes in the group: [12921]
[2025-11-21T17:22:16.160+0000] {process_utils.py:87} INFO - Sending the signal 15 to group 12921
[2025-11-21T17:22:16.161+0000] {taskinstance.py:3092} ERROR - Received SIGTERM. Terminating subprocesses.
[2025-11-21T17:22:16.171+0000] {local_task_job_runner.py:127} ERROR - Received SIGTERM. Terminating subprocesses
[2025-11-21T23:12:00.312+0000] {local_task_job_runner.py:123} INFO - ::group::Pre task execution logs
[2025-11-21T23:12:00.320+0000] {taskinstance.py:2612} INFO - Dependencies all met for dep_context=non-requeueable deps ti=<TaskInstance: elt_dbt_pipeline.wait_for_market_data_ingest scheduled__2025-11-20T03:00:00+00:00 [queued]>
[2025-11-21T23:12:00.322+0000] {taskinstance.py:2612} INFO - Dependencies all met for dep_context=requeueable deps ti=<TaskInstance: elt_dbt_pipeline.wait_for_market_data_ingest scheduled__2025-11-20T03:00:00+00:00 [queued]>
[2025-11-21T23:12:00.323+0000] {taskinstance.py:2865} INFO - Starting attempt 1 of 2
[2025-11-21T23:12:00.327+0000] {taskinstance.py:2888} INFO - Executing <Task(ExternalTaskSensor): wait_for_market_data_ingest> on 2025-11-20 03:00:00+00:00
[2025-11-21T23:12:00.330+0000] {standard_task_runner.py:104} INFO - Running: ['***', 'tasks', 'run', 'elt_dbt_pipeline', 'wait_for_market_data_ingest', 'scheduled__2025-11-20T03:00:00+00:00', '--job-id', '8', '--raw', '--subdir', 'DAGS_FOLDER/elt_dbt_pipeline.py', '--cfg-path', '/tmp/tmp1i6ljmde']
[2025-11-21T23:12:00.332+0000] {standard_task_runner.py:105} INFO - Job 8: Subtask wait_for_market_data_ingest
[2025-11-21T23:12:00.331+0000] {logging_mixin.py:190} WARNING - /home/***/.local/lib/python3.12/site-packages/***/task/task_runner/standard_task_runner.py:70 DeprecationWarning: This process (pid=505) is multi-threaded, use of fork() may lead to deadlocks in the child.
[2025-11-21T23:12:00.332+0000] {standard_task_runner.py:72} INFO - Started process 508 to run task
[2025-11-21T23:12:00.355+0000] {task_command.py:467} INFO - Running <TaskInstance: elt_dbt_pipeline.wait_for_market_data_ingest scheduled__2025-11-20T03:00:00+00:00 [running]> on host 082386e15b60
[2025-11-21T23:12:00.390+0000] {taskinstance.py:3131} INFO - Exporting env vars: AIRFLOW_CTX_DAG_OWNER='***' AIRFLOW_CTX_DAG_ID='elt_dbt_pipeline' AIRFLOW_CTX_TASK_ID='wait_for_market_data_ingest' AIRFLOW_CTX_EXECUTION_DATE='2025-11-20T03:00:00+00:00' AIRFLOW_CTX_TRY_NUMBER='1' AIRFLOW_CTX_DAG_RUN_ID='scheduled__2025-11-20T03:00:00+00:00'
[2025-11-21T23:12:00.390+0000] {taskinstance.py:731} INFO - ::endgroup::
[2025-11-21T23:12:00.396+0000] {baseoperator.py:405} WARNING - ExternalTaskSensor.execute cannot be called outside TaskInstance!
[2025-11-21T23:12:00.397+0000] {external_task.py:274} INFO - Poking for DAG 'market_data_ingest' on 2025-11-20T03:00:00+00:00 ... 
[2025-11-21T23:12:00.398+0000] {logging_mixin.py:190} WARNING - /home/***/.local/lib/python3.12/site-packages/***/utils/session.py:97 DeprecationWarning: This method is deprecated and will be removed in future.
[2025-11-21T23:13:00.405+0000] {external_task.py:274} INFO - Poking for DAG 'market_data_ingest' on 2025-11-20T03:00:00+00:00 ... 
[2025-11-21T23:14:00.426+0000] {external_task.py:274} INFO - Poking for DAG 'market_data_ingest' on 2025-11-20T03:00:00+00:00 ... 
[2025-11-21T23:15:00.458+0000] {external_task.py:274} INFO - Poking for DAG 'market_data_ingest' on 2025-11-20T03:00:00+00:00 ... 
[2025-11-21T23:16:00.485+0000] {external_task.py:274} INFO - Poking for DAG 'market_data_ingest' on 2025-11-20T03:00:00+00:00 ... 
[2025-11-21T23:17:00.507+0000] {external_task.py:274} INFO - Poking for DAG 'market_data_ingest' on 2025-11-20T03:00:00+00:00 ... 
[2025-11-21T23:18:00.536+0000] {external_task.py:274} INFO - Poking for DAG 'market_data_ingest' on 2025-11-20T03:00:00+00:00 ... 
[2025-11-21T23:19:00.567+0000] {external_task.py:274} INFO - Poking for DAG 'market_data_ingest' on 2025-11-20T03:00:00+00:00 ... 
[2025-11-21T23:20:00.592+0000] {external_task.py:274} INFO - Poking for DAG 'market_data_ingest' on 2025-11-20T03:00:00+00:00 ... 
[2025-11-21T23:21:00.614+0000] {external_task.py:274} INFO - Poking for DAG 'market_data_ingest' on 2025-11-20T03:00:00+00:00 ... 
[2025-11-21T23:22:00.636+0000] {external_task.py:274} INFO - Poking for DAG 'market_data_ingest' on 2025-11-20T03:00:00+00:00 ... 
[2025-11-21T23:22:15.502+0000] {local_task_job_runner.py:346} WARNING - State of this instance has been externally set to failed. Terminating instance.
[2025-11-21T23:22:15.503+0000] {local_task_job_runner.py:245} INFO - ::endgroup::
[2025-11-21T23:22:15.505+0000] {process_utils.py:132} INFO - Sending 15 to group 508. PIDs of all processes in the group: [508]
[2025-11-21T23:22:15.508+0000] {process_utils.py:87} INFO - Sending the signal 15 to group 508
[2025-11-21T23:22:15.508+0000] {taskinstance.py:3092} ERROR - Received SIGTERM. Terminating subprocesses.
[2025-11-21T23:22:15.518+0000] {taskinstance.py:340} INFO - ::group::Post task execution logs
[2025-11-21T23:22:15.526+0000] {process_utils.py:80} INFO - Process psutil.Process(pid=508, status='terminated', exitcode=0, started='23:11:59') (508) terminated with exit code 0
