[2025-12-06T01:27:39.106+0000] {local_task_job_runner.py:123} INFO - ::group::Pre task execution logs
[2025-12-06T01:27:39.113+0000] {taskinstance.py:2612} INFO - Dependencies all met for dep_context=non-requeueable deps ti=<TaskInstance: elt_dbt_downstream.wait_for_TrainPredict manual__2025-12-06T01:27:38.402091+00:00 [queued]>
[2025-12-06T01:27:39.116+0000] {taskinstance.py:2612} INFO - Dependencies all met for dep_context=requeueable deps ti=<TaskInstance: elt_dbt_downstream.wait_for_TrainPredict manual__2025-12-06T01:27:38.402091+00:00 [queued]>
[2025-12-06T01:27:39.116+0000] {taskinstance.py:2865} INFO - Starting attempt 1 of 2
[2025-12-06T01:27:39.120+0000] {taskinstance.py:2888} INFO - Executing <Task(ExternalTaskSensor): wait_for_TrainPredict> on 2025-12-06 01:27:38.402091+00:00
[2025-12-06T01:27:39.124+0000] {logging_mixin.py:190} WARNING - /home/***/.local/lib/python3.12/site-packages/***/task/task_runner/standard_task_runner.py:70 DeprecationWarning: This process (pid=15457) is multi-threaded, use of fork() may lead to deadlocks in the child.
[2025-12-06T01:27:39.125+0000] {standard_task_runner.py:72} INFO - Started process 15458 to run task
[2025-12-06T01:27:39.124+0000] {standard_task_runner.py:104} INFO - Running: ['***', 'tasks', 'run', 'elt_dbt_downstream', 'wait_for_TrainPredict', 'manual__2025-12-06T01:27:38.402091+00:00', '--job-id', '282', '--raw', '--subdir', 'DAGS_FOLDER/elt_dbt_downstream.py', '--cfg-path', '/tmp/tmpg732klf3']
[2025-12-06T01:27:39.125+0000] {standard_task_runner.py:105} INFO - Job 282: Subtask wait_for_TrainPredict
[2025-12-06T01:27:39.141+0000] {task_command.py:467} INFO - Running <TaskInstance: elt_dbt_downstream.wait_for_TrainPredict manual__2025-12-06T01:27:38.402091+00:00 [running]> on host 7c17d7f5e8b7
[2025-12-06T01:27:39.170+0000] {taskinstance.py:3131} INFO - Exporting env vars: AIRFLOW_CTX_DAG_OWNER='***' AIRFLOW_CTX_DAG_ID='elt_dbt_downstream' AIRFLOW_CTX_TASK_ID='wait_for_TrainPredict' AIRFLOW_CTX_EXECUTION_DATE='2025-12-06T01:27:38.402091+00:00' AIRFLOW_CTX_TRY_NUMBER='1' AIRFLOW_CTX_DAG_RUN_ID='manual__2025-12-06T01:27:38.402091+00:00'
[2025-12-06T01:27:39.171+0000] {taskinstance.py:731} INFO - ::endgroup::
[2025-12-06T01:27:39.177+0000] {baseoperator.py:405} WARNING - ExternalTaskSensor.execute cannot be called outside TaskInstance!
[2025-12-06T01:27:39.177+0000] {external_task.py:274} INFO - Poking for DAG 'TrainPredict' on 2025-12-06T00:57:38.402091+00:00 ... 
[2025-12-06T01:27:39.178+0000] {logging_mixin.py:190} WARNING - /home/***/.local/lib/python3.12/site-packages/***/utils/session.py:97 DeprecationWarning: This method is deprecated and will be removed in future.
[2025-12-06T01:28:39.189+0000] {external_task.py:274} INFO - Poking for DAG 'TrainPredict' on 2025-12-06T00:57:38.402091+00:00 ... 
[2025-12-06T01:29:39.209+0000] {external_task.py:274} INFO - Poking for DAG 'TrainPredict' on 2025-12-06T00:57:38.402091+00:00 ... 
[2025-12-06T01:30:39.230+0000] {external_task.py:274} INFO - Poking for DAG 'TrainPredict' on 2025-12-06T00:57:38.402091+00:00 ... 
[2025-12-06T01:31:39.260+0000] {external_task.py:274} INFO - Poking for DAG 'TrainPredict' on 2025-12-06T00:57:38.402091+00:00 ... 
[2025-12-06T01:35:16.891+0000] {job.py:229} INFO - Heartbeat recovered after 185.51 seconds
[2025-12-06T01:35:39.740+0000] {external_task.py:274} INFO - Poking for DAG 'TrainPredict' on 2025-12-06T00:57:38.402091+00:00 ... 
[2025-12-06T01:36:39.768+0000] {external_task.py:274} INFO - Poking for DAG 'TrainPredict' on 2025-12-06T00:57:38.402091+00:00 ... 
[2025-12-06T01:51:22.649+0000] {job.py:229} INFO - Heartbeat recovered after 849.65 seconds
[2025-12-06T01:51:27.711+0000] {local_task_job_runner.py:346} WARNING - State of this instance has been externally set to up_for_retry. Terminating instance.
[2025-12-06T01:51:27.712+0000] {local_task_job_runner.py:245} INFO - ::endgroup::
[2025-12-06T01:51:27.713+0000] {process_utils.py:132} INFO - Sending 15 to group 15458. PIDs of all processes in the group: [15458]
[2025-12-06T01:51:27.714+0000] {process_utils.py:87} INFO - Sending the signal 15 to group 15458
[2025-12-06T01:51:27.715+0000] {taskinstance.py:3092} ERROR - Received SIGTERM. Terminating subprocesses.
[2025-12-06T01:51:27.741+0000] {taskinstance.py:3310} ERROR - Task failed with exception
Traceback (most recent call last):
  File "/home/airflow/.local/lib/python3.12/site-packages/airflow/models/taskinstance.py", line 767, in _execute_task
    result = _execute_callable(context=context, **execute_callable_kwargs)
             ^^^^^^^^^^^^^^^^^^^^^^^^^^^^^^^^^^^^^^^^^^^^^^^^^^^^^^^^^^^^^
  File "/home/airflow/.local/lib/python3.12/site-packages/airflow/models/taskinstance.py", line 733, in _execute_callable
    return ExecutionCallableRunner(
           ^^^^^^^^^^^^^^^^^^^^^^^^
  File "/home/airflow/.local/lib/python3.12/site-packages/airflow/utils/operator_helpers.py", line 252, in run
    return self.func(*args, **kwargs)
           ^^^^^^^^^^^^^^^^^^^^^^^^^^
  File "/home/airflow/.local/lib/python3.12/site-packages/airflow/models/baseoperator.py", line 406, in wrapper
    return func(self, *args, **kwargs)
           ^^^^^^^^^^^^^^^^^^^^^^^^^^^
  File "/home/airflow/.local/lib/python3.12/site-packages/airflow/sensors/external_task.py", line 348, in execute
    super().execute(context)
  File "/home/airflow/.local/lib/python3.12/site-packages/airflow/models/baseoperator.py", line 406, in wrapper
    return func(self, *args, **kwargs)
           ^^^^^^^^^^^^^^^^^^^^^^^^^^^
  File "/home/airflow/.local/lib/python3.12/site-packages/airflow/sensors/base.py", line 334, in execute
    time.sleep(self._get_next_poke_interval(started_at, run_duration, poke_count))
  File "/home/airflow/.local/lib/python3.12/site-packages/airflow/models/taskinstance.py", line 3094, in signal_handler
    raise AirflowTaskTerminated("Task received SIGTERM signal")
airflow.exceptions.AirflowTaskTerminated: Task received SIGTERM signal
[2025-12-06T01:51:27.750+0000] {taskinstance.py:1225} INFO - Marking task as UP_FOR_RETRY. dag_id=elt_dbt_downstream, task_id=wait_for_TrainPredict, run_id=manual__2025-12-06T01:27:38.402091+00:00, execution_date=20251206T012738, start_date=20251206T012739, end_date=20251206T015127
[2025-12-06T01:51:27.763+0000] {taskinstance.py:340} INFO - ::group::Post task execution logs
[2025-12-06T01:51:27.776+0000] {process_utils.py:80} INFO - Process psutil.Process(pid=15458, status='terminated', exitcode=2, started='01:27:38') (15458) terminated with exit code 2
