[2025-12-02T22:50:54.498+0000] {local_task_job_runner.py:123} INFO - ::group::Pre task execution logs
[2025-12-02T22:50:54.503+0000] {taskinstance.py:2612} INFO - Dependencies all met for dep_context=non-requeueable deps ti=<TaskInstance: elt_dbt_upstream.dbt_run_upstream manual__2025-12-02T22:49:59.864315+00:00 [queued]>
[2025-12-02T22:50:54.506+0000] {taskinstance.py:2612} INFO - Dependencies all met for dep_context=requeueable deps ti=<TaskInstance: elt_dbt_upstream.dbt_run_upstream manual__2025-12-02T22:49:59.864315+00:00 [queued]>
[2025-12-02T22:50:54.506+0000] {taskinstance.py:2865} INFO - Starting attempt 1 of 2
[2025-12-02T22:50:54.510+0000] {taskinstance.py:2888} INFO - Executing <Task(BashOperator): dbt_run_upstream> on 2025-12-02 22:49:59.864315+00:00
[2025-12-02T22:50:54.513+0000] {standard_task_runner.py:104} INFO - Running: ['***', 'tasks', 'run', 'elt_dbt_upstream', 'dbt_run_upstream', 'manual__2025-12-02T22:49:59.864315+00:00', '--job-id', '150', '--raw', '--subdir', 'DAGS_FOLDER/elt_dbt_upstream.py', '--cfg-path', '/tmp/tmpguzmhbh0']
[2025-12-02T22:50:54.514+0000] {standard_task_runner.py:105} INFO - Job 150: Subtask dbt_run_upstream
[2025-12-02T22:50:54.514+0000] {logging_mixin.py:190} WARNING - /home/***/.local/lib/python3.12/site-packages/***/task/task_runner/standard_task_runner.py:70 DeprecationWarning: This process (pid=363) is multi-threaded, use of fork() may lead to deadlocks in the child.
[2025-12-02T22:50:54.515+0000] {standard_task_runner.py:72} INFO - Started process 364 to run task
[2025-12-02T22:50:54.528+0000] {task_command.py:467} INFO - Running <TaskInstance: elt_dbt_upstream.dbt_run_upstream manual__2025-12-02T22:49:59.864315+00:00 [running]> on host 3a991512098d
[2025-12-02T22:50:54.553+0000] {taskinstance.py:3131} INFO - Exporting env vars: AIRFLOW_CTX_DAG_OWNER='***' AIRFLOW_CTX_DAG_ID='elt_dbt_upstream' AIRFLOW_CTX_TASK_ID='dbt_run_upstream' AIRFLOW_CTX_EXECUTION_DATE='2025-12-02T22:49:59.864315+00:00' AIRFLOW_CTX_TRY_NUMBER='1' AIRFLOW_CTX_DAG_RUN_ID='manual__2025-12-02T22:49:59.864315+00:00'
[2025-12-02T22:50:54.553+0000] {taskinstance.py:731} INFO - ::endgroup::
[2025-12-02T22:50:54.559+0000] {subprocess.py:63} INFO - Tmp dir root location: /tmp
[2025-12-02T22:50:54.559+0000] {subprocess.py:75} INFO - Running command: ['/usr/bin/bash', '-c', 'set -euo pipefail;cd /opt/***/dbt/stock_analytics && dbt run --select +mart_sector_volatility --profiles-dir /opt/***/dbt']
[2025-12-02T22:50:54.562+0000] {subprocess.py:86} INFO - Output:
[2025-12-02T22:50:55.412+0000] {subprocess.py:93} INFO - [0m22:50:55  Running with dbt=1.11.0-rc1
[2025-12-02T22:50:55.580+0000] {subprocess.py:93} INFO - [0m22:50:55  Registered adapter: snowflake=1.10.3
[2025-12-02T22:50:55.792+0000] {subprocess.py:93} INFO - [0m22:50:55  Found 6 models, 30 data tests, 1 seed, 2 sources, 504 macros
[2025-12-02T22:50:55.793+0000] {subprocess.py:93} INFO - [0m22:50:55
[2025-12-02T22:50:55.794+0000] {subprocess.py:93} INFO - [0m22:50:55  Concurrency: 4 threads (target='dev')
[2025-12-02T22:50:55.794+0000] {subprocess.py:93} INFO - [0m22:50:55
[2025-12-02T22:50:57.120+0000] {subprocess.py:93} INFO - [0m22:50:57  1 of 3 START sql view model PUBLIC_STAGING.stg_market_data ..................... [RUN]
[2025-12-02T22:50:57.586+0000] {subprocess.py:93} INFO - [0m22:50:57  1 of 3 OK created sql view model PUBLIC_STAGING.stg_market_data ................ [[32mSUCCESS 1[0m in 0.46s]
[2025-12-02T22:50:57.588+0000] {subprocess.py:93} INFO - [0m22:50:57  2 of 3 START sql view model PUBLIC_INTERMEDIATE.int_daily_returns .............. [RUN]
[2025-12-02T22:50:57.973+0000] {subprocess.py:93} INFO - [0m22:50:57  2 of 3 OK created sql view model PUBLIC_INTERMEDIATE.int_daily_returns ......... [[32mSUCCESS 1[0m in 0.38s]
[2025-12-02T22:50:57.977+0000] {subprocess.py:93} INFO - [0m22:50:57  3 of 3 START sql table model PUBLIC_ANALYTICS.mart_sector_volatility ........... [RUN]
[2025-12-02T22:50:59.408+0000] {subprocess.py:93} INFO - [0m22:50:59  3 of 3 OK created sql table model PUBLIC_ANALYTICS.mart_sector_volatility ...... [[32mSUCCESS 1[0m in 1.43s]
[2025-12-02T22:50:59.943+0000] {subprocess.py:93} INFO - [0m22:50:59
[2025-12-02T22:50:59.944+0000] {subprocess.py:93} INFO - [0m22:50:59  Finished running 1 table model, 2 view models in 0 hours 0 minutes and 4.15 seconds (4.15s).
[2025-12-02T22:50:59.984+0000] {subprocess.py:93} INFO - [0m22:50:59
[2025-12-02T22:50:59.985+0000] {subprocess.py:93} INFO - [0m22:50:59  [32mCompleted successfully[0m
[2025-12-02T22:50:59.985+0000] {subprocess.py:93} INFO - [0m22:50:59
[2025-12-02T22:50:59.985+0000] {subprocess.py:93} INFO - [0m22:50:59  Done. PASS=3 WARN=0 ERROR=0 SKIP=0 NO-OP=0 TOTAL=3
[2025-12-02T22:51:00.531+0000] {subprocess.py:97} INFO - Command exited with return code 0
[2025-12-02T22:51:00.542+0000] {taskinstance.py:340} INFO - ::group::Post task execution logs
[2025-12-02T22:51:00.542+0000] {taskinstance.py:352} INFO - Marking task as SUCCESS. dag_id=elt_dbt_upstream, task_id=dbt_run_upstream, run_id=manual__2025-12-02T22:49:59.864315+00:00, execution_date=20251202T224959, start_date=20251202T225054, end_date=20251202T225100
[2025-12-02T22:51:00.577+0000] {local_task_job_runner.py:266} INFO - Task exited with return code 0
[2025-12-02T22:51:00.586+0000] {taskinstance.py:3900} INFO - 1 downstream tasks scheduled from follow-on schedule check
[2025-12-02T22:51:00.586+0000] {local_task_job_runner.py:245} INFO - ::endgroup::
