[2025-12-08T03:00:09.641+0000] {local_task_job_runner.py:123} INFO - ::group::Pre task execution logs
[2025-12-08T03:00:09.647+0000] {taskinstance.py:2612} INFO - Dependencies all met for dep_context=non-requeueable deps ti=<TaskInstance: elt_dbt_upstream.dbt_run_upstream scheduled__2025-12-07T03:00:00+00:00 [queued]>
[2025-12-08T03:00:09.650+0000] {taskinstance.py:2612} INFO - Dependencies all met for dep_context=requeueable deps ti=<TaskInstance: elt_dbt_upstream.dbt_run_upstream scheduled__2025-12-07T03:00:00+00:00 [queued]>
[2025-12-08T03:00:09.651+0000] {taskinstance.py:2865} INFO - Starting attempt 1 of 2
[2025-12-08T03:00:09.655+0000] {taskinstance.py:2888} INFO - Executing <Task(BashOperator): dbt_run_upstream> on 2025-12-07 03:00:00+00:00
[2025-12-08T03:00:09.658+0000] {standard_task_runner.py:104} INFO - Running: ['***', 'tasks', 'run', 'elt_dbt_upstream', 'dbt_run_upstream', 'scheduled__2025-12-07T03:00:00+00:00', '--job-id', '387', '--raw', '--subdir', 'DAGS_FOLDER/elt_dbt_upstream.py', '--cfg-path', '/tmp/tmpwcz_o01u']
[2025-12-08T03:00:09.660+0000] {standard_task_runner.py:105} INFO - Job 387: Subtask dbt_run_upstream
[2025-12-08T03:00:09.660+0000] {logging_mixin.py:190} WARNING - /home/***/.local/lib/python3.12/site-packages/***/task/task_runner/standard_task_runner.py:70 DeprecationWarning: This process (pid=65483) is multi-threaded, use of fork() may lead to deadlocks in the child.
[2025-12-08T03:00:09.661+0000] {standard_task_runner.py:72} INFO - Started process 65484 to run task
[2025-12-08T03:00:09.677+0000] {task_command.py:467} INFO - Running <TaskInstance: elt_dbt_upstream.dbt_run_upstream scheduled__2025-12-07T03:00:00+00:00 [running]> on host 7c17d7f5e8b7
[2025-12-08T03:00:09.707+0000] {taskinstance.py:3131} INFO - Exporting env vars: AIRFLOW_CTX_DAG_OWNER='***' AIRFLOW_CTX_DAG_ID='elt_dbt_upstream' AIRFLOW_CTX_TASK_ID='dbt_run_upstream' AIRFLOW_CTX_EXECUTION_DATE='2025-12-07T03:00:00+00:00' AIRFLOW_CTX_TRY_NUMBER='1' AIRFLOW_CTX_DAG_RUN_ID='scheduled__2025-12-07T03:00:00+00:00'
[2025-12-08T03:00:09.707+0000] {taskinstance.py:731} INFO - ::endgroup::
[2025-12-08T03:00:09.713+0000] {subprocess.py:63} INFO - Tmp dir root location: /tmp
[2025-12-08T03:00:09.713+0000] {subprocess.py:75} INFO - Running command: ['/usr/bin/bash', '-c', 'set -euo pipefail;cd /opt/***/dbt/stock_analytics && dbt run --select +mart_sector_volatility --profiles-dir /opt/***/dbt']
[2025-12-08T03:00:09.717+0000] {subprocess.py:86} INFO - Output:
[2025-12-08T03:00:10.758+0000] {subprocess.py:93} INFO - [0m03:00:10  Running with dbt=1.11.0-rc1
[2025-12-08T03:00:10.947+0000] {subprocess.py:93} INFO - [0m03:00:10  Registered adapter: snowflake=1.10.3
[2025-12-08T03:00:11.202+0000] {subprocess.py:93} INFO - [0m03:00:11  Found 6 models, 30 data tests, 1 seed, 2 sources, 504 macros
[2025-12-08T03:00:11.204+0000] {subprocess.py:93} INFO - [0m03:00:11
[2025-12-08T03:00:11.205+0000] {subprocess.py:93} INFO - [0m03:00:11  Concurrency: 4 threads (target='dev')
[2025-12-08T03:00:11.205+0000] {subprocess.py:93} INFO - [0m03:00:11
[2025-12-08T03:00:12.739+0000] {subprocess.py:93} INFO - [0m03:00:12  1 of 3 START sql view model PUBLIC_STAGING.stg_market_data ..................... [RUN]
[2025-12-08T03:00:13.323+0000] {subprocess.py:93} INFO - [0m03:00:13  1 of 3 OK created sql view model PUBLIC_STAGING.stg_market_data ................ [[32mSUCCESS 1[0m in 0.58s]
[2025-12-08T03:00:13.325+0000] {subprocess.py:93} INFO - [0m03:00:13  2 of 3 START sql view model PUBLIC_INTERMEDIATE.int_daily_returns .............. [RUN]
[2025-12-08T03:00:13.723+0000] {subprocess.py:93} INFO - [0m03:00:13  2 of 3 OK created sql view model PUBLIC_INTERMEDIATE.int_daily_returns ......... [[32mSUCCESS 1[0m in 0.40s]
[2025-12-08T03:00:13.724+0000] {subprocess.py:93} INFO - [0m03:00:13  3 of 3 START sql table model PUBLIC_ANALYTICS.mart_sector_volatility ........... [RUN]
[2025-12-08T03:00:18.441+0000] {subprocess.py:93} INFO - [0m03:00:18  3 of 3 OK created sql table model PUBLIC_ANALYTICS.mart_sector_volatility ...... [[32mSUCCESS 1[0m in 4.71s]
[2025-12-08T03:00:18.927+0000] {subprocess.py:93} INFO - [0m03:00:18
[2025-12-08T03:00:18.928+0000] {subprocess.py:93} INFO - [0m03:00:18  Finished running 1 table model, 2 view models in 0 hours 0 minutes and 7.72 seconds (7.72s).
[2025-12-08T03:00:18.962+0000] {subprocess.py:93} INFO - [0m03:00:18
[2025-12-08T03:00:18.962+0000] {subprocess.py:93} INFO - [0m03:00:18  [32mCompleted successfully[0m
[2025-12-08T03:00:18.962+0000] {subprocess.py:93} INFO - [0m03:00:18
[2025-12-08T03:00:18.963+0000] {subprocess.py:93} INFO - [0m03:00:18  Done. PASS=3 WARN=0 ERROR=0 SKIP=0 NO-OP=0 TOTAL=3
[2025-12-08T03:00:19.560+0000] {subprocess.py:97} INFO - Command exited with return code 0
[2025-12-08T03:00:19.576+0000] {taskinstance.py:340} INFO - ::group::Post task execution logs
[2025-12-08T03:00:19.576+0000] {taskinstance.py:352} INFO - Marking task as SUCCESS. dag_id=elt_dbt_upstream, task_id=dbt_run_upstream, run_id=scheduled__2025-12-07T03:00:00+00:00, execution_date=20251207T030000, start_date=20251208T030009, end_date=20251208T030019
[2025-12-08T03:00:19.602+0000] {local_task_job_runner.py:266} INFO - Task exited with return code 0
[2025-12-08T03:00:19.612+0000] {taskinstance.py:3900} INFO - 1 downstream tasks scheduled from follow-on schedule check
[2025-12-08T03:00:19.613+0000] {local_task_job_runner.py:245} INFO - ::endgroup::
