[2025-11-23T06:13:20.825+0000] {local_task_job_runner.py:123} INFO - ::group::Pre task execution logs
[2025-11-23T06:13:20.837+0000] {taskinstance.py:2612} INFO - Dependencies all met for dep_context=non-requeueable deps ti=<TaskInstance: elt_dbt_downstream.dbt_run_downstream scheduled__2025-11-22T04:00:00+00:00 [queued]>
[2025-11-23T06:13:20.841+0000] {taskinstance.py:2612} INFO - Dependencies all met for dep_context=requeueable deps ti=<TaskInstance: elt_dbt_downstream.dbt_run_downstream scheduled__2025-11-22T04:00:00+00:00 [queued]>
[2025-11-23T06:13:20.841+0000] {taskinstance.py:2865} INFO - Starting attempt 1 of 2
[2025-11-23T06:13:20.847+0000] {taskinstance.py:2888} INFO - Executing <Task(BashOperator): dbt_run_downstream> on 2025-11-22 04:00:00+00:00
[2025-11-23T06:13:20.854+0000] {logging_mixin.py:190} WARNING - /home/***/.local/lib/python3.12/site-packages/***/task/task_runner/standard_task_runner.py:70 DeprecationWarning: This process (pid=4683) is multi-threaded, use of fork() may lead to deadlocks in the child.
[2025-11-23T06:13:20.853+0000] {standard_task_runner.py:104} INFO - Running: ['***', 'tasks', 'run', 'elt_dbt_downstream', 'dbt_run_downstream', 'scheduled__2025-11-22T04:00:00+00:00', '--job-id', '36', '--raw', '--subdir', 'DAGS_FOLDER/elt_dbt_downstream.py', '--cfg-path', '/tmp/tmpp8v1by7z']
[2025-11-23T06:13:20.854+0000] {standard_task_runner.py:105} INFO - Job 36: Subtask dbt_run_downstream
[2025-11-23T06:13:20.854+0000] {standard_task_runner.py:72} INFO - Started process 4684 to run task
[2025-11-23T06:13:20.873+0000] {task_command.py:467} INFO - Running <TaskInstance: elt_dbt_downstream.dbt_run_downstream scheduled__2025-11-22T04:00:00+00:00 [running]> on host fdac057bd921
[2025-11-23T06:13:20.905+0000] {taskinstance.py:3131} INFO - Exporting env vars: AIRFLOW_CTX_DAG_OWNER='***' AIRFLOW_CTX_DAG_ID='elt_dbt_downstream' AIRFLOW_CTX_TASK_ID='dbt_run_downstream' AIRFLOW_CTX_EXECUTION_DATE='2025-11-22T04:00:00+00:00' AIRFLOW_CTX_TRY_NUMBER='1' AIRFLOW_CTX_DAG_RUN_ID='scheduled__2025-11-22T04:00:00+00:00'
[2025-11-23T06:13:20.906+0000] {taskinstance.py:731} INFO - ::endgroup::
[2025-11-23T06:13:20.919+0000] {subprocess.py:63} INFO - Tmp dir root location: /tmp
[2025-11-23T06:13:20.920+0000] {subprocess.py:75} INFO - Running command: ['/usr/bin/bash', '-c', 'set -euo pipefail;cd /opt/***/dbt/stock_analytics && dbt run --select mart_forecast_combined mart_risk_reward_scatter mart_market_regime --profiles-dir /opt/***/dbt']
[2025-11-23T06:13:20.925+0000] {subprocess.py:86} INFO - Output:
[2025-11-23T06:13:21.847+0000] {subprocess.py:93} INFO - [0m06:13:21  Running with dbt=1.11.0-rc1
[2025-11-23T06:13:22.017+0000] {subprocess.py:93} INFO - [0m06:13:22  Registered adapter: snowflake=1.10.3
[2025-11-23T06:13:22.227+0000] {subprocess.py:93} INFO - [0m06:13:22  Found 6 models, 20 data tests, 2 sources, 504 macros
[2025-11-23T06:13:22.229+0000] {subprocess.py:93} INFO - [0m06:13:22
[2025-11-23T06:13:22.229+0000] {subprocess.py:93} INFO - [0m06:13:22  Concurrency: 4 threads (target='dev')
[2025-11-23T06:13:22.229+0000] {subprocess.py:93} INFO - [0m06:13:22
[2025-11-23T06:13:23.477+0000] {subprocess.py:93} INFO - [0m06:13:23  1 of 3 START sql table model PUBLIC_ANALYTICS.mart_forecast_combined ........... [RUN]
[2025-11-23T06:13:23.478+0000] {subprocess.py:93} INFO - [0m06:13:23  2 of 3 START sql table model PUBLIC_ANALYTICS.mart_market_regime ............... [RUN]
[2025-11-23T06:13:23.479+0000] {subprocess.py:93} INFO - [0m06:13:23  3 of 3 START sql table model PUBLIC_ANALYTICS.mart_risk_reward_scatter ......... [RUN]
[2025-11-23T06:13:24.873+0000] {subprocess.py:93} INFO - [0m06:13:24  2 of 3 OK created sql table model PUBLIC_ANALYTICS.mart_market_regime .......... [[32mSUCCESS 1[0m in 1.39s]
[2025-11-23T06:13:24.985+0000] {subprocess.py:93} INFO - [0m06:13:24  1 of 3 OK created sql table model PUBLIC_ANALYTICS.mart_forecast_combined ...... [[32mSUCCESS 1[0m in 1.50s]
[2025-11-23T06:13:25.066+0000] {subprocess.py:93} INFO - [0m06:13:25  3 of 3 OK created sql table model PUBLIC_ANALYTICS.mart_risk_reward_scatter .... [[32mSUCCESS 1[0m in 1.58s]
[2025-11-23T06:13:25.852+0000] {subprocess.py:93} INFO - [0m06:13:25
[2025-11-23T06:13:25.853+0000] {subprocess.py:93} INFO - [0m06:13:25  Finished running 3 table models in 0 hours 0 minutes and 3.62 seconds (3.62s).
[2025-11-23T06:13:25.903+0000] {subprocess.py:93} INFO - [0m06:13:25
[2025-11-23T06:13:25.904+0000] {subprocess.py:93} INFO - [0m06:13:25  [32mCompleted successfully[0m
[2025-11-23T06:13:25.904+0000] {subprocess.py:93} INFO - [0m06:13:25
[2025-11-23T06:13:25.904+0000] {subprocess.py:93} INFO - [0m06:13:25  Done. PASS=3 WARN=0 ERROR=0 SKIP=0 NO-OP=0 TOTAL=3
[2025-11-23T06:13:26.463+0000] {subprocess.py:97} INFO - Command exited with return code 0
[2025-11-23T06:13:26.472+0000] {taskinstance.py:340} INFO - ::group::Post task execution logs
[2025-11-23T06:13:26.472+0000] {taskinstance.py:352} INFO - Marking task as SUCCESS. dag_id=elt_dbt_downstream, task_id=dbt_run_downstream, run_id=scheduled__2025-11-22T04:00:00+00:00, execution_date=20251122T040000, start_date=20251123T061320, end_date=20251123T061326
[2025-11-23T06:13:26.483+0000] {local_task_job_runner.py:266} INFO - Task exited with return code 0
[2025-11-23T06:13:26.490+0000] {taskinstance.py:3900} INFO - 1 downstream tasks scheduled from follow-on schedule check
[2025-11-23T06:13:26.490+0000] {local_task_job_runner.py:245} INFO - ::endgroup::
