[2025-12-06T05:22:28.815+0000] {local_task_job_runner.py:123} INFO - ::group::Pre task execution logs
[2025-12-06T05:22:28.823+0000] {taskinstance.py:2612} INFO - Dependencies all met for dep_context=non-requeueable deps ti=<TaskInstance: TrainPredict.wait_for_elt_dbt_upstream manual__2025-12-06T05:22:27.292103+00:00 [queued]>
[2025-12-06T05:22:28.827+0000] {taskinstance.py:2612} INFO - Dependencies all met for dep_context=requeueable deps ti=<TaskInstance: TrainPredict.wait_for_elt_dbt_upstream manual__2025-12-06T05:22:27.292103+00:00 [queued]>
[2025-12-06T05:22:28.828+0000] {taskinstance.py:2865} INFO - Starting attempt 1 of 1
[2025-12-06T05:22:28.833+0000] {taskinstance.py:2888} INFO - Executing <Task(ExternalTaskSensor): wait_for_elt_dbt_upstream> on 2025-12-06 05:22:27.292103+00:00
[2025-12-06T05:22:28.838+0000] {logging_mixin.py:190} WARNING - /home/***/.local/lib/python3.12/site-packages/***/task/task_runner/standard_task_runner.py:70 DeprecationWarning: This process (pid=20939) is multi-threaded, use of fork() may lead to deadlocks in the child.
[2025-12-06T05:22:28.838+0000] {standard_task_runner.py:72} INFO - Started process 20945 to run task
[2025-12-06T05:22:28.838+0000] {standard_task_runner.py:104} INFO - Running: ['***', 'tasks', 'run', 'TrainPredict', 'wait_for_elt_dbt_upstream', 'manual__2025-12-06T05:22:27.292103+00:00', '--job-id', '323', '--raw', '--subdir', 'DAGS_FOLDER/train_predict.py', '--cfg-path', '/tmp/tmpxw4ou04m']
[2025-12-06T05:22:28.839+0000] {standard_task_runner.py:105} INFO - Job 323: Subtask wait_for_elt_dbt_upstream
[2025-12-06T05:22:28.856+0000] {task_command.py:467} INFO - Running <TaskInstance: TrainPredict.wait_for_elt_dbt_upstream manual__2025-12-06T05:22:27.292103+00:00 [running]> on host 7c17d7f5e8b7
[2025-12-06T05:22:28.888+0000] {taskinstance.py:3131} INFO - Exporting env vars: AIRFLOW_CTX_DAG_OWNER='***' AIRFLOW_CTX_DAG_ID='TrainPredict' AIRFLOW_CTX_TASK_ID='wait_for_elt_dbt_upstream' AIRFLOW_CTX_EXECUTION_DATE='2025-12-06T05:22:27.292103+00:00' AIRFLOW_CTX_TRY_NUMBER='1' AIRFLOW_CTX_DAG_RUN_ID='manual__2025-12-06T05:22:27.292103+00:00'
[2025-12-06T05:22:28.889+0000] {taskinstance.py:731} INFO - ::endgroup::
[2025-12-06T05:22:28.890+0000] {baseoperator.py:405} WARNING - ExternalTaskSensor.execute cannot be called outside TaskInstance!
[2025-12-06T05:22:28.890+0000] {external_task.py:274} INFO - Poking for DAG 'elt_dbt_upstream' on 2025-12-06T04:52:27.292103+00:00 ... 
[2025-12-06T05:22:28.891+0000] {logging_mixin.py:190} WARNING - /home/***/.local/lib/python3.12/site-packages/***/utils/session.py:97 DeprecationWarning: This method is deprecated and will be removed in future.
[2025-12-06T05:23:28.902+0000] {external_task.py:274} INFO - Poking for DAG 'elt_dbt_upstream' on 2025-12-06T04:52:27.292103+00:00 ... 
[2025-12-06T05:24:09.549+0000] {local_task_job_runner.py:346} WARNING - State of this instance has been externally set to success. Terminating instance.
[2025-12-06T05:24:09.551+0000] {local_task_job_runner.py:245} INFO - ::endgroup::
[2025-12-06T05:24:09.552+0000] {process_utils.py:132} INFO - Sending 15 to group 20945. PIDs of all processes in the group: [20945]
[2025-12-06T05:24:09.553+0000] {process_utils.py:87} INFO - Sending the signal 15 to group 20945
[2025-12-06T05:24:09.553+0000] {taskinstance.py:3092} ERROR - Received SIGTERM. Terminating subprocesses.
[2025-12-06T05:24:09.562+0000] {taskinstance.py:340} INFO - ::group::Post task execution logs
[2025-12-06T05:24:09.570+0000] {process_utils.py:80} INFO - Process psutil.Process(pid=20945, status='terminated', exitcode=0, started='05:22:28') (20945) terminated with exit code 0
