[2025-12-02T21:46:32.520+0000] {local_task_job_runner.py:123} INFO - ::group::Pre task execution logs
[2025-12-02T21:46:32.528+0000] {taskinstance.py:2612} INFO - Dependencies all met for dep_context=non-requeueable deps ti=<TaskInstance: elt_dbt_upstream.dbt_seed manual__2025-12-02T21:42:35.641741+00:00 [queued]>
[2025-12-02T21:46:32.530+0000] {taskinstance.py:2612} INFO - Dependencies all met for dep_context=requeueable deps ti=<TaskInstance: elt_dbt_upstream.dbt_seed manual__2025-12-02T21:42:35.641741+00:00 [queued]>
[2025-12-02T21:46:32.531+0000] {taskinstance.py:2865} INFO - Starting attempt 1 of 2
[2025-12-02T21:46:32.534+0000] {taskinstance.py:2888} INFO - Executing <Task(BashOperator): dbt_seed> on 2025-12-02 21:42:35.641741+00:00
[2025-12-02T21:46:32.538+0000] {standard_task_runner.py:104} INFO - Running: ['***', 'tasks', 'run', 'elt_dbt_upstream', 'dbt_seed', 'manual__2025-12-02T21:42:35.641741+00:00', '--job-id', '112', '--raw', '--subdir', 'DAGS_FOLDER/elt_dbt_upstream.py', '--cfg-path', '/tmp/tmpmx1vki7o']
[2025-12-02T21:46:32.540+0000] {standard_task_runner.py:105} INFO - Job 112: Subtask dbt_seed
[2025-12-02T21:46:32.540+0000] {logging_mixin.py:190} WARNING - /home/***/.local/lib/python3.12/site-packages/***/task/task_runner/standard_task_runner.py:70 DeprecationWarning: This process (pid=602) is multi-threaded, use of fork() may lead to deadlocks in the child.
[2025-12-02T21:46:32.540+0000] {standard_task_runner.py:72} INFO - Started process 603 to run task
[2025-12-02T21:46:32.556+0000] {task_command.py:467} INFO - Running <TaskInstance: elt_dbt_upstream.dbt_seed manual__2025-12-02T21:42:35.641741+00:00 [running]> on host 0178cd4bc9d5
[2025-12-02T21:46:32.583+0000] {taskinstance.py:3131} INFO - Exporting env vars: AIRFLOW_CTX_DAG_OWNER='***' AIRFLOW_CTX_DAG_ID='elt_dbt_upstream' AIRFLOW_CTX_TASK_ID='dbt_seed' AIRFLOW_CTX_EXECUTION_DATE='2025-12-02T21:42:35.641741+00:00' AIRFLOW_CTX_TRY_NUMBER='1' AIRFLOW_CTX_DAG_RUN_ID='manual__2025-12-02T21:42:35.641741+00:00'
[2025-12-02T21:46:32.584+0000] {taskinstance.py:731} INFO - ::endgroup::
[2025-12-02T21:46:32.589+0000] {subprocess.py:63} INFO - Tmp dir root location: /tmp
[2025-12-02T21:46:32.590+0000] {subprocess.py:75} INFO - Running command: ['/usr/bin/bash', '-c', 'set -euo pipefail;cd /opt/***/dbt/stock_analytics && dbt seed --profiles-dir /opt/***/dbt']
[2025-12-02T21:46:32.593+0000] {subprocess.py:86} INFO - Output:
[2025-12-02T21:46:33.485+0000] {subprocess.py:93} INFO - [0m21:46:33  Running with dbt=1.11.0-rc1
[2025-12-02T21:46:33.659+0000] {subprocess.py:93} INFO - [0m21:46:33  Registered adapter: snowflake=1.10.3
[2025-12-02T21:46:34.088+0000] {subprocess.py:93} INFO - [0m21:46:34  [[33mWARNING[0m][MissingArgumentsPropertyInGenericTestDeprecation]: Deprecated
[2025-12-02T21:46:34.088+0000] {subprocess.py:93} INFO - functionality
[2025-12-02T21:46:34.088+0000] {subprocess.py:93} INFO - Found top-level arguments to test `accepted_values` defined on
[2025-12-02T21:46:34.088+0000] {subprocess.py:93} INFO - 'mart_forecast_combined' in package 'stock_analytics'
[2025-12-02T21:46:34.089+0000] {subprocess.py:93} INFO - (models/marts/mart_forecast_combined.yml). Arguments to generic tests should be
[2025-12-02T21:46:34.089+0000] {subprocess.py:93} INFO - nested under the `arguments` property.
[2025-12-02T21:46:34.194+0000] {subprocess.py:93} INFO - [0m21:46:34  Found 6 models, 28 data tests, 1 seed, 2 sources, 504 macros
[2025-12-02T21:46:34.195+0000] {subprocess.py:93} INFO - [0m21:46:34
[2025-12-02T21:46:34.195+0000] {subprocess.py:93} INFO - [0m21:46:34  Concurrency: 4 threads (target='dev')
[2025-12-02T21:46:34.195+0000] {subprocess.py:93} INFO - [0m21:46:34
[2025-12-02T21:46:35.462+0000] {subprocess.py:93} INFO - [0m21:46:35  1 of 1 START seed file PUBLIC_SEEDS.sector_metadata ............................ [RUN]
[2025-12-02T21:46:37.394+0000] {subprocess.py:93} INFO - [0m21:46:37  1 of 1 OK loaded seed file PUBLIC_SEEDS.sector_metadata ........................ [[32mINSERT 12[0m in 1.93s]
[2025-12-02T21:46:37.870+0000] {subprocess.py:93} INFO - [0m21:46:37
[2025-12-02T21:46:37.871+0000] {subprocess.py:93} INFO - [0m21:46:37  Finished running 1 seed in 0 hours 0 minutes and 3.67 seconds (3.67s).
[2025-12-02T21:46:37.910+0000] {subprocess.py:93} INFO - [0m21:46:37
[2025-12-02T21:46:37.910+0000] {subprocess.py:93} INFO - [0m21:46:37  [32mCompleted successfully[0m
[2025-12-02T21:46:37.910+0000] {subprocess.py:93} INFO - [0m21:46:37
[2025-12-02T21:46:37.911+0000] {subprocess.py:93} INFO - [0m21:46:37  Done. PASS=1 WARN=0 ERROR=0 SKIP=0 NO-OP=0 TOTAL=1
[2025-12-02T21:46:37.911+0000] {subprocess.py:93} INFO - [0m21:46:37  [[33mWARNING[0m][DeprecationsSummary]: Deprecated functionality
[2025-12-02T21:46:37.911+0000] {subprocess.py:93} INFO - Summary of encountered deprecations:
[2025-12-02T21:46:37.911+0000] {subprocess.py:93} INFO - - MissingArgumentsPropertyInGenericTestDeprecation: 1 occurrence
[2025-12-02T21:46:37.911+0000] {subprocess.py:93} INFO - To see all deprecation instances instead of just the first occurrence of each,
[2025-12-02T21:46:37.911+0000] {subprocess.py:93} INFO - run command again with the `--show-all-deprecations` flag. You may also need to
[2025-12-02T21:46:37.911+0000] {subprocess.py:93} INFO - run with `--no-partial-parse` as some deprecations are only encountered during
[2025-12-02T21:46:37.912+0000] {subprocess.py:93} INFO - parsing.
[2025-12-02T21:46:38.521+0000] {subprocess.py:97} INFO - Command exited with return code 0
[2025-12-02T21:46:38.530+0000] {taskinstance.py:340} INFO - ::group::Post task execution logs
[2025-12-02T21:46:38.530+0000] {taskinstance.py:352} INFO - Marking task as SUCCESS. dag_id=elt_dbt_upstream, task_id=dbt_seed, run_id=manual__2025-12-02T21:42:35.641741+00:00, execution_date=20251202T214235, start_date=20251202T214632, end_date=20251202T214638
[2025-12-02T21:46:38.561+0000] {local_task_job_runner.py:266} INFO - Task exited with return code 0
[2025-12-02T21:46:38.570+0000] {taskinstance.py:3900} INFO - 1 downstream tasks scheduled from follow-on schedule check
[2025-12-02T21:46:38.571+0000] {local_task_job_runner.py:245} INFO - ::endgroup::
