[2025-11-21T23:54:08.750+0000] {local_task_job_runner.py:123} INFO - ::group::Pre task execution logs
[2025-11-21T23:54:08.757+0000] {taskinstance.py:2612} INFO - Dependencies all met for dep_context=non-requeueable deps ti=<TaskInstance: elt_dbt_pipeline.wait_for_train_predict manual__2025-11-21T23:45:17.911712+00:00 [queued]>
[2025-11-21T23:54:08.760+0000] {taskinstance.py:2612} INFO - Dependencies all met for dep_context=requeueable deps ti=<TaskInstance: elt_dbt_pipeline.wait_for_train_predict manual__2025-11-21T23:45:17.911712+00:00 [queued]>
[2025-11-21T23:54:08.760+0000] {taskinstance.py:2865} INFO - Starting attempt 1 of 2
[2025-11-21T23:54:08.765+0000] {taskinstance.py:2888} INFO - Executing <Task(ExternalTaskSensor): wait_for_train_predict> on 2025-11-21 23:45:17.911712+00:00
[2025-11-21T23:54:08.768+0000] {standard_task_runner.py:104} INFO - Running: ['***', 'tasks', 'run', 'elt_dbt_pipeline', 'wait_for_train_predict', 'manual__2025-11-21T23:45:17.911712+00:00', '--job-id', '36', '--raw', '--subdir', 'DAGS_FOLDER/elt_dbt_pipeline.py', '--cfg-path', '/tmp/tmpxxef7xfz']
[2025-11-21T23:54:08.769+0000] {logging_mixin.py:190} WARNING - /home/***/.local/lib/python3.12/site-packages/***/task/task_runner/standard_task_runner.py:70 DeprecationWarning: This process (pid=1387) is multi-threaded, use of fork() may lead to deadlocks in the child.
[2025-11-21T23:54:08.769+0000] {standard_task_runner.py:105} INFO - Job 36: Subtask wait_for_train_predict
[2025-11-21T23:54:08.769+0000] {standard_task_runner.py:72} INFO - Started process 1388 to run task
[2025-11-21T23:54:08.786+0000] {task_command.py:467} INFO - Running <TaskInstance: elt_dbt_pipeline.wait_for_train_predict manual__2025-11-21T23:45:17.911712+00:00 [running]> on host 663ef6e4cd5f
[2025-11-21T23:54:08.813+0000] {taskinstance.py:3131} INFO - Exporting env vars: AIRFLOW_CTX_DAG_OWNER='***' AIRFLOW_CTX_DAG_ID='elt_dbt_pipeline' AIRFLOW_CTX_TASK_ID='wait_for_train_predict' AIRFLOW_CTX_EXECUTION_DATE='2025-11-21T23:45:17.911712+00:00' AIRFLOW_CTX_TRY_NUMBER='1' AIRFLOW_CTX_DAG_RUN_ID='manual__2025-11-21T23:45:17.911712+00:00'
[2025-11-21T23:54:08.813+0000] {taskinstance.py:731} INFO - ::endgroup::
[2025-11-21T23:54:08.820+0000] {baseoperator.py:405} WARNING - ExternalTaskSensor.execute cannot be called outside TaskInstance!
[2025-11-21T23:54:08.820+0000] {external_task.py:274} INFO - Poking for DAG 'TrainPredict' on 2025-11-21T23:30:17.911712+00:00 ... 
[2025-11-21T23:54:08.822+0000] {logging_mixin.py:190} WARNING - /home/***/.local/lib/python3.12/site-packages/***/utils/session.py:97 DeprecationWarning: This method is deprecated and will be removed in future.
[2025-11-21T23:55:08.831+0000] {external_task.py:274} INFO - Poking for DAG 'TrainPredict' on 2025-11-21T23:30:17.911712+00:00 ... 
[2025-11-21T23:56:08.861+0000] {external_task.py:274} INFO - Poking for DAG 'TrainPredict' on 2025-11-21T23:30:17.911712+00:00 ... 
[2025-11-21T23:57:08.890+0000] {external_task.py:274} INFO - Poking for DAG 'TrainPredict' on 2025-11-21T23:30:17.911712+00:00 ... 
[2025-11-21T23:58:08.917+0000] {external_task.py:274} INFO - Poking for DAG 'TrainPredict' on 2025-11-21T23:30:17.911712+00:00 ... 
[2025-11-21T23:59:08.935+0000] {external_task.py:274} INFO - Poking for DAG 'TrainPredict' on 2025-11-21T23:30:17.911712+00:00 ... 
[2025-11-22T00:00:08.958+0000] {external_task.py:274} INFO - Poking for DAG 'TrainPredict' on 2025-11-21T23:30:17.911712+00:00 ... 
[2025-11-22T00:01:08.978+0000] {external_task.py:274} INFO - Poking for DAG 'TrainPredict' on 2025-11-21T23:30:17.911712+00:00 ... 
[2025-11-22T00:02:09.007+0000] {external_task.py:274} INFO - Poking for DAG 'TrainPredict' on 2025-11-21T23:30:17.911712+00:00 ... 
[2025-11-22T00:03:09.025+0000] {external_task.py:274} INFO - Poking for DAG 'TrainPredict' on 2025-11-21T23:30:17.911712+00:00 ... 
[2025-11-22T00:04:09.048+0000] {external_task.py:274} INFO - Poking for DAG 'TrainPredict' on 2025-11-21T23:30:17.911712+00:00 ... 
[2025-11-22T00:05:09.067+0000] {external_task.py:274} INFO - Poking for DAG 'TrainPredict' on 2025-11-21T23:30:17.911712+00:00 ... 
[2025-11-22T00:06:09.087+0000] {external_task.py:274} INFO - Poking for DAG 'TrainPredict' on 2025-11-21T23:30:17.911712+00:00 ... 
[2025-11-22T00:07:09.104+0000] {external_task.py:274} INFO - Poking for DAG 'TrainPredict' on 2025-11-21T23:30:17.911712+00:00 ... 
[2025-11-22T00:08:09.119+0000] {external_task.py:274} INFO - Poking for DAG 'TrainPredict' on 2025-11-21T23:30:17.911712+00:00 ... 
[2025-11-22T00:09:09.132+0000] {external_task.py:274} INFO - Poking for DAG 'TrainPredict' on 2025-11-21T23:30:17.911712+00:00 ... 
[2025-11-22T00:10:09.154+0000] {external_task.py:274} INFO - Poking for DAG 'TrainPredict' on 2025-11-21T23:30:17.911712+00:00 ... 
[2025-11-22T00:11:09.167+0000] {external_task.py:274} INFO - Poking for DAG 'TrainPredict' on 2025-11-21T23:30:17.911712+00:00 ... 
[2025-11-22T00:12:09.182+0000] {external_task.py:274} INFO - Poking for DAG 'TrainPredict' on 2025-11-21T23:30:17.911712+00:00 ... 
[2025-11-22T00:13:09.202+0000] {external_task.py:274} INFO - Poking for DAG 'TrainPredict' on 2025-11-21T23:30:17.911712+00:00 ... 
[2025-11-22T00:14:09.220+0000] {external_task.py:274} INFO - Poking for DAG 'TrainPredict' on 2025-11-21T23:30:17.911712+00:00 ... 
[2025-11-22T00:15:09.238+0000] {external_task.py:274} INFO - Poking for DAG 'TrainPredict' on 2025-11-21T23:30:17.911712+00:00 ... 
[2025-11-22T00:16:09.253+0000] {external_task.py:274} INFO - Poking for DAG 'TrainPredict' on 2025-11-21T23:30:17.911712+00:00 ... 
[2025-11-22T00:17:09.260+0000] {external_task.py:274} INFO - Poking for DAG 'TrainPredict' on 2025-11-21T23:30:17.911712+00:00 ... 
[2025-11-22T00:18:09.281+0000] {external_task.py:274} INFO - Poking for DAG 'TrainPredict' on 2025-11-21T23:30:17.911712+00:00 ... 
[2025-11-22T00:19:09.301+0000] {external_task.py:274} INFO - Poking for DAG 'TrainPredict' on 2025-11-21T23:30:17.911712+00:00 ... 
[2025-11-22T00:20:09.315+0000] {external_task.py:274} INFO - Poking for DAG 'TrainPredict' on 2025-11-21T23:30:17.911712+00:00 ... 
[2025-11-22T00:21:09.341+0000] {external_task.py:274} INFO - Poking for DAG 'TrainPredict' on 2025-11-21T23:30:17.911712+00:00 ... 
[2025-11-22T00:22:09.353+0000] {external_task.py:274} INFO - Poking for DAG 'TrainPredict' on 2025-11-21T23:30:17.911712+00:00 ... 
[2025-11-22T00:23:09.370+0000] {external_task.py:274} INFO - Poking for DAG 'TrainPredict' on 2025-11-21T23:30:17.911712+00:00 ... 
[2025-11-22T00:24:09.387+0000] {external_task.py:274} INFO - Poking for DAG 'TrainPredict' on 2025-11-21T23:30:17.911712+00:00 ... 
[2025-11-22T00:25:09.410+0000] {external_task.py:274} INFO - Poking for DAG 'TrainPredict' on 2025-11-21T23:30:17.911712+00:00 ... 
[2025-11-22T00:26:09.437+0000] {external_task.py:274} INFO - Poking for DAG 'TrainPredict' on 2025-11-21T23:30:17.911712+00:00 ... 
[2025-11-22T00:27:09.452+0000] {external_task.py:274} INFO - Poking for DAG 'TrainPredict' on 2025-11-21T23:30:17.911712+00:00 ... 
[2025-11-22T00:28:09.456+0000] {external_task.py:274} INFO - Poking for DAG 'TrainPredict' on 2025-11-21T23:30:17.911712+00:00 ... 
[2025-11-22T00:29:09.486+0000] {external_task.py:274} INFO - Poking for DAG 'TrainPredict' on 2025-11-21T23:30:17.911712+00:00 ... 
[2025-11-22T00:30:09.510+0000] {external_task.py:274} INFO - Poking for DAG 'TrainPredict' on 2025-11-21T23:30:17.911712+00:00 ... 
[2025-11-22T00:31:09.518+0000] {external_task.py:274} INFO - Poking for DAG 'TrainPredict' on 2025-11-21T23:30:17.911712+00:00 ... 
[2025-11-22T00:32:09.537+0000] {external_task.py:274} INFO - Poking for DAG 'TrainPredict' on 2025-11-21T23:30:17.911712+00:00 ... 
[2025-11-22T00:33:09.568+0000] {external_task.py:274} INFO - Poking for DAG 'TrainPredict' on 2025-11-21T23:30:17.911712+00:00 ... 
[2025-11-22T00:34:09.586+0000] {external_task.py:274} INFO - Poking for DAG 'TrainPredict' on 2025-11-21T23:30:17.911712+00:00 ... 
[2025-11-22T00:35:09.600+0000] {external_task.py:274} INFO - Poking for DAG 'TrainPredict' on 2025-11-21T23:30:17.911712+00:00 ... 
[2025-11-22T00:36:09.618+0000] {external_task.py:274} INFO - Poking for DAG 'TrainPredict' on 2025-11-21T23:30:17.911712+00:00 ... 
[2025-11-22T00:37:09.632+0000] {external_task.py:274} INFO - Poking for DAG 'TrainPredict' on 2025-11-21T23:30:17.911712+00:00 ... 
[2025-11-22T00:38:09.651+0000] {external_task.py:274} INFO - Poking for DAG 'TrainPredict' on 2025-11-21T23:30:17.911712+00:00 ... 
[2025-11-22T00:55:43.891+0000] {job.py:229} INFO - Heartbeat recovered after 1014.35 seconds
[2025-11-22T00:55:58.981+0000] {external_task.py:274} INFO - Poking for DAG 'TrainPredict' on 2025-11-21T23:30:17.911712+00:00 ... 
[2025-11-22T00:56:59.005+0000] {external_task.py:274} INFO - Poking for DAG 'TrainPredict' on 2025-11-21T23:30:17.911712+00:00 ... 
[2025-11-22T00:57:59.022+0000] {external_task.py:274} INFO - Poking for DAG 'TrainPredict' on 2025-11-21T23:30:17.911712+00:00 ... 
[2025-11-22T00:58:59.048+0000] {external_task.py:274} INFO - Poking for DAG 'TrainPredict' on 2025-11-21T23:30:17.911712+00:00 ... 
[2025-11-22T01:16:57.747+0000] {job.py:229} INFO - Heartbeat recovered after 1037.24 seconds
[2025-11-22T01:17:11.411+0000] {external_task.py:274} INFO - Poking for DAG 'TrainPredict' on 2025-11-21T23:30:17.911712+00:00 ... 
[2025-11-22T01:58:46.165+0000] {job.py:229} INFO - Heartbeat recovered after 2483.21 seconds
[2025-11-22T01:59:29.705+0000] {external_task.py:274} INFO - Poking for DAG 'TrainPredict' on 2025-11-21T23:30:17.911712+00:00 ... 
[2025-11-22T02:14:08.296+0000] {job.py:229} INFO - Heartbeat recovered after 866.75 seconds
[2025-11-22T02:43:03.165+0000] {job.py:229} INFO - Heartbeat recovered after 1709.69 seconds
[2025-11-22T02:43:16.073+0000] {external_task.py:274} INFO - Poking for DAG 'TrainPredict' on 2025-11-21T23:30:17.911712+00:00 ... 
[2025-11-22T02:44:16.076+0000] {external_task.py:274} INFO - Poking for DAG 'TrainPredict' on 2025-11-21T23:30:17.911712+00:00 ... 
[2025-11-22T02:45:16.092+0000] {external_task.py:274} INFO - Poking for DAG 'TrainPredict' on 2025-11-21T23:30:17.911712+00:00 ... 
[2025-11-22T02:46:16.102+0000] {external_task.py:274} INFO - Poking for DAG 'TrainPredict' on 2025-11-21T23:30:17.911712+00:00 ... 
[2025-11-22T02:47:16.117+0000] {external_task.py:274} INFO - Poking for DAG 'TrainPredict' on 2025-11-21T23:30:17.911712+00:00 ... 
[2025-11-22T02:48:16.131+0000] {external_task.py:274} INFO - Poking for DAG 'TrainPredict' on 2025-11-21T23:30:17.911712+00:00 ... 
[2025-11-22T02:49:16.145+0000] {external_task.py:274} INFO - Poking for DAG 'TrainPredict' on 2025-11-21T23:30:17.911712+00:00 ... 
[2025-11-22T02:50:16.149+0000] {external_task.py:274} INFO - Poking for DAG 'TrainPredict' on 2025-11-21T23:30:17.911712+00:00 ... 
[2025-11-22T02:51:16.154+0000] {external_task.py:274} INFO - Poking for DAG 'TrainPredict' on 2025-11-21T23:30:17.911712+00:00 ... 
[2025-11-22T02:52:16.173+0000] {external_task.py:274} INFO - Poking for DAG 'TrainPredict' on 2025-11-21T23:30:17.911712+00:00 ... 
[2025-11-22T02:52:16.180+0000] {taskinstance.py:3310} ERROR - Task failed with exception
Traceback (most recent call last):
  File "/home/airflow/.local/lib/python3.12/site-packages/airflow/models/taskinstance.py", line 767, in _execute_task
    result = _execute_callable(context=context, **execute_callable_kwargs)
             ^^^^^^^^^^^^^^^^^^^^^^^^^^^^^^^^^^^^^^^^^^^^^^^^^^^^^^^^^^^^^
  File "/home/airflow/.local/lib/python3.12/site-packages/airflow/models/taskinstance.py", line 733, in _execute_callable
    return ExecutionCallableRunner(
           ^^^^^^^^^^^^^^^^^^^^^^^^
  File "/home/airflow/.local/lib/python3.12/site-packages/airflow/utils/operator_helpers.py", line 252, in run
    return self.func(*args, **kwargs)
           ^^^^^^^^^^^^^^^^^^^^^^^^^^
  File "/home/airflow/.local/lib/python3.12/site-packages/airflow/models/baseoperator.py", line 406, in wrapper
    return func(self, *args, **kwargs)
           ^^^^^^^^^^^^^^^^^^^^^^^^^^^
  File "/home/airflow/.local/lib/python3.12/site-packages/airflow/sensors/external_task.py", line 348, in execute
    super().execute(context)
  File "/home/airflow/.local/lib/python3.12/site-packages/airflow/models/baseoperator.py", line 406, in wrapper
    return func(self, *args, **kwargs)
           ^^^^^^^^^^^^^^^^^^^^^^^^^^^
  File "/home/airflow/.local/lib/python3.12/site-packages/airflow/sensors/base.py", line 323, in execute
    raise AirflowSensorTimeout(message)
airflow.exceptions.AirflowSensorTimeout: Sensor has timed out; run duration of 3601.3182743489997 seconds exceeds the specified timeout of 3600.0.
[2025-11-22T02:52:16.187+0000] {taskinstance.py:1225} INFO - Immediate failure requested. Marking task as FAILED. dag_id=elt_dbt_pipeline, task_id=wait_for_train_predict, run_id=manual__2025-11-21T23:45:17.911712+00:00, execution_date=20251121T234517, start_date=20251121T235408, end_date=20251122T025216
[2025-11-22T02:52:16.194+0000] {taskinstance.py:340} INFO - ::group::Post task execution logs
[2025-11-22T02:52:16.195+0000] {standard_task_runner.py:124} ERROR - Failed to execute job 36 for task wait_for_train_predict (Sensor has timed out; run duration of 3601.3182743489997 seconds exceeds the specified timeout of 3600.0.; 1388)
Traceback (most recent call last):
  File "/home/airflow/.local/lib/python3.12/site-packages/airflow/task/task_runner/standard_task_runner.py", line 117, in _start_by_fork
    ret = args.func(args, dag=self.dag)
          ^^^^^^^^^^^^^^^^^^^^^^^^^^^^^
  File "/home/airflow/.local/lib/python3.12/site-packages/airflow/cli/cli_config.py", line 49, in command
    return func(*args, **kwargs)
           ^^^^^^^^^^^^^^^^^^^^^
  File "/home/airflow/.local/lib/python3.12/site-packages/airflow/utils/cli.py", line 115, in wrapper
    return f(*args, **kwargs)
           ^^^^^^^^^^^^^^^^^^
  File "/home/airflow/.local/lib/python3.12/site-packages/airflow/cli/commands/task_command.py", line 483, in task_run
    task_return_code = _run_task_by_selected_method(args, _dag, ti)
                       ^^^^^^^^^^^^^^^^^^^^^^^^^^^^^^^^^^^^^^^^^^^^
  File "/home/airflow/.local/lib/python3.12/site-packages/airflow/cli/commands/task_command.py", line 256, in _run_task_by_selected_method
    return _run_raw_task(args, ti)
           ^^^^^^^^^^^^^^^^^^^^^^^
  File "/home/airflow/.local/lib/python3.12/site-packages/airflow/cli/commands/task_command.py", line 341, in _run_raw_task
    return ti._run_raw_task(
           ^^^^^^^^^^^^^^^^^
  File "/home/airflow/.local/lib/python3.12/site-packages/airflow/utils/session.py", line 97, in wrapper
    return func(*args, session=session, **kwargs)
           ^^^^^^^^^^^^^^^^^^^^^^^^^^^^^^^^^^^^^^
  File "/home/airflow/.local/lib/python3.12/site-packages/airflow/models/taskinstance.py", line 3004, in _run_raw_task
    return _run_raw_task(
           ^^^^^^^^^^^^^^
  File "/home/airflow/.local/lib/python3.12/site-packages/airflow/models/taskinstance.py", line 273, in _run_raw_task
    TaskInstance._execute_task_with_callbacks(
  File "/home/airflow/.local/lib/python3.12/site-packages/airflow/models/taskinstance.py", line 3158, in _execute_task_with_callbacks
    result = self._execute_task(context, task_orig)
             ^^^^^^^^^^^^^^^^^^^^^^^^^^^^^^^^^^^^^^
  File "/home/airflow/.local/lib/python3.12/site-packages/airflow/models/taskinstance.py", line 3182, in _execute_task
    return _execute_task(self, context, task_orig)
           ^^^^^^^^^^^^^^^^^^^^^^^^^^^^^^^^^^^^^^^
  File "/home/airflow/.local/lib/python3.12/site-packages/airflow/models/taskinstance.py", line 767, in _execute_task
    result = _execute_callable(context=context, **execute_callable_kwargs)
             ^^^^^^^^^^^^^^^^^^^^^^^^^^^^^^^^^^^^^^^^^^^^^^^^^^^^^^^^^^^^^
  File "/home/airflow/.local/lib/python3.12/site-packages/airflow/models/taskinstance.py", line 733, in _execute_callable
    return ExecutionCallableRunner(
           ^^^^^^^^^^^^^^^^^^^^^^^^
  File "/home/airflow/.local/lib/python3.12/site-packages/airflow/utils/operator_helpers.py", line 252, in run
    return self.func(*args, **kwargs)
           ^^^^^^^^^^^^^^^^^^^^^^^^^^
  File "/home/airflow/.local/lib/python3.12/site-packages/airflow/models/baseoperator.py", line 406, in wrapper
    return func(self, *args, **kwargs)
           ^^^^^^^^^^^^^^^^^^^^^^^^^^^
  File "/home/airflow/.local/lib/python3.12/site-packages/airflow/sensors/external_task.py", line 348, in execute
    super().execute(context)
  File "/home/airflow/.local/lib/python3.12/site-packages/airflow/models/baseoperator.py", line 406, in wrapper
    return func(self, *args, **kwargs)
           ^^^^^^^^^^^^^^^^^^^^^^^^^^^
  File "/home/airflow/.local/lib/python3.12/site-packages/airflow/sensors/base.py", line 323, in execute
    raise AirflowSensorTimeout(message)
airflow.exceptions.AirflowSensorTimeout: Sensor has timed out; run duration of 3601.3182743489997 seconds exceeds the specified timeout of 3600.0.
[2025-11-22T02:52:16.215+0000] {local_task_job_runner.py:266} INFO - Task exited with return code 1
[2025-11-22T02:52:16.230+0000] {taskinstance.py:3900} INFO - 0 downstream tasks scheduled from follow-on schedule check
[2025-11-22T02:52:16.231+0000] {local_task_job_runner.py:245} INFO - ::endgroup::
