[2025-12-06T01:36:18.963+0000] {local_task_job_runner.py:123} INFO - ::group::Pre task execution logs
[2025-12-06T01:36:18.969+0000] {taskinstance.py:2612} INFO - Dependencies all met for dep_context=non-requeueable deps ti=<TaskInstance: TrainPredict.dbt_run_downstream_dashboards manual__2025-12-06T01:27:37.023416+00:00 [queued]>
[2025-12-06T01:36:18.971+0000] {taskinstance.py:2612} INFO - Dependencies all met for dep_context=requeueable deps ti=<TaskInstance: TrainPredict.dbt_run_downstream_dashboards manual__2025-12-06T01:27:37.023416+00:00 [queued]>
[2025-12-06T01:36:18.971+0000] {taskinstance.py:2865} INFO - Starting attempt 1 of 1
[2025-12-06T01:36:18.975+0000] {taskinstance.py:2888} INFO - Executing <Task(BashOperator): dbt_run_downstream_dashboards> on 2025-12-06 01:27:37.023416+00:00
[2025-12-06T01:36:18.979+0000] {logging_mixin.py:190} WARNING - /home/***/.local/lib/python3.12/site-packages/***/task/task_runner/standard_task_runner.py:70 DeprecationWarning: This process (pid=15876) is multi-threaded, use of fork() may lead to deadlocks in the child.
[2025-12-06T01:36:18.980+0000] {standard_task_runner.py:72} INFO - Started process 15879 to run task
[2025-12-06T01:36:18.979+0000] {standard_task_runner.py:104} INFO - Running: ['***', 'tasks', 'run', 'TrainPredict', 'dbt_run_downstream_dashboards', 'manual__2025-12-06T01:27:37.023416+00:00', '--job-id', '291', '--raw', '--subdir', 'DAGS_FOLDER/train_predict.py', '--cfg-path', '/tmp/tmpzt6fm4wu']
[2025-12-06T01:36:18.980+0000] {standard_task_runner.py:105} INFO - Job 291: Subtask dbt_run_downstream_dashboards
[2025-12-06T01:36:18.997+0000] {task_command.py:467} INFO - Running <TaskInstance: TrainPredict.dbt_run_downstream_dashboards manual__2025-12-06T01:27:37.023416+00:00 [running]> on host 7c17d7f5e8b7
[2025-12-06T01:36:19.024+0000] {taskinstance.py:3131} INFO - Exporting env vars: AIRFLOW_CTX_DAG_OWNER='***' AIRFLOW_CTX_DAG_ID='TrainPredict' AIRFLOW_CTX_TASK_ID='dbt_run_downstream_dashboards' AIRFLOW_CTX_EXECUTION_DATE='2025-12-06T01:27:37.023416+00:00' AIRFLOW_CTX_TRY_NUMBER='1' AIRFLOW_CTX_DAG_RUN_ID='manual__2025-12-06T01:27:37.023416+00:00'
[2025-12-06T01:36:19.025+0000] {taskinstance.py:731} INFO - ::endgroup::
[2025-12-06T01:36:19.026+0000] {subprocess.py:63} INFO - Tmp dir root location: /tmp
[2025-12-06T01:36:19.027+0000] {subprocess.py:75} INFO - Running command: ['/usr/bin/bash', '-c', 'set -euo pipefail;cd /opt/***/dbt/stock_analytics && dbt run --select mart_forecast_combined mart_risk_reward_scatter mart_market_regime --profiles-dir /opt/***/dbt && dbt test --select mart_forecast_combined mart_risk_reward_scatter mart_market_regime --profiles-dir /opt/***/dbt']
[2025-12-06T01:36:19.031+0000] {subprocess.py:86} INFO - Output:
[2025-12-06T01:36:19.923+0000] {subprocess.py:93} INFO - [0m01:36:19  Running with dbt=1.11.0-rc1
[2025-12-06T01:36:20.096+0000] {subprocess.py:93} INFO - [0m01:36:20  Registered adapter: snowflake=1.10.3
[2025-12-06T01:36:20.313+0000] {subprocess.py:93} INFO - [0m01:36:20  Found 6 models, 29 data tests, 1 seed, 2 sources, 504 macros
[2025-12-06T01:36:20.314+0000] {subprocess.py:93} INFO - [0m01:36:20
[2025-12-06T01:36:20.315+0000] {subprocess.py:93} INFO - [0m01:36:20  Concurrency: 4 threads (target='dev')
[2025-12-06T01:36:20.315+0000] {subprocess.py:93} INFO - [0m01:36:20
[2025-12-06T01:36:21.532+0000] {subprocess.py:93} INFO - [0m01:36:21  1 of 3 START sql table model PUBLIC_ANALYTICS.mart_forecast_combined ........... [RUN]
[2025-12-06T01:36:21.533+0000] {subprocess.py:93} INFO - [0m01:36:21  2 of 3 START sql table model PUBLIC_ANALYTICS.mart_market_regime ............... [RUN]
[2025-12-06T01:36:21.533+0000] {subprocess.py:93} INFO - [0m01:36:21  3 of 3 START sql table model PUBLIC_ANALYTICS.mart_risk_reward_scatter ......... [RUN]
[2025-12-06T01:36:22.997+0000] {subprocess.py:93} INFO - [0m01:36:22  1 of 3 OK created sql table model PUBLIC_ANALYTICS.mart_forecast_combined ...... [[32mSUCCESS 1[0m in 1.46s]
[2025-12-06T01:36:22.998+0000] {subprocess.py:93} INFO - [0m01:36:22  2 of 3 OK created sql table model PUBLIC_ANALYTICS.mart_market_regime .......... [[32mSUCCESS 1[0m in 1.46s]
[2025-12-06T01:36:23.347+0000] {subprocess.py:93} INFO - [0m01:36:23  3 of 3 OK created sql table model PUBLIC_ANALYTICS.mart_risk_reward_scatter .... [[32mSUCCESS 1[0m in 1.81s]
[2025-12-06T01:36:23.826+0000] {subprocess.py:93} INFO - [0m01:36:23
[2025-12-06T01:36:23.827+0000] {subprocess.py:93} INFO - [0m01:36:23  Finished running 3 table models in 0 hours 0 minutes and 3.51 seconds (3.51s).
[2025-12-06T01:36:23.874+0000] {subprocess.py:93} INFO - [0m01:36:23
[2025-12-06T01:36:23.874+0000] {subprocess.py:93} INFO - [0m01:36:23  [32mCompleted successfully[0m
[2025-12-06T01:36:23.875+0000] {subprocess.py:93} INFO - [0m01:36:23
[2025-12-06T01:36:23.875+0000] {subprocess.py:93} INFO - [0m01:36:23  Done. PASS=3 WARN=0 ERROR=0 SKIP=0 NO-OP=0 TOTAL=3
[2025-12-06T01:36:25.307+0000] {subprocess.py:93} INFO - [0m01:36:25  Running with dbt=1.11.0-rc1
[2025-12-06T01:36:25.470+0000] {subprocess.py:93} INFO - [0m01:36:25  Registered adapter: snowflake=1.10.3
[2025-12-06T01:36:25.685+0000] {subprocess.py:93} INFO - [0m01:36:25  Found 6 models, 29 data tests, 1 seed, 2 sources, 504 macros
[2025-12-06T01:36:25.687+0000] {subprocess.py:93} INFO - [0m01:36:25
[2025-12-06T01:36:25.687+0000] {subprocess.py:93} INFO - [0m01:36:25  Concurrency: 4 threads (target='dev')
[2025-12-06T01:36:25.687+0000] {subprocess.py:93} INFO - [0m01:36:25
[2025-12-06T01:36:26.858+0000] {subprocess.py:93} INFO - [0m01:36:26  1 of 15 START test accepted_values_mart_forecast_combined_type__history__forecast  [RUN]
[2025-12-06T01:36:26.859+0000] {subprocess.py:93} INFO - [0m01:36:26  2 of 15 START test not_null_mart_forecast_combined_date ........................ [RUN]
[2025-12-06T01:36:26.859+0000] {subprocess.py:93} INFO - [0m01:36:26  3 of 15 START test not_null_mart_forecast_combined_sector_name ................. [RUN]
[2025-12-06T01:36:26.859+0000] {subprocess.py:93} INFO - [0m01:36:26  4 of 15 START test not_null_mart_forecast_combined_symbol ...................... [RUN]
[2025-12-06T01:36:27.116+0000] {subprocess.py:93} INFO - [0m01:36:27  2 of 15 PASS not_null_mart_forecast_combined_date .............................. [[32mPASS[0m in 0.26s]
[2025-12-06T01:36:27.118+0000] {subprocess.py:93} INFO - [0m01:36:27  5 of 15 START test not_null_mart_forecast_combined_type ........................ [RUN]
[2025-12-06T01:36:27.144+0000] {subprocess.py:93} INFO - [0m01:36:27  4 of 15 PASS not_null_mart_forecast_combined_symbol ............................ [[32mPASS[0m in 0.28s]
[2025-12-06T01:36:27.145+0000] {subprocess.py:93} INFO - [0m01:36:27  6 of 15 START test not_null_mart_market_regime_date ............................ [RUN]
[2025-12-06T01:36:27.147+0000] {subprocess.py:93} INFO - [0m01:36:27  3 of 15 PASS not_null_mart_forecast_combined_sector_name ....................... [[32mPASS[0m in 0.29s]
[2025-12-06T01:36:27.152+0000] {subprocess.py:93} INFO - [0m01:36:27  7 of 15 START test not_null_mart_market_regime_tech_bubble_ratio ............... [RUN]
[2025-12-06T01:36:27.157+0000] {subprocess.py:93} INFO - [0m01:36:27  1 of 15 PASS accepted_values_mart_forecast_combined_type__history__forecast .... [[32mPASS[0m in 0.30s]
[2025-12-06T01:36:27.162+0000] {subprocess.py:93} INFO - [0m01:36:27  8 of 15 START test not_null_mart_risk_reward_scatter_avg_risk_beta ............. [RUN]
[2025-12-06T01:36:27.325+0000] {subprocess.py:93} INFO - [0m01:36:27  6 of 15 PASS not_null_mart_market_regime_date .................................. [[32mPASS[0m in 0.18s]
[2025-12-06T01:36:27.330+0000] {subprocess.py:93} INFO - [0m01:36:27  5 of 15 PASS not_null_mart_forecast_combined_type .............................. [[32mPASS[0m in 0.21s]
[2025-12-06T01:36:27.332+0000] {subprocess.py:93} INFO - [0m01:36:27  9 of 15 START test not_null_mart_risk_reward_scatter_investment_type ........... [RUN]
[2025-12-06T01:36:27.334+0000] {subprocess.py:93} INFO - [0m01:36:27  10 of 15 START test not_null_mart_risk_reward_scatter_sector_name .............. [RUN]
[2025-12-06T01:36:27.350+0000] {subprocess.py:93} INFO - [0m01:36:27  7 of 15 PASS not_null_mart_market_regime_tech_bubble_ratio ..................... [[32mPASS[0m in 0.20s]
[2025-12-06T01:36:27.353+0000] {subprocess.py:93} INFO - [0m01:36:27  11 of 15 START test not_null_mart_risk_reward_scatter_symbol ................... [RUN]
[2025-12-06T01:36:27.373+0000] {subprocess.py:93} INFO - [0m01:36:27  8 of 15 PASS not_null_mart_risk_reward_scatter_avg_risk_beta ................... [[32mPASS[0m in 0.21s]
[2025-12-06T01:36:27.374+0000] {subprocess.py:93} INFO - [0m01:36:27  12 of 15 START test not_null_mart_risk_reward_scatter_total_return_pct ......... [RUN]
[2025-12-06T01:36:27.517+0000] {subprocess.py:93} INFO - [0m01:36:27  10 of 15 PASS not_null_mart_risk_reward_scatter_sector_name .................... [[32mPASS[0m in 0.18s]
[2025-12-06T01:36:27.520+0000] {subprocess.py:93} INFO - [0m01:36:27  13 of 15 START test unique_mart_forecast_combined__symbol_date_ ................ [RUN]
[2025-12-06T01:36:27.543+0000] {subprocess.py:93} INFO - [0m01:36:27  11 of 15 PASS not_null_mart_risk_reward_scatter_symbol ......................... [[32mPASS[0m in 0.19s]
[2025-12-06T01:36:27.544+0000] {subprocess.py:93} INFO - [0m01:36:27  14 of 15 START test unique_mart_market_regime_date ............................. [RUN]
[2025-12-06T01:36:27.560+0000] {subprocess.py:93} INFO - [0m01:36:27  12 of 15 PASS not_null_mart_risk_reward_scatter_total_return_pct ............... [[32mPASS[0m in 0.19s]
[2025-12-06T01:36:27.561+0000] {subprocess.py:93} INFO - [0m01:36:27  15 of 15 START test unique_mart_risk_reward_scatter_symbol ..................... [RUN]
[2025-12-06T01:36:27.569+0000] {subprocess.py:93} INFO - [0m01:36:27  9 of 15 PASS not_null_mart_risk_reward_scatter_investment_type ................. [[32mPASS[0m in 0.24s]
[2025-12-06T01:36:27.787+0000] {subprocess.py:93} INFO - [0m01:36:27  15 of 15 PASS unique_mart_risk_reward_scatter_symbol ........................... [[32mPASS[0m in 0.22s]
[2025-12-06T01:36:27.790+0000] {subprocess.py:93} INFO - [0m01:36:27  14 of 15 PASS unique_mart_market_regime_date ................................... [[32mPASS[0m in 0.25s]
[2025-12-06T01:36:27.813+0000] {subprocess.py:93} INFO - [0m01:36:27  13 of 15 PASS unique_mart_forecast_combined__symbol_date_ ...................... [[32mPASS[0m in 0.29s]
[2025-12-06T01:36:28.377+0000] {subprocess.py:93} INFO - [0m01:36:28
[2025-12-06T01:36:28.379+0000] {subprocess.py:93} INFO - [0m01:36:28  Finished running 15 data tests in 0 hours 0 minutes and 2.69 seconds (2.69s).
[2025-12-06T01:36:28.427+0000] {subprocess.py:93} INFO - [0m01:36:28
[2025-12-06T01:36:28.427+0000] {subprocess.py:93} INFO - [0m01:36:28  [32mCompleted successfully[0m
[2025-12-06T01:36:28.427+0000] {subprocess.py:93} INFO - [0m01:36:28
[2025-12-06T01:36:28.428+0000] {subprocess.py:93} INFO - [0m01:36:28  Done. PASS=15 WARN=0 ERROR=0 SKIP=0 NO-OP=0 TOTAL=15
[2025-12-06T01:36:28.947+0000] {subprocess.py:97} INFO - Command exited with return code 0
[2025-12-06T01:36:28.959+0000] {taskinstance.py:340} INFO - ::group::Post task execution logs
[2025-12-06T01:36:28.959+0000] {taskinstance.py:352} INFO - Marking task as SUCCESS. dag_id=TrainPredict, task_id=dbt_run_downstream_dashboards, run_id=manual__2025-12-06T01:27:37.023416+00:00, execution_date=20251206T012737, start_date=20251206T013618, end_date=20251206T013628
[2025-12-06T01:36:28.993+0000] {local_task_job_runner.py:266} INFO - Task exited with return code 0
[2025-12-06T01:36:28.999+0000] {taskinstance.py:3900} INFO - 0 downstream tasks scheduled from follow-on schedule check
[2025-12-06T01:36:28.999+0000] {local_task_job_runner.py:245} INFO - ::endgroup::
