[2025-12-02T21:47:55.658+0000] {local_task_job_runner.py:123} INFO - ::group::Pre task execution logs
[2025-12-02T21:47:55.667+0000] {taskinstance.py:2612} INFO - Dependencies all met for dep_context=non-requeueable deps ti=<TaskInstance: elt_dbt_downstream.dbt_run_downstream manual__2025-12-02T21:45:06.228398+00:00 [queued]>
[2025-12-02T21:47:55.670+0000] {taskinstance.py:2612} INFO - Dependencies all met for dep_context=requeueable deps ti=<TaskInstance: elt_dbt_downstream.dbt_run_downstream manual__2025-12-02T21:45:06.228398+00:00 [queued]>
[2025-12-02T21:47:55.670+0000] {taskinstance.py:2865} INFO - Starting attempt 1 of 2
[2025-12-02T21:47:55.674+0000] {taskinstance.py:2888} INFO - Executing <Task(BashOperator): dbt_run_downstream> on 2025-12-02 21:45:06.228398+00:00
[2025-12-02T21:47:55.678+0000] {standard_task_runner.py:104} INFO - Running: ['***', 'tasks', 'run', 'elt_dbt_downstream', 'dbt_run_downstream', 'manual__2025-12-02T21:45:06.228398+00:00', '--job-id', '117', '--raw', '--subdir', 'DAGS_FOLDER/elt_dbt_downstream.py', '--cfg-path', '/tmp/tmpffi1gzht']
[2025-12-02T21:47:55.680+0000] {standard_task_runner.py:105} INFO - Job 117: Subtask dbt_run_downstream
[2025-12-02T21:47:55.680+0000] {logging_mixin.py:190} WARNING - /home/***/.local/lib/python3.12/site-packages/***/task/task_runner/standard_task_runner.py:70 DeprecationWarning: This process (pid=730) is multi-threaded, use of fork() may lead to deadlocks in the child.
[2025-12-02T21:47:55.682+0000] {standard_task_runner.py:72} INFO - Started process 731 to run task
[2025-12-02T21:47:55.699+0000] {task_command.py:467} INFO - Running <TaskInstance: elt_dbt_downstream.dbt_run_downstream manual__2025-12-02T21:45:06.228398+00:00 [running]> on host 0178cd4bc9d5
[2025-12-02T21:47:55.730+0000] {taskinstance.py:3131} INFO - Exporting env vars: AIRFLOW_CTX_DAG_OWNER='***' AIRFLOW_CTX_DAG_ID='elt_dbt_downstream' AIRFLOW_CTX_TASK_ID='dbt_run_downstream' AIRFLOW_CTX_EXECUTION_DATE='2025-12-02T21:45:06.228398+00:00' AIRFLOW_CTX_TRY_NUMBER='1' AIRFLOW_CTX_DAG_RUN_ID='manual__2025-12-02T21:45:06.228398+00:00'
[2025-12-02T21:47:55.730+0000] {taskinstance.py:731} INFO - ::endgroup::
[2025-12-02T21:47:55.737+0000] {subprocess.py:63} INFO - Tmp dir root location: /tmp
[2025-12-02T21:47:55.737+0000] {subprocess.py:75} INFO - Running command: ['/usr/bin/bash', '-c', 'set -euo pipefail;cd /opt/***/dbt/stock_analytics && dbt run --select mart_forecast_combined mart_risk_reward_scatter mart_market_regime --profiles-dir /opt/***/dbt']
[2025-12-02T21:47:55.741+0000] {subprocess.py:86} INFO - Output:
[2025-12-02T21:47:56.647+0000] {subprocess.py:93} INFO - [0m21:47:56  Running with dbt=1.11.0-rc1
[2025-12-02T21:47:56.841+0000] {subprocess.py:93} INFO - [0m21:47:56  Registered adapter: snowflake=1.10.3
[2025-12-02T21:47:57.054+0000] {subprocess.py:93} INFO - [0m21:47:57  Found 6 models, 28 data tests, 1 seed, 2 sources, 504 macros
[2025-12-02T21:47:57.055+0000] {subprocess.py:93} INFO - [0m21:47:57
[2025-12-02T21:47:57.056+0000] {subprocess.py:93} INFO - [0m21:47:57  Concurrency: 4 threads (target='dev')
[2025-12-02T21:47:57.056+0000] {subprocess.py:93} INFO - [0m21:47:57
[2025-12-02T21:47:58.120+0000] {subprocess.py:93} INFO - [0m21:47:58  1 of 3 START sql table model PUBLIC_ANALYTICS.mart_forecast_combined ........... [RUN]
[2025-12-02T21:47:58.121+0000] {subprocess.py:93} INFO - [0m21:47:58  2 of 3 START sql table model PUBLIC_ANALYTICS.mart_market_regime ............... [RUN]
[2025-12-02T21:47:58.122+0000] {subprocess.py:93} INFO - [0m21:47:58  3 of 3 START sql table model PUBLIC_ANALYTICS.mart_risk_reward_scatter ......... [RUN]
[2025-12-02T21:47:59.454+0000] {subprocess.py:93} INFO - [0m21:47:59  2 of 3 OK created sql table model PUBLIC_ANALYTICS.mart_market_regime .......... [[32mSUCCESS 1[0m in 1.33s]
[2025-12-02T21:47:59.729+0000] {subprocess.py:93} INFO - [0m21:47:59  3 of 3 OK created sql table model PUBLIC_ANALYTICS.mart_risk_reward_scatter .... [[32mSUCCESS 1[0m in 1.61s]
[2025-12-02T21:47:59.791+0000] {subprocess.py:93} INFO - [0m21:47:59  1 of 3 OK created sql table model PUBLIC_ANALYTICS.mart_forecast_combined ...... [[32mSUCCESS 1[0m in 1.67s]
[2025-12-02T21:48:00.247+0000] {subprocess.py:93} INFO - [0m21:48:00
[2025-12-02T21:48:00.249+0000] {subprocess.py:93} INFO - [0m21:48:00  Finished running 3 table models in 0 hours 0 minutes and 3.19 seconds (3.19s).
[2025-12-02T21:48:00.294+0000] {subprocess.py:93} INFO - [0m21:48:00
[2025-12-02T21:48:00.294+0000] {subprocess.py:93} INFO - [0m21:48:00  [32mCompleted successfully[0m
[2025-12-02T21:48:00.294+0000] {subprocess.py:93} INFO - [0m21:48:00
[2025-12-02T21:48:00.295+0000] {subprocess.py:93} INFO - [0m21:48:00  Done. PASS=3 WARN=0 ERROR=0 SKIP=0 NO-OP=0 TOTAL=3
[2025-12-02T21:48:00.856+0000] {subprocess.py:97} INFO - Command exited with return code 0
[2025-12-02T21:48:00.865+0000] {taskinstance.py:340} INFO - ::group::Post task execution logs
[2025-12-02T21:48:00.865+0000] {taskinstance.py:352} INFO - Marking task as SUCCESS. dag_id=elt_dbt_downstream, task_id=dbt_run_downstream, run_id=manual__2025-12-02T21:45:06.228398+00:00, execution_date=20251202T214506, start_date=20251202T214755, end_date=20251202T214800
[2025-12-02T21:48:00.911+0000] {local_task_job_runner.py:266} INFO - Task exited with return code 0
[2025-12-02T21:48:00.919+0000] {taskinstance.py:3900} INFO - 1 downstream tasks scheduled from follow-on schedule check
[2025-12-02T21:48:00.920+0000] {local_task_job_runner.py:245} INFO - ::endgroup::
