[2025-12-02T22:24:17.352+0000] {local_task_job_runner.py:123} INFO - ::group::Pre task execution logs
[2025-12-02T22:24:17.358+0000] {taskinstance.py:2612} INFO - Dependencies all met for dep_context=non-requeueable deps ti=<TaskInstance: elt_dbt_upstream.dbt_run_upstream manual__2025-12-02T22:23:07.093728+00:00 [queued]>
[2025-12-02T22:24:17.361+0000] {taskinstance.py:2612} INFO - Dependencies all met for dep_context=requeueable deps ti=<TaskInstance: elt_dbt_upstream.dbt_run_upstream manual__2025-12-02T22:23:07.093728+00:00 [queued]>
[2025-12-02T22:24:17.361+0000] {taskinstance.py:2865} INFO - Starting attempt 1 of 2
[2025-12-02T22:24:17.365+0000] {taskinstance.py:2888} INFO - Executing <Task(BashOperator): dbt_run_upstream> on 2025-12-02 22:23:07.093728+00:00
[2025-12-02T22:24:17.368+0000] {standard_task_runner.py:104} INFO - Running: ['***', 'tasks', 'run', 'elt_dbt_upstream', 'dbt_run_upstream', 'manual__2025-12-02T22:23:07.093728+00:00', '--job-id', '130', '--raw', '--subdir', 'DAGS_FOLDER/elt_dbt_upstream.py', '--cfg-path', '/tmp/tmpqo2ll8i_']
[2025-12-02T22:24:17.369+0000] {standard_task_runner.py:105} INFO - Job 130: Subtask dbt_run_upstream
[2025-12-02T22:24:17.369+0000] {logging_mixin.py:190} WARNING - /home/***/.local/lib/python3.12/site-packages/***/task/task_runner/standard_task_runner.py:70 DeprecationWarning: This process (pid=400) is multi-threaded, use of fork() may lead to deadlocks in the child.
[2025-12-02T22:24:17.370+0000] {standard_task_runner.py:72} INFO - Started process 401 to run task
[2025-12-02T22:24:17.384+0000] {task_command.py:467} INFO - Running <TaskInstance: elt_dbt_upstream.dbt_run_upstream manual__2025-12-02T22:23:07.093728+00:00 [running]> on host 7687cf4a9cf6
[2025-12-02T22:24:17.411+0000] {taskinstance.py:3131} INFO - Exporting env vars: AIRFLOW_CTX_DAG_OWNER='***' AIRFLOW_CTX_DAG_ID='elt_dbt_upstream' AIRFLOW_CTX_TASK_ID='dbt_run_upstream' AIRFLOW_CTX_EXECUTION_DATE='2025-12-02T22:23:07.093728+00:00' AIRFLOW_CTX_TRY_NUMBER='1' AIRFLOW_CTX_DAG_RUN_ID='manual__2025-12-02T22:23:07.093728+00:00'
[2025-12-02T22:24:17.411+0000] {taskinstance.py:731} INFO - ::endgroup::
[2025-12-02T22:24:17.417+0000] {subprocess.py:63} INFO - Tmp dir root location: /tmp
[2025-12-02T22:24:17.417+0000] {subprocess.py:75} INFO - Running command: ['/usr/bin/bash', '-c', 'set -euo pipefail;cd /opt/***/dbt/stock_analytics && dbt run --select +mart_sector_volatility --profiles-dir /opt/***/dbt']
[2025-12-02T22:24:17.420+0000] {subprocess.py:86} INFO - Output:
[2025-12-02T22:24:18.259+0000] {subprocess.py:93} INFO - [0m22:24:18  Running with dbt=1.11.0-rc1
[2025-12-02T22:24:18.492+0000] {subprocess.py:93} INFO - [0m22:24:18  Registered adapter: snowflake=1.10.3
[2025-12-02T22:24:18.814+0000] {subprocess.py:93} INFO - [0m22:24:18  Found 6 models, 30 data tests, 1 seed, 2 sources, 504 macros
[2025-12-02T22:24:18.815+0000] {subprocess.py:93} INFO - [0m22:24:18
[2025-12-02T22:24:18.816+0000] {subprocess.py:93} INFO - [0m22:24:18  Concurrency: 4 threads (target='dev')
[2025-12-02T22:24:18.816+0000] {subprocess.py:93} INFO - [0m22:24:18
[2025-12-02T22:24:19.796+0000] {subprocess.py:93} INFO - [0m22:24:19  1 of 3 START sql view model PUBLIC_STAGING.stg_market_data ..................... [RUN]
[2025-12-02T22:24:20.267+0000] {subprocess.py:93} INFO - [0m22:24:20  1 of 3 OK created sql view model PUBLIC_STAGING.stg_market_data ................ [[32mSUCCESS 1[0m in 0.47s]
[2025-12-02T22:24:20.269+0000] {subprocess.py:93} INFO - [0m22:24:20  2 of 3 START sql view model PUBLIC_INTERMEDIATE.int_daily_returns .............. [RUN]
[2025-12-02T22:24:20.658+0000] {subprocess.py:93} INFO - [0m22:24:20  2 of 3 OK created sql view model PUBLIC_INTERMEDIATE.int_daily_returns ......... [[32mSUCCESS 1[0m in 0.39s]
[2025-12-02T22:24:20.661+0000] {subprocess.py:93} INFO - [0m22:24:20  3 of 3 START sql table model PUBLIC_ANALYTICS.mart_sector_volatility ........... [RUN]
[2025-12-02T22:24:22.297+0000] {subprocess.py:93} INFO - [0m22:24:22  3 of 3 OK created sql table model PUBLIC_ANALYTICS.mart_sector_volatility ...... [[32mSUCCESS 1[0m in 1.63s]
[2025-12-02T22:24:22.837+0000] {subprocess.py:93} INFO - [0m22:24:22
[2025-12-02T22:24:22.839+0000] {subprocess.py:93} INFO - [0m22:24:22  Finished running 1 table model, 2 view models in 0 hours 0 minutes and 4.02 seconds (4.02s).
[2025-12-02T22:24:22.885+0000] {subprocess.py:93} INFO - [0m22:24:22
[2025-12-02T22:24:22.885+0000] {subprocess.py:93} INFO - [0m22:24:22  [32mCompleted successfully[0m
[2025-12-02T22:24:22.885+0000] {subprocess.py:93} INFO - [0m22:24:22
[2025-12-02T22:24:22.886+0000] {subprocess.py:93} INFO - [0m22:24:22  Done. PASS=3 WARN=0 ERROR=0 SKIP=0 NO-OP=0 TOTAL=3
[2025-12-02T22:24:23.419+0000] {subprocess.py:97} INFO - Command exited with return code 0
[2025-12-02T22:24:23.428+0000] {taskinstance.py:340} INFO - ::group::Post task execution logs
[2025-12-02T22:24:23.428+0000] {taskinstance.py:352} INFO - Marking task as SUCCESS. dag_id=elt_dbt_upstream, task_id=dbt_run_upstream, run_id=manual__2025-12-02T22:23:07.093728+00:00, execution_date=20251202T222307, start_date=20251202T222417, end_date=20251202T222423
[2025-12-02T22:24:23.451+0000] {local_task_job_runner.py:266} INFO - Task exited with return code 0
[2025-12-02T22:24:23.457+0000] {taskinstance.py:3900} INFO - 1 downstream tasks scheduled from follow-on schedule check
[2025-12-02T22:24:23.458+0000] {local_task_job_runner.py:245} INFO - ::endgroup::
