[2025-12-02T20:59:11.986+0000] {local_task_job_runner.py:123} INFO - ::group::Pre task execution logs
[2025-12-02T20:59:12.016+0000] {taskinstance.py:2612} INFO - Dependencies all met for dep_context=non-requeueable deps ti=<TaskInstance: elt_dbt_downstream.dbt_run_downstream scheduled__2025-12-01T04:00:00+00:00 [queued]>
[2025-12-02T20:59:12.031+0000] {taskinstance.py:2612} INFO - Dependencies all met for dep_context=requeueable deps ti=<TaskInstance: elt_dbt_downstream.dbt_run_downstream scheduled__2025-12-01T04:00:00+00:00 [queued]>
[2025-12-02T20:59:12.031+0000] {taskinstance.py:2865} INFO - Starting attempt 2 of 3
[2025-12-02T20:59:12.053+0000] {taskinstance.py:2888} INFO - Executing <Task(BashOperator): dbt_run_downstream> on 2025-12-01 04:00:00+00:00
[2025-12-02T20:59:12.059+0000] {logging_mixin.py:190} WARNING - /home/***/.local/lib/python3.12/site-packages/***/task/task_runner/standard_task_runner.py:70 DeprecationWarning: This process (pid=1302) is multi-threaded, use of fork() may lead to deadlocks in the child.
[2025-12-02T20:59:12.060+0000] {standard_task_runner.py:104} INFO - Running: ['***', 'tasks', 'run', 'elt_dbt_downstream', 'dbt_run_downstream', 'scheduled__2025-12-01T04:00:00+00:00', '--job-id', '94', '--raw', '--subdir', 'DAGS_FOLDER/elt_dbt_downstream.py', '--cfg-path', '/tmp/tmpmsxgxc7k']
[2025-12-02T20:59:12.062+0000] {standard_task_runner.py:105} INFO - Job 94: Subtask dbt_run_downstream
[2025-12-02T20:59:12.062+0000] {standard_task_runner.py:72} INFO - Started process 1303 to run task
[2025-12-02T20:59:12.115+0000] {task_command.py:467} INFO - Running <TaskInstance: elt_dbt_downstream.dbt_run_downstream scheduled__2025-12-01T04:00:00+00:00 [running]> on host 2e122a66e6c3
[2025-12-02T20:59:12.166+0000] {taskinstance.py:3131} INFO - Exporting env vars: AIRFLOW_CTX_DAG_OWNER='***' AIRFLOW_CTX_DAG_ID='elt_dbt_downstream' AIRFLOW_CTX_TASK_ID='dbt_run_downstream' AIRFLOW_CTX_EXECUTION_DATE='2025-12-01T04:00:00+00:00' AIRFLOW_CTX_TRY_NUMBER='2' AIRFLOW_CTX_DAG_RUN_ID='scheduled__2025-12-01T04:00:00+00:00'
[2025-12-02T20:59:12.167+0000] {taskinstance.py:731} INFO - ::endgroup::
[2025-12-02T20:59:12.175+0000] {subprocess.py:63} INFO - Tmp dir root location: /tmp
[2025-12-02T20:59:12.176+0000] {subprocess.py:75} INFO - Running command: ['/usr/bin/bash', '-c', 'set -euo pipefail;cd /opt/***/dbt/stock_analytics && dbt run --select mart_forecast_combined mart_risk_reward_scatter mart_market_regime --profiles-dir /opt/***/dbt']
[2025-12-02T20:59:12.179+0000] {subprocess.py:86} INFO - Output:
[2025-12-02T20:59:13.072+0000] {subprocess.py:93} INFO - [0m20:59:13  Running with dbt=1.11.0-rc1
[2025-12-02T20:59:13.239+0000] {subprocess.py:93} INFO - [0m20:59:13  Registered adapter: snowflake=1.10.3
[2025-12-02T20:59:13.451+0000] {subprocess.py:93} INFO - [0m20:59:13  Found 6 models, 27 data tests, 1 seed, 2 sources, 504 macros
[2025-12-02T20:59:13.452+0000] {subprocess.py:93} INFO - [0m20:59:13
[2025-12-02T20:59:13.452+0000] {subprocess.py:93} INFO - [0m20:59:13  Concurrency: 4 threads (target='dev')
[2025-12-02T20:59:13.453+0000] {subprocess.py:93} INFO - [0m20:59:13
[2025-12-02T20:59:14.467+0000] {subprocess.py:93} INFO - [0m20:59:14  1 of 3 START sql table model PUBLIC_ANALYTICS.mart_forecast_combined ........... [RUN]
[2025-12-02T20:59:14.468+0000] {subprocess.py:93} INFO - [0m20:59:14  2 of 3 START sql table model PUBLIC_ANALYTICS.mart_market_regime ............... [RUN]
[2025-12-02T20:59:14.469+0000] {subprocess.py:93} INFO - [0m20:59:14  3 of 3 START sql table model PUBLIC_ANALYTICS.mart_risk_reward_scatter ......... [RUN]
[2025-12-02T20:59:15.218+0000] {subprocess.py:93} INFO - [0m20:59:15  2 of 3 OK created sql table model PUBLIC_ANALYTICS.mart_market_regime .......... [[32mSUCCESS 1[0m in 0.75s]
[2025-12-02T20:59:15.321+0000] {subprocess.py:93} INFO - [0m20:59:15  1 of 3 OK created sql table model PUBLIC_ANALYTICS.mart_forecast_combined ...... [[32mSUCCESS 1[0m in 0.85s]
[2025-12-02T20:59:15.574+0000] {subprocess.py:93} INFO - [0m20:59:15  3 of 3 OK created sql table model PUBLIC_ANALYTICS.mart_risk_reward_scatter .... [[32mSUCCESS 1[0m in 1.10s]
[2025-12-02T20:59:16.088+0000] {subprocess.py:93} INFO - [0m20:59:16
[2025-12-02T20:59:16.089+0000] {subprocess.py:93} INFO - [0m20:59:16  Finished running 3 table models in 0 hours 0 minutes and 2.63 seconds (2.63s).
[2025-12-02T20:59:16.134+0000] {subprocess.py:93} INFO - [0m20:59:16
[2025-12-02T20:59:16.135+0000] {subprocess.py:93} INFO - [0m20:59:16  [32mCompleted successfully[0m
[2025-12-02T20:59:16.135+0000] {subprocess.py:93} INFO - [0m20:59:16
[2025-12-02T20:59:16.136+0000] {subprocess.py:93} INFO - [0m20:59:16  Done. PASS=3 WARN=0 ERROR=0 SKIP=0 NO-OP=0 TOTAL=3
[2025-12-02T20:59:16.693+0000] {subprocess.py:97} INFO - Command exited with return code 0
[2025-12-02T20:59:16.701+0000] {taskinstance.py:340} INFO - ::group::Post task execution logs
[2025-12-02T20:59:16.702+0000] {taskinstance.py:352} INFO - Marking task as SUCCESS. dag_id=elt_dbt_downstream, task_id=dbt_run_downstream, run_id=scheduled__2025-12-01T04:00:00+00:00, execution_date=20251201T040000, start_date=20251202T205912, end_date=20251202T205916
[2025-12-02T20:59:16.716+0000] {local_task_job_runner.py:266} INFO - Task exited with return code 0
[2025-12-02T20:59:16.724+0000] {taskinstance.py:3900} INFO - 1 downstream tasks scheduled from follow-on schedule check
[2025-12-02T20:59:16.724+0000] {local_task_job_runner.py:245} INFO - ::endgroup::
