[2025-12-02T20:53:55.266+0000] {local_task_job_runner.py:123} INFO - ::group::Pre task execution logs
[2025-12-02T20:53:55.273+0000] {taskinstance.py:2612} INFO - Dependencies all met for dep_context=non-requeueable deps ti=<TaskInstance: elt_dbt_downstream.dbt_run_downstream scheduled__2025-12-01T04:00:00+00:00 [queued]>
[2025-12-02T20:53:55.276+0000] {taskinstance.py:2612} INFO - Dependencies all met for dep_context=requeueable deps ti=<TaskInstance: elt_dbt_downstream.dbt_run_downstream scheduled__2025-12-01T04:00:00+00:00 [queued]>
[2025-12-02T20:53:55.276+0000] {taskinstance.py:2865} INFO - Starting attempt 1 of 2
[2025-12-02T20:53:55.280+0000] {taskinstance.py:2888} INFO - Executing <Task(BashOperator): dbt_run_downstream> on 2025-12-01 04:00:00+00:00
[2025-12-02T20:53:55.284+0000] {logging_mixin.py:190} WARNING - /home/***/.local/lib/python3.12/site-packages/***/task/task_runner/standard_task_runner.py:70 DeprecationWarning: This process (pid=911) is multi-threaded, use of fork() may lead to deadlocks in the child.
[2025-12-02T20:53:55.284+0000] {standard_task_runner.py:72} INFO - Started process 912 to run task
[2025-12-02T20:53:55.284+0000] {standard_task_runner.py:104} INFO - Running: ['***', 'tasks', 'run', 'elt_dbt_downstream', 'dbt_run_downstream', 'scheduled__2025-12-01T04:00:00+00:00', '--job-id', '87', '--raw', '--subdir', 'DAGS_FOLDER/elt_dbt_downstream.py', '--cfg-path', '/tmp/tmpbamtuksj']
[2025-12-02T20:53:55.285+0000] {standard_task_runner.py:105} INFO - Job 87: Subtask dbt_run_downstream
[2025-12-02T20:53:55.303+0000] {task_command.py:467} INFO - Running <TaskInstance: elt_dbt_downstream.dbt_run_downstream scheduled__2025-12-01T04:00:00+00:00 [running]> on host 2e122a66e6c3
[2025-12-02T20:53:55.331+0000] {taskinstance.py:3131} INFO - Exporting env vars: AIRFLOW_CTX_DAG_OWNER='***' AIRFLOW_CTX_DAG_ID='elt_dbt_downstream' AIRFLOW_CTX_TASK_ID='dbt_run_downstream' AIRFLOW_CTX_EXECUTION_DATE='2025-12-01T04:00:00+00:00' AIRFLOW_CTX_TRY_NUMBER='1' AIRFLOW_CTX_DAG_RUN_ID='scheduled__2025-12-01T04:00:00+00:00'
[2025-12-02T20:53:55.331+0000] {taskinstance.py:731} INFO - ::endgroup::
[2025-12-02T20:53:55.337+0000] {subprocess.py:63} INFO - Tmp dir root location: /tmp
[2025-12-02T20:53:55.338+0000] {subprocess.py:75} INFO - Running command: ['/usr/bin/bash', '-c', 'set -euo pipefail;cd /opt/***/dbt/stock_analytics && dbt run --select mart_forecast_combined mart_risk_reward_scatter mart_market_regime --profiles-dir /opt/***/dbt']
[2025-12-02T20:53:55.341+0000] {subprocess.py:86} INFO - Output:
[2025-12-02T20:53:56.332+0000] {subprocess.py:93} INFO - [0m20:53:56  Running with dbt=1.11.0-rc1
[2025-12-02T20:53:56.525+0000] {subprocess.py:93} INFO - [0m20:53:56  Registered adapter: snowflake=1.10.3
[2025-12-02T20:53:56.743+0000] {subprocess.py:93} INFO - [0m20:53:56  Found 6 models, 27 data tests, 1 seed, 2 sources, 504 macros
[2025-12-02T20:53:56.745+0000] {subprocess.py:93} INFO - [0m20:53:56
[2025-12-02T20:53:56.745+0000] {subprocess.py:93} INFO - [0m20:53:56  Concurrency: 4 threads (target='dev')
[2025-12-02T20:53:56.745+0000] {subprocess.py:93} INFO - [0m20:53:56
[2025-12-02T20:53:57.879+0000] {subprocess.py:93} INFO - [0m20:53:57  1 of 3 START sql table model PUBLIC_ANALYTICS.mart_forecast_combined ........... [RUN]
[2025-12-02T20:53:57.880+0000] {subprocess.py:93} INFO - [0m20:53:57  2 of 3 START sql table model PUBLIC_ANALYTICS.mart_market_regime ............... [RUN]
[2025-12-02T20:53:57.881+0000] {subprocess.py:93} INFO - [0m20:53:57  3 of 3 START sql table model PUBLIC_ANALYTICS.mart_risk_reward_scatter ......... [RUN]
[2025-12-02T20:53:58.897+0000] {subprocess.py:93} INFO - [0m20:53:58  2 of 3 OK created sql table model PUBLIC_ANALYTICS.mart_market_regime .......... [[32mSUCCESS 1[0m in 1.01s]
[2025-12-02T20:53:58.904+0000] {subprocess.py:93} INFO - [0m20:53:58  1 of 3 OK created sql table model PUBLIC_ANALYTICS.mart_forecast_combined ...... [[32mSUCCESS 1[0m in 1.02s]
[2025-12-02T20:53:59.051+0000] {subprocess.py:93} INFO - [0m20:53:59  3 of 3 OK created sql table model PUBLIC_ANALYTICS.mart_risk_reward_scatter .... [[32mSUCCESS 1[0m in 1.17s]
[2025-12-02T20:53:59.587+0000] {subprocess.py:93} INFO - [0m20:53:59
[2025-12-02T20:53:59.588+0000] {subprocess.py:93} INFO - [0m20:53:59  Finished running 3 table models in 0 hours 0 minutes and 2.84 seconds (2.84s).
[2025-12-02T20:53:59.635+0000] {subprocess.py:93} INFO - [0m20:53:59
[2025-12-02T20:53:59.635+0000] {subprocess.py:93} INFO - [0m20:53:59  [32mCompleted successfully[0m
[2025-12-02T20:53:59.635+0000] {subprocess.py:93} INFO - [0m20:53:59
[2025-12-02T20:53:59.636+0000] {subprocess.py:93} INFO - [0m20:53:59  Done. PASS=3 WARN=0 ERROR=0 SKIP=0 NO-OP=0 TOTAL=3
[2025-12-02T20:54:00.238+0000] {subprocess.py:97} INFO - Command exited with return code 0
[2025-12-02T20:54:00.247+0000] {taskinstance.py:340} INFO - ::group::Post task execution logs
[2025-12-02T20:54:00.247+0000] {taskinstance.py:352} INFO - Marking task as SUCCESS. dag_id=elt_dbt_downstream, task_id=dbt_run_downstream, run_id=scheduled__2025-12-01T04:00:00+00:00, execution_date=20251201T040000, start_date=20251202T205355, end_date=20251202T205400
[2025-12-02T20:54:00.273+0000] {local_task_job_runner.py:266} INFO - Task exited with return code 0
[2025-12-02T20:54:00.281+0000] {taskinstance.py:3900} INFO - 1 downstream tasks scheduled from follow-on schedule check
[2025-12-02T20:54:00.282+0000] {local_task_job_runner.py:245} INFO - ::endgroup::
[2025-12-02T20:54:00.286+0000] {standard_task_runner.py:217} INFO - Process not found (most likely exited), stop collecting metrics
