[2025-11-21T02:30:13.406+0000] {local_task_job_runner.py:123} INFO - ::group::Pre task execution logs
[2025-11-21T02:30:13.410+0000] {taskinstance.py:2612} INFO - Dependencies all met for dep_context=non-requeueable deps ti=<TaskInstance: market_data_ingest.dq_no_dupes scheduled__2025-11-20T02:30:00+00:00 [queued]>
[2025-11-21T02:30:13.413+0000] {taskinstance.py:2612} INFO - Dependencies all met for dep_context=requeueable deps ti=<TaskInstance: market_data_ingest.dq_no_dupes scheduled__2025-11-20T02:30:00+00:00 [queued]>
[2025-11-21T02:30:13.413+0000] {taskinstance.py:2865} INFO - Starting attempt 1 of 2
[2025-11-21T02:30:13.417+0000] {taskinstance.py:2888} INFO - Executing <Task(PythonOperator): dq_no_dupes> on 2025-11-20 02:30:00+00:00
[2025-11-21T02:30:13.420+0000] {logging_mixin.py:190} WARNING - /home/***/.local/lib/python3.12/site-packages/***/task/task_runner/standard_task_runner.py:70 DeprecationWarning: This process (pid=1679) is multi-threaded, use of fork() may lead to deadlocks in the child.
[2025-11-21T02:30:13.421+0000] {standard_task_runner.py:72} INFO - Started process 1682 to run task
[2025-11-21T02:30:13.421+0000] {standard_task_runner.py:104} INFO - Running: ['***', 'tasks', 'run', 'market_data_ingest', 'dq_no_dupes', 'scheduled__2025-11-20T02:30:00+00:00', '--job-id', '25', '--raw', '--subdir', 'DAGS_FOLDER/market_data_ingest.py', '--cfg-path', '/tmp/tmpcdxuc8ss']
[2025-11-21T02:30:13.422+0000] {standard_task_runner.py:105} INFO - Job 25: Subtask dq_no_dupes
[2025-11-21T02:30:13.436+0000] {task_command.py:467} INFO - Running <TaskInstance: market_data_ingest.dq_no_dupes scheduled__2025-11-20T02:30:00+00:00 [running]> on host 1b75444ae0b9
[2025-11-21T02:30:13.544+0000] {taskinstance.py:3131} INFO - Exporting env vars: AIRFLOW_CTX_DAG_OWNER='data' AIRFLOW_CTX_DAG_ID='market_data_ingest' AIRFLOW_CTX_TASK_ID='dq_no_dupes' AIRFLOW_CTX_EXECUTION_DATE='2025-11-20T02:30:00+00:00' AIRFLOW_CTX_TRY_NUMBER='1' AIRFLOW_CTX_DAG_RUN_ID='scheduled__2025-11-20T02:30:00+00:00'
[2025-11-21T02:30:13.544+0000] {taskinstance.py:731} INFO - ::endgroup::
[2025-11-21T02:30:13.552+0000] {base.py:84} INFO - Retrieving connection 'snowflake_conn'
[2025-11-21T02:30:13.552+0000] {connection.py:413} INFO - Snowflake Connector for Python Version: 3.12.1, Python Version: 3.12.5, Platform: Linux-6.10.14-linuxkit-aarch64-with-glibc2.36
[2025-11-21T02:30:13.553+0000] {connection.py:1196} INFO - Connecting to GLOBAL Snowflake domain
[2025-11-21T02:30:13.553+0000] {connection.py:1277} INFO - This connection is in OCSP Fail Open Mode. TLS Certificates would be checked for validity and revocation status. Any other Certificate Revocation related exceptions or OCSP Responder failures would be disregarded in favor of connectivity.
[2025-11-21T02:30:14.236+0000] {cursor.py:1156} INFO - Number of results in first chunk: 1
[2025-11-21T02:30:14.542+0000] {cursor.py:1156} INFO - Number of results in first chunk: 1
[2025-11-21T02:30:14.942+0000] {cursor.py:1156} INFO - Number of results in first chunk: 1
[2025-11-21T02:30:14.943+0000] {logging_mixin.py:190} INFO - [DQ] total_rows=360 distinct_pairs=360
[2025-11-21T02:30:14.943+0000] {connection.py:788} INFO - closed
[2025-11-21T02:30:14.990+0000] {connection.py:794} INFO - No async queries seem to be running, deleting session
[2025-11-21T02:30:15.073+0000] {python.py:240} INFO - Done. Returned value was: None
[2025-11-21T02:30:15.079+0000] {taskinstance.py:340} INFO - ::group::Post task execution logs
[2025-11-21T02:30:15.079+0000] {taskinstance.py:352} INFO - Marking task as SUCCESS. dag_id=market_data_ingest, task_id=dq_no_dupes, run_id=scheduled__2025-11-20T02:30:00+00:00, execution_date=20251120T023000, start_date=20251121T023013, end_date=20251121T023015
[2025-11-21T02:30:15.109+0000] {local_task_job_runner.py:266} INFO - Task exited with return code 0
[2025-11-21T02:30:15.119+0000] {taskinstance.py:3900} INFO - 0 downstream tasks scheduled from follow-on schedule check
[2025-11-21T02:30:15.119+0000] {local_task_job_runner.py:245} INFO - ::endgroup::
[2025-11-21T23:12:13.039+0000] {local_task_job_runner.py:123} INFO - ::group::Pre task execution logs
[2025-11-21T23:12:13.044+0000] {taskinstance.py:2612} INFO - Dependencies all met for dep_context=non-requeueable deps ti=<TaskInstance: market_data_ingest.dq_no_dupes scheduled__2025-11-20T02:30:00+00:00 [queued]>
[2025-11-21T23:12:13.046+0000] {taskinstance.py:2612} INFO - Dependencies all met for dep_context=requeueable deps ti=<TaskInstance: market_data_ingest.dq_no_dupes scheduled__2025-11-20T02:30:00+00:00 [queued]>
[2025-11-21T23:12:13.046+0000] {taskinstance.py:2865} INFO - Starting attempt 1 of 2
[2025-11-21T23:12:13.049+0000] {taskinstance.py:2888} INFO - Executing <Task(PythonOperator): dq_no_dupes> on 2025-11-20 02:30:00+00:00
[2025-11-21T23:12:13.052+0000] {logging_mixin.py:190} WARNING - /home/***/.local/lib/python3.12/site-packages/***/task/task_runner/standard_task_runner.py:70 DeprecationWarning: This process (pid=532) is multi-threaded, use of fork() may lead to deadlocks in the child.
[2025-11-21T23:12:13.053+0000] {standard_task_runner.py:72} INFO - Started process 535 to run task
[2025-11-21T23:12:13.053+0000] {standard_task_runner.py:104} INFO - Running: ['***', 'tasks', 'run', 'market_data_ingest', 'dq_no_dupes', 'scheduled__2025-11-20T02:30:00+00:00', '--job-id', '12', '--raw', '--subdir', 'DAGS_FOLDER/market_data_ingest.py', '--cfg-path', '/tmp/tmpi5sq58un']
[2025-11-21T23:12:13.054+0000] {standard_task_runner.py:105} INFO - Job 12: Subtask dq_no_dupes
[2025-11-21T23:12:13.068+0000] {task_command.py:467} INFO - Running <TaskInstance: market_data_ingest.dq_no_dupes scheduled__2025-11-20T02:30:00+00:00 [running]> on host 082386e15b60
[2025-11-21T23:12:13.167+0000] {taskinstance.py:3131} INFO - Exporting env vars: AIRFLOW_CTX_DAG_OWNER='data' AIRFLOW_CTX_DAG_ID='market_data_ingest' AIRFLOW_CTX_TASK_ID='dq_no_dupes' AIRFLOW_CTX_EXECUTION_DATE='2025-11-20T02:30:00+00:00' AIRFLOW_CTX_TRY_NUMBER='1' AIRFLOW_CTX_DAG_RUN_ID='scheduled__2025-11-20T02:30:00+00:00'
[2025-11-21T23:12:13.167+0000] {taskinstance.py:731} INFO - ::endgroup::
[2025-11-21T23:12:13.174+0000] {base.py:84} INFO - Retrieving connection 'snowflake_conn'
[2025-11-21T23:12:13.174+0000] {connection.py:413} INFO - Snowflake Connector for Python Version: 3.12.1, Python Version: 3.12.5, Platform: Linux-6.10.14-linuxkit-aarch64-with-glibc2.36
[2025-11-21T23:12:13.174+0000] {connection.py:1196} INFO - Connecting to GLOBAL Snowflake domain
[2025-11-21T23:12:13.174+0000] {connection.py:1277} INFO - This connection is in OCSP Fail Open Mode. TLS Certificates would be checked for validity and revocation status. Any other Certificate Revocation related exceptions or OCSP Responder failures would be disregarded in favor of connectivity.
[2025-11-21T23:12:13.942+0000] {cursor.py:1156} INFO - Number of results in first chunk: 1
[2025-11-21T23:12:14.061+0000] {cursor.py:1156} INFO - Number of results in first chunk: 1
[2025-11-21T23:12:14.817+0000] {cursor.py:1156} INFO - Number of results in first chunk: 1
[2025-11-21T23:12:14.817+0000] {logging_mixin.py:190} INFO - [DQ] total_rows=360 distinct_pairs=360
[2025-11-21T23:12:14.818+0000] {connection.py:788} INFO - closed
[2025-11-21T23:12:14.868+0000] {connection.py:794} INFO - No async queries seem to be running, deleting session
[2025-11-21T23:12:14.961+0000] {python.py:240} INFO - Done. Returned value was: None
[2025-11-21T23:12:14.975+0000] {taskinstance.py:340} INFO - ::group::Post task execution logs
[2025-11-21T23:12:14.976+0000] {taskinstance.py:352} INFO - Marking task as SUCCESS. dag_id=market_data_ingest, task_id=dq_no_dupes, run_id=scheduled__2025-11-20T02:30:00+00:00, execution_date=20251120T023000, start_date=20251121T231213, end_date=20251121T231214
[2025-11-21T23:12:14.995+0000] {local_task_job_runner.py:266} INFO - Task exited with return code 0
[2025-11-21T23:12:15.006+0000] {taskinstance.py:3900} INFO - 0 downstream tasks scheduled from follow-on schedule check
[2025-11-21T23:12:15.007+0000] {local_task_job_runner.py:245} INFO - ::endgroup::
