[2025-12-02T22:53:37.089+0000] {local_task_job_runner.py:123} INFO - ::group::Pre task execution logs
[2025-12-02T22:53:37.096+0000] {taskinstance.py:2612} INFO - Dependencies all met for dep_context=non-requeueable deps ti=<TaskInstance: elt_dbt_downstream.dbt_run_downstream manual__2025-12-02T22:50:04.688942+00:00 [queued]>
[2025-12-02T22:53:37.099+0000] {taskinstance.py:2612} INFO - Dependencies all met for dep_context=requeueable deps ti=<TaskInstance: elt_dbt_downstream.dbt_run_downstream manual__2025-12-02T22:50:04.688942+00:00 [queued]>
[2025-12-02T22:53:37.099+0000] {taskinstance.py:2865} INFO - Starting attempt 1 of 2
[2025-12-02T22:53:37.103+0000] {taskinstance.py:2888} INFO - Executing <Task(BashOperator): dbt_run_downstream> on 2025-12-02 22:50:04.688942+00:00
[2025-12-02T22:53:37.106+0000] {standard_task_runner.py:104} INFO - Running: ['***', 'tasks', 'run', 'elt_dbt_downstream', 'dbt_run_downstream', 'manual__2025-12-02T22:50:04.688942+00:00', '--job-id', '155', '--raw', '--subdir', 'DAGS_FOLDER/elt_dbt_downstream.py', '--cfg-path', '/tmp/tmpo31ynhmp']
[2025-12-02T22:53:37.107+0000] {standard_task_runner.py:105} INFO - Job 155: Subtask dbt_run_downstream
[2025-12-02T22:53:37.107+0000] {logging_mixin.py:190} WARNING - /home/***/.local/lib/python3.12/site-packages/***/task/task_runner/standard_task_runner.py:70 DeprecationWarning: This process (pid=565) is multi-threaded, use of fork() may lead to deadlocks in the child.
[2025-12-02T22:53:37.107+0000] {standard_task_runner.py:72} INFO - Started process 566 to run task
[2025-12-02T22:53:37.121+0000] {task_command.py:467} INFO - Running <TaskInstance: elt_dbt_downstream.dbt_run_downstream manual__2025-12-02T22:50:04.688942+00:00 [running]> on host 3a991512098d
[2025-12-02T22:53:37.145+0000] {taskinstance.py:3131} INFO - Exporting env vars: AIRFLOW_CTX_DAG_OWNER='***' AIRFLOW_CTX_DAG_ID='elt_dbt_downstream' AIRFLOW_CTX_TASK_ID='dbt_run_downstream' AIRFLOW_CTX_EXECUTION_DATE='2025-12-02T22:50:04.688942+00:00' AIRFLOW_CTX_TRY_NUMBER='1' AIRFLOW_CTX_DAG_RUN_ID='manual__2025-12-02T22:50:04.688942+00:00'
[2025-12-02T22:53:37.146+0000] {taskinstance.py:731} INFO - ::endgroup::
[2025-12-02T22:53:37.151+0000] {subprocess.py:63} INFO - Tmp dir root location: /tmp
[2025-12-02T22:53:37.152+0000] {subprocess.py:75} INFO - Running command: ['/usr/bin/bash', '-c', 'set -euo pipefail;cd /opt/***/dbt/stock_analytics && dbt run --select mart_forecast_combined mart_risk_reward_scatter mart_market_regime --profiles-dir /opt/***/dbt']
[2025-12-02T22:53:37.155+0000] {subprocess.py:86} INFO - Output:
[2025-12-02T22:53:38.025+0000] {subprocess.py:93} INFO - [0m22:53:38  Running with dbt=1.11.0-rc1
[2025-12-02T22:53:38.199+0000] {subprocess.py:93} INFO - [0m22:53:38  Registered adapter: snowflake=1.10.3
[2025-12-02T22:53:38.412+0000] {subprocess.py:93} INFO - [0m22:53:38  Found 6 models, 30 data tests, 1 seed, 2 sources, 504 macros
[2025-12-02T22:53:38.414+0000] {subprocess.py:93} INFO - [0m22:53:38
[2025-12-02T22:53:38.414+0000] {subprocess.py:93} INFO - [0m22:53:38  Concurrency: 4 threads (target='dev')
[2025-12-02T22:53:38.414+0000] {subprocess.py:93} INFO - [0m22:53:38
[2025-12-02T22:53:39.545+0000] {subprocess.py:93} INFO - [0m22:53:39  1 of 3 START sql table model PUBLIC_ANALYTICS.mart_forecast_combined ........... [RUN]
[2025-12-02T22:53:39.546+0000] {subprocess.py:93} INFO - [0m22:53:39  2 of 3 START sql table model PUBLIC_ANALYTICS.mart_market_regime ............... [RUN]
[2025-12-02T22:53:39.546+0000] {subprocess.py:93} INFO - [0m22:53:39  3 of 3 START sql table model PUBLIC_ANALYTICS.mart_risk_reward_scatter ......... [RUN]
[2025-12-02T22:53:40.499+0000] {subprocess.py:93} INFO - [0m22:53:40  2 of 3 OK created sql table model PUBLIC_ANALYTICS.mart_market_regime .......... [[32mSUCCESS 1[0m in 0.95s]
[2025-12-02T22:53:40.686+0000] {subprocess.py:93} INFO - [0m22:53:40  3 of 3 OK created sql table model PUBLIC_ANALYTICS.mart_risk_reward_scatter .... [[32mSUCCESS 1[0m in 1.14s]
[2025-12-02T22:53:40.791+0000] {subprocess.py:93} INFO - [0m22:53:40  1 of 3 OK created sql table model PUBLIC_ANALYTICS.mart_forecast_combined ...... [[32mSUCCESS 1[0m in 1.24s]
[2025-12-02T22:53:41.678+0000] {subprocess.py:93} INFO - [0m22:53:41
[2025-12-02T22:53:41.679+0000] {subprocess.py:93} INFO - [0m22:53:41  Finished running 3 table models in 0 hours 0 minutes and 3.26 seconds (3.26s).
[2025-12-02T22:53:41.709+0000] {subprocess.py:93} INFO - [0m22:53:41
[2025-12-02T22:53:41.709+0000] {subprocess.py:93} INFO - [0m22:53:41  [32mCompleted successfully[0m
[2025-12-02T22:53:41.709+0000] {subprocess.py:93} INFO - [0m22:53:41
[2025-12-02T22:53:41.710+0000] {subprocess.py:93} INFO - [0m22:53:41  Done. PASS=3 WARN=0 ERROR=0 SKIP=0 NO-OP=0 TOTAL=3
[2025-12-02T22:53:42.274+0000] {subprocess.py:97} INFO - Command exited with return code 0
[2025-12-02T22:53:42.284+0000] {taskinstance.py:340} INFO - ::group::Post task execution logs
[2025-12-02T22:53:42.284+0000] {taskinstance.py:352} INFO - Marking task as SUCCESS. dag_id=elt_dbt_downstream, task_id=dbt_run_downstream, run_id=manual__2025-12-02T22:50:04.688942+00:00, execution_date=20251202T225004, start_date=20251202T225337, end_date=20251202T225342
[2025-12-02T22:53:42.320+0000] {local_task_job_runner.py:266} INFO - Task exited with return code 0
[2025-12-02T22:53:42.328+0000] {taskinstance.py:3900} INFO - 1 downstream tasks scheduled from follow-on schedule check
[2025-12-02T22:53:42.328+0000] {local_task_job_runner.py:245} INFO - ::endgroup::
