[2025-11-22T22:44:52.791+0000] {local_task_job_runner.py:123} INFO - ::group::Pre task execution logs
[2025-11-22T22:44:52.796+0000] {taskinstance.py:2612} INFO - Dependencies all met for dep_context=non-requeueable deps ti=<TaskInstance: elt_dbt_downstream.wait_for_TrainPredict scheduled__2025-11-21T04:00:00+00:00 [queued]>
[2025-11-22T22:44:52.799+0000] {taskinstance.py:2612} INFO - Dependencies all met for dep_context=requeueable deps ti=<TaskInstance: elt_dbt_downstream.wait_for_TrainPredict scheduled__2025-11-21T04:00:00+00:00 [queued]>
[2025-11-22T22:44:52.800+0000] {taskinstance.py:2865} INFO - Starting attempt 1 of 2
[2025-11-22T22:44:52.803+0000] {taskinstance.py:2888} INFO - Executing <Task(ExternalTaskSensor): wait_for_TrainPredict> on 2025-11-21 04:00:00+00:00
[2025-11-22T22:44:52.807+0000] {standard_task_runner.py:104} INFO - Running: ['***', 'tasks', 'run', 'elt_dbt_downstream', 'wait_for_TrainPredict', 'scheduled__2025-11-21T04:00:00+00:00', '--job-id', '21', '--raw', '--subdir', 'DAGS_FOLDER/elt_dbt_downstream.py', '--cfg-path', '/tmp/tmpm3cwusqb']
[2025-11-22T22:44:52.808+0000] {logging_mixin.py:190} WARNING - /home/***/.local/lib/python3.12/site-packages/***/task/task_runner/standard_task_runner.py:70 DeprecationWarning: This process (pid=541) is multi-threaded, use of fork() may lead to deadlocks in the child.
[2025-11-22T22:44:52.808+0000] {standard_task_runner.py:105} INFO - Job 21: Subtask wait_for_TrainPredict
[2025-11-22T22:44:52.808+0000] {standard_task_runner.py:72} INFO - Started process 542 to run task
[2025-11-22T22:44:52.824+0000] {task_command.py:467} INFO - Running <TaskInstance: elt_dbt_downstream.wait_for_TrainPredict scheduled__2025-11-21T04:00:00+00:00 [running]> on host fdac057bd921
[2025-11-22T22:44:52.850+0000] {taskinstance.py:3131} INFO - Exporting env vars: AIRFLOW_CTX_DAG_OWNER='***' AIRFLOW_CTX_DAG_ID='elt_dbt_downstream' AIRFLOW_CTX_TASK_ID='wait_for_TrainPredict' AIRFLOW_CTX_EXECUTION_DATE='2025-11-21T04:00:00+00:00' AIRFLOW_CTX_TRY_NUMBER='1' AIRFLOW_CTX_DAG_RUN_ID='scheduled__2025-11-21T04:00:00+00:00'
[2025-11-22T22:44:52.850+0000] {taskinstance.py:731} INFO - ::endgroup::
[2025-11-22T22:44:52.856+0000] {baseoperator.py:405} WARNING - ExternalTaskSensor.execute cannot be called outside TaskInstance!
[2025-11-22T22:44:52.856+0000] {external_task.py:274} INFO - Poking for DAG 'TrainPredict' on 2025-11-21T03:30:00+00:00 ... 
[2025-11-22T22:44:52.858+0000] {logging_mixin.py:190} WARNING - /home/***/.local/lib/python3.12/site-packages/***/utils/session.py:97 DeprecationWarning: This method is deprecated and will be removed in future.
[2025-11-22T22:45:52.872+0000] {external_task.py:274} INFO - Poking for DAG 'TrainPredict' on 2025-11-21T03:30:00+00:00 ... 
[2025-11-22T22:45:52.899+0000] {base.py:336} INFO - Success criteria met. Exiting.
[2025-11-22T22:45:52.916+0000] {taskinstance.py:340} INFO - ::group::Post task execution logs
[2025-11-22T22:45:52.917+0000] {taskinstance.py:352} INFO - Marking task as SUCCESS. dag_id=elt_dbt_downstream, task_id=wait_for_TrainPredict, run_id=scheduled__2025-11-21T04:00:00+00:00, execution_date=20251121T040000, start_date=20251122T224452, end_date=20251122T224552
[2025-11-22T22:45:52.965+0000] {local_task_job_runner.py:266} INFO - Task exited with return code 0
[2025-11-22T22:45:52.986+0000] {taskinstance.py:3900} INFO - 1 downstream tasks scheduled from follow-on schedule check
[2025-11-22T22:45:52.987+0000] {local_task_job_runner.py:245} INFO - ::endgroup::
