[2025-11-22T22:34:31.736+0000] {local_task_job_runner.py:123} INFO - ::group::Pre task execution logs
[2025-11-22T22:34:31.745+0000] {taskinstance.py:2612} INFO - Dependencies all met for dep_context=non-requeueable deps ti=<TaskInstance: elt_dbt_upstream.dbt_run_upstream scheduled__2025-11-21T03:00:00+00:00 [queued]>
[2025-11-22T22:34:31.749+0000] {taskinstance.py:2612} INFO - Dependencies all met for dep_context=requeueable deps ti=<TaskInstance: elt_dbt_upstream.dbt_run_upstream scheduled__2025-11-21T03:00:00+00:00 [queued]>
[2025-11-22T22:34:31.749+0000] {taskinstance.py:2865} INFO - Starting attempt 2 of 3
[2025-11-22T22:34:31.754+0000] {taskinstance.py:2888} INFO - Executing <Task(BashOperator): dbt_run_upstream> on 2025-11-21 03:00:00+00:00
[2025-11-22T22:34:31.758+0000] {standard_task_runner.py:104} INFO - Running: ['***', 'tasks', 'run', 'elt_dbt_upstream', 'dbt_run_upstream', 'scheduled__2025-11-21T03:00:00+00:00', '--job-id', '13', '--raw', '--subdir', 'DAGS_FOLDER/elt_dbt_upstream.py', '--cfg-path', '/tmp/tmpzbrim7j3']
[2025-11-22T22:34:31.759+0000] {standard_task_runner.py:105} INFO - Job 13: Subtask dbt_run_upstream
[2025-11-22T22:34:31.760+0000] {logging_mixin.py:190} WARNING - /home/***/.local/lib/python3.12/site-packages/***/task/task_runner/standard_task_runner.py:70 DeprecationWarning: This process (pid=760) is multi-threaded, use of fork() may lead to deadlocks in the child.
[2025-11-22T22:34:31.761+0000] {standard_task_runner.py:72} INFO - Started process 761 to run task
[2025-11-22T22:34:31.780+0000] {task_command.py:467} INFO - Running <TaskInstance: elt_dbt_upstream.dbt_run_upstream scheduled__2025-11-21T03:00:00+00:00 [running]> on host 1d97c0704ad8
[2025-11-22T22:34:31.810+0000] {taskinstance.py:3131} INFO - Exporting env vars: AIRFLOW_CTX_DAG_OWNER='***' AIRFLOW_CTX_DAG_ID='elt_dbt_upstream' AIRFLOW_CTX_TASK_ID='dbt_run_upstream' AIRFLOW_CTX_EXECUTION_DATE='2025-11-21T03:00:00+00:00' AIRFLOW_CTX_TRY_NUMBER='2' AIRFLOW_CTX_DAG_RUN_ID='scheduled__2025-11-21T03:00:00+00:00'
[2025-11-22T22:34:31.811+0000] {taskinstance.py:731} INFO - ::endgroup::
[2025-11-22T22:34:31.818+0000] {subprocess.py:63} INFO - Tmp dir root location: /tmp
[2025-11-22T22:34:31.819+0000] {subprocess.py:75} INFO - Running command: ['/usr/bin/bash', '-c', 'set -euo pipefail;cd /opt/***/dbt/stock_analytics && dbt run --select +mart_sector_volatility --profiles-dir /opt/***/dbt']
[2025-11-22T22:34:31.823+0000] {subprocess.py:86} INFO - Output:
[2025-11-22T22:34:32.901+0000] {subprocess.py:93} INFO - [0m22:34:32  Running with dbt=1.11.0-rc1
[2025-11-22T22:34:33.078+0000] {subprocess.py:93} INFO - [0m22:34:33  Registered adapter: snowflake=1.10.3
[2025-11-22T22:34:33.336+0000] {subprocess.py:93} INFO - [0m22:34:33  [[33mWARNING[0m][MissingArgumentsPropertyInGenericTestDeprecation]: Deprecated
[2025-11-22T22:34:33.336+0000] {subprocess.py:93} INFO - functionality
[2025-11-22T22:34:33.336+0000] {subprocess.py:93} INFO - Found top-level arguments to test `accepted_values` defined on
[2025-11-22T22:34:33.336+0000] {subprocess.py:93} INFO - 'mart_forecast_combined' in package 'stock_analytics'
[2025-11-22T22:34:33.336+0000] {subprocess.py:93} INFO - (models/marts/mart_forecast_combined.yml). Arguments to generic tests should be
[2025-11-22T22:34:33.336+0000] {subprocess.py:93} INFO - nested under the `arguments` property.
[2025-11-22T22:34:33.475+0000] {subprocess.py:93} INFO - [0m22:34:33  Found 6 models, 20 data tests, 2 sources, 504 macros
[2025-11-22T22:34:33.476+0000] {subprocess.py:93} INFO - [0m22:34:33
[2025-11-22T22:34:33.476+0000] {subprocess.py:93} INFO - [0m22:34:33  Concurrency: 4 threads (target='dev')
[2025-11-22T22:34:33.476+0000] {subprocess.py:93} INFO - [0m22:34:33
[2025-11-22T22:34:34.746+0000] {subprocess.py:93} INFO - [0m22:34:34  1 of 3 START sql view model PUBLIC_STAGING.stg_market_data ..................... [RUN]
[2025-11-22T22:34:35.456+0000] {subprocess.py:93} INFO - [0m22:34:35  1 of 3 OK created sql view model PUBLIC_STAGING.stg_market_data ................ [[32mSUCCESS 1[0m in 0.71s]
[2025-11-22T22:34:35.457+0000] {subprocess.py:93} INFO - [0m22:34:35  2 of 3 START sql view model PUBLIC_INTERMEDIATE.int_daily_returns .............. [RUN]
[2025-11-22T22:34:35.854+0000] {subprocess.py:93} INFO - [0m22:34:35  2 of 3 OK created sql view model PUBLIC_INTERMEDIATE.int_daily_returns ......... [[32mSUCCESS 1[0m in 0.39s]
[2025-11-22T22:34:35.857+0000] {subprocess.py:93} INFO - [0m22:34:35  3 of 3 START sql table model PUBLIC_ANALYTICS.mart_sector_volatility ........... [RUN]
[2025-11-22T22:34:36.780+0000] {subprocess.py:93} INFO - [0m22:34:36  3 of 3 OK created sql table model PUBLIC_ANALYTICS.mart_sector_volatility ...... [[32mSUCCESS 1[0m in 0.92s]
[2025-11-22T22:34:37.132+0000] {subprocess.py:93} INFO - [0m22:34:37
[2025-11-22T22:34:37.133+0000] {subprocess.py:93} INFO - [0m22:34:37  Finished running 1 table model, 2 view models in 0 hours 0 minutes and 3.66 seconds (3.66s).
[2025-11-22T22:34:37.172+0000] {subprocess.py:93} INFO - [0m22:34:37
[2025-11-22T22:34:37.172+0000] {subprocess.py:93} INFO - [0m22:34:37  [32mCompleted successfully[0m
[2025-11-22T22:34:37.173+0000] {subprocess.py:93} INFO - [0m22:34:37
[2025-11-22T22:34:37.173+0000] {subprocess.py:93} INFO - [0m22:34:37  Done. PASS=3 WARN=0 ERROR=0 SKIP=0 NO-OP=0 TOTAL=3
[2025-11-22T22:34:37.173+0000] {subprocess.py:93} INFO - [0m22:34:37  [[33mWARNING[0m][DeprecationsSummary]: Deprecated functionality
[2025-11-22T22:34:37.173+0000] {subprocess.py:93} INFO - Summary of encountered deprecations:
[2025-11-22T22:34:37.173+0000] {subprocess.py:93} INFO - - MissingArgumentsPropertyInGenericTestDeprecation: 1 occurrence
[2025-11-22T22:34:37.174+0000] {subprocess.py:93} INFO - To see all deprecation instances instead of just the first occurrence of each,
[2025-11-22T22:34:37.174+0000] {subprocess.py:93} INFO - run command again with the `--show-all-deprecations` flag. You may also need to
[2025-11-22T22:34:37.174+0000] {subprocess.py:93} INFO - run with `--no-partial-parse` as some deprecations are only encountered during
[2025-11-22T22:34:37.174+0000] {subprocess.py:93} INFO - parsing.
[2025-11-22T22:34:37.774+0000] {subprocess.py:97} INFO - Command exited with return code 0
[2025-11-22T22:34:37.783+0000] {taskinstance.py:340} INFO - ::group::Post task execution logs
[2025-11-22T22:34:37.784+0000] {taskinstance.py:352} INFO - Marking task as SUCCESS. dag_id=elt_dbt_upstream, task_id=dbt_run_upstream, run_id=scheduled__2025-11-21T03:00:00+00:00, execution_date=20251121T030000, start_date=20251122T223431, end_date=20251122T223437
[2025-11-22T22:34:37.816+0000] {local_task_job_runner.py:266} INFO - Task exited with return code 0
[2025-11-22T22:34:37.823+0000] {taskinstance.py:3900} INFO - 1 downstream tasks scheduled from follow-on schedule check
[2025-11-22T22:34:37.824+0000] {local_task_job_runner.py:245} INFO - ::endgroup::
