[2025-11-23T04:11:18.313+0000] {local_task_job_runner.py:123} INFO - ::group::Pre task execution logs
[2025-11-23T04:11:18.324+0000] {taskinstance.py:2612} INFO - Dependencies all met for dep_context=non-requeueable deps ti=<TaskInstance: elt_dbt_downstream.wait_for_TrainPredict scheduled__2025-11-22T04:00:00+00:00 [queued]>
[2025-11-23T04:11:18.327+0000] {taskinstance.py:2612} INFO - Dependencies all met for dep_context=requeueable deps ti=<TaskInstance: elt_dbt_downstream.wait_for_TrainPredict scheduled__2025-11-22T04:00:00+00:00 [queued]>
[2025-11-23T04:11:18.327+0000] {taskinstance.py:2865} INFO - Starting attempt 1 of 2
[2025-11-23T04:11:18.332+0000] {taskinstance.py:2888} INFO - Executing <Task(ExternalTaskSensor): wait_for_TrainPredict> on 2025-11-22 04:00:00+00:00
[2025-11-23T04:11:18.336+0000] {standard_task_runner.py:104} INFO - Running: ['***', 'tasks', 'run', 'elt_dbt_downstream', 'wait_for_TrainPredict', 'scheduled__2025-11-22T04:00:00+00:00', '--job-id', '28', '--raw', '--subdir', 'DAGS_FOLDER/elt_dbt_downstream.py', '--cfg-path', '/tmp/tmpzdize3f4']
[2025-11-23T04:11:18.337+0000] {standard_task_runner.py:105} INFO - Job 28: Subtask wait_for_TrainPredict
[2025-11-23T04:11:18.337+0000] {logging_mixin.py:190} WARNING - /home/***/.local/lib/python3.12/site-packages/***/task/task_runner/standard_task_runner.py:70 DeprecationWarning: This process (pid=4441) is multi-threaded, use of fork() may lead to deadlocks in the child.
[2025-11-23T04:11:18.337+0000] {standard_task_runner.py:72} INFO - Started process 4445 to run task
[2025-11-23T04:11:18.365+0000] {task_command.py:467} INFO - Running <TaskInstance: elt_dbt_downstream.wait_for_TrainPredict scheduled__2025-11-22T04:00:00+00:00 [running]> on host fdac057bd921
[2025-11-23T04:11:18.406+0000] {taskinstance.py:3131} INFO - Exporting env vars: AIRFLOW_CTX_DAG_OWNER='***' AIRFLOW_CTX_DAG_ID='elt_dbt_downstream' AIRFLOW_CTX_TASK_ID='wait_for_TrainPredict' AIRFLOW_CTX_EXECUTION_DATE='2025-11-22T04:00:00+00:00' AIRFLOW_CTX_TRY_NUMBER='1' AIRFLOW_CTX_DAG_RUN_ID='scheduled__2025-11-22T04:00:00+00:00'
[2025-11-23T04:11:18.406+0000] {taskinstance.py:731} INFO - ::endgroup::
[2025-11-23T04:11:18.417+0000] {baseoperator.py:405} WARNING - ExternalTaskSensor.execute cannot be called outside TaskInstance!
[2025-11-23T04:11:18.421+0000] {external_task.py:274} INFO - Poking for DAG 'TrainPredict' on 2025-11-22T03:30:00+00:00 ... 
[2025-11-23T04:11:18.424+0000] {logging_mixin.py:190} WARNING - /home/***/.local/lib/python3.12/site-packages/***/utils/session.py:97 DeprecationWarning: This method is deprecated and will be removed in future.
[2025-11-23T05:03:55.027+0000] {external_task.py:274} INFO - Poking for DAG 'TrainPredict' on 2025-11-22T03:30:00+00:00 ... 
[2025-11-23T05:03:55.426+0000] {job.py:229} INFO - Heartbeat recovered after 3101.64 seconds
[2025-11-23T05:12:28.357+0000] {external_task.py:274} INFO - Poking for DAG 'TrainPredict' on 2025-11-22T03:30:00+00:00 ... 
[2025-11-23T05:12:29.133+0000] {job.py:229} INFO - Heartbeat recovered after 458.33 seconds
[2025-11-23T05:29:16.265+0000] {job.py:229} INFO - Heartbeat recovered after 981.97 seconds
[2025-11-23T06:13:20.193+0000] {external_task.py:274} INFO - Poking for DAG 'TrainPredict' on 2025-11-22T03:30:00+00:00 ... 
[2025-11-23T06:13:20.220+0000] {base.py:336} INFO - Success criteria met. Exiting.
[2025-11-23T06:13:20.244+0000] {taskinstance.py:340} INFO - ::group::Post task execution logs
[2025-11-23T06:13:20.245+0000] {taskinstance.py:352} INFO - Marking task as SUCCESS. dag_id=elt_dbt_downstream, task_id=wait_for_TrainPredict, run_id=scheduled__2025-11-22T04:00:00+00:00, execution_date=20251122T040000, start_date=20251123T041118, end_date=20251123T061320
[2025-11-23T06:13:20.354+0000] {local_task_job_runner.py:266} INFO - Task exited with return code 0
[2025-11-23T06:13:20.376+0000] {taskinstance.py:3900} INFO - 1 downstream tasks scheduled from follow-on schedule check
[2025-11-23T06:13:20.377+0000] {local_task_job_runner.py:245} INFO - ::endgroup::
