[2025-11-22T22:29:52.736+0000] {local_task_job_runner.py:123} INFO - ::group::Pre task execution logs
[2025-11-22T22:29:52.741+0000] {taskinstance.py:2612} INFO - Dependencies all met for dep_context=non-requeueable deps ti=<TaskInstance: TrainPredict.wait_for_elt_dbt_upstream scheduled__2025-11-21T03:30:00+00:00 [queued]>
[2025-11-22T22:29:52.744+0000] {taskinstance.py:2612} INFO - Dependencies all met for dep_context=requeueable deps ti=<TaskInstance: TrainPredict.wait_for_elt_dbt_upstream scheduled__2025-11-21T03:30:00+00:00 [queued]>
[2025-11-22T22:29:52.744+0000] {taskinstance.py:2865} INFO - Starting attempt 1 of 1
[2025-11-22T22:29:52.748+0000] {taskinstance.py:2888} INFO - Executing <Task(ExternalTaskSensor): wait_for_elt_dbt_upstream> on 2025-11-21 03:30:00+00:00
[2025-11-22T22:29:52.751+0000] {logging_mixin.py:190} WARNING - /home/***/.local/lib/python3.12/site-packages/***/task/task_runner/standard_task_runner.py:70 DeprecationWarning: This process (pid=521) is multi-threaded, use of fork() may lead to deadlocks in the child.
[2025-11-22T22:29:52.752+0000] {standard_task_runner.py:72} INFO - Started process 524 to run task
[2025-11-22T22:29:52.752+0000] {standard_task_runner.py:104} INFO - Running: ['***', 'tasks', 'run', 'TrainPredict', 'wait_for_elt_dbt_upstream', 'scheduled__2025-11-21T03:30:00+00:00', '--job-id', '12', '--raw', '--subdir', 'DAGS_FOLDER/train_predict.py', '--cfg-path', '/tmp/tmpk8m_u77h']
[2025-11-22T22:29:52.753+0000] {standard_task_runner.py:105} INFO - Job 12: Subtask wait_for_elt_dbt_upstream
[2025-11-22T22:29:52.769+0000] {task_command.py:467} INFO - Running <TaskInstance: TrainPredict.wait_for_elt_dbt_upstream scheduled__2025-11-21T03:30:00+00:00 [running]> on host 1d97c0704ad8
[2025-11-22T22:29:52.794+0000] {taskinstance.py:3131} INFO - Exporting env vars: AIRFLOW_CTX_DAG_OWNER='***' AIRFLOW_CTX_DAG_ID='TrainPredict' AIRFLOW_CTX_TASK_ID='wait_for_elt_dbt_upstream' AIRFLOW_CTX_EXECUTION_DATE='2025-11-21T03:30:00+00:00' AIRFLOW_CTX_TRY_NUMBER='1' AIRFLOW_CTX_DAG_RUN_ID='scheduled__2025-11-21T03:30:00+00:00'
[2025-11-22T22:29:52.795+0000] {taskinstance.py:731} INFO - ::endgroup::
[2025-11-22T22:29:52.796+0000] {baseoperator.py:405} WARNING - ExternalTaskSensor.execute cannot be called outside TaskInstance!
[2025-11-22T22:29:52.796+0000] {external_task.py:274} INFO - Poking for DAG 'elt_dbt_upstream' on 2025-11-21T03:00:00+00:00 ... 
[2025-11-22T22:29:52.797+0000] {logging_mixin.py:190} WARNING - /home/***/.local/lib/python3.12/site-packages/***/utils/session.py:97 DeprecationWarning: This method is deprecated and will be removed in future.
[2025-11-22T22:30:52.805+0000] {external_task.py:274} INFO - Poking for DAG 'elt_dbt_upstream' on 2025-11-21T03:00:00+00:00 ... 
[2025-11-22T22:31:52.834+0000] {external_task.py:274} INFO - Poking for DAG 'elt_dbt_upstream' on 2025-11-21T03:00:00+00:00 ... 
[2025-11-22T22:32:52.858+0000] {external_task.py:274} INFO - Poking for DAG 'elt_dbt_upstream' on 2025-11-21T03:00:00+00:00 ... 
[2025-11-22T22:33:52.888+0000] {external_task.py:274} INFO - Poking for DAG 'elt_dbt_upstream' on 2025-11-21T03:00:00+00:00 ... 
[2025-11-22T22:34:52.909+0000] {external_task.py:274} INFO - Poking for DAG 'elt_dbt_upstream' on 2025-11-21T03:00:00+00:00 ... 
[2025-11-22T22:34:52.918+0000] {base.py:336} INFO - Success criteria met. Exiting.
[2025-11-22T22:34:52.924+0000] {taskinstance.py:340} INFO - ::group::Post task execution logs
[2025-11-22T22:34:52.925+0000] {taskinstance.py:352} INFO - Marking task as SUCCESS. dag_id=TrainPredict, task_id=wait_for_elt_dbt_upstream, run_id=scheduled__2025-11-21T03:30:00+00:00, execution_date=20251121T033000, start_date=20251122T222952, end_date=20251122T223452
[2025-11-22T22:34:52.977+0000] {local_task_job_runner.py:266} INFO - Task exited with return code 0
[2025-11-22T22:34:52.997+0000] {taskinstance.py:3900} INFO - 1 downstream tasks scheduled from follow-on schedule check
[2025-11-22T22:34:52.997+0000] {local_task_job_runner.py:245} INFO - ::endgroup::
