[2025-12-02T22:26:04.447+0000] {local_task_job_runner.py:123} INFO - ::group::Pre task execution logs
[2025-12-02T22:26:04.455+0000] {taskinstance.py:2612} INFO - Dependencies all met for dep_context=non-requeueable deps ti=<TaskInstance: elt_dbt_downstream.dbt_run_downstream manual__2025-12-02T22:23:12.670051+00:00 [queued]>
[2025-12-02T22:26:04.457+0000] {taskinstance.py:2612} INFO - Dependencies all met for dep_context=requeueable deps ti=<TaskInstance: elt_dbt_downstream.dbt_run_downstream manual__2025-12-02T22:23:12.670051+00:00 [queued]>
[2025-12-02T22:26:04.457+0000] {taskinstance.py:2865} INFO - Starting attempt 1 of 2
[2025-12-02T22:26:04.461+0000] {taskinstance.py:2888} INFO - Executing <Task(BashOperator): dbt_run_downstream> on 2025-12-02 22:23:12.670051+00:00
[2025-12-02T22:26:04.465+0000] {standard_task_runner.py:104} INFO - Running: ['***', 'tasks', 'run', 'elt_dbt_downstream', 'dbt_run_downstream', 'manual__2025-12-02T22:23:12.670051+00:00', '--job-id', '134', '--raw', '--subdir', 'DAGS_FOLDER/elt_dbt_downstream.py', '--cfg-path', '/tmp/tmpu2wbh9cq']
[2025-12-02T22:26:04.466+0000] {standard_task_runner.py:105} INFO - Job 134: Subtask dbt_run_downstream
[2025-12-02T22:26:04.466+0000] {logging_mixin.py:190} WARNING - /home/***/.local/lib/python3.12/site-packages/***/task/task_runner/standard_task_runner.py:70 DeprecationWarning: This process (pid=547) is multi-threaded, use of fork() may lead to deadlocks in the child.
[2025-12-02T22:26:04.467+0000] {standard_task_runner.py:72} INFO - Started process 548 to run task
[2025-12-02T22:26:04.481+0000] {task_command.py:467} INFO - Running <TaskInstance: elt_dbt_downstream.dbt_run_downstream manual__2025-12-02T22:23:12.670051+00:00 [running]> on host 7687cf4a9cf6
[2025-12-02T22:26:04.506+0000] {taskinstance.py:3131} INFO - Exporting env vars: AIRFLOW_CTX_DAG_OWNER='***' AIRFLOW_CTX_DAG_ID='elt_dbt_downstream' AIRFLOW_CTX_TASK_ID='dbt_run_downstream' AIRFLOW_CTX_EXECUTION_DATE='2025-12-02T22:23:12.670051+00:00' AIRFLOW_CTX_TRY_NUMBER='1' AIRFLOW_CTX_DAG_RUN_ID='manual__2025-12-02T22:23:12.670051+00:00'
[2025-12-02T22:26:04.507+0000] {taskinstance.py:731} INFO - ::endgroup::
[2025-12-02T22:26:04.512+0000] {subprocess.py:63} INFO - Tmp dir root location: /tmp
[2025-12-02T22:26:04.513+0000] {subprocess.py:75} INFO - Running command: ['/usr/bin/bash', '-c', 'set -euo pipefail;cd /opt/***/dbt/stock_analytics && dbt run --select mart_forecast_combined mart_risk_reward_scatter mart_market_regime --profiles-dir /opt/***/dbt']
[2025-12-02T22:26:04.516+0000] {subprocess.py:86} INFO - Output:
[2025-12-02T22:26:05.402+0000] {subprocess.py:93} INFO - [0m22:26:05  Running with dbt=1.11.0-rc1
[2025-12-02T22:26:05.576+0000] {subprocess.py:93} INFO - [0m22:26:05  Registered adapter: snowflake=1.10.3
[2025-12-02T22:26:05.788+0000] {subprocess.py:93} INFO - [0m22:26:05  Found 6 models, 30 data tests, 1 seed, 2 sources, 504 macros
[2025-12-02T22:26:05.789+0000] {subprocess.py:93} INFO - [0m22:26:05
[2025-12-02T22:26:05.789+0000] {subprocess.py:93} INFO - [0m22:26:05  Concurrency: 4 threads (target='dev')
[2025-12-02T22:26:05.789+0000] {subprocess.py:93} INFO - [0m22:26:05
[2025-12-02T22:26:07.223+0000] {subprocess.py:93} INFO - [0m22:26:07  1 of 3 START sql table model PUBLIC_ANALYTICS.mart_forecast_combined ........... [RUN]
[2025-12-02T22:26:07.224+0000] {subprocess.py:93} INFO - [0m22:26:07  2 of 3 START sql table model PUBLIC_ANALYTICS.mart_market_regime ............... [RUN]
[2025-12-02T22:26:07.224+0000] {subprocess.py:93} INFO - [0m22:26:07  3 of 3 START sql table model PUBLIC_ANALYTICS.mart_risk_reward_scatter ......... [RUN]
[2025-12-02T22:26:08.287+0000] {subprocess.py:93} INFO - [0m22:26:08  2 of 3 OK created sql table model PUBLIC_ANALYTICS.mart_market_regime .......... [[32mSUCCESS 1[0m in 1.06s]
[2025-12-02T22:26:08.308+0000] {subprocess.py:93} INFO - [0m22:26:08  1 of 3 OK created sql table model PUBLIC_ANALYTICS.mart_forecast_combined ...... [[32mSUCCESS 1[0m in 1.08s]
[2025-12-02T22:26:08.352+0000] {subprocess.py:93} INFO - [0m22:26:08  3 of 3 OK created sql table model PUBLIC_ANALYTICS.mart_risk_reward_scatter .... [[32mSUCCESS 1[0m in 1.13s]
[2025-12-02T22:26:08.870+0000] {subprocess.py:93} INFO - [0m22:26:08
[2025-12-02T22:26:08.871+0000] {subprocess.py:93} INFO - [0m22:26:08  Finished running 3 table models in 0 hours 0 minutes and 3.08 seconds (3.08s).
[2025-12-02T22:26:08.893+0000] {subprocess.py:93} INFO - [0m22:26:08
[2025-12-02T22:26:08.893+0000] {subprocess.py:93} INFO - [0m22:26:08  [32mCompleted successfully[0m
[2025-12-02T22:26:08.893+0000] {subprocess.py:93} INFO - [0m22:26:08
[2025-12-02T22:26:08.894+0000] {subprocess.py:93} INFO - [0m22:26:08  Done. PASS=3 WARN=0 ERROR=0 SKIP=0 NO-OP=0 TOTAL=3
[2025-12-02T22:26:09.450+0000] {subprocess.py:97} INFO - Command exited with return code 0
[2025-12-02T22:26:09.459+0000] {taskinstance.py:340} INFO - ::group::Post task execution logs
[2025-12-02T22:26:09.459+0000] {taskinstance.py:352} INFO - Marking task as SUCCESS. dag_id=elt_dbt_downstream, task_id=dbt_run_downstream, run_id=manual__2025-12-02T22:23:12.670051+00:00, execution_date=20251202T222312, start_date=20251202T222604, end_date=20251202T222609
[2025-12-02T22:26:09.484+0000] {local_task_job_runner.py:266} INFO - Task exited with return code 0
[2025-12-02T22:26:09.492+0000] {taskinstance.py:3900} INFO - 1 downstream tasks scheduled from follow-on schedule check
[2025-12-02T22:26:09.492+0000] {local_task_job_runner.py:245} INFO - ::endgroup::
