[2025-12-02T22:58:05.591+0000] {local_task_job_runner.py:123} INFO - ::group::Pre task execution logs
[2025-12-02T22:58:05.599+0000] {taskinstance.py:2612} INFO - Dependencies all met for dep_context=non-requeueable deps ti=<TaskInstance: elt_dbt_downstream.dbt_run_downstream manual__2025-12-02T22:23:12.670051+00:00 [queued]>
[2025-12-02T22:58:05.601+0000] {taskinstance.py:2612} INFO - Dependencies all met for dep_context=requeueable deps ti=<TaskInstance: elt_dbt_downstream.dbt_run_downstream manual__2025-12-02T22:23:12.670051+00:00 [queued]>
[2025-12-02T22:58:05.602+0000] {taskinstance.py:2865} INFO - Starting attempt 3 of 4
[2025-12-02T22:58:05.605+0000] {taskinstance.py:2888} INFO - Executing <Task(BashOperator): dbt_run_downstream> on 2025-12-02 22:23:12.670051+00:00
[2025-12-02T22:58:05.609+0000] {standard_task_runner.py:104} INFO - Running: ['***', 'tasks', 'run', 'elt_dbt_downstream', 'dbt_run_downstream', 'manual__2025-12-02T22:23:12.670051+00:00', '--job-id', '159', '--raw', '--subdir', 'DAGS_FOLDER/elt_dbt_downstream.py', '--cfg-path', '/tmp/tmppd375okm']
[2025-12-02T22:58:05.610+0000] {standard_task_runner.py:105} INFO - Job 159: Subtask dbt_run_downstream
[2025-12-02T22:58:05.610+0000] {logging_mixin.py:190} WARNING - /home/***/.local/lib/python3.12/site-packages/***/task/task_runner/standard_task_runner.py:70 DeprecationWarning: This process (pid=861) is multi-threaded, use of fork() may lead to deadlocks in the child.
[2025-12-02T22:58:05.611+0000] {standard_task_runner.py:72} INFO - Started process 862 to run task
[2025-12-02T22:58:05.625+0000] {task_command.py:467} INFO - Running <TaskInstance: elt_dbt_downstream.dbt_run_downstream manual__2025-12-02T22:23:12.670051+00:00 [running]> on host 3a991512098d
[2025-12-02T22:58:05.650+0000] {taskinstance.py:3131} INFO - Exporting env vars: AIRFLOW_CTX_DAG_OWNER='***' AIRFLOW_CTX_DAG_ID='elt_dbt_downstream' AIRFLOW_CTX_TASK_ID='dbt_run_downstream' AIRFLOW_CTX_EXECUTION_DATE='2025-12-02T22:23:12.670051+00:00' AIRFLOW_CTX_TRY_NUMBER='3' AIRFLOW_CTX_DAG_RUN_ID='manual__2025-12-02T22:23:12.670051+00:00'
[2025-12-02T22:58:05.651+0000] {taskinstance.py:731} INFO - ::endgroup::
[2025-12-02T22:58:05.656+0000] {subprocess.py:63} INFO - Tmp dir root location: /tmp
[2025-12-02T22:58:05.656+0000] {subprocess.py:75} INFO - Running command: ['/usr/bin/bash', '-c', 'set -euo pipefail;cd /opt/***/dbt/stock_analytics && dbt run --select mart_forecast_combined mart_risk_reward_scatter mart_market_regime --profiles-dir /opt/***/dbt']
[2025-12-02T22:58:05.660+0000] {subprocess.py:86} INFO - Output:
[2025-12-02T22:58:06.516+0000] {subprocess.py:93} INFO - [0m22:58:06  Running with dbt=1.11.0-rc1
[2025-12-02T22:58:06.683+0000] {subprocess.py:93} INFO - [0m22:58:06  Registered adapter: snowflake=1.10.3
[2025-12-02T22:58:06.894+0000] {subprocess.py:93} INFO - [0m22:58:06  Found 6 models, 30 data tests, 1 seed, 2 sources, 504 macros
[2025-12-02T22:58:06.896+0000] {subprocess.py:93} INFO - [0m22:58:06
[2025-12-02T22:58:06.896+0000] {subprocess.py:93} INFO - [0m22:58:06  Concurrency: 4 threads (target='dev')
[2025-12-02T22:58:06.896+0000] {subprocess.py:93} INFO - [0m22:58:06
[2025-12-02T22:58:07.803+0000] {subprocess.py:93} INFO - [0m22:58:07  1 of 3 START sql table model PUBLIC_ANALYTICS.mart_forecast_combined ........... [RUN]
[2025-12-02T22:58:07.803+0000] {subprocess.py:93} INFO - [0m22:58:07  2 of 3 START sql table model PUBLIC_ANALYTICS.mart_market_regime ............... [RUN]
[2025-12-02T22:58:07.804+0000] {subprocess.py:93} INFO - [0m22:58:07  3 of 3 START sql table model PUBLIC_ANALYTICS.mart_risk_reward_scatter ......... [RUN]
[2025-12-02T22:58:08.687+0000] {subprocess.py:93} INFO - [0m22:58:08  2 of 3 OK created sql table model PUBLIC_ANALYTICS.mart_market_regime .......... [[32mSUCCESS 1[0m in 0.88s]
[2025-12-02T22:58:08.697+0000] {subprocess.py:93} INFO - [0m22:58:08  1 of 3 OK created sql table model PUBLIC_ANALYTICS.mart_forecast_combined ...... [[32mSUCCESS 1[0m in 0.89s]
[2025-12-02T22:58:08.708+0000] {subprocess.py:93} INFO - [0m22:58:08  3 of 3 OK created sql table model PUBLIC_ANALYTICS.mart_risk_reward_scatter .... [[32mSUCCESS 1[0m in 0.90s]
[2025-12-02T22:58:09.584+0000] {subprocess.py:93} INFO - [0m22:58:09
[2025-12-02T22:58:09.585+0000] {subprocess.py:93} INFO - [0m22:58:09  Finished running 3 table models in 0 hours 0 minutes and 2.69 seconds (2.69s).
[2025-12-02T22:58:09.621+0000] {subprocess.py:93} INFO - [0m22:58:09
[2025-12-02T22:58:09.622+0000] {subprocess.py:93} INFO - [0m22:58:09  [32mCompleted successfully[0m
[2025-12-02T22:58:09.622+0000] {subprocess.py:93} INFO - [0m22:58:09
[2025-12-02T22:58:09.622+0000] {subprocess.py:93} INFO - [0m22:58:09  Done. PASS=3 WARN=0 ERROR=0 SKIP=0 NO-OP=0 TOTAL=3
[2025-12-02T22:58:10.241+0000] {subprocess.py:97} INFO - Command exited with return code 0
[2025-12-02T22:58:10.250+0000] {taskinstance.py:340} INFO - ::group::Post task execution logs
[2025-12-02T22:58:10.250+0000] {taskinstance.py:352} INFO - Marking task as SUCCESS. dag_id=elt_dbt_downstream, task_id=dbt_run_downstream, run_id=manual__2025-12-02T22:23:12.670051+00:00, execution_date=20251202T222312, start_date=20251202T225805, end_date=20251202T225810
[2025-12-02T22:58:10.273+0000] {local_task_job_runner.py:266} INFO - Task exited with return code 0
[2025-12-02T22:58:10.281+0000] {taskinstance.py:3900} INFO - 1 downstream tasks scheduled from follow-on schedule check
[2025-12-02T22:58:10.281+0000] {local_task_job_runner.py:245} INFO - ::endgroup::
