[2025-11-23T05:04:46.392+0000] {local_task_job_runner.py:123} INFO - ::group::Pre task execution logs
[2025-11-23T05:04:46.397+0000] {taskinstance.py:2612} INFO - Dependencies all met for dep_context=non-requeueable deps ti=<TaskInstance: TrainPredict.predict scheduled__2025-11-22T03:30:00+00:00 [queued]>
[2025-11-23T05:04:46.400+0000] {taskinstance.py:2612} INFO - Dependencies all met for dep_context=requeueable deps ti=<TaskInstance: TrainPredict.predict scheduled__2025-11-22T03:30:00+00:00 [queued]>
[2025-11-23T05:04:46.400+0000] {taskinstance.py:2865} INFO - Starting attempt 1 of 1
[2025-11-23T05:04:46.403+0000] {taskinstance.py:2888} INFO - Executing <Task(_PythonDecoratedOperator): predict> on 2025-11-22 03:30:00+00:00
[2025-11-23T05:04:46.407+0000] {logging_mixin.py:190} WARNING - /home/***/.local/lib/python3.12/site-packages/***/task/task_runner/standard_task_runner.py:70 DeprecationWarning: This process (pid=4606) is multi-threaded, use of fork() may lead to deadlocks in the child.
[2025-11-23T05:04:46.408+0000] {standard_task_runner.py:72} INFO - Started process 4609 to run task
[2025-11-23T05:04:46.408+0000] {standard_task_runner.py:104} INFO - Running: ['***', 'tasks', 'run', 'TrainPredict', 'predict', 'scheduled__2025-11-22T03:30:00+00:00', '--job-id', '35', '--raw', '--subdir', 'DAGS_FOLDER/train_predict.py', '--cfg-path', '/tmp/tmpe14s9zfo']
[2025-11-23T05:04:46.409+0000] {standard_task_runner.py:105} INFO - Job 35: Subtask predict
[2025-11-23T05:04:46.426+0000] {task_command.py:467} INFO - Running <TaskInstance: TrainPredict.predict scheduled__2025-11-22T03:30:00+00:00 [running]> on host fdac057bd921
[2025-11-23T05:04:46.453+0000] {taskinstance.py:3131} INFO - Exporting env vars: AIRFLOW_CTX_DAG_OWNER='***' AIRFLOW_CTX_DAG_ID='TrainPredict' AIRFLOW_CTX_TASK_ID='predict' AIRFLOW_CTX_EXECUTION_DATE='2025-11-22T03:30:00+00:00' AIRFLOW_CTX_TRY_NUMBER='1' AIRFLOW_CTX_DAG_RUN_ID='scheduled__2025-11-22T03:30:00+00:00'
[2025-11-23T05:04:46.454+0000] {taskinstance.py:731} INFO - ::endgroup::
[2025-11-23T05:04:46.458+0000] {base.py:84} INFO - Retrieving connection 'snowflake_conn'
[2025-11-23T05:04:46.458+0000] {connection.py:413} INFO - Snowflake Connector for Python Version: 3.12.1, Python Version: 3.12.5, Platform: Linux-6.10.14-linuxkit-aarch64-with-glibc2.36
[2025-11-23T05:04:46.459+0000] {connection.py:1196} INFO - Connecting to GLOBAL Snowflake domain
[2025-11-23T05:04:46.459+0000] {connection.py:1277} INFO - This connection is in OCSP Fail Open Mode. TLS Certificates would be checked for validity and revocation status. Any other Certificate Revocation related exceptions or OCSP Responder failures would be disregarded in favor of connectivity.
[2025-11-23T05:12:29.792+0000] {job.py:229} INFO - Heartbeat recovered after 458.35 seconds
[2025-11-23T05:29:16.934+0000] {job.py:229} INFO - Heartbeat recovered after 981.96 seconds
[2025-11-23T05:29:25.466+0000] {cursor.py:1156} INFO - Number of results in first chunk: 1
[2025-11-23T05:29:26.902+0000] {cursor.py:1156} INFO - Number of results in first chunk: 1
[2025-11-23T05:29:26.904+0000] {connection.py:788} INFO - closed
[2025-11-23T05:29:27.008+0000] {connection.py:794} INFO - No async queries seem to be running, deleting session
[2025-11-23T05:29:27.222+0000] {python.py:240} INFO - Done. Returned value was: None
[2025-11-23T05:29:27.245+0000] {taskinstance.py:340} INFO - ::group::Post task execution logs
[2025-11-23T05:29:27.245+0000] {taskinstance.py:352} INFO - Marking task as SUCCESS. dag_id=TrainPredict, task_id=predict, run_id=scheduled__2025-11-22T03:30:00+00:00, execution_date=20251122T033000, start_date=20251123T050446, end_date=20251123T052927
[2025-11-23T05:29:27.276+0000] {local_task_job_runner.py:266} INFO - Task exited with return code 0
[2025-11-23T05:29:27.286+0000] {taskinstance.py:3900} INFO - 0 downstream tasks scheduled from follow-on schedule check
[2025-11-23T05:29:27.286+0000] {local_task_job_runner.py:245} INFO - ::endgroup::
