[2025-11-24T00:03:49.263+0000] {processor.py:186} INFO - Started process (PID=16012) to work on /opt/airflow/dags/elt_dbt_downstream.py
[2025-11-24T00:03:49.264+0000] {processor.py:914} INFO - Processing file /opt/airflow/dags/elt_dbt_downstream.py for tasks to queue
[2025-11-24T00:03:49.267+0000] {logging_mixin.py:190} INFO - [2025-11-24T00:03:49.266+0000] {dagbag.py:587} INFO - Filling up the DagBag from /opt/airflow/dags/elt_dbt_downstream.py
[2025-11-24T00:03:49.279+0000] {processor.py:925} INFO - DAG(s) 'elt_dbt_downstream' retrieved from /opt/airflow/dags/elt_dbt_downstream.py
[2025-11-24T00:03:49.299+0000] {logging_mixin.py:190} INFO - [2025-11-24T00:03:49.299+0000] {dag.py:3229} INFO - Sync 1 DAGs
[2025-11-24T00:03:49.314+0000] {logging_mixin.py:190} INFO - [2025-11-24T00:03:49.314+0000] {dag.py:4156} INFO - Setting next_dagrun for elt_dbt_downstream to 2025-11-23 04:00:00+00:00, run_after=2025-11-24 04:00:00+00:00
[2025-11-24T00:03:49.325+0000] {processor.py:208} INFO - Processing /opt/airflow/dags/elt_dbt_downstream.py took 0.068 seconds
[2025-11-24T00:04:19.736+0000] {processor.py:186} INFO - Started process (PID=16038) to work on /opt/airflow/dags/elt_dbt_downstream.py
[2025-11-24T00:04:19.737+0000] {processor.py:914} INFO - Processing file /opt/airflow/dags/elt_dbt_downstream.py for tasks to queue
[2025-11-24T00:04:19.739+0000] {logging_mixin.py:190} INFO - [2025-11-24T00:04:19.739+0000] {dagbag.py:587} INFO - Filling up the DagBag from /opt/airflow/dags/elt_dbt_downstream.py
[2025-11-24T00:04:19.749+0000] {processor.py:925} INFO - DAG(s) 'elt_dbt_downstream' retrieved from /opt/airflow/dags/elt_dbt_downstream.py
[2025-11-24T00:04:19.764+0000] {logging_mixin.py:190} INFO - [2025-11-24T00:04:19.764+0000] {dag.py:3229} INFO - Sync 1 DAGs
[2025-11-24T00:04:19.777+0000] {logging_mixin.py:190} INFO - [2025-11-24T00:04:19.777+0000] {dag.py:4156} INFO - Setting next_dagrun for elt_dbt_downstream to 2025-11-23 04:00:00+00:00, run_after=2025-11-24 04:00:00+00:00
[2025-11-24T00:04:19.788+0000] {processor.py:208} INFO - Processing /opt/airflow/dags/elt_dbt_downstream.py took 0.060 seconds
[2025-11-24T00:04:50.203+0000] {processor.py:186} INFO - Started process (PID=16064) to work on /opt/airflow/dags/elt_dbt_downstream.py
[2025-11-24T00:04:50.204+0000] {processor.py:914} INFO - Processing file /opt/airflow/dags/elt_dbt_downstream.py for tasks to queue
[2025-11-24T00:04:50.206+0000] {logging_mixin.py:190} INFO - [2025-11-24T00:04:50.205+0000] {dagbag.py:587} INFO - Filling up the DagBag from /opt/airflow/dags/elt_dbt_downstream.py
[2025-11-24T00:04:50.212+0000] {processor.py:925} INFO - DAG(s) 'elt_dbt_downstream' retrieved from /opt/airflow/dags/elt_dbt_downstream.py
[2025-11-24T00:04:50.226+0000] {logging_mixin.py:190} INFO - [2025-11-24T00:04:50.226+0000] {dag.py:3229} INFO - Sync 1 DAGs
[2025-11-24T00:04:50.237+0000] {logging_mixin.py:190} INFO - [2025-11-24T00:04:50.237+0000] {dag.py:4156} INFO - Setting next_dagrun for elt_dbt_downstream to 2025-11-23 04:00:00+00:00, run_after=2025-11-24 04:00:00+00:00
[2025-11-24T00:04:50.247+0000] {processor.py:208} INFO - Processing /opt/airflow/dags/elt_dbt_downstream.py took 0.047 seconds
[2025-11-24T00:05:20.700+0000] {processor.py:186} INFO - Started process (PID=16090) to work on /opt/airflow/dags/elt_dbt_downstream.py
[2025-11-24T00:05:20.701+0000] {processor.py:914} INFO - Processing file /opt/airflow/dags/elt_dbt_downstream.py for tasks to queue
[2025-11-24T00:05:20.703+0000] {logging_mixin.py:190} INFO - [2025-11-24T00:05:20.702+0000] {dagbag.py:587} INFO - Filling up the DagBag from /opt/airflow/dags/elt_dbt_downstream.py
[2025-11-24T00:05:20.712+0000] {processor.py:925} INFO - DAG(s) 'elt_dbt_downstream' retrieved from /opt/airflow/dags/elt_dbt_downstream.py
[2025-11-24T00:05:20.730+0000] {logging_mixin.py:190} INFO - [2025-11-24T00:05:20.730+0000] {dag.py:3229} INFO - Sync 1 DAGs
[2025-11-24T00:05:20.747+0000] {logging_mixin.py:190} INFO - [2025-11-24T00:05:20.746+0000] {dag.py:4156} INFO - Setting next_dagrun for elt_dbt_downstream to 2025-11-23 04:00:00+00:00, run_after=2025-11-24 04:00:00+00:00
[2025-11-24T00:05:20.755+0000] {processor.py:208} INFO - Processing /opt/airflow/dags/elt_dbt_downstream.py took 0.062 seconds
[2025-11-24T00:05:51.183+0000] {processor.py:186} INFO - Started process (PID=16116) to work on /opt/airflow/dags/elt_dbt_downstream.py
[2025-11-24T00:05:51.184+0000] {processor.py:914} INFO - Processing file /opt/airflow/dags/elt_dbt_downstream.py for tasks to queue
[2025-11-24T00:05:51.186+0000] {logging_mixin.py:190} INFO - [2025-11-24T00:05:51.186+0000] {dagbag.py:587} INFO - Filling up the DagBag from /opt/airflow/dags/elt_dbt_downstream.py
[2025-11-24T00:05:51.195+0000] {processor.py:925} INFO - DAG(s) 'elt_dbt_downstream' retrieved from /opt/airflow/dags/elt_dbt_downstream.py
[2025-11-24T00:05:51.209+0000] {logging_mixin.py:190} INFO - [2025-11-24T00:05:51.209+0000] {dag.py:3229} INFO - Sync 1 DAGs
[2025-11-24T00:05:51.220+0000] {logging_mixin.py:190} INFO - [2025-11-24T00:05:51.219+0000] {dag.py:4156} INFO - Setting next_dagrun for elt_dbt_downstream to 2025-11-23 04:00:00+00:00, run_after=2025-11-24 04:00:00+00:00
[2025-11-24T00:05:51.229+0000] {processor.py:208} INFO - Processing /opt/airflow/dags/elt_dbt_downstream.py took 0.051 seconds
[2025-11-24T00:06:21.644+0000] {processor.py:186} INFO - Started process (PID=16142) to work on /opt/airflow/dags/elt_dbt_downstream.py
[2025-11-24T00:06:21.645+0000] {processor.py:914} INFO - Processing file /opt/airflow/dags/elt_dbt_downstream.py for tasks to queue
[2025-11-24T00:06:21.649+0000] {logging_mixin.py:190} INFO - [2025-11-24T00:06:21.649+0000] {dagbag.py:587} INFO - Filling up the DagBag from /opt/airflow/dags/elt_dbt_downstream.py
[2025-11-24T00:06:21.661+0000] {processor.py:925} INFO - DAG(s) 'elt_dbt_downstream' retrieved from /opt/airflow/dags/elt_dbt_downstream.py
[2025-11-24T00:06:21.679+0000] {logging_mixin.py:190} INFO - [2025-11-24T00:06:21.678+0000] {dag.py:3229} INFO - Sync 1 DAGs
[2025-11-24T00:06:21.693+0000] {logging_mixin.py:190} INFO - [2025-11-24T00:06:21.692+0000] {dag.py:4156} INFO - Setting next_dagrun for elt_dbt_downstream to 2025-11-23 04:00:00+00:00, run_after=2025-11-24 04:00:00+00:00
[2025-11-24T00:06:21.704+0000] {processor.py:208} INFO - Processing /opt/airflow/dags/elt_dbt_downstream.py took 0.069 seconds
[2025-11-24T00:08:43.264+0000] {processor.py:186} INFO - Started process (PID=16168) to work on /opt/airflow/dags/elt_dbt_downstream.py
[2025-11-24T00:08:43.266+0000] {processor.py:914} INFO - Processing file /opt/airflow/dags/elt_dbt_downstream.py for tasks to queue
[2025-11-24T00:08:43.268+0000] {logging_mixin.py:190} INFO - [2025-11-24T00:08:43.267+0000] {dagbag.py:587} INFO - Filling up the DagBag from /opt/airflow/dags/elt_dbt_downstream.py
[2025-11-24T00:08:43.277+0000] {processor.py:925} INFO - DAG(s) 'elt_dbt_downstream' retrieved from /opt/airflow/dags/elt_dbt_downstream.py
[2025-11-24T00:08:43.290+0000] {logging_mixin.py:190} INFO - [2025-11-24T00:08:43.290+0000] {dag.py:3229} INFO - Sync 1 DAGs
[2025-11-24T00:08:43.306+0000] {logging_mixin.py:190} INFO - [2025-11-24T00:08:43.306+0000] {dag.py:4156} INFO - Setting next_dagrun for elt_dbt_downstream to 2025-11-23 04:00:00+00:00, run_after=2025-11-24 04:00:00+00:00
[2025-11-24T00:08:43.314+0000] {processor.py:208} INFO - Processing /opt/airflow/dags/elt_dbt_downstream.py took 0.056 seconds
[2025-11-24T00:09:13.797+0000] {processor.py:186} INFO - Started process (PID=16194) to work on /opt/airflow/dags/elt_dbt_downstream.py
[2025-11-24T00:09:13.798+0000] {processor.py:914} INFO - Processing file /opt/airflow/dags/elt_dbt_downstream.py for tasks to queue
[2025-11-24T00:09:13.800+0000] {logging_mixin.py:190} INFO - [2025-11-24T00:09:13.800+0000] {dagbag.py:587} INFO - Filling up the DagBag from /opt/airflow/dags/elt_dbt_downstream.py
[2025-11-24T00:09:13.810+0000] {processor.py:925} INFO - DAG(s) 'elt_dbt_downstream' retrieved from /opt/airflow/dags/elt_dbt_downstream.py
[2025-11-24T00:09:13.823+0000] {logging_mixin.py:190} INFO - [2025-11-24T00:09:13.823+0000] {dag.py:3229} INFO - Sync 1 DAGs
[2025-11-24T00:09:13.836+0000] {logging_mixin.py:190} INFO - [2025-11-24T00:09:13.835+0000] {dag.py:4156} INFO - Setting next_dagrun for elt_dbt_downstream to 2025-11-23 04:00:00+00:00, run_after=2025-11-24 04:00:00+00:00
[2025-11-24T00:09:13.847+0000] {processor.py:208} INFO - Processing /opt/airflow/dags/elt_dbt_downstream.py took 0.055 seconds
[2025-11-24T00:26:12.887+0000] {processor.py:186} INFO - Started process (PID=16220) to work on /opt/airflow/dags/elt_dbt_downstream.py
[2025-11-24T00:26:12.888+0000] {processor.py:914} INFO - Processing file /opt/airflow/dags/elt_dbt_downstream.py for tasks to queue
[2025-11-24T00:26:12.890+0000] {logging_mixin.py:190} INFO - [2025-11-24T00:26:12.890+0000] {dagbag.py:587} INFO - Filling up the DagBag from /opt/airflow/dags/elt_dbt_downstream.py
[2025-11-24T00:26:12.902+0000] {processor.py:925} INFO - DAG(s) 'elt_dbt_downstream' retrieved from /opt/airflow/dags/elt_dbt_downstream.py
[2025-11-24T00:26:12.919+0000] {logging_mixin.py:190} INFO - [2025-11-24T00:26:12.918+0000] {dag.py:3229} INFO - Sync 1 DAGs
[2025-11-24T00:26:12.934+0000] {logging_mixin.py:190} INFO - [2025-11-24T00:26:12.934+0000] {dag.py:4156} INFO - Setting next_dagrun for elt_dbt_downstream to 2025-11-23 04:00:00+00:00, run_after=2025-11-24 04:00:00+00:00
[2025-11-24T00:26:12.947+0000] {processor.py:208} INFO - Processing /opt/airflow/dags/elt_dbt_downstream.py took 0.064 seconds
[2025-11-24T00:26:43.420+0000] {processor.py:186} INFO - Started process (PID=16246) to work on /opt/airflow/dags/elt_dbt_downstream.py
[2025-11-24T00:26:43.422+0000] {processor.py:914} INFO - Processing file /opt/airflow/dags/elt_dbt_downstream.py for tasks to queue
[2025-11-24T00:26:43.426+0000] {logging_mixin.py:190} INFO - [2025-11-24T00:26:43.426+0000] {dagbag.py:587} INFO - Filling up the DagBag from /opt/airflow/dags/elt_dbt_downstream.py
[2025-11-24T00:26:43.439+0000] {processor.py:925} INFO - DAG(s) 'elt_dbt_downstream' retrieved from /opt/airflow/dags/elt_dbt_downstream.py
[2025-11-24T00:26:43.460+0000] {logging_mixin.py:190} INFO - [2025-11-24T00:26:43.460+0000] {dag.py:3229} INFO - Sync 1 DAGs
[2025-11-24T00:26:43.475+0000] {logging_mixin.py:190} INFO - [2025-11-24T00:26:43.474+0000] {dag.py:4156} INFO - Setting next_dagrun for elt_dbt_downstream to 2025-11-23 04:00:00+00:00, run_after=2025-11-24 04:00:00+00:00
[2025-11-24T00:26:43.486+0000] {processor.py:208} INFO - Processing /opt/airflow/dags/elt_dbt_downstream.py took 0.070 seconds
[2025-11-24T00:42:41.312+0000] {processor.py:186} INFO - Started process (PID=16272) to work on /opt/airflow/dags/elt_dbt_downstream.py
[2025-11-24T00:42:41.312+0000] {processor.py:914} INFO - Processing file /opt/airflow/dags/elt_dbt_downstream.py for tasks to queue
[2025-11-24T00:42:41.314+0000] {logging_mixin.py:190} INFO - [2025-11-24T00:42:41.314+0000] {dagbag.py:587} INFO - Filling up the DagBag from /opt/airflow/dags/elt_dbt_downstream.py
[2025-11-24T00:42:41.323+0000] {processor.py:925} INFO - DAG(s) 'elt_dbt_downstream' retrieved from /opt/airflow/dags/elt_dbt_downstream.py
[2025-11-24T00:42:41.336+0000] {logging_mixin.py:190} INFO - [2025-11-24T00:42:41.336+0000] {dag.py:3229} INFO - Sync 1 DAGs
[2025-11-24T00:42:41.347+0000] {logging_mixin.py:190} INFO - [2025-11-24T00:42:41.347+0000] {dag.py:4156} INFO - Setting next_dagrun for elt_dbt_downstream to 2025-11-23 04:00:00+00:00, run_after=2025-11-24 04:00:00+00:00
[2025-11-24T00:42:41.357+0000] {processor.py:208} INFO - Processing /opt/airflow/dags/elt_dbt_downstream.py took 0.049 seconds
[2025-11-24T00:43:11.817+0000] {processor.py:186} INFO - Started process (PID=16298) to work on /opt/airflow/dags/elt_dbt_downstream.py
[2025-11-24T00:43:11.817+0000] {processor.py:914} INFO - Processing file /opt/airflow/dags/elt_dbt_downstream.py for tasks to queue
[2025-11-24T00:43:11.819+0000] {logging_mixin.py:190} INFO - [2025-11-24T00:43:11.818+0000] {dagbag.py:587} INFO - Filling up the DagBag from /opt/airflow/dags/elt_dbt_downstream.py
[2025-11-24T00:43:11.825+0000] {processor.py:925} INFO - DAG(s) 'elt_dbt_downstream' retrieved from /opt/airflow/dags/elt_dbt_downstream.py
[2025-11-24T00:43:11.838+0000] {logging_mixin.py:190} INFO - [2025-11-24T00:43:11.838+0000] {dag.py:3229} INFO - Sync 1 DAGs
[2025-11-24T00:43:11.848+0000] {logging_mixin.py:190} INFO - [2025-11-24T00:43:11.848+0000] {dag.py:4156} INFO - Setting next_dagrun for elt_dbt_downstream to 2025-11-23 04:00:00+00:00, run_after=2025-11-24 04:00:00+00:00
[2025-11-24T00:43:11.856+0000] {processor.py:208} INFO - Processing /opt/airflow/dags/elt_dbt_downstream.py took 0.042 seconds
[2025-11-24T00:59:34.778+0000] {processor.py:186} INFO - Started process (PID=16324) to work on /opt/airflow/dags/elt_dbt_downstream.py
[2025-11-24T00:59:34.779+0000] {processor.py:914} INFO - Processing file /opt/airflow/dags/elt_dbt_downstream.py for tasks to queue
[2025-11-24T00:59:34.781+0000] {logging_mixin.py:190} INFO - [2025-11-24T00:59:34.781+0000] {dagbag.py:587} INFO - Filling up the DagBag from /opt/airflow/dags/elt_dbt_downstream.py
[2025-11-24T00:59:34.796+0000] {processor.py:925} INFO - DAG(s) 'elt_dbt_downstream' retrieved from /opt/airflow/dags/elt_dbt_downstream.py
[2025-11-24T00:59:34.815+0000] {logging_mixin.py:190} INFO - [2025-11-24T00:59:34.815+0000] {dag.py:3229} INFO - Sync 1 DAGs
[2025-11-24T00:59:34.829+0000] {logging_mixin.py:190} INFO - [2025-11-24T00:59:34.829+0000] {dag.py:4156} INFO - Setting next_dagrun for elt_dbt_downstream to 2025-11-23 04:00:00+00:00, run_after=2025-11-24 04:00:00+00:00
[2025-11-24T00:59:34.839+0000] {processor.py:208} INFO - Processing /opt/airflow/dags/elt_dbt_downstream.py took 0.067 seconds
[2025-11-24T01:09:48.913+0000] {processor.py:186} INFO - Started process (PID=16350) to work on /opt/airflow/dags/elt_dbt_downstream.py
[2025-11-24T01:09:48.915+0000] {processor.py:914} INFO - Processing file /opt/airflow/dags/elt_dbt_downstream.py for tasks to queue
[2025-11-24T01:09:48.920+0000] {logging_mixin.py:190} INFO - [2025-11-24T01:09:48.920+0000] {dagbag.py:587} INFO - Filling up the DagBag from /opt/airflow/dags/elt_dbt_downstream.py
[2025-11-24T01:09:48.937+0000] {processor.py:925} INFO - DAG(s) 'elt_dbt_downstream' retrieved from /opt/airflow/dags/elt_dbt_downstream.py
[2025-11-24T01:09:48.969+0000] {logging_mixin.py:190} INFO - [2025-11-24T01:09:48.969+0000] {dag.py:3229} INFO - Sync 1 DAGs
[2025-11-24T01:09:48.994+0000] {logging_mixin.py:190} INFO - [2025-11-24T01:09:48.994+0000] {dag.py:4156} INFO - Setting next_dagrun for elt_dbt_downstream to 2025-11-23 04:00:00+00:00, run_after=2025-11-24 04:00:00+00:00
[2025-11-24T01:09:49.011+0000] {processor.py:208} INFO - Processing /opt/airflow/dags/elt_dbt_downstream.py took 0.114 seconds
[2025-11-24T01:10:19.413+0000] {processor.py:186} INFO - Started process (PID=16376) to work on /opt/airflow/dags/elt_dbt_downstream.py
[2025-11-24T01:10:19.413+0000] {processor.py:914} INFO - Processing file /opt/airflow/dags/elt_dbt_downstream.py for tasks to queue
[2025-11-24T01:10:19.415+0000] {logging_mixin.py:190} INFO - [2025-11-24T01:10:19.415+0000] {dagbag.py:587} INFO - Filling up the DagBag from /opt/airflow/dags/elt_dbt_downstream.py
[2025-11-24T01:10:19.423+0000] {processor.py:925} INFO - DAG(s) 'elt_dbt_downstream' retrieved from /opt/airflow/dags/elt_dbt_downstream.py
[2025-11-24T01:10:19.435+0000] {logging_mixin.py:190} INFO - [2025-11-24T01:10:19.435+0000] {dag.py:3229} INFO - Sync 1 DAGs
[2025-11-24T01:10:19.448+0000] {logging_mixin.py:190} INFO - [2025-11-24T01:10:19.448+0000] {dag.py:4156} INFO - Setting next_dagrun for elt_dbt_downstream to 2025-11-23 04:00:00+00:00, run_after=2025-11-24 04:00:00+00:00
[2025-11-24T01:10:19.458+0000] {processor.py:208} INFO - Processing /opt/airflow/dags/elt_dbt_downstream.py took 0.053 seconds
[2025-11-24T01:22:34.892+0000] {processor.py:186} INFO - Started process (PID=16402) to work on /opt/airflow/dags/elt_dbt_downstream.py
[2025-11-24T01:22:34.893+0000] {processor.py:914} INFO - Processing file /opt/airflow/dags/elt_dbt_downstream.py for tasks to queue
[2025-11-24T01:22:34.897+0000] {logging_mixin.py:190} INFO - [2025-11-24T01:22:34.897+0000] {dagbag.py:587} INFO - Filling up the DagBag from /opt/airflow/dags/elt_dbt_downstream.py
[2025-11-24T01:22:34.912+0000] {processor.py:925} INFO - DAG(s) 'elt_dbt_downstream' retrieved from /opt/airflow/dags/elt_dbt_downstream.py
[2025-11-24T01:22:34.931+0000] {logging_mixin.py:190} INFO - [2025-11-24T01:22:34.931+0000] {dag.py:3229} INFO - Sync 1 DAGs
[2025-11-24T01:22:34.947+0000] {logging_mixin.py:190} INFO - [2025-11-24T01:22:34.947+0000] {dag.py:4156} INFO - Setting next_dagrun for elt_dbt_downstream to 2025-11-23 04:00:00+00:00, run_after=2025-11-24 04:00:00+00:00
[2025-11-24T01:22:34.958+0000] {processor.py:208} INFO - Processing /opt/airflow/dags/elt_dbt_downstream.py took 0.074 seconds
[2025-11-24T01:23:05.340+0000] {processor.py:186} INFO - Started process (PID=16428) to work on /opt/airflow/dags/elt_dbt_downstream.py
[2025-11-24T01:23:05.341+0000] {processor.py:914} INFO - Processing file /opt/airflow/dags/elt_dbt_downstream.py for tasks to queue
[2025-11-24T01:23:05.343+0000] {logging_mixin.py:190} INFO - [2025-11-24T01:23:05.343+0000] {dagbag.py:587} INFO - Filling up the DagBag from /opt/airflow/dags/elt_dbt_downstream.py
[2025-11-24T01:23:05.352+0000] {processor.py:925} INFO - DAG(s) 'elt_dbt_downstream' retrieved from /opt/airflow/dags/elt_dbt_downstream.py
[2025-11-24T01:23:05.368+0000] {logging_mixin.py:190} INFO - [2025-11-24T01:23:05.368+0000] {dag.py:3229} INFO - Sync 1 DAGs
[2025-11-24T01:23:05.383+0000] {logging_mixin.py:190} INFO - [2025-11-24T01:23:05.383+0000] {dag.py:4156} INFO - Setting next_dagrun for elt_dbt_downstream to 2025-11-23 04:00:00+00:00, run_after=2025-11-24 04:00:00+00:00
[2025-11-24T01:23:05.392+0000] {processor.py:208} INFO - Processing /opt/airflow/dags/elt_dbt_downstream.py took 0.058 seconds
[2025-11-24T01:23:35.881+0000] {processor.py:186} INFO - Started process (PID=16454) to work on /opt/airflow/dags/elt_dbt_downstream.py
[2025-11-24T01:23:35.882+0000] {processor.py:914} INFO - Processing file /opt/airflow/dags/elt_dbt_downstream.py for tasks to queue
[2025-11-24T01:23:35.884+0000] {logging_mixin.py:190} INFO - [2025-11-24T01:23:35.884+0000] {dagbag.py:587} INFO - Filling up the DagBag from /opt/airflow/dags/elt_dbt_downstream.py
[2025-11-24T01:23:35.893+0000] {processor.py:925} INFO - DAG(s) 'elt_dbt_downstream' retrieved from /opt/airflow/dags/elt_dbt_downstream.py
[2025-11-24T01:23:35.909+0000] {logging_mixin.py:190} INFO - [2025-11-24T01:23:35.909+0000] {dag.py:3229} INFO - Sync 1 DAGs
[2025-11-24T01:23:35.922+0000] {logging_mixin.py:190} INFO - [2025-11-24T01:23:35.921+0000] {dag.py:4156} INFO - Setting next_dagrun for elt_dbt_downstream to 2025-11-23 04:00:00+00:00, run_after=2025-11-24 04:00:00+00:00
[2025-11-24T01:23:35.930+0000] {processor.py:208} INFO - Processing /opt/airflow/dags/elt_dbt_downstream.py took 0.055 seconds
[2025-11-24T01:24:06.393+0000] {processor.py:186} INFO - Started process (PID=16480) to work on /opt/airflow/dags/elt_dbt_downstream.py
[2025-11-24T01:24:06.394+0000] {processor.py:914} INFO - Processing file /opt/airflow/dags/elt_dbt_downstream.py for tasks to queue
[2025-11-24T01:24:06.397+0000] {logging_mixin.py:190} INFO - [2025-11-24T01:24:06.397+0000] {dagbag.py:587} INFO - Filling up the DagBag from /opt/airflow/dags/elt_dbt_downstream.py
[2025-11-24T01:24:06.411+0000] {processor.py:925} INFO - DAG(s) 'elt_dbt_downstream' retrieved from /opt/airflow/dags/elt_dbt_downstream.py
[2025-11-24T01:24:06.428+0000] {logging_mixin.py:190} INFO - [2025-11-24T01:24:06.427+0000] {dag.py:3229} INFO - Sync 1 DAGs
[2025-11-24T01:24:06.442+0000] {logging_mixin.py:190} INFO - [2025-11-24T01:24:06.442+0000] {dag.py:4156} INFO - Setting next_dagrun for elt_dbt_downstream to 2025-11-23 04:00:00+00:00, run_after=2025-11-24 04:00:00+00:00
[2025-11-24T01:24:06.453+0000] {processor.py:208} INFO - Processing /opt/airflow/dags/elt_dbt_downstream.py took 0.067 seconds
[2025-11-24T01:24:36.832+0000] {processor.py:186} INFO - Started process (PID=16506) to work on /opt/airflow/dags/elt_dbt_downstream.py
[2025-11-24T01:24:36.832+0000] {processor.py:914} INFO - Processing file /opt/airflow/dags/elt_dbt_downstream.py for tasks to queue
[2025-11-24T01:24:36.835+0000] {logging_mixin.py:190} INFO - [2025-11-24T01:24:36.834+0000] {dagbag.py:587} INFO - Filling up the DagBag from /opt/airflow/dags/elt_dbt_downstream.py
[2025-11-24T01:24:36.845+0000] {processor.py:925} INFO - DAG(s) 'elt_dbt_downstream' retrieved from /opt/airflow/dags/elt_dbt_downstream.py
[2025-11-24T01:24:36.864+0000] {logging_mixin.py:190} INFO - [2025-11-24T01:24:36.864+0000] {dag.py:3229} INFO - Sync 1 DAGs
[2025-11-24T01:24:36.882+0000] {logging_mixin.py:190} INFO - [2025-11-24T01:24:36.882+0000] {dag.py:4156} INFO - Setting next_dagrun for elt_dbt_downstream to 2025-11-23 04:00:00+00:00, run_after=2025-11-24 04:00:00+00:00
[2025-11-24T01:24:36.892+0000] {processor.py:208} INFO - Processing /opt/airflow/dags/elt_dbt_downstream.py took 0.066 seconds
[2025-11-24T01:25:07.349+0000] {processor.py:186} INFO - Started process (PID=16532) to work on /opt/airflow/dags/elt_dbt_downstream.py
[2025-11-24T01:25:07.350+0000] {processor.py:914} INFO - Processing file /opt/airflow/dags/elt_dbt_downstream.py for tasks to queue
[2025-11-24T01:25:07.352+0000] {logging_mixin.py:190} INFO - [2025-11-24T01:25:07.352+0000] {dagbag.py:587} INFO - Filling up the DagBag from /opt/airflow/dags/elt_dbt_downstream.py
[2025-11-24T01:25:07.364+0000] {processor.py:925} INFO - DAG(s) 'elt_dbt_downstream' retrieved from /opt/airflow/dags/elt_dbt_downstream.py
[2025-11-24T01:25:07.378+0000] {logging_mixin.py:190} INFO - [2025-11-24T01:25:07.378+0000] {dag.py:3229} INFO - Sync 1 DAGs
[2025-11-24T01:25:07.391+0000] {logging_mixin.py:190} INFO - [2025-11-24T01:25:07.391+0000] {dag.py:4156} INFO - Setting next_dagrun for elt_dbt_downstream to 2025-11-23 04:00:00+00:00, run_after=2025-11-24 04:00:00+00:00
[2025-11-24T01:25:07.402+0000] {processor.py:208} INFO - Processing /opt/airflow/dags/elt_dbt_downstream.py took 0.059 seconds
[2025-11-24T01:41:48.733+0000] {processor.py:186} INFO - Started process (PID=16558) to work on /opt/airflow/dags/elt_dbt_downstream.py
[2025-11-24T01:41:48.734+0000] {processor.py:914} INFO - Processing file /opt/airflow/dags/elt_dbt_downstream.py for tasks to queue
[2025-11-24T01:41:48.736+0000] {logging_mixin.py:190} INFO - [2025-11-24T01:41:48.735+0000] {dagbag.py:587} INFO - Filling up the DagBag from /opt/airflow/dags/elt_dbt_downstream.py
[2025-11-24T01:41:48.745+0000] {processor.py:925} INFO - DAG(s) 'elt_dbt_downstream' retrieved from /opt/airflow/dags/elt_dbt_downstream.py
[2025-11-24T01:41:48.760+0000] {logging_mixin.py:190} INFO - [2025-11-24T01:41:48.760+0000] {dag.py:3229} INFO - Sync 1 DAGs
[2025-11-24T01:41:48.774+0000] {logging_mixin.py:190} INFO - [2025-11-24T01:41:48.774+0000] {dag.py:4156} INFO - Setting next_dagrun for elt_dbt_downstream to 2025-11-23 04:00:00+00:00, run_after=2025-11-24 04:00:00+00:00
[2025-11-24T01:41:48.785+0000] {processor.py:208} INFO - Processing /opt/airflow/dags/elt_dbt_downstream.py took 0.058 seconds
[2025-11-24T01:42:19.256+0000] {processor.py:186} INFO - Started process (PID=16584) to work on /opt/airflow/dags/elt_dbt_downstream.py
[2025-11-24T01:42:19.257+0000] {processor.py:914} INFO - Processing file /opt/airflow/dags/elt_dbt_downstream.py for tasks to queue
[2025-11-24T01:42:19.258+0000] {logging_mixin.py:190} INFO - [2025-11-24T01:42:19.258+0000] {dagbag.py:587} INFO - Filling up the DagBag from /opt/airflow/dags/elt_dbt_downstream.py
[2025-11-24T01:42:19.266+0000] {processor.py:925} INFO - DAG(s) 'elt_dbt_downstream' retrieved from /opt/airflow/dags/elt_dbt_downstream.py
[2025-11-24T01:42:19.281+0000] {logging_mixin.py:190} INFO - [2025-11-24T01:42:19.281+0000] {dag.py:3229} INFO - Sync 1 DAGs
[2025-11-24T01:42:19.293+0000] {logging_mixin.py:190} INFO - [2025-11-24T01:42:19.293+0000] {dag.py:4156} INFO - Setting next_dagrun for elt_dbt_downstream to 2025-11-23 04:00:00+00:00, run_after=2025-11-24 04:00:00+00:00
[2025-11-24T01:42:19.304+0000] {processor.py:208} INFO - Processing /opt/airflow/dags/elt_dbt_downstream.py took 0.052 seconds
[2025-11-24T01:53:15.766+0000] {processor.py:186} INFO - Started process (PID=16610) to work on /opt/airflow/dags/elt_dbt_downstream.py
[2025-11-24T01:53:15.767+0000] {processor.py:914} INFO - Processing file /opt/airflow/dags/elt_dbt_downstream.py for tasks to queue
[2025-11-24T01:53:15.770+0000] {logging_mixin.py:190} INFO - [2025-11-24T01:53:15.770+0000] {dagbag.py:587} INFO - Filling up the DagBag from /opt/airflow/dags/elt_dbt_downstream.py
[2025-11-24T01:53:15.783+0000] {processor.py:925} INFO - DAG(s) 'elt_dbt_downstream' retrieved from /opt/airflow/dags/elt_dbt_downstream.py
[2025-11-24T01:53:15.800+0000] {logging_mixin.py:190} INFO - [2025-11-24T01:53:15.800+0000] {dag.py:3229} INFO - Sync 1 DAGs
[2025-11-24T01:53:15.814+0000] {logging_mixin.py:190} INFO - [2025-11-24T01:53:15.813+0000] {dag.py:4156} INFO - Setting next_dagrun for elt_dbt_downstream to 2025-11-23 04:00:00+00:00, run_after=2025-11-24 04:00:00+00:00
[2025-11-24T01:53:15.826+0000] {processor.py:208} INFO - Processing /opt/airflow/dags/elt_dbt_downstream.py took 0.065 seconds
[2025-11-24T01:53:46.291+0000] {processor.py:186} INFO - Started process (PID=16636) to work on /opt/airflow/dags/elt_dbt_downstream.py
[2025-11-24T01:53:46.292+0000] {processor.py:914} INFO - Processing file /opt/airflow/dags/elt_dbt_downstream.py for tasks to queue
[2025-11-24T01:53:46.295+0000] {logging_mixin.py:190} INFO - [2025-11-24T01:53:46.295+0000] {dagbag.py:587} INFO - Filling up the DagBag from /opt/airflow/dags/elt_dbt_downstream.py
[2025-11-24T01:53:46.309+0000] {processor.py:925} INFO - DAG(s) 'elt_dbt_downstream' retrieved from /opt/airflow/dags/elt_dbt_downstream.py
[2025-11-24T01:53:46.327+0000] {logging_mixin.py:190} INFO - [2025-11-24T01:53:46.327+0000] {dag.py:3229} INFO - Sync 1 DAGs
[2025-11-24T01:53:46.343+0000] {logging_mixin.py:190} INFO - [2025-11-24T01:53:46.343+0000] {dag.py:4156} INFO - Setting next_dagrun for elt_dbt_downstream to 2025-11-23 04:00:00+00:00, run_after=2025-11-24 04:00:00+00:00
[2025-11-24T01:53:46.354+0000] {processor.py:208} INFO - Processing /opt/airflow/dags/elt_dbt_downstream.py took 0.069 seconds
[2025-11-24T03:11:46.412+0000] {processor.py:186} INFO - Started process (PID=16665) to work on /opt/airflow/dags/elt_dbt_downstream.py
[2025-11-24T03:11:46.414+0000] {processor.py:914} INFO - Processing file /opt/airflow/dags/elt_dbt_downstream.py for tasks to queue
[2025-11-24T03:11:46.441+0000] {logging_mixin.py:190} INFO - [2025-11-24T03:11:46.434+0000] {dagbag.py:587} INFO - Filling up the DagBag from /opt/airflow/dags/elt_dbt_downstream.py
[2025-11-24T03:11:46.599+0000] {processor.py:925} INFO - DAG(s) 'elt_dbt_downstream' retrieved from /opt/airflow/dags/elt_dbt_downstream.py
[2025-11-24T03:11:46.721+0000] {logging_mixin.py:190} INFO - [2025-11-24T03:11:46.721+0000] {dag.py:3229} INFO - Sync 1 DAGs
[2025-11-24T03:11:46.750+0000] {logging_mixin.py:190} INFO - [2025-11-24T03:11:46.749+0000] {dag.py:4156} INFO - Setting next_dagrun for elt_dbt_downstream to 2025-11-23 04:00:00+00:00, run_after=2025-11-24 04:00:00+00:00
[2025-11-24T03:11:46.763+0000] {processor.py:208} INFO - Processing /opt/airflow/dags/elt_dbt_downstream.py took 0.363 seconds
[2025-11-24T03:12:17.219+0000] {processor.py:186} INFO - Started process (PID=16735) to work on /opt/airflow/dags/elt_dbt_downstream.py
[2025-11-24T03:12:17.219+0000] {processor.py:914} INFO - Processing file /opt/airflow/dags/elt_dbt_downstream.py for tasks to queue
[2025-11-24T03:12:17.221+0000] {logging_mixin.py:190} INFO - [2025-11-24T03:12:17.221+0000] {dagbag.py:587} INFO - Filling up the DagBag from /opt/airflow/dags/elt_dbt_downstream.py
[2025-11-24T03:12:17.228+0000] {processor.py:925} INFO - DAG(s) 'elt_dbt_downstream' retrieved from /opt/airflow/dags/elt_dbt_downstream.py
[2025-11-24T03:12:17.239+0000] {logging_mixin.py:190} INFO - [2025-11-24T03:12:17.239+0000] {dag.py:3229} INFO - Sync 1 DAGs
[2025-11-24T03:12:17.250+0000] {logging_mixin.py:190} INFO - [2025-11-24T03:12:17.250+0000] {dag.py:4156} INFO - Setting next_dagrun for elt_dbt_downstream to 2025-11-23 04:00:00+00:00, run_after=2025-11-24 04:00:00+00:00
[2025-11-24T03:12:17.256+0000] {processor.py:208} INFO - Processing /opt/airflow/dags/elt_dbt_downstream.py took 0.043 seconds
[2025-11-24T03:39:52.193+0000] {processor.py:186} INFO - Started process (PID=16761) to work on /opt/airflow/dags/elt_dbt_downstream.py
[2025-11-24T03:39:52.194+0000] {processor.py:914} INFO - Processing file /opt/airflow/dags/elt_dbt_downstream.py for tasks to queue
[2025-11-24T03:39:52.199+0000] {logging_mixin.py:190} INFO - [2025-11-24T03:39:52.198+0000] {dagbag.py:587} INFO - Filling up the DagBag from /opt/airflow/dags/elt_dbt_downstream.py
[2025-11-24T03:39:52.224+0000] {processor.py:925} INFO - DAG(s) 'elt_dbt_downstream' retrieved from /opt/airflow/dags/elt_dbt_downstream.py
[2025-11-24T03:39:52.253+0000] {logging_mixin.py:190} INFO - [2025-11-24T03:39:52.253+0000] {dag.py:3229} INFO - Sync 1 DAGs
[2025-11-24T03:39:52.274+0000] {logging_mixin.py:190} INFO - [2025-11-24T03:39:52.274+0000] {dag.py:4156} INFO - Setting next_dagrun for elt_dbt_downstream to 2025-11-23 04:00:00+00:00, run_after=2025-11-24 04:00:00+00:00
[2025-11-24T03:39:52.283+0000] {processor.py:208} INFO - Processing /opt/airflow/dags/elt_dbt_downstream.py took 0.098 seconds
[2025-11-24T03:40:22.656+0000] {processor.py:186} INFO - Started process (PID=16828) to work on /opt/airflow/dags/elt_dbt_downstream.py
[2025-11-24T03:40:22.659+0000] {processor.py:914} INFO - Processing file /opt/airflow/dags/elt_dbt_downstream.py for tasks to queue
[2025-11-24T03:40:22.661+0000] {logging_mixin.py:190} INFO - [2025-11-24T03:40:22.661+0000] {dagbag.py:587} INFO - Filling up the DagBag from /opt/airflow/dags/elt_dbt_downstream.py
[2025-11-24T03:40:22.673+0000] {processor.py:925} INFO - DAG(s) 'elt_dbt_downstream' retrieved from /opt/airflow/dags/elt_dbt_downstream.py
[2025-11-24T03:40:22.690+0000] {logging_mixin.py:190} INFO - [2025-11-24T03:40:22.690+0000] {dag.py:3229} INFO - Sync 1 DAGs
[2025-11-24T03:40:22.709+0000] {logging_mixin.py:190} INFO - [2025-11-24T03:40:22.709+0000] {dag.py:4156} INFO - Setting next_dagrun for elt_dbt_downstream to 2025-11-23 04:00:00+00:00, run_after=2025-11-24 04:00:00+00:00
[2025-11-24T03:40:22.736+0000] {processor.py:208} INFO - Processing /opt/airflow/dags/elt_dbt_downstream.py took 0.087 seconds
[2025-11-24T03:40:53.111+0000] {processor.py:186} INFO - Started process (PID=16854) to work on /opt/airflow/dags/elt_dbt_downstream.py
[2025-11-24T03:40:53.111+0000] {processor.py:914} INFO - Processing file /opt/airflow/dags/elt_dbt_downstream.py for tasks to queue
[2025-11-24T03:40:53.113+0000] {logging_mixin.py:190} INFO - [2025-11-24T03:40:53.113+0000] {dagbag.py:587} INFO - Filling up the DagBag from /opt/airflow/dags/elt_dbt_downstream.py
[2025-11-24T03:40:53.127+0000] {processor.py:925} INFO - DAG(s) 'elt_dbt_downstream' retrieved from /opt/airflow/dags/elt_dbt_downstream.py
[2025-11-24T03:40:53.153+0000] {logging_mixin.py:190} INFO - [2025-11-24T03:40:53.153+0000] {dag.py:3229} INFO - Sync 1 DAGs
[2025-11-24T03:40:53.168+0000] {logging_mixin.py:190} INFO - [2025-11-24T03:40:53.168+0000] {dag.py:4156} INFO - Setting next_dagrun for elt_dbt_downstream to 2025-11-23 04:00:00+00:00, run_after=2025-11-24 04:00:00+00:00
[2025-11-24T03:40:53.180+0000] {processor.py:208} INFO - Processing /opt/airflow/dags/elt_dbt_downstream.py took 0.074 seconds
[2025-11-24T03:41:23.568+0000] {processor.py:186} INFO - Started process (PID=16885) to work on /opt/airflow/dags/elt_dbt_downstream.py
[2025-11-24T03:41:23.570+0000] {processor.py:914} INFO - Processing file /opt/airflow/dags/elt_dbt_downstream.py for tasks to queue
[2025-11-24T03:41:23.572+0000] {logging_mixin.py:190} INFO - [2025-11-24T03:41:23.572+0000] {dagbag.py:587} INFO - Filling up the DagBag from /opt/airflow/dags/elt_dbt_downstream.py
[2025-11-24T03:41:23.584+0000] {processor.py:925} INFO - DAG(s) 'elt_dbt_downstream' retrieved from /opt/airflow/dags/elt_dbt_downstream.py
[2025-11-24T03:41:23.599+0000] {logging_mixin.py:190} INFO - [2025-11-24T03:41:23.599+0000] {dag.py:3229} INFO - Sync 1 DAGs
[2025-11-24T03:41:23.611+0000] {logging_mixin.py:190} INFO - [2025-11-24T03:41:23.611+0000] {dag.py:4156} INFO - Setting next_dagrun for elt_dbt_downstream to 2025-11-23 04:00:00+00:00, run_after=2025-11-24 04:00:00+00:00
[2025-11-24T03:41:23.619+0000] {processor.py:208} INFO - Processing /opt/airflow/dags/elt_dbt_downstream.py took 0.057 seconds
[2025-11-24T03:41:54.019+0000] {processor.py:186} INFO - Started process (PID=16911) to work on /opt/airflow/dags/elt_dbt_downstream.py
[2025-11-24T03:41:54.020+0000] {processor.py:914} INFO - Processing file /opt/airflow/dags/elt_dbt_downstream.py for tasks to queue
[2025-11-24T03:41:54.023+0000] {logging_mixin.py:190} INFO - [2025-11-24T03:41:54.022+0000] {dagbag.py:587} INFO - Filling up the DagBag from /opt/airflow/dags/elt_dbt_downstream.py
[2025-11-24T03:41:54.032+0000] {processor.py:925} INFO - DAG(s) 'elt_dbt_downstream' retrieved from /opt/airflow/dags/elt_dbt_downstream.py
[2025-11-24T03:41:54.047+0000] {logging_mixin.py:190} INFO - [2025-11-24T03:41:54.047+0000] {dag.py:3229} INFO - Sync 1 DAGs
[2025-11-24T03:41:54.059+0000] {logging_mixin.py:190} INFO - [2025-11-24T03:41:54.059+0000] {dag.py:4156} INFO - Setting next_dagrun for elt_dbt_downstream to 2025-11-23 04:00:00+00:00, run_after=2025-11-24 04:00:00+00:00
[2025-11-24T03:41:54.067+0000] {processor.py:208} INFO - Processing /opt/airflow/dags/elt_dbt_downstream.py took 0.054 seconds
[2025-11-24T03:42:24.408+0000] {processor.py:186} INFO - Started process (PID=16937) to work on /opt/airflow/dags/elt_dbt_downstream.py
[2025-11-24T03:42:24.408+0000] {processor.py:914} INFO - Processing file /opt/airflow/dags/elt_dbt_downstream.py for tasks to queue
[2025-11-24T03:42:24.410+0000] {logging_mixin.py:190} INFO - [2025-11-24T03:42:24.410+0000] {dagbag.py:587} INFO - Filling up the DagBag from /opt/airflow/dags/elt_dbt_downstream.py
[2025-11-24T03:42:24.419+0000] {processor.py:925} INFO - DAG(s) 'elt_dbt_downstream' retrieved from /opt/airflow/dags/elt_dbt_downstream.py
[2025-11-24T03:42:24.431+0000] {logging_mixin.py:190} INFO - [2025-11-24T03:42:24.430+0000] {dag.py:3229} INFO - Sync 1 DAGs
[2025-11-24T03:42:24.442+0000] {logging_mixin.py:190} INFO - [2025-11-24T03:42:24.442+0000] {dag.py:4156} INFO - Setting next_dagrun for elt_dbt_downstream to 2025-11-23 04:00:00+00:00, run_after=2025-11-24 04:00:00+00:00
[2025-11-24T03:42:24.449+0000] {processor.py:208} INFO - Processing /opt/airflow/dags/elt_dbt_downstream.py took 0.046 seconds
[2025-11-24T03:42:54.856+0000] {processor.py:186} INFO - Started process (PID=16963) to work on /opt/airflow/dags/elt_dbt_downstream.py
[2025-11-24T03:42:54.857+0000] {processor.py:914} INFO - Processing file /opt/airflow/dags/elt_dbt_downstream.py for tasks to queue
[2025-11-24T03:42:54.859+0000] {logging_mixin.py:190} INFO - [2025-11-24T03:42:54.859+0000] {dagbag.py:587} INFO - Filling up the DagBag from /opt/airflow/dags/elt_dbt_downstream.py
[2025-11-24T03:42:54.868+0000] {processor.py:925} INFO - DAG(s) 'elt_dbt_downstream' retrieved from /opt/airflow/dags/elt_dbt_downstream.py
[2025-11-24T03:42:54.882+0000] {logging_mixin.py:190} INFO - [2025-11-24T03:42:54.881+0000] {dag.py:3229} INFO - Sync 1 DAGs
[2025-11-24T03:42:54.894+0000] {logging_mixin.py:190} INFO - [2025-11-24T03:42:54.894+0000] {dag.py:4156} INFO - Setting next_dagrun for elt_dbt_downstream to 2025-11-23 04:00:00+00:00, run_after=2025-11-24 04:00:00+00:00
[2025-11-24T03:42:54.901+0000] {processor.py:208} INFO - Processing /opt/airflow/dags/elt_dbt_downstream.py took 0.052 seconds
[2025-11-24T03:43:25.336+0000] {processor.py:186} INFO - Started process (PID=16989) to work on /opt/airflow/dags/elt_dbt_downstream.py
[2025-11-24T03:43:25.336+0000] {processor.py:914} INFO - Processing file /opt/airflow/dags/elt_dbt_downstream.py for tasks to queue
[2025-11-24T03:43:25.339+0000] {logging_mixin.py:190} INFO - [2025-11-24T03:43:25.338+0000] {dagbag.py:587} INFO - Filling up the DagBag from /opt/airflow/dags/elt_dbt_downstream.py
[2025-11-24T03:43:25.352+0000] {processor.py:925} INFO - DAG(s) 'elt_dbt_downstream' retrieved from /opt/airflow/dags/elt_dbt_downstream.py
[2025-11-24T03:43:25.403+0000] {logging_mixin.py:190} INFO - [2025-11-24T03:43:25.403+0000] {dag.py:3229} INFO - Sync 1 DAGs
[2025-11-24T03:43:25.418+0000] {logging_mixin.py:190} INFO - [2025-11-24T03:43:25.418+0000] {dag.py:4156} INFO - Setting next_dagrun for elt_dbt_downstream to 2025-11-23 04:00:00+00:00, run_after=2025-11-24 04:00:00+00:00
[2025-11-24T03:43:25.426+0000] {processor.py:208} INFO - Processing /opt/airflow/dags/elt_dbt_downstream.py took 0.095 seconds
[2025-11-24T03:43:55.820+0000] {processor.py:186} INFO - Started process (PID=17015) to work on /opt/airflow/dags/elt_dbt_downstream.py
[2025-11-24T03:43:55.821+0000] {processor.py:914} INFO - Processing file /opt/airflow/dags/elt_dbt_downstream.py for tasks to queue
[2025-11-24T03:43:55.823+0000] {logging_mixin.py:190} INFO - [2025-11-24T03:43:55.823+0000] {dagbag.py:587} INFO - Filling up the DagBag from /opt/airflow/dags/elt_dbt_downstream.py
[2025-11-24T03:43:55.834+0000] {processor.py:925} INFO - DAG(s) 'elt_dbt_downstream' retrieved from /opt/airflow/dags/elt_dbt_downstream.py
[2025-11-24T03:43:55.855+0000] {logging_mixin.py:190} INFO - [2025-11-24T03:43:55.855+0000] {dag.py:3229} INFO - Sync 1 DAGs
[2025-11-24T03:43:55.870+0000] {logging_mixin.py:190} INFO - [2025-11-24T03:43:55.870+0000] {dag.py:4156} INFO - Setting next_dagrun for elt_dbt_downstream to 2025-11-23 04:00:00+00:00, run_after=2025-11-24 04:00:00+00:00
[2025-11-24T03:43:55.880+0000] {processor.py:208} INFO - Processing /opt/airflow/dags/elt_dbt_downstream.py took 0.068 seconds
[2025-11-24T03:44:26.301+0000] {processor.py:186} INFO - Started process (PID=17041) to work on /opt/airflow/dags/elt_dbt_downstream.py
[2025-11-24T03:44:26.304+0000] {processor.py:914} INFO - Processing file /opt/airflow/dags/elt_dbt_downstream.py for tasks to queue
[2025-11-24T03:44:26.307+0000] {logging_mixin.py:190} INFO - [2025-11-24T03:44:26.307+0000] {dagbag.py:587} INFO - Filling up the DagBag from /opt/airflow/dags/elt_dbt_downstream.py
[2025-11-24T03:44:26.326+0000] {processor.py:925} INFO - DAG(s) 'elt_dbt_downstream' retrieved from /opt/airflow/dags/elt_dbt_downstream.py
[2025-11-24T03:44:26.360+0000] {logging_mixin.py:190} INFO - [2025-11-24T03:44:26.360+0000] {dag.py:3229} INFO - Sync 1 DAGs
[2025-11-24T03:44:26.380+0000] {logging_mixin.py:190} INFO - [2025-11-24T03:44:26.380+0000] {dag.py:4156} INFO - Setting next_dagrun for elt_dbt_downstream to 2025-11-23 04:00:00+00:00, run_after=2025-11-24 04:00:00+00:00
[2025-11-24T03:44:26.392+0000] {processor.py:208} INFO - Processing /opt/airflow/dags/elt_dbt_downstream.py took 0.102 seconds
[2025-11-24T03:44:56.794+0000] {processor.py:186} INFO - Started process (PID=17072) to work on /opt/airflow/dags/elt_dbt_downstream.py
[2025-11-24T03:44:56.795+0000] {processor.py:914} INFO - Processing file /opt/airflow/dags/elt_dbt_downstream.py for tasks to queue
[2025-11-24T03:44:56.798+0000] {logging_mixin.py:190} INFO - [2025-11-24T03:44:56.797+0000] {dagbag.py:587} INFO - Filling up the DagBag from /opt/airflow/dags/elt_dbt_downstream.py
[2025-11-24T03:44:56.806+0000] {processor.py:925} INFO - DAG(s) 'elt_dbt_downstream' retrieved from /opt/airflow/dags/elt_dbt_downstream.py
[2025-11-24T03:44:56.820+0000] {logging_mixin.py:190} INFO - [2025-11-24T03:44:56.820+0000] {dag.py:3229} INFO - Sync 1 DAGs
[2025-11-24T03:44:56.832+0000] {logging_mixin.py:190} INFO - [2025-11-24T03:44:56.832+0000] {dag.py:4156} INFO - Setting next_dagrun for elt_dbt_downstream to 2025-11-23 04:00:00+00:00, run_after=2025-11-24 04:00:00+00:00
[2025-11-24T03:44:56.839+0000] {processor.py:208} INFO - Processing /opt/airflow/dags/elt_dbt_downstream.py took 0.051 seconds
[2025-11-24T03:45:27.241+0000] {processor.py:186} INFO - Started process (PID=17098) to work on /opt/airflow/dags/elt_dbt_downstream.py
[2025-11-24T03:45:27.242+0000] {processor.py:914} INFO - Processing file /opt/airflow/dags/elt_dbt_downstream.py for tasks to queue
[2025-11-24T03:45:27.244+0000] {logging_mixin.py:190} INFO - [2025-11-24T03:45:27.244+0000] {dagbag.py:587} INFO - Filling up the DagBag from /opt/airflow/dags/elt_dbt_downstream.py
[2025-11-24T03:45:27.256+0000] {processor.py:925} INFO - DAG(s) 'elt_dbt_downstream' retrieved from /opt/airflow/dags/elt_dbt_downstream.py
[2025-11-24T03:45:27.271+0000] {logging_mixin.py:190} INFO - [2025-11-24T03:45:27.271+0000] {dag.py:3229} INFO - Sync 1 DAGs
[2025-11-24T03:45:27.284+0000] {logging_mixin.py:190} INFO - [2025-11-24T03:45:27.284+0000] {dag.py:4156} INFO - Setting next_dagrun for elt_dbt_downstream to 2025-11-23 04:00:00+00:00, run_after=2025-11-24 04:00:00+00:00
[2025-11-24T03:45:27.293+0000] {processor.py:208} INFO - Processing /opt/airflow/dags/elt_dbt_downstream.py took 0.060 seconds
[2025-11-24T03:45:57.690+0000] {processor.py:186} INFO - Started process (PID=17124) to work on /opt/airflow/dags/elt_dbt_downstream.py
[2025-11-24T03:45:57.691+0000] {processor.py:914} INFO - Processing file /opt/airflow/dags/elt_dbt_downstream.py for tasks to queue
[2025-11-24T03:45:57.694+0000] {logging_mixin.py:190} INFO - [2025-11-24T03:45:57.693+0000] {dagbag.py:587} INFO - Filling up the DagBag from /opt/airflow/dags/elt_dbt_downstream.py
[2025-11-24T03:45:57.705+0000] {processor.py:925} INFO - DAG(s) 'elt_dbt_downstream' retrieved from /opt/airflow/dags/elt_dbt_downstream.py
[2025-11-24T03:45:57.729+0000] {logging_mixin.py:190} INFO - [2025-11-24T03:45:57.728+0000] {dag.py:3229} INFO - Sync 1 DAGs
[2025-11-24T03:45:57.742+0000] {logging_mixin.py:190} INFO - [2025-11-24T03:45:57.741+0000] {dag.py:4156} INFO - Setting next_dagrun for elt_dbt_downstream to 2025-11-23 04:00:00+00:00, run_after=2025-11-24 04:00:00+00:00
[2025-11-24T03:45:57.749+0000] {processor.py:208} INFO - Processing /opt/airflow/dags/elt_dbt_downstream.py took 0.067 seconds
[2025-11-24T03:46:28.178+0000] {processor.py:186} INFO - Started process (PID=17150) to work on /opt/airflow/dags/elt_dbt_downstream.py
[2025-11-24T03:46:28.179+0000] {processor.py:914} INFO - Processing file /opt/airflow/dags/elt_dbt_downstream.py for tasks to queue
[2025-11-24T03:46:28.181+0000] {logging_mixin.py:190} INFO - [2025-11-24T03:46:28.181+0000] {dagbag.py:587} INFO - Filling up the DagBag from /opt/airflow/dags/elt_dbt_downstream.py
[2025-11-24T03:46:28.193+0000] {processor.py:925} INFO - DAG(s) 'elt_dbt_downstream' retrieved from /opt/airflow/dags/elt_dbt_downstream.py
[2025-11-24T03:46:28.208+0000] {logging_mixin.py:190} INFO - [2025-11-24T03:46:28.208+0000] {dag.py:3229} INFO - Sync 1 DAGs
[2025-11-24T03:46:28.224+0000] {logging_mixin.py:190} INFO - [2025-11-24T03:46:28.224+0000] {dag.py:4156} INFO - Setting next_dagrun for elt_dbt_downstream to 2025-11-23 04:00:00+00:00, run_after=2025-11-24 04:00:00+00:00
[2025-11-24T03:46:28.234+0000] {processor.py:208} INFO - Processing /opt/airflow/dags/elt_dbt_downstream.py took 0.062 seconds
[2025-11-24T03:46:58.618+0000] {processor.py:186} INFO - Started process (PID=17176) to work on /opt/airflow/dags/elt_dbt_downstream.py
[2025-11-24T03:46:58.618+0000] {processor.py:914} INFO - Processing file /opt/airflow/dags/elt_dbt_downstream.py for tasks to queue
[2025-11-24T03:46:58.621+0000] {logging_mixin.py:190} INFO - [2025-11-24T03:46:58.621+0000] {dagbag.py:587} INFO - Filling up the DagBag from /opt/airflow/dags/elt_dbt_downstream.py
[2025-11-24T03:46:58.630+0000] {processor.py:925} INFO - DAG(s) 'elt_dbt_downstream' retrieved from /opt/airflow/dags/elt_dbt_downstream.py
[2025-11-24T03:46:58.647+0000] {logging_mixin.py:190} INFO - [2025-11-24T03:46:58.647+0000] {dag.py:3229} INFO - Sync 1 DAGs
[2025-11-24T03:46:58.659+0000] {logging_mixin.py:190} INFO - [2025-11-24T03:46:58.659+0000] {dag.py:4156} INFO - Setting next_dagrun for elt_dbt_downstream to 2025-11-23 04:00:00+00:00, run_after=2025-11-24 04:00:00+00:00
[2025-11-24T03:46:58.670+0000] {processor.py:208} INFO - Processing /opt/airflow/dags/elt_dbt_downstream.py took 0.058 seconds
[2025-11-24T03:47:29.046+0000] {processor.py:186} INFO - Started process (PID=17202) to work on /opt/airflow/dags/elt_dbt_downstream.py
[2025-11-24T03:47:29.048+0000] {processor.py:914} INFO - Processing file /opt/airflow/dags/elt_dbt_downstream.py for tasks to queue
[2025-11-24T03:47:29.049+0000] {logging_mixin.py:190} INFO - [2025-11-24T03:47:29.049+0000] {dagbag.py:587} INFO - Filling up the DagBag from /opt/airflow/dags/elt_dbt_downstream.py
[2025-11-24T03:47:29.058+0000] {processor.py:925} INFO - DAG(s) 'elt_dbt_downstream' retrieved from /opt/airflow/dags/elt_dbt_downstream.py
[2025-11-24T03:47:29.070+0000] {logging_mixin.py:190} INFO - [2025-11-24T03:47:29.070+0000] {dag.py:3229} INFO - Sync 1 DAGs
[2025-11-24T03:47:29.081+0000] {logging_mixin.py:190} INFO - [2025-11-24T03:47:29.081+0000] {dag.py:4156} INFO - Setting next_dagrun for elt_dbt_downstream to 2025-11-23 04:00:00+00:00, run_after=2025-11-24 04:00:00+00:00
[2025-11-24T03:47:29.091+0000] {processor.py:208} INFO - Processing /opt/airflow/dags/elt_dbt_downstream.py took 0.048 seconds
[2025-11-24T03:47:59.459+0000] {processor.py:186} INFO - Started process (PID=17228) to work on /opt/airflow/dags/elt_dbt_downstream.py
[2025-11-24T03:47:59.459+0000] {processor.py:914} INFO - Processing file /opt/airflow/dags/elt_dbt_downstream.py for tasks to queue
[2025-11-24T03:47:59.462+0000] {logging_mixin.py:190} INFO - [2025-11-24T03:47:59.462+0000] {dagbag.py:587} INFO - Filling up the DagBag from /opt/airflow/dags/elt_dbt_downstream.py
[2025-11-24T03:47:59.472+0000] {processor.py:925} INFO - DAG(s) 'elt_dbt_downstream' retrieved from /opt/airflow/dags/elt_dbt_downstream.py
[2025-11-24T03:47:59.489+0000] {logging_mixin.py:190} INFO - [2025-11-24T03:47:59.489+0000] {dag.py:3229} INFO - Sync 1 DAGs
[2025-11-24T03:47:59.501+0000] {logging_mixin.py:190} INFO - [2025-11-24T03:47:59.501+0000] {dag.py:4156} INFO - Setting next_dagrun for elt_dbt_downstream to 2025-11-23 04:00:00+00:00, run_after=2025-11-24 04:00:00+00:00
[2025-11-24T03:47:59.510+0000] {processor.py:208} INFO - Processing /opt/airflow/dags/elt_dbt_downstream.py took 0.058 seconds
[2025-11-24T03:48:29.903+0000] {processor.py:186} INFO - Started process (PID=17254) to work on /opt/airflow/dags/elt_dbt_downstream.py
[2025-11-24T03:48:29.904+0000] {processor.py:914} INFO - Processing file /opt/airflow/dags/elt_dbt_downstream.py for tasks to queue
[2025-11-24T03:48:29.906+0000] {logging_mixin.py:190} INFO - [2025-11-24T03:48:29.906+0000] {dagbag.py:587} INFO - Filling up the DagBag from /opt/airflow/dags/elt_dbt_downstream.py
[2025-11-24T03:48:29.918+0000] {processor.py:925} INFO - DAG(s) 'elt_dbt_downstream' retrieved from /opt/airflow/dags/elt_dbt_downstream.py
[2025-11-24T03:48:29.935+0000] {logging_mixin.py:190} INFO - [2025-11-24T03:48:29.934+0000] {dag.py:3229} INFO - Sync 1 DAGs
[2025-11-24T03:48:29.949+0000] {logging_mixin.py:190} INFO - [2025-11-24T03:48:29.949+0000] {dag.py:4156} INFO - Setting next_dagrun for elt_dbt_downstream to 2025-11-23 04:00:00+00:00, run_after=2025-11-24 04:00:00+00:00
[2025-11-24T03:48:29.958+0000] {processor.py:208} INFO - Processing /opt/airflow/dags/elt_dbt_downstream.py took 0.061 seconds
[2025-11-24T03:49:00.340+0000] {processor.py:186} INFO - Started process (PID=17280) to work on /opt/airflow/dags/elt_dbt_downstream.py
[2025-11-24T03:49:00.341+0000] {processor.py:914} INFO - Processing file /opt/airflow/dags/elt_dbt_downstream.py for tasks to queue
[2025-11-24T03:49:00.343+0000] {logging_mixin.py:190} INFO - [2025-11-24T03:49:00.343+0000] {dagbag.py:587} INFO - Filling up the DagBag from /opt/airflow/dags/elt_dbt_downstream.py
[2025-11-24T03:49:00.354+0000] {processor.py:925} INFO - DAG(s) 'elt_dbt_downstream' retrieved from /opt/airflow/dags/elt_dbt_downstream.py
[2025-11-24T03:49:00.367+0000] {logging_mixin.py:190} INFO - [2025-11-24T03:49:00.367+0000] {dag.py:3229} INFO - Sync 1 DAGs
[2025-11-24T03:49:00.379+0000] {logging_mixin.py:190} INFO - [2025-11-24T03:49:00.379+0000] {dag.py:4156} INFO - Setting next_dagrun for elt_dbt_downstream to 2025-11-23 04:00:00+00:00, run_after=2025-11-24 04:00:00+00:00
[2025-11-24T03:49:00.386+0000] {processor.py:208} INFO - Processing /opt/airflow/dags/elt_dbt_downstream.py took 0.052 seconds
[2025-11-24T03:49:30.739+0000] {processor.py:186} INFO - Started process (PID=17306) to work on /opt/airflow/dags/elt_dbt_downstream.py
[2025-11-24T03:49:30.740+0000] {processor.py:914} INFO - Processing file /opt/airflow/dags/elt_dbt_downstream.py for tasks to queue
[2025-11-24T03:49:30.743+0000] {logging_mixin.py:190} INFO - [2025-11-24T03:49:30.743+0000] {dagbag.py:587} INFO - Filling up the DagBag from /opt/airflow/dags/elt_dbt_downstream.py
[2025-11-24T03:49:30.757+0000] {processor.py:925} INFO - DAG(s) 'elt_dbt_downstream' retrieved from /opt/airflow/dags/elt_dbt_downstream.py
[2025-11-24T03:49:30.774+0000] {logging_mixin.py:190} INFO - [2025-11-24T03:49:30.774+0000] {dag.py:3229} INFO - Sync 1 DAGs
[2025-11-24T03:49:30.789+0000] {logging_mixin.py:190} INFO - [2025-11-24T03:49:30.789+0000] {dag.py:4156} INFO - Setting next_dagrun for elt_dbt_downstream to 2025-11-23 04:00:00+00:00, run_after=2025-11-24 04:00:00+00:00
[2025-11-24T03:49:30.796+0000] {processor.py:208} INFO - Processing /opt/airflow/dags/elt_dbt_downstream.py took 0.065 seconds
[2025-11-24T03:50:01.236+0000] {processor.py:186} INFO - Started process (PID=17332) to work on /opt/airflow/dags/elt_dbt_downstream.py
[2025-11-24T03:50:01.237+0000] {processor.py:914} INFO - Processing file /opt/airflow/dags/elt_dbt_downstream.py for tasks to queue
[2025-11-24T03:50:01.239+0000] {logging_mixin.py:190} INFO - [2025-11-24T03:50:01.239+0000] {dagbag.py:587} INFO - Filling up the DagBag from /opt/airflow/dags/elt_dbt_downstream.py
[2025-11-24T03:50:01.250+0000] {processor.py:925} INFO - DAG(s) 'elt_dbt_downstream' retrieved from /opt/airflow/dags/elt_dbt_downstream.py
[2025-11-24T03:50:01.264+0000] {logging_mixin.py:190} INFO - [2025-11-24T03:50:01.263+0000] {dag.py:3229} INFO - Sync 1 DAGs
[2025-11-24T03:50:01.278+0000] {logging_mixin.py:190} INFO - [2025-11-24T03:50:01.278+0000] {dag.py:4156} INFO - Setting next_dagrun for elt_dbt_downstream to 2025-11-23 04:00:00+00:00, run_after=2025-11-24 04:00:00+00:00
[2025-11-24T03:50:01.287+0000] {processor.py:208} INFO - Processing /opt/airflow/dags/elt_dbt_downstream.py took 0.060 seconds
[2025-11-24T03:50:31.616+0000] {processor.py:186} INFO - Started process (PID=17358) to work on /opt/airflow/dags/elt_dbt_downstream.py
[2025-11-24T03:50:31.617+0000] {processor.py:914} INFO - Processing file /opt/airflow/dags/elt_dbt_downstream.py for tasks to queue
[2025-11-24T03:50:31.620+0000] {logging_mixin.py:190} INFO - [2025-11-24T03:50:31.619+0000] {dagbag.py:587} INFO - Filling up the DagBag from /opt/airflow/dags/elt_dbt_downstream.py
[2025-11-24T03:50:31.633+0000] {processor.py:925} INFO - DAG(s) 'elt_dbt_downstream' retrieved from /opt/airflow/dags/elt_dbt_downstream.py
[2025-11-24T03:50:31.648+0000] {logging_mixin.py:190} INFO - [2025-11-24T03:50:31.648+0000] {dag.py:3229} INFO - Sync 1 DAGs
[2025-11-24T03:50:31.662+0000] {logging_mixin.py:190} INFO - [2025-11-24T03:50:31.662+0000] {dag.py:4156} INFO - Setting next_dagrun for elt_dbt_downstream to 2025-11-23 04:00:00+00:00, run_after=2025-11-24 04:00:00+00:00
[2025-11-24T03:50:31.673+0000] {processor.py:208} INFO - Processing /opt/airflow/dags/elt_dbt_downstream.py took 0.065 seconds
[2025-11-24T03:51:02.075+0000] {processor.py:186} INFO - Started process (PID=17384) to work on /opt/airflow/dags/elt_dbt_downstream.py
[2025-11-24T03:51:02.076+0000] {processor.py:914} INFO - Processing file /opt/airflow/dags/elt_dbt_downstream.py for tasks to queue
[2025-11-24T03:51:02.078+0000] {logging_mixin.py:190} INFO - [2025-11-24T03:51:02.078+0000] {dagbag.py:587} INFO - Filling up the DagBag from /opt/airflow/dags/elt_dbt_downstream.py
[2025-11-24T03:51:02.085+0000] {processor.py:925} INFO - DAG(s) 'elt_dbt_downstream' retrieved from /opt/airflow/dags/elt_dbt_downstream.py
[2025-11-24T03:51:02.098+0000] {logging_mixin.py:190} INFO - [2025-11-24T03:51:02.098+0000] {dag.py:3229} INFO - Sync 1 DAGs
[2025-11-24T03:51:02.112+0000] {logging_mixin.py:190} INFO - [2025-11-24T03:51:02.112+0000] {dag.py:4156} INFO - Setting next_dagrun for elt_dbt_downstream to 2025-11-23 04:00:00+00:00, run_after=2025-11-24 04:00:00+00:00
[2025-11-24T03:51:02.121+0000] {processor.py:208} INFO - Processing /opt/airflow/dags/elt_dbt_downstream.py took 0.051 seconds
[2025-11-24T03:51:32.549+0000] {processor.py:186} INFO - Started process (PID=17410) to work on /opt/airflow/dags/elt_dbt_downstream.py
[2025-11-24T03:51:32.550+0000] {processor.py:914} INFO - Processing file /opt/airflow/dags/elt_dbt_downstream.py for tasks to queue
[2025-11-24T03:51:32.553+0000] {logging_mixin.py:190} INFO - [2025-11-24T03:51:32.552+0000] {dagbag.py:587} INFO - Filling up the DagBag from /opt/airflow/dags/elt_dbt_downstream.py
[2025-11-24T03:51:32.565+0000] {processor.py:925} INFO - DAG(s) 'elt_dbt_downstream' retrieved from /opt/airflow/dags/elt_dbt_downstream.py
[2025-11-24T03:51:32.581+0000] {logging_mixin.py:190} INFO - [2025-11-24T03:51:32.581+0000] {dag.py:3229} INFO - Sync 1 DAGs
[2025-11-24T03:51:32.594+0000] {logging_mixin.py:190} INFO - [2025-11-24T03:51:32.594+0000] {dag.py:4156} INFO - Setting next_dagrun for elt_dbt_downstream to 2025-11-23 04:00:00+00:00, run_after=2025-11-24 04:00:00+00:00
[2025-11-24T03:51:32.603+0000] {processor.py:208} INFO - Processing /opt/airflow/dags/elt_dbt_downstream.py took 0.061 seconds
[2025-11-24T03:52:03.039+0000] {processor.py:186} INFO - Started process (PID=17436) to work on /opt/airflow/dags/elt_dbt_downstream.py
[2025-11-24T03:52:03.040+0000] {processor.py:914} INFO - Processing file /opt/airflow/dags/elt_dbt_downstream.py for tasks to queue
[2025-11-24T03:52:03.044+0000] {logging_mixin.py:190} INFO - [2025-11-24T03:52:03.044+0000] {dagbag.py:587} INFO - Filling up the DagBag from /opt/airflow/dags/elt_dbt_downstream.py
[2025-11-24T03:52:03.055+0000] {processor.py:925} INFO - DAG(s) 'elt_dbt_downstream' retrieved from /opt/airflow/dags/elt_dbt_downstream.py
[2025-11-24T03:52:03.072+0000] {logging_mixin.py:190} INFO - [2025-11-24T03:52:03.072+0000] {dag.py:3229} INFO - Sync 1 DAGs
[2025-11-24T03:52:03.086+0000] {logging_mixin.py:190} INFO - [2025-11-24T03:52:03.086+0000] {dag.py:4156} INFO - Setting next_dagrun for elt_dbt_downstream to 2025-11-23 04:00:00+00:00, run_after=2025-11-24 04:00:00+00:00
[2025-11-24T03:52:03.096+0000] {processor.py:208} INFO - Processing /opt/airflow/dags/elt_dbt_downstream.py took 0.065 seconds
[2025-11-24T03:52:33.482+0000] {processor.py:186} INFO - Started process (PID=17462) to work on /opt/airflow/dags/elt_dbt_downstream.py
[2025-11-24T03:52:33.483+0000] {processor.py:914} INFO - Processing file /opt/airflow/dags/elt_dbt_downstream.py for tasks to queue
[2025-11-24T03:52:33.485+0000] {logging_mixin.py:190} INFO - [2025-11-24T03:52:33.484+0000] {dagbag.py:587} INFO - Filling up the DagBag from /opt/airflow/dags/elt_dbt_downstream.py
[2025-11-24T03:52:33.493+0000] {processor.py:925} INFO - DAG(s) 'elt_dbt_downstream' retrieved from /opt/airflow/dags/elt_dbt_downstream.py
[2025-11-24T03:52:33.505+0000] {logging_mixin.py:190} INFO - [2025-11-24T03:52:33.505+0000] {dag.py:3229} INFO - Sync 1 DAGs
[2025-11-24T03:52:33.515+0000] {logging_mixin.py:190} INFO - [2025-11-24T03:52:33.515+0000] {dag.py:4156} INFO - Setting next_dagrun for elt_dbt_downstream to 2025-11-23 04:00:00+00:00, run_after=2025-11-24 04:00:00+00:00
[2025-11-24T03:52:33.525+0000] {processor.py:208} INFO - Processing /opt/airflow/dags/elt_dbt_downstream.py took 0.048 seconds
[2025-11-24T03:53:03.876+0000] {processor.py:186} INFO - Started process (PID=17488) to work on /opt/airflow/dags/elt_dbt_downstream.py
[2025-11-24T03:53:03.877+0000] {processor.py:914} INFO - Processing file /opt/airflow/dags/elt_dbt_downstream.py for tasks to queue
[2025-11-24T03:53:03.879+0000] {logging_mixin.py:190} INFO - [2025-11-24T03:53:03.879+0000] {dagbag.py:587} INFO - Filling up the DagBag from /opt/airflow/dags/elt_dbt_downstream.py
[2025-11-24T03:53:03.889+0000] {processor.py:925} INFO - DAG(s) 'elt_dbt_downstream' retrieved from /opt/airflow/dags/elt_dbt_downstream.py
[2025-11-24T03:53:03.905+0000] {logging_mixin.py:190} INFO - [2025-11-24T03:53:03.905+0000] {dag.py:3229} INFO - Sync 1 DAGs
[2025-11-24T03:53:03.918+0000] {logging_mixin.py:190} INFO - [2025-11-24T03:53:03.918+0000] {dag.py:4156} INFO - Setting next_dagrun for elt_dbt_downstream to 2025-11-23 04:00:00+00:00, run_after=2025-11-24 04:00:00+00:00
[2025-11-24T03:53:03.926+0000] {processor.py:208} INFO - Processing /opt/airflow/dags/elt_dbt_downstream.py took 0.056 seconds
[2025-11-24T03:53:34.337+0000] {processor.py:186} INFO - Started process (PID=17514) to work on /opt/airflow/dags/elt_dbt_downstream.py
[2025-11-24T03:53:34.338+0000] {processor.py:914} INFO - Processing file /opt/airflow/dags/elt_dbt_downstream.py for tasks to queue
[2025-11-24T03:53:34.340+0000] {logging_mixin.py:190} INFO - [2025-11-24T03:53:34.339+0000] {dagbag.py:587} INFO - Filling up the DagBag from /opt/airflow/dags/elt_dbt_downstream.py
[2025-11-24T03:53:34.349+0000] {processor.py:925} INFO - DAG(s) 'elt_dbt_downstream' retrieved from /opt/airflow/dags/elt_dbt_downstream.py
[2025-11-24T03:53:34.366+0000] {logging_mixin.py:190} INFO - [2025-11-24T03:53:34.366+0000] {dag.py:3229} INFO - Sync 1 DAGs
[2025-11-24T03:53:34.383+0000] {logging_mixin.py:190} INFO - [2025-11-24T03:53:34.383+0000] {dag.py:4156} INFO - Setting next_dagrun for elt_dbt_downstream to 2025-11-23 04:00:00+00:00, run_after=2025-11-24 04:00:00+00:00
[2025-11-24T03:53:34.391+0000] {processor.py:208} INFO - Processing /opt/airflow/dags/elt_dbt_downstream.py took 0.060 seconds
[2025-11-24T03:54:04.790+0000] {processor.py:186} INFO - Started process (PID=17540) to work on /opt/airflow/dags/elt_dbt_downstream.py
[2025-11-24T03:54:04.790+0000] {processor.py:914} INFO - Processing file /opt/airflow/dags/elt_dbt_downstream.py for tasks to queue
[2025-11-24T03:54:04.792+0000] {logging_mixin.py:190} INFO - [2025-11-24T03:54:04.792+0000] {dagbag.py:587} INFO - Filling up the DagBag from /opt/airflow/dags/elt_dbt_downstream.py
[2025-11-24T03:54:04.804+0000] {processor.py:925} INFO - DAG(s) 'elt_dbt_downstream' retrieved from /opt/airflow/dags/elt_dbt_downstream.py
[2025-11-24T03:54:04.816+0000] {logging_mixin.py:190} INFO - [2025-11-24T03:54:04.816+0000] {dag.py:3229} INFO - Sync 1 DAGs
[2025-11-24T03:54:04.827+0000] {logging_mixin.py:190} INFO - [2025-11-24T03:54:04.827+0000] {dag.py:4156} INFO - Setting next_dagrun for elt_dbt_downstream to 2025-11-23 04:00:00+00:00, run_after=2025-11-24 04:00:00+00:00
[2025-11-24T03:54:04.836+0000] {processor.py:208} INFO - Processing /opt/airflow/dags/elt_dbt_downstream.py took 0.052 seconds
[2025-11-24T03:54:35.227+0000] {processor.py:186} INFO - Started process (PID=17566) to work on /opt/airflow/dags/elt_dbt_downstream.py
[2025-11-24T03:54:35.228+0000] {processor.py:914} INFO - Processing file /opt/airflow/dags/elt_dbt_downstream.py for tasks to queue
[2025-11-24T03:54:35.230+0000] {logging_mixin.py:190} INFO - [2025-11-24T03:54:35.230+0000] {dagbag.py:587} INFO - Filling up the DagBag from /opt/airflow/dags/elt_dbt_downstream.py
[2025-11-24T03:54:35.239+0000] {processor.py:925} INFO - DAG(s) 'elt_dbt_downstream' retrieved from /opt/airflow/dags/elt_dbt_downstream.py
[2025-11-24T03:54:35.254+0000] {logging_mixin.py:190} INFO - [2025-11-24T03:54:35.253+0000] {dag.py:3229} INFO - Sync 1 DAGs
[2025-11-24T03:54:35.265+0000] {logging_mixin.py:190} INFO - [2025-11-24T03:54:35.265+0000] {dag.py:4156} INFO - Setting next_dagrun for elt_dbt_downstream to 2025-11-23 04:00:00+00:00, run_after=2025-11-24 04:00:00+00:00
[2025-11-24T03:54:35.275+0000] {processor.py:208} INFO - Processing /opt/airflow/dags/elt_dbt_downstream.py took 0.054 seconds
[2025-11-24T03:55:05.682+0000] {processor.py:186} INFO - Started process (PID=17592) to work on /opt/airflow/dags/elt_dbt_downstream.py
[2025-11-24T03:55:05.685+0000] {processor.py:914} INFO - Processing file /opt/airflow/dags/elt_dbt_downstream.py for tasks to queue
[2025-11-24T03:55:05.688+0000] {logging_mixin.py:190} INFO - [2025-11-24T03:55:05.688+0000] {dagbag.py:587} INFO - Filling up the DagBag from /opt/airflow/dags/elt_dbt_downstream.py
[2025-11-24T03:55:05.708+0000] {processor.py:925} INFO - DAG(s) 'elt_dbt_downstream' retrieved from /opt/airflow/dags/elt_dbt_downstream.py
[2025-11-24T03:55:05.727+0000] {logging_mixin.py:190} INFO - [2025-11-24T03:55:05.727+0000] {dag.py:3229} INFO - Sync 1 DAGs
[2025-11-24T03:55:05.740+0000] {logging_mixin.py:190} INFO - [2025-11-24T03:55:05.740+0000] {dag.py:4156} INFO - Setting next_dagrun for elt_dbt_downstream to 2025-11-23 04:00:00+00:00, run_after=2025-11-24 04:00:00+00:00
[2025-11-24T03:55:05.759+0000] {processor.py:208} INFO - Processing /opt/airflow/dags/elt_dbt_downstream.py took 0.082 seconds
[2025-11-24T03:55:36.119+0000] {processor.py:186} INFO - Started process (PID=17618) to work on /opt/airflow/dags/elt_dbt_downstream.py
[2025-11-24T03:55:36.120+0000] {processor.py:914} INFO - Processing file /opt/airflow/dags/elt_dbt_downstream.py for tasks to queue
[2025-11-24T03:55:36.121+0000] {logging_mixin.py:190} INFO - [2025-11-24T03:55:36.121+0000] {dagbag.py:587} INFO - Filling up the DagBag from /opt/airflow/dags/elt_dbt_downstream.py
[2025-11-24T03:55:36.141+0000] {processor.py:925} INFO - DAG(s) 'elt_dbt_downstream' retrieved from /opt/airflow/dags/elt_dbt_downstream.py
[2025-11-24T03:55:36.163+0000] {logging_mixin.py:190} INFO - [2025-11-24T03:55:36.163+0000] {dag.py:3229} INFO - Sync 1 DAGs
[2025-11-24T03:55:36.188+0000] {logging_mixin.py:190} INFO - [2025-11-24T03:55:36.188+0000] {dag.py:4156} INFO - Setting next_dagrun for elt_dbt_downstream to 2025-11-23 04:00:00+00:00, run_after=2025-11-24 04:00:00+00:00
[2025-11-24T03:55:36.205+0000] {processor.py:208} INFO - Processing /opt/airflow/dags/elt_dbt_downstream.py took 0.090 seconds
[2025-11-24T04:13:26.096+0000] {processor.py:186} INFO - Started process (PID=17645) to work on /opt/airflow/dags/elt_dbt_downstream.py
[2025-11-24T04:13:26.097+0000] {processor.py:914} INFO - Processing file /opt/airflow/dags/elt_dbt_downstream.py for tasks to queue
[2025-11-24T04:13:26.102+0000] {logging_mixin.py:190} INFO - [2025-11-24T04:13:26.101+0000] {dagbag.py:587} INFO - Filling up the DagBag from /opt/airflow/dags/elt_dbt_downstream.py
[2025-11-24T04:13:26.119+0000] {processor.py:925} INFO - DAG(s) 'elt_dbt_downstream' retrieved from /opt/airflow/dags/elt_dbt_downstream.py
[2025-11-24T04:13:26.148+0000] {logging_mixin.py:190} INFO - [2025-11-24T04:13:26.148+0000] {dag.py:3229} INFO - Sync 1 DAGs
[2025-11-24T04:13:26.171+0000] {processor.py:208} INFO - Processing /opt/airflow/dags/elt_dbt_downstream.py took 0.081 seconds
[2025-11-24T05:03:21.047+0000] {processor.py:186} INFO - Started process (PID=17707) to work on /opt/airflow/dags/elt_dbt_downstream.py
[2025-11-24T05:03:21.048+0000] {processor.py:914} INFO - Processing file /opt/airflow/dags/elt_dbt_downstream.py for tasks to queue
[2025-11-24T05:03:21.052+0000] {logging_mixin.py:190} INFO - [2025-11-24T05:03:21.051+0000] {dagbag.py:587} INFO - Filling up the DagBag from /opt/airflow/dags/elt_dbt_downstream.py
[2025-11-24T05:03:21.067+0000] {processor.py:925} INFO - DAG(s) 'elt_dbt_downstream' retrieved from /opt/airflow/dags/elt_dbt_downstream.py
[2025-11-24T05:03:21.083+0000] {logging_mixin.py:190} INFO - [2025-11-24T05:03:21.083+0000] {dag.py:3229} INFO - Sync 1 DAGs
[2025-11-24T05:03:21.096+0000] {logging_mixin.py:190} INFO - [2025-11-24T05:03:21.096+0000] {dag.py:4156} INFO - Setting next_dagrun for elt_dbt_downstream to 2025-11-24 04:00:00+00:00, run_after=2025-11-25 04:00:00+00:00
[2025-11-24T05:03:21.111+0000] {processor.py:208} INFO - Processing /opt/airflow/dags/elt_dbt_downstream.py took 0.069 seconds
[2025-11-24T05:03:51.514+0000] {processor.py:186} INFO - Started process (PID=17733) to work on /opt/airflow/dags/elt_dbt_downstream.py
[2025-11-24T05:03:51.516+0000] {processor.py:914} INFO - Processing file /opt/airflow/dags/elt_dbt_downstream.py for tasks to queue
[2025-11-24T05:03:51.521+0000] {logging_mixin.py:190} INFO - [2025-11-24T05:03:51.520+0000] {dagbag.py:587} INFO - Filling up the DagBag from /opt/airflow/dags/elt_dbt_downstream.py
[2025-11-24T05:03:51.536+0000] {processor.py:925} INFO - DAG(s) 'elt_dbt_downstream' retrieved from /opt/airflow/dags/elt_dbt_downstream.py
[2025-11-24T05:03:51.564+0000] {logging_mixin.py:190} INFO - [2025-11-24T05:03:51.564+0000] {dag.py:3229} INFO - Sync 1 DAGs
[2025-11-24T05:03:51.582+0000] {logging_mixin.py:190} INFO - [2025-11-24T05:03:51.582+0000] {dag.py:4156} INFO - Setting next_dagrun for elt_dbt_downstream to 2025-11-24 04:00:00+00:00, run_after=2025-11-25 04:00:00+00:00
[2025-11-24T05:03:51.595+0000] {processor.py:208} INFO - Processing /opt/airflow/dags/elt_dbt_downstream.py took 0.091 seconds
[2025-11-24T05:04:21.956+0000] {processor.py:186} INFO - Started process (PID=17759) to work on /opt/airflow/dags/elt_dbt_downstream.py
[2025-11-24T05:04:21.957+0000] {processor.py:914} INFO - Processing file /opt/airflow/dags/elt_dbt_downstream.py for tasks to queue
[2025-11-24T05:04:21.959+0000] {logging_mixin.py:190} INFO - [2025-11-24T05:04:21.958+0000] {dagbag.py:587} INFO - Filling up the DagBag from /opt/airflow/dags/elt_dbt_downstream.py
[2025-11-24T05:04:21.968+0000] {processor.py:925} INFO - DAG(s) 'elt_dbt_downstream' retrieved from /opt/airflow/dags/elt_dbt_downstream.py
[2025-11-24T05:04:21.983+0000] {logging_mixin.py:190} INFO - [2025-11-24T05:04:21.983+0000] {dag.py:3229} INFO - Sync 1 DAGs
[2025-11-24T05:04:21.995+0000] {logging_mixin.py:190} INFO - [2025-11-24T05:04:21.995+0000] {dag.py:4156} INFO - Setting next_dagrun for elt_dbt_downstream to 2025-11-24 04:00:00+00:00, run_after=2025-11-25 04:00:00+00:00
[2025-11-24T05:04:22.005+0000] {processor.py:208} INFO - Processing /opt/airflow/dags/elt_dbt_downstream.py took 0.053 seconds
[2025-11-24T05:04:52.388+0000] {processor.py:186} INFO - Started process (PID=17785) to work on /opt/airflow/dags/elt_dbt_downstream.py
[2025-11-24T05:04:52.389+0000] {processor.py:914} INFO - Processing file /opt/airflow/dags/elt_dbt_downstream.py for tasks to queue
[2025-11-24T05:04:52.391+0000] {logging_mixin.py:190} INFO - [2025-11-24T05:04:52.391+0000] {dagbag.py:587} INFO - Filling up the DagBag from /opt/airflow/dags/elt_dbt_downstream.py
[2025-11-24T05:04:52.404+0000] {processor.py:925} INFO - DAG(s) 'elt_dbt_downstream' retrieved from /opt/airflow/dags/elt_dbt_downstream.py
[2025-11-24T05:04:52.420+0000] {logging_mixin.py:190} INFO - [2025-11-24T05:04:52.420+0000] {dag.py:3229} INFO - Sync 1 DAGs
[2025-11-24T05:04:52.437+0000] {logging_mixin.py:190} INFO - [2025-11-24T05:04:52.437+0000] {dag.py:4156} INFO - Setting next_dagrun for elt_dbt_downstream to 2025-11-24 04:00:00+00:00, run_after=2025-11-25 04:00:00+00:00
[2025-11-24T05:04:52.445+0000] {processor.py:208} INFO - Processing /opt/airflow/dags/elt_dbt_downstream.py took 0.063 seconds
[2025-11-24T05:05:22.864+0000] {processor.py:186} INFO - Started process (PID=17811) to work on /opt/airflow/dags/elt_dbt_downstream.py
[2025-11-24T05:05:22.865+0000] {processor.py:914} INFO - Processing file /opt/airflow/dags/elt_dbt_downstream.py for tasks to queue
[2025-11-24T05:05:22.869+0000] {logging_mixin.py:190} INFO - [2025-11-24T05:05:22.869+0000] {dagbag.py:587} INFO - Filling up the DagBag from /opt/airflow/dags/elt_dbt_downstream.py
[2025-11-24T05:05:22.881+0000] {processor.py:925} INFO - DAG(s) 'elt_dbt_downstream' retrieved from /opt/airflow/dags/elt_dbt_downstream.py
[2025-11-24T05:05:22.901+0000] {logging_mixin.py:190} INFO - [2025-11-24T05:05:22.901+0000] {dag.py:3229} INFO - Sync 1 DAGs
[2025-11-24T05:05:22.918+0000] {logging_mixin.py:190} INFO - [2025-11-24T05:05:22.918+0000] {dag.py:4156} INFO - Setting next_dagrun for elt_dbt_downstream to 2025-11-24 04:00:00+00:00, run_after=2025-11-25 04:00:00+00:00
[2025-11-24T05:05:22.928+0000] {processor.py:208} INFO - Processing /opt/airflow/dags/elt_dbt_downstream.py took 0.070 seconds
[2025-11-24T05:05:53.313+0000] {processor.py:186} INFO - Started process (PID=17837) to work on /opt/airflow/dags/elt_dbt_downstream.py
[2025-11-24T05:05:53.313+0000] {processor.py:914} INFO - Processing file /opt/airflow/dags/elt_dbt_downstream.py for tasks to queue
[2025-11-24T05:05:53.315+0000] {logging_mixin.py:190} INFO - [2025-11-24T05:05:53.315+0000] {dagbag.py:587} INFO - Filling up the DagBag from /opt/airflow/dags/elt_dbt_downstream.py
[2025-11-24T05:05:53.325+0000] {processor.py:925} INFO - DAG(s) 'elt_dbt_downstream' retrieved from /opt/airflow/dags/elt_dbt_downstream.py
[2025-11-24T05:05:53.345+0000] {logging_mixin.py:190} INFO - [2025-11-24T05:05:53.345+0000] {dag.py:3229} INFO - Sync 1 DAGs
[2025-11-24T05:05:53.360+0000] {logging_mixin.py:190} INFO - [2025-11-24T05:05:53.360+0000] {dag.py:4156} INFO - Setting next_dagrun for elt_dbt_downstream to 2025-11-24 04:00:00+00:00, run_after=2025-11-25 04:00:00+00:00
[2025-11-24T05:05:53.370+0000] {processor.py:208} INFO - Processing /opt/airflow/dags/elt_dbt_downstream.py took 0.064 seconds
[2025-11-24T05:06:23.716+0000] {processor.py:186} INFO - Started process (PID=17863) to work on /opt/airflow/dags/elt_dbt_downstream.py
[2025-11-24T05:06:23.717+0000] {processor.py:914} INFO - Processing file /opt/airflow/dags/elt_dbt_downstream.py for tasks to queue
[2025-11-24T05:06:23.719+0000] {logging_mixin.py:190} INFO - [2025-11-24T05:06:23.719+0000] {dagbag.py:587} INFO - Filling up the DagBag from /opt/airflow/dags/elt_dbt_downstream.py
[2025-11-24T05:06:23.732+0000] {processor.py:925} INFO - DAG(s) 'elt_dbt_downstream' retrieved from /opt/airflow/dags/elt_dbt_downstream.py
[2025-11-24T05:06:23.745+0000] {logging_mixin.py:190} INFO - [2025-11-24T05:06:23.745+0000] {dag.py:3229} INFO - Sync 1 DAGs
[2025-11-24T05:06:23.756+0000] {logging_mixin.py:190} INFO - [2025-11-24T05:06:23.756+0000] {dag.py:4156} INFO - Setting next_dagrun for elt_dbt_downstream to 2025-11-24 04:00:00+00:00, run_after=2025-11-25 04:00:00+00:00
[2025-11-24T05:06:23.766+0000] {processor.py:208} INFO - Processing /opt/airflow/dags/elt_dbt_downstream.py took 0.056 seconds
[2025-11-24T05:06:54.147+0000] {processor.py:186} INFO - Started process (PID=17889) to work on /opt/airflow/dags/elt_dbt_downstream.py
[2025-11-24T05:06:54.148+0000] {processor.py:914} INFO - Processing file /opt/airflow/dags/elt_dbt_downstream.py for tasks to queue
[2025-11-24T05:06:54.150+0000] {logging_mixin.py:190} INFO - [2025-11-24T05:06:54.150+0000] {dagbag.py:587} INFO - Filling up the DagBag from /opt/airflow/dags/elt_dbt_downstream.py
[2025-11-24T05:06:54.161+0000] {processor.py:925} INFO - DAG(s) 'elt_dbt_downstream' retrieved from /opt/airflow/dags/elt_dbt_downstream.py
[2025-11-24T05:06:54.174+0000] {logging_mixin.py:190} INFO - [2025-11-24T05:06:54.174+0000] {dag.py:3229} INFO - Sync 1 DAGs
[2025-11-24T05:06:54.185+0000] {logging_mixin.py:190} INFO - [2025-11-24T05:06:54.185+0000] {dag.py:4156} INFO - Setting next_dagrun for elt_dbt_downstream to 2025-11-24 04:00:00+00:00, run_after=2025-11-25 04:00:00+00:00
[2025-11-24T05:06:54.195+0000] {processor.py:208} INFO - Processing /opt/airflow/dags/elt_dbt_downstream.py took 0.054 seconds
[2025-11-24T05:07:24.581+0000] {processor.py:186} INFO - Started process (PID=17915) to work on /opt/airflow/dags/elt_dbt_downstream.py
[2025-11-24T05:07:24.582+0000] {processor.py:914} INFO - Processing file /opt/airflow/dags/elt_dbt_downstream.py for tasks to queue
[2025-11-24T05:07:24.584+0000] {logging_mixin.py:190} INFO - [2025-11-24T05:07:24.584+0000] {dagbag.py:587} INFO - Filling up the DagBag from /opt/airflow/dags/elt_dbt_downstream.py
[2025-11-24T05:07:24.593+0000] {processor.py:925} INFO - DAG(s) 'elt_dbt_downstream' retrieved from /opt/airflow/dags/elt_dbt_downstream.py
[2025-11-24T05:07:24.611+0000] {logging_mixin.py:190} INFO - [2025-11-24T05:07:24.611+0000] {dag.py:3229} INFO - Sync 1 DAGs
[2025-11-24T05:07:24.624+0000] {logging_mixin.py:190} INFO - [2025-11-24T05:07:24.624+0000] {dag.py:4156} INFO - Setting next_dagrun for elt_dbt_downstream to 2025-11-24 04:00:00+00:00, run_after=2025-11-25 04:00:00+00:00
[2025-11-24T05:07:24.633+0000] {processor.py:208} INFO - Processing /opt/airflow/dags/elt_dbt_downstream.py took 0.058 seconds
[2025-11-24T05:07:55.008+0000] {processor.py:186} INFO - Started process (PID=17941) to work on /opt/airflow/dags/elt_dbt_downstream.py
[2025-11-24T05:07:55.009+0000] {processor.py:914} INFO - Processing file /opt/airflow/dags/elt_dbt_downstream.py for tasks to queue
[2025-11-24T05:07:55.011+0000] {logging_mixin.py:190} INFO - [2025-11-24T05:07:55.010+0000] {dagbag.py:587} INFO - Filling up the DagBag from /opt/airflow/dags/elt_dbt_downstream.py
[2025-11-24T05:07:55.019+0000] {processor.py:925} INFO - DAG(s) 'elt_dbt_downstream' retrieved from /opt/airflow/dags/elt_dbt_downstream.py
[2025-11-24T05:07:55.034+0000] {logging_mixin.py:190} INFO - [2025-11-24T05:07:55.033+0000] {dag.py:3229} INFO - Sync 1 DAGs
[2025-11-24T05:07:55.045+0000] {logging_mixin.py:190} INFO - [2025-11-24T05:07:55.045+0000] {dag.py:4156} INFO - Setting next_dagrun for elt_dbt_downstream to 2025-11-24 04:00:00+00:00, run_after=2025-11-25 04:00:00+00:00
[2025-11-24T05:07:55.056+0000] {processor.py:208} INFO - Processing /opt/airflow/dags/elt_dbt_downstream.py took 0.053 seconds
[2025-11-24T05:08:25.473+0000] {processor.py:186} INFO - Started process (PID=17967) to work on /opt/airflow/dags/elt_dbt_downstream.py
[2025-11-24T05:08:25.474+0000] {processor.py:914} INFO - Processing file /opt/airflow/dags/elt_dbt_downstream.py for tasks to queue
[2025-11-24T05:08:25.475+0000] {logging_mixin.py:190} INFO - [2025-11-24T05:08:25.475+0000] {dagbag.py:587} INFO - Filling up the DagBag from /opt/airflow/dags/elt_dbt_downstream.py
[2025-11-24T05:08:25.488+0000] {processor.py:925} INFO - DAG(s) 'elt_dbt_downstream' retrieved from /opt/airflow/dags/elt_dbt_downstream.py
[2025-11-24T05:08:25.503+0000] {logging_mixin.py:190} INFO - [2025-11-24T05:08:25.503+0000] {dag.py:3229} INFO - Sync 1 DAGs
[2025-11-24T05:08:25.514+0000] {logging_mixin.py:190} INFO - [2025-11-24T05:08:25.514+0000] {dag.py:4156} INFO - Setting next_dagrun for elt_dbt_downstream to 2025-11-24 04:00:00+00:00, run_after=2025-11-25 04:00:00+00:00
[2025-11-24T05:08:25.525+0000] {processor.py:208} INFO - Processing /opt/airflow/dags/elt_dbt_downstream.py took 0.057 seconds
[2025-11-24T05:08:56.044+0000] {processor.py:186} INFO - Started process (PID=17993) to work on /opt/airflow/dags/elt_dbt_downstream.py
[2025-11-24T05:08:56.045+0000] {processor.py:914} INFO - Processing file /opt/airflow/dags/elt_dbt_downstream.py for tasks to queue
[2025-11-24T05:08:56.049+0000] {logging_mixin.py:190} INFO - [2025-11-24T05:08:56.049+0000] {dagbag.py:587} INFO - Filling up the DagBag from /opt/airflow/dags/elt_dbt_downstream.py
[2025-11-24T05:08:56.064+0000] {processor.py:925} INFO - DAG(s) 'elt_dbt_downstream' retrieved from /opt/airflow/dags/elt_dbt_downstream.py
[2025-11-24T05:08:56.085+0000] {logging_mixin.py:190} INFO - [2025-11-24T05:08:56.085+0000] {dag.py:3229} INFO - Sync 1 DAGs
[2025-11-24T05:08:56.102+0000] {logging_mixin.py:190} INFO - [2025-11-24T05:08:56.102+0000] {dag.py:4156} INFO - Setting next_dagrun for elt_dbt_downstream to 2025-11-24 04:00:00+00:00, run_after=2025-11-25 04:00:00+00:00
[2025-11-24T05:08:56.114+0000] {processor.py:208} INFO - Processing /opt/airflow/dags/elt_dbt_downstream.py took 0.077 seconds
[2025-11-24T05:09:26.519+0000] {processor.py:186} INFO - Started process (PID=18019) to work on /opt/airflow/dags/elt_dbt_downstream.py
[2025-11-24T05:09:26.521+0000] {processor.py:914} INFO - Processing file /opt/airflow/dags/elt_dbt_downstream.py for tasks to queue
[2025-11-24T05:09:26.523+0000] {logging_mixin.py:190} INFO - [2025-11-24T05:09:26.523+0000] {dagbag.py:587} INFO - Filling up the DagBag from /opt/airflow/dags/elt_dbt_downstream.py
[2025-11-24T05:09:26.536+0000] {processor.py:925} INFO - DAG(s) 'elt_dbt_downstream' retrieved from /opt/airflow/dags/elt_dbt_downstream.py
[2025-11-24T05:09:26.556+0000] {logging_mixin.py:190} INFO - [2025-11-24T05:09:26.556+0000] {dag.py:3229} INFO - Sync 1 DAGs
[2025-11-24T05:09:26.573+0000] {logging_mixin.py:190} INFO - [2025-11-24T05:09:26.572+0000] {dag.py:4156} INFO - Setting next_dagrun for elt_dbt_downstream to 2025-11-24 04:00:00+00:00, run_after=2025-11-25 04:00:00+00:00
[2025-11-24T05:09:26.584+0000] {processor.py:208} INFO - Processing /opt/airflow/dags/elt_dbt_downstream.py took 0.074 seconds
[2025-11-24T05:09:56.962+0000] {processor.py:186} INFO - Started process (PID=18045) to work on /opt/airflow/dags/elt_dbt_downstream.py
[2025-11-24T05:09:56.963+0000] {processor.py:914} INFO - Processing file /opt/airflow/dags/elt_dbt_downstream.py for tasks to queue
[2025-11-24T05:09:56.965+0000] {logging_mixin.py:190} INFO - [2025-11-24T05:09:56.965+0000] {dagbag.py:587} INFO - Filling up the DagBag from /opt/airflow/dags/elt_dbt_downstream.py
[2025-11-24T05:09:56.975+0000] {processor.py:925} INFO - DAG(s) 'elt_dbt_downstream' retrieved from /opt/airflow/dags/elt_dbt_downstream.py
[2025-11-24T05:09:56.991+0000] {logging_mixin.py:190} INFO - [2025-11-24T05:09:56.991+0000] {dag.py:3229} INFO - Sync 1 DAGs
[2025-11-24T05:09:57.004+0000] {logging_mixin.py:190} INFO - [2025-11-24T05:09:57.004+0000] {dag.py:4156} INFO - Setting next_dagrun for elt_dbt_downstream to 2025-11-24 04:00:00+00:00, run_after=2025-11-25 04:00:00+00:00
[2025-11-24T05:09:57.013+0000] {processor.py:208} INFO - Processing /opt/airflow/dags/elt_dbt_downstream.py took 0.058 seconds
[2025-11-24T05:10:27.373+0000] {processor.py:186} INFO - Started process (PID=18071) to work on /opt/airflow/dags/elt_dbt_downstream.py
[2025-11-24T05:10:27.378+0000] {processor.py:914} INFO - Processing file /opt/airflow/dags/elt_dbt_downstream.py for tasks to queue
[2025-11-24T05:10:27.380+0000] {logging_mixin.py:190} INFO - [2025-11-24T05:10:27.380+0000] {dagbag.py:587} INFO - Filling up the DagBag from /opt/airflow/dags/elt_dbt_downstream.py
[2025-11-24T05:10:27.394+0000] {processor.py:925} INFO - DAG(s) 'elt_dbt_downstream' retrieved from /opt/airflow/dags/elt_dbt_downstream.py
[2025-11-24T05:10:27.405+0000] {logging_mixin.py:190} INFO - [2025-11-24T05:10:27.405+0000] {dag.py:3229} INFO - Sync 1 DAGs
[2025-11-24T05:10:27.415+0000] {logging_mixin.py:190} INFO - [2025-11-24T05:10:27.415+0000] {dag.py:4156} INFO - Setting next_dagrun for elt_dbt_downstream to 2025-11-24 04:00:00+00:00, run_after=2025-11-25 04:00:00+00:00
[2025-11-24T05:10:27.423+0000] {processor.py:208} INFO - Processing /opt/airflow/dags/elt_dbt_downstream.py took 0.055 seconds
[2025-11-24T05:10:57.808+0000] {processor.py:186} INFO - Started process (PID=18097) to work on /opt/airflow/dags/elt_dbt_downstream.py
[2025-11-24T05:10:57.808+0000] {processor.py:914} INFO - Processing file /opt/airflow/dags/elt_dbt_downstream.py for tasks to queue
[2025-11-24T05:10:57.810+0000] {logging_mixin.py:190} INFO - [2025-11-24T05:10:57.810+0000] {dagbag.py:587} INFO - Filling up the DagBag from /opt/airflow/dags/elt_dbt_downstream.py
[2025-11-24T05:10:57.818+0000] {processor.py:925} INFO - DAG(s) 'elt_dbt_downstream' retrieved from /opt/airflow/dags/elt_dbt_downstream.py
[2025-11-24T05:10:57.830+0000] {logging_mixin.py:190} INFO - [2025-11-24T05:10:57.830+0000] {dag.py:3229} INFO - Sync 1 DAGs
[2025-11-24T05:10:57.840+0000] {logging_mixin.py:190} INFO - [2025-11-24T05:10:57.840+0000] {dag.py:4156} INFO - Setting next_dagrun for elt_dbt_downstream to 2025-11-24 04:00:00+00:00, run_after=2025-11-25 04:00:00+00:00
[2025-11-24T05:10:57.848+0000] {processor.py:208} INFO - Processing /opt/airflow/dags/elt_dbt_downstream.py took 0.046 seconds
[2025-11-24T05:11:28.283+0000] {processor.py:186} INFO - Started process (PID=18123) to work on /opt/airflow/dags/elt_dbt_downstream.py
[2025-11-24T05:11:28.284+0000] {processor.py:914} INFO - Processing file /opt/airflow/dags/elt_dbt_downstream.py for tasks to queue
[2025-11-24T05:11:28.288+0000] {logging_mixin.py:190} INFO - [2025-11-24T05:11:28.288+0000] {dagbag.py:587} INFO - Filling up the DagBag from /opt/airflow/dags/elt_dbt_downstream.py
[2025-11-24T05:11:28.301+0000] {processor.py:925} INFO - DAG(s) 'elt_dbt_downstream' retrieved from /opt/airflow/dags/elt_dbt_downstream.py
[2025-11-24T05:11:28.319+0000] {logging_mixin.py:190} INFO - [2025-11-24T05:11:28.319+0000] {dag.py:3229} INFO - Sync 1 DAGs
[2025-11-24T05:11:28.336+0000] {logging_mixin.py:190} INFO - [2025-11-24T05:11:28.336+0000] {dag.py:4156} INFO - Setting next_dagrun for elt_dbt_downstream to 2025-11-24 04:00:00+00:00, run_after=2025-11-25 04:00:00+00:00
[2025-11-24T05:11:28.349+0000] {processor.py:208} INFO - Processing /opt/airflow/dags/elt_dbt_downstream.py took 0.075 seconds
[2025-11-24T05:11:58.737+0000] {processor.py:186} INFO - Started process (PID=18149) to work on /opt/airflow/dags/elt_dbt_downstream.py
[2025-11-24T05:11:58.739+0000] {processor.py:914} INFO - Processing file /opt/airflow/dags/elt_dbt_downstream.py for tasks to queue
[2025-11-24T05:11:58.743+0000] {logging_mixin.py:190} INFO - [2025-11-24T05:11:58.742+0000] {dagbag.py:587} INFO - Filling up the DagBag from /opt/airflow/dags/elt_dbt_downstream.py
[2025-11-24T05:11:58.759+0000] {processor.py:925} INFO - DAG(s) 'elt_dbt_downstream' retrieved from /opt/airflow/dags/elt_dbt_downstream.py
[2025-11-24T05:11:58.779+0000] {logging_mixin.py:190} INFO - [2025-11-24T05:11:58.779+0000] {dag.py:3229} INFO - Sync 1 DAGs
[2025-11-24T05:11:58.795+0000] {logging_mixin.py:190} INFO - [2025-11-24T05:11:58.795+0000] {dag.py:4156} INFO - Setting next_dagrun for elt_dbt_downstream to 2025-11-24 04:00:00+00:00, run_after=2025-11-25 04:00:00+00:00
[2025-11-24T05:11:58.806+0000] {processor.py:208} INFO - Processing /opt/airflow/dags/elt_dbt_downstream.py took 0.077 seconds
[2025-11-24T05:12:29.244+0000] {processor.py:186} INFO - Started process (PID=18175) to work on /opt/airflow/dags/elt_dbt_downstream.py
[2025-11-24T05:12:29.244+0000] {processor.py:914} INFO - Processing file /opt/airflow/dags/elt_dbt_downstream.py for tasks to queue
[2025-11-24T05:12:29.247+0000] {logging_mixin.py:190} INFO - [2025-11-24T05:12:29.247+0000] {dagbag.py:587} INFO - Filling up the DagBag from /opt/airflow/dags/elt_dbt_downstream.py
[2025-11-24T05:12:29.256+0000] {processor.py:925} INFO - DAG(s) 'elt_dbt_downstream' retrieved from /opt/airflow/dags/elt_dbt_downstream.py
[2025-11-24T05:12:29.269+0000] {logging_mixin.py:190} INFO - [2025-11-24T05:12:29.269+0000] {dag.py:3229} INFO - Sync 1 DAGs
[2025-11-24T05:12:29.279+0000] {logging_mixin.py:190} INFO - [2025-11-24T05:12:29.279+0000] {dag.py:4156} INFO - Setting next_dagrun for elt_dbt_downstream to 2025-11-24 04:00:00+00:00, run_after=2025-11-25 04:00:00+00:00
[2025-11-24T05:12:29.288+0000] {processor.py:208} INFO - Processing /opt/airflow/dags/elt_dbt_downstream.py took 0.052 seconds
[2025-11-24T05:12:59.731+0000] {processor.py:186} INFO - Started process (PID=18201) to work on /opt/airflow/dags/elt_dbt_downstream.py
[2025-11-24T05:12:59.732+0000] {processor.py:914} INFO - Processing file /opt/airflow/dags/elt_dbt_downstream.py for tasks to queue
[2025-11-24T05:12:59.734+0000] {logging_mixin.py:190} INFO - [2025-11-24T05:12:59.734+0000] {dagbag.py:587} INFO - Filling up the DagBag from /opt/airflow/dags/elt_dbt_downstream.py
[2025-11-24T05:12:59.749+0000] {processor.py:925} INFO - DAG(s) 'elt_dbt_downstream' retrieved from /opt/airflow/dags/elt_dbt_downstream.py
[2025-11-24T05:12:59.767+0000] {logging_mixin.py:190} INFO - [2025-11-24T05:12:59.767+0000] {dag.py:3229} INFO - Sync 1 DAGs
[2025-11-24T05:12:59.781+0000] {logging_mixin.py:190} INFO - [2025-11-24T05:12:59.781+0000] {dag.py:4156} INFO - Setting next_dagrun for elt_dbt_downstream to 2025-11-24 04:00:00+00:00, run_after=2025-11-25 04:00:00+00:00
[2025-11-24T05:12:59.791+0000] {processor.py:208} INFO - Processing /opt/airflow/dags/elt_dbt_downstream.py took 0.067 seconds
[2025-11-24T05:13:30.176+0000] {processor.py:186} INFO - Started process (PID=18227) to work on /opt/airflow/dags/elt_dbt_downstream.py
[2025-11-24T05:13:30.177+0000] {processor.py:914} INFO - Processing file /opt/airflow/dags/elt_dbt_downstream.py for tasks to queue
[2025-11-24T05:13:30.181+0000] {logging_mixin.py:190} INFO - [2025-11-24T05:13:30.181+0000] {dagbag.py:587} INFO - Filling up the DagBag from /opt/airflow/dags/elt_dbt_downstream.py
[2025-11-24T05:13:30.194+0000] {processor.py:925} INFO - DAG(s) 'elt_dbt_downstream' retrieved from /opt/airflow/dags/elt_dbt_downstream.py
[2025-11-24T05:13:30.211+0000] {logging_mixin.py:190} INFO - [2025-11-24T05:13:30.211+0000] {dag.py:3229} INFO - Sync 1 DAGs
[2025-11-24T05:13:30.226+0000] {logging_mixin.py:190} INFO - [2025-11-24T05:13:30.226+0000] {dag.py:4156} INFO - Setting next_dagrun for elt_dbt_downstream to 2025-11-24 04:00:00+00:00, run_after=2025-11-25 04:00:00+00:00
[2025-11-24T05:13:30.236+0000] {processor.py:208} INFO - Processing /opt/airflow/dags/elt_dbt_downstream.py took 0.067 seconds
[2025-11-24T05:14:00.667+0000] {processor.py:186} INFO - Started process (PID=18253) to work on /opt/airflow/dags/elt_dbt_downstream.py
[2025-11-24T05:14:00.671+0000] {processor.py:914} INFO - Processing file /opt/airflow/dags/elt_dbt_downstream.py for tasks to queue
[2025-11-24T05:14:00.674+0000] {logging_mixin.py:190} INFO - [2025-11-24T05:14:00.674+0000] {dagbag.py:587} INFO - Filling up the DagBag from /opt/airflow/dags/elt_dbt_downstream.py
[2025-11-24T05:14:00.690+0000] {processor.py:925} INFO - DAG(s) 'elt_dbt_downstream' retrieved from /opt/airflow/dags/elt_dbt_downstream.py
[2025-11-24T05:14:00.712+0000] {logging_mixin.py:190} INFO - [2025-11-24T05:14:00.712+0000] {dag.py:3229} INFO - Sync 1 DAGs
[2025-11-24T05:14:00.734+0000] {logging_mixin.py:190} INFO - [2025-11-24T05:14:00.734+0000] {dag.py:4156} INFO - Setting next_dagrun for elt_dbt_downstream to 2025-11-24 04:00:00+00:00, run_after=2025-11-25 04:00:00+00:00
[2025-11-24T05:14:00.743+0000] {processor.py:208} INFO - Processing /opt/airflow/dags/elt_dbt_downstream.py took 0.083 seconds
[2025-11-24T05:14:31.142+0000] {processor.py:186} INFO - Started process (PID=18279) to work on /opt/airflow/dags/elt_dbt_downstream.py
[2025-11-24T05:14:31.143+0000] {processor.py:914} INFO - Processing file /opt/airflow/dags/elt_dbt_downstream.py for tasks to queue
[2025-11-24T05:14:31.147+0000] {logging_mixin.py:190} INFO - [2025-11-24T05:14:31.146+0000] {dagbag.py:587} INFO - Filling up the DagBag from /opt/airflow/dags/elt_dbt_downstream.py
[2025-11-24T05:14:31.159+0000] {processor.py:925} INFO - DAG(s) 'elt_dbt_downstream' retrieved from /opt/airflow/dags/elt_dbt_downstream.py
[2025-11-24T05:14:31.177+0000] {logging_mixin.py:190} INFO - [2025-11-24T05:14:31.176+0000] {dag.py:3229} INFO - Sync 1 DAGs
[2025-11-24T05:14:31.190+0000] {logging_mixin.py:190} INFO - [2025-11-24T05:14:31.190+0000] {dag.py:4156} INFO - Setting next_dagrun for elt_dbt_downstream to 2025-11-24 04:00:00+00:00, run_after=2025-11-25 04:00:00+00:00
[2025-11-24T05:14:31.200+0000] {processor.py:208} INFO - Processing /opt/airflow/dags/elt_dbt_downstream.py took 0.067 seconds
[2025-11-24T05:15:01.585+0000] {processor.py:186} INFO - Started process (PID=18305) to work on /opt/airflow/dags/elt_dbt_downstream.py
[2025-11-24T05:15:01.586+0000] {processor.py:914} INFO - Processing file /opt/airflow/dags/elt_dbt_downstream.py for tasks to queue
[2025-11-24T05:15:01.589+0000] {logging_mixin.py:190} INFO - [2025-11-24T05:15:01.588+0000] {dagbag.py:587} INFO - Filling up the DagBag from /opt/airflow/dags/elt_dbt_downstream.py
[2025-11-24T05:15:01.605+0000] {processor.py:925} INFO - DAG(s) 'elt_dbt_downstream' retrieved from /opt/airflow/dags/elt_dbt_downstream.py
[2025-11-24T05:15:01.626+0000] {logging_mixin.py:190} INFO - [2025-11-24T05:15:01.626+0000] {dag.py:3229} INFO - Sync 1 DAGs
[2025-11-24T05:15:01.641+0000] {logging_mixin.py:190} INFO - [2025-11-24T05:15:01.641+0000] {dag.py:4156} INFO - Setting next_dagrun for elt_dbt_downstream to 2025-11-24 04:00:00+00:00, run_after=2025-11-25 04:00:00+00:00
[2025-11-24T05:15:01.651+0000] {processor.py:208} INFO - Processing /opt/airflow/dags/elt_dbt_downstream.py took 0.071 seconds
[2025-11-24T05:15:32.115+0000] {processor.py:186} INFO - Started process (PID=18331) to work on /opt/airflow/dags/elt_dbt_downstream.py
[2025-11-24T05:15:32.116+0000] {processor.py:914} INFO - Processing file /opt/airflow/dags/elt_dbt_downstream.py for tasks to queue
[2025-11-24T05:15:32.119+0000] {logging_mixin.py:190} INFO - [2025-11-24T05:15:32.119+0000] {dagbag.py:587} INFO - Filling up the DagBag from /opt/airflow/dags/elt_dbt_downstream.py
[2025-11-24T05:15:32.134+0000] {processor.py:925} INFO - DAG(s) 'elt_dbt_downstream' retrieved from /opt/airflow/dags/elt_dbt_downstream.py
[2025-11-24T05:15:32.151+0000] {logging_mixin.py:190} INFO - [2025-11-24T05:15:32.151+0000] {dag.py:3229} INFO - Sync 1 DAGs
[2025-11-24T05:15:32.166+0000] {logging_mixin.py:190} INFO - [2025-11-24T05:15:32.165+0000] {dag.py:4156} INFO - Setting next_dagrun for elt_dbt_downstream to 2025-11-24 04:00:00+00:00, run_after=2025-11-25 04:00:00+00:00
[2025-11-24T05:15:32.177+0000] {processor.py:208} INFO - Processing /opt/airflow/dags/elt_dbt_downstream.py took 0.070 seconds
[2025-11-24T05:16:02.597+0000] {processor.py:186} INFO - Started process (PID=18357) to work on /opt/airflow/dags/elt_dbt_downstream.py
[2025-11-24T05:16:02.598+0000] {processor.py:914} INFO - Processing file /opt/airflow/dags/elt_dbt_downstream.py for tasks to queue
[2025-11-24T05:16:02.601+0000] {logging_mixin.py:190} INFO - [2025-11-24T05:16:02.601+0000] {dagbag.py:587} INFO - Filling up the DagBag from /opt/airflow/dags/elt_dbt_downstream.py
[2025-11-24T05:16:02.613+0000] {processor.py:925} INFO - DAG(s) 'elt_dbt_downstream' retrieved from /opt/airflow/dags/elt_dbt_downstream.py
[2025-11-24T05:16:02.628+0000] {logging_mixin.py:190} INFO - [2025-11-24T05:16:02.628+0000] {dag.py:3229} INFO - Sync 1 DAGs
[2025-11-24T05:16:02.642+0000] {logging_mixin.py:190} INFO - [2025-11-24T05:16:02.642+0000] {dag.py:4156} INFO - Setting next_dagrun for elt_dbt_downstream to 2025-11-24 04:00:00+00:00, run_after=2025-11-25 04:00:00+00:00
[2025-11-24T05:16:02.651+0000] {processor.py:208} INFO - Processing /opt/airflow/dags/elt_dbt_downstream.py took 0.059 seconds
[2025-11-24T05:16:32.971+0000] {processor.py:186} INFO - Started process (PID=18383) to work on /opt/airflow/dags/elt_dbt_downstream.py
[2025-11-24T05:16:32.972+0000] {processor.py:914} INFO - Processing file /opt/airflow/dags/elt_dbt_downstream.py for tasks to queue
[2025-11-24T05:16:32.974+0000] {logging_mixin.py:190} INFO - [2025-11-24T05:16:32.973+0000] {dagbag.py:587} INFO - Filling up the DagBag from /opt/airflow/dags/elt_dbt_downstream.py
[2025-11-24T05:16:32.982+0000] {processor.py:925} INFO - DAG(s) 'elt_dbt_downstream' retrieved from /opt/airflow/dags/elt_dbt_downstream.py
[2025-11-24T05:16:32.996+0000] {logging_mixin.py:190} INFO - [2025-11-24T05:16:32.996+0000] {dag.py:3229} INFO - Sync 1 DAGs
[2025-11-24T05:16:33.009+0000] {logging_mixin.py:190} INFO - [2025-11-24T05:16:33.009+0000] {dag.py:4156} INFO - Setting next_dagrun for elt_dbt_downstream to 2025-11-24 04:00:00+00:00, run_after=2025-11-25 04:00:00+00:00
[2025-11-24T05:16:33.018+0000] {processor.py:208} INFO - Processing /opt/airflow/dags/elt_dbt_downstream.py took 0.052 seconds
[2025-11-24T05:17:03.392+0000] {processor.py:186} INFO - Started process (PID=18409) to work on /opt/airflow/dags/elt_dbt_downstream.py
[2025-11-24T05:17:03.393+0000] {processor.py:914} INFO - Processing file /opt/airflow/dags/elt_dbt_downstream.py for tasks to queue
[2025-11-24T05:17:03.396+0000] {logging_mixin.py:190} INFO - [2025-11-24T05:17:03.395+0000] {dagbag.py:587} INFO - Filling up the DagBag from /opt/airflow/dags/elt_dbt_downstream.py
[2025-11-24T05:17:03.410+0000] {processor.py:925} INFO - DAG(s) 'elt_dbt_downstream' retrieved from /opt/airflow/dags/elt_dbt_downstream.py
[2025-11-24T05:17:03.427+0000] {logging_mixin.py:190} INFO - [2025-11-24T05:17:03.427+0000] {dag.py:3229} INFO - Sync 1 DAGs
[2025-11-24T05:17:03.441+0000] {logging_mixin.py:190} INFO - [2025-11-24T05:17:03.441+0000] {dag.py:4156} INFO - Setting next_dagrun for elt_dbt_downstream to 2025-11-24 04:00:00+00:00, run_after=2025-11-25 04:00:00+00:00
[2025-11-24T05:17:03.451+0000] {processor.py:208} INFO - Processing /opt/airflow/dags/elt_dbt_downstream.py took 0.068 seconds
[2025-11-24T05:17:33.887+0000] {processor.py:186} INFO - Started process (PID=18435) to work on /opt/airflow/dags/elt_dbt_downstream.py
[2025-11-24T05:17:33.888+0000] {processor.py:914} INFO - Processing file /opt/airflow/dags/elt_dbt_downstream.py for tasks to queue
[2025-11-24T05:17:33.890+0000] {logging_mixin.py:190} INFO - [2025-11-24T05:17:33.890+0000] {dagbag.py:587} INFO - Filling up the DagBag from /opt/airflow/dags/elt_dbt_downstream.py
[2025-11-24T05:17:33.900+0000] {processor.py:925} INFO - DAG(s) 'elt_dbt_downstream' retrieved from /opt/airflow/dags/elt_dbt_downstream.py
[2025-11-24T05:17:33.914+0000] {logging_mixin.py:190} INFO - [2025-11-24T05:17:33.914+0000] {dag.py:3229} INFO - Sync 1 DAGs
[2025-11-24T05:17:33.927+0000] {logging_mixin.py:190} INFO - [2025-11-24T05:17:33.926+0000] {dag.py:4156} INFO - Setting next_dagrun for elt_dbt_downstream to 2025-11-24 04:00:00+00:00, run_after=2025-11-25 04:00:00+00:00
[2025-11-24T05:17:33.937+0000] {processor.py:208} INFO - Processing /opt/airflow/dags/elt_dbt_downstream.py took 0.056 seconds
[2025-11-24T05:18:04.319+0000] {processor.py:186} INFO - Started process (PID=18461) to work on /opt/airflow/dags/elt_dbt_downstream.py
[2025-11-24T05:18:04.323+0000] {processor.py:914} INFO - Processing file /opt/airflow/dags/elt_dbt_downstream.py for tasks to queue
[2025-11-24T05:18:04.326+0000] {logging_mixin.py:190} INFO - [2025-11-24T05:18:04.325+0000] {dagbag.py:587} INFO - Filling up the DagBag from /opt/airflow/dags/elt_dbt_downstream.py
[2025-11-24T05:18:04.336+0000] {processor.py:925} INFO - DAG(s) 'elt_dbt_downstream' retrieved from /opt/airflow/dags/elt_dbt_downstream.py
[2025-11-24T05:18:04.353+0000] {logging_mixin.py:190} INFO - [2025-11-24T05:18:04.353+0000] {dag.py:3229} INFO - Sync 1 DAGs
[2025-11-24T05:18:04.369+0000] {logging_mixin.py:190} INFO - [2025-11-24T05:18:04.369+0000] {dag.py:4156} INFO - Setting next_dagrun for elt_dbt_downstream to 2025-11-24 04:00:00+00:00, run_after=2025-11-25 04:00:00+00:00
[2025-11-24T05:18:04.378+0000] {processor.py:208} INFO - Processing /opt/airflow/dags/elt_dbt_downstream.py took 0.067 seconds
[2025-11-24T05:18:34.739+0000] {processor.py:186} INFO - Started process (PID=18487) to work on /opt/airflow/dags/elt_dbt_downstream.py
[2025-11-24T05:18:34.741+0000] {processor.py:914} INFO - Processing file /opt/airflow/dags/elt_dbt_downstream.py for tasks to queue
[2025-11-24T05:18:34.745+0000] {logging_mixin.py:190} INFO - [2025-11-24T05:18:34.745+0000] {dagbag.py:587} INFO - Filling up the DagBag from /opt/airflow/dags/elt_dbt_downstream.py
[2025-11-24T05:18:34.760+0000] {processor.py:925} INFO - DAG(s) 'elt_dbt_downstream' retrieved from /opt/airflow/dags/elt_dbt_downstream.py
[2025-11-24T05:18:34.781+0000] {logging_mixin.py:190} INFO - [2025-11-24T05:18:34.781+0000] {dag.py:3229} INFO - Sync 1 DAGs
[2025-11-24T05:18:34.798+0000] {logging_mixin.py:190} INFO - [2025-11-24T05:18:34.797+0000] {dag.py:4156} INFO - Setting next_dagrun for elt_dbt_downstream to 2025-11-24 04:00:00+00:00, run_after=2025-11-25 04:00:00+00:00
[2025-11-24T05:18:34.809+0000] {processor.py:208} INFO - Processing /opt/airflow/dags/elt_dbt_downstream.py took 0.077 seconds
[2025-11-24T05:19:05.265+0000] {processor.py:186} INFO - Started process (PID=18513) to work on /opt/airflow/dags/elt_dbt_downstream.py
[2025-11-24T05:19:05.266+0000] {processor.py:914} INFO - Processing file /opt/airflow/dags/elt_dbt_downstream.py for tasks to queue
[2025-11-24T05:19:05.269+0000] {logging_mixin.py:190} INFO - [2025-11-24T05:19:05.269+0000] {dagbag.py:587} INFO - Filling up the DagBag from /opt/airflow/dags/elt_dbt_downstream.py
[2025-11-24T05:19:05.284+0000] {processor.py:925} INFO - DAG(s) 'elt_dbt_downstream' retrieved from /opt/airflow/dags/elt_dbt_downstream.py
[2025-11-24T05:19:05.302+0000] {logging_mixin.py:190} INFO - [2025-11-24T05:19:05.302+0000] {dag.py:3229} INFO - Sync 1 DAGs
[2025-11-24T05:19:05.317+0000] {logging_mixin.py:190} INFO - [2025-11-24T05:19:05.317+0000] {dag.py:4156} INFO - Setting next_dagrun for elt_dbt_downstream to 2025-11-24 04:00:00+00:00, run_after=2025-11-25 04:00:00+00:00
[2025-11-24T05:19:05.328+0000] {processor.py:208} INFO - Processing /opt/airflow/dags/elt_dbt_downstream.py took 0.069 seconds
