[2025-11-24T00:03:49.387+0000] {processor.py:186} INFO - Started process (PID=16027) to work on /opt/airflow/dags/market_data_ingest.py
[2025-11-24T00:03:49.387+0000] {processor.py:914} INFO - Processing file /opt/airflow/dags/market_data_ingest.py for tasks to queue
[2025-11-24T00:03:49.389+0000] {logging_mixin.py:190} INFO - [2025-11-24T00:03:49.388+0000] {dagbag.py:587} INFO - Filling up the DagBag from /opt/airflow/dags/market_data_ingest.py
[2025-11-24T00:03:49.595+0000] {processor.py:925} INFO - DAG(s) 'market_data_ingest' retrieved from /opt/airflow/dags/market_data_ingest.py
[2025-11-24T00:03:49.600+0000] {logging_mixin.py:190} INFO - [2025-11-24T00:03:49.600+0000] {dag.py:3229} INFO - Sync 1 DAGs
[2025-11-24T00:03:49.609+0000] {logging_mixin.py:190} INFO - [2025-11-24T00:03:49.609+0000] {dag.py:4156} INFO - Setting next_dagrun for market_data_ingest to 2025-11-23 02:30:00+00:00, run_after=2025-11-24 02:30:00+00:00
[2025-11-24T00:03:49.615+0000] {processor.py:208} INFO - Processing /opt/airflow/dags/market_data_ingest.py took 0.232 seconds
[2025-11-24T00:04:19.848+0000] {processor.py:186} INFO - Started process (PID=16053) to work on /opt/airflow/dags/market_data_ingest.py
[2025-11-24T00:04:19.848+0000] {processor.py:914} INFO - Processing file /opt/airflow/dags/market_data_ingest.py for tasks to queue
[2025-11-24T00:04:19.849+0000] {logging_mixin.py:190} INFO - [2025-11-24T00:04:19.849+0000] {dagbag.py:587} INFO - Filling up the DagBag from /opt/airflow/dags/market_data_ingest.py
[2025-11-24T00:04:20.007+0000] {processor.py:925} INFO - DAG(s) 'market_data_ingest' retrieved from /opt/airflow/dags/market_data_ingest.py
[2025-11-24T00:04:20.012+0000] {logging_mixin.py:190} INFO - [2025-11-24T00:04:20.012+0000] {dag.py:3229} INFO - Sync 1 DAGs
[2025-11-24T00:04:20.021+0000] {logging_mixin.py:190} INFO - [2025-11-24T00:04:20.021+0000] {dag.py:4156} INFO - Setting next_dagrun for market_data_ingest to 2025-11-23 02:30:00+00:00, run_after=2025-11-24 02:30:00+00:00
[2025-11-24T00:04:20.026+0000] {processor.py:208} INFO - Processing /opt/airflow/dags/market_data_ingest.py took 0.182 seconds
[2025-11-24T00:04:50.298+0000] {processor.py:186} INFO - Started process (PID=16079) to work on /opt/airflow/dags/market_data_ingest.py
[2025-11-24T00:04:50.299+0000] {processor.py:914} INFO - Processing file /opt/airflow/dags/market_data_ingest.py for tasks to queue
[2025-11-24T00:04:50.300+0000] {logging_mixin.py:190} INFO - [2025-11-24T00:04:50.300+0000] {dagbag.py:587} INFO - Filling up the DagBag from /opt/airflow/dags/market_data_ingest.py
[2025-11-24T00:04:50.440+0000] {processor.py:925} INFO - DAG(s) 'market_data_ingest' retrieved from /opt/airflow/dags/market_data_ingest.py
[2025-11-24T00:04:50.444+0000] {logging_mixin.py:190} INFO - [2025-11-24T00:04:50.444+0000] {dag.py:3229} INFO - Sync 1 DAGs
[2025-11-24T00:04:50.452+0000] {logging_mixin.py:190} INFO - [2025-11-24T00:04:50.452+0000] {dag.py:4156} INFO - Setting next_dagrun for market_data_ingest to 2025-11-23 02:30:00+00:00, run_after=2025-11-24 02:30:00+00:00
[2025-11-24T00:04:50.457+0000] {processor.py:208} INFO - Processing /opt/airflow/dags/market_data_ingest.py took 0.161 seconds
[2025-11-24T00:05:20.808+0000] {processor.py:186} INFO - Started process (PID=16105) to work on /opt/airflow/dags/market_data_ingest.py
[2025-11-24T00:05:20.809+0000] {processor.py:914} INFO - Processing file /opt/airflow/dags/market_data_ingest.py for tasks to queue
[2025-11-24T00:05:20.810+0000] {logging_mixin.py:190} INFO - [2025-11-24T00:05:20.810+0000] {dagbag.py:587} INFO - Filling up the DagBag from /opt/airflow/dags/market_data_ingest.py
[2025-11-24T00:05:20.949+0000] {processor.py:925} INFO - DAG(s) 'market_data_ingest' retrieved from /opt/airflow/dags/market_data_ingest.py
[2025-11-24T00:05:20.954+0000] {logging_mixin.py:190} INFO - [2025-11-24T00:05:20.954+0000] {dag.py:3229} INFO - Sync 1 DAGs
[2025-11-24T00:05:20.961+0000] {logging_mixin.py:190} INFO - [2025-11-24T00:05:20.961+0000] {dag.py:4156} INFO - Setting next_dagrun for market_data_ingest to 2025-11-23 02:30:00+00:00, run_after=2025-11-24 02:30:00+00:00
[2025-11-24T00:05:20.967+0000] {processor.py:208} INFO - Processing /opt/airflow/dags/market_data_ingest.py took 0.161 seconds
[2025-11-24T00:05:51.281+0000] {processor.py:186} INFO - Started process (PID=16131) to work on /opt/airflow/dags/market_data_ingest.py
[2025-11-24T00:05:51.282+0000] {processor.py:914} INFO - Processing file /opt/airflow/dags/market_data_ingest.py for tasks to queue
[2025-11-24T00:05:51.283+0000] {logging_mixin.py:190} INFO - [2025-11-24T00:05:51.282+0000] {dagbag.py:587} INFO - Filling up the DagBag from /opt/airflow/dags/market_data_ingest.py
[2025-11-24T00:05:51.419+0000] {processor.py:925} INFO - DAG(s) 'market_data_ingest' retrieved from /opt/airflow/dags/market_data_ingest.py
[2025-11-24T00:05:51.424+0000] {logging_mixin.py:190} INFO - [2025-11-24T00:05:51.423+0000] {dag.py:3229} INFO - Sync 1 DAGs
[2025-11-24T00:05:51.431+0000] {logging_mixin.py:190} INFO - [2025-11-24T00:05:51.431+0000] {dag.py:4156} INFO - Setting next_dagrun for market_data_ingest to 2025-11-23 02:30:00+00:00, run_after=2025-11-24 02:30:00+00:00
[2025-11-24T00:05:51.436+0000] {processor.py:208} INFO - Processing /opt/airflow/dags/market_data_ingest.py took 0.157 seconds
[2025-11-24T00:06:21.764+0000] {processor.py:186} INFO - Started process (PID=16157) to work on /opt/airflow/dags/market_data_ingest.py
[2025-11-24T00:06:21.764+0000] {processor.py:914} INFO - Processing file /opt/airflow/dags/market_data_ingest.py for tasks to queue
[2025-11-24T00:06:21.765+0000] {logging_mixin.py:190} INFO - [2025-11-24T00:06:21.765+0000] {dagbag.py:587} INFO - Filling up the DagBag from /opt/airflow/dags/market_data_ingest.py
[2025-11-24T00:06:21.917+0000] {processor.py:925} INFO - DAG(s) 'market_data_ingest' retrieved from /opt/airflow/dags/market_data_ingest.py
[2025-11-24T00:06:21.922+0000] {logging_mixin.py:190} INFO - [2025-11-24T00:06:21.922+0000] {dag.py:3229} INFO - Sync 1 DAGs
[2025-11-24T00:06:21.930+0000] {logging_mixin.py:190} INFO - [2025-11-24T00:06:21.930+0000] {dag.py:4156} INFO - Setting next_dagrun for market_data_ingest to 2025-11-23 02:30:00+00:00, run_after=2025-11-24 02:30:00+00:00
[2025-11-24T00:06:21.936+0000] {processor.py:208} INFO - Processing /opt/airflow/dags/market_data_ingest.py took 0.175 seconds
[2025-11-24T00:08:43.379+0000] {processor.py:186} INFO - Started process (PID=16183) to work on /opt/airflow/dags/market_data_ingest.py
[2025-11-24T00:08:43.379+0000] {processor.py:914} INFO - Processing file /opt/airflow/dags/market_data_ingest.py for tasks to queue
[2025-11-24T00:08:43.381+0000] {logging_mixin.py:190} INFO - [2025-11-24T00:08:43.380+0000] {dagbag.py:587} INFO - Filling up the DagBag from /opt/airflow/dags/market_data_ingest.py
[2025-11-24T00:08:43.522+0000] {processor.py:925} INFO - DAG(s) 'market_data_ingest' retrieved from /opt/airflow/dags/market_data_ingest.py
[2025-11-24T00:08:43.527+0000] {logging_mixin.py:190} INFO - [2025-11-24T00:08:43.527+0000] {dag.py:3229} INFO - Sync 1 DAGs
[2025-11-24T00:08:43.535+0000] {logging_mixin.py:190} INFO - [2025-11-24T00:08:43.535+0000] {dag.py:4156} INFO - Setting next_dagrun for market_data_ingest to 2025-11-23 02:30:00+00:00, run_after=2025-11-24 02:30:00+00:00
[2025-11-24T00:08:43.540+0000] {processor.py:208} INFO - Processing /opt/airflow/dags/market_data_ingest.py took 0.168 seconds
[2025-11-24T00:09:13.906+0000] {processor.py:186} INFO - Started process (PID=16209) to work on /opt/airflow/dags/market_data_ingest.py
[2025-11-24T00:09:13.907+0000] {processor.py:914} INFO - Processing file /opt/airflow/dags/market_data_ingest.py for tasks to queue
[2025-11-24T00:09:13.908+0000] {logging_mixin.py:190} INFO - [2025-11-24T00:09:13.908+0000] {dagbag.py:587} INFO - Filling up the DagBag from /opt/airflow/dags/market_data_ingest.py
[2025-11-24T00:09:14.053+0000] {processor.py:925} INFO - DAG(s) 'market_data_ingest' retrieved from /opt/airflow/dags/market_data_ingest.py
[2025-11-24T00:09:14.058+0000] {logging_mixin.py:190} INFO - [2025-11-24T00:09:14.058+0000] {dag.py:3229} INFO - Sync 1 DAGs
[2025-11-24T00:09:14.066+0000] {logging_mixin.py:190} INFO - [2025-11-24T00:09:14.066+0000] {dag.py:4156} INFO - Setting next_dagrun for market_data_ingest to 2025-11-23 02:30:00+00:00, run_after=2025-11-24 02:30:00+00:00
[2025-11-24T00:09:14.073+0000] {processor.py:208} INFO - Processing /opt/airflow/dags/market_data_ingest.py took 0.169 seconds
[2025-11-24T00:26:13.010+0000] {processor.py:186} INFO - Started process (PID=16235) to work on /opt/airflow/dags/market_data_ingest.py
[2025-11-24T00:26:13.011+0000] {processor.py:914} INFO - Processing file /opt/airflow/dags/market_data_ingest.py for tasks to queue
[2025-11-24T00:26:13.012+0000] {logging_mixin.py:190} INFO - [2025-11-24T00:26:13.012+0000] {dagbag.py:587} INFO - Filling up the DagBag from /opt/airflow/dags/market_data_ingest.py
[2025-11-24T00:26:13.171+0000] {processor.py:925} INFO - DAG(s) 'market_data_ingest' retrieved from /opt/airflow/dags/market_data_ingest.py
[2025-11-24T00:26:13.176+0000] {logging_mixin.py:190} INFO - [2025-11-24T00:26:13.175+0000] {dag.py:3229} INFO - Sync 1 DAGs
[2025-11-24T00:26:13.184+0000] {logging_mixin.py:190} INFO - [2025-11-24T00:26:13.184+0000] {dag.py:4156} INFO - Setting next_dagrun for market_data_ingest to 2025-11-23 02:30:00+00:00, run_after=2025-11-24 02:30:00+00:00
[2025-11-24T00:26:13.190+0000] {processor.py:208} INFO - Processing /opt/airflow/dags/market_data_ingest.py took 0.184 seconds
[2025-11-24T00:26:43.514+0000] {processor.py:186} INFO - Started process (PID=16259) to work on /opt/airflow/dags/market_data_ingest.py
[2025-11-24T00:26:43.515+0000] {processor.py:914} INFO - Processing file /opt/airflow/dags/market_data_ingest.py for tasks to queue
[2025-11-24T00:26:43.516+0000] {logging_mixin.py:190} INFO - [2025-11-24T00:26:43.516+0000] {dagbag.py:587} INFO - Filling up the DagBag from /opt/airflow/dags/market_data_ingest.py
[2025-11-24T00:26:43.674+0000] {processor.py:925} INFO - DAG(s) 'market_data_ingest' retrieved from /opt/airflow/dags/market_data_ingest.py
[2025-11-24T00:26:43.678+0000] {logging_mixin.py:190} INFO - [2025-11-24T00:26:43.678+0000] {dag.py:3229} INFO - Sync 1 DAGs
[2025-11-24T00:26:43.686+0000] {logging_mixin.py:190} INFO - [2025-11-24T00:26:43.686+0000] {dag.py:4156} INFO - Setting next_dagrun for market_data_ingest to 2025-11-23 02:30:00+00:00, run_after=2025-11-24 02:30:00+00:00
[2025-11-24T00:26:43.692+0000] {processor.py:208} INFO - Processing /opt/airflow/dags/market_data_ingest.py took 0.182 seconds
[2025-11-24T00:42:41.415+0000] {processor.py:186} INFO - Started process (PID=16287) to work on /opt/airflow/dags/market_data_ingest.py
[2025-11-24T00:42:41.416+0000] {processor.py:914} INFO - Processing file /opt/airflow/dags/market_data_ingest.py for tasks to queue
[2025-11-24T00:42:41.417+0000] {logging_mixin.py:190} INFO - [2025-11-24T00:42:41.417+0000] {dagbag.py:587} INFO - Filling up the DagBag from /opt/airflow/dags/market_data_ingest.py
[2025-11-24T00:42:41.667+0000] {processor.py:925} INFO - DAG(s) 'market_data_ingest' retrieved from /opt/airflow/dags/market_data_ingest.py
[2025-11-24T00:42:41.673+0000] {logging_mixin.py:190} INFO - [2025-11-24T00:42:41.672+0000] {dag.py:3229} INFO - Sync 1 DAGs
[2025-11-24T00:42:41.682+0000] {logging_mixin.py:190} INFO - [2025-11-24T00:42:41.682+0000] {dag.py:4156} INFO - Setting next_dagrun for market_data_ingest to 2025-11-23 02:30:00+00:00, run_after=2025-11-24 02:30:00+00:00
[2025-11-24T00:42:41.688+0000] {processor.py:208} INFO - Processing /opt/airflow/dags/market_data_ingest.py took 0.275 seconds
[2025-11-24T00:43:11.910+0000] {processor.py:186} INFO - Started process (PID=16313) to work on /opt/airflow/dags/market_data_ingest.py
[2025-11-24T00:43:11.910+0000] {processor.py:914} INFO - Processing file /opt/airflow/dags/market_data_ingest.py for tasks to queue
[2025-11-24T00:43:11.911+0000] {logging_mixin.py:190} INFO - [2025-11-24T00:43:11.911+0000] {dagbag.py:587} INFO - Filling up the DagBag from /opt/airflow/dags/market_data_ingest.py
[2025-11-24T00:43:12.053+0000] {processor.py:925} INFO - DAG(s) 'market_data_ingest' retrieved from /opt/airflow/dags/market_data_ingest.py
[2025-11-24T00:43:12.059+0000] {logging_mixin.py:190} INFO - [2025-11-24T00:43:12.059+0000] {dag.py:3229} INFO - Sync 1 DAGs
[2025-11-24T00:43:12.066+0000] {logging_mixin.py:190} INFO - [2025-11-24T00:43:12.066+0000] {dag.py:4156} INFO - Setting next_dagrun for market_data_ingest to 2025-11-23 02:30:00+00:00, run_after=2025-11-24 02:30:00+00:00
[2025-11-24T00:43:12.072+0000] {processor.py:208} INFO - Processing /opt/airflow/dags/market_data_ingest.py took 0.165 seconds
[2025-11-24T00:59:34.859+0000] {processor.py:186} INFO - Started process (PID=16337) to work on /opt/airflow/dags/market_data_ingest.py
[2025-11-24T00:59:34.859+0000] {processor.py:914} INFO - Processing file /opt/airflow/dags/market_data_ingest.py for tasks to queue
[2025-11-24T00:59:34.861+0000] {logging_mixin.py:190} INFO - [2025-11-24T00:59:34.861+0000] {dagbag.py:587} INFO - Filling up the DagBag from /opt/airflow/dags/market_data_ingest.py
[2025-11-24T00:59:35.036+0000] {processor.py:925} INFO - DAG(s) 'market_data_ingest' retrieved from /opt/airflow/dags/market_data_ingest.py
[2025-11-24T00:59:35.040+0000] {logging_mixin.py:190} INFO - [2025-11-24T00:59:35.040+0000] {dag.py:3229} INFO - Sync 1 DAGs
[2025-11-24T00:59:35.048+0000] {logging_mixin.py:190} INFO - [2025-11-24T00:59:35.048+0000] {dag.py:4156} INFO - Setting next_dagrun for market_data_ingest to 2025-11-23 02:30:00+00:00, run_after=2025-11-24 02:30:00+00:00
[2025-11-24T00:59:35.054+0000] {processor.py:208} INFO - Processing /opt/airflow/dags/market_data_ingest.py took 0.198 seconds
[2025-11-24T01:09:49.065+0000] {processor.py:186} INFO - Started process (PID=16365) to work on /opt/airflow/dags/market_data_ingest.py
[2025-11-24T01:09:49.066+0000] {processor.py:914} INFO - Processing file /opt/airflow/dags/market_data_ingest.py for tasks to queue
[2025-11-24T01:09:49.067+0000] {logging_mixin.py:190} INFO - [2025-11-24T01:09:49.067+0000] {dagbag.py:587} INFO - Filling up the DagBag from /opt/airflow/dags/market_data_ingest.py
[2025-11-24T01:09:49.240+0000] {processor.py:925} INFO - DAG(s) 'market_data_ingest' retrieved from /opt/airflow/dags/market_data_ingest.py
[2025-11-24T01:09:49.249+0000] {logging_mixin.py:190} INFO - [2025-11-24T01:09:49.249+0000] {dag.py:3229} INFO - Sync 1 DAGs
[2025-11-24T01:09:49.261+0000] {logging_mixin.py:190} INFO - [2025-11-24T01:09:49.261+0000] {dag.py:4156} INFO - Setting next_dagrun for market_data_ingest to 2025-11-23 02:30:00+00:00, run_after=2025-11-24 02:30:00+00:00
[2025-11-24T01:09:49.269+0000] {processor.py:208} INFO - Processing /opt/airflow/dags/market_data_ingest.py took 0.206 seconds
[2025-11-24T01:10:19.510+0000] {processor.py:186} INFO - Started process (PID=16391) to work on /opt/airflow/dags/market_data_ingest.py
[2025-11-24T01:10:19.511+0000] {processor.py:914} INFO - Processing file /opt/airflow/dags/market_data_ingest.py for tasks to queue
[2025-11-24T01:10:19.512+0000] {logging_mixin.py:190} INFO - [2025-11-24T01:10:19.512+0000] {dagbag.py:587} INFO - Filling up the DagBag from /opt/airflow/dags/market_data_ingest.py
[2025-11-24T01:10:19.648+0000] {processor.py:925} INFO - DAG(s) 'market_data_ingest' retrieved from /opt/airflow/dags/market_data_ingest.py
[2025-11-24T01:10:19.653+0000] {logging_mixin.py:190} INFO - [2025-11-24T01:10:19.652+0000] {dag.py:3229} INFO - Sync 1 DAGs
[2025-11-24T01:10:19.661+0000] {logging_mixin.py:190} INFO - [2025-11-24T01:10:19.661+0000] {dag.py:4156} INFO - Setting next_dagrun for market_data_ingest to 2025-11-23 02:30:00+00:00, run_after=2025-11-24 02:30:00+00:00
[2025-11-24T01:10:19.667+0000] {processor.py:208} INFO - Processing /opt/airflow/dags/market_data_ingest.py took 0.159 seconds
[2025-11-24T01:22:35.013+0000] {processor.py:186} INFO - Started process (PID=16417) to work on /opt/airflow/dags/market_data_ingest.py
[2025-11-24T01:22:35.013+0000] {processor.py:914} INFO - Processing file /opt/airflow/dags/market_data_ingest.py for tasks to queue
[2025-11-24T01:22:35.014+0000] {logging_mixin.py:190} INFO - [2025-11-24T01:22:35.014+0000] {dagbag.py:587} INFO - Filling up the DagBag from /opt/airflow/dags/market_data_ingest.py
[2025-11-24T01:22:35.163+0000] {processor.py:925} INFO - DAG(s) 'market_data_ingest' retrieved from /opt/airflow/dags/market_data_ingest.py
[2025-11-24T01:22:35.169+0000] {logging_mixin.py:190} INFO - [2025-11-24T01:22:35.169+0000] {dag.py:3229} INFO - Sync 1 DAGs
[2025-11-24T01:22:35.178+0000] {logging_mixin.py:190} INFO - [2025-11-24T01:22:35.178+0000] {dag.py:4156} INFO - Setting next_dagrun for market_data_ingest to 2025-11-23 02:30:00+00:00, run_after=2025-11-24 02:30:00+00:00
[2025-11-24T01:22:35.184+0000] {processor.py:208} INFO - Processing /opt/airflow/dags/market_data_ingest.py took 0.174 seconds
[2025-11-24T01:23:05.455+0000] {processor.py:186} INFO - Started process (PID=16443) to work on /opt/airflow/dags/market_data_ingest.py
[2025-11-24T01:23:05.456+0000] {processor.py:914} INFO - Processing file /opt/airflow/dags/market_data_ingest.py for tasks to queue
[2025-11-24T01:23:05.457+0000] {logging_mixin.py:190} INFO - [2025-11-24T01:23:05.457+0000] {dagbag.py:587} INFO - Filling up the DagBag from /opt/airflow/dags/market_data_ingest.py
[2025-11-24T01:23:05.620+0000] {processor.py:925} INFO - DAG(s) 'market_data_ingest' retrieved from /opt/airflow/dags/market_data_ingest.py
[2025-11-24T01:23:05.625+0000] {logging_mixin.py:190} INFO - [2025-11-24T01:23:05.625+0000] {dag.py:3229} INFO - Sync 1 DAGs
[2025-11-24T01:23:05.632+0000] {logging_mixin.py:190} INFO - [2025-11-24T01:23:05.632+0000] {dag.py:4156} INFO - Setting next_dagrun for market_data_ingest to 2025-11-23 02:30:00+00:00, run_after=2025-11-24 02:30:00+00:00
[2025-11-24T01:23:05.637+0000] {processor.py:208} INFO - Processing /opt/airflow/dags/market_data_ingest.py took 0.186 seconds
[2025-11-24T01:23:35.991+0000] {processor.py:186} INFO - Started process (PID=16469) to work on /opt/airflow/dags/market_data_ingest.py
[2025-11-24T01:23:35.992+0000] {processor.py:914} INFO - Processing file /opt/airflow/dags/market_data_ingest.py for tasks to queue
[2025-11-24T01:23:35.993+0000] {logging_mixin.py:190} INFO - [2025-11-24T01:23:35.993+0000] {dagbag.py:587} INFO - Filling up the DagBag from /opt/airflow/dags/market_data_ingest.py
[2025-11-24T01:23:36.138+0000] {processor.py:925} INFO - DAG(s) 'market_data_ingest' retrieved from /opt/airflow/dags/market_data_ingest.py
[2025-11-24T01:23:36.142+0000] {logging_mixin.py:190} INFO - [2025-11-24T01:23:36.142+0000] {dag.py:3229} INFO - Sync 1 DAGs
[2025-11-24T01:23:36.150+0000] {logging_mixin.py:190} INFO - [2025-11-24T01:23:36.150+0000] {dag.py:4156} INFO - Setting next_dagrun for market_data_ingest to 2025-11-23 02:30:00+00:00, run_after=2025-11-24 02:30:00+00:00
[2025-11-24T01:23:36.156+0000] {processor.py:208} INFO - Processing /opt/airflow/dags/market_data_ingest.py took 0.168 seconds
[2025-11-24T01:24:06.509+0000] {processor.py:186} INFO - Started process (PID=16495) to work on /opt/airflow/dags/market_data_ingest.py
[2025-11-24T01:24:06.510+0000] {processor.py:914} INFO - Processing file /opt/airflow/dags/market_data_ingest.py for tasks to queue
[2025-11-24T01:24:06.511+0000] {logging_mixin.py:190} INFO - [2025-11-24T01:24:06.511+0000] {dagbag.py:587} INFO - Filling up the DagBag from /opt/airflow/dags/market_data_ingest.py
[2025-11-24T01:24:06.657+0000] {processor.py:925} INFO - DAG(s) 'market_data_ingest' retrieved from /opt/airflow/dags/market_data_ingest.py
[2025-11-24T01:24:06.661+0000] {logging_mixin.py:190} INFO - [2025-11-24T01:24:06.661+0000] {dag.py:3229} INFO - Sync 1 DAGs
[2025-11-24T01:24:06.669+0000] {logging_mixin.py:190} INFO - [2025-11-24T01:24:06.669+0000] {dag.py:4156} INFO - Setting next_dagrun for market_data_ingest to 2025-11-23 02:30:00+00:00, run_after=2025-11-24 02:30:00+00:00
[2025-11-24T01:24:06.675+0000] {processor.py:208} INFO - Processing /opt/airflow/dags/market_data_ingest.py took 0.168 seconds
[2025-11-24T01:24:36.949+0000] {processor.py:186} INFO - Started process (PID=16521) to work on /opt/airflow/dags/market_data_ingest.py
[2025-11-24T01:24:36.949+0000] {processor.py:914} INFO - Processing file /opt/airflow/dags/market_data_ingest.py for tasks to queue
[2025-11-24T01:24:36.951+0000] {logging_mixin.py:190} INFO - [2025-11-24T01:24:36.950+0000] {dagbag.py:587} INFO - Filling up the DagBag from /opt/airflow/dags/market_data_ingest.py
[2025-11-24T01:24:37.100+0000] {processor.py:925} INFO - DAG(s) 'market_data_ingest' retrieved from /opt/airflow/dags/market_data_ingest.py
[2025-11-24T01:24:37.106+0000] {logging_mixin.py:190} INFO - [2025-11-24T01:24:37.106+0000] {dag.py:3229} INFO - Sync 1 DAGs
[2025-11-24T01:24:37.114+0000] {logging_mixin.py:190} INFO - [2025-11-24T01:24:37.114+0000] {dag.py:4156} INFO - Setting next_dagrun for market_data_ingest to 2025-11-23 02:30:00+00:00, run_after=2025-11-24 02:30:00+00:00
[2025-11-24T01:24:37.120+0000] {processor.py:208} INFO - Processing /opt/airflow/dags/market_data_ingest.py took 0.174 seconds
[2025-11-24T01:25:07.458+0000] {processor.py:186} INFO - Started process (PID=16547) to work on /opt/airflow/dags/market_data_ingest.py
[2025-11-24T01:25:07.459+0000] {processor.py:914} INFO - Processing file /opt/airflow/dags/market_data_ingest.py for tasks to queue
[2025-11-24T01:25:07.460+0000] {logging_mixin.py:190} INFO - [2025-11-24T01:25:07.460+0000] {dagbag.py:587} INFO - Filling up the DagBag from /opt/airflow/dags/market_data_ingest.py
[2025-11-24T01:25:07.628+0000] {processor.py:925} INFO - DAG(s) 'market_data_ingest' retrieved from /opt/airflow/dags/market_data_ingest.py
[2025-11-24T01:25:07.633+0000] {logging_mixin.py:190} INFO - [2025-11-24T01:25:07.632+0000] {dag.py:3229} INFO - Sync 1 DAGs
[2025-11-24T01:25:07.640+0000] {logging_mixin.py:190} INFO - [2025-11-24T01:25:07.640+0000] {dag.py:4156} INFO - Setting next_dagrun for market_data_ingest to 2025-11-23 02:30:00+00:00, run_after=2025-11-24 02:30:00+00:00
[2025-11-24T01:25:07.646+0000] {processor.py:208} INFO - Processing /opt/airflow/dags/market_data_ingest.py took 0.191 seconds
[2025-11-24T01:41:48.804+0000] {processor.py:186} INFO - Started process (PID=16571) to work on /opt/airflow/dags/market_data_ingest.py
[2025-11-24T01:41:48.805+0000] {processor.py:914} INFO - Processing file /opt/airflow/dags/market_data_ingest.py for tasks to queue
[2025-11-24T01:41:48.807+0000] {logging_mixin.py:190} INFO - [2025-11-24T01:41:48.806+0000] {dagbag.py:587} INFO - Filling up the DagBag from /opt/airflow/dags/market_data_ingest.py
[2025-11-24T01:41:48.972+0000] {processor.py:925} INFO - DAG(s) 'market_data_ingest' retrieved from /opt/airflow/dags/market_data_ingest.py
[2025-11-24T01:41:48.977+0000] {logging_mixin.py:190} INFO - [2025-11-24T01:41:48.977+0000] {dag.py:3229} INFO - Sync 1 DAGs
[2025-11-24T01:41:48.984+0000] {logging_mixin.py:190} INFO - [2025-11-24T01:41:48.984+0000] {dag.py:4156} INFO - Setting next_dagrun for market_data_ingest to 2025-11-23 02:30:00+00:00, run_after=2025-11-24 02:30:00+00:00
[2025-11-24T01:41:48.990+0000] {processor.py:208} INFO - Processing /opt/airflow/dags/market_data_ingest.py took 0.188 seconds
[2025-11-24T01:42:19.359+0000] {processor.py:186} INFO - Started process (PID=16599) to work on /opt/airflow/dags/market_data_ingest.py
[2025-11-24T01:42:19.360+0000] {processor.py:914} INFO - Processing file /opt/airflow/dags/market_data_ingest.py for tasks to queue
[2025-11-24T01:42:19.361+0000] {logging_mixin.py:190} INFO - [2025-11-24T01:42:19.361+0000] {dagbag.py:587} INFO - Filling up the DagBag from /opt/airflow/dags/market_data_ingest.py
[2025-11-24T01:42:19.501+0000] {processor.py:925} INFO - DAG(s) 'market_data_ingest' retrieved from /opt/airflow/dags/market_data_ingest.py
[2025-11-24T01:42:19.505+0000] {logging_mixin.py:190} INFO - [2025-11-24T01:42:19.505+0000] {dag.py:3229} INFO - Sync 1 DAGs
[2025-11-24T01:42:19.514+0000] {logging_mixin.py:190} INFO - [2025-11-24T01:42:19.514+0000] {dag.py:4156} INFO - Setting next_dagrun for market_data_ingest to 2025-11-23 02:30:00+00:00, run_after=2025-11-24 02:30:00+00:00
[2025-11-24T01:42:19.519+0000] {processor.py:208} INFO - Processing /opt/airflow/dags/market_data_ingest.py took 0.162 seconds
[2025-11-24T01:53:15.877+0000] {processor.py:186} INFO - Started process (PID=16625) to work on /opt/airflow/dags/market_data_ingest.py
[2025-11-24T01:53:15.877+0000] {processor.py:914} INFO - Processing file /opt/airflow/dags/market_data_ingest.py for tasks to queue
[2025-11-24T01:53:15.878+0000] {logging_mixin.py:190} INFO - [2025-11-24T01:53:15.878+0000] {dagbag.py:587} INFO - Filling up the DagBag from /opt/airflow/dags/market_data_ingest.py
[2025-11-24T01:53:16.017+0000] {processor.py:925} INFO - DAG(s) 'market_data_ingest' retrieved from /opt/airflow/dags/market_data_ingest.py
[2025-11-24T01:53:16.023+0000] {logging_mixin.py:190} INFO - [2025-11-24T01:53:16.022+0000] {dag.py:3229} INFO - Sync 1 DAGs
[2025-11-24T01:53:16.031+0000] {logging_mixin.py:190} INFO - [2025-11-24T01:53:16.031+0000] {dag.py:4156} INFO - Setting next_dagrun for market_data_ingest to 2025-11-23 02:30:00+00:00, run_after=2025-11-24 02:30:00+00:00
[2025-11-24T01:53:16.037+0000] {processor.py:208} INFO - Processing /opt/airflow/dags/market_data_ingest.py took 0.163 seconds
[2025-11-24T01:53:46.419+0000] {processor.py:186} INFO - Started process (PID=16651) to work on /opt/airflow/dags/market_data_ingest.py
[2025-11-24T01:53:46.420+0000] {processor.py:914} INFO - Processing file /opt/airflow/dags/market_data_ingest.py for tasks to queue
[2025-11-24T01:53:46.421+0000] {logging_mixin.py:190} INFO - [2025-11-24T01:53:46.421+0000] {dagbag.py:587} INFO - Filling up the DagBag from /opt/airflow/dags/market_data_ingest.py
[2025-11-24T01:53:46.603+0000] {processor.py:925} INFO - DAG(s) 'market_data_ingest' retrieved from /opt/airflow/dags/market_data_ingest.py
[2025-11-24T01:53:46.607+0000] {logging_mixin.py:190} INFO - [2025-11-24T01:53:46.607+0000] {dag.py:3229} INFO - Sync 1 DAGs
[2025-11-24T01:53:46.615+0000] {logging_mixin.py:190} INFO - [2025-11-24T01:53:46.615+0000] {dag.py:4156} INFO - Setting next_dagrun for market_data_ingest to 2025-11-23 02:30:00+00:00, run_after=2025-11-24 02:30:00+00:00
[2025-11-24T01:53:46.621+0000] {processor.py:208} INFO - Processing /opt/airflow/dags/market_data_ingest.py took 0.205 seconds
[2025-11-24T03:11:46.874+0000] {processor.py:186} INFO - Started process (PID=16682) to work on /opt/airflow/dags/market_data_ingest.py
[2025-11-24T03:11:46.874+0000] {processor.py:914} INFO - Processing file /opt/airflow/dags/market_data_ingest.py for tasks to queue
[2025-11-24T03:11:46.876+0000] {logging_mixin.py:190} INFO - [2025-11-24T03:11:46.875+0000] {dagbag.py:587} INFO - Filling up the DagBag from /opt/airflow/dags/market_data_ingest.py
[2025-11-24T03:11:47.040+0000] {processor.py:925} INFO - DAG(s) 'market_data_ingest' retrieved from /opt/airflow/dags/market_data_ingest.py
[2025-11-24T03:11:47.046+0000] {logging_mixin.py:190} INFO - [2025-11-24T03:11:47.046+0000] {dag.py:3229} INFO - Sync 1 DAGs
[2025-11-24T03:11:47.057+0000] {logging_mixin.py:190} INFO - [2025-11-24T03:11:47.057+0000] {dag.py:4156} INFO - Setting next_dagrun for market_data_ingest to 2025-11-24 02:30:00+00:00, run_after=2025-11-25 02:30:00+00:00
[2025-11-24T03:11:47.065+0000] {processor.py:208} INFO - Processing /opt/airflow/dags/market_data_ingest.py took 0.196 seconds
[2025-11-24T03:12:17.273+0000] {processor.py:186} INFO - Started process (PID=16748) to work on /opt/airflow/dags/market_data_ingest.py
[2025-11-24T03:12:17.274+0000] {processor.py:914} INFO - Processing file /opt/airflow/dags/market_data_ingest.py for tasks to queue
[2025-11-24T03:12:17.274+0000] {logging_mixin.py:190} INFO - [2025-11-24T03:12:17.274+0000] {dagbag.py:587} INFO - Filling up the DagBag from /opt/airflow/dags/market_data_ingest.py
[2025-11-24T03:12:17.430+0000] {processor.py:925} INFO - DAG(s) 'market_data_ingest' retrieved from /opt/airflow/dags/market_data_ingest.py
[2025-11-24T03:12:17.434+0000] {logging_mixin.py:190} INFO - [2025-11-24T03:12:17.434+0000] {dag.py:3229} INFO - Sync 1 DAGs
[2025-11-24T03:12:17.442+0000] {logging_mixin.py:190} INFO - [2025-11-24T03:12:17.442+0000] {dag.py:4156} INFO - Setting next_dagrun for market_data_ingest to 2025-11-24 02:30:00+00:00, run_after=2025-11-25 02:30:00+00:00
[2025-11-24T03:12:17.447+0000] {processor.py:208} INFO - Processing /opt/airflow/dags/market_data_ingest.py took 0.177 seconds
[2025-11-24T03:39:52.351+0000] {processor.py:186} INFO - Started process (PID=16776) to work on /opt/airflow/dags/market_data_ingest.py
[2025-11-24T03:39:52.352+0000] {processor.py:914} INFO - Processing file /opt/airflow/dags/market_data_ingest.py for tasks to queue
[2025-11-24T03:39:52.354+0000] {logging_mixin.py:190} INFO - [2025-11-24T03:39:52.353+0000] {dagbag.py:587} INFO - Filling up the DagBag from /opt/airflow/dags/market_data_ingest.py
[2025-11-24T03:39:52.548+0000] {processor.py:925} INFO - DAG(s) 'market_data_ingest' retrieved from /opt/airflow/dags/market_data_ingest.py
[2025-11-24T03:39:52.553+0000] {logging_mixin.py:190} INFO - [2025-11-24T03:39:52.553+0000] {dag.py:3229} INFO - Sync 1 DAGs
[2025-11-24T03:39:52.562+0000] {logging_mixin.py:190} INFO - [2025-11-24T03:39:52.562+0000] {dag.py:4156} INFO - Setting next_dagrun for market_data_ingest to 2025-11-24 02:30:00+00:00, run_after=2025-11-25 02:30:00+00:00
[2025-11-24T03:39:52.568+0000] {processor.py:208} INFO - Processing /opt/airflow/dags/market_data_ingest.py took 0.225 seconds
[2025-11-24T03:40:22.760+0000] {processor.py:186} INFO - Started process (PID=16841) to work on /opt/airflow/dags/market_data_ingest.py
[2025-11-24T03:40:22.764+0000] {processor.py:914} INFO - Processing file /opt/airflow/dags/market_data_ingest.py for tasks to queue
[2025-11-24T03:40:22.766+0000] {logging_mixin.py:190} INFO - [2025-11-24T03:40:22.765+0000] {dagbag.py:587} INFO - Filling up the DagBag from /opt/airflow/dags/market_data_ingest.py
[2025-11-24T03:40:22.946+0000] {processor.py:925} INFO - DAG(s) 'market_data_ingest' retrieved from /opt/airflow/dags/market_data_ingest.py
[2025-11-24T03:40:22.951+0000] {logging_mixin.py:190} INFO - [2025-11-24T03:40:22.951+0000] {dag.py:3229} INFO - Sync 1 DAGs
[2025-11-24T03:40:22.959+0000] {logging_mixin.py:190} INFO - [2025-11-24T03:40:22.959+0000] {dag.py:4156} INFO - Setting next_dagrun for market_data_ingest to 2025-11-24 02:30:00+00:00, run_after=2025-11-25 02:30:00+00:00
[2025-11-24T03:40:22.964+0000] {processor.py:208} INFO - Processing /opt/airflow/dags/market_data_ingest.py took 0.207 seconds
[2025-11-24T03:40:53.230+0000] {processor.py:186} INFO - Started process (PID=16869) to work on /opt/airflow/dags/market_data_ingest.py
[2025-11-24T03:40:53.231+0000] {processor.py:914} INFO - Processing file /opt/airflow/dags/market_data_ingest.py for tasks to queue
[2025-11-24T03:40:53.232+0000] {logging_mixin.py:190} INFO - [2025-11-24T03:40:53.232+0000] {dagbag.py:587} INFO - Filling up the DagBag from /opt/airflow/dags/market_data_ingest.py
[2025-11-24T03:40:53.398+0000] {processor.py:925} INFO - DAG(s) 'market_data_ingest' retrieved from /opt/airflow/dags/market_data_ingest.py
[2025-11-24T03:40:53.411+0000] {logging_mixin.py:190} INFO - [2025-11-24T03:40:53.411+0000] {dag.py:3229} INFO - Sync 1 DAGs
[2025-11-24T03:40:53.421+0000] {logging_mixin.py:190} INFO - [2025-11-24T03:40:53.420+0000] {dag.py:4156} INFO - Setting next_dagrun for market_data_ingest to 2025-11-24 02:30:00+00:00, run_after=2025-11-25 02:30:00+00:00
[2025-11-24T03:40:53.427+0000] {processor.py:208} INFO - Processing /opt/airflow/dags/market_data_ingest.py took 0.199 seconds
[2025-11-24T03:41:23.672+0000] {processor.py:186} INFO - Started process (PID=16900) to work on /opt/airflow/dags/market_data_ingest.py
[2025-11-24T03:41:23.672+0000] {processor.py:914} INFO - Processing file /opt/airflow/dags/market_data_ingest.py for tasks to queue
[2025-11-24T03:41:23.673+0000] {logging_mixin.py:190} INFO - [2025-11-24T03:41:23.673+0000] {dagbag.py:587} INFO - Filling up the DagBag from /opt/airflow/dags/market_data_ingest.py
[2025-11-24T03:41:23.819+0000] {processor.py:925} INFO - DAG(s) 'market_data_ingest' retrieved from /opt/airflow/dags/market_data_ingest.py
[2025-11-24T03:41:23.823+0000] {logging_mixin.py:190} INFO - [2025-11-24T03:41:23.823+0000] {dag.py:3229} INFO - Sync 1 DAGs
[2025-11-24T03:41:23.831+0000] {logging_mixin.py:190} INFO - [2025-11-24T03:41:23.831+0000] {dag.py:4156} INFO - Setting next_dagrun for market_data_ingest to 2025-11-24 02:30:00+00:00, run_after=2025-11-25 02:30:00+00:00
[2025-11-24T03:41:23.836+0000] {processor.py:208} INFO - Processing /opt/airflow/dags/market_data_ingest.py took 0.167 seconds
[2025-11-24T03:41:54.126+0000] {processor.py:186} INFO - Started process (PID=16926) to work on /opt/airflow/dags/market_data_ingest.py
[2025-11-24T03:41:54.126+0000] {processor.py:914} INFO - Processing file /opt/airflow/dags/market_data_ingest.py for tasks to queue
[2025-11-24T03:41:54.127+0000] {logging_mixin.py:190} INFO - [2025-11-24T03:41:54.127+0000] {dagbag.py:587} INFO - Filling up the DagBag from /opt/airflow/dags/market_data_ingest.py
[2025-11-24T03:41:54.284+0000] {processor.py:925} INFO - DAG(s) 'market_data_ingest' retrieved from /opt/airflow/dags/market_data_ingest.py
[2025-11-24T03:41:54.289+0000] {logging_mixin.py:190} INFO - [2025-11-24T03:41:54.289+0000] {dag.py:3229} INFO - Sync 1 DAGs
[2025-11-24T03:41:54.297+0000] {logging_mixin.py:190} INFO - [2025-11-24T03:41:54.297+0000] {dag.py:4156} INFO - Setting next_dagrun for market_data_ingest to 2025-11-24 02:30:00+00:00, run_after=2025-11-25 02:30:00+00:00
[2025-11-24T03:41:54.302+0000] {processor.py:208} INFO - Processing /opt/airflow/dags/market_data_ingest.py took 0.180 seconds
[2025-11-24T03:42:24.502+0000] {processor.py:186} INFO - Started process (PID=16952) to work on /opt/airflow/dags/market_data_ingest.py
[2025-11-24T03:42:24.502+0000] {processor.py:914} INFO - Processing file /opt/airflow/dags/market_data_ingest.py for tasks to queue
[2025-11-24T03:42:24.503+0000] {logging_mixin.py:190} INFO - [2025-11-24T03:42:24.503+0000] {dagbag.py:587} INFO - Filling up the DagBag from /opt/airflow/dags/market_data_ingest.py
[2025-11-24T03:42:24.642+0000] {processor.py:925} INFO - DAG(s) 'market_data_ingest' retrieved from /opt/airflow/dags/market_data_ingest.py
[2025-11-24T03:42:24.647+0000] {logging_mixin.py:190} INFO - [2025-11-24T03:42:24.647+0000] {dag.py:3229} INFO - Sync 1 DAGs
[2025-11-24T03:42:24.656+0000] {logging_mixin.py:190} INFO - [2025-11-24T03:42:24.656+0000] {dag.py:4156} INFO - Setting next_dagrun for market_data_ingest to 2025-11-24 02:30:00+00:00, run_after=2025-11-25 02:30:00+00:00
[2025-11-24T03:42:24.662+0000] {processor.py:208} INFO - Processing /opt/airflow/dags/market_data_ingest.py took 0.162 seconds
[2025-11-24T03:42:54.953+0000] {processor.py:186} INFO - Started process (PID=16978) to work on /opt/airflow/dags/market_data_ingest.py
[2025-11-24T03:42:54.953+0000] {processor.py:914} INFO - Processing file /opt/airflow/dags/market_data_ingest.py for tasks to queue
[2025-11-24T03:42:54.954+0000] {logging_mixin.py:190} INFO - [2025-11-24T03:42:54.954+0000] {dagbag.py:587} INFO - Filling up the DagBag from /opt/airflow/dags/market_data_ingest.py
[2025-11-24T03:42:55.094+0000] {processor.py:925} INFO - DAG(s) 'market_data_ingest' retrieved from /opt/airflow/dags/market_data_ingest.py
[2025-11-24T03:42:55.098+0000] {logging_mixin.py:190} INFO - [2025-11-24T03:42:55.098+0000] {dag.py:3229} INFO - Sync 1 DAGs
[2025-11-24T03:42:55.105+0000] {logging_mixin.py:190} INFO - [2025-11-24T03:42:55.105+0000] {dag.py:4156} INFO - Setting next_dagrun for market_data_ingest to 2025-11-24 02:30:00+00:00, run_after=2025-11-25 02:30:00+00:00
[2025-11-24T03:42:55.112+0000] {processor.py:208} INFO - Processing /opt/airflow/dags/market_data_ingest.py took 0.161 seconds
[2025-11-24T03:43:25.442+0000] {processor.py:186} INFO - Started process (PID=17002) to work on /opt/airflow/dags/market_data_ingest.py
[2025-11-24T03:43:25.442+0000] {processor.py:914} INFO - Processing file /opt/airflow/dags/market_data_ingest.py for tasks to queue
[2025-11-24T03:43:25.447+0000] {logging_mixin.py:190} INFO - [2025-11-24T03:43:25.447+0000] {dagbag.py:587} INFO - Filling up the DagBag from /opt/airflow/dags/market_data_ingest.py
[2025-11-24T03:43:25.759+0000] {processor.py:925} INFO - DAG(s) 'market_data_ingest' retrieved from /opt/airflow/dags/market_data_ingest.py
[2025-11-24T03:43:25.765+0000] {logging_mixin.py:190} INFO - [2025-11-24T03:43:25.765+0000] {dag.py:3229} INFO - Sync 1 DAGs
[2025-11-24T03:43:25.773+0000] {logging_mixin.py:190} INFO - [2025-11-24T03:43:25.773+0000] {dag.py:4156} INFO - Setting next_dagrun for market_data_ingest to 2025-11-24 02:30:00+00:00, run_after=2025-11-25 02:30:00+00:00
[2025-11-24T03:43:25.780+0000] {processor.py:208} INFO - Processing /opt/airflow/dags/market_data_ingest.py took 0.341 seconds
[2025-11-24T03:43:55.903+0000] {processor.py:186} INFO - Started process (PID=17028) to work on /opt/airflow/dags/market_data_ingest.py
[2025-11-24T03:43:55.903+0000] {processor.py:914} INFO - Processing file /opt/airflow/dags/market_data_ingest.py for tasks to queue
[2025-11-24T03:43:55.904+0000] {logging_mixin.py:190} INFO - [2025-11-24T03:43:55.904+0000] {dagbag.py:587} INFO - Filling up the DagBag from /opt/airflow/dags/market_data_ingest.py
[2025-11-24T03:43:56.070+0000] {processor.py:925} INFO - DAG(s) 'market_data_ingest' retrieved from /opt/airflow/dags/market_data_ingest.py
[2025-11-24T03:43:56.075+0000] {logging_mixin.py:190} INFO - [2025-11-24T03:43:56.074+0000] {dag.py:3229} INFO - Sync 1 DAGs
[2025-11-24T03:43:56.083+0000] {logging_mixin.py:190} INFO - [2025-11-24T03:43:56.082+0000] {dag.py:4156} INFO - Setting next_dagrun for market_data_ingest to 2025-11-24 02:30:00+00:00, run_after=2025-11-25 02:30:00+00:00
[2025-11-24T03:43:56.088+0000] {processor.py:208} INFO - Processing /opt/airflow/dags/market_data_ingest.py took 0.188 seconds
[2025-11-24T03:44:26.455+0000] {processor.py:186} INFO - Started process (PID=17056) to work on /opt/airflow/dags/market_data_ingest.py
[2025-11-24T03:44:26.455+0000] {processor.py:914} INFO - Processing file /opt/airflow/dags/market_data_ingest.py for tasks to queue
[2025-11-24T03:44:26.456+0000] {logging_mixin.py:190} INFO - [2025-11-24T03:44:26.456+0000] {dagbag.py:587} INFO - Filling up the DagBag from /opt/airflow/dags/market_data_ingest.py
[2025-11-24T03:44:26.648+0000] {processor.py:925} INFO - DAG(s) 'market_data_ingest' retrieved from /opt/airflow/dags/market_data_ingest.py
[2025-11-24T03:44:26.653+0000] {logging_mixin.py:190} INFO - [2025-11-24T03:44:26.653+0000] {dag.py:3229} INFO - Sync 1 DAGs
[2025-11-24T03:44:26.660+0000] {logging_mixin.py:190} INFO - [2025-11-24T03:44:26.660+0000] {dag.py:4156} INFO - Setting next_dagrun for market_data_ingest to 2025-11-24 02:30:00+00:00, run_after=2025-11-25 02:30:00+00:00
[2025-11-24T03:44:26.665+0000] {processor.py:208} INFO - Processing /opt/airflow/dags/market_data_ingest.py took 0.214 seconds
[2025-11-24T03:44:56.855+0000] {processor.py:186} INFO - Started process (PID=17085) to work on /opt/airflow/dags/market_data_ingest.py
[2025-11-24T03:44:56.856+0000] {processor.py:914} INFO - Processing file /opt/airflow/dags/market_data_ingest.py for tasks to queue
[2025-11-24T03:44:56.857+0000] {logging_mixin.py:190} INFO - [2025-11-24T03:44:56.857+0000] {dagbag.py:587} INFO - Filling up the DagBag from /opt/airflow/dags/market_data_ingest.py
[2025-11-24T03:44:57.014+0000] {processor.py:925} INFO - DAG(s) 'market_data_ingest' retrieved from /opt/airflow/dags/market_data_ingest.py
[2025-11-24T03:44:57.018+0000] {logging_mixin.py:190} INFO - [2025-11-24T03:44:57.018+0000] {dag.py:3229} INFO - Sync 1 DAGs
[2025-11-24T03:44:57.026+0000] {logging_mixin.py:190} INFO - [2025-11-24T03:44:57.025+0000] {dag.py:4156} INFO - Setting next_dagrun for market_data_ingest to 2025-11-24 02:30:00+00:00, run_after=2025-11-25 02:30:00+00:00
[2025-11-24T03:44:57.032+0000] {processor.py:208} INFO - Processing /opt/airflow/dags/market_data_ingest.py took 0.179 seconds
[2025-11-24T03:45:27.347+0000] {processor.py:186} INFO - Started process (PID=17113) to work on /opt/airflow/dags/market_data_ingest.py
[2025-11-24T03:45:27.347+0000] {processor.py:914} INFO - Processing file /opt/airflow/dags/market_data_ingest.py for tasks to queue
[2025-11-24T03:45:27.348+0000] {logging_mixin.py:190} INFO - [2025-11-24T03:45:27.348+0000] {dagbag.py:587} INFO - Filling up the DagBag from /opt/airflow/dags/market_data_ingest.py
[2025-11-24T03:45:27.504+0000] {processor.py:925} INFO - DAG(s) 'market_data_ingest' retrieved from /opt/airflow/dags/market_data_ingest.py
[2025-11-24T03:45:27.508+0000] {logging_mixin.py:190} INFO - [2025-11-24T03:45:27.508+0000] {dag.py:3229} INFO - Sync 1 DAGs
[2025-11-24T03:45:27.516+0000] {logging_mixin.py:190} INFO - [2025-11-24T03:45:27.516+0000] {dag.py:4156} INFO - Setting next_dagrun for market_data_ingest to 2025-11-24 02:30:00+00:00, run_after=2025-11-25 02:30:00+00:00
[2025-11-24T03:45:27.522+0000] {processor.py:208} INFO - Processing /opt/airflow/dags/market_data_ingest.py took 0.177 seconds
[2025-11-24T03:45:57.809+0000] {processor.py:186} INFO - Started process (PID=17139) to work on /opt/airflow/dags/market_data_ingest.py
[2025-11-24T03:45:57.809+0000] {processor.py:914} INFO - Processing file /opt/airflow/dags/market_data_ingest.py for tasks to queue
[2025-11-24T03:45:57.810+0000] {logging_mixin.py:190} INFO - [2025-11-24T03:45:57.810+0000] {dagbag.py:587} INFO - Filling up the DagBag from /opt/airflow/dags/market_data_ingest.py
[2025-11-24T03:45:57.954+0000] {processor.py:925} INFO - DAG(s) 'market_data_ingest' retrieved from /opt/airflow/dags/market_data_ingest.py
[2025-11-24T03:45:57.959+0000] {logging_mixin.py:190} INFO - [2025-11-24T03:45:57.958+0000] {dag.py:3229} INFO - Sync 1 DAGs
[2025-11-24T03:45:57.966+0000] {logging_mixin.py:190} INFO - [2025-11-24T03:45:57.966+0000] {dag.py:4156} INFO - Setting next_dagrun for market_data_ingest to 2025-11-24 02:30:00+00:00, run_after=2025-11-25 02:30:00+00:00
[2025-11-24T03:45:57.972+0000] {processor.py:208} INFO - Processing /opt/airflow/dags/market_data_ingest.py took 0.165 seconds
[2025-11-24T03:46:28.289+0000] {processor.py:186} INFO - Started process (PID=17165) to work on /opt/airflow/dags/market_data_ingest.py
[2025-11-24T03:46:28.290+0000] {processor.py:914} INFO - Processing file /opt/airflow/dags/market_data_ingest.py for tasks to queue
[2025-11-24T03:46:28.291+0000] {logging_mixin.py:190} INFO - [2025-11-24T03:46:28.291+0000] {dagbag.py:587} INFO - Filling up the DagBag from /opt/airflow/dags/market_data_ingest.py
[2025-11-24T03:46:28.438+0000] {processor.py:925} INFO - DAG(s) 'market_data_ingest' retrieved from /opt/airflow/dags/market_data_ingest.py
[2025-11-24T03:46:28.442+0000] {logging_mixin.py:190} INFO - [2025-11-24T03:46:28.442+0000] {dag.py:3229} INFO - Sync 1 DAGs
[2025-11-24T03:46:28.450+0000] {logging_mixin.py:190} INFO - [2025-11-24T03:46:28.450+0000] {dag.py:4156} INFO - Setting next_dagrun for market_data_ingest to 2025-11-24 02:30:00+00:00, run_after=2025-11-25 02:30:00+00:00
[2025-11-24T03:46:28.455+0000] {processor.py:208} INFO - Processing /opt/airflow/dags/market_data_ingest.py took 0.170 seconds
[2025-11-24T03:46:58.722+0000] {processor.py:186} INFO - Started process (PID=17191) to work on /opt/airflow/dags/market_data_ingest.py
[2025-11-24T03:46:58.723+0000] {processor.py:914} INFO - Processing file /opt/airflow/dags/market_data_ingest.py for tasks to queue
[2025-11-24T03:46:58.724+0000] {logging_mixin.py:190} INFO - [2025-11-24T03:46:58.724+0000] {dagbag.py:587} INFO - Filling up the DagBag from /opt/airflow/dags/market_data_ingest.py
[2025-11-24T03:46:58.871+0000] {processor.py:925} INFO - DAG(s) 'market_data_ingest' retrieved from /opt/airflow/dags/market_data_ingest.py
[2025-11-24T03:46:58.876+0000] {logging_mixin.py:190} INFO - [2025-11-24T03:46:58.876+0000] {dag.py:3229} INFO - Sync 1 DAGs
[2025-11-24T03:46:58.883+0000] {logging_mixin.py:190} INFO - [2025-11-24T03:46:58.883+0000] {dag.py:4156} INFO - Setting next_dagrun for market_data_ingest to 2025-11-24 02:30:00+00:00, run_after=2025-11-25 02:30:00+00:00
[2025-11-24T03:46:58.889+0000] {processor.py:208} INFO - Processing /opt/airflow/dags/market_data_ingest.py took 0.171 seconds
[2025-11-24T03:47:29.144+0000] {processor.py:186} INFO - Started process (PID=17217) to work on /opt/airflow/dags/market_data_ingest.py
[2025-11-24T03:47:29.144+0000] {processor.py:914} INFO - Processing file /opt/airflow/dags/market_data_ingest.py for tasks to queue
[2025-11-24T03:47:29.145+0000] {logging_mixin.py:190} INFO - [2025-11-24T03:47:29.145+0000] {dagbag.py:587} INFO - Filling up the DagBag from /opt/airflow/dags/market_data_ingest.py
[2025-11-24T03:47:29.285+0000] {processor.py:925} INFO - DAG(s) 'market_data_ingest' retrieved from /opt/airflow/dags/market_data_ingest.py
[2025-11-24T03:47:29.290+0000] {logging_mixin.py:190} INFO - [2025-11-24T03:47:29.290+0000] {dag.py:3229} INFO - Sync 1 DAGs
[2025-11-24T03:47:29.298+0000] {logging_mixin.py:190} INFO - [2025-11-24T03:47:29.298+0000] {dag.py:4156} INFO - Setting next_dagrun for market_data_ingest to 2025-11-24 02:30:00+00:00, run_after=2025-11-25 02:30:00+00:00
[2025-11-24T03:47:29.303+0000] {processor.py:208} INFO - Processing /opt/airflow/dags/market_data_ingest.py took 0.162 seconds
[2025-11-24T03:47:59.562+0000] {processor.py:186} INFO - Started process (PID=17243) to work on /opt/airflow/dags/market_data_ingest.py
[2025-11-24T03:47:59.562+0000] {processor.py:914} INFO - Processing file /opt/airflow/dags/market_data_ingest.py for tasks to queue
[2025-11-24T03:47:59.563+0000] {logging_mixin.py:190} INFO - [2025-11-24T03:47:59.563+0000] {dagbag.py:587} INFO - Filling up the DagBag from /opt/airflow/dags/market_data_ingest.py
[2025-11-24T03:47:59.718+0000] {processor.py:925} INFO - DAG(s) 'market_data_ingest' retrieved from /opt/airflow/dags/market_data_ingest.py
[2025-11-24T03:47:59.722+0000] {logging_mixin.py:190} INFO - [2025-11-24T03:47:59.722+0000] {dag.py:3229} INFO - Sync 1 DAGs
[2025-11-24T03:47:59.732+0000] {logging_mixin.py:190} INFO - [2025-11-24T03:47:59.732+0000] {dag.py:4156} INFO - Setting next_dagrun for market_data_ingest to 2025-11-24 02:30:00+00:00, run_after=2025-11-25 02:30:00+00:00
[2025-11-24T03:47:59.737+0000] {processor.py:208} INFO - Processing /opt/airflow/dags/market_data_ingest.py took 0.178 seconds
[2025-11-24T03:48:30.010+0000] {processor.py:186} INFO - Started process (PID=17269) to work on /opt/airflow/dags/market_data_ingest.py
[2025-11-24T03:48:30.010+0000] {processor.py:914} INFO - Processing file /opt/airflow/dags/market_data_ingest.py for tasks to queue
[2025-11-24T03:48:30.011+0000] {logging_mixin.py:190} INFO - [2025-11-24T03:48:30.011+0000] {dagbag.py:587} INFO - Filling up the DagBag from /opt/airflow/dags/market_data_ingest.py
[2025-11-24T03:48:30.154+0000] {processor.py:925} INFO - DAG(s) 'market_data_ingest' retrieved from /opt/airflow/dags/market_data_ingest.py
[2025-11-24T03:48:30.159+0000] {logging_mixin.py:190} INFO - [2025-11-24T03:48:30.158+0000] {dag.py:3229} INFO - Sync 1 DAGs
[2025-11-24T03:48:30.166+0000] {logging_mixin.py:190} INFO - [2025-11-24T03:48:30.166+0000] {dag.py:4156} INFO - Setting next_dagrun for market_data_ingest to 2025-11-24 02:30:00+00:00, run_after=2025-11-25 02:30:00+00:00
[2025-11-24T03:48:30.171+0000] {processor.py:208} INFO - Processing /opt/airflow/dags/market_data_ingest.py took 0.164 seconds
[2025-11-24T03:49:00.444+0000] {processor.py:186} INFO - Started process (PID=17295) to work on /opt/airflow/dags/market_data_ingest.py
[2025-11-24T03:49:00.444+0000] {processor.py:914} INFO - Processing file /opt/airflow/dags/market_data_ingest.py for tasks to queue
[2025-11-24T03:49:00.445+0000] {logging_mixin.py:190} INFO - [2025-11-24T03:49:00.445+0000] {dagbag.py:587} INFO - Filling up the DagBag from /opt/airflow/dags/market_data_ingest.py
[2025-11-24T03:49:00.582+0000] {processor.py:925} INFO - DAG(s) 'market_data_ingest' retrieved from /opt/airflow/dags/market_data_ingest.py
[2025-11-24T03:49:00.587+0000] {logging_mixin.py:190} INFO - [2025-11-24T03:49:00.587+0000] {dag.py:3229} INFO - Sync 1 DAGs
[2025-11-24T03:49:00.595+0000] {logging_mixin.py:190} INFO - [2025-11-24T03:49:00.594+0000] {dag.py:4156} INFO - Setting next_dagrun for market_data_ingest to 2025-11-24 02:30:00+00:00, run_after=2025-11-25 02:30:00+00:00
[2025-11-24T03:49:00.600+0000] {processor.py:208} INFO - Processing /opt/airflow/dags/market_data_ingest.py took 0.158 seconds
[2025-11-24T03:49:30.855+0000] {processor.py:186} INFO - Started process (PID=17321) to work on /opt/airflow/dags/market_data_ingest.py
[2025-11-24T03:49:30.856+0000] {processor.py:914} INFO - Processing file /opt/airflow/dags/market_data_ingest.py for tasks to queue
[2025-11-24T03:49:30.857+0000] {logging_mixin.py:190} INFO - [2025-11-24T03:49:30.856+0000] {dagbag.py:587} INFO - Filling up the DagBag from /opt/airflow/dags/market_data_ingest.py
[2025-11-24T03:49:31.002+0000] {processor.py:925} INFO - DAG(s) 'market_data_ingest' retrieved from /opt/airflow/dags/market_data_ingest.py
[2025-11-24T03:49:31.006+0000] {logging_mixin.py:190} INFO - [2025-11-24T03:49:31.006+0000] {dag.py:3229} INFO - Sync 1 DAGs
[2025-11-24T03:49:31.014+0000] {logging_mixin.py:190} INFO - [2025-11-24T03:49:31.014+0000] {dag.py:4156} INFO - Setting next_dagrun for market_data_ingest to 2025-11-24 02:30:00+00:00, run_after=2025-11-25 02:30:00+00:00
[2025-11-24T03:49:31.019+0000] {processor.py:208} INFO - Processing /opt/airflow/dags/market_data_ingest.py took 0.167 seconds
[2025-11-24T03:50:01.336+0000] {processor.py:186} INFO - Started process (PID=17347) to work on /opt/airflow/dags/market_data_ingest.py
[2025-11-24T03:50:01.336+0000] {processor.py:914} INFO - Processing file /opt/airflow/dags/market_data_ingest.py for tasks to queue
[2025-11-24T03:50:01.337+0000] {logging_mixin.py:190} INFO - [2025-11-24T03:50:01.337+0000] {dagbag.py:587} INFO - Filling up the DagBag from /opt/airflow/dags/market_data_ingest.py
[2025-11-24T03:50:01.477+0000] {processor.py:925} INFO - DAG(s) 'market_data_ingest' retrieved from /opt/airflow/dags/market_data_ingest.py
[2025-11-24T03:50:01.482+0000] {logging_mixin.py:190} INFO - [2025-11-24T03:50:01.482+0000] {dag.py:3229} INFO - Sync 1 DAGs
[2025-11-24T03:50:01.490+0000] {logging_mixin.py:190} INFO - [2025-11-24T03:50:01.490+0000] {dag.py:4156} INFO - Setting next_dagrun for market_data_ingest to 2025-11-24 02:30:00+00:00, run_after=2025-11-25 02:30:00+00:00
[2025-11-24T03:50:01.495+0000] {processor.py:208} INFO - Processing /opt/airflow/dags/market_data_ingest.py took 0.162 seconds
[2025-11-24T03:50:31.725+0000] {processor.py:186} INFO - Started process (PID=17373) to work on /opt/airflow/dags/market_data_ingest.py
[2025-11-24T03:50:31.725+0000] {processor.py:914} INFO - Processing file /opt/airflow/dags/market_data_ingest.py for tasks to queue
[2025-11-24T03:50:31.726+0000] {logging_mixin.py:190} INFO - [2025-11-24T03:50:31.726+0000] {dagbag.py:587} INFO - Filling up the DagBag from /opt/airflow/dags/market_data_ingest.py
[2025-11-24T03:50:31.877+0000] {processor.py:925} INFO - DAG(s) 'market_data_ingest' retrieved from /opt/airflow/dags/market_data_ingest.py
[2025-11-24T03:50:31.882+0000] {logging_mixin.py:190} INFO - [2025-11-24T03:50:31.882+0000] {dag.py:3229} INFO - Sync 1 DAGs
[2025-11-24T03:50:31.889+0000] {logging_mixin.py:190} INFO - [2025-11-24T03:50:31.889+0000] {dag.py:4156} INFO - Setting next_dagrun for market_data_ingest to 2025-11-24 02:30:00+00:00, run_after=2025-11-25 02:30:00+00:00
[2025-11-24T03:50:31.895+0000] {processor.py:208} INFO - Processing /opt/airflow/dags/market_data_ingest.py took 0.173 seconds
[2025-11-24T03:51:02.147+0000] {processor.py:186} INFO - Started process (PID=17397) to work on /opt/airflow/dags/market_data_ingest.py
[2025-11-24T03:51:02.147+0000] {processor.py:914} INFO - Processing file /opt/airflow/dags/market_data_ingest.py for tasks to queue
[2025-11-24T03:51:02.148+0000] {logging_mixin.py:190} INFO - [2025-11-24T03:51:02.148+0000] {dagbag.py:587} INFO - Filling up the DagBag from /opt/airflow/dags/market_data_ingest.py
[2025-11-24T03:51:02.293+0000] {processor.py:925} INFO - DAG(s) 'market_data_ingest' retrieved from /opt/airflow/dags/market_data_ingest.py
[2025-11-24T03:51:02.297+0000] {logging_mixin.py:190} INFO - [2025-11-24T03:51:02.297+0000] {dag.py:3229} INFO - Sync 1 DAGs
[2025-11-24T03:51:02.305+0000] {logging_mixin.py:190} INFO - [2025-11-24T03:51:02.305+0000] {dag.py:4156} INFO - Setting next_dagrun for market_data_ingest to 2025-11-24 02:30:00+00:00, run_after=2025-11-25 02:30:00+00:00
[2025-11-24T03:51:02.310+0000] {processor.py:208} INFO - Processing /opt/airflow/dags/market_data_ingest.py took 0.166 seconds
[2025-11-24T03:51:32.666+0000] {processor.py:186} INFO - Started process (PID=17425) to work on /opt/airflow/dags/market_data_ingest.py
[2025-11-24T03:51:32.666+0000] {processor.py:914} INFO - Processing file /opt/airflow/dags/market_data_ingest.py for tasks to queue
[2025-11-24T03:51:32.668+0000] {logging_mixin.py:190} INFO - [2025-11-24T03:51:32.667+0000] {dagbag.py:587} INFO - Filling up the DagBag from /opt/airflow/dags/market_data_ingest.py
[2025-11-24T03:51:32.813+0000] {processor.py:925} INFO - DAG(s) 'market_data_ingest' retrieved from /opt/airflow/dags/market_data_ingest.py
[2025-11-24T03:51:32.817+0000] {logging_mixin.py:190} INFO - [2025-11-24T03:51:32.817+0000] {dag.py:3229} INFO - Sync 1 DAGs
[2025-11-24T03:51:32.825+0000] {logging_mixin.py:190} INFO - [2025-11-24T03:51:32.825+0000] {dag.py:4156} INFO - Setting next_dagrun for market_data_ingest to 2025-11-24 02:30:00+00:00, run_after=2025-11-25 02:30:00+00:00
[2025-11-24T03:51:32.831+0000] {processor.py:208} INFO - Processing /opt/airflow/dags/market_data_ingest.py took 0.167 seconds
[2025-11-24T03:52:03.151+0000] {processor.py:186} INFO - Started process (PID=17451) to work on /opt/airflow/dags/market_data_ingest.py
[2025-11-24T03:52:03.152+0000] {processor.py:914} INFO - Processing file /opt/airflow/dags/market_data_ingest.py for tasks to queue
[2025-11-24T03:52:03.153+0000] {logging_mixin.py:190} INFO - [2025-11-24T03:52:03.152+0000] {dagbag.py:587} INFO - Filling up the DagBag from /opt/airflow/dags/market_data_ingest.py
[2025-11-24T03:52:03.303+0000] {processor.py:925} INFO - DAG(s) 'market_data_ingest' retrieved from /opt/airflow/dags/market_data_ingest.py
[2025-11-24T03:52:03.307+0000] {logging_mixin.py:190} INFO - [2025-11-24T03:52:03.307+0000] {dag.py:3229} INFO - Sync 1 DAGs
[2025-11-24T03:52:03.316+0000] {logging_mixin.py:190} INFO - [2025-11-24T03:52:03.315+0000] {dag.py:4156} INFO - Setting next_dagrun for market_data_ingest to 2025-11-24 02:30:00+00:00, run_after=2025-11-25 02:30:00+00:00
[2025-11-24T03:52:03.321+0000] {processor.py:208} INFO - Processing /opt/airflow/dags/market_data_ingest.py took 0.174 seconds
[2025-11-24T03:52:33.576+0000] {processor.py:186} INFO - Started process (PID=17477) to work on /opt/airflow/dags/market_data_ingest.py
[2025-11-24T03:52:33.577+0000] {processor.py:914} INFO - Processing file /opt/airflow/dags/market_data_ingest.py for tasks to queue
[2025-11-24T03:52:33.578+0000] {logging_mixin.py:190} INFO - [2025-11-24T03:52:33.577+0000] {dagbag.py:587} INFO - Filling up the DagBag from /opt/airflow/dags/market_data_ingest.py
[2025-11-24T03:52:33.716+0000] {processor.py:925} INFO - DAG(s) 'market_data_ingest' retrieved from /opt/airflow/dags/market_data_ingest.py
[2025-11-24T03:52:33.720+0000] {logging_mixin.py:190} INFO - [2025-11-24T03:52:33.720+0000] {dag.py:3229} INFO - Sync 1 DAGs
[2025-11-24T03:52:33.728+0000] {logging_mixin.py:190} INFO - [2025-11-24T03:52:33.728+0000] {dag.py:4156} INFO - Setting next_dagrun for market_data_ingest to 2025-11-24 02:30:00+00:00, run_after=2025-11-25 02:30:00+00:00
[2025-11-24T03:52:33.732+0000] {processor.py:208} INFO - Processing /opt/airflow/dags/market_data_ingest.py took 0.158 seconds
[2025-11-24T03:53:03.977+0000] {processor.py:186} INFO - Started process (PID=17503) to work on /opt/airflow/dags/market_data_ingest.py
[2025-11-24T03:53:03.978+0000] {processor.py:914} INFO - Processing file /opt/airflow/dags/market_data_ingest.py for tasks to queue
[2025-11-24T03:53:03.979+0000] {logging_mixin.py:190} INFO - [2025-11-24T03:53:03.978+0000] {dagbag.py:587} INFO - Filling up the DagBag from /opt/airflow/dags/market_data_ingest.py
[2025-11-24T03:53:04.134+0000] {processor.py:925} INFO - DAG(s) 'market_data_ingest' retrieved from /opt/airflow/dags/market_data_ingest.py
[2025-11-24T03:53:04.139+0000] {logging_mixin.py:190} INFO - [2025-11-24T03:53:04.138+0000] {dag.py:3229} INFO - Sync 1 DAGs
[2025-11-24T03:53:04.146+0000] {logging_mixin.py:190} INFO - [2025-11-24T03:53:04.146+0000] {dag.py:4156} INFO - Setting next_dagrun for market_data_ingest to 2025-11-24 02:30:00+00:00, run_after=2025-11-25 02:30:00+00:00
[2025-11-24T03:53:04.151+0000] {processor.py:208} INFO - Processing /opt/airflow/dags/market_data_ingest.py took 0.176 seconds
[2025-11-24T03:53:34.450+0000] {processor.py:186} INFO - Started process (PID=17529) to work on /opt/airflow/dags/market_data_ingest.py
[2025-11-24T03:53:34.451+0000] {processor.py:914} INFO - Processing file /opt/airflow/dags/market_data_ingest.py for tasks to queue
[2025-11-24T03:53:34.452+0000] {logging_mixin.py:190} INFO - [2025-11-24T03:53:34.452+0000] {dagbag.py:587} INFO - Filling up the DagBag from /opt/airflow/dags/market_data_ingest.py
[2025-11-24T03:53:34.596+0000] {processor.py:925} INFO - DAG(s) 'market_data_ingest' retrieved from /opt/airflow/dags/market_data_ingest.py
[2025-11-24T03:53:34.600+0000] {logging_mixin.py:190} INFO - [2025-11-24T03:53:34.600+0000] {dag.py:3229} INFO - Sync 1 DAGs
[2025-11-24T03:53:34.608+0000] {logging_mixin.py:190} INFO - [2025-11-24T03:53:34.608+0000] {dag.py:4156} INFO - Setting next_dagrun for market_data_ingest to 2025-11-24 02:30:00+00:00, run_after=2025-11-25 02:30:00+00:00
[2025-11-24T03:53:34.613+0000] {processor.py:208} INFO - Processing /opt/airflow/dags/market_data_ingest.py took 0.166 seconds
[2025-11-24T03:54:04.892+0000] {processor.py:186} INFO - Started process (PID=17555) to work on /opt/airflow/dags/market_data_ingest.py
[2025-11-24T03:54:04.893+0000] {processor.py:914} INFO - Processing file /opt/airflow/dags/market_data_ingest.py for tasks to queue
[2025-11-24T03:54:04.894+0000] {logging_mixin.py:190} INFO - [2025-11-24T03:54:04.893+0000] {dagbag.py:587} INFO - Filling up the DagBag from /opt/airflow/dags/market_data_ingest.py
[2025-11-24T03:54:05.035+0000] {processor.py:925} INFO - DAG(s) 'market_data_ingest' retrieved from /opt/airflow/dags/market_data_ingest.py
[2025-11-24T03:54:05.040+0000] {logging_mixin.py:190} INFO - [2025-11-24T03:54:05.039+0000] {dag.py:3229} INFO - Sync 1 DAGs
[2025-11-24T03:54:05.047+0000] {logging_mixin.py:190} INFO - [2025-11-24T03:54:05.047+0000] {dag.py:4156} INFO - Setting next_dagrun for market_data_ingest to 2025-11-24 02:30:00+00:00, run_after=2025-11-25 02:30:00+00:00
[2025-11-24T03:54:05.052+0000] {processor.py:208} INFO - Processing /opt/airflow/dags/market_data_ingest.py took 0.164 seconds
[2025-11-24T03:54:35.334+0000] {processor.py:186} INFO - Started process (PID=17581) to work on /opt/airflow/dags/market_data_ingest.py
[2025-11-24T03:54:35.334+0000] {processor.py:914} INFO - Processing file /opt/airflow/dags/market_data_ingest.py for tasks to queue
[2025-11-24T03:54:35.335+0000] {logging_mixin.py:190} INFO - [2025-11-24T03:54:35.335+0000] {dagbag.py:587} INFO - Filling up the DagBag from /opt/airflow/dags/market_data_ingest.py
[2025-11-24T03:54:35.477+0000] {processor.py:925} INFO - DAG(s) 'market_data_ingest' retrieved from /opt/airflow/dags/market_data_ingest.py
[2025-11-24T03:54:35.482+0000] {logging_mixin.py:190} INFO - [2025-11-24T03:54:35.482+0000] {dag.py:3229} INFO - Sync 1 DAGs
[2025-11-24T03:54:35.491+0000] {logging_mixin.py:190} INFO - [2025-11-24T03:54:35.491+0000] {dag.py:4156} INFO - Setting next_dagrun for market_data_ingest to 2025-11-24 02:30:00+00:00, run_after=2025-11-25 02:30:00+00:00
[2025-11-24T03:54:35.496+0000] {processor.py:208} INFO - Processing /opt/airflow/dags/market_data_ingest.py took 0.165 seconds
[2025-11-24T03:55:05.792+0000] {processor.py:186} INFO - Started process (PID=17605) to work on /opt/airflow/dags/market_data_ingest.py
[2025-11-24T03:55:05.793+0000] {processor.py:914} INFO - Processing file /opt/airflow/dags/market_data_ingest.py for tasks to queue
[2025-11-24T03:55:05.794+0000] {logging_mixin.py:190} INFO - [2025-11-24T03:55:05.794+0000] {dagbag.py:587} INFO - Filling up the DagBag from /opt/airflow/dags/market_data_ingest.py
[2025-11-24T03:55:06.001+0000] {processor.py:925} INFO - DAG(s) 'market_data_ingest' retrieved from /opt/airflow/dags/market_data_ingest.py
[2025-11-24T03:55:06.007+0000] {logging_mixin.py:190} INFO - [2025-11-24T03:55:06.007+0000] {dag.py:3229} INFO - Sync 1 DAGs
[2025-11-24T03:55:06.017+0000] {logging_mixin.py:190} INFO - [2025-11-24T03:55:06.017+0000] {dag.py:4156} INFO - Setting next_dagrun for market_data_ingest to 2025-11-24 02:30:00+00:00, run_after=2025-11-25 02:30:00+00:00
[2025-11-24T03:55:06.024+0000] {processor.py:208} INFO - Processing /opt/airflow/dags/market_data_ingest.py took 0.237 seconds
[2025-11-24T03:55:36.295+0000] {processor.py:186} INFO - Started process (PID=17633) to work on /opt/airflow/dags/market_data_ingest.py
[2025-11-24T03:55:36.296+0000] {processor.py:914} INFO - Processing file /opt/airflow/dags/market_data_ingest.py for tasks to queue
[2025-11-24T03:55:36.297+0000] {logging_mixin.py:190} INFO - [2025-11-24T03:55:36.297+0000] {dagbag.py:587} INFO - Filling up the DagBag from /opt/airflow/dags/market_data_ingest.py
[2025-11-24T03:55:36.645+0000] {processor.py:925} INFO - DAG(s) 'market_data_ingest' retrieved from /opt/airflow/dags/market_data_ingest.py
[2025-11-24T03:55:36.660+0000] {logging_mixin.py:190} INFO - [2025-11-24T03:55:36.659+0000] {dag.py:3229} INFO - Sync 1 DAGs
[2025-11-24T03:55:36.675+0000] {logging_mixin.py:190} INFO - [2025-11-24T03:55:36.675+0000] {dag.py:4156} INFO - Setting next_dagrun for market_data_ingest to 2025-11-24 02:30:00+00:00, run_after=2025-11-25 02:30:00+00:00
[2025-11-24T03:55:36.683+0000] {processor.py:208} INFO - Processing /opt/airflow/dags/market_data_ingest.py took 0.391 seconds
[2025-11-24T04:13:26.251+0000] {processor.py:186} INFO - Started process (PID=17662) to work on /opt/airflow/dags/market_data_ingest.py
[2025-11-24T04:13:26.252+0000] {processor.py:914} INFO - Processing file /opt/airflow/dags/market_data_ingest.py for tasks to queue
[2025-11-24T04:13:26.253+0000] {logging_mixin.py:190} INFO - [2025-11-24T04:13:26.253+0000] {dagbag.py:587} INFO - Filling up the DagBag from /opt/airflow/dags/market_data_ingest.py
[2025-11-24T04:13:26.413+0000] {processor.py:925} INFO - DAG(s) 'market_data_ingest' retrieved from /opt/airflow/dags/market_data_ingest.py
[2025-11-24T04:13:26.417+0000] {logging_mixin.py:190} INFO - [2025-11-24T04:13:26.417+0000] {dag.py:3229} INFO - Sync 1 DAGs
[2025-11-24T04:13:26.430+0000] {logging_mixin.py:190} INFO - [2025-11-24T04:13:26.430+0000] {dag.py:4156} INFO - Setting next_dagrun for market_data_ingest to 2025-11-24 02:30:00+00:00, run_after=2025-11-25 02:30:00+00:00
[2025-11-24T04:13:26.436+0000] {processor.py:208} INFO - Processing /opt/airflow/dags/market_data_ingest.py took 0.187 seconds
[2025-11-24T05:03:21.165+0000] {processor.py:186} INFO - Started process (PID=17722) to work on /opt/airflow/dags/market_data_ingest.py
[2025-11-24T05:03:21.165+0000] {processor.py:914} INFO - Processing file /opt/airflow/dags/market_data_ingest.py for tasks to queue
[2025-11-24T05:03:21.166+0000] {logging_mixin.py:190} INFO - [2025-11-24T05:03:21.166+0000] {dagbag.py:587} INFO - Filling up the DagBag from /opt/airflow/dags/market_data_ingest.py
[2025-11-24T05:03:21.328+0000] {processor.py:925} INFO - DAG(s) 'market_data_ingest' retrieved from /opt/airflow/dags/market_data_ingest.py
[2025-11-24T05:03:21.333+0000] {logging_mixin.py:190} INFO - [2025-11-24T05:03:21.332+0000] {dag.py:3229} INFO - Sync 1 DAGs
[2025-11-24T05:03:21.340+0000] {logging_mixin.py:190} INFO - [2025-11-24T05:03:21.340+0000] {dag.py:4156} INFO - Setting next_dagrun for market_data_ingest to 2025-11-24 02:30:00+00:00, run_after=2025-11-25 02:30:00+00:00
[2025-11-24T05:03:21.345+0000] {processor.py:208} INFO - Processing /opt/airflow/dags/market_data_ingest.py took 0.183 seconds
[2025-11-24T05:03:51.649+0000] {processor.py:186} INFO - Started process (PID=17748) to work on /opt/airflow/dags/market_data_ingest.py
[2025-11-24T05:03:51.650+0000] {processor.py:914} INFO - Processing file /opt/airflow/dags/market_data_ingest.py for tasks to queue
[2025-11-24T05:03:51.651+0000] {logging_mixin.py:190} INFO - [2025-11-24T05:03:51.651+0000] {dagbag.py:587} INFO - Filling up the DagBag from /opt/airflow/dags/market_data_ingest.py
[2025-11-24T05:03:51.838+0000] {processor.py:925} INFO - DAG(s) 'market_data_ingest' retrieved from /opt/airflow/dags/market_data_ingest.py
[2025-11-24T05:03:51.843+0000] {logging_mixin.py:190} INFO - [2025-11-24T05:03:51.843+0000] {dag.py:3229} INFO - Sync 1 DAGs
[2025-11-24T05:03:51.852+0000] {logging_mixin.py:190} INFO - [2025-11-24T05:03:51.852+0000] {dag.py:4156} INFO - Setting next_dagrun for market_data_ingest to 2025-11-24 02:30:00+00:00, run_after=2025-11-25 02:30:00+00:00
[2025-11-24T05:03:51.861+0000] {processor.py:208} INFO - Processing /opt/airflow/dags/market_data_ingest.py took 0.214 seconds
[2025-11-24T05:04:22.057+0000] {processor.py:186} INFO - Started process (PID=17774) to work on /opt/airflow/dags/market_data_ingest.py
[2025-11-24T05:04:22.058+0000] {processor.py:914} INFO - Processing file /opt/airflow/dags/market_data_ingest.py for tasks to queue
[2025-11-24T05:04:22.059+0000] {logging_mixin.py:190} INFO - [2025-11-24T05:04:22.059+0000] {dagbag.py:587} INFO - Filling up the DagBag from /opt/airflow/dags/market_data_ingest.py
[2025-11-24T05:04:22.195+0000] {processor.py:925} INFO - DAG(s) 'market_data_ingest' retrieved from /opt/airflow/dags/market_data_ingest.py
[2025-11-24T05:04:22.199+0000] {logging_mixin.py:190} INFO - [2025-11-24T05:04:22.199+0000] {dag.py:3229} INFO - Sync 1 DAGs
[2025-11-24T05:04:22.206+0000] {logging_mixin.py:190} INFO - [2025-11-24T05:04:22.206+0000] {dag.py:4156} INFO - Setting next_dagrun for market_data_ingest to 2025-11-24 02:30:00+00:00, run_after=2025-11-25 02:30:00+00:00
[2025-11-24T05:04:22.212+0000] {processor.py:208} INFO - Processing /opt/airflow/dags/market_data_ingest.py took 0.157 seconds
[2025-11-24T05:04:52.502+0000] {processor.py:186} INFO - Started process (PID=17800) to work on /opt/airflow/dags/market_data_ingest.py
[2025-11-24T05:04:52.503+0000] {processor.py:914} INFO - Processing file /opt/airflow/dags/market_data_ingest.py for tasks to queue
[2025-11-24T05:04:52.504+0000] {logging_mixin.py:190} INFO - [2025-11-24T05:04:52.504+0000] {dagbag.py:587} INFO - Filling up the DagBag from /opt/airflow/dags/market_data_ingest.py
[2025-11-24T05:04:52.658+0000] {processor.py:925} INFO - DAG(s) 'market_data_ingest' retrieved from /opt/airflow/dags/market_data_ingest.py
[2025-11-24T05:04:52.662+0000] {logging_mixin.py:190} INFO - [2025-11-24T05:04:52.662+0000] {dag.py:3229} INFO - Sync 1 DAGs
[2025-11-24T05:04:52.671+0000] {logging_mixin.py:190} INFO - [2025-11-24T05:04:52.671+0000] {dag.py:4156} INFO - Setting next_dagrun for market_data_ingest to 2025-11-24 02:30:00+00:00, run_after=2025-11-25 02:30:00+00:00
[2025-11-24T05:04:52.676+0000] {processor.py:208} INFO - Processing /opt/airflow/dags/market_data_ingest.py took 0.177 seconds
[2025-11-24T05:05:22.980+0000] {processor.py:186} INFO - Started process (PID=17826) to work on /opt/airflow/dags/market_data_ingest.py
[2025-11-24T05:05:22.981+0000] {processor.py:914} INFO - Processing file /opt/airflow/dags/market_data_ingest.py for tasks to queue
[2025-11-24T05:05:22.982+0000] {logging_mixin.py:190} INFO - [2025-11-24T05:05:22.981+0000] {dagbag.py:587} INFO - Filling up the DagBag from /opt/airflow/dags/market_data_ingest.py
[2025-11-24T05:05:23.136+0000] {processor.py:925} INFO - DAG(s) 'market_data_ingest' retrieved from /opt/airflow/dags/market_data_ingest.py
[2025-11-24T05:05:23.141+0000] {logging_mixin.py:190} INFO - [2025-11-24T05:05:23.141+0000] {dag.py:3229} INFO - Sync 1 DAGs
[2025-11-24T05:05:23.148+0000] {logging_mixin.py:190} INFO - [2025-11-24T05:05:23.148+0000] {dag.py:4156} INFO - Setting next_dagrun for market_data_ingest to 2025-11-24 02:30:00+00:00, run_after=2025-11-25 02:30:00+00:00
[2025-11-24T05:05:23.154+0000] {processor.py:208} INFO - Processing /opt/airflow/dags/market_data_ingest.py took 0.176 seconds
[2025-11-24T05:05:53.424+0000] {processor.py:186} INFO - Started process (PID=17852) to work on /opt/airflow/dags/market_data_ingest.py
[2025-11-24T05:05:53.424+0000] {processor.py:914} INFO - Processing file /opt/airflow/dags/market_data_ingest.py for tasks to queue
[2025-11-24T05:05:53.425+0000] {logging_mixin.py:190} INFO - [2025-11-24T05:05:53.425+0000] {dagbag.py:587} INFO - Filling up the DagBag from /opt/airflow/dags/market_data_ingest.py
[2025-11-24T05:05:53.565+0000] {processor.py:925} INFO - DAG(s) 'market_data_ingest' retrieved from /opt/airflow/dags/market_data_ingest.py
[2025-11-24T05:05:53.569+0000] {logging_mixin.py:190} INFO - [2025-11-24T05:05:53.569+0000] {dag.py:3229} INFO - Sync 1 DAGs
[2025-11-24T05:05:53.576+0000] {logging_mixin.py:190} INFO - [2025-11-24T05:05:53.576+0000] {dag.py:4156} INFO - Setting next_dagrun for market_data_ingest to 2025-11-24 02:30:00+00:00, run_after=2025-11-25 02:30:00+00:00
[2025-11-24T05:05:53.582+0000] {processor.py:208} INFO - Processing /opt/airflow/dags/market_data_ingest.py took 0.160 seconds
[2025-11-24T05:06:23.782+0000] {processor.py:186} INFO - Started process (PID=17876) to work on /opt/airflow/dags/market_data_ingest.py
[2025-11-24T05:06:23.782+0000] {processor.py:914} INFO - Processing file /opt/airflow/dags/market_data_ingest.py for tasks to queue
[2025-11-24T05:06:23.784+0000] {logging_mixin.py:190} INFO - [2025-11-24T05:06:23.784+0000] {dagbag.py:587} INFO - Filling up the DagBag from /opt/airflow/dags/market_data_ingest.py
[2025-11-24T05:06:23.945+0000] {processor.py:925} INFO - DAG(s) 'market_data_ingest' retrieved from /opt/airflow/dags/market_data_ingest.py
[2025-11-24T05:06:23.949+0000] {logging_mixin.py:190} INFO - [2025-11-24T05:06:23.949+0000] {dag.py:3229} INFO - Sync 1 DAGs
[2025-11-24T05:06:23.956+0000] {logging_mixin.py:190} INFO - [2025-11-24T05:06:23.956+0000] {dag.py:4156} INFO - Setting next_dagrun for market_data_ingest to 2025-11-24 02:30:00+00:00, run_after=2025-11-25 02:30:00+00:00
[2025-11-24T05:06:23.962+0000] {processor.py:208} INFO - Processing /opt/airflow/dags/market_data_ingest.py took 0.183 seconds
[2025-11-24T05:06:54.247+0000] {processor.py:186} INFO - Started process (PID=17904) to work on /opt/airflow/dags/market_data_ingest.py
[2025-11-24T05:06:54.248+0000] {processor.py:914} INFO - Processing file /opt/airflow/dags/market_data_ingest.py for tasks to queue
[2025-11-24T05:06:54.249+0000] {logging_mixin.py:190} INFO - [2025-11-24T05:06:54.249+0000] {dagbag.py:587} INFO - Filling up the DagBag from /opt/airflow/dags/market_data_ingest.py
[2025-11-24T05:06:54.386+0000] {processor.py:925} INFO - DAG(s) 'market_data_ingest' retrieved from /opt/airflow/dags/market_data_ingest.py
[2025-11-24T05:06:54.391+0000] {logging_mixin.py:190} INFO - [2025-11-24T05:06:54.391+0000] {dag.py:3229} INFO - Sync 1 DAGs
[2025-11-24T05:06:54.399+0000] {logging_mixin.py:190} INFO - [2025-11-24T05:06:54.399+0000] {dag.py:4156} INFO - Setting next_dagrun for market_data_ingest to 2025-11-24 02:30:00+00:00, run_after=2025-11-25 02:30:00+00:00
[2025-11-24T05:06:54.404+0000] {processor.py:208} INFO - Processing /opt/airflow/dags/market_data_ingest.py took 0.159 seconds
[2025-11-24T05:07:24.665+0000] {processor.py:186} INFO - Started process (PID=17928) to work on /opt/airflow/dags/market_data_ingest.py
[2025-11-24T05:07:24.666+0000] {processor.py:914} INFO - Processing file /opt/airflow/dags/market_data_ingest.py for tasks to queue
[2025-11-24T05:07:24.667+0000] {logging_mixin.py:190} INFO - [2025-11-24T05:07:24.666+0000] {dagbag.py:587} INFO - Filling up the DagBag from /opt/airflow/dags/market_data_ingest.py
[2025-11-24T05:07:24.828+0000] {processor.py:925} INFO - DAG(s) 'market_data_ingest' retrieved from /opt/airflow/dags/market_data_ingest.py
[2025-11-24T05:07:24.833+0000] {logging_mixin.py:190} INFO - [2025-11-24T05:07:24.833+0000] {dag.py:3229} INFO - Sync 1 DAGs
[2025-11-24T05:07:24.841+0000] {logging_mixin.py:190} INFO - [2025-11-24T05:07:24.841+0000] {dag.py:4156} INFO - Setting next_dagrun for market_data_ingest to 2025-11-24 02:30:00+00:00, run_after=2025-11-25 02:30:00+00:00
[2025-11-24T05:07:24.846+0000] {processor.py:208} INFO - Processing /opt/airflow/dags/market_data_ingest.py took 0.184 seconds
[2025-11-24T05:07:55.105+0000] {processor.py:186} INFO - Started process (PID=17956) to work on /opt/airflow/dags/market_data_ingest.py
[2025-11-24T05:07:55.106+0000] {processor.py:914} INFO - Processing file /opt/airflow/dags/market_data_ingest.py for tasks to queue
[2025-11-24T05:07:55.107+0000] {logging_mixin.py:190} INFO - [2025-11-24T05:07:55.107+0000] {dagbag.py:587} INFO - Filling up the DagBag from /opt/airflow/dags/market_data_ingest.py
[2025-11-24T05:07:55.245+0000] {processor.py:925} INFO - DAG(s) 'market_data_ingest' retrieved from /opt/airflow/dags/market_data_ingest.py
[2025-11-24T05:07:55.250+0000] {logging_mixin.py:190} INFO - [2025-11-24T05:07:55.250+0000] {dag.py:3229} INFO - Sync 1 DAGs
[2025-11-24T05:07:55.257+0000] {logging_mixin.py:190} INFO - [2025-11-24T05:07:55.257+0000] {dag.py:4156} INFO - Setting next_dagrun for market_data_ingest to 2025-11-24 02:30:00+00:00, run_after=2025-11-25 02:30:00+00:00
[2025-11-24T05:07:55.262+0000] {processor.py:208} INFO - Processing /opt/airflow/dags/market_data_ingest.py took 0.159 seconds
[2025-11-24T05:08:25.683+0000] {processor.py:186} INFO - Started process (PID=17982) to work on /opt/airflow/dags/market_data_ingest.py
[2025-11-24T05:08:25.684+0000] {processor.py:914} INFO - Processing file /opt/airflow/dags/market_data_ingest.py for tasks to queue
[2025-11-24T05:08:25.686+0000] {logging_mixin.py:190} INFO - [2025-11-24T05:08:25.685+0000] {dagbag.py:587} INFO - Filling up the DagBag from /opt/airflow/dags/market_data_ingest.py
[2025-11-24T05:08:25.851+0000] {processor.py:925} INFO - DAG(s) 'market_data_ingest' retrieved from /opt/airflow/dags/market_data_ingest.py
[2025-11-24T05:08:25.856+0000] {logging_mixin.py:190} INFO - [2025-11-24T05:08:25.856+0000] {dag.py:3229} INFO - Sync 1 DAGs
[2025-11-24T05:08:25.863+0000] {logging_mixin.py:190} INFO - [2025-11-24T05:08:25.863+0000] {dag.py:4156} INFO - Setting next_dagrun for market_data_ingest to 2025-11-24 02:30:00+00:00, run_after=2025-11-25 02:30:00+00:00
[2025-11-24T05:08:25.869+0000] {processor.py:208} INFO - Processing /opt/airflow/dags/market_data_ingest.py took 0.190 seconds
[2025-11-24T05:08:56.176+0000] {processor.py:186} INFO - Started process (PID=18008) to work on /opt/airflow/dags/market_data_ingest.py
[2025-11-24T05:08:56.176+0000] {processor.py:914} INFO - Processing file /opt/airflow/dags/market_data_ingest.py for tasks to queue
[2025-11-24T05:08:56.177+0000] {logging_mixin.py:190} INFO - [2025-11-24T05:08:56.177+0000] {dagbag.py:587} INFO - Filling up the DagBag from /opt/airflow/dags/market_data_ingest.py
[2025-11-24T05:08:56.364+0000] {processor.py:925} INFO - DAG(s) 'market_data_ingest' retrieved from /opt/airflow/dags/market_data_ingest.py
[2025-11-24T05:08:56.369+0000] {logging_mixin.py:190} INFO - [2025-11-24T05:08:56.368+0000] {dag.py:3229} INFO - Sync 1 DAGs
[2025-11-24T05:08:56.377+0000] {logging_mixin.py:190} INFO - [2025-11-24T05:08:56.376+0000] {dag.py:4156} INFO - Setting next_dagrun for market_data_ingest to 2025-11-24 02:30:00+00:00, run_after=2025-11-25 02:30:00+00:00
[2025-11-24T05:08:56.382+0000] {processor.py:208} INFO - Processing /opt/airflow/dags/market_data_ingest.py took 0.211 seconds
[2025-11-24T05:09:26.639+0000] {processor.py:186} INFO - Started process (PID=18034) to work on /opt/airflow/dags/market_data_ingest.py
[2025-11-24T05:09:26.640+0000] {processor.py:914} INFO - Processing file /opt/airflow/dags/market_data_ingest.py for tasks to queue
[2025-11-24T05:09:26.640+0000] {logging_mixin.py:190} INFO - [2025-11-24T05:09:26.640+0000] {dagbag.py:587} INFO - Filling up the DagBag from /opt/airflow/dags/market_data_ingest.py
[2025-11-24T05:09:26.805+0000] {processor.py:925} INFO - DAG(s) 'market_data_ingest' retrieved from /opt/airflow/dags/market_data_ingest.py
[2025-11-24T05:09:26.810+0000] {logging_mixin.py:190} INFO - [2025-11-24T05:09:26.810+0000] {dag.py:3229} INFO - Sync 1 DAGs
[2025-11-24T05:09:26.818+0000] {logging_mixin.py:190} INFO - [2025-11-24T05:09:26.818+0000] {dag.py:4156} INFO - Setting next_dagrun for market_data_ingest to 2025-11-24 02:30:00+00:00, run_after=2025-11-25 02:30:00+00:00
[2025-11-24T05:09:26.823+0000] {processor.py:208} INFO - Processing /opt/airflow/dags/market_data_ingest.py took 0.187 seconds
[2025-11-24T05:09:57.065+0000] {processor.py:186} INFO - Started process (PID=18060) to work on /opt/airflow/dags/market_data_ingest.py
[2025-11-24T05:09:57.066+0000] {processor.py:914} INFO - Processing file /opt/airflow/dags/market_data_ingest.py for tasks to queue
[2025-11-24T05:09:57.067+0000] {logging_mixin.py:190} INFO - [2025-11-24T05:09:57.067+0000] {dagbag.py:587} INFO - Filling up the DagBag from /opt/airflow/dags/market_data_ingest.py
[2025-11-24T05:09:57.205+0000] {processor.py:925} INFO - DAG(s) 'market_data_ingest' retrieved from /opt/airflow/dags/market_data_ingest.py
[2025-11-24T05:09:57.210+0000] {logging_mixin.py:190} INFO - [2025-11-24T05:09:57.210+0000] {dag.py:3229} INFO - Sync 1 DAGs
[2025-11-24T05:09:57.217+0000] {logging_mixin.py:190} INFO - [2025-11-24T05:09:57.217+0000] {dag.py:4156} INFO - Setting next_dagrun for market_data_ingest to 2025-11-24 02:30:00+00:00, run_after=2025-11-25 02:30:00+00:00
[2025-11-24T05:09:57.222+0000] {processor.py:208} INFO - Processing /opt/airflow/dags/market_data_ingest.py took 0.159 seconds
[2025-11-24T05:10:27.474+0000] {processor.py:186} INFO - Started process (PID=18086) to work on /opt/airflow/dags/market_data_ingest.py
[2025-11-24T05:10:27.475+0000] {processor.py:914} INFO - Processing file /opt/airflow/dags/market_data_ingest.py for tasks to queue
[2025-11-24T05:10:27.476+0000] {logging_mixin.py:190} INFO - [2025-11-24T05:10:27.475+0000] {dagbag.py:587} INFO - Filling up the DagBag from /opt/airflow/dags/market_data_ingest.py
[2025-11-24T05:10:27.612+0000] {processor.py:925} INFO - DAG(s) 'market_data_ingest' retrieved from /opt/airflow/dags/market_data_ingest.py
[2025-11-24T05:10:27.617+0000] {logging_mixin.py:190} INFO - [2025-11-24T05:10:27.617+0000] {dag.py:3229} INFO - Sync 1 DAGs
[2025-11-24T05:10:27.625+0000] {logging_mixin.py:190} INFO - [2025-11-24T05:10:27.625+0000] {dag.py:4156} INFO - Setting next_dagrun for market_data_ingest to 2025-11-24 02:30:00+00:00, run_after=2025-11-25 02:30:00+00:00
[2025-11-24T05:10:27.632+0000] {processor.py:208} INFO - Processing /opt/airflow/dags/market_data_ingest.py took 0.160 seconds
[2025-11-24T05:10:57.903+0000] {processor.py:186} INFO - Started process (PID=18112) to work on /opt/airflow/dags/market_data_ingest.py
[2025-11-24T05:10:57.904+0000] {processor.py:914} INFO - Processing file /opt/airflow/dags/market_data_ingest.py for tasks to queue
[2025-11-24T05:10:57.905+0000] {logging_mixin.py:190} INFO - [2025-11-24T05:10:57.904+0000] {dagbag.py:587} INFO - Filling up the DagBag from /opt/airflow/dags/market_data_ingest.py
[2025-11-24T05:10:58.041+0000] {processor.py:925} INFO - DAG(s) 'market_data_ingest' retrieved from /opt/airflow/dags/market_data_ingest.py
[2025-11-24T05:10:58.045+0000] {logging_mixin.py:190} INFO - [2025-11-24T05:10:58.045+0000] {dag.py:3229} INFO - Sync 1 DAGs
[2025-11-24T05:10:58.053+0000] {logging_mixin.py:190} INFO - [2025-11-24T05:10:58.053+0000] {dag.py:4156} INFO - Setting next_dagrun for market_data_ingest to 2025-11-24 02:30:00+00:00, run_after=2025-11-25 02:30:00+00:00
[2025-11-24T05:10:58.058+0000] {processor.py:208} INFO - Processing /opt/airflow/dags/market_data_ingest.py took 0.157 seconds
[2025-11-24T05:11:28.405+0000] {processor.py:186} INFO - Started process (PID=18138) to work on /opt/airflow/dags/market_data_ingest.py
[2025-11-24T05:11:28.405+0000] {processor.py:914} INFO - Processing file /opt/airflow/dags/market_data_ingest.py for tasks to queue
[2025-11-24T05:11:28.406+0000] {logging_mixin.py:190} INFO - [2025-11-24T05:11:28.406+0000] {dagbag.py:587} INFO - Filling up the DagBag from /opt/airflow/dags/market_data_ingest.py
[2025-11-24T05:11:28.565+0000] {processor.py:925} INFO - DAG(s) 'market_data_ingest' retrieved from /opt/airflow/dags/market_data_ingest.py
[2025-11-24T05:11:28.571+0000] {logging_mixin.py:190} INFO - [2025-11-24T05:11:28.571+0000] {dag.py:3229} INFO - Sync 1 DAGs
[2025-11-24T05:11:28.581+0000] {logging_mixin.py:190} INFO - [2025-11-24T05:11:28.581+0000] {dag.py:4156} INFO - Setting next_dagrun for market_data_ingest to 2025-11-24 02:30:00+00:00, run_after=2025-11-25 02:30:00+00:00
[2025-11-24T05:11:28.586+0000] {processor.py:208} INFO - Processing /opt/airflow/dags/market_data_ingest.py took 0.185 seconds
[2025-11-24T05:11:58.827+0000] {processor.py:186} INFO - Started process (PID=18162) to work on /opt/airflow/dags/market_data_ingest.py
[2025-11-24T05:11:58.831+0000] {processor.py:914} INFO - Processing file /opt/airflow/dags/market_data_ingest.py for tasks to queue
[2025-11-24T05:11:58.832+0000] {logging_mixin.py:190} INFO - [2025-11-24T05:11:58.832+0000] {dagbag.py:587} INFO - Filling up the DagBag from /opt/airflow/dags/market_data_ingest.py
[2025-11-24T05:11:58.990+0000] {processor.py:925} INFO - DAG(s) 'market_data_ingest' retrieved from /opt/airflow/dags/market_data_ingest.py
[2025-11-24T05:11:58.994+0000] {logging_mixin.py:190} INFO - [2025-11-24T05:11:58.994+0000] {dag.py:3229} INFO - Sync 1 DAGs
[2025-11-24T05:11:59.002+0000] {logging_mixin.py:190} INFO - [2025-11-24T05:11:59.002+0000] {dag.py:4156} INFO - Setting next_dagrun for market_data_ingest to 2025-11-24 02:30:00+00:00, run_after=2025-11-25 02:30:00+00:00
[2025-11-24T05:11:59.008+0000] {processor.py:208} INFO - Processing /opt/airflow/dags/market_data_ingest.py took 0.185 seconds
[2025-11-24T05:12:29.341+0000] {processor.py:186} INFO - Started process (PID=18190) to work on /opt/airflow/dags/market_data_ingest.py
[2025-11-24T05:12:29.342+0000] {processor.py:914} INFO - Processing file /opt/airflow/dags/market_data_ingest.py for tasks to queue
[2025-11-24T05:12:29.343+0000] {logging_mixin.py:190} INFO - [2025-11-24T05:12:29.343+0000] {dagbag.py:587} INFO - Filling up the DagBag from /opt/airflow/dags/market_data_ingest.py
[2025-11-24T05:12:29.492+0000] {processor.py:925} INFO - DAG(s) 'market_data_ingest' retrieved from /opt/airflow/dags/market_data_ingest.py
[2025-11-24T05:12:29.497+0000] {logging_mixin.py:190} INFO - [2025-11-24T05:12:29.496+0000] {dag.py:3229} INFO - Sync 1 DAGs
[2025-11-24T05:12:29.505+0000] {logging_mixin.py:190} INFO - [2025-11-24T05:12:29.505+0000] {dag.py:4156} INFO - Setting next_dagrun for market_data_ingest to 2025-11-24 02:30:00+00:00, run_after=2025-11-25 02:30:00+00:00
[2025-11-24T05:12:29.511+0000] {processor.py:208} INFO - Processing /opt/airflow/dags/market_data_ingest.py took 0.172 seconds
[2025-11-24T05:13:00.763+0000] {processor.py:186} INFO - Started process (PID=18214) to work on /opt/airflow/dags/market_data_ingest.py
[2025-11-24T05:13:00.764+0000] {processor.py:914} INFO - Processing file /opt/airflow/dags/market_data_ingest.py for tasks to queue
[2025-11-24T05:13:00.766+0000] {logging_mixin.py:190} INFO - [2025-11-24T05:13:00.766+0000] {dagbag.py:587} INFO - Filling up the DagBag from /opt/airflow/dags/market_data_ingest.py
[2025-11-24T05:13:00.934+0000] {processor.py:925} INFO - DAG(s) 'market_data_ingest' retrieved from /opt/airflow/dags/market_data_ingest.py
[2025-11-24T05:13:00.938+0000] {logging_mixin.py:190} INFO - [2025-11-24T05:13:00.938+0000] {dag.py:3229} INFO - Sync 1 DAGs
[2025-11-24T05:13:00.946+0000] {logging_mixin.py:190} INFO - [2025-11-24T05:13:00.946+0000] {dag.py:4156} INFO - Setting next_dagrun for market_data_ingest to 2025-11-24 02:30:00+00:00, run_after=2025-11-25 02:30:00+00:00
[2025-11-24T05:13:00.951+0000] {processor.py:208} INFO - Processing /opt/airflow/dags/market_data_ingest.py took 0.192 seconds
[2025-11-24T05:13:31.267+0000] {processor.py:186} INFO - Started process (PID=18240) to work on /opt/airflow/dags/market_data_ingest.py
[2025-11-24T05:13:31.268+0000] {processor.py:914} INFO - Processing file /opt/airflow/dags/market_data_ingest.py for tasks to queue
[2025-11-24T05:13:31.270+0000] {logging_mixin.py:190} INFO - [2025-11-24T05:13:31.270+0000] {dagbag.py:587} INFO - Filling up the DagBag from /opt/airflow/dags/market_data_ingest.py
[2025-11-24T05:13:31.461+0000] {processor.py:925} INFO - DAG(s) 'market_data_ingest' retrieved from /opt/airflow/dags/market_data_ingest.py
[2025-11-24T05:13:31.466+0000] {logging_mixin.py:190} INFO - [2025-11-24T05:13:31.466+0000] {dag.py:3229} INFO - Sync 1 DAGs
[2025-11-24T05:13:31.474+0000] {logging_mixin.py:190} INFO - [2025-11-24T05:13:31.474+0000] {dag.py:4156} INFO - Setting next_dagrun for market_data_ingest to 2025-11-24 02:30:00+00:00, run_after=2025-11-25 02:30:00+00:00
[2025-11-24T05:13:31.480+0000] {processor.py:208} INFO - Processing /opt/airflow/dags/market_data_ingest.py took 0.216 seconds
[2025-11-24T05:14:01.769+0000] {processor.py:186} INFO - Started process (PID=18266) to work on /opt/airflow/dags/market_data_ingest.py
[2025-11-24T05:14:01.771+0000] {processor.py:914} INFO - Processing file /opt/airflow/dags/market_data_ingest.py for tasks to queue
[2025-11-24T05:14:01.773+0000] {logging_mixin.py:190} INFO - [2025-11-24T05:14:01.772+0000] {dagbag.py:587} INFO - Filling up the DagBag from /opt/airflow/dags/market_data_ingest.py
[2025-11-24T05:14:01.936+0000] {processor.py:925} INFO - DAG(s) 'market_data_ingest' retrieved from /opt/airflow/dags/market_data_ingest.py
[2025-11-24T05:14:01.941+0000] {logging_mixin.py:190} INFO - [2025-11-24T05:14:01.941+0000] {dag.py:3229} INFO - Sync 1 DAGs
[2025-11-24T05:14:01.949+0000] {logging_mixin.py:190} INFO - [2025-11-24T05:14:01.949+0000] {dag.py:4156} INFO - Setting next_dagrun for market_data_ingest to 2025-11-24 02:30:00+00:00, run_after=2025-11-25 02:30:00+00:00
[2025-11-24T05:14:01.954+0000] {processor.py:208} INFO - Processing /opt/airflow/dags/market_data_ingest.py took 0.189 seconds
[2025-11-24T05:14:32.173+0000] {processor.py:186} INFO - Started process (PID=18292) to work on /opt/airflow/dags/market_data_ingest.py
[2025-11-24T05:14:32.174+0000] {processor.py:914} INFO - Processing file /opt/airflow/dags/market_data_ingest.py for tasks to queue
[2025-11-24T05:14:32.175+0000] {logging_mixin.py:190} INFO - [2025-11-24T05:14:32.175+0000] {dagbag.py:587} INFO - Filling up the DagBag from /opt/airflow/dags/market_data_ingest.py
[2025-11-24T05:14:32.349+0000] {processor.py:925} INFO - DAG(s) 'market_data_ingest' retrieved from /opt/airflow/dags/market_data_ingest.py
[2025-11-24T05:14:32.353+0000] {logging_mixin.py:190} INFO - [2025-11-24T05:14:32.353+0000] {dag.py:3229} INFO - Sync 1 DAGs
[2025-11-24T05:14:32.360+0000] {logging_mixin.py:190} INFO - [2025-11-24T05:14:32.360+0000] {dag.py:4156} INFO - Setting next_dagrun for market_data_ingest to 2025-11-24 02:30:00+00:00, run_after=2025-11-25 02:30:00+00:00
[2025-11-24T05:14:32.366+0000] {processor.py:208} INFO - Processing /opt/airflow/dags/market_data_ingest.py took 0.197 seconds
[2025-11-24T05:15:02.685+0000] {processor.py:186} INFO - Started process (PID=18318) to work on /opt/airflow/dags/market_data_ingest.py
[2025-11-24T05:15:02.685+0000] {processor.py:914} INFO - Processing file /opt/airflow/dags/market_data_ingest.py for tasks to queue
[2025-11-24T05:15:02.687+0000] {logging_mixin.py:190} INFO - [2025-11-24T05:15:02.687+0000] {dagbag.py:587} INFO - Filling up the DagBag from /opt/airflow/dags/market_data_ingest.py
[2025-11-24T05:15:02.858+0000] {processor.py:925} INFO - DAG(s) 'market_data_ingest' retrieved from /opt/airflow/dags/market_data_ingest.py
[2025-11-24T05:15:02.862+0000] {logging_mixin.py:190} INFO - [2025-11-24T05:15:02.862+0000] {dag.py:3229} INFO - Sync 1 DAGs
[2025-11-24T05:15:02.870+0000] {logging_mixin.py:190} INFO - [2025-11-24T05:15:02.870+0000] {dag.py:4156} INFO - Setting next_dagrun for market_data_ingest to 2025-11-24 02:30:00+00:00, run_after=2025-11-25 02:30:00+00:00
[2025-11-24T05:15:02.875+0000] {processor.py:208} INFO - Processing /opt/airflow/dags/market_data_ingest.py took 0.194 seconds
[2025-11-24T05:15:33.208+0000] {processor.py:186} INFO - Started process (PID=18344) to work on /opt/airflow/dags/market_data_ingest.py
[2025-11-24T05:15:33.210+0000] {processor.py:914} INFO - Processing file /opt/airflow/dags/market_data_ingest.py for tasks to queue
[2025-11-24T05:15:33.213+0000] {logging_mixin.py:190} INFO - [2025-11-24T05:15:33.213+0000] {dagbag.py:587} INFO - Filling up the DagBag from /opt/airflow/dags/market_data_ingest.py
[2025-11-24T05:15:33.403+0000] {processor.py:925} INFO - DAG(s) 'market_data_ingest' retrieved from /opt/airflow/dags/market_data_ingest.py
[2025-11-24T05:15:33.408+0000] {logging_mixin.py:190} INFO - [2025-11-24T05:15:33.408+0000] {dag.py:3229} INFO - Sync 1 DAGs
[2025-11-24T05:15:33.415+0000] {logging_mixin.py:190} INFO - [2025-11-24T05:15:33.415+0000] {dag.py:4156} INFO - Setting next_dagrun for market_data_ingest to 2025-11-24 02:30:00+00:00, run_after=2025-11-25 02:30:00+00:00
[2025-11-24T05:15:33.421+0000] {processor.py:208} INFO - Processing /opt/airflow/dags/market_data_ingest.py took 0.217 seconds
[2025-11-24T05:16:03.629+0000] {processor.py:186} INFO - Started process (PID=18370) to work on /opt/airflow/dags/market_data_ingest.py
[2025-11-24T05:16:03.630+0000] {processor.py:914} INFO - Processing file /opt/airflow/dags/market_data_ingest.py for tasks to queue
[2025-11-24T05:16:03.631+0000] {logging_mixin.py:190} INFO - [2025-11-24T05:16:03.631+0000] {dagbag.py:587} INFO - Filling up the DagBag from /opt/airflow/dags/market_data_ingest.py
[2025-11-24T05:16:03.793+0000] {processor.py:925} INFO - DAG(s) 'market_data_ingest' retrieved from /opt/airflow/dags/market_data_ingest.py
[2025-11-24T05:16:03.799+0000] {logging_mixin.py:190} INFO - [2025-11-24T05:16:03.799+0000] {dag.py:3229} INFO - Sync 1 DAGs
[2025-11-24T05:16:03.808+0000] {logging_mixin.py:190} INFO - [2025-11-24T05:16:03.808+0000] {dag.py:4156} INFO - Setting next_dagrun for market_data_ingest to 2025-11-24 02:30:00+00:00, run_after=2025-11-25 02:30:00+00:00
[2025-11-24T05:16:03.814+0000] {processor.py:208} INFO - Processing /opt/airflow/dags/market_data_ingest.py took 0.188 seconds
[2025-11-24T05:16:34.005+0000] {processor.py:186} INFO - Started process (PID=18396) to work on /opt/airflow/dags/market_data_ingest.py
[2025-11-24T05:16:34.006+0000] {processor.py:914} INFO - Processing file /opt/airflow/dags/market_data_ingest.py for tasks to queue
[2025-11-24T05:16:34.008+0000] {logging_mixin.py:190} INFO - [2025-11-24T05:16:34.008+0000] {dagbag.py:587} INFO - Filling up the DagBag from /opt/airflow/dags/market_data_ingest.py
[2025-11-24T05:16:34.166+0000] {processor.py:925} INFO - DAG(s) 'market_data_ingest' retrieved from /opt/airflow/dags/market_data_ingest.py
[2025-11-24T05:16:34.170+0000] {logging_mixin.py:190} INFO - [2025-11-24T05:16:34.170+0000] {dag.py:3229} INFO - Sync 1 DAGs
[2025-11-24T05:16:34.177+0000] {logging_mixin.py:190} INFO - [2025-11-24T05:16:34.177+0000] {dag.py:4156} INFO - Setting next_dagrun for market_data_ingest to 2025-11-24 02:30:00+00:00, run_after=2025-11-25 02:30:00+00:00
[2025-11-24T05:16:34.183+0000] {processor.py:208} INFO - Processing /opt/airflow/dags/market_data_ingest.py took 0.182 seconds
[2025-11-24T05:17:04.489+0000] {processor.py:186} INFO - Started process (PID=18422) to work on /opt/airflow/dags/market_data_ingest.py
[2025-11-24T05:17:04.490+0000] {processor.py:914} INFO - Processing file /opt/airflow/dags/market_data_ingest.py for tasks to queue
[2025-11-24T05:17:04.491+0000] {logging_mixin.py:190} INFO - [2025-11-24T05:17:04.491+0000] {dagbag.py:587} INFO - Filling up the DagBag from /opt/airflow/dags/market_data_ingest.py
[2025-11-24T05:17:04.667+0000] {processor.py:925} INFO - DAG(s) 'market_data_ingest' retrieved from /opt/airflow/dags/market_data_ingest.py
[2025-11-24T05:17:04.671+0000] {logging_mixin.py:190} INFO - [2025-11-24T05:17:04.671+0000] {dag.py:3229} INFO - Sync 1 DAGs
[2025-11-24T05:17:04.679+0000] {logging_mixin.py:190} INFO - [2025-11-24T05:17:04.678+0000] {dag.py:4156} INFO - Setting next_dagrun for market_data_ingest to 2025-11-24 02:30:00+00:00, run_after=2025-11-25 02:30:00+00:00
[2025-11-24T05:17:04.684+0000] {processor.py:208} INFO - Processing /opt/airflow/dags/market_data_ingest.py took 0.199 seconds
[2025-11-24T05:17:34.911+0000] {processor.py:186} INFO - Started process (PID=18448) to work on /opt/airflow/dags/market_data_ingest.py
[2025-11-24T05:17:34.911+0000] {processor.py:914} INFO - Processing file /opt/airflow/dags/market_data_ingest.py for tasks to queue
[2025-11-24T05:17:34.913+0000] {logging_mixin.py:190} INFO - [2025-11-24T05:17:34.913+0000] {dagbag.py:587} INFO - Filling up the DagBag from /opt/airflow/dags/market_data_ingest.py
[2025-11-24T05:17:35.077+0000] {processor.py:925} INFO - DAG(s) 'market_data_ingest' retrieved from /opt/airflow/dags/market_data_ingest.py
[2025-11-24T05:17:35.081+0000] {logging_mixin.py:190} INFO - [2025-11-24T05:17:35.081+0000] {dag.py:3229} INFO - Sync 1 DAGs
[2025-11-24T05:17:35.089+0000] {logging_mixin.py:190} INFO - [2025-11-24T05:17:35.089+0000] {dag.py:4156} INFO - Setting next_dagrun for market_data_ingest to 2025-11-24 02:30:00+00:00, run_after=2025-11-25 02:30:00+00:00
[2025-11-24T05:17:35.094+0000] {processor.py:208} INFO - Processing /opt/airflow/dags/market_data_ingest.py took 0.187 seconds
[2025-11-24T05:18:05.341+0000] {processor.py:186} INFO - Started process (PID=18474) to work on /opt/airflow/dags/market_data_ingest.py
[2025-11-24T05:18:05.341+0000] {processor.py:914} INFO - Processing file /opt/airflow/dags/market_data_ingest.py for tasks to queue
[2025-11-24T05:18:05.343+0000] {logging_mixin.py:190} INFO - [2025-11-24T05:18:05.343+0000] {dagbag.py:587} INFO - Filling up the DagBag from /opt/airflow/dags/market_data_ingest.py
[2025-11-24T05:18:05.529+0000] {processor.py:925} INFO - DAG(s) 'market_data_ingest' retrieved from /opt/airflow/dags/market_data_ingest.py
[2025-11-24T05:18:05.535+0000] {logging_mixin.py:190} INFO - [2025-11-24T05:18:05.535+0000] {dag.py:3229} INFO - Sync 1 DAGs
[2025-11-24T05:18:05.545+0000] {logging_mixin.py:190} INFO - [2025-11-24T05:18:05.545+0000] {dag.py:4156} INFO - Setting next_dagrun for market_data_ingest to 2025-11-24 02:30:00+00:00, run_after=2025-11-25 02:30:00+00:00
[2025-11-24T05:18:05.554+0000] {processor.py:208} INFO - Processing /opt/airflow/dags/market_data_ingest.py took 0.217 seconds
[2025-11-24T05:18:35.779+0000] {processor.py:186} INFO - Started process (PID=18500) to work on /opt/airflow/dags/market_data_ingest.py
[2025-11-24T05:18:35.781+0000] {processor.py:914} INFO - Processing file /opt/airflow/dags/market_data_ingest.py for tasks to queue
[2025-11-24T05:18:35.785+0000] {logging_mixin.py:190} INFO - [2025-11-24T05:18:35.784+0000] {dagbag.py:587} INFO - Filling up the DagBag from /opt/airflow/dags/market_data_ingest.py
[2025-11-24T05:18:36.063+0000] {processor.py:925} INFO - DAG(s) 'market_data_ingest' retrieved from /opt/airflow/dags/market_data_ingest.py
[2025-11-24T05:18:36.067+0000] {logging_mixin.py:190} INFO - [2025-11-24T05:18:36.067+0000] {dag.py:3229} INFO - Sync 1 DAGs
[2025-11-24T05:18:36.075+0000] {logging_mixin.py:190} INFO - [2025-11-24T05:18:36.075+0000] {dag.py:4156} INFO - Setting next_dagrun for market_data_ingest to 2025-11-24 02:30:00+00:00, run_after=2025-11-25 02:30:00+00:00
[2025-11-24T05:18:36.082+0000] {processor.py:208} INFO - Processing /opt/airflow/dags/market_data_ingest.py took 0.309 seconds
[2025-11-24T05:19:06.303+0000] {processor.py:186} INFO - Started process (PID=18526) to work on /opt/airflow/dags/market_data_ingest.py
[2025-11-24T05:19:06.304+0000] {processor.py:914} INFO - Processing file /opt/airflow/dags/market_data_ingest.py for tasks to queue
[2025-11-24T05:19:06.306+0000] {logging_mixin.py:190} INFO - [2025-11-24T05:19:06.306+0000] {dagbag.py:587} INFO - Filling up the DagBag from /opt/airflow/dags/market_data_ingest.py
[2025-11-24T05:19:06.485+0000] {processor.py:925} INFO - DAG(s) 'market_data_ingest' retrieved from /opt/airflow/dags/market_data_ingest.py
[2025-11-24T05:19:06.490+0000] {logging_mixin.py:190} INFO - [2025-11-24T05:19:06.490+0000] {dag.py:3229} INFO - Sync 1 DAGs
[2025-11-24T05:19:06.498+0000] {logging_mixin.py:190} INFO - [2025-11-24T05:19:06.498+0000] {dag.py:4156} INFO - Setting next_dagrun for market_data_ingest to 2025-11-24 02:30:00+00:00, run_after=2025-11-25 02:30:00+00:00
[2025-11-24T05:19:06.503+0000] {processor.py:208} INFO - Processing /opt/airflow/dags/market_data_ingest.py took 0.204 seconds
