[2025-11-24T00:03:49.263+0000] {processor.py:186} INFO - Started process (PID=16015) to work on /opt/airflow/dags/train_predict.py
[2025-11-24T00:03:49.265+0000] {processor.py:914} INFO - Processing file /opt/airflow/dags/train_predict.py for tasks to queue
[2025-11-24T00:03:49.267+0000] {logging_mixin.py:190} INFO - [2025-11-24T00:03:49.267+0000] {dagbag.py:587} INFO - Filling up the DagBag from /opt/airflow/dags/train_predict.py
[2025-11-24T00:03:49.281+0000] {processor.py:925} INFO - DAG(s) 'TrainPredict' retrieved from /opt/airflow/dags/train_predict.py
[2025-11-24T00:03:49.298+0000] {logging_mixin.py:190} INFO - [2025-11-24T00:03:49.298+0000] {dag.py:3229} INFO - Sync 1 DAGs
[2025-11-24T00:03:49.313+0000] {logging_mixin.py:190} INFO - [2025-11-24T00:03:49.313+0000] {dag.py:4156} INFO - Setting next_dagrun for TrainPredict to 2025-11-23 03:30:00+00:00, run_after=2025-11-24 03:30:00+00:00
[2025-11-24T00:03:49.326+0000] {processor.py:208} INFO - Processing /opt/airflow/dags/train_predict.py took 0.068 seconds
[2025-11-24T00:04:19.738+0000] {processor.py:186} INFO - Started process (PID=16041) to work on /opt/airflow/dags/train_predict.py
[2025-11-24T00:04:19.739+0000] {processor.py:914} INFO - Processing file /opt/airflow/dags/train_predict.py for tasks to queue
[2025-11-24T00:04:19.741+0000] {logging_mixin.py:190} INFO - [2025-11-24T00:04:19.741+0000] {dagbag.py:587} INFO - Filling up the DagBag from /opt/airflow/dags/train_predict.py
[2025-11-24T00:04:19.749+0000] {processor.py:925} INFO - DAG(s) 'TrainPredict' retrieved from /opt/airflow/dags/train_predict.py
[2025-11-24T00:04:19.764+0000] {logging_mixin.py:190} INFO - [2025-11-24T00:04:19.764+0000] {dag.py:3229} INFO - Sync 1 DAGs
[2025-11-24T00:04:19.780+0000] {logging_mixin.py:190} INFO - [2025-11-24T00:04:19.780+0000] {dag.py:4156} INFO - Setting next_dagrun for TrainPredict to 2025-11-23 03:30:00+00:00, run_after=2025-11-24 03:30:00+00:00
[2025-11-24T00:04:19.790+0000] {processor.py:208} INFO - Processing /opt/airflow/dags/train_predict.py took 0.056 seconds
[2025-11-24T00:04:50.204+0000] {processor.py:186} INFO - Started process (PID=16067) to work on /opt/airflow/dags/train_predict.py
[2025-11-24T00:04:50.205+0000] {processor.py:914} INFO - Processing file /opt/airflow/dags/train_predict.py for tasks to queue
[2025-11-24T00:04:50.206+0000] {logging_mixin.py:190} INFO - [2025-11-24T00:04:50.206+0000] {dagbag.py:587} INFO - Filling up the DagBag from /opt/airflow/dags/train_predict.py
[2025-11-24T00:04:50.212+0000] {processor.py:925} INFO - DAG(s) 'TrainPredict' retrieved from /opt/airflow/dags/train_predict.py
[2025-11-24T00:04:50.227+0000] {logging_mixin.py:190} INFO - [2025-11-24T00:04:50.227+0000] {dag.py:3229} INFO - Sync 1 DAGs
[2025-11-24T00:04:50.238+0000] {logging_mixin.py:190} INFO - [2025-11-24T00:04:50.238+0000] {dag.py:4156} INFO - Setting next_dagrun for TrainPredict to 2025-11-23 03:30:00+00:00, run_after=2025-11-24 03:30:00+00:00
[2025-11-24T00:04:50.247+0000] {processor.py:208} INFO - Processing /opt/airflow/dags/train_predict.py took 0.046 seconds
[2025-11-24T00:05:20.702+0000] {processor.py:186} INFO - Started process (PID=16093) to work on /opt/airflow/dags/train_predict.py
[2025-11-24T00:05:20.703+0000] {processor.py:914} INFO - Processing file /opt/airflow/dags/train_predict.py for tasks to queue
[2025-11-24T00:05:20.706+0000] {logging_mixin.py:190} INFO - [2025-11-24T00:05:20.706+0000] {dagbag.py:587} INFO - Filling up the DagBag from /opt/airflow/dags/train_predict.py
[2025-11-24T00:05:20.720+0000] {processor.py:925} INFO - DAG(s) 'TrainPredict' retrieved from /opt/airflow/dags/train_predict.py
[2025-11-24T00:05:20.735+0000] {logging_mixin.py:190} INFO - [2025-11-24T00:05:20.735+0000] {dag.py:3229} INFO - Sync 1 DAGs
[2025-11-24T00:05:20.747+0000] {logging_mixin.py:190} INFO - [2025-11-24T00:05:20.747+0000] {dag.py:4156} INFO - Setting next_dagrun for TrainPredict to 2025-11-23 03:30:00+00:00, run_after=2025-11-24 03:30:00+00:00
[2025-11-24T00:05:20.758+0000] {processor.py:208} INFO - Processing /opt/airflow/dags/train_predict.py took 0.061 seconds
[2025-11-24T00:05:51.185+0000] {processor.py:186} INFO - Started process (PID=16119) to work on /opt/airflow/dags/train_predict.py
[2025-11-24T00:05:51.186+0000] {processor.py:914} INFO - Processing file /opt/airflow/dags/train_predict.py for tasks to queue
[2025-11-24T00:05:51.188+0000] {logging_mixin.py:190} INFO - [2025-11-24T00:05:51.187+0000] {dagbag.py:587} INFO - Filling up the DagBag from /opt/airflow/dags/train_predict.py
[2025-11-24T00:05:51.199+0000] {processor.py:925} INFO - DAG(s) 'TrainPredict' retrieved from /opt/airflow/dags/train_predict.py
[2025-11-24T00:05:51.209+0000] {logging_mixin.py:190} INFO - [2025-11-24T00:05:51.209+0000] {dag.py:3229} INFO - Sync 1 DAGs
[2025-11-24T00:05:51.223+0000] {logging_mixin.py:190} INFO - [2025-11-24T00:05:51.223+0000] {dag.py:4156} INFO - Setting next_dagrun for TrainPredict to 2025-11-23 03:30:00+00:00, run_after=2025-11-24 03:30:00+00:00
[2025-11-24T00:05:51.232+0000] {processor.py:208} INFO - Processing /opt/airflow/dags/train_predict.py took 0.051 seconds
[2025-11-24T00:06:21.646+0000] {processor.py:186} INFO - Started process (PID=16145) to work on /opt/airflow/dags/train_predict.py
[2025-11-24T00:06:21.647+0000] {processor.py:914} INFO - Processing file /opt/airflow/dags/train_predict.py for tasks to queue
[2025-11-24T00:06:21.649+0000] {logging_mixin.py:190} INFO - [2025-11-24T00:06:21.649+0000] {dagbag.py:587} INFO - Filling up the DagBag from /opt/airflow/dags/train_predict.py
[2025-11-24T00:06:21.661+0000] {processor.py:925} INFO - DAG(s) 'TrainPredict' retrieved from /opt/airflow/dags/train_predict.py
[2025-11-24T00:06:21.679+0000] {logging_mixin.py:190} INFO - [2025-11-24T00:06:21.679+0000] {dag.py:3229} INFO - Sync 1 DAGs
[2025-11-24T00:06:21.697+0000] {logging_mixin.py:190} INFO - [2025-11-24T00:06:21.697+0000] {dag.py:4156} INFO - Setting next_dagrun for TrainPredict to 2025-11-23 03:30:00+00:00, run_after=2025-11-24 03:30:00+00:00
[2025-11-24T00:06:21.709+0000] {processor.py:208} INFO - Processing /opt/airflow/dags/train_predict.py took 0.070 seconds
[2025-11-24T00:08:43.265+0000] {processor.py:186} INFO - Started process (PID=16171) to work on /opt/airflow/dags/train_predict.py
[2025-11-24T00:08:43.266+0000] {processor.py:914} INFO - Processing file /opt/airflow/dags/train_predict.py for tasks to queue
[2025-11-24T00:08:43.268+0000] {logging_mixin.py:190} INFO - [2025-11-24T00:08:43.268+0000] {dagbag.py:587} INFO - Filling up the DagBag from /opt/airflow/dags/train_predict.py
[2025-11-24T00:08:43.276+0000] {processor.py:925} INFO - DAG(s) 'TrainPredict' retrieved from /opt/airflow/dags/train_predict.py
[2025-11-24T00:08:43.290+0000] {logging_mixin.py:190} INFO - [2025-11-24T00:08:43.290+0000] {dag.py:3229} INFO - Sync 1 DAGs
[2025-11-24T00:08:43.303+0000] {logging_mixin.py:190} INFO - [2025-11-24T00:08:43.303+0000] {dag.py:4156} INFO - Setting next_dagrun for TrainPredict to 2025-11-23 03:30:00+00:00, run_after=2025-11-24 03:30:00+00:00
[2025-11-24T00:08:43.314+0000] {processor.py:208} INFO - Processing /opt/airflow/dags/train_predict.py took 0.053 seconds
[2025-11-24T00:09:13.800+0000] {processor.py:186} INFO - Started process (PID=16197) to work on /opt/airflow/dags/train_predict.py
[2025-11-24T00:09:13.800+0000] {processor.py:914} INFO - Processing file /opt/airflow/dags/train_predict.py for tasks to queue
[2025-11-24T00:09:13.802+0000] {logging_mixin.py:190} INFO - [2025-11-24T00:09:13.802+0000] {dagbag.py:587} INFO - Filling up the DagBag from /opt/airflow/dags/train_predict.py
[2025-11-24T00:09:13.811+0000] {processor.py:925} INFO - DAG(s) 'TrainPredict' retrieved from /opt/airflow/dags/train_predict.py
[2025-11-24T00:09:13.823+0000] {logging_mixin.py:190} INFO - [2025-11-24T00:09:13.823+0000] {dag.py:3229} INFO - Sync 1 DAGs
[2025-11-24T00:09:13.838+0000] {logging_mixin.py:190} INFO - [2025-11-24T00:09:13.838+0000] {dag.py:4156} INFO - Setting next_dagrun for TrainPredict to 2025-11-23 03:30:00+00:00, run_after=2025-11-24 03:30:00+00:00
[2025-11-24T00:09:13.851+0000] {processor.py:208} INFO - Processing /opt/airflow/dags/train_predict.py took 0.056 seconds
[2025-11-24T00:26:12.890+0000] {processor.py:186} INFO - Started process (PID=16223) to work on /opt/airflow/dags/train_predict.py
[2025-11-24T00:26:12.891+0000] {processor.py:914} INFO - Processing file /opt/airflow/dags/train_predict.py for tasks to queue
[2025-11-24T00:26:12.895+0000] {logging_mixin.py:190} INFO - [2025-11-24T00:26:12.895+0000] {dagbag.py:587} INFO - Filling up the DagBag from /opt/airflow/dags/train_predict.py
[2025-11-24T00:26:12.904+0000] {processor.py:925} INFO - DAG(s) 'TrainPredict' retrieved from /opt/airflow/dags/train_predict.py
[2025-11-24T00:26:12.918+0000] {logging_mixin.py:190} INFO - [2025-11-24T00:26:12.918+0000] {dag.py:3229} INFO - Sync 1 DAGs
[2025-11-24T00:26:12.931+0000] {logging_mixin.py:190} INFO - [2025-11-24T00:26:12.931+0000] {dag.py:4156} INFO - Setting next_dagrun for TrainPredict to 2025-11-23 03:30:00+00:00, run_after=2025-11-24 03:30:00+00:00
[2025-11-24T00:26:12.944+0000] {processor.py:208} INFO - Processing /opt/airflow/dags/train_predict.py took 0.059 seconds
[2025-11-24T00:26:43.423+0000] {processor.py:186} INFO - Started process (PID=16249) to work on /opt/airflow/dags/train_predict.py
[2025-11-24T00:26:43.423+0000] {processor.py:914} INFO - Processing file /opt/airflow/dags/train_predict.py for tasks to queue
[2025-11-24T00:26:43.426+0000] {logging_mixin.py:190} INFO - [2025-11-24T00:26:43.426+0000] {dagbag.py:587} INFO - Filling up the DagBag from /opt/airflow/dags/train_predict.py
[2025-11-24T00:26:43.436+0000] {processor.py:925} INFO - DAG(s) 'TrainPredict' retrieved from /opt/airflow/dags/train_predict.py
[2025-11-24T00:26:43.450+0000] {logging_mixin.py:190} INFO - [2025-11-24T00:26:43.450+0000] {dag.py:3229} INFO - Sync 1 DAGs
[2025-11-24T00:26:43.465+0000] {logging_mixin.py:190} INFO - [2025-11-24T00:26:43.465+0000] {dag.py:4156} INFO - Setting next_dagrun for TrainPredict to 2025-11-23 03:30:00+00:00, run_after=2025-11-24 03:30:00+00:00
[2025-11-24T00:26:43.478+0000] {processor.py:208} INFO - Processing /opt/airflow/dags/train_predict.py took 0.061 seconds
[2025-11-24T00:42:41.315+0000] {processor.py:186} INFO - Started process (PID=16275) to work on /opt/airflow/dags/train_predict.py
[2025-11-24T00:42:41.316+0000] {processor.py:914} INFO - Processing file /opt/airflow/dags/train_predict.py for tasks to queue
[2025-11-24T00:42:41.318+0000] {logging_mixin.py:190} INFO - [2025-11-24T00:42:41.318+0000] {dagbag.py:587} INFO - Filling up the DagBag from /opt/airflow/dags/train_predict.py
[2025-11-24T00:42:41.325+0000] {processor.py:925} INFO - DAG(s) 'TrainPredict' retrieved from /opt/airflow/dags/train_predict.py
[2025-11-24T00:42:41.337+0000] {logging_mixin.py:190} INFO - [2025-11-24T00:42:41.337+0000] {dag.py:3229} INFO - Sync 1 DAGs
[2025-11-24T00:42:41.349+0000] {logging_mixin.py:190} INFO - [2025-11-24T00:42:41.349+0000] {dag.py:4156} INFO - Setting next_dagrun for TrainPredict to 2025-11-23 03:30:00+00:00, run_after=2025-11-24 03:30:00+00:00
[2025-11-24T00:42:41.358+0000] {processor.py:208} INFO - Processing /opt/airflow/dags/train_predict.py took 0.047 seconds
[2025-11-24T00:43:11.818+0000] {processor.py:186} INFO - Started process (PID=16301) to work on /opt/airflow/dags/train_predict.py
[2025-11-24T00:43:11.819+0000] {processor.py:914} INFO - Processing file /opt/airflow/dags/train_predict.py for tasks to queue
[2025-11-24T00:43:11.820+0000] {logging_mixin.py:190} INFO - [2025-11-24T00:43:11.820+0000] {dagbag.py:587} INFO - Filling up the DagBag from /opt/airflow/dags/train_predict.py
[2025-11-24T00:43:11.826+0000] {processor.py:925} INFO - DAG(s) 'TrainPredict' retrieved from /opt/airflow/dags/train_predict.py
[2025-11-24T00:43:11.836+0000] {logging_mixin.py:190} INFO - [2025-11-24T00:43:11.836+0000] {dag.py:3229} INFO - Sync 1 DAGs
[2025-11-24T00:43:11.845+0000] {logging_mixin.py:190} INFO - [2025-11-24T00:43:11.845+0000] {dag.py:4156} INFO - Setting next_dagrun for TrainPredict to 2025-11-23 03:30:00+00:00, run_after=2025-11-24 03:30:00+00:00
[2025-11-24T00:43:11.854+0000] {processor.py:208} INFO - Processing /opt/airflow/dags/train_predict.py took 0.039 seconds
[2025-11-24T00:59:34.779+0000] {processor.py:186} INFO - Started process (PID=16327) to work on /opt/airflow/dags/train_predict.py
[2025-11-24T00:59:34.780+0000] {processor.py:914} INFO - Processing file /opt/airflow/dags/train_predict.py for tasks to queue
[2025-11-24T00:59:34.783+0000] {logging_mixin.py:190} INFO - [2025-11-24T00:59:34.783+0000] {dagbag.py:587} INFO - Filling up the DagBag from /opt/airflow/dags/train_predict.py
[2025-11-24T00:59:34.797+0000] {processor.py:925} INFO - DAG(s) 'TrainPredict' retrieved from /opt/airflow/dags/train_predict.py
[2025-11-24T00:59:34.815+0000] {logging_mixin.py:190} INFO - [2025-11-24T00:59:34.814+0000] {dag.py:3229} INFO - Sync 1 DAGs
[2025-11-24T00:59:34.830+0000] {logging_mixin.py:190} INFO - [2025-11-24T00:59:34.830+0000] {dag.py:4156} INFO - Setting next_dagrun for TrainPredict to 2025-11-23 03:30:00+00:00, run_after=2025-11-24 03:30:00+00:00
[2025-11-24T00:59:34.840+0000] {processor.py:208} INFO - Processing /opt/airflow/dags/train_predict.py took 0.066 seconds
[2025-11-24T01:09:48.916+0000] {processor.py:186} INFO - Started process (PID=16353) to work on /opt/airflow/dags/train_predict.py
[2025-11-24T01:09:48.918+0000] {processor.py:914} INFO - Processing file /opt/airflow/dags/train_predict.py for tasks to queue
[2025-11-24T01:09:48.921+0000] {logging_mixin.py:190} INFO - [2025-11-24T01:09:48.920+0000] {dagbag.py:587} INFO - Filling up the DagBag from /opt/airflow/dags/train_predict.py
[2025-11-24T01:09:48.937+0000] {processor.py:925} INFO - DAG(s) 'TrainPredict' retrieved from /opt/airflow/dags/train_predict.py
[2025-11-24T01:09:48.969+0000] {logging_mixin.py:190} INFO - [2025-11-24T01:09:48.969+0000] {dag.py:3229} INFO - Sync 1 DAGs
[2025-11-24T01:09:49.001+0000] {logging_mixin.py:190} INFO - [2025-11-24T01:09:49.001+0000] {dag.py:4156} INFO - Setting next_dagrun for TrainPredict to 2025-11-23 03:30:00+00:00, run_after=2025-11-24 03:30:00+00:00
[2025-11-24T01:09:49.014+0000] {processor.py:208} INFO - Processing /opt/airflow/dags/train_predict.py took 0.111 seconds
[2025-11-24T01:10:19.413+0000] {processor.py:186} INFO - Started process (PID=16379) to work on /opt/airflow/dags/train_predict.py
[2025-11-24T01:10:19.414+0000] {processor.py:914} INFO - Processing file /opt/airflow/dags/train_predict.py for tasks to queue
[2025-11-24T01:10:19.415+0000] {logging_mixin.py:190} INFO - [2025-11-24T01:10:19.415+0000] {dagbag.py:587} INFO - Filling up the DagBag from /opt/airflow/dags/train_predict.py
[2025-11-24T01:10:19.425+0000] {processor.py:925} INFO - DAG(s) 'TrainPredict' retrieved from /opt/airflow/dags/train_predict.py
[2025-11-24T01:10:19.436+0000] {logging_mixin.py:190} INFO - [2025-11-24T01:10:19.435+0000] {dag.py:3229} INFO - Sync 1 DAGs
[2025-11-24T01:10:19.448+0000] {logging_mixin.py:190} INFO - [2025-11-24T01:10:19.448+0000] {dag.py:4156} INFO - Setting next_dagrun for TrainPredict to 2025-11-23 03:30:00+00:00, run_after=2025-11-24 03:30:00+00:00
[2025-11-24T01:10:19.458+0000] {processor.py:208} INFO - Processing /opt/airflow/dags/train_predict.py took 0.050 seconds
[2025-11-24T01:22:34.893+0000] {processor.py:186} INFO - Started process (PID=16405) to work on /opt/airflow/dags/train_predict.py
[2025-11-24T01:22:34.895+0000] {processor.py:914} INFO - Processing file /opt/airflow/dags/train_predict.py for tasks to queue
[2025-11-24T01:22:34.899+0000] {logging_mixin.py:190} INFO - [2025-11-24T01:22:34.899+0000] {dagbag.py:587} INFO - Filling up the DagBag from /opt/airflow/dags/train_predict.py
[2025-11-24T01:22:34.912+0000] {processor.py:925} INFO - DAG(s) 'TrainPredict' retrieved from /opt/airflow/dags/train_predict.py
[2025-11-24T01:22:34.931+0000] {logging_mixin.py:190} INFO - [2025-11-24T01:22:34.931+0000] {dag.py:3229} INFO - Sync 1 DAGs
[2025-11-24T01:22:34.947+0000] {logging_mixin.py:190} INFO - [2025-11-24T01:22:34.947+0000] {dag.py:4156} INFO - Setting next_dagrun for TrainPredict to 2025-11-23 03:30:00+00:00, run_after=2025-11-24 03:30:00+00:00
[2025-11-24T01:22:34.958+0000] {processor.py:208} INFO - Processing /opt/airflow/dags/train_predict.py took 0.070 seconds
[2025-11-24T01:23:05.343+0000] {processor.py:186} INFO - Started process (PID=16431) to work on /opt/airflow/dags/train_predict.py
[2025-11-24T01:23:05.344+0000] {processor.py:914} INFO - Processing file /opt/airflow/dags/train_predict.py for tasks to queue
[2025-11-24T01:23:05.349+0000] {logging_mixin.py:190} INFO - [2025-11-24T01:23:05.348+0000] {dagbag.py:587} INFO - Filling up the DagBag from /opt/airflow/dags/train_predict.py
[2025-11-24T01:23:05.361+0000] {processor.py:925} INFO - DAG(s) 'TrainPredict' retrieved from /opt/airflow/dags/train_predict.py
[2025-11-24T01:23:05.374+0000] {logging_mixin.py:190} INFO - [2025-11-24T01:23:05.373+0000] {dag.py:3229} INFO - Sync 1 DAGs
[2025-11-24T01:23:05.387+0000] {logging_mixin.py:190} INFO - [2025-11-24T01:23:05.387+0000] {dag.py:4156} INFO - Setting next_dagrun for TrainPredict to 2025-11-23 03:30:00+00:00, run_after=2025-11-24 03:30:00+00:00
[2025-11-24T01:23:05.397+0000] {processor.py:208} INFO - Processing /opt/airflow/dags/train_predict.py took 0.060 seconds
[2025-11-24T01:23:35.883+0000] {processor.py:186} INFO - Started process (PID=16457) to work on /opt/airflow/dags/train_predict.py
[2025-11-24T01:23:35.884+0000] {processor.py:914} INFO - Processing file /opt/airflow/dags/train_predict.py for tasks to queue
[2025-11-24T01:23:35.886+0000] {logging_mixin.py:190} INFO - [2025-11-24T01:23:35.885+0000] {dagbag.py:587} INFO - Filling up the DagBag from /opt/airflow/dags/train_predict.py
[2025-11-24T01:23:35.899+0000] {processor.py:925} INFO - DAG(s) 'TrainPredict' retrieved from /opt/airflow/dags/train_predict.py
[2025-11-24T01:23:35.913+0000] {logging_mixin.py:190} INFO - [2025-11-24T01:23:35.913+0000] {dag.py:3229} INFO - Sync 1 DAGs
[2025-11-24T01:23:35.925+0000] {logging_mixin.py:190} INFO - [2025-11-24T01:23:35.925+0000] {dag.py:4156} INFO - Setting next_dagrun for TrainPredict to 2025-11-23 03:30:00+00:00, run_after=2025-11-24 03:30:00+00:00
[2025-11-24T01:23:35.934+0000] {processor.py:208} INFO - Processing /opt/airflow/dags/train_predict.py took 0.055 seconds
[2025-11-24T01:24:06.396+0000] {processor.py:186} INFO - Started process (PID=16483) to work on /opt/airflow/dags/train_predict.py
[2025-11-24T01:24:06.397+0000] {processor.py:914} INFO - Processing file /opt/airflow/dags/train_predict.py for tasks to queue
[2025-11-24T01:24:06.399+0000] {logging_mixin.py:190} INFO - [2025-11-24T01:24:06.399+0000] {dagbag.py:587} INFO - Filling up the DagBag from /opt/airflow/dags/train_predict.py
[2025-11-24T01:24:06.411+0000] {processor.py:925} INFO - DAG(s) 'TrainPredict' retrieved from /opt/airflow/dags/train_predict.py
[2025-11-24T01:24:06.427+0000] {logging_mixin.py:190} INFO - [2025-11-24T01:24:06.427+0000] {dag.py:3229} INFO - Sync 1 DAGs
[2025-11-24T01:24:06.441+0000] {logging_mixin.py:190} INFO - [2025-11-24T01:24:06.440+0000] {dag.py:4156} INFO - Setting next_dagrun for TrainPredict to 2025-11-23 03:30:00+00:00, run_after=2025-11-24 03:30:00+00:00
[2025-11-24T01:24:06.452+0000] {processor.py:208} INFO - Processing /opt/airflow/dags/train_predict.py took 0.062 seconds
[2025-11-24T01:24:36.835+0000] {processor.py:186} INFO - Started process (PID=16509) to work on /opt/airflow/dags/train_predict.py
[2025-11-24T01:24:36.836+0000] {processor.py:914} INFO - Processing file /opt/airflow/dags/train_predict.py for tasks to queue
[2025-11-24T01:24:36.842+0000] {logging_mixin.py:190} INFO - [2025-11-24T01:24:36.842+0000] {dagbag.py:587} INFO - Filling up the DagBag from /opt/airflow/dags/train_predict.py
[2025-11-24T01:24:36.856+0000] {processor.py:925} INFO - DAG(s) 'TrainPredict' retrieved from /opt/airflow/dags/train_predict.py
[2025-11-24T01:24:36.868+0000] {logging_mixin.py:190} INFO - [2025-11-24T01:24:36.868+0000] {dag.py:3229} INFO - Sync 1 DAGs
[2025-11-24T01:24:36.882+0000] {logging_mixin.py:190} INFO - [2025-11-24T01:24:36.882+0000] {dag.py:4156} INFO - Setting next_dagrun for TrainPredict to 2025-11-23 03:30:00+00:00, run_after=2025-11-24 03:30:00+00:00
[2025-11-24T01:24:36.892+0000] {processor.py:208} INFO - Processing /opt/airflow/dags/train_predict.py took 0.063 seconds
[2025-11-24T01:25:07.352+0000] {processor.py:186} INFO - Started process (PID=16535) to work on /opt/airflow/dags/train_predict.py
[2025-11-24T01:25:07.353+0000] {processor.py:914} INFO - Processing file /opt/airflow/dags/train_predict.py for tasks to queue
[2025-11-24T01:25:07.359+0000] {logging_mixin.py:190} INFO - [2025-11-24T01:25:07.359+0000] {dagbag.py:587} INFO - Filling up the DagBag from /opt/airflow/dags/train_predict.py
[2025-11-24T01:25:07.366+0000] {processor.py:925} INFO - DAG(s) 'TrainPredict' retrieved from /opt/airflow/dags/train_predict.py
[2025-11-24T01:25:07.378+0000] {logging_mixin.py:190} INFO - [2025-11-24T01:25:07.378+0000] {dag.py:3229} INFO - Sync 1 DAGs
[2025-11-24T01:25:07.391+0000] {logging_mixin.py:190} INFO - [2025-11-24T01:25:07.391+0000] {dag.py:4156} INFO - Setting next_dagrun for TrainPredict to 2025-11-23 03:30:00+00:00, run_after=2025-11-24 03:30:00+00:00
[2025-11-24T01:25:07.402+0000] {processor.py:208} INFO - Processing /opt/airflow/dags/train_predict.py took 0.055 seconds
[2025-11-24T01:41:48.733+0000] {processor.py:186} INFO - Started process (PID=16561) to work on /opt/airflow/dags/train_predict.py
[2025-11-24T01:41:48.734+0000] {processor.py:914} INFO - Processing file /opt/airflow/dags/train_predict.py for tasks to queue
[2025-11-24T01:41:48.736+0000] {logging_mixin.py:190} INFO - [2025-11-24T01:41:48.736+0000] {dagbag.py:587} INFO - Filling up the DagBag from /opt/airflow/dags/train_predict.py
[2025-11-24T01:41:48.745+0000] {processor.py:925} INFO - DAG(s) 'TrainPredict' retrieved from /opt/airflow/dags/train_predict.py
[2025-11-24T01:41:48.760+0000] {logging_mixin.py:190} INFO - [2025-11-24T01:41:48.759+0000] {dag.py:3229} INFO - Sync 1 DAGs
[2025-11-24T01:41:48.771+0000] {logging_mixin.py:190} INFO - [2025-11-24T01:41:48.771+0000] {dag.py:4156} INFO - Setting next_dagrun for TrainPredict to 2025-11-23 03:30:00+00:00, run_after=2025-11-24 03:30:00+00:00
[2025-11-24T01:41:48.782+0000] {processor.py:208} INFO - Processing /opt/airflow/dags/train_predict.py took 0.054 seconds
[2025-11-24T01:42:19.256+0000] {processor.py:186} INFO - Started process (PID=16587) to work on /opt/airflow/dags/train_predict.py
[2025-11-24T01:42:19.257+0000] {processor.py:914} INFO - Processing file /opt/airflow/dags/train_predict.py for tasks to queue
[2025-11-24T01:42:19.259+0000] {logging_mixin.py:190} INFO - [2025-11-24T01:42:19.259+0000] {dagbag.py:587} INFO - Filling up the DagBag from /opt/airflow/dags/train_predict.py
[2025-11-24T01:42:19.268+0000] {processor.py:925} INFO - DAG(s) 'TrainPredict' retrieved from /opt/airflow/dags/train_predict.py
[2025-11-24T01:42:19.286+0000] {logging_mixin.py:190} INFO - [2025-11-24T01:42:19.285+0000] {dag.py:3229} INFO - Sync 1 DAGs
[2025-11-24T01:42:19.296+0000] {logging_mixin.py:190} INFO - [2025-11-24T01:42:19.296+0000] {dag.py:4156} INFO - Setting next_dagrun for TrainPredict to 2025-11-23 03:30:00+00:00, run_after=2025-11-24 03:30:00+00:00
[2025-11-24T01:42:19.308+0000] {processor.py:208} INFO - Processing /opt/airflow/dags/train_predict.py took 0.056 seconds
[2025-11-24T01:53:15.767+0000] {processor.py:186} INFO - Started process (PID=16613) to work on /opt/airflow/dags/train_predict.py
[2025-11-24T01:53:15.768+0000] {processor.py:914} INFO - Processing file /opt/airflow/dags/train_predict.py for tasks to queue
[2025-11-24T01:53:15.770+0000] {logging_mixin.py:190} INFO - [2025-11-24T01:53:15.770+0000] {dagbag.py:587} INFO - Filling up the DagBag from /opt/airflow/dags/train_predict.py
[2025-11-24T01:53:15.783+0000] {processor.py:925} INFO - DAG(s) 'TrainPredict' retrieved from /opt/airflow/dags/train_predict.py
[2025-11-24T01:53:15.799+0000] {logging_mixin.py:190} INFO - [2025-11-24T01:53:15.799+0000] {dag.py:3229} INFO - Sync 1 DAGs
[2025-11-24T01:53:15.814+0000] {logging_mixin.py:190} INFO - [2025-11-24T01:53:15.814+0000] {dag.py:4156} INFO - Setting next_dagrun for TrainPredict to 2025-11-23 03:30:00+00:00, run_after=2025-11-24 03:30:00+00:00
[2025-11-24T01:53:15.826+0000] {processor.py:208} INFO - Processing /opt/airflow/dags/train_predict.py took 0.063 seconds
[2025-11-24T01:53:46.296+0000] {processor.py:186} INFO - Started process (PID=16639) to work on /opt/airflow/dags/train_predict.py
[2025-11-24T01:53:46.296+0000] {processor.py:914} INFO - Processing file /opt/airflow/dags/train_predict.py for tasks to queue
[2025-11-24T01:53:46.302+0000] {logging_mixin.py:190} INFO - [2025-11-24T01:53:46.301+0000] {dagbag.py:587} INFO - Filling up the DagBag from /opt/airflow/dags/train_predict.py
[2025-11-24T01:53:46.309+0000] {processor.py:925} INFO - DAG(s) 'TrainPredict' retrieved from /opt/airflow/dags/train_predict.py
[2025-11-24T01:53:46.325+0000] {logging_mixin.py:190} INFO - [2025-11-24T01:53:46.324+0000] {dag.py:3229} INFO - Sync 1 DAGs
[2025-11-24T01:53:46.342+0000] {logging_mixin.py:190} INFO - [2025-11-24T01:53:46.342+0000] {dag.py:4156} INFO - Setting next_dagrun for TrainPredict to 2025-11-23 03:30:00+00:00, run_after=2025-11-24 03:30:00+00:00
[2025-11-24T01:53:46.355+0000] {processor.py:208} INFO - Processing /opt/airflow/dags/train_predict.py took 0.065 seconds
[2025-11-24T03:11:46.413+0000] {processor.py:186} INFO - Started process (PID=16668) to work on /opt/airflow/dags/train_predict.py
[2025-11-24T03:11:46.418+0000] {processor.py:914} INFO - Processing file /opt/airflow/dags/train_predict.py for tasks to queue
[2025-11-24T03:11:46.442+0000] {logging_mixin.py:190} INFO - [2025-11-24T03:11:46.441+0000] {dagbag.py:587} INFO - Filling up the DagBag from /opt/airflow/dags/train_predict.py
[2025-11-24T03:11:46.611+0000] {processor.py:925} INFO - DAG(s) 'TrainPredict' retrieved from /opt/airflow/dags/train_predict.py
[2025-11-24T03:11:46.724+0000] {logging_mixin.py:190} INFO - [2025-11-24T03:11:46.722+0000] {dag.py:3229} INFO - Sync 1 DAGs
[2025-11-24T03:11:46.747+0000] {logging_mixin.py:190} INFO - [2025-11-24T03:11:46.747+0000] {dag.py:4156} INFO - Setting next_dagrun for TrainPredict to 2025-11-23 03:30:00+00:00, run_after=2025-11-24 03:30:00+00:00
[2025-11-24T03:11:46.763+0000] {processor.py:208} INFO - Processing /opt/airflow/dags/train_predict.py took 0.357 seconds
[2025-11-24T03:12:17.220+0000] {processor.py:186} INFO - Started process (PID=16738) to work on /opt/airflow/dags/train_predict.py
[2025-11-24T03:12:17.221+0000] {processor.py:914} INFO - Processing file /opt/airflow/dags/train_predict.py for tasks to queue
[2025-11-24T03:12:17.223+0000] {logging_mixin.py:190} INFO - [2025-11-24T03:12:17.222+0000] {dagbag.py:587} INFO - Filling up the DagBag from /opt/airflow/dags/train_predict.py
[2025-11-24T03:12:17.229+0000] {processor.py:925} INFO - DAG(s) 'TrainPredict' retrieved from /opt/airflow/dags/train_predict.py
[2025-11-24T03:12:17.239+0000] {logging_mixin.py:190} INFO - [2025-11-24T03:12:17.239+0000] {dag.py:3229} INFO - Sync 1 DAGs
[2025-11-24T03:12:17.250+0000] {logging_mixin.py:190} INFO - [2025-11-24T03:12:17.250+0000] {dag.py:4156} INFO - Setting next_dagrun for TrainPredict to 2025-11-23 03:30:00+00:00, run_after=2025-11-24 03:30:00+00:00
[2025-11-24T03:12:17.257+0000] {processor.py:208} INFO - Processing /opt/airflow/dags/train_predict.py took 0.041 seconds
[2025-11-24T03:39:52.193+0000] {processor.py:186} INFO - Started process (PID=16764) to work on /opt/airflow/dags/train_predict.py
[2025-11-24T03:39:52.194+0000] {processor.py:914} INFO - Processing file /opt/airflow/dags/train_predict.py for tasks to queue
[2025-11-24T03:39:52.199+0000] {logging_mixin.py:190} INFO - [2025-11-24T03:39:52.198+0000] {dagbag.py:587} INFO - Filling up the DagBag from /opt/airflow/dags/train_predict.py
[2025-11-24T03:39:52.224+0000] {processor.py:925} INFO - DAG(s) 'TrainPredict' retrieved from /opt/airflow/dags/train_predict.py
[2025-11-24T03:39:52.253+0000] {logging_mixin.py:190} INFO - [2025-11-24T03:39:52.253+0000] {dag.py:3229} INFO - Sync 1 DAGs
[2025-11-24T03:39:52.274+0000] {logging_mixin.py:190} INFO - [2025-11-24T03:39:52.274+0000] {dag.py:4156} INFO - Setting next_dagrun for TrainPredict to 2025-11-23 03:30:00+00:00, run_after=2025-11-24 03:30:00+00:00
[2025-11-24T03:39:52.283+0000] {processor.py:208} INFO - Processing /opt/airflow/dags/train_predict.py took 0.098 seconds
[2025-11-24T03:40:22.658+0000] {processor.py:186} INFO - Started process (PID=16831) to work on /opt/airflow/dags/train_predict.py
[2025-11-24T03:40:22.660+0000] {processor.py:914} INFO - Processing file /opt/airflow/dags/train_predict.py for tasks to queue
[2025-11-24T03:40:22.662+0000] {logging_mixin.py:190} INFO - [2025-11-24T03:40:22.662+0000] {dagbag.py:587} INFO - Filling up the DagBag from /opt/airflow/dags/train_predict.py
[2025-11-24T03:40:22.676+0000] {processor.py:925} INFO - DAG(s) 'TrainPredict' retrieved from /opt/airflow/dags/train_predict.py
[2025-11-24T03:40:22.691+0000] {logging_mixin.py:190} INFO - [2025-11-24T03:40:22.691+0000] {dag.py:3229} INFO - Sync 1 DAGs
[2025-11-24T03:40:22.710+0000] {logging_mixin.py:190} INFO - [2025-11-24T03:40:22.710+0000] {dag.py:4156} INFO - Setting next_dagrun for TrainPredict to 2025-11-24 03:30:00+00:00, run_after=2025-11-25 03:30:00+00:00
[2025-11-24T03:40:22.736+0000] {processor.py:208} INFO - Processing /opt/airflow/dags/train_predict.py took 0.083 seconds
[2025-11-24T03:40:53.113+0000] {processor.py:186} INFO - Started process (PID=16857) to work on /opt/airflow/dags/train_predict.py
[2025-11-24T03:40:53.114+0000] {processor.py:914} INFO - Processing file /opt/airflow/dags/train_predict.py for tasks to queue
[2025-11-24T03:40:53.119+0000] {logging_mixin.py:190} INFO - [2025-11-24T03:40:53.119+0000] {dagbag.py:587} INFO - Filling up the DagBag from /opt/airflow/dags/train_predict.py
[2025-11-24T03:40:53.127+0000] {processor.py:925} INFO - DAG(s) 'TrainPredict' retrieved from /opt/airflow/dags/train_predict.py
[2025-11-24T03:40:53.151+0000] {logging_mixin.py:190} INFO - [2025-11-24T03:40:53.150+0000] {dag.py:3229} INFO - Sync 1 DAGs
[2025-11-24T03:40:53.165+0000] {logging_mixin.py:190} INFO - [2025-11-24T03:40:53.165+0000] {dag.py:4156} INFO - Setting next_dagrun for TrainPredict to 2025-11-24 03:30:00+00:00, run_after=2025-11-25 03:30:00+00:00
[2025-11-24T03:40:53.175+0000] {processor.py:208} INFO - Processing /opt/airflow/dags/train_predict.py took 0.067 seconds
[2025-11-24T03:41:23.571+0000] {processor.py:186} INFO - Started process (PID=16888) to work on /opt/airflow/dags/train_predict.py
[2025-11-24T03:41:23.573+0000] {processor.py:914} INFO - Processing file /opt/airflow/dags/train_predict.py for tasks to queue
[2025-11-24T03:41:23.574+0000] {logging_mixin.py:190} INFO - [2025-11-24T03:41:23.574+0000] {dagbag.py:587} INFO - Filling up the DagBag from /opt/airflow/dags/train_predict.py
[2025-11-24T03:41:23.584+0000] {processor.py:925} INFO - DAG(s) 'TrainPredict' retrieved from /opt/airflow/dags/train_predict.py
[2025-11-24T03:41:23.599+0000] {logging_mixin.py:190} INFO - [2025-11-24T03:41:23.599+0000] {dag.py:3229} INFO - Sync 1 DAGs
[2025-11-24T03:41:23.611+0000] {logging_mixin.py:190} INFO - [2025-11-24T03:41:23.611+0000] {dag.py:4156} INFO - Setting next_dagrun for TrainPredict to 2025-11-24 03:30:00+00:00, run_after=2025-11-25 03:30:00+00:00
[2025-11-24T03:41:23.619+0000] {processor.py:208} INFO - Processing /opt/airflow/dags/train_predict.py took 0.053 seconds
[2025-11-24T03:41:54.022+0000] {processor.py:186} INFO - Started process (PID=16914) to work on /opt/airflow/dags/train_predict.py
[2025-11-24T03:41:54.023+0000] {processor.py:914} INFO - Processing file /opt/airflow/dags/train_predict.py for tasks to queue
[2025-11-24T03:41:54.026+0000] {logging_mixin.py:190} INFO - [2025-11-24T03:41:54.026+0000] {dagbag.py:587} INFO - Filling up the DagBag from /opt/airflow/dags/train_predict.py
[2025-11-24T03:41:54.033+0000] {processor.py:925} INFO - DAG(s) 'TrainPredict' retrieved from /opt/airflow/dags/train_predict.py
[2025-11-24T03:41:54.047+0000] {logging_mixin.py:190} INFO - [2025-11-24T03:41:54.047+0000] {dag.py:3229} INFO - Sync 1 DAGs
[2025-11-24T03:41:54.062+0000] {logging_mixin.py:190} INFO - [2025-11-24T03:41:54.062+0000] {dag.py:4156} INFO - Setting next_dagrun for TrainPredict to 2025-11-24 03:30:00+00:00, run_after=2025-11-25 03:30:00+00:00
[2025-11-24T03:41:54.070+0000] {processor.py:208} INFO - Processing /opt/airflow/dags/train_predict.py took 0.054 seconds
[2025-11-24T03:42:24.409+0000] {processor.py:186} INFO - Started process (PID=16940) to work on /opt/airflow/dags/train_predict.py
[2025-11-24T03:42:24.409+0000] {processor.py:914} INFO - Processing file /opt/airflow/dags/train_predict.py for tasks to queue
[2025-11-24T03:42:24.411+0000] {logging_mixin.py:190} INFO - [2025-11-24T03:42:24.411+0000] {dagbag.py:587} INFO - Filling up the DagBag from /opt/airflow/dags/train_predict.py
[2025-11-24T03:42:24.418+0000] {processor.py:925} INFO - DAG(s) 'TrainPredict' retrieved from /opt/airflow/dags/train_predict.py
[2025-11-24T03:42:24.431+0000] {logging_mixin.py:190} INFO - [2025-11-24T03:42:24.430+0000] {dag.py:3229} INFO - Sync 1 DAGs
[2025-11-24T03:42:24.442+0000] {logging_mixin.py:190} INFO - [2025-11-24T03:42:24.442+0000] {dag.py:4156} INFO - Setting next_dagrun for TrainPredict to 2025-11-24 03:30:00+00:00, run_after=2025-11-25 03:30:00+00:00
[2025-11-24T03:42:24.449+0000] {processor.py:208} INFO - Processing /opt/airflow/dags/train_predict.py took 0.044 seconds
[2025-11-24T03:42:54.858+0000] {processor.py:186} INFO - Started process (PID=16966) to work on /opt/airflow/dags/train_predict.py
[2025-11-24T03:42:54.859+0000] {processor.py:914} INFO - Processing file /opt/airflow/dags/train_predict.py for tasks to queue
[2025-11-24T03:42:54.861+0000] {logging_mixin.py:190} INFO - [2025-11-24T03:42:54.861+0000] {dagbag.py:587} INFO - Filling up the DagBag from /opt/airflow/dags/train_predict.py
[2025-11-24T03:42:54.869+0000] {processor.py:925} INFO - DAG(s) 'TrainPredict' retrieved from /opt/airflow/dags/train_predict.py
[2025-11-24T03:42:54.882+0000] {logging_mixin.py:190} INFO - [2025-11-24T03:42:54.881+0000] {dag.py:3229} INFO - Sync 1 DAGs
[2025-11-24T03:42:54.896+0000] {logging_mixin.py:190} INFO - [2025-11-24T03:42:54.896+0000] {dag.py:4156} INFO - Setting next_dagrun for TrainPredict to 2025-11-24 03:30:00+00:00, run_after=2025-11-25 03:30:00+00:00
[2025-11-24T03:42:54.904+0000] {processor.py:208} INFO - Processing /opt/airflow/dags/train_predict.py took 0.052 seconds
[2025-11-24T03:43:25.337+0000] {processor.py:186} INFO - Started process (PID=16992) to work on /opt/airflow/dags/train_predict.py
[2025-11-24T03:43:25.338+0000] {processor.py:914} INFO - Processing file /opt/airflow/dags/train_predict.py for tasks to queue
[2025-11-24T03:43:25.339+0000] {logging_mixin.py:190} INFO - [2025-11-24T03:43:25.339+0000] {dagbag.py:587} INFO - Filling up the DagBag from /opt/airflow/dags/train_predict.py
[2025-11-24T03:43:25.348+0000] {processor.py:925} INFO - DAG(s) 'TrainPredict' retrieved from /opt/airflow/dags/train_predict.py
[2025-11-24T03:43:25.403+0000] {logging_mixin.py:190} INFO - [2025-11-24T03:43:25.403+0000] {dag.py:3229} INFO - Sync 1 DAGs
[2025-11-24T03:43:25.417+0000] {logging_mixin.py:190} INFO - [2025-11-24T03:43:25.417+0000] {dag.py:4156} INFO - Setting next_dagrun for TrainPredict to 2025-11-24 03:30:00+00:00, run_after=2025-11-25 03:30:00+00:00
[2025-11-24T03:43:25.425+0000] {processor.py:208} INFO - Processing /opt/airflow/dags/train_predict.py took 0.091 seconds
[2025-11-24T03:43:55.820+0000] {processor.py:186} INFO - Started process (PID=17018) to work on /opt/airflow/dags/train_predict.py
[2025-11-24T03:43:55.821+0000] {processor.py:914} INFO - Processing file /opt/airflow/dags/train_predict.py for tasks to queue
[2025-11-24T03:43:55.823+0000] {logging_mixin.py:190} INFO - [2025-11-24T03:43:55.823+0000] {dagbag.py:587} INFO - Filling up the DagBag from /opt/airflow/dags/train_predict.py
[2025-11-24T03:43:55.840+0000] {processor.py:925} INFO - DAG(s) 'TrainPredict' retrieved from /opt/airflow/dags/train_predict.py
[2025-11-24T03:43:55.855+0000] {logging_mixin.py:190} INFO - [2025-11-24T03:43:55.854+0000] {dag.py:3229} INFO - Sync 1 DAGs
[2025-11-24T03:43:55.870+0000] {logging_mixin.py:190} INFO - [2025-11-24T03:43:55.870+0000] {dag.py:4156} INFO - Setting next_dagrun for TrainPredict to 2025-11-24 03:30:00+00:00, run_after=2025-11-25 03:30:00+00:00
[2025-11-24T03:43:55.879+0000] {processor.py:208} INFO - Processing /opt/airflow/dags/train_predict.py took 0.065 seconds
[2025-11-24T03:44:26.306+0000] {processor.py:186} INFO - Started process (PID=17044) to work on /opt/airflow/dags/train_predict.py
[2025-11-24T03:44:26.308+0000] {processor.py:914} INFO - Processing file /opt/airflow/dags/train_predict.py for tasks to queue
[2025-11-24T03:44:26.312+0000] {logging_mixin.py:190} INFO - [2025-11-24T03:44:26.311+0000] {dagbag.py:587} INFO - Filling up the DagBag from /opt/airflow/dags/train_predict.py
[2025-11-24T03:44:26.333+0000] {processor.py:925} INFO - DAG(s) 'TrainPredict' retrieved from /opt/airflow/dags/train_predict.py
[2025-11-24T03:44:26.361+0000] {logging_mixin.py:190} INFO - [2025-11-24T03:44:26.360+0000] {dag.py:3229} INFO - Sync 1 DAGs
[2025-11-24T03:44:26.381+0000] {logging_mixin.py:190} INFO - [2025-11-24T03:44:26.381+0000] {dag.py:4156} INFO - Setting next_dagrun for TrainPredict to 2025-11-24 03:30:00+00:00, run_after=2025-11-25 03:30:00+00:00
[2025-11-24T03:44:26.392+0000] {processor.py:208} INFO - Processing /opt/airflow/dags/train_predict.py took 0.093 seconds
[2025-11-24T03:44:56.797+0000] {processor.py:186} INFO - Started process (PID=17075) to work on /opt/airflow/dags/train_predict.py
[2025-11-24T03:44:56.798+0000] {processor.py:914} INFO - Processing file /opt/airflow/dags/train_predict.py for tasks to queue
[2025-11-24T03:44:56.800+0000] {logging_mixin.py:190} INFO - [2025-11-24T03:44:56.800+0000] {dagbag.py:587} INFO - Filling up the DagBag from /opt/airflow/dags/train_predict.py
[2025-11-24T03:44:56.807+0000] {processor.py:925} INFO - DAG(s) 'TrainPredict' retrieved from /opt/airflow/dags/train_predict.py
[2025-11-24T03:44:56.820+0000] {logging_mixin.py:190} INFO - [2025-11-24T03:44:56.820+0000] {dag.py:3229} INFO - Sync 1 DAGs
[2025-11-24T03:44:56.832+0000] {logging_mixin.py:190} INFO - [2025-11-24T03:44:56.832+0000] {dag.py:4156} INFO - Setting next_dagrun for TrainPredict to 2025-11-24 03:30:00+00:00, run_after=2025-11-25 03:30:00+00:00
[2025-11-24T03:44:56.839+0000] {processor.py:208} INFO - Processing /opt/airflow/dags/train_predict.py took 0.048 seconds
[2025-11-24T03:45:27.243+0000] {processor.py:186} INFO - Started process (PID=17101) to work on /opt/airflow/dags/train_predict.py
[2025-11-24T03:45:27.245+0000] {processor.py:914} INFO - Processing file /opt/airflow/dags/train_predict.py for tasks to queue
[2025-11-24T03:45:27.247+0000] {logging_mixin.py:190} INFO - [2025-11-24T03:45:27.246+0000] {dagbag.py:587} INFO - Filling up the DagBag from /opt/airflow/dags/train_predict.py
[2025-11-24T03:45:27.257+0000] {processor.py:925} INFO - DAG(s) 'TrainPredict' retrieved from /opt/airflow/dags/train_predict.py
[2025-11-24T03:45:27.272+0000] {logging_mixin.py:190} INFO - [2025-11-24T03:45:27.271+0000] {dag.py:3229} INFO - Sync 1 DAGs
[2025-11-24T03:45:27.289+0000] {logging_mixin.py:190} INFO - [2025-11-24T03:45:27.289+0000] {dag.py:4156} INFO - Setting next_dagrun for TrainPredict to 2025-11-24 03:30:00+00:00, run_after=2025-11-25 03:30:00+00:00
[2025-11-24T03:45:27.296+0000] {processor.py:208} INFO - Processing /opt/airflow/dags/train_predict.py took 0.059 seconds
[2025-11-24T03:45:57.695+0000] {processor.py:186} INFO - Started process (PID=17127) to work on /opt/airflow/dags/train_predict.py
[2025-11-24T03:45:57.696+0000] {processor.py:914} INFO - Processing file /opt/airflow/dags/train_predict.py for tasks to queue
[2025-11-24T03:45:57.698+0000] {logging_mixin.py:190} INFO - [2025-11-24T03:45:57.697+0000] {dagbag.py:587} INFO - Filling up the DagBag from /opt/airflow/dags/train_predict.py
[2025-11-24T03:45:57.713+0000] {processor.py:925} INFO - DAG(s) 'TrainPredict' retrieved from /opt/airflow/dags/train_predict.py
[2025-11-24T03:45:57.731+0000] {logging_mixin.py:190} INFO - [2025-11-24T03:45:57.731+0000] {dag.py:3229} INFO - Sync 1 DAGs
[2025-11-24T03:45:57.745+0000] {logging_mixin.py:190} INFO - [2025-11-24T03:45:57.745+0000] {dag.py:4156} INFO - Setting next_dagrun for TrainPredict to 2025-11-24 03:30:00+00:00, run_after=2025-11-25 03:30:00+00:00
[2025-11-24T03:45:57.757+0000] {processor.py:208} INFO - Processing /opt/airflow/dags/train_predict.py took 0.068 seconds
[2025-11-24T03:46:28.181+0000] {processor.py:186} INFO - Started process (PID=17153) to work on /opt/airflow/dags/train_predict.py
[2025-11-24T03:46:28.181+0000] {processor.py:914} INFO - Processing file /opt/airflow/dags/train_predict.py for tasks to queue
[2025-11-24T03:46:28.183+0000] {logging_mixin.py:190} INFO - [2025-11-24T03:46:28.183+0000] {dagbag.py:587} INFO - Filling up the DagBag from /opt/airflow/dags/train_predict.py
[2025-11-24T03:46:28.194+0000] {processor.py:925} INFO - DAG(s) 'TrainPredict' retrieved from /opt/airflow/dags/train_predict.py
[2025-11-24T03:46:28.208+0000] {logging_mixin.py:190} INFO - [2025-11-24T03:46:28.207+0000] {dag.py:3229} INFO - Sync 1 DAGs
[2025-11-24T03:46:28.220+0000] {logging_mixin.py:190} INFO - [2025-11-24T03:46:28.219+0000] {dag.py:4156} INFO - Setting next_dagrun for TrainPredict to 2025-11-24 03:30:00+00:00, run_after=2025-11-25 03:30:00+00:00
[2025-11-24T03:46:28.230+0000] {processor.py:208} INFO - Processing /opt/airflow/dags/train_predict.py took 0.054 seconds
[2025-11-24T03:46:58.618+0000] {processor.py:186} INFO - Started process (PID=17179) to work on /opt/airflow/dags/train_predict.py
[2025-11-24T03:46:58.620+0000] {processor.py:914} INFO - Processing file /opt/airflow/dags/train_predict.py for tasks to queue
[2025-11-24T03:46:58.622+0000] {logging_mixin.py:190} INFO - [2025-11-24T03:46:58.621+0000] {dagbag.py:587} INFO - Filling up the DagBag from /opt/airflow/dags/train_predict.py
[2025-11-24T03:46:58.631+0000] {processor.py:925} INFO - DAG(s) 'TrainPredict' retrieved from /opt/airflow/dags/train_predict.py
[2025-11-24T03:46:58.645+0000] {logging_mixin.py:190} INFO - [2025-11-24T03:46:58.645+0000] {dag.py:3229} INFO - Sync 1 DAGs
[2025-11-24T03:46:58.657+0000] {logging_mixin.py:190} INFO - [2025-11-24T03:46:58.657+0000] {dag.py:4156} INFO - Setting next_dagrun for TrainPredict to 2025-11-24 03:30:00+00:00, run_after=2025-11-25 03:30:00+00:00
[2025-11-24T03:46:58.667+0000] {processor.py:208} INFO - Processing /opt/airflow/dags/train_predict.py took 0.053 seconds
[2025-11-24T03:47:29.048+0000] {processor.py:186} INFO - Started process (PID=17205) to work on /opt/airflow/dags/train_predict.py
[2025-11-24T03:47:29.048+0000] {processor.py:914} INFO - Processing file /opt/airflow/dags/train_predict.py for tasks to queue
[2025-11-24T03:47:29.050+0000] {logging_mixin.py:190} INFO - [2025-11-24T03:47:29.050+0000] {dagbag.py:587} INFO - Filling up the DagBag from /opt/airflow/dags/train_predict.py
[2025-11-24T03:47:29.058+0000] {processor.py:925} INFO - DAG(s) 'TrainPredict' retrieved from /opt/airflow/dags/train_predict.py
[2025-11-24T03:47:29.070+0000] {logging_mixin.py:190} INFO - [2025-11-24T03:47:29.070+0000] {dag.py:3229} INFO - Sync 1 DAGs
[2025-11-24T03:47:29.081+0000] {logging_mixin.py:190} INFO - [2025-11-24T03:47:29.081+0000] {dag.py:4156} INFO - Setting next_dagrun for TrainPredict to 2025-11-24 03:30:00+00:00, run_after=2025-11-25 03:30:00+00:00
[2025-11-24T03:47:29.091+0000] {processor.py:208} INFO - Processing /opt/airflow/dags/train_predict.py took 0.047 seconds
[2025-11-24T03:47:59.459+0000] {processor.py:186} INFO - Started process (PID=17231) to work on /opt/airflow/dags/train_predict.py
[2025-11-24T03:47:59.461+0000] {processor.py:914} INFO - Processing file /opt/airflow/dags/train_predict.py for tasks to queue
[2025-11-24T03:47:59.464+0000] {logging_mixin.py:190} INFO - [2025-11-24T03:47:59.464+0000] {dagbag.py:587} INFO - Filling up the DagBag from /opt/airflow/dags/train_predict.py
[2025-11-24T03:47:59.473+0000] {processor.py:925} INFO - DAG(s) 'TrainPredict' retrieved from /opt/airflow/dags/train_predict.py
[2025-11-24T03:47:59.487+0000] {logging_mixin.py:190} INFO - [2025-11-24T03:47:59.487+0000] {dag.py:3229} INFO - Sync 1 DAGs
[2025-11-24T03:47:59.499+0000] {logging_mixin.py:190} INFO - [2025-11-24T03:47:59.499+0000] {dag.py:4156} INFO - Setting next_dagrun for TrainPredict to 2025-11-24 03:30:00+00:00, run_after=2025-11-25 03:30:00+00:00
[2025-11-24T03:47:59.509+0000] {processor.py:208} INFO - Processing /opt/airflow/dags/train_predict.py took 0.055 seconds
[2025-11-24T03:48:29.906+0000] {processor.py:186} INFO - Started process (PID=17257) to work on /opt/airflow/dags/train_predict.py
[2025-11-24T03:48:29.907+0000] {processor.py:914} INFO - Processing file /opt/airflow/dags/train_predict.py for tasks to queue
[2025-11-24T03:48:29.912+0000] {logging_mixin.py:190} INFO - [2025-11-24T03:48:29.912+0000] {dagbag.py:587} INFO - Filling up the DagBag from /opt/airflow/dags/train_predict.py
[2025-11-24T03:48:29.919+0000] {processor.py:925} INFO - DAG(s) 'TrainPredict' retrieved from /opt/airflow/dags/train_predict.py
[2025-11-24T03:48:29.934+0000] {logging_mixin.py:190} INFO - [2025-11-24T03:48:29.933+0000] {dag.py:3229} INFO - Sync 1 DAGs
[2025-11-24T03:48:29.946+0000] {logging_mixin.py:190} INFO - [2025-11-24T03:48:29.946+0000] {dag.py:4156} INFO - Setting next_dagrun for TrainPredict to 2025-11-24 03:30:00+00:00, run_after=2025-11-25 03:30:00+00:00
[2025-11-24T03:48:29.956+0000] {processor.py:208} INFO - Processing /opt/airflow/dags/train_predict.py took 0.056 seconds
[2025-11-24T03:49:00.343+0000] {processor.py:186} INFO - Started process (PID=17283) to work on /opt/airflow/dags/train_predict.py
[2025-11-24T03:49:00.344+0000] {processor.py:914} INFO - Processing file /opt/airflow/dags/train_predict.py for tasks to queue
[2025-11-24T03:49:00.346+0000] {logging_mixin.py:190} INFO - [2025-11-24T03:49:00.346+0000] {dagbag.py:587} INFO - Filling up the DagBag from /opt/airflow/dags/train_predict.py
[2025-11-24T03:49:00.356+0000] {processor.py:925} INFO - DAG(s) 'TrainPredict' retrieved from /opt/airflow/dags/train_predict.py
[2025-11-24T03:49:00.368+0000] {logging_mixin.py:190} INFO - [2025-11-24T03:49:00.368+0000] {dag.py:3229} INFO - Sync 1 DAGs
[2025-11-24T03:49:00.384+0000] {logging_mixin.py:190} INFO - [2025-11-24T03:49:00.383+0000] {dag.py:4156} INFO - Setting next_dagrun for TrainPredict to 2025-11-24 03:30:00+00:00, run_after=2025-11-25 03:30:00+00:00
[2025-11-24T03:49:00.392+0000] {processor.py:208} INFO - Processing /opt/airflow/dags/train_predict.py took 0.054 seconds
[2025-11-24T03:49:30.743+0000] {processor.py:186} INFO - Started process (PID=17309) to work on /opt/airflow/dags/train_predict.py
[2025-11-24T03:49:30.744+0000] {processor.py:914} INFO - Processing file /opt/airflow/dags/train_predict.py for tasks to queue
[2025-11-24T03:49:30.747+0000] {logging_mixin.py:190} INFO - [2025-11-24T03:49:30.746+0000] {dagbag.py:587} INFO - Filling up the DagBag from /opt/airflow/dags/train_predict.py
[2025-11-24T03:49:30.757+0000] {processor.py:925} INFO - DAG(s) 'TrainPredict' retrieved from /opt/airflow/dags/train_predict.py
[2025-11-24T03:49:30.774+0000] {logging_mixin.py:190} INFO - [2025-11-24T03:49:30.774+0000] {dag.py:3229} INFO - Sync 1 DAGs
[2025-11-24T03:49:30.787+0000] {logging_mixin.py:190} INFO - [2025-11-24T03:49:30.787+0000] {dag.py:4156} INFO - Setting next_dagrun for TrainPredict to 2025-11-24 03:30:00+00:00, run_after=2025-11-25 03:30:00+00:00
[2025-11-24T03:49:30.797+0000] {processor.py:208} INFO - Processing /opt/airflow/dags/train_predict.py took 0.060 seconds
[2025-11-24T03:50:01.237+0000] {processor.py:186} INFO - Started process (PID=17335) to work on /opt/airflow/dags/train_predict.py
[2025-11-24T03:50:01.238+0000] {processor.py:914} INFO - Processing file /opt/airflow/dags/train_predict.py for tasks to queue
[2025-11-24T03:50:01.241+0000] {logging_mixin.py:190} INFO - [2025-11-24T03:50:01.240+0000] {dagbag.py:587} INFO - Filling up the DagBag from /opt/airflow/dags/train_predict.py
[2025-11-24T03:50:01.250+0000] {processor.py:925} INFO - DAG(s) 'TrainPredict' retrieved from /opt/airflow/dags/train_predict.py
[2025-11-24T03:50:01.263+0000] {logging_mixin.py:190} INFO - [2025-11-24T03:50:01.262+0000] {dag.py:3229} INFO - Sync 1 DAGs
[2025-11-24T03:50:01.275+0000] {logging_mixin.py:190} INFO - [2025-11-24T03:50:01.275+0000] {dag.py:4156} INFO - Setting next_dagrun for TrainPredict to 2025-11-24 03:30:00+00:00, run_after=2025-11-25 03:30:00+00:00
[2025-11-24T03:50:01.284+0000] {processor.py:208} INFO - Processing /opt/airflow/dags/train_predict.py took 0.052 seconds
[2025-11-24T03:50:31.618+0000] {processor.py:186} INFO - Started process (PID=17361) to work on /opt/airflow/dags/train_predict.py
[2025-11-24T03:50:31.620+0000] {processor.py:914} INFO - Processing file /opt/airflow/dags/train_predict.py for tasks to queue
[2025-11-24T03:50:31.622+0000] {logging_mixin.py:190} INFO - [2025-11-24T03:50:31.622+0000] {dagbag.py:587} INFO - Filling up the DagBag from /opt/airflow/dags/train_predict.py
[2025-11-24T03:50:31.635+0000] {processor.py:925} INFO - DAG(s) 'TrainPredict' retrieved from /opt/airflow/dags/train_predict.py
[2025-11-24T03:50:31.649+0000] {logging_mixin.py:190} INFO - [2025-11-24T03:50:31.648+0000] {dag.py:3229} INFO - Sync 1 DAGs
[2025-11-24T03:50:31.663+0000] {logging_mixin.py:190} INFO - [2025-11-24T03:50:31.663+0000] {dag.py:4156} INFO - Setting next_dagrun for TrainPredict to 2025-11-24 03:30:00+00:00, run_after=2025-11-25 03:30:00+00:00
[2025-11-24T03:50:31.674+0000] {processor.py:208} INFO - Processing /opt/airflow/dags/train_predict.py took 0.061 seconds
[2025-11-24T03:51:02.080+0000] {processor.py:186} INFO - Started process (PID=17387) to work on /opt/airflow/dags/train_predict.py
[2025-11-24T03:51:02.083+0000] {processor.py:914} INFO - Processing file /opt/airflow/dags/train_predict.py for tasks to queue
[2025-11-24T03:51:02.085+0000] {logging_mixin.py:190} INFO - [2025-11-24T03:51:02.085+0000] {dagbag.py:587} INFO - Filling up the DagBag from /opt/airflow/dags/train_predict.py
[2025-11-24T03:51:02.093+0000] {processor.py:925} INFO - DAG(s) 'TrainPredict' retrieved from /opt/airflow/dags/train_predict.py
[2025-11-24T03:51:02.108+0000] {logging_mixin.py:190} INFO - [2025-11-24T03:51:02.108+0000] {dag.py:3229} INFO - Sync 1 DAGs
[2025-11-24T03:51:02.119+0000] {logging_mixin.py:190} INFO - [2025-11-24T03:51:02.119+0000] {dag.py:4156} INFO - Setting next_dagrun for TrainPredict to 2025-11-24 03:30:00+00:00, run_after=2025-11-25 03:30:00+00:00
[2025-11-24T03:51:02.129+0000] {processor.py:208} INFO - Processing /opt/airflow/dags/train_predict.py took 0.054 seconds
[2025-11-24T03:51:32.554+0000] {processor.py:186} INFO - Started process (PID=17413) to work on /opt/airflow/dags/train_predict.py
[2025-11-24T03:51:32.555+0000] {processor.py:914} INFO - Processing file /opt/airflow/dags/train_predict.py for tasks to queue
[2025-11-24T03:51:32.559+0000] {logging_mixin.py:190} INFO - [2025-11-24T03:51:32.559+0000] {dagbag.py:587} INFO - Filling up the DagBag from /opt/airflow/dags/train_predict.py
[2025-11-24T03:51:32.571+0000] {processor.py:925} INFO - DAG(s) 'TrainPredict' retrieved from /opt/airflow/dags/train_predict.py
[2025-11-24T03:51:32.586+0000] {logging_mixin.py:190} INFO - [2025-11-24T03:51:32.585+0000] {dag.py:3229} INFO - Sync 1 DAGs
[2025-11-24T03:51:32.599+0000] {logging_mixin.py:190} INFO - [2025-11-24T03:51:32.599+0000] {dag.py:4156} INFO - Setting next_dagrun for TrainPredict to 2025-11-24 03:30:00+00:00, run_after=2025-11-25 03:30:00+00:00
[2025-11-24T03:51:32.608+0000] {processor.py:208} INFO - Processing /opt/airflow/dags/train_predict.py took 0.060 seconds
[2025-11-24T03:52:03.040+0000] {processor.py:186} INFO - Started process (PID=17439) to work on /opt/airflow/dags/train_predict.py
[2025-11-24T03:52:03.042+0000] {processor.py:914} INFO - Processing file /opt/airflow/dags/train_predict.py for tasks to queue
[2025-11-24T03:52:03.045+0000] {logging_mixin.py:190} INFO - [2025-11-24T03:52:03.045+0000] {dagbag.py:587} INFO - Filling up the DagBag from /opt/airflow/dags/train_predict.py
[2025-11-24T03:52:03.059+0000] {processor.py:925} INFO - DAG(s) 'TrainPredict' retrieved from /opt/airflow/dags/train_predict.py
[2025-11-24T03:52:03.073+0000] {logging_mixin.py:190} INFO - [2025-11-24T03:52:03.072+0000] {dag.py:3229} INFO - Sync 1 DAGs
[2025-11-24T03:52:03.087+0000] {logging_mixin.py:190} INFO - [2025-11-24T03:52:03.087+0000] {dag.py:4156} INFO - Setting next_dagrun for TrainPredict to 2025-11-24 03:30:00+00:00, run_after=2025-11-25 03:30:00+00:00
[2025-11-24T03:52:03.097+0000] {processor.py:208} INFO - Processing /opt/airflow/dags/train_predict.py took 0.063 seconds
[2025-11-24T03:52:33.482+0000] {processor.py:186} INFO - Started process (PID=17465) to work on /opt/airflow/dags/train_predict.py
[2025-11-24T03:52:33.483+0000] {processor.py:914} INFO - Processing file /opt/airflow/dags/train_predict.py for tasks to queue
[2025-11-24T03:52:33.485+0000] {logging_mixin.py:190} INFO - [2025-11-24T03:52:33.485+0000] {dagbag.py:587} INFO - Filling up the DagBag from /opt/airflow/dags/train_predict.py
[2025-11-24T03:52:33.494+0000] {processor.py:925} INFO - DAG(s) 'TrainPredict' retrieved from /opt/airflow/dags/train_predict.py
[2025-11-24T03:52:33.507+0000] {logging_mixin.py:190} INFO - [2025-11-24T03:52:33.507+0000] {dag.py:3229} INFO - Sync 1 DAGs
[2025-11-24T03:52:33.518+0000] {logging_mixin.py:190} INFO - [2025-11-24T03:52:33.518+0000] {dag.py:4156} INFO - Setting next_dagrun for TrainPredict to 2025-11-24 03:30:00+00:00, run_after=2025-11-25 03:30:00+00:00
[2025-11-24T03:52:33.526+0000] {processor.py:208} INFO - Processing /opt/airflow/dags/train_predict.py took 0.048 seconds
[2025-11-24T03:53:03.877+0000] {processor.py:186} INFO - Started process (PID=17491) to work on /opt/airflow/dags/train_predict.py
[2025-11-24T03:53:03.878+0000] {processor.py:914} INFO - Processing file /opt/airflow/dags/train_predict.py for tasks to queue
[2025-11-24T03:53:03.880+0000] {logging_mixin.py:190} INFO - [2025-11-24T03:53:03.880+0000] {dagbag.py:587} INFO - Filling up the DagBag from /opt/airflow/dags/train_predict.py
[2025-11-24T03:53:03.890+0000] {processor.py:925} INFO - DAG(s) 'TrainPredict' retrieved from /opt/airflow/dags/train_predict.py
[2025-11-24T03:53:03.904+0000] {logging_mixin.py:190} INFO - [2025-11-24T03:53:03.904+0000] {dag.py:3229} INFO - Sync 1 DAGs
[2025-11-24T03:53:03.916+0000] {logging_mixin.py:190} INFO - [2025-11-24T03:53:03.916+0000] {dag.py:4156} INFO - Setting next_dagrun for TrainPredict to 2025-11-24 03:30:00+00:00, run_after=2025-11-25 03:30:00+00:00
[2025-11-24T03:53:03.925+0000] {processor.py:208} INFO - Processing /opt/airflow/dags/train_predict.py took 0.054 seconds
[2025-11-24T03:53:34.341+0000] {processor.py:186} INFO - Started process (PID=17517) to work on /opt/airflow/dags/train_predict.py
[2025-11-24T03:53:34.341+0000] {processor.py:914} INFO - Processing file /opt/airflow/dags/train_predict.py for tasks to queue
[2025-11-24T03:53:34.343+0000] {logging_mixin.py:190} INFO - [2025-11-24T03:53:34.343+0000] {dagbag.py:587} INFO - Filling up the DagBag from /opt/airflow/dags/train_predict.py
[2025-11-24T03:53:34.358+0000] {processor.py:925} INFO - DAG(s) 'TrainPredict' retrieved from /opt/airflow/dags/train_predict.py
[2025-11-24T03:53:34.372+0000] {logging_mixin.py:190} INFO - [2025-11-24T03:53:34.372+0000] {dag.py:3229} INFO - Sync 1 DAGs
[2025-11-24T03:53:34.383+0000] {logging_mixin.py:190} INFO - [2025-11-24T03:53:34.383+0000] {dag.py:4156} INFO - Setting next_dagrun for TrainPredict to 2025-11-24 03:30:00+00:00, run_after=2025-11-25 03:30:00+00:00
[2025-11-24T03:53:34.392+0000] {processor.py:208} INFO - Processing /opt/airflow/dags/train_predict.py took 0.057 seconds
[2025-11-24T03:54:04.791+0000] {processor.py:186} INFO - Started process (PID=17543) to work on /opt/airflow/dags/train_predict.py
[2025-11-24T03:54:04.792+0000] {processor.py:914} INFO - Processing file /opt/airflow/dags/train_predict.py for tasks to queue
[2025-11-24T03:54:04.794+0000] {logging_mixin.py:190} INFO - [2025-11-24T03:54:04.794+0000] {dagbag.py:587} INFO - Filling up the DagBag from /opt/airflow/dags/train_predict.py
[2025-11-24T03:54:04.805+0000] {processor.py:925} INFO - DAG(s) 'TrainPredict' retrieved from /opt/airflow/dags/train_predict.py
[2025-11-24T03:54:04.817+0000] {logging_mixin.py:190} INFO - [2025-11-24T03:54:04.817+0000] {dag.py:3229} INFO - Sync 1 DAGs
[2025-11-24T03:54:04.831+0000] {logging_mixin.py:190} INFO - [2025-11-24T03:54:04.831+0000] {dag.py:4156} INFO - Setting next_dagrun for TrainPredict to 2025-11-24 03:30:00+00:00, run_after=2025-11-25 03:30:00+00:00
[2025-11-24T03:54:04.838+0000] {processor.py:208} INFO - Processing /opt/airflow/dags/train_predict.py took 0.051 seconds
[2025-11-24T03:54:35.231+0000] {processor.py:186} INFO - Started process (PID=17569) to work on /opt/airflow/dags/train_predict.py
[2025-11-24T03:54:35.231+0000] {processor.py:914} INFO - Processing file /opt/airflow/dags/train_predict.py for tasks to queue
[2025-11-24T03:54:35.232+0000] {logging_mixin.py:190} INFO - [2025-11-24T03:54:35.232+0000] {dagbag.py:587} INFO - Filling up the DagBag from /opt/airflow/dags/train_predict.py
[2025-11-24T03:54:35.245+0000] {processor.py:925} INFO - DAG(s) 'TrainPredict' retrieved from /opt/airflow/dags/train_predict.py
[2025-11-24T03:54:35.257+0000] {logging_mixin.py:190} INFO - [2025-11-24T03:54:35.257+0000] {dag.py:3229} INFO - Sync 1 DAGs
[2025-11-24T03:54:35.269+0000] {logging_mixin.py:190} INFO - [2025-11-24T03:54:35.269+0000] {dag.py:4156} INFO - Setting next_dagrun for TrainPredict to 2025-11-24 03:30:00+00:00, run_after=2025-11-25 03:30:00+00:00
[2025-11-24T03:54:35.279+0000] {processor.py:208} INFO - Processing /opt/airflow/dags/train_predict.py took 0.054 seconds
[2025-11-24T03:55:05.685+0000] {processor.py:186} INFO - Started process (PID=17595) to work on /opt/airflow/dags/train_predict.py
[2025-11-24T03:55:05.686+0000] {processor.py:914} INFO - Processing file /opt/airflow/dags/train_predict.py for tasks to queue
[2025-11-24T03:55:05.689+0000] {logging_mixin.py:190} INFO - [2025-11-24T03:55:05.688+0000] {dagbag.py:587} INFO - Filling up the DagBag from /opt/airflow/dags/train_predict.py
[2025-11-24T03:55:05.697+0000] {processor.py:925} INFO - DAG(s) 'TrainPredict' retrieved from /opt/airflow/dags/train_predict.py
[2025-11-24T03:55:05.717+0000] {logging_mixin.py:190} INFO - [2025-11-24T03:55:05.717+0000] {dag.py:3229} INFO - Sync 1 DAGs
[2025-11-24T03:55:05.731+0000] {logging_mixin.py:190} INFO - [2025-11-24T03:55:05.731+0000] {dag.py:4156} INFO - Setting next_dagrun for TrainPredict to 2025-11-24 03:30:00+00:00, run_after=2025-11-25 03:30:00+00:00
[2025-11-24T03:55:05.740+0000] {processor.py:208} INFO - Processing /opt/airflow/dags/train_predict.py took 0.060 seconds
[2025-11-24T03:55:36.121+0000] {processor.py:186} INFO - Started process (PID=17621) to work on /opt/airflow/dags/train_predict.py
[2025-11-24T03:55:36.122+0000] {processor.py:914} INFO - Processing file /opt/airflow/dags/train_predict.py for tasks to queue
[2025-11-24T03:55:36.123+0000] {logging_mixin.py:190} INFO - [2025-11-24T03:55:36.123+0000] {dagbag.py:587} INFO - Filling up the DagBag from /opt/airflow/dags/train_predict.py
[2025-11-24T03:55:36.141+0000] {processor.py:925} INFO - DAG(s) 'TrainPredict' retrieved from /opt/airflow/dags/train_predict.py
[2025-11-24T03:55:36.164+0000] {logging_mixin.py:190} INFO - [2025-11-24T03:55:36.163+0000] {dag.py:3229} INFO - Sync 1 DAGs
[2025-11-24T03:55:36.188+0000] {logging_mixin.py:190} INFO - [2025-11-24T03:55:36.188+0000] {dag.py:4156} INFO - Setting next_dagrun for TrainPredict to 2025-11-24 03:30:00+00:00, run_after=2025-11-25 03:30:00+00:00
[2025-11-24T03:55:36.205+0000] {processor.py:208} INFO - Processing /opt/airflow/dags/train_predict.py took 0.088 seconds
[2025-11-24T04:13:26.109+0000] {processor.py:186} INFO - Started process (PID=17648) to work on /opt/airflow/dags/train_predict.py
[2025-11-24T04:13:26.110+0000] {processor.py:914} INFO - Processing file /opt/airflow/dags/train_predict.py for tasks to queue
[2025-11-24T04:13:26.113+0000] {logging_mixin.py:190} INFO - [2025-11-24T04:13:26.113+0000] {dagbag.py:587} INFO - Filling up the DagBag from /opt/airflow/dags/train_predict.py
[2025-11-24T04:13:26.130+0000] {processor.py:925} INFO - DAG(s) 'TrainPredict' retrieved from /opt/airflow/dags/train_predict.py
[2025-11-24T04:13:26.152+0000] {logging_mixin.py:190} INFO - [2025-11-24T04:13:26.151+0000] {dag.py:3229} INFO - Sync 1 DAGs
[2025-11-24T04:13:26.169+0000] {logging_mixin.py:190} INFO - [2025-11-24T04:13:26.169+0000] {dag.py:4156} INFO - Setting next_dagrun for TrainPredict to 2025-11-24 03:30:00+00:00, run_after=2025-11-25 03:30:00+00:00
[2025-11-24T04:13:26.180+0000] {processor.py:208} INFO - Processing /opt/airflow/dags/train_predict.py took 0.079 seconds
[2025-11-24T05:03:21.051+0000] {processor.py:186} INFO - Started process (PID=17710) to work on /opt/airflow/dags/train_predict.py
[2025-11-24T05:03:21.052+0000] {processor.py:914} INFO - Processing file /opt/airflow/dags/train_predict.py for tasks to queue
[2025-11-24T05:03:21.054+0000] {logging_mixin.py:190} INFO - [2025-11-24T05:03:21.054+0000] {dagbag.py:587} INFO - Filling up the DagBag from /opt/airflow/dags/train_predict.py
[2025-11-24T05:03:21.068+0000] {processor.py:925} INFO - DAG(s) 'TrainPredict' retrieved from /opt/airflow/dags/train_predict.py
[2025-11-24T05:03:21.084+0000] {logging_mixin.py:190} INFO - [2025-11-24T05:03:21.083+0000] {dag.py:3229} INFO - Sync 1 DAGs
[2025-11-24T05:03:21.098+0000] {logging_mixin.py:190} INFO - [2025-11-24T05:03:21.098+0000] {dag.py:4156} INFO - Setting next_dagrun for TrainPredict to 2025-11-24 03:30:00+00:00, run_after=2025-11-25 03:30:00+00:00
[2025-11-24T05:03:21.112+0000] {processor.py:208} INFO - Processing /opt/airflow/dags/train_predict.py took 0.066 seconds
[2025-11-24T05:03:51.516+0000] {processor.py:186} INFO - Started process (PID=17736) to work on /opt/airflow/dags/train_predict.py
[2025-11-24T05:03:51.519+0000] {processor.py:914} INFO - Processing file /opt/airflow/dags/train_predict.py for tasks to queue
[2025-11-24T05:03:51.522+0000] {logging_mixin.py:190} INFO - [2025-11-24T05:03:51.521+0000] {dagbag.py:587} INFO - Filling up the DagBag from /opt/airflow/dags/train_predict.py
[2025-11-24T05:03:51.537+0000] {processor.py:925} INFO - DAG(s) 'TrainPredict' retrieved from /opt/airflow/dags/train_predict.py
[2025-11-24T05:03:51.563+0000] {logging_mixin.py:190} INFO - [2025-11-24T05:03:51.563+0000] {dag.py:3229} INFO - Sync 1 DAGs
[2025-11-24T05:03:51.582+0000] {logging_mixin.py:190} INFO - [2025-11-24T05:03:51.582+0000] {dag.py:4156} INFO - Setting next_dagrun for TrainPredict to 2025-11-24 03:30:00+00:00, run_after=2025-11-25 03:30:00+00:00
[2025-11-24T05:03:51.595+0000] {processor.py:208} INFO - Processing /opt/airflow/dags/train_predict.py took 0.087 seconds
[2025-11-24T05:04:21.959+0000] {processor.py:186} INFO - Started process (PID=17762) to work on /opt/airflow/dags/train_predict.py
[2025-11-24T05:04:21.959+0000] {processor.py:914} INFO - Processing file /opt/airflow/dags/train_predict.py for tasks to queue
[2025-11-24T05:04:21.961+0000] {logging_mixin.py:190} INFO - [2025-11-24T05:04:21.961+0000] {dagbag.py:587} INFO - Filling up the DagBag from /opt/airflow/dags/train_predict.py
[2025-11-24T05:04:21.971+0000] {processor.py:925} INFO - DAG(s) 'TrainPredict' retrieved from /opt/airflow/dags/train_predict.py
[2025-11-24T05:04:21.986+0000] {logging_mixin.py:190} INFO - [2025-11-24T05:04:21.986+0000] {dag.py:3229} INFO - Sync 1 DAGs
[2025-11-24T05:04:21.998+0000] {logging_mixin.py:190} INFO - [2025-11-24T05:04:21.998+0000] {dag.py:4156} INFO - Setting next_dagrun for TrainPredict to 2025-11-24 03:30:00+00:00, run_after=2025-11-25 03:30:00+00:00
[2025-11-24T05:04:22.006+0000] {processor.py:208} INFO - Processing /opt/airflow/dags/train_predict.py took 0.051 seconds
[2025-11-24T05:04:52.393+0000] {processor.py:186} INFO - Started process (PID=17788) to work on /opt/airflow/dags/train_predict.py
[2025-11-24T05:04:52.393+0000] {processor.py:914} INFO - Processing file /opt/airflow/dags/train_predict.py for tasks to queue
[2025-11-24T05:04:52.395+0000] {logging_mixin.py:190} INFO - [2025-11-24T05:04:52.394+0000] {dagbag.py:587} INFO - Filling up the DagBag from /opt/airflow/dags/train_predict.py
[2025-11-24T05:04:52.405+0000] {processor.py:925} INFO - DAG(s) 'TrainPredict' retrieved from /opt/airflow/dags/train_predict.py
[2025-11-24T05:04:52.420+0000] {logging_mixin.py:190} INFO - [2025-11-24T05:04:52.419+0000] {dag.py:3229} INFO - Sync 1 DAGs
[2025-11-24T05:04:52.433+0000] {logging_mixin.py:190} INFO - [2025-11-24T05:04:52.433+0000] {dag.py:4156} INFO - Setting next_dagrun for TrainPredict to 2025-11-24 03:30:00+00:00, run_after=2025-11-25 03:30:00+00:00
[2025-11-24T05:04:52.443+0000] {processor.py:208} INFO - Processing /opt/airflow/dags/train_predict.py took 0.056 seconds
[2025-11-24T05:05:22.865+0000] {processor.py:186} INFO - Started process (PID=17814) to work on /opt/airflow/dags/train_predict.py
[2025-11-24T05:05:22.867+0000] {processor.py:914} INFO - Processing file /opt/airflow/dags/train_predict.py for tasks to queue
[2025-11-24T05:05:22.869+0000] {logging_mixin.py:190} INFO - [2025-11-24T05:05:22.869+0000] {dagbag.py:587} INFO - Filling up the DagBag from /opt/airflow/dags/train_predict.py
[2025-11-24T05:05:22.881+0000] {processor.py:925} INFO - DAG(s) 'TrainPredict' retrieved from /opt/airflow/dags/train_predict.py
[2025-11-24T05:05:22.898+0000] {logging_mixin.py:190} INFO - [2025-11-24T05:05:22.897+0000] {dag.py:3229} INFO - Sync 1 DAGs
[2025-11-24T05:05:22.912+0000] {logging_mixin.py:190} INFO - [2025-11-24T05:05:22.912+0000] {dag.py:4156} INFO - Setting next_dagrun for TrainPredict to 2025-11-24 03:30:00+00:00, run_after=2025-11-25 03:30:00+00:00
[2025-11-24T05:05:22.926+0000] {processor.py:208} INFO - Processing /opt/airflow/dags/train_predict.py took 0.066 seconds
[2025-11-24T05:05:53.318+0000] {processor.py:186} INFO - Started process (PID=17840) to work on /opt/airflow/dags/train_predict.py
[2025-11-24T05:05:53.321+0000] {processor.py:914} INFO - Processing file /opt/airflow/dags/train_predict.py for tasks to queue
[2025-11-24T05:05:53.323+0000] {logging_mixin.py:190} INFO - [2025-11-24T05:05:53.323+0000] {dagbag.py:587} INFO - Filling up the DagBag from /opt/airflow/dags/train_predict.py
[2025-11-24T05:05:53.331+0000] {processor.py:925} INFO - DAG(s) 'TrainPredict' retrieved from /opt/airflow/dags/train_predict.py
[2025-11-24T05:05:53.350+0000] {logging_mixin.py:190} INFO - [2025-11-24T05:05:53.350+0000] {dag.py:3229} INFO - Sync 1 DAGs
[2025-11-24T05:05:53.361+0000] {logging_mixin.py:190} INFO - [2025-11-24T05:05:53.361+0000] {dag.py:4156} INFO - Setting next_dagrun for TrainPredict to 2025-11-24 03:30:00+00:00, run_after=2025-11-25 03:30:00+00:00
[2025-11-24T05:05:53.370+0000] {processor.py:208} INFO - Processing /opt/airflow/dags/train_predict.py took 0.057 seconds
[2025-11-24T05:06:23.721+0000] {processor.py:186} INFO - Started process (PID=17866) to work on /opt/airflow/dags/train_predict.py
[2025-11-24T05:06:23.722+0000] {processor.py:914} INFO - Processing file /opt/airflow/dags/train_predict.py for tasks to queue
[2025-11-24T05:06:23.724+0000] {logging_mixin.py:190} INFO - [2025-11-24T05:06:23.724+0000] {dagbag.py:587} INFO - Filling up the DagBag from /opt/airflow/dags/train_predict.py
[2025-11-24T05:06:23.733+0000] {processor.py:925} INFO - DAG(s) 'TrainPredict' retrieved from /opt/airflow/dags/train_predict.py
[2025-11-24T05:06:23.745+0000] {logging_mixin.py:190} INFO - [2025-11-24T05:06:23.744+0000] {dag.py:3229} INFO - Sync 1 DAGs
[2025-11-24T05:06:23.755+0000] {logging_mixin.py:190} INFO - [2025-11-24T05:06:23.755+0000] {dag.py:4156} INFO - Setting next_dagrun for TrainPredict to 2025-11-24 03:30:00+00:00, run_after=2025-11-25 03:30:00+00:00
[2025-11-24T05:06:23.765+0000] {processor.py:208} INFO - Processing /opt/airflow/dags/train_predict.py took 0.050 seconds
[2025-11-24T05:06:54.150+0000] {processor.py:186} INFO - Started process (PID=17892) to work on /opt/airflow/dags/train_predict.py
[2025-11-24T05:06:54.151+0000] {processor.py:914} INFO - Processing file /opt/airflow/dags/train_predict.py for tasks to queue
[2025-11-24T05:06:54.152+0000] {logging_mixin.py:190} INFO - [2025-11-24T05:06:54.152+0000] {dagbag.py:587} INFO - Filling up the DagBag from /opt/airflow/dags/train_predict.py
[2025-11-24T05:06:54.161+0000] {processor.py:925} INFO - DAG(s) 'TrainPredict' retrieved from /opt/airflow/dags/train_predict.py
[2025-11-24T05:06:54.174+0000] {logging_mixin.py:190} INFO - [2025-11-24T05:06:54.174+0000] {dag.py:3229} INFO - Sync 1 DAGs
[2025-11-24T05:06:54.187+0000] {logging_mixin.py:190} INFO - [2025-11-24T05:06:54.186+0000] {dag.py:4156} INFO - Setting next_dagrun for TrainPredict to 2025-11-24 03:30:00+00:00, run_after=2025-11-25 03:30:00+00:00
[2025-11-24T05:06:54.196+0000] {processor.py:208} INFO - Processing /opt/airflow/dags/train_predict.py took 0.050 seconds
[2025-11-24T05:07:24.583+0000] {processor.py:186} INFO - Started process (PID=17918) to work on /opt/airflow/dags/train_predict.py
[2025-11-24T05:07:24.584+0000] {processor.py:914} INFO - Processing file /opt/airflow/dags/train_predict.py for tasks to queue
[2025-11-24T05:07:24.587+0000] {logging_mixin.py:190} INFO - [2025-11-24T05:07:24.587+0000] {dagbag.py:587} INFO - Filling up the DagBag from /opt/airflow/dags/train_predict.py
[2025-11-24T05:07:24.604+0000] {processor.py:925} INFO - DAG(s) 'TrainPredict' retrieved from /opt/airflow/dags/train_predict.py
[2025-11-24T05:07:24.621+0000] {logging_mixin.py:190} INFO - [2025-11-24T05:07:24.620+0000] {dag.py:3229} INFO - Sync 1 DAGs
[2025-11-24T05:07:24.633+0000] {logging_mixin.py:190} INFO - [2025-11-24T05:07:24.633+0000] {dag.py:4156} INFO - Setting next_dagrun for TrainPredict to 2025-11-24 03:30:00+00:00, run_after=2025-11-25 03:30:00+00:00
[2025-11-24T05:07:24.644+0000] {processor.py:208} INFO - Processing /opt/airflow/dags/train_predict.py took 0.065 seconds
[2025-11-24T05:07:55.010+0000] {processor.py:186} INFO - Started process (PID=17944) to work on /opt/airflow/dags/train_predict.py
[2025-11-24T05:07:55.011+0000] {processor.py:914} INFO - Processing file /opt/airflow/dags/train_predict.py for tasks to queue
[2025-11-24T05:07:55.012+0000] {logging_mixin.py:190} INFO - [2025-11-24T05:07:55.012+0000] {dagbag.py:587} INFO - Filling up the DagBag from /opt/airflow/dags/train_predict.py
[2025-11-24T05:07:55.019+0000] {processor.py:925} INFO - DAG(s) 'TrainPredict' retrieved from /opt/airflow/dags/train_predict.py
[2025-11-24T05:07:55.031+0000] {logging_mixin.py:190} INFO - [2025-11-24T05:07:55.030+0000] {dag.py:3229} INFO - Sync 1 DAGs
[2025-11-24T05:07:55.041+0000] {logging_mixin.py:190} INFO - [2025-11-24T05:07:55.041+0000] {dag.py:4156} INFO - Setting next_dagrun for TrainPredict to 2025-11-24 03:30:00+00:00, run_after=2025-11-25 03:30:00+00:00
[2025-11-24T05:07:55.050+0000] {processor.py:208} INFO - Processing /opt/airflow/dags/train_predict.py took 0.044 seconds
[2025-11-24T05:08:25.475+0000] {processor.py:186} INFO - Started process (PID=17970) to work on /opt/airflow/dags/train_predict.py
[2025-11-24T05:08:25.476+0000] {processor.py:914} INFO - Processing file /opt/airflow/dags/train_predict.py for tasks to queue
[2025-11-24T05:08:25.478+0000] {logging_mixin.py:190} INFO - [2025-11-24T05:08:25.478+0000] {dagbag.py:587} INFO - Filling up the DagBag from /opt/airflow/dags/train_predict.py
[2025-11-24T05:08:25.489+0000] {processor.py:925} INFO - DAG(s) 'TrainPredict' retrieved from /opt/airflow/dags/train_predict.py
[2025-11-24T05:08:25.500+0000] {logging_mixin.py:190} INFO - [2025-11-24T05:08:25.500+0000] {dag.py:3229} INFO - Sync 1 DAGs
[2025-11-24T05:08:25.511+0000] {logging_mixin.py:190} INFO - [2025-11-24T05:08:25.511+0000] {dag.py:4156} INFO - Setting next_dagrun for TrainPredict to 2025-11-24 03:30:00+00:00, run_after=2025-11-25 03:30:00+00:00
[2025-11-24T05:08:25.521+0000] {processor.py:208} INFO - Processing /opt/airflow/dags/train_predict.py took 0.050 seconds
[2025-11-24T05:08:56.046+0000] {processor.py:186} INFO - Started process (PID=17996) to work on /opt/airflow/dags/train_predict.py
[2025-11-24T05:08:56.047+0000] {processor.py:914} INFO - Processing file /opt/airflow/dags/train_predict.py for tasks to queue
[2025-11-24T05:08:56.050+0000] {logging_mixin.py:190} INFO - [2025-11-24T05:08:56.050+0000] {dagbag.py:587} INFO - Filling up the DagBag from /opt/airflow/dags/train_predict.py
[2025-11-24T05:08:56.064+0000] {processor.py:925} INFO - DAG(s) 'TrainPredict' retrieved from /opt/airflow/dags/train_predict.py
[2025-11-24T05:08:56.085+0000] {logging_mixin.py:190} INFO - [2025-11-24T05:08:56.085+0000] {dag.py:3229} INFO - Sync 1 DAGs
[2025-11-24T05:08:56.103+0000] {logging_mixin.py:190} INFO - [2025-11-24T05:08:56.103+0000] {dag.py:4156} INFO - Setting next_dagrun for TrainPredict to 2025-11-24 03:30:00+00:00, run_after=2025-11-25 03:30:00+00:00
[2025-11-24T05:08:56.115+0000] {processor.py:208} INFO - Processing /opt/airflow/dags/train_predict.py took 0.075 seconds
[2025-11-24T05:09:26.519+0000] {processor.py:186} INFO - Started process (PID=18022) to work on /opt/airflow/dags/train_predict.py
[2025-11-24T05:09:26.520+0000] {processor.py:914} INFO - Processing file /opt/airflow/dags/train_predict.py for tasks to queue
[2025-11-24T05:09:26.523+0000] {logging_mixin.py:190} INFO - [2025-11-24T05:09:26.523+0000] {dagbag.py:587} INFO - Filling up the DagBag from /opt/airflow/dags/train_predict.py
[2025-11-24T05:09:26.535+0000] {processor.py:925} INFO - DAG(s) 'TrainPredict' retrieved from /opt/airflow/dags/train_predict.py
[2025-11-24T05:09:26.556+0000] {logging_mixin.py:190} INFO - [2025-11-24T05:09:26.556+0000] {dag.py:3229} INFO - Sync 1 DAGs
[2025-11-24T05:09:26.574+0000] {logging_mixin.py:190} INFO - [2025-11-24T05:09:26.573+0000] {dag.py:4156} INFO - Setting next_dagrun for TrainPredict to 2025-11-24 03:30:00+00:00, run_after=2025-11-25 03:30:00+00:00
[2025-11-24T05:09:26.584+0000] {processor.py:208} INFO - Processing /opt/airflow/dags/train_predict.py took 0.071 seconds
[2025-11-24T05:09:56.966+0000] {processor.py:186} INFO - Started process (PID=18048) to work on /opt/airflow/dags/train_predict.py
[2025-11-24T05:09:56.967+0000] {processor.py:914} INFO - Processing file /opt/airflow/dags/train_predict.py for tasks to queue
[2025-11-24T05:09:56.969+0000] {logging_mixin.py:190} INFO - [2025-11-24T05:09:56.969+0000] {dagbag.py:587} INFO - Filling up the DagBag from /opt/airflow/dags/train_predict.py
[2025-11-24T05:09:56.977+0000] {processor.py:925} INFO - DAG(s) 'TrainPredict' retrieved from /opt/airflow/dags/train_predict.py
[2025-11-24T05:09:56.991+0000] {logging_mixin.py:190} INFO - [2025-11-24T05:09:56.990+0000] {dag.py:3229} INFO - Sync 1 DAGs
[2025-11-24T05:09:57.004+0000] {logging_mixin.py:190} INFO - [2025-11-24T05:09:57.004+0000] {dag.py:4156} INFO - Setting next_dagrun for TrainPredict to 2025-11-24 03:30:00+00:00, run_after=2025-11-25 03:30:00+00:00
[2025-11-24T05:09:57.013+0000] {processor.py:208} INFO - Processing /opt/airflow/dags/train_predict.py took 0.052 seconds
[2025-11-24T05:10:27.378+0000] {processor.py:186} INFO - Started process (PID=18074) to work on /opt/airflow/dags/train_predict.py
[2025-11-24T05:10:27.378+0000] {processor.py:914} INFO - Processing file /opt/airflow/dags/train_predict.py for tasks to queue
[2025-11-24T05:10:27.381+0000] {logging_mixin.py:190} INFO - [2025-11-24T05:10:27.381+0000] {dagbag.py:587} INFO - Filling up the DagBag from /opt/airflow/dags/train_predict.py
[2025-11-24T05:10:27.389+0000] {processor.py:925} INFO - DAG(s) 'TrainPredict' retrieved from /opt/airflow/dags/train_predict.py
[2025-11-24T05:10:27.401+0000] {logging_mixin.py:190} INFO - [2025-11-24T05:10:27.401+0000] {dag.py:3229} INFO - Sync 1 DAGs
[2025-11-24T05:10:27.412+0000] {logging_mixin.py:190} INFO - [2025-11-24T05:10:27.412+0000] {dag.py:4156} INFO - Setting next_dagrun for TrainPredict to 2025-11-24 03:30:00+00:00, run_after=2025-11-25 03:30:00+00:00
[2025-11-24T05:10:27.421+0000] {processor.py:208} INFO - Processing /opt/airflow/dags/train_predict.py took 0.048 seconds
[2025-11-24T05:10:57.810+0000] {processor.py:186} INFO - Started process (PID=18100) to work on /opt/airflow/dags/train_predict.py
[2025-11-24T05:10:57.810+0000] {processor.py:914} INFO - Processing file /opt/airflow/dags/train_predict.py for tasks to queue
[2025-11-24T05:10:57.812+0000] {logging_mixin.py:190} INFO - [2025-11-24T05:10:57.812+0000] {dagbag.py:587} INFO - Filling up the DagBag from /opt/airflow/dags/train_predict.py
[2025-11-24T05:10:57.821+0000] {processor.py:925} INFO - DAG(s) 'TrainPredict' retrieved from /opt/airflow/dags/train_predict.py
[2025-11-24T05:10:57.831+0000] {logging_mixin.py:190} INFO - [2025-11-24T05:10:57.830+0000] {dag.py:3229} INFO - Sync 1 DAGs
[2025-11-24T05:10:57.844+0000] {logging_mixin.py:190} INFO - [2025-11-24T05:10:57.844+0000] {dag.py:4156} INFO - Setting next_dagrun for TrainPredict to 2025-11-24 03:30:00+00:00, run_after=2025-11-25 03:30:00+00:00
[2025-11-24T05:10:57.854+0000] {processor.py:208} INFO - Processing /opt/airflow/dags/train_predict.py took 0.048 seconds
[2025-11-24T05:11:28.285+0000] {processor.py:186} INFO - Started process (PID=18126) to work on /opt/airflow/dags/train_predict.py
[2025-11-24T05:11:28.287+0000] {processor.py:914} INFO - Processing file /opt/airflow/dags/train_predict.py for tasks to queue
[2025-11-24T05:11:28.289+0000] {logging_mixin.py:190} INFO - [2025-11-24T05:11:28.289+0000] {dagbag.py:587} INFO - Filling up the DagBag from /opt/airflow/dags/train_predict.py
[2025-11-24T05:11:28.301+0000] {processor.py:925} INFO - DAG(s) 'TrainPredict' retrieved from /opt/airflow/dags/train_predict.py
[2025-11-24T05:11:28.320+0000] {logging_mixin.py:190} INFO - [2025-11-24T05:11:28.319+0000] {dag.py:3229} INFO - Sync 1 DAGs
[2025-11-24T05:11:28.337+0000] {logging_mixin.py:190} INFO - [2025-11-24T05:11:28.336+0000] {dag.py:4156} INFO - Setting next_dagrun for TrainPredict to 2025-11-24 03:30:00+00:00, run_after=2025-11-25 03:30:00+00:00
[2025-11-24T05:11:28.350+0000] {processor.py:208} INFO - Processing /opt/airflow/dags/train_predict.py took 0.072 seconds
[2025-11-24T05:11:58.741+0000] {processor.py:186} INFO - Started process (PID=18152) to work on /opt/airflow/dags/train_predict.py
[2025-11-24T05:11:58.743+0000] {processor.py:914} INFO - Processing file /opt/airflow/dags/train_predict.py for tasks to queue
[2025-11-24T05:11:58.746+0000] {logging_mixin.py:190} INFO - [2025-11-24T05:11:58.746+0000] {dagbag.py:587} INFO - Filling up the DagBag from /opt/airflow/dags/train_predict.py
[2025-11-24T05:11:58.761+0000] {processor.py:925} INFO - DAG(s) 'TrainPredict' retrieved from /opt/airflow/dags/train_predict.py
[2025-11-24T05:11:58.779+0000] {logging_mixin.py:190} INFO - [2025-11-24T05:11:58.778+0000] {dag.py:3229} INFO - Sync 1 DAGs
[2025-11-24T05:11:58.795+0000] {logging_mixin.py:190} INFO - [2025-11-24T05:11:58.794+0000] {dag.py:4156} INFO - Setting next_dagrun for TrainPredict to 2025-11-24 03:30:00+00:00, run_after=2025-11-25 03:30:00+00:00
[2025-11-24T05:11:58.805+0000] {processor.py:208} INFO - Processing /opt/airflow/dags/train_predict.py took 0.070 seconds
[2025-11-24T05:12:29.245+0000] {processor.py:186} INFO - Started process (PID=18178) to work on /opt/airflow/dags/train_predict.py
[2025-11-24T05:12:29.246+0000] {processor.py:914} INFO - Processing file /opt/airflow/dags/train_predict.py for tasks to queue
[2025-11-24T05:12:29.248+0000] {logging_mixin.py:190} INFO - [2025-11-24T05:12:29.247+0000] {dagbag.py:587} INFO - Filling up the DagBag from /opt/airflow/dags/train_predict.py
[2025-11-24T05:12:29.257+0000] {processor.py:925} INFO - DAG(s) 'TrainPredict' retrieved from /opt/airflow/dags/train_predict.py
[2025-11-24T05:12:29.270+0000] {logging_mixin.py:190} INFO - [2025-11-24T05:12:29.270+0000] {dag.py:3229} INFO - Sync 1 DAGs
[2025-11-24T05:12:29.282+0000] {logging_mixin.py:190} INFO - [2025-11-24T05:12:29.282+0000] {dag.py:4156} INFO - Setting next_dagrun for TrainPredict to 2025-11-24 03:30:00+00:00, run_after=2025-11-25 03:30:00+00:00
[2025-11-24T05:12:29.291+0000] {processor.py:208} INFO - Processing /opt/airflow/dags/train_predict.py took 0.052 seconds
[2025-11-24T05:12:59.736+0000] {processor.py:186} INFO - Started process (PID=18204) to work on /opt/airflow/dags/train_predict.py
[2025-11-24T05:12:59.741+0000] {processor.py:914} INFO - Processing file /opt/airflow/dags/train_predict.py for tasks to queue
[2025-11-24T05:12:59.745+0000] {logging_mixin.py:190} INFO - [2025-11-24T05:12:59.745+0000] {dagbag.py:587} INFO - Filling up the DagBag from /opt/airflow/dags/train_predict.py
[2025-11-24T05:12:59.754+0000] {processor.py:925} INFO - DAG(s) 'TrainPredict' retrieved from /opt/airflow/dags/train_predict.py
[2025-11-24T05:12:59.769+0000] {logging_mixin.py:190} INFO - [2025-11-24T05:12:59.768+0000] {dag.py:3229} INFO - Sync 1 DAGs
[2025-11-24T05:12:59.782+0000] {logging_mixin.py:190} INFO - [2025-11-24T05:12:59.782+0000] {dag.py:4156} INFO - Setting next_dagrun for TrainPredict to 2025-11-24 03:30:00+00:00, run_after=2025-11-25 03:30:00+00:00
[2025-11-24T05:12:59.791+0000] {processor.py:208} INFO - Processing /opt/airflow/dags/train_predict.py took 0.061 seconds
[2025-11-24T05:13:30.177+0000] {processor.py:186} INFO - Started process (PID=18230) to work on /opt/airflow/dags/train_predict.py
[2025-11-24T05:13:30.179+0000] {processor.py:914} INFO - Processing file /opt/airflow/dags/train_predict.py for tasks to queue
[2025-11-24T05:13:30.182+0000] {logging_mixin.py:190} INFO - [2025-11-24T05:13:30.182+0000] {dagbag.py:587} INFO - Filling up the DagBag from /opt/airflow/dags/train_predict.py
[2025-11-24T05:13:30.193+0000] {processor.py:925} INFO - DAG(s) 'TrainPredict' retrieved from /opt/airflow/dags/train_predict.py
[2025-11-24T05:13:30.211+0000] {logging_mixin.py:190} INFO - [2025-11-24T05:13:30.210+0000] {dag.py:3229} INFO - Sync 1 DAGs
[2025-11-24T05:13:30.226+0000] {logging_mixin.py:190} INFO - [2025-11-24T05:13:30.225+0000] {dag.py:4156} INFO - Setting next_dagrun for TrainPredict to 2025-11-24 03:30:00+00:00, run_after=2025-11-25 03:30:00+00:00
[2025-11-24T05:13:30.237+0000] {processor.py:208} INFO - Processing /opt/airflow/dags/train_predict.py took 0.065 seconds
[2025-11-24T05:14:00.674+0000] {processor.py:186} INFO - Started process (PID=18256) to work on /opt/airflow/dags/train_predict.py
[2025-11-24T05:14:00.676+0000] {processor.py:914} INFO - Processing file /opt/airflow/dags/train_predict.py for tasks to queue
[2025-11-24T05:14:00.679+0000] {logging_mixin.py:190} INFO - [2025-11-24T05:14:00.679+0000] {dagbag.py:587} INFO - Filling up the DagBag from /opt/airflow/dags/train_predict.py
[2025-11-24T05:14:00.695+0000] {processor.py:925} INFO - DAG(s) 'TrainPredict' retrieved from /opt/airflow/dags/train_predict.py
[2025-11-24T05:14:00.712+0000] {logging_mixin.py:190} INFO - [2025-11-24T05:14:00.711+0000] {dag.py:3229} INFO - Sync 1 DAGs
[2025-11-24T05:14:00.735+0000] {logging_mixin.py:190} INFO - [2025-11-24T05:14:00.735+0000] {dag.py:4156} INFO - Setting next_dagrun for TrainPredict to 2025-11-24 03:30:00+00:00, run_after=2025-11-25 03:30:00+00:00
[2025-11-24T05:14:00.744+0000] {processor.py:208} INFO - Processing /opt/airflow/dags/train_predict.py took 0.081 seconds
[2025-11-24T05:14:31.142+0000] {processor.py:186} INFO - Started process (PID=18282) to work on /opt/airflow/dags/train_predict.py
[2025-11-24T05:14:31.145+0000] {processor.py:914} INFO - Processing file /opt/airflow/dags/train_predict.py for tasks to queue
[2025-11-24T05:14:31.147+0000] {logging_mixin.py:190} INFO - [2025-11-24T05:14:31.147+0000] {dagbag.py:587} INFO - Filling up the DagBag from /opt/airflow/dags/train_predict.py
[2025-11-24T05:14:31.159+0000] {processor.py:925} INFO - DAG(s) 'TrainPredict' retrieved from /opt/airflow/dags/train_predict.py
[2025-11-24T05:14:31.176+0000] {logging_mixin.py:190} INFO - [2025-11-24T05:14:31.176+0000] {dag.py:3229} INFO - Sync 1 DAGs
[2025-11-24T05:14:31.190+0000] {logging_mixin.py:190} INFO - [2025-11-24T05:14:31.190+0000] {dag.py:4156} INFO - Setting next_dagrun for TrainPredict to 2025-11-24 03:30:00+00:00, run_after=2025-11-25 03:30:00+00:00
[2025-11-24T05:14:31.201+0000] {processor.py:208} INFO - Processing /opt/airflow/dags/train_predict.py took 0.064 seconds
[2025-11-24T05:15:01.589+0000] {processor.py:186} INFO - Started process (PID=18308) to work on /opt/airflow/dags/train_predict.py
[2025-11-24T05:15:01.590+0000] {processor.py:914} INFO - Processing file /opt/airflow/dags/train_predict.py for tasks to queue
[2025-11-24T05:15:01.592+0000] {logging_mixin.py:190} INFO - [2025-11-24T05:15:01.592+0000] {dagbag.py:587} INFO - Filling up the DagBag from /opt/airflow/dags/train_predict.py
[2025-11-24T05:15:01.605+0000] {processor.py:925} INFO - DAG(s) 'TrainPredict' retrieved from /opt/airflow/dags/train_predict.py
[2025-11-24T05:15:01.624+0000] {logging_mixin.py:190} INFO - [2025-11-24T05:15:01.624+0000] {dag.py:3229} INFO - Sync 1 DAGs
[2025-11-24T05:15:01.640+0000] {logging_mixin.py:190} INFO - [2025-11-24T05:15:01.640+0000] {dag.py:4156} INFO - Setting next_dagrun for TrainPredict to 2025-11-24 03:30:00+00:00, run_after=2025-11-25 03:30:00+00:00
[2025-11-24T05:15:01.651+0000] {processor.py:208} INFO - Processing /opt/airflow/dags/train_predict.py took 0.068 seconds
[2025-11-24T05:15:32.115+0000] {processor.py:186} INFO - Started process (PID=18334) to work on /opt/airflow/dags/train_predict.py
[2025-11-24T05:15:32.116+0000] {processor.py:914} INFO - Processing file /opt/airflow/dags/train_predict.py for tasks to queue
[2025-11-24T05:15:32.120+0000] {logging_mixin.py:190} INFO - [2025-11-24T05:15:32.120+0000] {dagbag.py:587} INFO - Filling up the DagBag from /opt/airflow/dags/train_predict.py
[2025-11-24T05:15:32.133+0000] {processor.py:925} INFO - DAG(s) 'TrainPredict' retrieved from /opt/airflow/dags/train_predict.py
[2025-11-24T05:15:32.151+0000] {logging_mixin.py:190} INFO - [2025-11-24T05:15:32.151+0000] {dag.py:3229} INFO - Sync 1 DAGs
[2025-11-24T05:15:32.166+0000] {logging_mixin.py:190} INFO - [2025-11-24T05:15:32.165+0000] {dag.py:4156} INFO - Setting next_dagrun for TrainPredict to 2025-11-24 03:30:00+00:00, run_after=2025-11-25 03:30:00+00:00
[2025-11-24T05:15:32.176+0000] {processor.py:208} INFO - Processing /opt/airflow/dags/train_predict.py took 0.069 seconds
[2025-11-24T05:16:02.600+0000] {processor.py:186} INFO - Started process (PID=18360) to work on /opt/airflow/dags/train_predict.py
[2025-11-24T05:16:02.601+0000] {processor.py:914} INFO - Processing file /opt/airflow/dags/train_predict.py for tasks to queue
[2025-11-24T05:16:02.604+0000] {logging_mixin.py:190} INFO - [2025-11-24T05:16:02.603+0000] {dagbag.py:587} INFO - Filling up the DagBag from /opt/airflow/dags/train_predict.py
[2025-11-24T05:16:02.612+0000] {processor.py:925} INFO - DAG(s) 'TrainPredict' retrieved from /opt/airflow/dags/train_predict.py
[2025-11-24T05:16:02.629+0000] {logging_mixin.py:190} INFO - [2025-11-24T05:16:02.629+0000] {dag.py:3229} INFO - Sync 1 DAGs
[2025-11-24T05:16:02.642+0000] {logging_mixin.py:190} INFO - [2025-11-24T05:16:02.642+0000] {dag.py:4156} INFO - Setting next_dagrun for TrainPredict to 2025-11-24 03:30:00+00:00, run_after=2025-11-25 03:30:00+00:00
[2025-11-24T05:16:02.651+0000] {processor.py:208} INFO - Processing /opt/airflow/dags/train_predict.py took 0.056 seconds
[2025-11-24T05:16:32.974+0000] {processor.py:186} INFO - Started process (PID=18386) to work on /opt/airflow/dags/train_predict.py
[2025-11-24T05:16:32.975+0000] {processor.py:914} INFO - Processing file /opt/airflow/dags/train_predict.py for tasks to queue
[2025-11-24T05:16:32.976+0000] {logging_mixin.py:190} INFO - [2025-11-24T05:16:32.976+0000] {dagbag.py:587} INFO - Filling up the DagBag from /opt/airflow/dags/train_predict.py
[2025-11-24T05:16:32.989+0000] {processor.py:925} INFO - DAG(s) 'TrainPredict' retrieved from /opt/airflow/dags/train_predict.py
[2025-11-24T05:16:33.000+0000] {logging_mixin.py:190} INFO - [2025-11-24T05:16:33.000+0000] {dag.py:3229} INFO - Sync 1 DAGs
[2025-11-24T05:16:33.010+0000] {logging_mixin.py:190} INFO - [2025-11-24T05:16:33.010+0000] {dag.py:4156} INFO - Setting next_dagrun for TrainPredict to 2025-11-24 03:30:00+00:00, run_after=2025-11-25 03:30:00+00:00
[2025-11-24T05:16:33.017+0000] {processor.py:208} INFO - Processing /opt/airflow/dags/train_predict.py took 0.048 seconds
[2025-11-24T05:17:03.395+0000] {processor.py:186} INFO - Started process (PID=18412) to work on /opt/airflow/dags/train_predict.py
[2025-11-24T05:17:03.396+0000] {processor.py:914} INFO - Processing file /opt/airflow/dags/train_predict.py for tasks to queue
[2025-11-24T05:17:03.398+0000] {logging_mixin.py:190} INFO - [2025-11-24T05:17:03.398+0000] {dagbag.py:587} INFO - Filling up the DagBag from /opt/airflow/dags/train_predict.py
[2025-11-24T05:17:03.410+0000] {processor.py:925} INFO - DAG(s) 'TrainPredict' retrieved from /opt/airflow/dags/train_predict.py
[2025-11-24T05:17:03.427+0000] {logging_mixin.py:190} INFO - [2025-11-24T05:17:03.427+0000] {dag.py:3229} INFO - Sync 1 DAGs
[2025-11-24T05:17:03.440+0000] {logging_mixin.py:190} INFO - [2025-11-24T05:17:03.440+0000] {dag.py:4156} INFO - Setting next_dagrun for TrainPredict to 2025-11-24 03:30:00+00:00, run_after=2025-11-25 03:30:00+00:00
[2025-11-24T05:17:03.451+0000] {processor.py:208} INFO - Processing /opt/airflow/dags/train_predict.py took 0.063 seconds
[2025-11-24T05:17:33.890+0000] {processor.py:186} INFO - Started process (PID=18438) to work on /opt/airflow/dags/train_predict.py
[2025-11-24T05:17:33.891+0000] {processor.py:914} INFO - Processing file /opt/airflow/dags/train_predict.py for tasks to queue
[2025-11-24T05:17:33.893+0000] {logging_mixin.py:190} INFO - [2025-11-24T05:17:33.893+0000] {dagbag.py:587} INFO - Filling up the DagBag from /opt/airflow/dags/train_predict.py
[2025-11-24T05:17:33.901+0000] {processor.py:925} INFO - DAG(s) 'TrainPredict' retrieved from /opt/airflow/dags/train_predict.py
[2025-11-24T05:17:33.914+0000] {logging_mixin.py:190} INFO - [2025-11-24T05:17:33.914+0000] {dag.py:3229} INFO - Sync 1 DAGs
[2025-11-24T05:17:33.928+0000] {logging_mixin.py:190} INFO - [2025-11-24T05:17:33.927+0000] {dag.py:4156} INFO - Setting next_dagrun for TrainPredict to 2025-11-24 03:30:00+00:00, run_after=2025-11-25 03:30:00+00:00
[2025-11-24T05:17:33.937+0000] {processor.py:208} INFO - Processing /opt/airflow/dags/train_predict.py took 0.053 seconds
[2025-11-24T05:18:04.322+0000] {processor.py:186} INFO - Started process (PID=18464) to work on /opt/airflow/dags/train_predict.py
[2025-11-24T05:18:04.323+0000] {processor.py:914} INFO - Processing file /opt/airflow/dags/train_predict.py for tasks to queue
[2025-11-24T05:18:04.326+0000] {logging_mixin.py:190} INFO - [2025-11-24T05:18:04.326+0000] {dagbag.py:587} INFO - Filling up the DagBag from /opt/airflow/dags/train_predict.py
[2025-11-24T05:18:04.337+0000] {processor.py:925} INFO - DAG(s) 'TrainPredict' retrieved from /opt/airflow/dags/train_predict.py
[2025-11-24T05:18:04.353+0000] {logging_mixin.py:190} INFO - [2025-11-24T05:18:04.353+0000] {dag.py:3229} INFO - Sync 1 DAGs
[2025-11-24T05:18:04.368+0000] {logging_mixin.py:190} INFO - [2025-11-24T05:18:04.368+0000] {dag.py:4156} INFO - Setting next_dagrun for TrainPredict to 2025-11-24 03:30:00+00:00, run_after=2025-11-25 03:30:00+00:00
[2025-11-24T05:18:04.377+0000] {processor.py:208} INFO - Processing /opt/airflow/dags/train_predict.py took 0.061 seconds
[2025-11-24T05:18:34.742+0000] {processor.py:186} INFO - Started process (PID=18490) to work on /opt/airflow/dags/train_predict.py
[2025-11-24T05:18:34.743+0000] {processor.py:914} INFO - Processing file /opt/airflow/dags/train_predict.py for tasks to queue
[2025-11-24T05:18:34.746+0000] {logging_mixin.py:190} INFO - [2025-11-24T05:18:34.746+0000] {dagbag.py:587} INFO - Filling up the DagBag from /opt/airflow/dags/train_predict.py
[2025-11-24T05:18:34.759+0000] {processor.py:925} INFO - DAG(s) 'TrainPredict' retrieved from /opt/airflow/dags/train_predict.py
[2025-11-24T05:18:34.782+0000] {logging_mixin.py:190} INFO - [2025-11-24T05:18:34.781+0000] {dag.py:3229} INFO - Sync 1 DAGs
[2025-11-24T05:18:34.798+0000] {logging_mixin.py:190} INFO - [2025-11-24T05:18:34.797+0000] {dag.py:4156} INFO - Setting next_dagrun for TrainPredict to 2025-11-24 03:30:00+00:00, run_after=2025-11-25 03:30:00+00:00
[2025-11-24T05:18:34.810+0000] {processor.py:208} INFO - Processing /opt/airflow/dags/train_predict.py took 0.075 seconds
[2025-11-24T05:19:05.270+0000] {processor.py:186} INFO - Started process (PID=18516) to work on /opt/airflow/dags/train_predict.py
[2025-11-24T05:19:05.271+0000] {processor.py:914} INFO - Processing file /opt/airflow/dags/train_predict.py for tasks to queue
[2025-11-24T05:19:05.273+0000] {logging_mixin.py:190} INFO - [2025-11-24T05:19:05.273+0000] {dagbag.py:587} INFO - Filling up the DagBag from /opt/airflow/dags/train_predict.py
[2025-11-24T05:19:05.284+0000] {processor.py:925} INFO - DAG(s) 'TrainPredict' retrieved from /opt/airflow/dags/train_predict.py
[2025-11-24T05:19:05.301+0000] {logging_mixin.py:190} INFO - [2025-11-24T05:19:05.301+0000] {dag.py:3229} INFO - Sync 1 DAGs
[2025-11-24T05:19:05.316+0000] {logging_mixin.py:190} INFO - [2025-11-24T05:19:05.315+0000] {dag.py:4156} INFO - Setting next_dagrun for TrainPredict to 2025-11-24 03:30:00+00:00, run_after=2025-11-25 03:30:00+00:00
[2025-11-24T05:19:05.328+0000] {processor.py:208} INFO - Processing /opt/airflow/dags/train_predict.py took 0.064 seconds
