[2025-12-06T04:01:07.442+0000] {local_task_job_runner.py:123} INFO - ::group::Pre task execution logs
[2025-12-06T04:01:07.453+0000] {taskinstance.py:2612} INFO - Dependencies all met for dep_context=non-requeueable deps ti=<TaskInstance: elt_dbt_downstream.dbt_run_downstream scheduled__2025-12-05T04:00:00+00:00 [queued]>
[2025-12-06T04:01:07.457+0000] {taskinstance.py:2612} INFO - Dependencies all met for dep_context=requeueable deps ti=<TaskInstance: elt_dbt_downstream.dbt_run_downstream scheduled__2025-12-05T04:00:00+00:00 [queued]>
[2025-12-06T04:01:07.457+0000] {taskinstance.py:2865} INFO - Starting attempt 1 of 2
[2025-12-06T04:01:07.462+0000] {taskinstance.py:2888} INFO - Executing <Task(BashOperator): dbt_run_downstream> on 2025-12-05 04:00:00+00:00
[2025-12-06T04:01:07.466+0000] {standard_task_runner.py:104} INFO - Running: ['***', 'tasks', 'run', 'elt_dbt_downstream', 'dbt_run_downstream', 'scheduled__2025-12-05T04:00:00+00:00', '--job-id', '315', '--raw', '--subdir', 'DAGS_FOLDER/elt_dbt_downstream.py', '--cfg-path', '/tmp/tmp3wb4ldx2']
[2025-12-06T04:01:07.470+0000] {standard_task_runner.py:105} INFO - Job 315: Subtask dbt_run_downstream
[2025-12-06T04:01:07.470+0000] {logging_mixin.py:190} WARNING - /home/***/.local/lib/python3.12/site-packages/***/task/task_runner/standard_task_runner.py:70 DeprecationWarning: This process (pid=19721) is multi-threaded, use of fork() may lead to deadlocks in the child.
[2025-12-06T04:01:07.471+0000] {standard_task_runner.py:72} INFO - Started process 19722 to run task
[2025-12-06T04:01:07.497+0000] {task_command.py:467} INFO - Running <TaskInstance: elt_dbt_downstream.dbt_run_downstream scheduled__2025-12-05T04:00:00+00:00 [running]> on host 7c17d7f5e8b7
[2025-12-06T04:01:07.530+0000] {taskinstance.py:3131} INFO - Exporting env vars: AIRFLOW_CTX_DAG_OWNER='***' AIRFLOW_CTX_DAG_ID='elt_dbt_downstream' AIRFLOW_CTX_TASK_ID='dbt_run_downstream' AIRFLOW_CTX_EXECUTION_DATE='2025-12-05T04:00:00+00:00' AIRFLOW_CTX_TRY_NUMBER='1' AIRFLOW_CTX_DAG_RUN_ID='scheduled__2025-12-05T04:00:00+00:00'
[2025-12-06T04:01:07.530+0000] {taskinstance.py:731} INFO - ::endgroup::
[2025-12-06T04:01:07.537+0000] {subprocess.py:63} INFO - Tmp dir root location: /tmp
[2025-12-06T04:01:07.538+0000] {subprocess.py:75} INFO - Running command: ['/usr/bin/bash', '-c', 'set -euo pipefail;cd /opt/***/dbt/stock_analytics && dbt run --select mart_forecast_combined mart_risk_reward_scatter mart_market_regime --profiles-dir /opt/***/dbt']
[2025-12-06T04:01:07.541+0000] {subprocess.py:86} INFO - Output:
[2025-12-06T04:01:08.735+0000] {subprocess.py:93} INFO - [0m04:01:08  Running with dbt=1.11.0-rc1
[2025-12-06T04:01:08.924+0000] {subprocess.py:93} INFO - [0m04:01:08  Registered adapter: snowflake=1.10.3
[2025-12-06T04:01:09.162+0000] {subprocess.py:93} INFO - [0m04:01:09  Found 6 models, 29 data tests, 1 seed, 2 sources, 504 macros
[2025-12-06T04:01:09.164+0000] {subprocess.py:93} INFO - [0m04:01:09
[2025-12-06T04:01:09.164+0000] {subprocess.py:93} INFO - [0m04:01:09  Concurrency: 4 threads (target='dev')
[2025-12-06T04:01:09.164+0000] {subprocess.py:93} INFO - [0m04:01:09
[2025-12-06T04:01:11.345+0000] {subprocess.py:93} INFO - [0m04:01:11  1 of 3 START sql table model PUBLIC_ANALYTICS.mart_forecast_combined ........... [RUN]
[2025-12-06T04:01:11.346+0000] {subprocess.py:93} INFO - [0m04:01:11  2 of 3 START sql table model PUBLIC_ANALYTICS.mart_market_regime ............... [RUN]
[2025-12-06T04:01:11.347+0000] {subprocess.py:93} INFO - [0m04:01:11  3 of 3 START sql table model PUBLIC_ANALYTICS.mart_risk_reward_scatter ......... [RUN]
[2025-12-06T04:01:14.019+0000] {subprocess.py:93} INFO - [0m04:01:14  2 of 3 OK created sql table model PUBLIC_ANALYTICS.mart_market_regime .......... [[32mSUCCESS 1[0m in 2.67s]
[2025-12-06T04:01:14.729+0000] {subprocess.py:93} INFO - [0m04:01:14  1 of 3 OK created sql table model PUBLIC_ANALYTICS.mart_forecast_combined ...... [[32mSUCCESS 1[0m in 3.37s]
[2025-12-06T04:01:15.709+0000] {subprocess.py:93} INFO - [0m04:01:15  3 of 3 OK created sql table model PUBLIC_ANALYTICS.mart_risk_reward_scatter .... [[32mSUCCESS 1[0m in 4.05s]
[2025-12-06T04:01:17.260+0000] {subprocess.py:93} INFO - [0m04:01:17
[2025-12-06T04:01:17.263+0000] {subprocess.py:93} INFO - [0m04:01:17  Finished running 3 table models in 0 hours 0 minutes and 8.09 seconds (8.09s).
[2025-12-06T04:01:17.324+0000] {subprocess.py:93} INFO - [0m04:01:17
[2025-12-06T04:01:17.324+0000] {subprocess.py:93} INFO - [0m04:01:17  [32mCompleted successfully[0m
[2025-12-06T04:01:17.325+0000] {subprocess.py:93} INFO - [0m04:01:17
[2025-12-06T04:01:17.325+0000] {subprocess.py:93} INFO - [0m04:01:17  Done. PASS=3 WARN=0 ERROR=0 SKIP=0 NO-OP=0 TOTAL=3
[2025-12-06T04:01:18.058+0000] {subprocess.py:97} INFO - Command exited with return code 0
[2025-12-06T04:01:18.083+0000] {taskinstance.py:340} INFO - ::group::Post task execution logs
[2025-12-06T04:01:18.084+0000] {taskinstance.py:352} INFO - Marking task as SUCCESS. dag_id=elt_dbt_downstream, task_id=dbt_run_downstream, run_id=scheduled__2025-12-05T04:00:00+00:00, execution_date=20251205T040000, start_date=20251206T040107, end_date=20251206T040118
[2025-12-06T04:01:18.125+0000] {local_task_job_runner.py:266} INFO - Task exited with return code 0
[2025-12-06T04:01:18.140+0000] {taskinstance.py:3900} INFO - 1 downstream tasks scheduled from follow-on schedule check
[2025-12-06T04:01:18.141+0000] {local_task_job_runner.py:245} INFO - ::endgroup::
