[2025-11-21T23:54:25.625+0000] {local_task_job_runner.py:123} INFO - ::group::Pre task execution logs
[2025-11-21T23:54:25.634+0000] {taskinstance.py:2612} INFO - Dependencies all met for dep_context=non-requeueable deps ti=<TaskInstance: TrainPredict.predict manual__2025-11-21T23:52:32.764004+00:00 [queued]>
[2025-11-21T23:54:25.639+0000] {taskinstance.py:2612} INFO - Dependencies all met for dep_context=requeueable deps ti=<TaskInstance: TrainPredict.predict manual__2025-11-21T23:52:32.764004+00:00 [queued]>
[2025-11-21T23:54:25.639+0000] {taskinstance.py:2865} INFO - Starting attempt 1 of 1
[2025-11-21T23:54:25.647+0000] {taskinstance.py:2888} INFO - Executing <Task(_PythonDecoratedOperator): predict> on 2025-11-21 23:52:32.764004+00:00
[2025-11-21T23:54:25.652+0000] {logging_mixin.py:190} WARNING - /home/***/.local/lib/python3.12/site-packages/***/task/task_runner/standard_task_runner.py:70 DeprecationWarning: This process (pid=1444) is multi-threaded, use of fork() may lead to deadlocks in the child.
[2025-11-21T23:54:25.653+0000] {standard_task_runner.py:72} INFO - Started process 1449 to run task
[2025-11-21T23:54:25.653+0000] {standard_task_runner.py:104} INFO - Running: ['***', 'tasks', 'run', 'TrainPredict', 'predict', 'manual__2025-11-21T23:52:32.764004+00:00', '--job-id', '42', '--raw', '--subdir', 'DAGS_FOLDER/train_predict.py', '--cfg-path', '/tmp/tmpf__7y4l5']
[2025-11-21T23:54:25.654+0000] {standard_task_runner.py:105} INFO - Job 42: Subtask predict
[2025-11-21T23:54:25.679+0000] {task_command.py:467} INFO - Running <TaskInstance: TrainPredict.predict manual__2025-11-21T23:52:32.764004+00:00 [running]> on host 663ef6e4cd5f
[2025-11-21T23:54:25.722+0000] {taskinstance.py:3131} INFO - Exporting env vars: AIRFLOW_CTX_DAG_OWNER='***' AIRFLOW_CTX_DAG_ID='TrainPredict' AIRFLOW_CTX_TASK_ID='predict' AIRFLOW_CTX_EXECUTION_DATE='2025-11-21T23:52:32.764004+00:00' AIRFLOW_CTX_TRY_NUMBER='1' AIRFLOW_CTX_DAG_RUN_ID='manual__2025-11-21T23:52:32.764004+00:00'
[2025-11-21T23:54:25.723+0000] {taskinstance.py:731} INFO - ::endgroup::
[2025-11-21T23:54:50.873+0000] {cursor.py:1156} INFO - Number of results in first chunk: 1
[2025-11-21T23:54:52.052+0000] {cursor.py:1156} INFO - Number of results in first chunk: 1
[2025-11-21T23:54:52.053+0000] {python.py:240} INFO - Done. Returned value was: None
[2025-11-21T23:54:52.062+0000] {taskinstance.py:340} INFO - ::group::Post task execution logs
[2025-11-21T23:54:52.063+0000] {taskinstance.py:352} INFO - Marking task as SUCCESS. dag_id=TrainPredict, task_id=predict, run_id=manual__2025-11-21T23:52:32.764004+00:00, execution_date=20251121T235232, start_date=20251121T235425, end_date=20251121T235452
[2025-11-21T23:54:52.083+0000] {local_task_job_runner.py:266} INFO - Task exited with return code 0
[2025-11-21T23:54:52.094+0000] {taskinstance.py:3900} INFO - 0 downstream tasks scheduled from follow-on schedule check
[2025-11-21T23:54:52.094+0000] {local_task_job_runner.py:245} INFO - ::endgroup::
