[2025-11-21T17:07:11.329+0000] {local_task_job_runner.py:123} INFO - ::group::Pre task execution logs
[2025-11-21T17:07:11.334+0000] {taskinstance.py:2612} INFO - Dependencies all met for dep_context=non-requeueable deps ti=<TaskInstance: market_data_ingest.load_stage_full manual__2025-11-21T17:07:03.848557+00:00 [queued]>
[2025-11-21T17:07:11.336+0000] {taskinstance.py:2612} INFO - Dependencies all met for dep_context=requeueable deps ti=<TaskInstance: market_data_ingest.load_stage_full manual__2025-11-21T17:07:03.848557+00:00 [queued]>
[2025-11-21T17:07:11.336+0000] {taskinstance.py:2865} INFO - Starting attempt 1 of 2
[2025-11-21T17:07:11.340+0000] {taskinstance.py:2888} INFO - Executing <Task(PythonOperator): load_stage_full> on 2025-11-21 17:07:03.848557+00:00
[2025-11-21T17:07:11.343+0000] {logging_mixin.py:190} WARNING - /home/***/.local/lib/python3.12/site-packages/***/task/task_runner/standard_task_runner.py:70 DeprecationWarning: This process (pid=13019) is multi-threaded, use of fork() may lead to deadlocks in the child.
[2025-11-21T17:07:11.343+0000] {standard_task_runner.py:72} INFO - Started process 13022 to run task
[2025-11-21T17:07:11.343+0000] {standard_task_runner.py:104} INFO - Running: ['***', 'tasks', 'run', 'market_data_ingest', 'load_stage_full', 'manual__2025-11-21T17:07:03.848557+00:00', '--job-id', '35', '--raw', '--subdir', 'DAGS_FOLDER/market_data_ingest.py', '--cfg-path', '/tmp/tmptnmfcq05']
[2025-11-21T17:07:11.344+0000] {standard_task_runner.py:105} INFO - Job 35: Subtask load_stage_full
[2025-11-21T17:07:11.358+0000] {task_command.py:467} INFO - Running <TaskInstance: market_data_ingest.load_stage_full manual__2025-11-21T17:07:03.848557+00:00 [running]> on host 1b75444ae0b9
[2025-11-21T17:07:11.457+0000] {taskinstance.py:3131} INFO - Exporting env vars: AIRFLOW_CTX_DAG_OWNER='data' AIRFLOW_CTX_DAG_ID='market_data_ingest' AIRFLOW_CTX_TASK_ID='load_stage_full' AIRFLOW_CTX_EXECUTION_DATE='2025-11-21T17:07:03.848557+00:00' AIRFLOW_CTX_TRY_NUMBER='1' AIRFLOW_CTX_DAG_RUN_ID='manual__2025-11-21T17:07:03.848557+00:00'
[2025-11-21T17:07:11.458+0000] {taskinstance.py:731} INFO - ::endgroup::
[2025-11-21T17:07:11.462+0000] {market_data_ingest.py:108} INFO - [load_all] symbols=['AAPL', 'NVDA'] train_days=180
[2025-11-21T17:07:11.874+0000] {market_data_ingest.py:172} INFO - [load_all] AAPL: rows before=179 after=179
[2025-11-21T17:07:12.131+0000] {market_data_ingest.py:172} INFO - [load_all] NVDA: rows before=180 after=180
[2025-11-21T17:07:12.140+0000] {base.py:84} INFO - Retrieving connection 'snowflake_conn'
[2025-11-21T17:07:12.141+0000] {connection.py:413} INFO - Snowflake Connector for Python Version: 3.12.1, Python Version: 3.12.5, Platform: Linux-6.10.14-linuxkit-aarch64-with-glibc2.36
[2025-11-21T17:07:12.141+0000] {connection.py:1196} INFO - Connecting to GLOBAL Snowflake domain
[2025-11-21T17:07:12.141+0000] {connection.py:1277} INFO - This connection is in OCSP Fail Open Mode. TLS Certificates would be checked for validity and revocation status. Any other Certificate Revocation related exceptions or OCSP Responder failures would be disregarded in favor of connectivity.
[2025-11-21T17:07:12.542+0000] {market_data_ingest.py:182} INFO - [load_all] write_pandas -> USER_DB_OSTRICH.RAW.MARKET_DATA_STAGE
[2025-11-21T17:07:12.956+0000] {cursor.py:1156} INFO - Number of results in first chunk: 1
[2025-11-21T17:07:15.584+0000] {cursor.py:1156} INFO - Number of results in first chunk: 1
[2025-11-21T17:07:15.585+0000] {connection.py:788} INFO - closed
[2025-11-21T17:07:15.642+0000] {connection.py:794} INFO - No async queries seem to be running, deleting session
[2025-11-21T17:07:15.816+0000] {market_data_ingest.py:194} INFO - [load_all] staged rows=359 chunks=1
[2025-11-21T17:07:15.818+0000] {python.py:240} INFO - Done. Returned value was: None
[2025-11-21T17:07:15.831+0000] {taskinstance.py:340} INFO - ::group::Post task execution logs
[2025-11-21T17:07:15.831+0000] {taskinstance.py:352} INFO - Marking task as SUCCESS. dag_id=market_data_ingest, task_id=load_stage_full, run_id=manual__2025-11-21T17:07:03.848557+00:00, execution_date=20251121T170703, start_date=20251121T170711, end_date=20251121T170715
[2025-11-21T17:07:15.890+0000] {local_task_job_runner.py:266} INFO - Task exited with return code 0
[2025-11-21T17:07:15.897+0000] {local_task_job_runner.py:245} INFO - ::endgroup::
