[2025-12-07T02:49:56.162+0000] {local_task_job_runner.py:123} INFO - ::group::Pre task execution logs
[2025-12-07T02:49:56.169+0000] {taskinstance.py:2612} INFO - Dependencies all met for dep_context=non-requeueable deps ti=<TaskInstance: market_data_ingest.ensure_objects scheduled__2025-12-06T02:30:00+00:00 [queued]>
[2025-12-07T02:49:56.172+0000] {taskinstance.py:2612} INFO - Dependencies all met for dep_context=requeueable deps ti=<TaskInstance: market_data_ingest.ensure_objects scheduled__2025-12-06T02:30:00+00:00 [queued]>
[2025-12-07T02:49:56.173+0000] {taskinstance.py:2865} INFO - Starting attempt 1 of 2
[2025-12-07T02:49:56.178+0000] {taskinstance.py:2888} INFO - Executing <Task(SnowflakeOperator): ensure_objects> on 2025-12-06 02:30:00+00:00
[2025-12-07T02:49:56.184+0000] {logging_mixin.py:190} WARNING - /home/***/.local/lib/python3.12/site-packages/***/task/task_runner/standard_task_runner.py:70 DeprecationWarning: This process (pid=48372) is multi-threaded, use of fork() may lead to deadlocks in the child.
[2025-12-07T02:49:56.185+0000] {standard_task_runner.py:72} INFO - Started process 48405 to run task
[2025-12-07T02:49:56.186+0000] {standard_task_runner.py:104} INFO - Running: ['***', 'tasks', 'run', 'market_data_ingest', 'ensure_objects', 'scheduled__2025-12-06T02:30:00+00:00', '--job-id', '362', '--raw', '--subdir', 'DAGS_FOLDER/market_data_ingest.py', '--cfg-path', '/tmp/tmp596jaoxu']
[2025-12-07T02:49:56.188+0000] {standard_task_runner.py:105} INFO - Job 362: Subtask ensure_objects
[2025-12-07T02:49:56.228+0000] {task_command.py:467} INFO - Running <TaskInstance: market_data_ingest.ensure_objects scheduled__2025-12-06T02:30:00+00:00 [running]> on host 7c17d7f5e8b7
[2025-12-07T02:49:56.273+0000] {taskinstance.py:3131} INFO - Exporting env vars: AIRFLOW_CTX_DAG_OWNER='data' AIRFLOW_CTX_DAG_ID='market_data_ingest' AIRFLOW_CTX_TASK_ID='ensure_objects' AIRFLOW_CTX_EXECUTION_DATE='2025-12-06T02:30:00+00:00' AIRFLOW_CTX_TRY_NUMBER='1' AIRFLOW_CTX_DAG_RUN_ID='scheduled__2025-12-06T02:30:00+00:00'
[2025-12-07T02:49:56.275+0000] {taskinstance.py:731} INFO - ::endgroup::
[2025-12-07T02:49:56.287+0000] {sql.py:266} INFO - Executing: ['create schema if not exists "USER_DB_OSTRICH"."RAW"', '\n            create table if not exists "USER_DB_OSTRICH"."RAW"."MARKET_DATA" (\n                SYMBOL string,\n                DATE date,\n                OPEN float,\n                CLOSE float,\n                LOW float,\n                HIGH float,\n                VOLUME number\n            )\n            ', '\n            create table if not exists "USER_DB_OSTRICH"."RAW"."MARKET_DATA_STAGE" (\n                SYMBOL string,\n                DATE date,\n                OPEN float,\n                CLOSE float,\n                LOW float,\n                HIGH float,\n                VOLUME number\n            )\n            ']
[2025-12-07T02:49:56.292+0000] {base.py:84} INFO - Retrieving connection 'snowflake_conn'
[2025-12-07T02:49:56.297+0000] {base.py:84} INFO - Retrieving connection 'snowflake_conn'
[2025-12-07T02:49:56.298+0000] {connection.py:413} INFO - Snowflake Connector for Python Version: 3.12.1, Python Version: 3.12.5, Platform: Linux-6.10.14-linuxkit-aarch64-with-glibc2.36
[2025-12-07T02:49:56.299+0000] {connection.py:1196} INFO - Connecting to GLOBAL Snowflake domain
[2025-12-07T02:49:56.299+0000] {connection.py:1277} INFO - This connection is in OCSP Fail Open Mode. TLS Certificates would be checked for validity and revocation status. Any other Certificate Revocation related exceptions or OCSP Responder failures would be disregarded in favor of connectivity.
[2025-12-07T02:49:57.416+0000] {cursor.py:1156} INFO - Number of results in first chunk: 1
[2025-12-07T02:49:57.417+0000] {sql.py:509} INFO - Running statement: create schema if not exists "USER_DB_OSTRICH"."RAW", parameters: None
[2025-12-07T02:49:57.526+0000] {cursor.py:1156} INFO - Number of results in first chunk: 1
[2025-12-07T02:49:57.527+0000] {sql.py:518} INFO - Rows affected: 1
[2025-12-07T02:49:57.528+0000] {snowflake.py:422} INFO - Rows affected: 1
[2025-12-07T02:49:57.529+0000] {snowflake.py:423} INFO - Snowflake query id: 01c0e1c9-0107-3545-000f-c0df00b7e132
[2025-12-07T02:49:57.529+0000] {sql.py:509} INFO - Running statement: 
            create table if not exists "USER_DB_OSTRICH"."RAW"."MARKET_DATA" (
                SYMBOL string,
                DATE date,
                OPEN float,
                CLOSE float,
                LOW float,
                HIGH float,
                VOLUME number
            )
            , parameters: None
[2025-12-07T02:49:57.812+0000] {cursor.py:1156} INFO - Number of results in first chunk: 1
[2025-12-07T02:49:57.812+0000] {sql.py:518} INFO - Rows affected: 1
[2025-12-07T02:49:57.812+0000] {snowflake.py:422} INFO - Rows affected: 1
[2025-12-07T02:49:57.813+0000] {snowflake.py:423} INFO - Snowflake query id: 01c0e1c9-0107-335b-000f-c0df00b7d25e
[2025-12-07T02:49:57.813+0000] {sql.py:509} INFO - Running statement: 
            create table if not exists "USER_DB_OSTRICH"."RAW"."MARKET_DATA_STAGE" (
                SYMBOL string,
                DATE date,
                OPEN float,
                CLOSE float,
                LOW float,
                HIGH float,
                VOLUME number
            )
            , parameters: None
[2025-12-07T02:49:57.972+0000] {cursor.py:1156} INFO - Number of results in first chunk: 1
[2025-12-07T02:49:57.972+0000] {sql.py:518} INFO - Rows affected: 1
[2025-12-07T02:49:57.973+0000] {snowflake.py:422} INFO - Rows affected: 1
[2025-12-07T02:49:57.974+0000] {snowflake.py:423} INFO - Snowflake query id: 01c0e1c9-0107-3709-000f-c0df00b7c73e
[2025-12-07T02:49:58.059+0000] {cursor.py:1156} INFO - Number of results in first chunk: 1
[2025-12-07T02:49:58.060+0000] {connection.py:788} INFO - closed
[2025-12-07T02:49:58.193+0000] {connection.py:794} INFO - No async queries seem to be running, deleting session
[2025-12-07T02:49:58.409+0000] {taskinstance.py:340} INFO - ::group::Post task execution logs
[2025-12-07T02:49:58.410+0000] {taskinstance.py:352} INFO - Marking task as SUCCESS. dag_id=market_data_ingest, task_id=ensure_objects, run_id=scheduled__2025-12-06T02:30:00+00:00, execution_date=20251206T023000, start_date=20251207T024956, end_date=20251207T024958
[2025-12-07T02:49:58.423+0000] {local_task_job_runner.py:266} INFO - Task exited with return code 0
[2025-12-07T02:49:58.431+0000] {logging_mixin.py:190} WARNING - /home/***/.local/lib/python3.12/site-packages/***/models/baseoperator.py:1378 AirflowProviderDeprecationWarning: Call to deprecated class SnowflakeOperator. (This class is deprecated. Please use `***.providers.common.sql.operators.sql.SQLExecuteQueryOperator`. Also, you can provide `hook_params={'warehouse': <warehouse>, 'database': <database>, 'role': <role>, 'schema': <schema>, 'authenticator': <authenticator>,'session_parameters': <session_parameters>}`.)
[2025-12-07T02:49:58.439+0000] {taskinstance.py:3900} INFO - 1 downstream tasks scheduled from follow-on schedule check
[2025-12-07T02:49:58.440+0000] {local_task_job_runner.py:245} INFO - ::endgroup::
