[2025-12-06T05:29:52.727+0000] {local_task_job_runner.py:123} INFO - ::group::Pre task execution logs
[2025-12-06T05:29:52.732+0000] {taskinstance.py:2612} INFO - Dependencies all met for dep_context=non-requeueable deps ti=<TaskInstance: TrainPredict.dbt_run_downstream_dashboards manual__2025-12-06T05:22:27.292103+00:00 [queued]>
[2025-12-06T05:29:52.734+0000] {taskinstance.py:2612} INFO - Dependencies all met for dep_context=requeueable deps ti=<TaskInstance: TrainPredict.dbt_run_downstream_dashboards manual__2025-12-06T05:22:27.292103+00:00 [queued]>
[2025-12-06T05:29:52.734+0000] {taskinstance.py:2865} INFO - Starting attempt 1 of 1
[2025-12-06T05:29:52.738+0000] {taskinstance.py:2888} INFO - Executing <Task(BashOperator): dbt_run_downstream_dashboards> on 2025-12-06 05:22:27.292103+00:00
[2025-12-06T05:29:52.741+0000] {logging_mixin.py:190} WARNING - /home/***/.local/lib/python3.12/site-packages/***/task/task_runner/standard_task_runner.py:70 DeprecationWarning: This process (pid=21420) is multi-threaded, use of fork() may lead to deadlocks in the child.
[2025-12-06T05:29:52.742+0000] {standard_task_runner.py:72} INFO - Started process 21423 to run task
[2025-12-06T05:29:52.742+0000] {standard_task_runner.py:104} INFO - Running: ['***', 'tasks', 'run', 'TrainPredict', 'dbt_run_downstream_dashboards', 'manual__2025-12-06T05:22:27.292103+00:00', '--job-id', '332', '--raw', '--subdir', 'DAGS_FOLDER/train_predict.py', '--cfg-path', '/tmp/tmpxy4hk8kx']
[2025-12-06T05:29:52.743+0000] {standard_task_runner.py:105} INFO - Job 332: Subtask dbt_run_downstream_dashboards
[2025-12-06T05:29:52.757+0000] {task_command.py:467} INFO - Running <TaskInstance: TrainPredict.dbt_run_downstream_dashboards manual__2025-12-06T05:22:27.292103+00:00 [running]> on host 7c17d7f5e8b7
[2025-12-06T05:29:52.781+0000] {taskinstance.py:3131} INFO - Exporting env vars: AIRFLOW_CTX_DAG_OWNER='***' AIRFLOW_CTX_DAG_ID='TrainPredict' AIRFLOW_CTX_TASK_ID='dbt_run_downstream_dashboards' AIRFLOW_CTX_EXECUTION_DATE='2025-12-06T05:22:27.292103+00:00' AIRFLOW_CTX_TRY_NUMBER='1' AIRFLOW_CTX_DAG_RUN_ID='manual__2025-12-06T05:22:27.292103+00:00'
[2025-12-06T05:29:52.782+0000] {taskinstance.py:731} INFO - ::endgroup::
[2025-12-06T05:29:52.782+0000] {subprocess.py:63} INFO - Tmp dir root location: /tmp
[2025-12-06T05:29:52.783+0000] {subprocess.py:75} INFO - Running command: ['/usr/bin/bash', '-c', 'set -euo pipefail;cd /opt/***/dbt/stock_analytics && dbt run --select mart_forecast_combined mart_risk_reward_scatter mart_market_regime --profiles-dir /opt/***/dbt && dbt test --select mart_forecast_combined mart_risk_reward_scatter mart_market_regime --profiles-dir /opt/***/dbt']
[2025-12-06T05:29:52.787+0000] {subprocess.py:86} INFO - Output:
[2025-12-06T05:29:53.666+0000] {subprocess.py:93} INFO - [0m05:29:53  Running with dbt=1.11.0-rc1
[2025-12-06T05:29:53.833+0000] {subprocess.py:93} INFO - [0m05:29:53  Registered adapter: snowflake=1.10.3
[2025-12-06T05:29:54.036+0000] {subprocess.py:93} INFO - [0m05:29:54  Found 6 models, 26 data tests, 1 seed, 2 sources, 504 macros
[2025-12-06T05:29:54.038+0000] {subprocess.py:93} INFO - [0m05:29:54
[2025-12-06T05:29:54.038+0000] {subprocess.py:93} INFO - [0m05:29:54  Concurrency: 4 threads (target='dev')
[2025-12-06T05:29:54.038+0000] {subprocess.py:93} INFO - [0m05:29:54
[2025-12-06T05:29:55.032+0000] {subprocess.py:93} INFO - [0m05:29:55  1 of 3 START sql table model PUBLIC_ANALYTICS.mart_forecast_combined ........... [RUN]
[2025-12-06T05:29:55.032+0000] {subprocess.py:93} INFO - [0m05:29:55  2 of 3 START sql table model PUBLIC_ANALYTICS.mart_market_regime ............... [RUN]
[2025-12-06T05:29:55.033+0000] {subprocess.py:93} INFO - [0m05:29:55  3 of 3 START sql table model PUBLIC_ANALYTICS.mart_risk_reward_scatter ......... [RUN]
[2025-12-06T05:29:55.939+0000] {subprocess.py:93} INFO - [0m05:29:55  2 of 3 OK created sql table model PUBLIC_ANALYTICS.mart_market_regime .......... [[32mSUCCESS 1[0m in 0.90s]
[2025-12-06T05:29:56.124+0000] {subprocess.py:93} INFO - [0m05:29:56  1 of 3 OK created sql table model PUBLIC_ANALYTICS.mart_forecast_combined ...... [[32mSUCCESS 1[0m in 1.09s]
[2025-12-06T05:29:56.238+0000] {subprocess.py:93} INFO - [0m05:29:56  3 of 3 OK created sql table model PUBLIC_ANALYTICS.mart_risk_reward_scatter .... [[32mSUCCESS 1[0m in 1.20s]
[2025-12-06T05:29:56.752+0000] {subprocess.py:93} INFO - [0m05:29:56
[2025-12-06T05:29:56.753+0000] {subprocess.py:93} INFO - [0m05:29:56  Finished running 3 table models in 0 hours 0 minutes and 2.71 seconds (2.71s).
[2025-12-06T05:29:56.795+0000] {subprocess.py:93} INFO - [0m05:29:56
[2025-12-06T05:29:56.795+0000] {subprocess.py:93} INFO - [0m05:29:56  [32mCompleted successfully[0m
[2025-12-06T05:29:56.795+0000] {subprocess.py:93} INFO - [0m05:29:56
[2025-12-06T05:29:56.796+0000] {subprocess.py:93} INFO - [0m05:29:56  Done. PASS=3 WARN=0 ERROR=0 SKIP=0 NO-OP=0 TOTAL=3
[2025-12-06T05:29:58.203+0000] {subprocess.py:93} INFO - [0m05:29:58  Running with dbt=1.11.0-rc1
[2025-12-06T05:29:58.366+0000] {subprocess.py:93} INFO - [0m05:29:58  Registered adapter: snowflake=1.10.3
[2025-12-06T05:29:58.571+0000] {subprocess.py:93} INFO - [0m05:29:58  Found 6 models, 26 data tests, 1 seed, 2 sources, 504 macros
[2025-12-06T05:29:58.572+0000] {subprocess.py:93} INFO - [0m05:29:58
[2025-12-06T05:29:58.572+0000] {subprocess.py:93} INFO - [0m05:29:58  Concurrency: 4 threads (target='dev')
[2025-12-06T05:29:58.573+0000] {subprocess.py:93} INFO - [0m05:29:58
[2025-12-06T05:29:59.456+0000] {subprocess.py:93} INFO - [0m05:29:59  1 of 12 START test accepted_values_mart_forecast_combined_type__history__forecast  [RUN]
[2025-12-06T05:29:59.457+0000] {subprocess.py:93} INFO - [0m05:29:59  2 of 12 START test not_null_mart_forecast_combined_date ........................ [RUN]
[2025-12-06T05:29:59.457+0000] {subprocess.py:93} INFO - [0m05:29:59  3 of 12 START test not_null_mart_forecast_combined_sector_name ................. [RUN]
[2025-12-06T05:29:59.457+0000] {subprocess.py:93} INFO - [0m05:29:59  4 of 12 START test not_null_mart_forecast_combined_symbol ...................... [RUN]
[2025-12-06T05:29:59.698+0000] {subprocess.py:93} INFO - [0m05:29:59  4 of 12 PASS not_null_mart_forecast_combined_symbol ............................ [[32mPASS[0m in 0.24s]
[2025-12-06T05:29:59.700+0000] {subprocess.py:93} INFO - [0m05:29:59  5 of 12 START test not_null_mart_forecast_combined_type ........................ [RUN]
[2025-12-06T05:29:59.730+0000] {subprocess.py:93} INFO - [0m05:29:59  2 of 12 PASS not_null_mart_forecast_combined_date .............................. [[32mPASS[0m in 0.27s]
[2025-12-06T05:29:59.731+0000] {subprocess.py:93} INFO - [0m05:29:59  6 of 12 START test not_null_mart_market_regime_date ............................ [RUN]
[2025-12-06T05:29:59.734+0000] {subprocess.py:93} INFO - [0m05:29:59  1 of 12 PASS accepted_values_mart_forecast_combined_type__history__forecast .... [[32mPASS[0m in 0.28s]
[2025-12-06T05:29:59.736+0000] {subprocess.py:93} INFO - [0m05:29:59  3 of 12 PASS not_null_mart_forecast_combined_sector_name ....................... [[32mPASS[0m in 0.28s]
[2025-12-06T05:29:59.741+0000] {subprocess.py:93} INFO - [0m05:29:59  7 of 12 START test not_null_mart_market_regime_tech_bubble_ratio ............... [RUN]
[2025-12-06T05:29:59.742+0000] {subprocess.py:93} INFO - [0m05:29:59  8 of 12 START test not_null_mart_risk_reward_scatter_date ...................... [RUN]
[2025-12-06T05:29:59.901+0000] {subprocess.py:93} INFO - [0m05:29:59  8 of 12 PASS not_null_mart_risk_reward_scatter_date ............................ [[32mPASS[0m in 0.16s]
[2025-12-06T05:29:59.904+0000] {subprocess.py:93} INFO - [0m05:29:59  9 of 12 START test not_null_mart_risk_reward_scatter_investment_type ........... [RUN]
[2025-12-06T05:29:59.923+0000] {subprocess.py:93} INFO - [0m05:29:59  6 of 12 PASS not_null_mart_market_regime_date .................................. [[32mPASS[0m in 0.19s]
[2025-12-06T05:29:59.925+0000] {subprocess.py:93} INFO - [0m05:29:59  5 of 12 PASS not_null_mart_forecast_combined_type .............................. [[32mPASS[0m in 0.23s]
[2025-12-06T05:29:59.927+0000] {subprocess.py:93} INFO - [0m05:29:59  7 of 12 PASS not_null_mart_market_regime_tech_bubble_ratio ..................... [[32mPASS[0m in 0.18s]
[2025-12-06T05:29:59.930+0000] {subprocess.py:93} INFO - [0m05:29:59  10 of 12 START test not_null_mart_risk_reward_scatter_symbol ................... [RUN]
[2025-12-06T05:29:59.930+0000] {subprocess.py:93} INFO - [0m05:29:59  11 of 12 START test unique_mart_forecast_combined__symbol_date_ ................ [RUN]
[2025-12-06T05:29:59.931+0000] {subprocess.py:93} INFO - [0m05:29:59  12 of 12 START test unique_mart_market_regime_date ............................. [RUN]
[2025-12-06T05:30:00.096+0000] {subprocess.py:93} INFO - [0m05:30:00  10 of 12 PASS not_null_mart_risk_reward_scatter_symbol ......................... [[32mPASS[0m in 0.16s]
[2025-12-06T05:30:00.112+0000] {subprocess.py:93} INFO - [0m05:30:00  9 of 12 PASS not_null_mart_risk_reward_scatter_investment_type ................. [[32mPASS[0m in 0.21s]
[2025-12-06T05:30:00.162+0000] {subprocess.py:93} INFO - [0m05:30:00  11 of 12 PASS unique_mart_forecast_combined__symbol_date_ ...................... [[32mPASS[0m in 0.23s]
[2025-12-06T05:30:00.430+0000] {subprocess.py:93} INFO - [0m05:30:00  12 of 12 PASS unique_mart_market_regime_date ................................... [[32mPASS[0m in 0.50s]
[2025-12-06T05:30:00.939+0000] {subprocess.py:93} INFO - [0m05:30:00
[2025-12-06T05:30:00.940+0000] {subprocess.py:93} INFO - [0m05:30:00  Finished running 12 data tests in 0 hours 0 minutes and 2.36 seconds (2.36s).
[2025-12-06T05:30:00.985+0000] {subprocess.py:93} INFO - [0m05:30:00
[2025-12-06T05:30:00.986+0000] {subprocess.py:93} INFO - [0m05:30:00  [32mCompleted successfully[0m
[2025-12-06T05:30:00.986+0000] {subprocess.py:93} INFO - [0m05:30:00
[2025-12-06T05:30:00.986+0000] {subprocess.py:93} INFO - [0m05:30:00  Done. PASS=12 WARN=0 ERROR=0 SKIP=0 NO-OP=0 TOTAL=12
[2025-12-06T05:30:01.497+0000] {subprocess.py:97} INFO - Command exited with return code 0
[2025-12-06T05:30:01.508+0000] {taskinstance.py:340} INFO - ::group::Post task execution logs
[2025-12-06T05:30:01.508+0000] {taskinstance.py:352} INFO - Marking task as SUCCESS. dag_id=TrainPredict, task_id=dbt_run_downstream_dashboards, run_id=manual__2025-12-06T05:22:27.292103+00:00, execution_date=20251206T052227, start_date=20251206T052952, end_date=20251206T053001
[2025-12-06T05:30:01.529+0000] {local_task_job_runner.py:266} INFO - Task exited with return code 0
[2025-12-06T05:30:01.534+0000] {taskinstance.py:3900} INFO - 0 downstream tasks scheduled from follow-on schedule check
[2025-12-06T05:30:01.535+0000] {local_task_job_runner.py:245} INFO - ::endgroup::
