[2025-11-21T02:17:58.166+0000] {local_task_job_runner.py:123} INFO - ::group::Pre task execution logs
[2025-11-21T02:17:58.171+0000] {taskinstance.py:2612} INFO - Dependencies all met for dep_context=non-requeueable deps ti=<TaskInstance: market_data_ingest.load_stage_full scheduled__2025-11-19T02:30:00+00:00 [queued]>
[2025-11-21T02:17:58.174+0000] {taskinstance.py:2612} INFO - Dependencies all met for dep_context=requeueable deps ti=<TaskInstance: market_data_ingest.load_stage_full scheduled__2025-11-19T02:30:00+00:00 [queued]>
[2025-11-21T02:17:58.174+0000] {taskinstance.py:2865} INFO - Starting attempt 1 of 2
[2025-11-21T02:17:58.177+0000] {taskinstance.py:2888} INFO - Executing <Task(PythonOperator): load_stage_full> on 2025-11-19 02:30:00+00:00
[2025-11-21T02:17:58.180+0000] {logging_mixin.py:190} WARNING - /home/***/.local/lib/python3.12/site-packages/***/task/task_runner/standard_task_runner.py:70 DeprecationWarning: This process (pid=1285) is multi-threaded, use of fork() may lead to deadlocks in the child.
[2025-11-21T02:17:58.181+0000] {standard_task_runner.py:72} INFO - Started process 1288 to run task
[2025-11-21T02:17:58.181+0000] {standard_task_runner.py:104} INFO - Running: ['***', 'tasks', 'run', 'market_data_ingest', 'load_stage_full', 'scheduled__2025-11-19T02:30:00+00:00', '--job-id', '15', '--raw', '--subdir', 'DAGS_FOLDER/yahoo_finance_transactional.py', '--cfg-path', '/tmp/tmp5t_6cbri']
[2025-11-21T02:17:58.182+0000] {standard_task_runner.py:105} INFO - Job 15: Subtask load_stage_full
[2025-11-21T02:17:58.197+0000] {task_command.py:467} INFO - Running <TaskInstance: market_data_ingest.load_stage_full scheduled__2025-11-19T02:30:00+00:00 [running]> on host 1b75444ae0b9
[2025-11-21T02:17:58.299+0000] {taskinstance.py:3131} INFO - Exporting env vars: AIRFLOW_CTX_DAG_OWNER='data' AIRFLOW_CTX_DAG_ID='market_data_ingest' AIRFLOW_CTX_TASK_ID='load_stage_full' AIRFLOW_CTX_EXECUTION_DATE='2025-11-19T02:30:00+00:00' AIRFLOW_CTX_TRY_NUMBER='1' AIRFLOW_CTX_DAG_RUN_ID='scheduled__2025-11-19T02:30:00+00:00'
[2025-11-21T02:17:58.299+0000] {taskinstance.py:731} INFO - ::endgroup::
[2025-11-21T02:17:58.304+0000] {yahoo_finance_transactional.py:108} INFO - [load_all] symbols=['AAPL', 'NVDA'] train_days=180
[2025-11-21T02:17:58.785+0000] {yahoo_finance_transactional.py:172} INFO - [load_all] AAPL: rows before=180 after=180
[2025-11-21T02:17:59.207+0000] {yahoo_finance_transactional.py:172} INFO - [load_all] NVDA: rows before=180 after=180
[2025-11-21T02:17:59.215+0000] {base.py:84} INFO - Retrieving connection 'snowflake_conn'
[2025-11-21T02:17:59.216+0000] {connection.py:413} INFO - Snowflake Connector for Python Version: 3.12.1, Python Version: 3.12.5, Platform: Linux-6.10.14-linuxkit-aarch64-with-glibc2.36
[2025-11-21T02:17:59.217+0000] {connection.py:1196} INFO - Connecting to GLOBAL Snowflake domain
[2025-11-21T02:17:59.217+0000] {connection.py:1277} INFO - This connection is in OCSP Fail Open Mode. TLS Certificates would be checked for validity and revocation status. Any other Certificate Revocation related exceptions or OCSP Responder failures would be disregarded in favor of connectivity.
[2025-11-21T02:17:59.548+0000] {yahoo_finance_transactional.py:182} INFO - [load_all] write_pandas -> USER_DB_OSTRICH.RAW.MARKET_DATA_STAGE
[2025-11-21T02:17:59.861+0000] {cursor.py:1156} INFO - Number of results in first chunk: 1
[2025-11-21T02:18:03.813+0000] {cursor.py:1156} INFO - Number of results in first chunk: 1
[2025-11-21T02:18:03.814+0000] {connection.py:788} INFO - closed
[2025-11-21T02:18:03.867+0000] {connection.py:794} INFO - No async queries seem to be running, deleting session
[2025-11-21T02:18:03.940+0000] {yahoo_finance_transactional.py:194} INFO - [load_all] staged rows=360 chunks=1
[2025-11-21T02:18:03.944+0000] {python.py:240} INFO - Done. Returned value was: None
[2025-11-21T02:18:03.955+0000] {taskinstance.py:340} INFO - ::group::Post task execution logs
[2025-11-21T02:18:03.956+0000] {taskinstance.py:352} INFO - Marking task as SUCCESS. dag_id=market_data_ingest, task_id=load_stage_full, run_id=scheduled__2025-11-19T02:30:00+00:00, execution_date=20251119T023000, start_date=20251121T021758, end_date=20251121T021803
[2025-11-21T02:18:03.975+0000] {local_task_job_runner.py:266} INFO - Task exited with return code 0
[2025-11-21T02:18:03.981+0000] {logging_mixin.py:190} WARNING - /home/***/.local/lib/python3.12/site-packages/***/models/baseoperator.py:1378 AirflowProviderDeprecationWarning: Call to deprecated class SnowflakeOperator. (This class is deprecated. Please use `***.providers.common.sql.operators.sql.SQLExecuteQueryOperator`. Also, you can provide `hook_params={'warehouse': <warehouse>, 'database': <database>, 'role': <role>, 'schema': <schema>, 'authenticator': <authenticator>,'session_parameters': <session_parameters>}`.)
[2025-11-21T02:18:03.990+0000] {taskinstance.py:3900} INFO - 1 downstream tasks scheduled from follow-on schedule check
[2025-11-21T02:18:03.991+0000] {local_task_job_runner.py:245} INFO - ::endgroup::
