[2025-11-22T02:43:04.707+0000] {local_task_job_runner.py:123} INFO - ::group::Pre task execution logs
[2025-11-22T02:43:04.711+0000] {taskinstance.py:2612} INFO - Dependencies all met for dep_context=non-requeueable deps ti=<TaskInstance: market_data_ingest.truncate_stage scheduled__2025-11-21T02:30:00+00:00 [queued]>
[2025-11-22T02:43:04.714+0000] {taskinstance.py:2612} INFO - Dependencies all met for dep_context=requeueable deps ti=<TaskInstance: market_data_ingest.truncate_stage scheduled__2025-11-21T02:30:00+00:00 [queued]>
[2025-11-22T02:43:04.714+0000] {taskinstance.py:2865} INFO - Starting attempt 1 of 2
[2025-11-22T02:43:04.718+0000] {taskinstance.py:2888} INFO - Executing <Task(SnowflakeOperator): truncate_stage> on 2025-11-21 02:30:00+00:00
[2025-11-22T02:43:04.722+0000] {logging_mixin.py:190} WARNING - /home/***/.local/lib/python3.12/site-packages/***/task/task_runner/standard_task_runner.py:70 DeprecationWarning: This process (pid=3566) is multi-threaded, use of fork() may lead to deadlocks in the child.
[2025-11-22T02:43:04.723+0000] {standard_task_runner.py:72} INFO - Started process 3569 to run task
[2025-11-22T02:43:04.722+0000] {standard_task_runner.py:104} INFO - Running: ['***', 'tasks', 'run', 'market_data_ingest', 'truncate_stage', 'scheduled__2025-11-21T02:30:00+00:00', '--job-id', '46', '--raw', '--subdir', 'DAGS_FOLDER/market_data_ingest.py', '--cfg-path', '/tmp/tmp6sr8kqv2']
[2025-11-22T02:43:04.724+0000] {standard_task_runner.py:105} INFO - Job 46: Subtask truncate_stage
[2025-11-22T02:43:04.740+0000] {task_command.py:467} INFO - Running <TaskInstance: market_data_ingest.truncate_stage scheduled__2025-11-21T02:30:00+00:00 [running]> on host 663ef6e4cd5f
[2025-11-22T02:43:04.864+0000] {taskinstance.py:3131} INFO - Exporting env vars: AIRFLOW_CTX_DAG_OWNER='data' AIRFLOW_CTX_DAG_ID='market_data_ingest' AIRFLOW_CTX_TASK_ID='truncate_stage' AIRFLOW_CTX_EXECUTION_DATE='2025-11-21T02:30:00+00:00' AIRFLOW_CTX_TRY_NUMBER='1' AIRFLOW_CTX_DAG_RUN_ID='scheduled__2025-11-21T02:30:00+00:00'
[2025-11-22T02:43:04.864+0000] {taskinstance.py:731} INFO - ::endgroup::
[2025-11-22T02:43:04.869+0000] {sql.py:266} INFO - Executing: truncate table if exists "USER_DB_OSTRICH"."RAW"."MARKET_DATA_STAGE"
[2025-11-22T02:43:04.872+0000] {base.py:84} INFO - Retrieving connection 'snowflake_conn'
[2025-11-22T02:43:04.874+0000] {base.py:84} INFO - Retrieving connection 'snowflake_conn'
[2025-11-22T02:43:04.875+0000] {connection.py:413} INFO - Snowflake Connector for Python Version: 3.12.1, Python Version: 3.12.5, Platform: Linux-6.10.14-linuxkit-aarch64-with-glibc2.36
[2025-11-22T02:43:04.875+0000] {connection.py:1196} INFO - Connecting to GLOBAL Snowflake domain
[2025-11-22T02:43:04.875+0000] {connection.py:1277} INFO - This connection is in OCSP Fail Open Mode. TLS Certificates would be checked for validity and revocation status. Any other Certificate Revocation related exceptions or OCSP Responder failures would be disregarded in favor of connectivity.
[2025-11-22T02:43:05.749+0000] {cursor.py:1156} INFO - Number of results in first chunk: 1
[2025-11-22T02:43:05.752+0000] {sql.py:509} INFO - Running statement: truncate table if exists "USER_DB_OSTRICH"."RAW"."MARKET_DATA_STAGE", parameters: None
[2025-11-22T02:43:06.197+0000] {cursor.py:1156} INFO - Number of results in first chunk: 1
[2025-11-22T02:43:06.198+0000] {sql.py:518} INFO - Rows affected: 1
[2025-11-22T02:43:06.199+0000] {snowflake.py:422} INFO - Rows affected: 1
[2025-11-22T02:43:06.200+0000] {snowflake.py:423} INFO - Snowflake query id: 01c08d63-0307-1a0b-000f-c0df008935da
[2025-11-22T02:43:06.586+0000] {cursor.py:1156} INFO - Number of results in first chunk: 1
[2025-11-22T02:43:06.587+0000] {connection.py:788} INFO - closed
[2025-11-22T02:43:06.699+0000] {connection.py:794} INFO - No async queries seem to be running, deleting session
[2025-11-22T02:43:06.953+0000] {taskinstance.py:340} INFO - ::group::Post task execution logs
[2025-11-22T02:43:06.954+0000] {taskinstance.py:352} INFO - Marking task as SUCCESS. dag_id=market_data_ingest, task_id=truncate_stage, run_id=scheduled__2025-11-21T02:30:00+00:00, execution_date=20251121T023000, start_date=20251122T024304, end_date=20251122T024306
[2025-11-22T02:43:06.992+0000] {local_task_job_runner.py:266} INFO - Task exited with return code 0
[2025-11-22T02:43:07.007+0000] {logging_mixin.py:190} WARNING - /home/***/.local/lib/python3.12/site-packages/***/models/baseoperator.py:1378 AirflowProviderDeprecationWarning: Call to deprecated class SnowflakeOperator. (This class is deprecated. Please use `***.providers.common.sql.operators.sql.SQLExecuteQueryOperator`. Also, you can provide `hook_params={'warehouse': <warehouse>, 'database': <database>, 'role': <role>, 'schema': <schema>, 'authenticator': <authenticator>,'session_parameters': <session_parameters>}`.)
[2025-11-22T02:43:07.052+0000] {taskinstance.py:3900} INFO - 1 downstream tasks scheduled from follow-on schedule check
[2025-11-22T02:43:07.054+0000] {local_task_job_runner.py:245} INFO - ::endgroup::
[2025-11-22T18:33:32.721+0000] {local_task_job_runner.py:123} INFO - ::group::Pre task execution logs
[2025-11-22T18:33:32.727+0000] {taskinstance.py:2612} INFO - Dependencies all met for dep_context=non-requeueable deps ti=<TaskInstance: market_data_ingest.truncate_stage scheduled__2025-11-21T02:30:00+00:00 [queued]>
[2025-11-22T18:33:32.729+0000] {taskinstance.py:2612} INFO - Dependencies all met for dep_context=requeueable deps ti=<TaskInstance: market_data_ingest.truncate_stage scheduled__2025-11-21T02:30:00+00:00 [queued]>
[2025-11-22T18:33:32.729+0000] {taskinstance.py:2865} INFO - Starting attempt 1 of 2
[2025-11-22T18:33:32.733+0000] {taskinstance.py:2888} INFO - Executing <Task(SnowflakeOperator): truncate_stage> on 2025-11-21 02:30:00+00:00
[2025-11-22T18:33:32.736+0000] {logging_mixin.py:190} WARNING - /home/***/.local/lib/python3.12/site-packages/***/task/task_runner/standard_task_runner.py:70 DeprecationWarning: This process (pid=387) is multi-threaded, use of fork() may lead to deadlocks in the child.
[2025-11-22T18:33:32.737+0000] {standard_task_runner.py:72} INFO - Started process 390 to run task
[2025-11-22T18:33:32.737+0000] {standard_task_runner.py:104} INFO - Running: ['***', 'tasks', 'run', 'market_data_ingest', 'truncate_stage', 'scheduled__2025-11-21T02:30:00+00:00', '--job-id', '4', '--raw', '--subdir', 'DAGS_FOLDER/market_data_ingest.py', '--cfg-path', '/tmp/tmpi_srji65']
[2025-11-22T18:33:32.738+0000] {standard_task_runner.py:105} INFO - Job 4: Subtask truncate_stage
[2025-11-22T18:33:32.842+0000] {task_command.py:467} INFO - Running <TaskInstance: market_data_ingest.truncate_stage scheduled__2025-11-21T02:30:00+00:00 [running]> on host 599ab64e91dc
[2025-11-22T18:33:32.864+0000] {taskinstance.py:3131} INFO - Exporting env vars: AIRFLOW_CTX_DAG_OWNER='data' AIRFLOW_CTX_DAG_ID='market_data_ingest' AIRFLOW_CTX_TASK_ID='truncate_stage' AIRFLOW_CTX_EXECUTION_DATE='2025-11-21T02:30:00+00:00' AIRFLOW_CTX_TRY_NUMBER='1' AIRFLOW_CTX_DAG_RUN_ID='scheduled__2025-11-21T02:30:00+00:00'
[2025-11-22T18:33:32.864+0000] {taskinstance.py:731} INFO - ::endgroup::
[2025-11-22T18:33:32.868+0000] {sql.py:266} INFO - Executing: truncate table if exists "USER_DB_OSTRICH"."RAW"."MARKET_DATA_STAGE"
[2025-11-22T18:33:32.872+0000] {base.py:84} INFO - Retrieving connection 'snowflake_conn'
[2025-11-22T18:33:32.874+0000] {base.py:84} INFO - Retrieving connection 'snowflake_conn'
[2025-11-22T18:33:32.874+0000] {connection.py:413} INFO - Snowflake Connector for Python Version: 3.12.1, Python Version: 3.12.5, Platform: Linux-6.10.14-linuxkit-aarch64-with-glibc2.36
[2025-11-22T18:33:32.875+0000] {connection.py:1196} INFO - Connecting to GLOBAL Snowflake domain
[2025-11-22T18:33:32.875+0000] {connection.py:1277} INFO - This connection is in OCSP Fail Open Mode. TLS Certificates would be checked for validity and revocation status. Any other Certificate Revocation related exceptions or OCSP Responder failures would be disregarded in favor of connectivity.
[2025-11-22T18:33:33.374+0000] {cursor.py:1156} INFO - Number of results in first chunk: 1
[2025-11-22T18:33:33.375+0000] {sql.py:509} INFO - Running statement: truncate table if exists "USER_DB_OSTRICH"."RAW"."MARKET_DATA_STAGE", parameters: None
[2025-11-22T18:33:33.927+0000] {cursor.py:1156} INFO - Number of results in first chunk: 1
[2025-11-22T18:33:33.927+0000] {sql.py:518} INFO - Rows affected: 1
[2025-11-22T18:33:33.927+0000] {snowflake.py:422} INFO - Rows affected: 1
[2025-11-22T18:33:33.927+0000] {snowflake.py:423} INFO - Snowflake query id: 01c09119-0307-1a01-000f-c0df008b2086
[2025-11-22T18:33:34.457+0000] {cursor.py:1156} INFO - Number of results in first chunk: 1
[2025-11-22T18:33:34.458+0000] {connection.py:788} INFO - closed
[2025-11-22T18:33:34.509+0000] {connection.py:794} INFO - No async queries seem to be running, deleting session
[2025-11-22T18:33:34.734+0000] {taskinstance.py:340} INFO - ::group::Post task execution logs
[2025-11-22T18:33:34.734+0000] {taskinstance.py:352} INFO - Marking task as SUCCESS. dag_id=market_data_ingest, task_id=truncate_stage, run_id=scheduled__2025-11-21T02:30:00+00:00, execution_date=20251121T023000, start_date=20251122T183332, end_date=20251122T183334
[2025-11-22T18:33:34.772+0000] {local_task_job_runner.py:266} INFO - Task exited with return code 0
[2025-11-22T18:33:34.869+0000] {logging_mixin.py:190} WARNING - /home/***/.local/lib/python3.12/site-packages/***/models/baseoperator.py:1378 AirflowProviderDeprecationWarning: Call to deprecated class SnowflakeOperator. (This class is deprecated. Please use `***.providers.common.sql.operators.sql.SQLExecuteQueryOperator`. Also, you can provide `hook_params={'warehouse': <warehouse>, 'database': <database>, 'role': <role>, 'schema': <schema>, 'authenticator': <authenticator>,'session_parameters': <session_parameters>}`.)
[2025-11-22T18:33:34.874+0000] {taskinstance.py:3900} INFO - 1 downstream tasks scheduled from follow-on schedule check
[2025-11-22T18:33:34.875+0000] {local_task_job_runner.py:245} INFO - ::endgroup::
[2025-11-22T22:29:20.740+0000] {local_task_job_runner.py:123} INFO - ::group::Pre task execution logs
[2025-11-22T22:29:20.746+0000] {taskinstance.py:2612} INFO - Dependencies all met for dep_context=non-requeueable deps ti=<TaskInstance: market_data_ingest.truncate_stage scheduled__2025-11-21T02:30:00+00:00 [queued]>
[2025-11-22T22:29:20.748+0000] {taskinstance.py:2612} INFO - Dependencies all met for dep_context=requeueable deps ti=<TaskInstance: market_data_ingest.truncate_stage scheduled__2025-11-21T02:30:00+00:00 [queued]>
[2025-11-22T22:29:20.748+0000] {taskinstance.py:2865} INFO - Starting attempt 1 of 2
[2025-11-22T22:29:20.751+0000] {taskinstance.py:2888} INFO - Executing <Task(SnowflakeOperator): truncate_stage> on 2025-11-21 02:30:00+00:00
[2025-11-22T22:29:20.755+0000] {logging_mixin.py:190} WARNING - /home/***/.local/lib/python3.12/site-packages/***/task/task_runner/standard_task_runner.py:70 DeprecationWarning: This process (pid=437) is multi-threaded, use of fork() may lead to deadlocks in the child.
[2025-11-22T22:29:20.755+0000] {standard_task_runner.py:72} INFO - Started process 440 to run task
[2025-11-22T22:29:20.755+0000] {standard_task_runner.py:104} INFO - Running: ['***', 'tasks', 'run', 'market_data_ingest', 'truncate_stage', 'scheduled__2025-11-21T02:30:00+00:00', '--job-id', '6', '--raw', '--subdir', 'DAGS_FOLDER/market_data_ingest.py', '--cfg-path', '/tmp/tmp5wbzx6zr']
[2025-11-22T22:29:20.756+0000] {standard_task_runner.py:105} INFO - Job 6: Subtask truncate_stage
[2025-11-22T22:29:20.770+0000] {task_command.py:467} INFO - Running <TaskInstance: market_data_ingest.truncate_stage scheduled__2025-11-21T02:30:00+00:00 [running]> on host 1d97c0704ad8
[2025-11-22T22:29:20.791+0000] {taskinstance.py:3131} INFO - Exporting env vars: AIRFLOW_CTX_DAG_OWNER='data' AIRFLOW_CTX_DAG_ID='market_data_ingest' AIRFLOW_CTX_TASK_ID='truncate_stage' AIRFLOW_CTX_EXECUTION_DATE='2025-11-21T02:30:00+00:00' AIRFLOW_CTX_TRY_NUMBER='1' AIRFLOW_CTX_DAG_RUN_ID='scheduled__2025-11-21T02:30:00+00:00'
[2025-11-22T22:29:20.792+0000] {taskinstance.py:731} INFO - ::endgroup::
[2025-11-22T22:29:20.797+0000] {sql.py:266} INFO - Executing: truncate table if exists "USER_DB_OSTRICH"."RAW"."MARKET_DATA_STAGE"
[2025-11-22T22:29:20.800+0000] {base.py:84} INFO - Retrieving connection 'snowflake_conn'
[2025-11-22T22:29:20.803+0000] {base.py:84} INFO - Retrieving connection 'snowflake_conn'
[2025-11-22T22:29:20.803+0000] {connection.py:413} INFO - Snowflake Connector for Python Version: 3.12.1, Python Version: 3.12.5, Platform: Linux-6.10.14-linuxkit-aarch64-with-glibc2.36
[2025-11-22T22:29:20.803+0000] {connection.py:1196} INFO - Connecting to GLOBAL Snowflake domain
[2025-11-22T22:29:20.803+0000] {connection.py:1277} INFO - This connection is in OCSP Fail Open Mode. TLS Certificates would be checked for validity and revocation status. Any other Certificate Revocation related exceptions or OCSP Responder failures would be disregarded in favor of connectivity.
[2025-11-22T22:29:21.277+0000] {cursor.py:1156} INFO - Number of results in first chunk: 1
[2025-11-22T22:29:21.278+0000] {sql.py:509} INFO - Running statement: truncate table if exists "USER_DB_OSTRICH"."RAW"."MARKET_DATA_STAGE", parameters: None
[2025-11-22T22:29:21.786+0000] {cursor.py:1156} INFO - Number of results in first chunk: 1
[2025-11-22T22:29:21.787+0000] {sql.py:518} INFO - Rows affected: 1
[2025-11-22T22:29:21.788+0000] {snowflake.py:422} INFO - Rows affected: 1
[2025-11-22T22:29:21.789+0000] {snowflake.py:423} INFO - Snowflake query id: 01c09205-0307-1be1-000f-c0df008b91c2
[2025-11-22T22:29:22.298+0000] {cursor.py:1156} INFO - Number of results in first chunk: 1
[2025-11-22T22:29:22.298+0000] {connection.py:788} INFO - closed
[2025-11-22T22:29:22.357+0000] {connection.py:794} INFO - No async queries seem to be running, deleting session
[2025-11-22T22:29:22.422+0000] {taskinstance.py:340} INFO - ::group::Post task execution logs
[2025-11-22T22:29:22.422+0000] {taskinstance.py:352} INFO - Marking task as SUCCESS. dag_id=market_data_ingest, task_id=truncate_stage, run_id=scheduled__2025-11-21T02:30:00+00:00, execution_date=20251121T023000, start_date=20251122T222920, end_date=20251122T222922
[2025-11-22T22:29:22.454+0000] {local_task_job_runner.py:266} INFO - Task exited with return code 0
[2025-11-22T22:29:22.459+0000] {logging_mixin.py:190} WARNING - /home/***/.local/lib/python3.12/site-packages/***/models/baseoperator.py:1378 AirflowProviderDeprecationWarning: Call to deprecated class SnowflakeOperator. (This class is deprecated. Please use `***.providers.common.sql.operators.sql.SQLExecuteQueryOperator`. Also, you can provide `hook_params={'warehouse': <warehouse>, 'database': <database>, 'role': <role>, 'schema': <schema>, 'authenticator': <authenticator>,'session_parameters': <session_parameters>}`.)
[2025-11-22T22:29:22.464+0000] {taskinstance.py:3900} INFO - 1 downstream tasks scheduled from follow-on schedule check
[2025-11-22T22:29:22.465+0000] {local_task_job_runner.py:245} INFO - ::endgroup::
