[2025-12-06T03:13:30.330+0000] {local_task_job_runner.py:123} INFO - ::group::Pre task execution logs
[2025-12-06T03:13:30.338+0000] {taskinstance.py:2612} INFO - Dependencies all met for dep_context=non-requeueable deps ti=<TaskInstance: elt_dbt_upstream.dbt_run_upstream scheduled__2025-12-05T03:00:00+00:00 [queued]>
[2025-12-06T03:13:30.341+0000] {taskinstance.py:2612} INFO - Dependencies all met for dep_context=requeueable deps ti=<TaskInstance: elt_dbt_upstream.dbt_run_upstream scheduled__2025-12-05T03:00:00+00:00 [queued]>
[2025-12-06T03:13:30.341+0000] {taskinstance.py:2865} INFO - Starting attempt 1 of 2
[2025-12-06T03:13:30.346+0000] {taskinstance.py:2888} INFO - Executing <Task(BashOperator): dbt_run_upstream> on 2025-12-05 03:00:00+00:00
[2025-12-06T03:13:30.351+0000] {standard_task_runner.py:104} INFO - Running: ['***', 'tasks', 'run', 'elt_dbt_upstream', 'dbt_run_upstream', 'scheduled__2025-12-05T03:00:00+00:00', '--job-id', '308', '--raw', '--subdir', 'DAGS_FOLDER/elt_dbt_upstream.py', '--cfg-path', '/tmp/tmp751lzd9n']
[2025-12-06T03:13:30.354+0000] {standard_task_runner.py:105} INFO - Job 308: Subtask dbt_run_upstream
[2025-12-06T03:13:30.354+0000] {logging_mixin.py:190} WARNING - /home/***/.local/lib/python3.12/site-packages/***/task/task_runner/standard_task_runner.py:70 DeprecationWarning: This process (pid=18205) is multi-threaded, use of fork() may lead to deadlocks in the child.
[2025-12-06T03:13:30.356+0000] {standard_task_runner.py:72} INFO - Started process 18206 to run task
[2025-12-06T03:13:30.373+0000] {task_command.py:467} INFO - Running <TaskInstance: elt_dbt_upstream.dbt_run_upstream scheduled__2025-12-05T03:00:00+00:00 [running]> on host 7c17d7f5e8b7
[2025-12-06T03:13:30.401+0000] {taskinstance.py:3131} INFO - Exporting env vars: AIRFLOW_CTX_DAG_OWNER='***' AIRFLOW_CTX_DAG_ID='elt_dbt_upstream' AIRFLOW_CTX_TASK_ID='dbt_run_upstream' AIRFLOW_CTX_EXECUTION_DATE='2025-12-05T03:00:00+00:00' AIRFLOW_CTX_TRY_NUMBER='1' AIRFLOW_CTX_DAG_RUN_ID='scheduled__2025-12-05T03:00:00+00:00'
[2025-12-06T03:13:30.402+0000] {taskinstance.py:731} INFO - ::endgroup::
[2025-12-06T03:13:30.408+0000] {subprocess.py:63} INFO - Tmp dir root location: /tmp
[2025-12-06T03:13:30.409+0000] {subprocess.py:75} INFO - Running command: ['/usr/bin/bash', '-c', 'set -euo pipefail;cd /opt/***/dbt/stock_analytics && dbt run --select +mart_sector_volatility --profiles-dir /opt/***/dbt']
[2025-12-06T03:13:30.412+0000] {subprocess.py:86} INFO - Output:
[2025-12-06T03:13:31.346+0000] {subprocess.py:93} INFO - [0m03:13:31  Running with dbt=1.11.0-rc1
[2025-12-06T03:13:31.550+0000] {subprocess.py:93} INFO - [0m03:13:31  Registered adapter: snowflake=1.10.3
[2025-12-06T03:13:31.778+0000] {subprocess.py:93} INFO - [0m03:13:31  Found 6 models, 29 data tests, 1 seed, 2 sources, 504 macros
[2025-12-06T03:13:31.779+0000] {subprocess.py:93} INFO - [0m03:13:31
[2025-12-06T03:13:31.780+0000] {subprocess.py:93} INFO - [0m03:13:31  Concurrency: 4 threads (target='dev')
[2025-12-06T03:13:31.780+0000] {subprocess.py:93} INFO - [0m03:13:31
[2025-12-06T03:13:32.835+0000] {subprocess.py:93} INFO - [0m03:13:32  1 of 3 START sql view model PUBLIC_STAGING.stg_market_data ..................... [RUN]
[2025-12-06T03:13:33.292+0000] {subprocess.py:93} INFO - [0m03:13:33  1 of 3 OK created sql view model PUBLIC_STAGING.stg_market_data ................ [[32mSUCCESS 1[0m in 0.45s]
[2025-12-06T03:13:33.294+0000] {subprocess.py:93} INFO - [0m03:13:33  2 of 3 START sql view model PUBLIC_INTERMEDIATE.int_daily_returns .............. [RUN]
[2025-12-06T03:13:33.795+0000] {subprocess.py:93} INFO - [0m03:13:33  2 of 3 OK created sql view model PUBLIC_INTERMEDIATE.int_daily_returns ......... [[32mSUCCESS 1[0m in 0.50s]
[2025-12-06T03:13:33.797+0000] {subprocess.py:93} INFO - [0m03:13:33  3 of 3 START sql table model PUBLIC_ANALYTICS.mart_sector_volatility ........... [RUN]
[2025-12-06T03:24:13.298+0000] {job.py:229} INFO - Heartbeat recovered after 642.99 seconds
[2025-12-06T03:24:13.445+0000] {subprocess.py:93} INFO - [0m03:24:13  3 of 3 OK created sql table model PUBLIC_ANALYTICS.mart_sector_volatility ...... [[32mSUCCESS 1[0m in 639.65s]
[2025-12-06T03:24:15.078+0000] {subprocess.py:93} INFO - [0m03:24:15
[2025-12-06T03:24:15.078+0000] {subprocess.py:93} INFO - [0m03:24:15  Finished running 1 table model, 2 view models in 0 hours 10 minutes and 43.30 seconds (643.30s).
[2025-12-06T03:24:15.104+0000] {subprocess.py:93} INFO - [0m03:24:15
[2025-12-06T03:24:15.104+0000] {subprocess.py:93} INFO - [0m03:24:15  [32mCompleted successfully[0m
[2025-12-06T03:24:15.104+0000] {subprocess.py:93} INFO - [0m03:24:15
[2025-12-06T03:24:15.105+0000] {subprocess.py:93} INFO - [0m03:24:15  Done. PASS=3 WARN=0 ERROR=0 SKIP=0 NO-OP=0 TOTAL=3
[2025-12-06T03:24:15.708+0000] {subprocess.py:97} INFO - Command exited with return code 0
[2025-12-06T03:24:15.718+0000] {taskinstance.py:340} INFO - ::group::Post task execution logs
[2025-12-06T03:24:15.718+0000] {taskinstance.py:352} INFO - Marking task as SUCCESS. dag_id=elt_dbt_upstream, task_id=dbt_run_upstream, run_id=scheduled__2025-12-05T03:00:00+00:00, execution_date=20251205T030000, start_date=20251206T031330, end_date=20251206T032415
[2025-12-06T03:24:15.747+0000] {local_task_job_runner.py:266} INFO - Task exited with return code 0
[2025-12-06T03:24:15.755+0000] {taskinstance.py:3900} INFO - 1 downstream tasks scheduled from follow-on schedule check
[2025-12-06T03:24:15.755+0000] {local_task_job_runner.py:245} INFO - ::endgroup::
