[2025-11-24T04:13:26.867+0000] {local_task_job_runner.py:123} INFO - ::group::Pre task execution logs
[2025-11-24T04:13:26.874+0000] {taskinstance.py:2612} INFO - Dependencies all met for dep_context=non-requeueable deps ti=<TaskInstance: elt_dbt_downstream.dbt_run_downstream scheduled__2025-11-23T04:00:00+00:00 [queued]>
[2025-11-24T04:13:26.877+0000] {taskinstance.py:2612} INFO - Dependencies all met for dep_context=requeueable deps ti=<TaskInstance: elt_dbt_downstream.dbt_run_downstream scheduled__2025-11-23T04:00:00+00:00 [queued]>
[2025-11-24T04:13:26.877+0000] {taskinstance.py:2865} INFO - Starting attempt 1 of 2
[2025-11-24T04:13:26.881+0000] {taskinstance.py:2888} INFO - Executing <Task(BashOperator): dbt_run_downstream> on 2025-11-23 04:00:00+00:00
[2025-11-24T04:13:26.885+0000] {logging_mixin.py:190} WARNING - /home/***/.local/lib/python3.12/site-packages/***/task/task_runner/standard_task_runner.py:70 DeprecationWarning: This process (pid=17667) is multi-threaded, use of fork() may lead to deadlocks in the child.
[2025-11-24T04:13:26.886+0000] {standard_task_runner.py:72} INFO - Started process 17668 to run task
[2025-11-24T04:13:26.885+0000] {standard_task_runner.py:104} INFO - Running: ['***', 'tasks', 'run', 'elt_dbt_downstream', 'dbt_run_downstream', 'scheduled__2025-11-23T04:00:00+00:00', '--job-id', '50', '--raw', '--subdir', 'DAGS_FOLDER/elt_dbt_downstream.py', '--cfg-path', '/tmp/tmpcow4mne4']
[2025-11-24T04:13:26.887+0000] {standard_task_runner.py:105} INFO - Job 50: Subtask dbt_run_downstream
[2025-11-24T04:13:26.904+0000] {task_command.py:467} INFO - Running <TaskInstance: elt_dbt_downstream.dbt_run_downstream scheduled__2025-11-23T04:00:00+00:00 [running]> on host fdac057bd921
[2025-11-24T04:13:26.931+0000] {taskinstance.py:3131} INFO - Exporting env vars: AIRFLOW_CTX_DAG_OWNER='***' AIRFLOW_CTX_DAG_ID='elt_dbt_downstream' AIRFLOW_CTX_TASK_ID='dbt_run_downstream' AIRFLOW_CTX_EXECUTION_DATE='2025-11-23T04:00:00+00:00' AIRFLOW_CTX_TRY_NUMBER='1' AIRFLOW_CTX_DAG_RUN_ID='scheduled__2025-11-23T04:00:00+00:00'
[2025-11-24T04:13:26.932+0000] {taskinstance.py:731} INFO - ::endgroup::
[2025-11-24T04:13:26.939+0000] {subprocess.py:63} INFO - Tmp dir root location: /tmp
[2025-11-24T04:13:26.940+0000] {subprocess.py:75} INFO - Running command: ['/usr/bin/bash', '-c', 'set -euo pipefail;cd /opt/***/dbt/stock_analytics && dbt run --select mart_forecast_combined mart_risk_reward_scatter mart_market_regime --profiles-dir /opt/***/dbt']
[2025-11-24T04:13:26.944+0000] {subprocess.py:86} INFO - Output:
[2025-11-24T04:13:27.860+0000] {subprocess.py:93} INFO - [0m04:13:27  Running with dbt=1.11.0-rc1
[2025-11-24T04:13:28.036+0000] {subprocess.py:93} INFO - [0m04:13:28  Registered adapter: snowflake=1.10.3
[2025-11-24T04:13:28.241+0000] {subprocess.py:93} INFO - [0m04:13:28  Found 6 models, 20 data tests, 2 sources, 504 macros
[2025-11-24T04:13:28.242+0000] {subprocess.py:93} INFO - [0m04:13:28
[2025-11-24T04:13:28.242+0000] {subprocess.py:93} INFO - [0m04:13:28  Concurrency: 4 threads (target='dev')
[2025-11-24T04:13:28.242+0000] {subprocess.py:93} INFO - [0m04:13:28
[2025-11-24T04:13:32.126+0000] {subprocess.py:93} INFO - [0m04:13:32  1 of 3 START sql table model PUBLIC_ANALYTICS.mart_forecast_combined ........... [RUN]
[2025-11-24T04:13:32.128+0000] {subprocess.py:93} INFO - [0m04:13:32  2 of 3 START sql table model PUBLIC_ANALYTICS.mart_market_regime ............... [RUN]
[2025-11-24T04:13:32.128+0000] {subprocess.py:93} INFO - [0m04:13:32  3 of 3 START sql table model PUBLIC_ANALYTICS.mart_risk_reward_scatter ......... [RUN]
[2025-11-24T04:13:33.800+0000] {subprocess.py:93} INFO - [0m04:13:33  1 of 3 OK created sql table model PUBLIC_ANALYTICS.mart_forecast_combined ...... [[32mSUCCESS 1[0m in 1.67s]
[2025-11-24T04:13:33.991+0000] {subprocess.py:93} INFO - [0m04:13:33  3 of 3 OK created sql table model PUBLIC_ANALYTICS.mart_risk_reward_scatter .... [[32mSUCCESS 1[0m in 1.86s]
[2025-11-24T04:13:34.233+0000] {subprocess.py:93} INFO - [0m04:13:34  2 of 3 OK created sql table model PUBLIC_ANALYTICS.mart_market_regime .......... [[32mSUCCESS 1[0m in 2.10s]
[2025-11-24T04:13:35.778+0000] {subprocess.py:93} INFO - [0m04:13:35  ('Connection aborted.', RemoteDisconnected('Remote end closed connection without response'))
[2025-11-24T04:13:37.459+0000] {subprocess.py:93} INFO - [0m04:13:37
[2025-11-24T04:13:37.460+0000] {subprocess.py:93} INFO - [0m04:13:37  Finished running 3 table models in 0 hours 0 minutes and 9.21 seconds (9.21s).
[2025-11-24T04:13:37.508+0000] {subprocess.py:93} INFO - [0m04:13:37
[2025-11-24T04:13:37.509+0000] {subprocess.py:93} INFO - [0m04:13:37  [32mCompleted successfully[0m
[2025-11-24T04:13:37.509+0000] {subprocess.py:93} INFO - [0m04:13:37
[2025-11-24T04:13:37.509+0000] {subprocess.py:93} INFO - [0m04:13:37  Done. PASS=3 WARN=0 ERROR=0 SKIP=0 NO-OP=0 TOTAL=3
[2025-11-24T04:13:38.537+0000] {subprocess.py:97} INFO - Command exited with return code 0
[2025-11-24T04:13:38.552+0000] {taskinstance.py:340} INFO - ::group::Post task execution logs
[2025-11-24T04:13:38.552+0000] {taskinstance.py:352} INFO - Marking task as SUCCESS. dag_id=elt_dbt_downstream, task_id=dbt_run_downstream, run_id=scheduled__2025-11-23T04:00:00+00:00, execution_date=20251123T040000, start_date=20251124T041326, end_date=20251124T041338
[2025-11-24T04:13:38.583+0000] {local_task_job_runner.py:266} INFO - Task exited with return code 0
[2025-11-24T04:13:38.592+0000] {taskinstance.py:3900} INFO - 1 downstream tasks scheduled from follow-on schedule check
[2025-11-24T04:13:38.593+0000] {local_task_job_runner.py:245} INFO - ::endgroup::
